{"type":"operationStart","subtype":"profile","data":{"_id":"KWfOoJYFXyIh3hEO","timestamp":"2026-03-22T03:16:28.470Z","state":"queued","mode":"standard","creationDate":"2026-03-22T03:16:28.494Z","modificationDate":"2026-03-22T03:16:28.494Z","shortid":"ikhcr0r","$entitySet":"profiles"},"doDiffs":false,"timestamp":1774149388482,"id":"cj25n7pba9hzksx","previousOperationId":null,"operationId":"cod2wik8366k6s9"}
{"type":"log","level":"info","message":"Render request 3 queued for execution and waiting for available worker","previousOperationId":"cod2wik8366k6s9","timestamp":1774149388483,"id":"qqioogrq8g8syng"}
{"type":"operationStart","subtype":"render","name":"balance-sheet-v1","previousOperationId":"cod2wik8366k6s9","timestamp":1774149388596,"id":"lzxsu00rhojel8i","previousEventId":"cj25n7pba9hzksx","operationId":"ue4vdtgnnneqcw1"}
{"type":"log","timestamp":1774149388598,"level":"info","message":"Starting rendering request 3","meta":{"rootId":"1bi0amfa0deropk","id":"1bi0amfa0deropk"},"id":"sdowfg4xbeg2590","previousOperationId":"ue4vdtgnnneqcw1"}
{"type":"log","timestamp":1774149388603,"level":"info","message":"Rendering template { name: balance-sheet-v1, recipe: chrome-pdf, engine: handlebars, preview: false }","meta":{"rootId":"1bi0amfa0deropk","id":"1bi0amfa0deropk"},"id":"7uzxibcxlopru6a","previousOperationId":"ue4vdtgnnneqcw1"}
{"type":"log","timestamp":1774149388610,"level":"debug","message":"Inline data specified.","meta":{"rootId":"1bi0amfa0deropk","id":"1bi0amfa0deropk"},"id":"hegrjtjdlcn3p9h","previousOperationId":"ue4vdtgnnneqcw1"}
{"type":"log","timestamp":1774149388619,"level":"debug","message":"Base url not specified, skipping its injection.","meta":{"rootId":"1bi0amfa0deropk","id":"1bi0amfa0deropk"},"id":"eec3uedzrfm9bc7","previousOperationId":"ue4vdtgnnneqcw1"}
{"type":"operationStart","subtype":"engine","name":"handlebars","timestamp":1774149388630,"id":"pulscdulyeuniju","previousEventId":"lzxsu00rhojel8i","operationId":"q18m6xelo3arb34","previousOperationId":"ue4vdtgnnneqcw1"}
{"type":"log","timestamp":1774149388630,"level":"debug","message":"Rendering engine handlebars","meta":{"rootId":"1bi0amfa0deropk","id":"1bi0amfa0deropk"},"id":"fn0vlogplvx3xtd","previousOperationId":"q18m6xelo3arb34"}
{"type":"operationEnd","operationId":"q18m6xelo3arb34","timestamp":1774149388842,"id":"zh850v0exsfujn4","previousEventId":"pulscdulyeuniju","previousOperationId":"q18m6xelo3arb34"}
{"type":"operationStart","subtype":"recipe","name":"chrome-pdf","timestamp":1774149388846,"id":"cux2li6cg1rrzmo","previousEventId":"zh850v0exsfujn4","operationId":"aojw9nkfj8bkhv5","previousOperationId":"q18m6xelo3arb34"}
{"type":"log","timestamp":1774149388846,"level":"debug","message":"Executing recipe chrome-pdf","meta":{"rootId":"1bi0amfa0deropk","id":"1bi0amfa0deropk"},"id":"69pg5fecymfo2wq","previousOperationId":"aojw9nkfj8bkhv5"}
{"type":"log","timestamp":1774149388883,"level":"debug","message":"Converting with chrome Chrome/144.0.7559.109 using chrome-pool strategy","meta":{"rootId":"1bi0amfa0deropk","id":"1bi0amfa0deropk"},"id":"fu6xlv99qe9v417","previousOperationId":"aojw9nkfj8bkhv5"}
{"type":"log","timestamp":1774149389278,"level":"debug","message":"Page request: GET (document) file:///tmp/jsreport/autocleanup/39422995-ff29-4e84-b2a6-130d1af58233-chrome-pdf.html","meta":{"rootId":"1bi0amfa0deropk","id":"1bi0amfa0deropk"},"id":"35r0ckkogtetzio","previousOperationId":"aojw9nkfj8bkhv5"}
{"type":"log","timestamp":1774149389331,"level":"debug","message":"Page request finished: GET (document) 200 file:///tmp/jsreport/autocleanup/39422995-ff29-4e84-b2a6-130d1af58233-chrome-pdf.html","meta":{"rootId":"1bi0amfa0deropk","id":"1bi0amfa0deropk"},"id":"h3khxov1q43i9o2","previousOperationId":"aojw9nkfj8bkhv5"}
{"type":"log","timestamp":1774149389331,"level":"debug","message":"Page request: GET (image) https://paciolibucket.s3.us-east-2.amazonaws.com/orgs/c64b69f6759a43a1bc0ae31961876751/companies/logos/b6e6bbb3-4217-4336-88b7-161c9ce34ada_Applicorp%20Logo.png?X-Amz-Expires=600&X-Amz-Algorithm=AWS4-HMAC-SHA256&X-Amz-Credential=AKIAVYV5Z6T6UQ4ARWOC%2F20260322%2Fus-east-2%2Fs3%2Faws4_request&X-Amz-Date=20260322T031628Z&X-Amz-SignedHeaders=host&X-Amz-Signature=504c7df8834e87bca34f9d515ef53aa6f1aeeef38961a42865b3ef21d378c060","meta":{"rootId":"1bi0amfa0deropk","id":"1bi0amfa0deropk"},"id":"qmj749ifqjsa2bm","previousOperationId":"aojw9nkfj8bkhv5"}
{"type":"log","timestamp":1774149389848,"level":"debug","message":"Page request finished: GET (image) 200 https://paciolibucket.s3.us-east-2.amazonaws.com/orgs/c64b69f6759a43a1bc0ae31961876751/companies/logos/b6e6bbb3-4217-4336-88b7-161c9ce34ada_Applicorp%20Logo.png?X-Amz-Expires=600&X-Amz-Algorithm=AWS4-HMAC-SHA256&X-Amz-Credential=AKIAVYV5Z6T6UQ4ARWOC%2F20260322%2Fus-east-2%2Fs3%2Faws4_request&X-Amz-Date=20260322T031628Z&X-Amz-SignedHeaders=host&X-Amz-Signature=504c7df8834e87bca34f9d515ef53aa6f1aeeef38961a42865b3ef21d378c060","meta":{"rootId":"1bi0amfa0deropk","id":"1bi0amfa0deropk"},"id":"uzaqhpnnbzyrcon","previousOperationId":"aojw9nkfj8bkhv5"}
{"type":"log","timestamp":1774149389851,"level":"debug","message":"Running chrome with params {\"printBackground\":true,\"timeout\":59601,\"margin\":{}}","meta":{"rootId":"1bi0amfa0deropk","id":"1bi0amfa0deropk"},"id":"ipb8lmz02neyv6c","previousOperationId":"aojw9nkfj8bkhv5"}
{"type":"operationEnd","operationId":"aojw9nkfj8bkhv5","timestamp":1774149390122,"id":"psa3m33i13aozrt","previousEventId":"cux2li6cg1rrzmo","previousOperationId":"aojw9nkfj8bkhv5"}
{"type":"log","timestamp":1774149390122,"level":"debug","message":"Skipping storing report.","meta":{"rootId":"1bi0amfa0deropk","id":"1bi0amfa0deropk"},"id":"xrw5f3esoqa2j4s","previousOperationId":"aojw9nkfj8bkhv5"}
{"type":"log","timestamp":1774149390122,"level":"info","message":"Rendering request 3 finished in 1663 ms","meta":{"rootId":"1bi0amfa0deropk","id":"1bi0amfa0deropk"},"id":"3ysh26meulpaw9c","previousOperationId":"aojw9nkfj8bkhv5"}
{"type":"operationEnd","subtype":"render","operationId":"ue4vdtgnnneqcw1","timestamp":1774149390122,"id":"p6de1p5dsun3dcg","previousEventId":"psa3m33i13aozrt","previousOperationId":"aojw9nkfj8bkhv5"}
{"type":"operationEnd","doDiffs":false,"previousEventId":"cj25n7pba9hzksx","previousOperationId":"cod2wik8366k6s9","operationId":"cod2wik8366k6s9","timestamp":1774149390129,"id":"4g41m5xsi683dxu"}
