{"type":"operationStart","subtype":"profile","data":{"_id":"t0jQvaLYti4KNvHR","timestamp":"2026-03-22T03:35:02.248Z","state":"queued","mode":"standard","creationDate":"2026-03-22T03:35:02.251Z","modificationDate":"2026-03-22T03:35:02.251Z","shortid":"QpKKHW3","$entitySet":"profiles"},"doDiffs":false,"timestamp":1774150502250,"id":"c9jdfubd7u6p2kp","previousOperationId":null,"operationId":"9touugvk97qayzv"}
{"type":"log","level":"info","message":"Render request 10 queued for execution and waiting for available worker","previousOperationId":"9touugvk97qayzv","timestamp":1774150502250,"id":"3kajxh09y653k08"}
{"type":"operationStart","subtype":"render","name":"balance-sheet-v1","previousOperationId":"9touugvk97qayzv","timestamp":1774150502321,"id":"5vfxqpiikwl02en","previousEventId":"c9jdfubd7u6p2kp","operationId":"25ok4ib3k85m5ik"}
{"type":"log","timestamp":1774150502325,"level":"info","message":"Starting rendering request 10","meta":{"rootId":"66odby4lnvqm1ed","id":"66odby4lnvqm1ed"},"id":"6ihxbh2ij0gcngn","previousOperationId":"25ok4ib3k85m5ik"}
{"type":"log","timestamp":1774150502329,"level":"info","message":"Rendering template { name: balance-sheet-v1, recipe: chrome-pdf, engine: handlebars, preview: false }","meta":{"rootId":"66odby4lnvqm1ed","id":"66odby4lnvqm1ed"},"id":"bc4mhwdeef30vng","previousOperationId":"25ok4ib3k85m5ik"}
{"type":"log","timestamp":1774150502335,"level":"debug","message":"Inline data specified.","meta":{"rootId":"66odby4lnvqm1ed","id":"66odby4lnvqm1ed"},"id":"96kvaojh4r1bsif","previousOperationId":"25ok4ib3k85m5ik"}
{"type":"log","timestamp":1774150502347,"level":"debug","message":"Base url not specified, skipping its injection.","meta":{"rootId":"66odby4lnvqm1ed","id":"66odby4lnvqm1ed"},"id":"m70a78bkxeuy5zv","previousOperationId":"25ok4ib3k85m5ik"}
{"type":"operationStart","subtype":"engine","name":"handlebars","timestamp":1774150502353,"id":"zf0kw3odbdzgvs6","previousEventId":"5vfxqpiikwl02en","operationId":"hjsz3dcybxs1hnm","previousOperationId":"25ok4ib3k85m5ik"}
{"type":"log","timestamp":1774150502353,"level":"debug","message":"Rendering engine handlebars","meta":{"rootId":"66odby4lnvqm1ed","id":"66odby4lnvqm1ed"},"id":"lbjkwdtidknfe1q","previousOperationId":"hjsz3dcybxs1hnm"}
{"type":"operationEnd","operationId":"hjsz3dcybxs1hnm","timestamp":1774150502435,"id":"q6cx0mpch2akpqz","previousEventId":"zf0kw3odbdzgvs6","previousOperationId":"hjsz3dcybxs1hnm"}
{"type":"operationStart","subtype":"recipe","name":"chrome-pdf","timestamp":1774150502442,"id":"6qdpxbyjuiw3zu0","previousEventId":"q6cx0mpch2akpqz","operationId":"fqaerw4hbf7lxl4","previousOperationId":"hjsz3dcybxs1hnm"}
{"type":"log","timestamp":1774150502442,"level":"debug","message":"Executing recipe chrome-pdf","meta":{"rootId":"66odby4lnvqm1ed","id":"66odby4lnvqm1ed"},"id":"kgcb8c3l8jlnl41","previousOperationId":"fqaerw4hbf7lxl4"}
{"type":"log","timestamp":1774150502475,"level":"debug","message":"Converting with chrome Chrome/144.0.7559.109 using chrome-pool strategy","meta":{"rootId":"66odby4lnvqm1ed","id":"66odby4lnvqm1ed"},"id":"aj7sa9d8y9to8qy","previousOperationId":"fqaerw4hbf7lxl4"}
{"type":"log","timestamp":1774150502730,"level":"debug","message":"Page request: GET (document) file:///tmp/jsreport/autocleanup/3f770806-476e-406c-8a0c-607c267fbc00-chrome-pdf.html","meta":{"rootId":"66odby4lnvqm1ed","id":"66odby4lnvqm1ed"},"id":"f7owklufjctc5zw","previousOperationId":"fqaerw4hbf7lxl4"}
{"type":"log","timestamp":1774150502761,"level":"debug","message":"Page request: GET (image) https://paciolibucket.s3.us-east-2.amazonaws.com/orgs/c64b69f6759a43a1bc0ae31961876751/companies/logos/b6e6bbb3-4217-4336-88b7-161c9ce34ada_Applicorp%20Logo.png?X-Amz-Expires=600&X-Amz-Algorithm=AWS4-HMAC-SHA256&X-Amz-Credential=AKIAVYV5Z6T6UQ4ARWOC%2F20260322%2Fus-east-2%2Fs3%2Faws4_request&X-Amz-Date=20260322T033502Z&X-Amz-SignedHeaders=host&X-Amz-Signature=57cee2179baa91f5d4b12e7c954de25e843e27993f1f3bb09c7c6cec8116b812","meta":{"rootId":"66odby4lnvqm1ed","id":"66odby4lnvqm1ed"},"id":"eii0jo2lwvygvcp","previousOperationId":"fqaerw4hbf7lxl4"}
{"type":"log","timestamp":1774150502761,"level":"debug","message":"Page request finished: GET (document) 200 file:///tmp/jsreport/autocleanup/3f770806-476e-406c-8a0c-607c267fbc00-chrome-pdf.html","meta":{"rootId":"66odby4lnvqm1ed","id":"66odby4lnvqm1ed"},"id":"iiq5a105d63foi3","previousOperationId":"fqaerw4hbf7lxl4"}
{"type":"log","timestamp":1774150503194,"level":"debug","message":"Page request finished: GET (image) 200 https://paciolibucket.s3.us-east-2.amazonaws.com/orgs/c64b69f6759a43a1bc0ae31961876751/companies/logos/b6e6bbb3-4217-4336-88b7-161c9ce34ada_Applicorp%20Logo.png?X-Amz-Expires=600&X-Amz-Algorithm=AWS4-HMAC-SHA256&X-Amz-Credential=AKIAVYV5Z6T6UQ4ARWOC%2F20260322%2Fus-east-2%2Fs3%2Faws4_request&X-Amz-Date=20260322T033502Z&X-Amz-SignedHeaders=host&X-Amz-Signature=57cee2179baa91f5d4b12e7c954de25e843e27993f1f3bb09c7c6cec8116b812","meta":{"rootId":"66odby4lnvqm1ed","id":"66odby4lnvqm1ed"},"id":"m78fglkwxwxzxj3","previousOperationId":"fqaerw4hbf7lxl4"}
{"type":"log","timestamp":1774150503196,"level":"debug","message":"Running chrome with params {\"printBackground\":true,\"timeout\":59797,\"margin\":{}}","meta":{"rootId":"66odby4lnvqm1ed","id":"66odby4lnvqm1ed"},"id":"rdb2mfr6f4nayvc","previousOperationId":"fqaerw4hbf7lxl4"}
{"type":"operationEnd","operationId":"fqaerw4hbf7lxl4","timestamp":1774150503490,"id":"g8ueon7opimj3r6","previousEventId":"6qdpxbyjuiw3zu0","previousOperationId":"fqaerw4hbf7lxl4"}
{"type":"log","timestamp":1774150503490,"level":"debug","message":"Skipping storing report.","meta":{"rootId":"66odby4lnvqm1ed","id":"66odby4lnvqm1ed"},"id":"7hpg18rvr7uvpun","previousOperationId":"fqaerw4hbf7lxl4"}
{"type":"log","timestamp":1774150503490,"level":"info","message":"Rendering request 10 finished in 1243 ms","meta":{"rootId":"66odby4lnvqm1ed","id":"66odby4lnvqm1ed"},"id":"a5jaq4p3zz6ocku","previousOperationId":"fqaerw4hbf7lxl4"}
{"type":"operationEnd","subtype":"render","operationId":"25ok4ib3k85m5ik","timestamp":1774150503490,"id":"4x2y2bpg9wrx5n8","previousEventId":"g8ueon7opimj3r6","previousOperationId":"fqaerw4hbf7lxl4"}
{"type":"operationEnd","doDiffs":false,"previousEventId":"c9jdfubd7u6p2kp","previousOperationId":"9touugvk97qayzv","operationId":"9touugvk97qayzv","timestamp":1774150503491,"id":"cwjbj6obwrvxehl"}
