{"type":"operationStart","subtype":"profile","data":{"_id":"YX1GgRJQ4zwv4IJQ","timestamp":"2026-03-22T03:31:20.435Z","state":"queued","mode":"standard","creationDate":"2026-03-22T03:31:20.451Z","modificationDate":"2026-03-22T03:31:20.451Z","shortid":"zBN0yd6","$entitySet":"profiles"},"doDiffs":false,"timestamp":1774150280443,"id":"u7z1jtuucavdhk6","previousOperationId":null,"operationId":"bg0ftl974ceqvxu"}
{"type":"log","level":"info","message":"Render request 8 queued for execution and waiting for available worker","previousOperationId":"bg0ftl974ceqvxu","timestamp":1774150280443,"id":"vgu3d28qbrxh0d6"}
{"type":"operationStart","subtype":"render","name":"balance-sheet-v1","previousOperationId":"bg0ftl974ceqvxu","timestamp":1774150280552,"id":"ctpevo2bhgg4uk3","previousEventId":"u7z1jtuucavdhk6","operationId":"zk6zm7m5ojy4bdz"}
{"type":"log","timestamp":1774150280556,"level":"info","message":"Starting rendering request 8","meta":{"rootId":"c6kdeka2kkqb2h0","id":"c6kdeka2kkqb2h0"},"id":"4i9dzdzgpgv8qmw","previousOperationId":"zk6zm7m5ojy4bdz"}
{"type":"log","timestamp":1774150280560,"level":"info","message":"Rendering template { name: balance-sheet-v1, recipe: chrome-pdf, engine: handlebars, preview: false }","meta":{"rootId":"c6kdeka2kkqb2h0","id":"c6kdeka2kkqb2h0"},"id":"01sjrhgmrf7wi4t","previousOperationId":"zk6zm7m5ojy4bdz"}
{"type":"log","timestamp":1774150280565,"level":"debug","message":"Inline data specified.","meta":{"rootId":"c6kdeka2kkqb2h0","id":"c6kdeka2kkqb2h0"},"id":"1oskhrjxxtrapgw","previousOperationId":"zk6zm7m5ojy4bdz"}
{"type":"log","timestamp":1774150280580,"level":"debug","message":"Base url not specified, skipping its injection.","meta":{"rootId":"c6kdeka2kkqb2h0","id":"c6kdeka2kkqb2h0"},"id":"pgf1t5wfa169dsr","previousOperationId":"zk6zm7m5ojy4bdz"}
{"type":"operationStart","subtype":"engine","name":"handlebars","timestamp":1774150280588,"id":"j49zp5eog07ndam","previousEventId":"ctpevo2bhgg4uk3","operationId":"u0mr2eakbvyr7ds","previousOperationId":"zk6zm7m5ojy4bdz"}
{"type":"log","timestamp":1774150280588,"level":"debug","message":"Rendering engine handlebars","meta":{"rootId":"c6kdeka2kkqb2h0","id":"c6kdeka2kkqb2h0"},"id":"qwh6dzvxc6q1r77","previousOperationId":"u0mr2eakbvyr7ds"}
{"type":"operationEnd","operationId":"u0mr2eakbvyr7ds","timestamp":1774150280688,"id":"d77f5txyuchgtrq","previousEventId":"j49zp5eog07ndam","previousOperationId":"u0mr2eakbvyr7ds"}
{"type":"operationStart","subtype":"recipe","name":"chrome-pdf","timestamp":1774150280692,"id":"7y3okzfy8riiozo","previousEventId":"d77f5txyuchgtrq","operationId":"4f3dv2pb7l4cqgo","previousOperationId":"u0mr2eakbvyr7ds"}
{"type":"log","timestamp":1774150280693,"level":"debug","message":"Executing recipe chrome-pdf","meta":{"rootId":"c6kdeka2kkqb2h0","id":"c6kdeka2kkqb2h0"},"id":"k1slspu29k46ndl","previousOperationId":"4f3dv2pb7l4cqgo"}
{"type":"log","timestamp":1774150280745,"level":"debug","message":"Converting with chrome Chrome/144.0.7559.109 using chrome-pool strategy","meta":{"rootId":"c6kdeka2kkqb2h0","id":"c6kdeka2kkqb2h0"},"id":"byyd3e8gv0v08v7","previousOperationId":"4f3dv2pb7l4cqgo"}
{"type":"log","timestamp":1774150281284,"level":"debug","message":"Page request: GET (document) file:///tmp/jsreport/autocleanup/a24c345a-a8aa-4ae0-bcbb-189d281d9bf8-chrome-pdf.html","meta":{"rootId":"c6kdeka2kkqb2h0","id":"c6kdeka2kkqb2h0"},"id":"8fq608pir7vk9xj","previousOperationId":"4f3dv2pb7l4cqgo"}
{"type":"log","timestamp":1774150281319,"level":"debug","message":"Page request finished: GET (document) 200 file:///tmp/jsreport/autocleanup/a24c345a-a8aa-4ae0-bcbb-189d281d9bf8-chrome-pdf.html","meta":{"rootId":"c6kdeka2kkqb2h0","id":"c6kdeka2kkqb2h0"},"id":"91ysi84ss6xqld0","previousOperationId":"4f3dv2pb7l4cqgo"}
{"type":"log","timestamp":1774150281329,"level":"debug","message":"Page request: GET (image) https://paciolibucket.s3.us-east-2.amazonaws.com/orgs/c64b69f6759a43a1bc0ae31961876751/companies/logos/b6e6bbb3-4217-4336-88b7-161c9ce34ada_Applicorp%20Logo.png?X-Amz-Expires=600&X-Amz-Algorithm=AWS4-HMAC-SHA256&X-Amz-Credential=AKIAVYV5Z6T6UQ4ARWOC%2F20260322%2Fus-east-2%2Fs3%2Faws4_request&X-Amz-Date=20260322T033120Z&X-Amz-SignedHeaders=host&X-Amz-Signature=33f6cfec102c33e749247daa477252070119d3482fef410fe879d4c282ed6a12","meta":{"rootId":"c6kdeka2kkqb2h0","id":"c6kdeka2kkqb2h0"},"id":"promqgl6sf7lq3r","previousOperationId":"4f3dv2pb7l4cqgo"}
{"type":"log","timestamp":1774150281766,"level":"debug","message":"Page request finished: GET (image) 200 https://paciolibucket.s3.us-east-2.amazonaws.com/orgs/c64b69f6759a43a1bc0ae31961876751/companies/logos/b6e6bbb3-4217-4336-88b7-161c9ce34ada_Applicorp%20Logo.png?X-Amz-Expires=600&X-Amz-Algorithm=AWS4-HMAC-SHA256&X-Amz-Credential=AKIAVYV5Z6T6UQ4ARWOC%2F20260322%2Fus-east-2%2Fs3%2Faws4_request&X-Amz-Date=20260322T033120Z&X-Amz-SignedHeaders=host&X-Amz-Signature=33f6cfec102c33e749247daa477252070119d3482fef410fe879d4c282ed6a12","meta":{"rootId":"c6kdeka2kkqb2h0","id":"c6kdeka2kkqb2h0"},"id":"4y3nh9492nbmh6n","previousOperationId":"4f3dv2pb7l4cqgo"}
{"type":"log","timestamp":1774150281769,"level":"debug","message":"Running chrome with params {\"printBackground\":true,\"timeout\":59722,\"margin\":{}}","meta":{"rootId":"c6kdeka2kkqb2h0","id":"c6kdeka2kkqb2h0"},"id":"llv63lprpc8qjfy","previousOperationId":"4f3dv2pb7l4cqgo"}
{"type":"operationEnd","operationId":"4f3dv2pb7l4cqgo","timestamp":1774150282054,"id":"ho8wruv9ks7d370","previousEventId":"7y3okzfy8riiozo","previousOperationId":"4f3dv2pb7l4cqgo"}
{"type":"log","timestamp":1774150282054,"level":"debug","message":"Skipping storing report.","meta":{"rootId":"c6kdeka2kkqb2h0","id":"c6kdeka2kkqb2h0"},"id":"gzoyu0xb0ct1h7e","previousOperationId":"4f3dv2pb7l4cqgo"}
{"type":"log","timestamp":1774150282055,"level":"info","message":"Rendering request 8 finished in 1625 ms","meta":{"rootId":"c6kdeka2kkqb2h0","id":"c6kdeka2kkqb2h0"},"id":"m7jmw7wggqq8pn6","previousOperationId":"4f3dv2pb7l4cqgo"}
{"type":"operationEnd","subtype":"render","operationId":"zk6zm7m5ojy4bdz","timestamp":1774150282055,"id":"ms6dnmaw5zmehjm","previousEventId":"ho8wruv9ks7d370","previousOperationId":"4f3dv2pb7l4cqgo"}
{"type":"operationEnd","doDiffs":false,"previousEventId":"u7z1jtuucavdhk6","previousOperationId":"bg0ftl974ceqvxu","operationId":"bg0ftl974ceqvxu","timestamp":1774150282057,"id":"hxpsq9buifhhc1a"}
