{"type":"operationStart","subtype":"profile","data":{"_id":"i46RmzNyUtwzAeS2","timestamp":"2026-03-22T03:29:05.131Z","state":"queued","mode":"standard","creationDate":"2026-03-22T03:29:05.142Z","modificationDate":"2026-03-22T03:29:05.142Z","shortid":"Hx0bQ6G","$entitySet":"profiles"},"doDiffs":false,"timestamp":1774150145139,"id":"1u61pdf2s72flnf","previousOperationId":null,"operationId":"s9874k6rt9gurnr"}
{"type":"log","level":"info","message":"Render request 7 queued for execution and waiting for available worker","previousOperationId":"s9874k6rt9gurnr","timestamp":1774150145139,"id":"0vvgmpqthabwwjw"}
{"type":"operationStart","subtype":"render","name":"balance-sheet-v1","previousOperationId":"s9874k6rt9gurnr","timestamp":1774150145245,"id":"6wgpw9gnkiwod01","previousEventId":"1u61pdf2s72flnf","operationId":"hlhugu6hhvstus0"}
{"type":"log","timestamp":1774150145251,"level":"info","message":"Starting rendering request 7","meta":{"rootId":"cwz43cyp4u1o8vv","id":"cwz43cyp4u1o8vv"},"id":"wnw9tlvk4lhvubw","previousOperationId":"hlhugu6hhvstus0"}
{"type":"log","timestamp":1774150145258,"level":"info","message":"Rendering template { name: balance-sheet-v1, recipe: chrome-pdf, engine: handlebars, preview: false }","meta":{"rootId":"cwz43cyp4u1o8vv","id":"cwz43cyp4u1o8vv"},"id":"eutdxtnjwigaupp","previousOperationId":"hlhugu6hhvstus0"}
{"type":"log","timestamp":1774150145267,"level":"debug","message":"Inline data specified.","meta":{"rootId":"cwz43cyp4u1o8vv","id":"cwz43cyp4u1o8vv"},"id":"s147jr8tt2mfa4t","previousOperationId":"hlhugu6hhvstus0"}
{"type":"log","timestamp":1774150145277,"level":"debug","message":"Base url not specified, skipping its injection.","meta":{"rootId":"cwz43cyp4u1o8vv","id":"cwz43cyp4u1o8vv"},"id":"375pbvb8suud58r","previousOperationId":"hlhugu6hhvstus0"}
{"type":"operationStart","subtype":"engine","name":"handlebars","timestamp":1774150145289,"id":"130xovjnpu18viq","previousEventId":"6wgpw9gnkiwod01","operationId":"ymsrqydac7fp29q","previousOperationId":"hlhugu6hhvstus0"}
{"type":"log","timestamp":1774150145290,"level":"debug","message":"Rendering engine handlebars","meta":{"rootId":"cwz43cyp4u1o8vv","id":"cwz43cyp4u1o8vv"},"id":"wto2tp6u3k8mu75","previousOperationId":"ymsrqydac7fp29q"}
{"type":"operationEnd","operationId":"ymsrqydac7fp29q","timestamp":1774150145428,"id":"hjajlm5bx61ahlp","previousEventId":"130xovjnpu18viq","previousOperationId":"ymsrqydac7fp29q"}
{"type":"operationStart","subtype":"recipe","name":"chrome-pdf","timestamp":1774150145435,"id":"j0j14wezo1k96j8","previousEventId":"hjajlm5bx61ahlp","operationId":"etjiiyidjlkn187","previousOperationId":"ymsrqydac7fp29q"}
{"type":"log","timestamp":1774150145435,"level":"debug","message":"Executing recipe chrome-pdf","meta":{"rootId":"cwz43cyp4u1o8vv","id":"cwz43cyp4u1o8vv"},"id":"q6pjg7edqxyncot","previousOperationId":"etjiiyidjlkn187"}
{"type":"log","timestamp":1774150145491,"level":"debug","message":"Converting with chrome Chrome/144.0.7559.109 using chrome-pool strategy","meta":{"rootId":"cwz43cyp4u1o8vv","id":"cwz43cyp4u1o8vv"},"id":"5somv2ud9nrfcth","previousOperationId":"etjiiyidjlkn187"}
{"type":"log","timestamp":1774150146060,"level":"debug","message":"Page request: GET (document) file:///tmp/jsreport/autocleanup/0df0c6be-9423-4a07-96b5-760a69f47153-chrome-pdf.html","meta":{"rootId":"cwz43cyp4u1o8vv","id":"cwz43cyp4u1o8vv"},"id":"tvumsjpp3693z0t","previousOperationId":"etjiiyidjlkn187"}
{"type":"log","timestamp":1774150146104,"level":"debug","message":"Page request finished: GET (document) 200 file:///tmp/jsreport/autocleanup/0df0c6be-9423-4a07-96b5-760a69f47153-chrome-pdf.html","meta":{"rootId":"cwz43cyp4u1o8vv","id":"cwz43cyp4u1o8vv"},"id":"zhrdra5tf03ibvm","previousOperationId":"etjiiyidjlkn187"}
{"type":"log","timestamp":1774150146107,"level":"debug","message":"Page request: GET (image) https://paciolibucket.s3.us-east-2.amazonaws.com/orgs/c64b69f6759a43a1bc0ae31961876751/companies/logos/b6e6bbb3-4217-4336-88b7-161c9ce34ada_Applicorp%20Logo.png?X-Amz-Expires=600&X-Amz-Algorithm=AWS4-HMAC-SHA256&X-Amz-Credential=AKIAVYV5Z6T6UQ4ARWOC%2F20260322%2Fus-east-2%2Fs3%2Faws4_request&X-Amz-Date=20260322T032904Z&X-Amz-SignedHeaders=host&X-Amz-Signature=850cb1bf11017722809dea1a3b58f82204e0591f491ae0b1b0bc43d87f4bc258","meta":{"rootId":"cwz43cyp4u1o8vv","id":"cwz43cyp4u1o8vv"},"id":"ek8wahtk3flrupz","previousOperationId":"etjiiyidjlkn187"}
{"type":"log","timestamp":1774150146603,"level":"debug","message":"Page request finished: GET (image) 200 https://paciolibucket.s3.us-east-2.amazonaws.com/orgs/c64b69f6759a43a1bc0ae31961876751/companies/logos/b6e6bbb3-4217-4336-88b7-161c9ce34ada_Applicorp%20Logo.png?X-Amz-Expires=600&X-Amz-Algorithm=AWS4-HMAC-SHA256&X-Amz-Credential=AKIAVYV5Z6T6UQ4ARWOC%2F20260322%2Fus-east-2%2Fs3%2Faws4_request&X-Amz-Date=20260322T032904Z&X-Amz-SignedHeaders=host&X-Amz-Signature=850cb1bf11017722809dea1a3b58f82204e0591f491ae0b1b0bc43d87f4bc258","meta":{"rootId":"cwz43cyp4u1o8vv","id":"cwz43cyp4u1o8vv"},"id":"0f79klaqcq9yrw5","previousOperationId":"etjiiyidjlkn187"}
{"type":"log","timestamp":1774150146607,"level":"debug","message":"Running chrome with params {\"printBackground\":true,\"timeout\":59676,\"margin\":{}}","meta":{"rootId":"cwz43cyp4u1o8vv","id":"cwz43cyp4u1o8vv"},"id":"ug8m1jj7v8fka6y","previousOperationId":"etjiiyidjlkn187"}
{"type":"operationEnd","operationId":"etjiiyidjlkn187","timestamp":1774150146830,"id":"5xtqrtn5k8ictj5","previousEventId":"j0j14wezo1k96j8","previousOperationId":"etjiiyidjlkn187"}
{"type":"log","timestamp":1774150146830,"level":"debug","message":"Skipping storing report.","meta":{"rootId":"cwz43cyp4u1o8vv","id":"cwz43cyp4u1o8vv"},"id":"n5riixl0k01wsid","previousOperationId":"etjiiyidjlkn187"}
{"type":"log","timestamp":1774150146830,"level":"info","message":"Rendering request 7 finished in 1705 ms","meta":{"rootId":"cwz43cyp4u1o8vv","id":"cwz43cyp4u1o8vv"},"id":"vp83in7tyg31odn","previousOperationId":"etjiiyidjlkn187"}
{"type":"operationEnd","subtype":"render","operationId":"hlhugu6hhvstus0","timestamp":1774150146831,"id":"emmfghw31uu66nk","previousEventId":"5xtqrtn5k8ictj5","previousOperationId":"etjiiyidjlkn187"}
{"type":"operationEnd","doDiffs":false,"previousEventId":"1u61pdf2s72flnf","previousOperationId":"s9874k6rt9gurnr","operationId":"s9874k6rt9gurnr","timestamp":1774150146833,"id":"qa1cvvtb0upsr0g"}
