{"type":"operationStart","subtype":"profile","data":{"_id":"rYAiA4ZWe8iUQcP3","timestamp":"2026-03-22T03:12:04.119Z","state":"queued","mode":"standard","creationDate":"2026-03-22T03:12:04.124Z","modificationDate":"2026-03-22T03:12:04.124Z","shortid":"c5B15bf","$entitySet":"profiles"},"doDiffs":false,"timestamp":1774149124123,"id":"ty51kxmpbfz69fx","previousOperationId":null,"operationId":"vsw2j3b8kn2j7p9"}
{"type":"log","level":"info","message":"Render request 2 queued for execution and waiting for available worker","previousOperationId":"vsw2j3b8kn2j7p9","timestamp":1774149124123,"id":"8ln5jjhpjgrw1l1"}
{"type":"operationStart","subtype":"render","name":"balance-sheet-v1","previousOperationId":"vsw2j3b8kn2j7p9","timestamp":1774149124183,"id":"y2gfyzmgrkeqm46","previousEventId":"ty51kxmpbfz69fx","operationId":"8jztn9vuq0sa5nj"}
{"type":"log","timestamp":1774149124186,"level":"info","message":"Starting rendering request 2","meta":{"rootId":"g6a89ffnw0jjcu6","id":"g6a89ffnw0jjcu6"},"id":"3lodsuc94pc3v6l","previousOperationId":"8jztn9vuq0sa5nj"}
{"type":"log","timestamp":1774149124188,"level":"info","message":"Rendering template { name: balance-sheet-v1, recipe: chrome-pdf, engine: handlebars, preview: false }","meta":{"rootId":"g6a89ffnw0jjcu6","id":"g6a89ffnw0jjcu6"},"id":"u4zbqmj0n85yqoj","previousOperationId":"8jztn9vuq0sa5nj"}
{"type":"log","timestamp":1774149124193,"level":"debug","message":"Inline data specified.","meta":{"rootId":"g6a89ffnw0jjcu6","id":"g6a89ffnw0jjcu6"},"id":"47lqnlrg62vlofp","previousOperationId":"8jztn9vuq0sa5nj"}
{"type":"log","timestamp":1774149124197,"level":"debug","message":"Base url not specified, skipping its injection.","meta":{"rootId":"g6a89ffnw0jjcu6","id":"g6a89ffnw0jjcu6"},"id":"6gqnkbvdhw5msjj","previousOperationId":"8jztn9vuq0sa5nj"}
{"type":"operationStart","subtype":"engine","name":"handlebars","timestamp":1774149124200,"id":"bsc7cr0fqxgup0i","previousEventId":"y2gfyzmgrkeqm46","operationId":"s8sebpwpdfq73tn","previousOperationId":"8jztn9vuq0sa5nj"}
{"type":"log","timestamp":1774149124200,"level":"debug","message":"Rendering engine handlebars","meta":{"rootId":"g6a89ffnw0jjcu6","id":"g6a89ffnw0jjcu6"},"id":"ohnrkrg26cfb1zk","previousOperationId":"s8sebpwpdfq73tn"}
{"type":"operationEnd","operationId":"s8sebpwpdfq73tn","timestamp":1774149124672,"id":"agez6viqel2tk8m","previousEventId":"bsc7cr0fqxgup0i","previousOperationId":"s8sebpwpdfq73tn"}
{"type":"operationStart","subtype":"recipe","name":"chrome-pdf","timestamp":1774149124673,"id":"vqwy3v5mzh5ujhm","previousEventId":"agez6viqel2tk8m","operationId":"ibb3x5fmyjs31tj","previousOperationId":"s8sebpwpdfq73tn"}
{"type":"log","timestamp":1774149124673,"level":"debug","message":"Executing recipe chrome-pdf","meta":{"rootId":"g6a89ffnw0jjcu6","id":"g6a89ffnw0jjcu6"},"id":"bprrp8stp59jcc0","previousOperationId":"ibb3x5fmyjs31tj"}
{"type":"log","timestamp":1774149125326,"level":"debug","message":"Converting with chrome Chrome/144.0.7559.109 using chrome-pool strategy","meta":{"rootId":"g6a89ffnw0jjcu6","id":"g6a89ffnw0jjcu6"},"id":"9ydpxdn4hwstujt","previousOperationId":"ibb3x5fmyjs31tj"}
{"type":"log","timestamp":1774149125396,"level":"debug","message":"Page request: GET (document) file:///tmp/jsreport/autocleanup/31617ebc-a995-48f7-a768-4eed8754edfd-chrome-pdf.html","meta":{"rootId":"g6a89ffnw0jjcu6","id":"g6a89ffnw0jjcu6"},"id":"t3fvj2bntdfabyz","previousOperationId":"ibb3x5fmyjs31tj"}
{"type":"log","timestamp":1774149125412,"level":"debug","message":"Page request: GET (image) https://paciolibucket.s3.us-east-2.amazonaws.com/orgs/c64b69f6759a43a1bc0ae31961876751/companies/logos/b6e6bbb3-4217-4336-88b7-161c9ce34ada_Applicorp%20Logo.png?X-Amz-Expires=600&X-Amz-Algorithm=AWS4-HMAC-SHA256&X-Amz-Credential=AKIAVYV5Z6T6UQ4ARWOC%2F20260322%2Fus-east-2%2Fs3%2Faws4_request&X-Amz-Date=20260322T031203Z&X-Amz-SignedHeaders=host&X-Amz-Signature=6461dc6fd4affef5fbb3a3c5f070de3eebe372542adf8add5d0be3659f78a1e6","meta":{"rootId":"g6a89ffnw0jjcu6","id":"g6a89ffnw0jjcu6"},"id":"ch1f8tid91f0aos","previousOperationId":"ibb3x5fmyjs31tj"}
{"type":"log","timestamp":1774149125413,"level":"debug","message":"Page request finished: GET (document) 200 file:///tmp/jsreport/autocleanup/31617ebc-a995-48f7-a768-4eed8754edfd-chrome-pdf.html","meta":{"rootId":"g6a89ffnw0jjcu6","id":"g6a89ffnw0jjcu6"},"id":"sfe1s99j0qmnv3g","previousOperationId":"ibb3x5fmyjs31tj"}
{"type":"log","timestamp":1774149125879,"level":"debug","message":"Page request finished: GET (image) 200 https://paciolibucket.s3.us-east-2.amazonaws.com/orgs/c64b69f6759a43a1bc0ae31961876751/companies/logos/b6e6bbb3-4217-4336-88b7-161c9ce34ada_Applicorp%20Logo.png?X-Amz-Expires=600&X-Amz-Algorithm=AWS4-HMAC-SHA256&X-Amz-Credential=AKIAVYV5Z6T6UQ4ARWOC%2F20260322%2Fus-east-2%2Fs3%2Faws4_request&X-Amz-Date=20260322T031203Z&X-Amz-SignedHeaders=host&X-Amz-Signature=6461dc6fd4affef5fbb3a3c5f070de3eebe372542adf8add5d0be3659f78a1e6","meta":{"rootId":"g6a89ffnw0jjcu6","id":"g6a89ffnw0jjcu6"},"id":"lrabg3mtu9io4a4","previousOperationId":"ibb3x5fmyjs31tj"}
{"type":"log","timestamp":1774149125883,"level":"debug","message":"Running chrome with params {\"printBackground\":true,\"timeout\":59438,\"margin\":{}}","meta":{"rootId":"g6a89ffnw0jjcu6","id":"g6a89ffnw0jjcu6"},"id":"59j5kdzllcvx0o5","previousOperationId":"ibb3x5fmyjs31tj"}
{"type":"operationEnd","operationId":"ibb3x5fmyjs31tj","timestamp":1774149126064,"id":"vg14krzkcgp2kq8","previousEventId":"vqwy3v5mzh5ujhm","previousOperationId":"ibb3x5fmyjs31tj"}
{"type":"log","timestamp":1774149126065,"level":"debug","message":"Skipping storing report.","meta":{"rootId":"g6a89ffnw0jjcu6","id":"g6a89ffnw0jjcu6"},"id":"zkwo9glsxll1tip","previousOperationId":"ibb3x5fmyjs31tj"}
{"type":"log","timestamp":1774149126065,"level":"info","message":"Rendering request 2 finished in 1950 ms","meta":{"rootId":"g6a89ffnw0jjcu6","id":"g6a89ffnw0jjcu6"},"id":"2m37ck61nytcjlt","previousOperationId":"ibb3x5fmyjs31tj"}
{"type":"operationEnd","subtype":"render","operationId":"8jztn9vuq0sa5nj","timestamp":1774149126065,"id":"6v890390wtfeawe","previousEventId":"vg14krzkcgp2kq8","previousOperationId":"ibb3x5fmyjs31tj"}
{"type":"operationEnd","doDiffs":false,"previousEventId":"ty51kxmpbfz69fx","previousOperationId":"vsw2j3b8kn2j7p9","operationId":"vsw2j3b8kn2j7p9","timestamp":1774149126067,"id":"juma8mrpgpc7oj8"}
