{"type":"operationStart","subtype":"profile","data":{"_id":"Jm7YexjbpiS5jOkg","timestamp":"2026-03-22T03:32:18.517Z","state":"queued","mode":"standard","creationDate":"2026-03-22T03:32:18.524Z","modificationDate":"2026-03-22T03:32:18.524Z","shortid":"lhWd-sP","$entitySet":"profiles"},"doDiffs":false,"timestamp":1774150338523,"id":"umua2dwqfd8sji1","previousOperationId":null,"operationId":"wk6mi04f556ob44"}
{"type":"log","level":"info","message":"Render request 9 queued for execution and waiting for available worker","previousOperationId":"wk6mi04f556ob44","timestamp":1774150338523,"id":"p2vol65eyd77w0h"}
{"type":"operationStart","subtype":"render","name":"balance-sheet-v1","previousOperationId":"wk6mi04f556ob44","timestamp":1774150338593,"id":"lcua6yw9iiryuev","previousEventId":"umua2dwqfd8sji1","operationId":"asi66m8uztzto8n"}
{"type":"log","timestamp":1774150338595,"level":"info","message":"Starting rendering request 9","meta":{"rootId":"sbi1crb9nnu4044","id":"sbi1crb9nnu4044"},"id":"4blu1iomggj4ct4","previousOperationId":"asi66m8uztzto8n"}
{"type":"log","timestamp":1774150338598,"level":"info","message":"Rendering template { name: balance-sheet-v1, recipe: chrome-pdf, engine: handlebars, preview: false }","meta":{"rootId":"sbi1crb9nnu4044","id":"sbi1crb9nnu4044"},"id":"ic5u3nld5xyrwzv","previousOperationId":"asi66m8uztzto8n"}
{"type":"log","timestamp":1774150338603,"level":"debug","message":"Inline data specified.","meta":{"rootId":"sbi1crb9nnu4044","id":"sbi1crb9nnu4044"},"id":"yt5csfqmwqchrhb","previousOperationId":"asi66m8uztzto8n"}
{"type":"log","timestamp":1774150338611,"level":"debug","message":"Base url not specified, skipping its injection.","meta":{"rootId":"sbi1crb9nnu4044","id":"sbi1crb9nnu4044"},"id":"w48ab064bs0ynwl","previousOperationId":"asi66m8uztzto8n"}
{"type":"operationStart","subtype":"engine","name":"handlebars","timestamp":1774150338618,"id":"bw6eze5pkixyoun","previousEventId":"lcua6yw9iiryuev","operationId":"kcvpw0ucc2v6eba","previousOperationId":"asi66m8uztzto8n"}
{"type":"log","timestamp":1774150338618,"level":"debug","message":"Rendering engine handlebars","meta":{"rootId":"sbi1crb9nnu4044","id":"sbi1crb9nnu4044"},"id":"zzznx0mz3ikwxtp","previousOperationId":"kcvpw0ucc2v6eba"}
{"type":"operationEnd","operationId":"kcvpw0ucc2v6eba","timestamp":1774150338681,"id":"tyt414el7xpnqrm","previousEventId":"bw6eze5pkixyoun","previousOperationId":"kcvpw0ucc2v6eba"}
{"type":"operationStart","subtype":"recipe","name":"chrome-pdf","timestamp":1774150338686,"id":"vfz92lvizv7i3lz","previousEventId":"tyt414el7xpnqrm","operationId":"nzupapqahwhustm","previousOperationId":"kcvpw0ucc2v6eba"}
{"type":"log","timestamp":1774150338686,"level":"debug","message":"Executing recipe chrome-pdf","meta":{"rootId":"sbi1crb9nnu4044","id":"sbi1crb9nnu4044"},"id":"mqchdp9pkidtynd","previousOperationId":"nzupapqahwhustm"}
{"type":"log","timestamp":1774150338712,"level":"debug","message":"Converting with chrome Chrome/144.0.7559.109 using chrome-pool strategy","meta":{"rootId":"sbi1crb9nnu4044","id":"sbi1crb9nnu4044"},"id":"pwxn7vc764cwgj8","previousOperationId":"nzupapqahwhustm"}
{"type":"log","timestamp":1774150338853,"level":"debug","message":"Page request: GET (document) file:///tmp/jsreport/autocleanup/62d40e0f-864b-4a37-a6a3-161620c02fcd-chrome-pdf.html","meta":{"rootId":"sbi1crb9nnu4044","id":"sbi1crb9nnu4044"},"id":"ppawj32jx4381j6","previousOperationId":"nzupapqahwhustm"}
{"type":"log","timestamp":1774150338883,"level":"debug","message":"Page request: GET (image) https://paciolibucket.s3.us-east-2.amazonaws.com/orgs/c64b69f6759a43a1bc0ae31961876751/companies/logos/b6e6bbb3-4217-4336-88b7-161c9ce34ada_Applicorp%20Logo.png?X-Amz-Expires=600&X-Amz-Algorithm=AWS4-HMAC-SHA256&X-Amz-Credential=AKIAVYV5Z6T6UQ4ARWOC%2F20260322%2Fus-east-2%2Fs3%2Faws4_request&X-Amz-Date=20260322T033218Z&X-Amz-SignedHeaders=host&X-Amz-Signature=43a8cf35693b995e7bd7fe72202255dc119501b053e98831295a6564493624cd","meta":{"rootId":"sbi1crb9nnu4044","id":"sbi1crb9nnu4044"},"id":"bmay0fh5febo8iu","previousOperationId":"nzupapqahwhustm"}
{"type":"log","timestamp":1774150338884,"level":"debug","message":"Page request finished: GET (document) 200 file:///tmp/jsreport/autocleanup/62d40e0f-864b-4a37-a6a3-161620c02fcd-chrome-pdf.html","meta":{"rootId":"sbi1crb9nnu4044","id":"sbi1crb9nnu4044"},"id":"35onkdk2ka3xql8","previousOperationId":"nzupapqahwhustm"}
{"type":"log","timestamp":1774150339382,"level":"debug","message":"Page request finished: GET (image) 200 https://paciolibucket.s3.us-east-2.amazonaws.com/orgs/c64b69f6759a43a1bc0ae31961876751/companies/logos/b6e6bbb3-4217-4336-88b7-161c9ce34ada_Applicorp%20Logo.png?X-Amz-Expires=600&X-Amz-Algorithm=AWS4-HMAC-SHA256&X-Amz-Credential=AKIAVYV5Z6T6UQ4ARWOC%2F20260322%2Fus-east-2%2Fs3%2Faws4_request&X-Amz-Date=20260322T033218Z&X-Amz-SignedHeaders=host&X-Amz-Signature=43a8cf35693b995e7bd7fe72202255dc119501b053e98831295a6564493624cd","meta":{"rootId":"sbi1crb9nnu4044","id":"sbi1crb9nnu4044"},"id":"k80ydn8t6f6npvi","previousOperationId":"nzupapqahwhustm"}
{"type":"log","timestamp":1774150339385,"level":"debug","message":"Running chrome with params {\"printBackground\":true,\"timeout\":59823,\"margin\":{}}","meta":{"rootId":"sbi1crb9nnu4044","id":"sbi1crb9nnu4044"},"id":"5rb54xv4o0i2dse","previousOperationId":"nzupapqahwhustm"}
{"type":"operationEnd","operationId":"nzupapqahwhustm","timestamp":1774150339784,"id":"tcs6bmp9o26plvt","previousEventId":"vfz92lvizv7i3lz","previousOperationId":"nzupapqahwhustm"}
{"type":"log","timestamp":1774150339784,"level":"debug","message":"Skipping storing report.","meta":{"rootId":"sbi1crb9nnu4044","id":"sbi1crb9nnu4044"},"id":"ukpnkso1cwu8clk","previousOperationId":"nzupapqahwhustm"}
{"type":"log","timestamp":1774150339784,"level":"info","message":"Rendering request 9 finished in 1268 ms","meta":{"rootId":"sbi1crb9nnu4044","id":"sbi1crb9nnu4044"},"id":"b3ggce8l4qcast6","previousOperationId":"nzupapqahwhustm"}
{"type":"operationEnd","subtype":"render","operationId":"asi66m8uztzto8n","timestamp":1774150339784,"id":"s2eotggjwprgzo4","previousEventId":"tcs6bmp9o26plvt","previousOperationId":"nzupapqahwhustm"}
{"type":"operationEnd","doDiffs":false,"previousEventId":"umua2dwqfd8sji1","previousOperationId":"wk6mi04f556ob44","operationId":"wk6mi04f556ob44","timestamp":1774150339785,"id":"cintvehq8hwmzfe"}
