{"type":"operationStart","subtype":"profile","data":{"_id":"O53vS8yItZLHtY5F","timestamp":"2026-03-22T03:42:40.240Z","state":"queued","mode":"standard","creationDate":"2026-03-22T03:42:40.275Z","modificationDate":"2026-03-22T03:42:40.275Z","shortid":"7U5_MjP","$entitySet":"profiles"},"doDiffs":false,"timestamp":1774150960253,"id":"dp7a7ws33ipakva","previousOperationId":null,"operationId":"s8dpw104n3dvkz6"}
{"type":"log","level":"info","message":"Render request 11 queued for execution and waiting for available worker","previousOperationId":"s8dpw104n3dvkz6","timestamp":1774150960253,"id":"pp6cbhuxytumadx"}
{"type":"operationStart","subtype":"render","name":"balance-sheet-v1","previousOperationId":"s8dpw104n3dvkz6","timestamp":1774150960385,"id":"mp87udp3rqc5x60","previousEventId":"dp7a7ws33ipakva","operationId":"swms9p2mldo82zk"}
{"type":"log","timestamp":1774150960390,"level":"info","message":"Starting rendering request 11","meta":{"rootId":"tbaro6u3row1uha","id":"tbaro6u3row1uha"},"id":"oley2yz7rf649u0","previousOperationId":"swms9p2mldo82zk"}
{"type":"log","timestamp":1774150960397,"level":"info","message":"Rendering template { name: balance-sheet-v1, recipe: chrome-pdf, engine: handlebars, preview: false }","meta":{"rootId":"tbaro6u3row1uha","id":"tbaro6u3row1uha"},"id":"f0iqwxgfk7v1rjx","previousOperationId":"swms9p2mldo82zk"}
{"type":"log","timestamp":1774150960410,"level":"debug","message":"Inline data specified.","meta":{"rootId":"tbaro6u3row1uha","id":"tbaro6u3row1uha"},"id":"i743dkbpvz7r5gy","previousOperationId":"swms9p2mldo82zk"}
{"type":"log","timestamp":1774150960428,"level":"debug","message":"Base url not specified, skipping its injection.","meta":{"rootId":"tbaro6u3row1uha","id":"tbaro6u3row1uha"},"id":"e23n9uste5iejni","previousOperationId":"swms9p2mldo82zk"}
{"type":"operationStart","subtype":"engine","name":"handlebars","timestamp":1774150960444,"id":"ijoffnt5xe3ywwd","previousEventId":"mp87udp3rqc5x60","operationId":"9sn9t5sl7hvhwka","previousOperationId":"swms9p2mldo82zk"}
{"type":"log","timestamp":1774150960450,"level":"debug","message":"Rendering engine handlebars","meta":{"rootId":"tbaro6u3row1uha","id":"tbaro6u3row1uha"},"id":"ssrbct18wtnspxp","previousOperationId":"9sn9t5sl7hvhwka"}
{"type":"operationEnd","operationId":"9sn9t5sl7hvhwka","timestamp":1774150960581,"id":"ygtf5684227mqpc","previousEventId":"ijoffnt5xe3ywwd","previousOperationId":"9sn9t5sl7hvhwka"}
{"type":"operationStart","subtype":"recipe","name":"chrome-pdf","timestamp":1774150960604,"id":"08j97c09xzwjvq8","previousEventId":"ygtf5684227mqpc","operationId":"y8w2gtq15jhyyfa","previousOperationId":"9sn9t5sl7hvhwka"}
{"type":"log","timestamp":1774150960604,"level":"debug","message":"Executing recipe chrome-pdf","meta":{"rootId":"tbaro6u3row1uha","id":"tbaro6u3row1uha"},"id":"6dlnejqgs67juhj","previousOperationId":"y8w2gtq15jhyyfa"}
{"type":"log","timestamp":1774150960655,"level":"debug","message":"Converting with chrome Chrome/144.0.7559.109 using chrome-pool strategy","meta":{"rootId":"tbaro6u3row1uha","id":"tbaro6u3row1uha"},"id":"bm5v8nw7ze1uxql","previousOperationId":"y8w2gtq15jhyyfa"}
{"type":"log","timestamp":1774150961374,"level":"debug","message":"Page request: GET (document) file:///tmp/jsreport/autocleanup/6570ecbb-71b7-4604-a125-7d6908a9ccf3-chrome-pdf.html","meta":{"rootId":"tbaro6u3row1uha","id":"tbaro6u3row1uha"},"id":"scmbz7qmlfk25o0","previousOperationId":"y8w2gtq15jhyyfa"}
{"type":"log","timestamp":1774150961420,"level":"debug","message":"Page request finished: GET (document) 200 file:///tmp/jsreport/autocleanup/6570ecbb-71b7-4604-a125-7d6908a9ccf3-chrome-pdf.html","meta":{"rootId":"tbaro6u3row1uha","id":"tbaro6u3row1uha"},"id":"ki8x68cb56tzej6","previousOperationId":"y8w2gtq15jhyyfa"}
{"type":"log","timestamp":1774150961430,"level":"debug","message":"Page request: GET (image) https://paciolibucket.s3.us-east-2.amazonaws.com/orgs/c64b69f6759a43a1bc0ae31961876751/companies/logos/b6e6bbb3-4217-4336-88b7-161c9ce34ada_Applicorp%20Logo.png?X-Amz-Expires=600&X-Amz-Algorithm=AWS4-HMAC-SHA256&X-Amz-Credential=AKIAVYV5Z6T6UQ4ARWOC%2F20260322%2Fus-east-2%2Fs3%2Faws4_request&X-Amz-Date=20260322T034239Z&X-Amz-SignedHeaders=host&X-Amz-Signature=dbcd194f13267e83029bf1ebe18d01013ebf0b482d626ea300f4ecaed00a5165","meta":{"rootId":"tbaro6u3row1uha","id":"tbaro6u3row1uha"},"id":"z5kty42srnuq3ow","previousOperationId":"y8w2gtq15jhyyfa"}
{"type":"log","timestamp":1774150961911,"level":"debug","message":"Page request finished: GET (image) 200 https://paciolibucket.s3.us-east-2.amazonaws.com/orgs/c64b69f6759a43a1bc0ae31961876751/companies/logos/b6e6bbb3-4217-4336-88b7-161c9ce34ada_Applicorp%20Logo.png?X-Amz-Expires=600&X-Amz-Algorithm=AWS4-HMAC-SHA256&X-Amz-Credential=AKIAVYV5Z6T6UQ4ARWOC%2F20260322%2Fus-east-2%2Fs3%2Faws4_request&X-Amz-Date=20260322T034239Z&X-Amz-SignedHeaders=host&X-Amz-Signature=dbcd194f13267e83029bf1ebe18d01013ebf0b482d626ea300f4ecaed00a5165","meta":{"rootId":"tbaro6u3row1uha","id":"tbaro6u3row1uha"},"id":"rzmhih2dysvj1wr","previousOperationId":"y8w2gtq15jhyyfa"}
{"type":"log","timestamp":1774150961914,"level":"debug","message":"Running chrome with params {\"printBackground\":true,\"timeout\":59607,\"margin\":{}}","meta":{"rootId":"tbaro6u3row1uha","id":"tbaro6u3row1uha"},"id":"2rvpm6i1a7nv84s","previousOperationId":"y8w2gtq15jhyyfa"}
{"type":"operationEnd","operationId":"y8w2gtq15jhyyfa","timestamp":1774150962229,"id":"osdtkebffmy78u0","previousEventId":"08j97c09xzwjvq8","previousOperationId":"y8w2gtq15jhyyfa"}
{"type":"log","timestamp":1774150962229,"level":"debug","message":"Skipping storing report.","meta":{"rootId":"tbaro6u3row1uha","id":"tbaro6u3row1uha"},"id":"xdeqi1zkxaeekch","previousOperationId":"y8w2gtq15jhyyfa"}
{"type":"log","timestamp":1774150962230,"level":"info","message":"Rendering request 11 finished in 2003 ms","meta":{"rootId":"tbaro6u3row1uha","id":"tbaro6u3row1uha"},"id":"rg4medm4l1ngd9e","previousOperationId":"y8w2gtq15jhyyfa"}
{"type":"operationEnd","subtype":"render","operationId":"swms9p2mldo82zk","timestamp":1774150962230,"id":"zn634cf0xlqupkj","previousEventId":"osdtkebffmy78u0","previousOperationId":"y8w2gtq15jhyyfa"}
{"type":"operationEnd","doDiffs":false,"previousEventId":"dp7a7ws33ipakva","previousOperationId":"s8dpw104n3dvkz6","operationId":"s8dpw104n3dvkz6","timestamp":1774150962233,"id":"a3ui1sru7xzyofb"}
