{"type":"operationStart","subtype":"profile","data":{"_id":"UNnNHfPoeziaZeoQ","timestamp":"2026-02-18T01:36:00.446Z","state":"queued","mode":"standard","creationDate":"2026-02-18T01:36:00.447Z","modificationDate":"2026-02-18T01:36:00.447Z","shortid":"GbtLFUj","$entitySet":"profiles"},"doDiffs":false,"timestamp":1771378560447,"id":"n0d4clwtpv5tnfj","previousOperationId":null,"operationId":"yzpxdryv10i7gym"}
{"type":"log","level":"info","message":"Render request 24 queued for execution and waiting for available worker","previousOperationId":"yzpxdryv10i7gym","timestamp":1771378560447,"id":"dfef6wsmnkhe43o"}
{"type":"operationStart","subtype":"render","name":"trial-balance-v1","previousOperationId":"yzpxdryv10i7gym","timestamp":1771378560568,"id":"6t3i2cg04jqhd7w","previousEventId":"n0d4clwtpv5tnfj","operationId":"l1fwbu17tc5lmrz"}
{"type":"log","timestamp":1771378560568,"level":"info","message":"Starting rendering request 24","meta":{"rootId":"19zsrdn1j7f96cl","id":"19zsrdn1j7f96cl"},"id":"wt3yxi0otxdk7k2","previousOperationId":"l1fwbu17tc5lmrz"}
{"type":"log","timestamp":1771378560569,"level":"info","message":"Rendering template { name: trial-balance-v1, recipe: chrome-pdf, engine: handlebars, preview: false }","meta":{"rootId":"19zsrdn1j7f96cl","id":"19zsrdn1j7f96cl"},"id":"zixkipdqil2roue","previousOperationId":"l1fwbu17tc5lmrz"}
{"type":"log","timestamp":1771378560569,"level":"debug","message":"Inline data specified.","meta":{"rootId":"19zsrdn1j7f96cl","id":"19zsrdn1j7f96cl"},"id":"q0b84ps8854od1d","previousOperationId":"l1fwbu17tc5lmrz"}
{"type":"log","timestamp":1771378560575,"level":"debug","message":"Base url not specified, skipping its injection.","meta":{"rootId":"19zsrdn1j7f96cl","id":"19zsrdn1j7f96cl"},"id":"4kpo6wiulzm2att","previousOperationId":"l1fwbu17tc5lmrz"}
{"type":"operationStart","subtype":"engine","name":"handlebars","timestamp":1771378560575,"id":"uf0ed7ccxso47z4","previousEventId":"6t3i2cg04jqhd7w","operationId":"cjnhm0vamil6ho6","previousOperationId":"l1fwbu17tc5lmrz"}
{"type":"log","timestamp":1771378560575,"level":"debug","message":"Rendering engine handlebars","meta":{"rootId":"19zsrdn1j7f96cl","id":"19zsrdn1j7f96cl"},"id":"cxyffsbx9v0952c","previousOperationId":"cjnhm0vamil6ho6"}
{"type":"operationEnd","operationId":"cjnhm0vamil6ho6","timestamp":1771378560584,"id":"waxrpmeyyc2nrzw","previousEventId":"uf0ed7ccxso47z4","previousOperationId":"cjnhm0vamil6ho6"}
{"type":"operationStart","subtype":"recipe","name":"chrome-pdf","timestamp":1771378560584,"id":"qmtqou84rpyqwzt","previousEventId":"waxrpmeyyc2nrzw","operationId":"joyujju5ygatkiq","previousOperationId":"cjnhm0vamil6ho6"}
{"type":"log","timestamp":1771378560584,"level":"debug","message":"Executing recipe chrome-pdf","meta":{"rootId":"19zsrdn1j7f96cl","id":"19zsrdn1j7f96cl"},"id":"q15xa2a7gy4gcfj","previousOperationId":"joyujju5ygatkiq"}
{"type":"log","timestamp":1771378560586,"level":"debug","message":"Converting with chrome Chrome/142.0.7444.175 using chrome-pool strategy","meta":{"rootId":"19zsrdn1j7f96cl","id":"19zsrdn1j7f96cl"},"id":"fpo5g4mt9dok6r5","previousOperationId":"joyujju5ygatkiq"}
{"type":"log","timestamp":1771378560621,"level":"debug","message":"Page request: GET (document) file:///tmp/jsreport/autocleanup/bcede44f-b9d5-4ae9-a762-b41a5807cd24-chrome-pdf.html","meta":{"rootId":"19zsrdn1j7f96cl","id":"19zsrdn1j7f96cl"},"id":"2lpnhioy4jx8com","previousOperationId":"joyujju5ygatkiq"}
{"type":"log","timestamp":1771378560631,"level":"debug","message":"Page request finished: GET (document) 200 file:///tmp/jsreport/autocleanup/bcede44f-b9d5-4ae9-a762-b41a5807cd24-chrome-pdf.html","meta":{"rootId":"19zsrdn1j7f96cl","id":"19zsrdn1j7f96cl"},"id":"x8c44sibko3f9sy","previousOperationId":"joyujju5ygatkiq"}
{"type":"log","timestamp":1771378560631,"level":"debug","message":"Page request: GET (image) https://paciolibucket.s3.us-east-2.amazonaws.com/orgs/c64b69f6759a43a1bc0ae31961876751/companies/logos/e9767ff4-7186-447f-a397-208ea6bbfdb8_ninosfelices.png?X-Amz-Expires=600&X-Amz-Algorithm=AWS4-HMAC-SHA256&X-Amz-Credential=AKIAVYV5Z6T6UQ4ARWOC%2F20260218%2Fus-east-2%2Fs3%2Faws4_request&X-Amz-Date=20260218T013600Z&X-Amz-SignedHeaders=host&X-Amz-Signature=5eccacb098142bf738ab4723d1b901ec8a9624efafb64772c5547746a7e62381","meta":{"rootId":"19zsrdn1j7f96cl","id":"19zsrdn1j7f96cl"},"id":"mzzuwxo47qy9ip2","previousOperationId":"joyujju5ygatkiq"}
{"type":"log","timestamp":1771378561144,"level":"debug","message":"Page request finished: GET (image) 200 https://paciolibucket.s3.us-east-2.amazonaws.com/orgs/c64b69f6759a43a1bc0ae31961876751/companies/logos/e9767ff4-7186-447f-a397-208ea6bbfdb8_ninosfelices.png?X-Amz-Expires=600&X-Amz-Algorithm=AWS4-HMAC-SHA256&X-Amz-Credential=AKIAVYV5Z6T6UQ4ARWOC%2F20260218%2Fus-east-2%2Fs3%2Faws4_request&X-Amz-Date=20260218T013600Z&X-Amz-SignedHeaders=host&X-Amz-Signature=5eccacb098142bf738ab4723d1b901ec8a9624efafb64772c5547746a7e62381","meta":{"rootId":"19zsrdn1j7f96cl","id":"19zsrdn1j7f96cl"},"id":"23m6wwv6clan0ft","previousOperationId":"joyujju5ygatkiq"}
{"type":"log","timestamp":1771378561150,"level":"debug","message":"Running chrome with params {\"printBackground\":true,\"timeout\":59861,\"margin\":{}}","meta":{"rootId":"19zsrdn1j7f96cl","id":"19zsrdn1j7f96cl"},"id":"ny5fgl0gtubv5sb","previousOperationId":"joyujju5ygatkiq"}
{"type":"operationEnd","operationId":"joyujju5ygatkiq","timestamp":1771378561202,"id":"usy51k186l191ll","previousEventId":"qmtqou84rpyqwzt","previousOperationId":"joyujju5ygatkiq"}
{"type":"log","timestamp":1771378561202,"level":"debug","message":"Skipping storing report.","meta":{"rootId":"19zsrdn1j7f96cl","id":"19zsrdn1j7f96cl"},"id":"8w9qlxn062ce8ex","previousOperationId":"joyujju5ygatkiq"}
{"type":"log","timestamp":1771378561202,"level":"info","message":"Rendering request 24 finished in 756 ms","meta":{"rootId":"19zsrdn1j7f96cl","id":"19zsrdn1j7f96cl"},"id":"39o1bkh5tf60nuz","previousOperationId":"joyujju5ygatkiq"}
{"type":"operationEnd","subtype":"render","operationId":"l1fwbu17tc5lmrz","timestamp":1771378561202,"id":"4nwvv0tza6o4crq","previousEventId":"usy51k186l191ll","previousOperationId":"joyujju5ygatkiq"}
{"type":"operationEnd","doDiffs":false,"previousEventId":"n0d4clwtpv5tnfj","previousOperationId":"yzpxdryv10i7gym","operationId":"yzpxdryv10i7gym","timestamp":1771378561203,"id":"f2era82sgz2ygk4"}
