{"type":"operationStart","subtype":"profile","data":{"_id":"6HlBisTeNqSFuTEc","timestamp":"2026-02-18T00:45:55.843Z","state":"queued","mode":"standard","creationDate":"2026-02-18T00:45:55.845Z","modificationDate":"2026-02-18T00:45:55.845Z","shortid":"KDNVfgH","$entitySet":"profiles"},"doDiffs":false,"timestamp":1771375555845,"id":"klvqg5tfcsxe7ga","previousOperationId":null,"operationId":"m5nika1ylc5fz10"}
{"type":"log","level":"info","message":"Render request 45 queued for execution and waiting for available worker","previousOperationId":"m5nika1ylc5fz10","timestamp":1771375555845,"id":"yo4kaffsazk9s32"}
{"type":"operationStart","subtype":"render","name":"trial-balance-v1","previousOperationId":"m5nika1ylc5fz10","timestamp":1771375555904,"id":"ghqhjq8g87e1a5q","previousEventId":"klvqg5tfcsxe7ga","operationId":"q33p0ehymvspcew"}
{"type":"log","timestamp":1771375555904,"level":"info","message":"Starting rendering request 45","meta":{"rootId":"46co8hfyychai5g","id":"46co8hfyychai5g"},"id":"rkwsasyltuwpujm","previousOperationId":"q33p0ehymvspcew"}
{"type":"log","timestamp":1771375555904,"level":"info","message":"Rendering template { name: trial-balance-v1, recipe: chrome-pdf, engine: handlebars, preview: true }","meta":{"rootId":"46co8hfyychai5g","id":"46co8hfyychai5g"},"id":"jwpsu0yg6soph2s","previousOperationId":"q33p0ehymvspcew"}
{"type":"log","timestamp":1771375555906,"level":"debug","message":"Inline data specified.","meta":{"rootId":"46co8hfyychai5g","id":"46co8hfyychai5g"},"id":"32xnr6siy1t2pir","previousOperationId":"q33p0ehymvspcew"}
{"type":"log","timestamp":1771375555908,"level":"debug","message":"Base url not specified, skipping its injection.","meta":{"rootId":"46co8hfyychai5g","id":"46co8hfyychai5g"},"id":"4vx8chnmw418lsn","previousOperationId":"q33p0ehymvspcew"}
{"type":"operationStart","subtype":"engine","name":"handlebars","timestamp":1771375555908,"id":"d7aspn36vfo7pus","previousEventId":"ghqhjq8g87e1a5q","operationId":"6sxp0kw345px0as","previousOperationId":"q33p0ehymvspcew"}
{"type":"log","timestamp":1771375555908,"level":"debug","message":"Rendering engine handlebars","meta":{"rootId":"46co8hfyychai5g","id":"46co8hfyychai5g"},"id":"ic5k3rnf502wt5z","previousOperationId":"6sxp0kw345px0as"}
{"type":"operationEnd","operationId":"6sxp0kw345px0as","timestamp":1771375556000,"id":"ua1fcmd84myoq2k","previousEventId":"d7aspn36vfo7pus","previousOperationId":"6sxp0kw345px0as"}
{"type":"operationStart","subtype":"recipe","name":"chrome-pdf","timestamp":1771375556000,"id":"wmc0qke66gzqu1j","previousEventId":"ua1fcmd84myoq2k","operationId":"cw2gvh8gvntndnw","previousOperationId":"6sxp0kw345px0as"}
{"type":"log","timestamp":1771375556000,"level":"debug","message":"Executing recipe chrome-pdf","meta":{"rootId":"46co8hfyychai5g","id":"46co8hfyychai5g"},"id":"dly5m2eo1pe0vep","previousOperationId":"cw2gvh8gvntndnw"}
{"type":"log","timestamp":1771375556004,"level":"debug","message":"Converting with chrome Chrome/142.0.7444.175 using chrome-pool strategy","meta":{"rootId":"46co8hfyychai5g","id":"46co8hfyychai5g"},"id":"2aor1zmobacxgps","previousOperationId":"cw2gvh8gvntndnw"}
{"type":"log","timestamp":1771375556052,"level":"debug","message":"Page request: GET (document) file:///tmp/jsreport/autocleanup/ea77b249-15e5-44a5-9924-920c74e88e4b-chrome-pdf.html","meta":{"rootId":"46co8hfyychai5g","id":"46co8hfyychai5g"},"id":"86psgc8qjurxb31","previousOperationId":"cw2gvh8gvntndnw"}
{"type":"log","timestamp":1771375556062,"level":"debug","message":"Page request finished: GET (document) 200 file:///tmp/jsreport/autocleanup/ea77b249-15e5-44a5-9924-920c74e88e4b-chrome-pdf.html","meta":{"rootId":"46co8hfyychai5g","id":"46co8hfyychai5g"},"id":"1bgmbd2yx0djq7n","previousOperationId":"cw2gvh8gvntndnw"}
{"type":"log","timestamp":1771375556062,"level":"debug","message":"Page request: GET (image) https://paciolibucket.s3.us-east-2.amazonaws.com/orgs/c64b69f6759a43a1bc0ae31961876751/companies/logos/e9767ff4-7186-447f-a397-208ea6bbfdb8_ninosfelices.png?X-Amz-Expires=600&X-Amz-Algorithm=AWS4-HMAC-SHA256&X-Amz-Credential=AKIAVYV5Z6T6UQ4ARWOC%2F20260123%2Fus-east-2%2Fs3%2Faws4_request&X-Amz-Date=20260123T040554Z&X-Amz-SignedHeaders=host&X-Amz-Signature=747c15527b5085b1be2ddd3c10637621ec12ad2e785b0bc43d8c81665def75d9","meta":{"rootId":"46co8hfyychai5g","id":"46co8hfyychai5g"},"id":"taf3cce1eheapum","previousOperationId":"cw2gvh8gvntndnw"}
{"type":"log","timestamp":1771375556390,"level":"warn","message":"Page request failed: GET (image) https://paciolibucket.s3.us-east-2.amazonaws.com/orgs/c64b69f6759a43a1bc0ae31961876751/companies/logos/e9767ff4-7186-447f-a397-208ea6bbfdb8_ninosfelices.png?X-Amz-Expires=600&X-Amz-Algorithm=AWS4-HMAC-SHA256&X-Amz-Credential=AKIAVYV5Z6T6UQ4ARWOC%2F20260123%2Fus-east-2%2Fs3%2Faws4_request&X-Amz-Date=20260123T040554Z&X-Amz-SignedHeaders=host&X-Amz-Signature=747c15527b5085b1be2ddd3c10637621ec12ad2e785b0bc43d8c81665def75d9, failure: net::ERR_BLOCKED_BY_ORB","meta":{"rootId":"46co8hfyychai5g","id":"46co8hfyychai5g"},"id":"czjqtcrzatkcqsg","previousOperationId":"cw2gvh8gvntndnw"}
{"type":"log","timestamp":1771375556392,"level":"debug","message":"Running chrome with params {\"printBackground\":true,\"timeout\":59840,\"margin\":{}}","meta":{"rootId":"46co8hfyychai5g","id":"46co8hfyychai5g"},"id":"nto3lx4i726loz6","previousOperationId":"cw2gvh8gvntndnw"}
{"type":"operationEnd","operationId":"cw2gvh8gvntndnw","timestamp":1771375556464,"id":"c0tlxoew23htdt3","previousEventId":"wmc0qke66gzqu1j","previousOperationId":"cw2gvh8gvntndnw"}
{"type":"log","timestamp":1771375556464,"level":"debug","message":"Skipping storing report.","meta":{"rootId":"46co8hfyychai5g","id":"46co8hfyychai5g"},"id":"173pal3v386zbb5","previousOperationId":"cw2gvh8gvntndnw"}
{"type":"log","timestamp":1771375556464,"level":"info","message":"Rendering request 45 finished in 621 ms","meta":{"rootId":"46co8hfyychai5g","id":"46co8hfyychai5g"},"id":"vsw6zmnmxuxxhec","previousOperationId":"cw2gvh8gvntndnw"}
{"type":"operationEnd","subtype":"render","operationId":"q33p0ehymvspcew","timestamp":1771375556464,"id":"dkj3v99yi0p6qke","previousEventId":"c0tlxoew23htdt3","previousOperationId":"cw2gvh8gvntndnw"}
{"type":"operationEnd","doDiffs":false,"previousEventId":"klvqg5tfcsxe7ga","previousOperationId":"m5nika1ylc5fz10","operationId":"m5nika1ylc5fz10","timestamp":1771375556466,"id":"nyowyskp4nz6tz7"}
