{"type":"operationStart","subtype":"profile","data":{"_id":"8bDTpZ8zvU8cTOAO","timestamp":"2026-02-19T14:45:39.431Z","state":"queued","mode":"standard","creationDate":"2026-02-19T14:45:39.432Z","modificationDate":"2026-02-19T14:45:39.432Z","shortid":"957gfDG","$entitySet":"profiles"},"doDiffs":false,"timestamp":1771512339432,"id":"k45x3t7r9wf2vsw","previousOperationId":null,"operationId":"9bjwpdph1b9sfk4"}
{"type":"log","level":"info","message":"Render request 2 queued for execution and waiting for available worker","previousOperationId":"9bjwpdph1b9sfk4","timestamp":1771512339432,"id":"h0grl5n496g5gip"}
{"type":"operationStart","subtype":"render","name":"trial-balance-v1","previousOperationId":"9bjwpdph1b9sfk4","timestamp":1771512339482,"id":"awkcumm5t6ohm8z","previousEventId":"k45x3t7r9wf2vsw","operationId":"rvfzazid5h10wwh"}
{"type":"log","timestamp":1771512339483,"level":"info","message":"Starting rendering request 2","meta":{"rootId":"4al20r8e1b1eaii","id":"4al20r8e1b1eaii"},"id":"n6i72d92mk2rnvp","previousOperationId":"rvfzazid5h10wwh"}
{"type":"log","timestamp":1771512339483,"level":"info","message":"Rendering template { name: trial-balance-v1, recipe: chrome-pdf, engine: handlebars, preview: false }","meta":{"rootId":"4al20r8e1b1eaii","id":"4al20r8e1b1eaii"},"id":"76tn2tgip5hjmep","previousOperationId":"rvfzazid5h10wwh"}
{"type":"log","timestamp":1771512339485,"level":"debug","message":"Inline data specified.","meta":{"rootId":"4al20r8e1b1eaii","id":"4al20r8e1b1eaii"},"id":"8si7kciedk4q4bc","previousOperationId":"rvfzazid5h10wwh"}
{"type":"log","timestamp":1771512339488,"level":"debug","message":"Base url not specified, skipping its injection.","meta":{"rootId":"4al20r8e1b1eaii","id":"4al20r8e1b1eaii"},"id":"0v046uiop7uymy3","previousOperationId":"rvfzazid5h10wwh"}
{"type":"operationStart","subtype":"engine","name":"handlebars","timestamp":1771512339489,"id":"689ok5h9je23jlk","previousEventId":"awkcumm5t6ohm8z","operationId":"rduykwpzekok2vc","previousOperationId":"rvfzazid5h10wwh"}
{"type":"log","timestamp":1771512339489,"level":"debug","message":"Rendering engine handlebars","meta":{"rootId":"4al20r8e1b1eaii","id":"4al20r8e1b1eaii"},"id":"3ctaucfl1tx2qgt","previousOperationId":"rduykwpzekok2vc"}
{"type":"operationEnd","operationId":"rduykwpzekok2vc","timestamp":1771512339904,"id":"jre4g2gapnugsnh","previousEventId":"689ok5h9je23jlk","previousOperationId":"rduykwpzekok2vc"}
{"type":"operationStart","subtype":"recipe","name":"chrome-pdf","timestamp":1771512339907,"id":"42ydbk691ku0c1f","previousEventId":"jre4g2gapnugsnh","operationId":"6yxl77x1zeuiggg","previousOperationId":"rduykwpzekok2vc"}
{"type":"log","timestamp":1771512339907,"level":"debug","message":"Executing recipe chrome-pdf","meta":{"rootId":"4al20r8e1b1eaii","id":"4al20r8e1b1eaii"},"id":"y8zsnvd65bbh0f1","previousOperationId":"6yxl77x1zeuiggg"}
{"type":"log","timestamp":1771512340234,"level":"debug","message":"Converting with chrome Chrome/142.0.7444.175 using chrome-pool strategy","meta":{"rootId":"4al20r8e1b1eaii","id":"4al20r8e1b1eaii"},"id":"amjzshlyszy336v","previousOperationId":"6yxl77x1zeuiggg"}
{"type":"log","timestamp":1771512340306,"level":"debug","message":"Page request: GET (document) file:///tmp/jsreport/autocleanup/dfb3f1d3-3d96-4a8a-9799-6fedf1f80f82-chrome-pdf.html","meta":{"rootId":"4al20r8e1b1eaii","id":"4al20r8e1b1eaii"},"id":"rv52ji63nu7mtqd","previousOperationId":"6yxl77x1zeuiggg"}
{"type":"log","timestamp":1771512340319,"level":"debug","message":"Page request finished: GET (document) 200 file:///tmp/jsreport/autocleanup/dfb3f1d3-3d96-4a8a-9799-6fedf1f80f82-chrome-pdf.html","meta":{"rootId":"4al20r8e1b1eaii","id":"4al20r8e1b1eaii"},"id":"81ksjng0owpfzc7","previousOperationId":"6yxl77x1zeuiggg"}
{"type":"log","timestamp":1771512340319,"level":"debug","message":"Page request: GET (image) https://paciolibucket.s3.us-east-2.amazonaws.com/orgs/c64b69f6759a43a1bc0ae31961876751/companies/logos/b6e6bbb3-4217-4336-88b7-161c9ce34ada_Applicorp%20Logo.png?X-Amz-Expires=600&X-Amz-Algorithm=AWS4-HMAC-SHA256&X-Amz-Credential=AKIAVYV5Z6T6UQ4ARWOC%2F20260219%2Fus-east-2%2Fs3%2Faws4_request&X-Amz-Date=20260219T144539Z&X-Amz-SignedHeaders=host&X-Amz-Signature=1246a3e9c4a628f0bf850ebfa6e696ab921ea131c130c21fad8c4a310a8b8d40","meta":{"rootId":"4al20r8e1b1eaii","id":"4al20r8e1b1eaii"},"id":"8zxcxrde4l3lpm8","previousOperationId":"6yxl77x1zeuiggg"}
{"type":"log","timestamp":1771512340908,"level":"debug","message":"Page request finished: GET (image) 200 https://paciolibucket.s3.us-east-2.amazonaws.com/orgs/c64b69f6759a43a1bc0ae31961876751/companies/logos/b6e6bbb3-4217-4336-88b7-161c9ce34ada_Applicorp%20Logo.png?X-Amz-Expires=600&X-Amz-Algorithm=AWS4-HMAC-SHA256&X-Amz-Credential=AKIAVYV5Z6T6UQ4ARWOC%2F20260219%2Fus-east-2%2Fs3%2Faws4_request&X-Amz-Date=20260219T144539Z&X-Amz-SignedHeaders=host&X-Amz-Signature=1246a3e9c4a628f0bf850ebfa6e696ab921ea131c130c21fad8c4a310a8b8d40","meta":{"rootId":"4al20r8e1b1eaii","id":"4al20r8e1b1eaii"},"id":"3wxpz52sgxkly69","previousOperationId":"6yxl77x1zeuiggg"}
{"type":"log","timestamp":1771512340911,"level":"debug","message":"Running chrome with params {\"printBackground\":true,\"timeout\":59520,\"margin\":{}}","meta":{"rootId":"4al20r8e1b1eaii","id":"4al20r8e1b1eaii"},"id":"xcay47nxavczxyd","previousOperationId":"6yxl77x1zeuiggg"}
{"type":"operationEnd","operationId":"6yxl77x1zeuiggg","timestamp":1771512341169,"id":"58fisd84nomfj62","previousEventId":"42ydbk691ku0c1f","previousOperationId":"6yxl77x1zeuiggg"}
{"type":"log","timestamp":1771512341169,"level":"debug","message":"Skipping storing report.","meta":{"rootId":"4al20r8e1b1eaii","id":"4al20r8e1b1eaii"},"id":"3hrwyz1szm67r68","previousOperationId":"6yxl77x1zeuiggg"}
{"type":"log","timestamp":1771512341169,"level":"info","message":"Rendering request 2 finished in 1738 ms","meta":{"rootId":"4al20r8e1b1eaii","id":"4al20r8e1b1eaii"},"id":"6tt185ovcy1589i","previousOperationId":"6yxl77x1zeuiggg"}
{"type":"operationEnd","subtype":"render","operationId":"rvfzazid5h10wwh","timestamp":1771512341169,"id":"sb9001iiiwxil4b","previousEventId":"58fisd84nomfj62","previousOperationId":"6yxl77x1zeuiggg"}
{"type":"operationEnd","doDiffs":false,"previousEventId":"k45x3t7r9wf2vsw","previousOperationId":"9bjwpdph1b9sfk4","operationId":"9bjwpdph1b9sfk4","timestamp":1771512341171,"id":"20ry4mvsx0b0ngv"}
