{"type":"operationStart","subtype":"profile","data":{"_id":"cy13jLHvGoL2ryS8","timestamp":"2026-02-18T01:07:34.860Z","state":"queued","mode":"standard","creationDate":"2026-02-18T01:07:34.861Z","modificationDate":"2026-02-18T01:07:34.861Z","shortid":"KIU2GlX","$entitySet":"profiles"},"doDiffs":false,"timestamp":1771376854861,"id":"6trgxvugmjpysdu","previousOperationId":null,"operationId":"2oub875rdc9b8lp"}
{"type":"log","level":"info","message":"Render request 3 queued for execution and waiting for available worker","previousOperationId":"2oub875rdc9b8lp","timestamp":1771376854861,"id":"5j338b5hham0hbr"}
{"type":"operationStart","subtype":"render","name":"trial-balance-v1","previousOperationId":"2oub875rdc9b8lp","timestamp":1771376854917,"id":"xrw11017wg38bt2","previousEventId":"6trgxvugmjpysdu","operationId":"81fnrbpwhld29t3"}
{"type":"log","timestamp":1771376854917,"level":"info","message":"Starting rendering request 3","meta":{"rootId":"4c58sg40akw83ua","id":"4c58sg40akw83ua"},"id":"1aqfqfgris0bvzz","previousOperationId":"81fnrbpwhld29t3"}
{"type":"log","timestamp":1771376854917,"level":"info","message":"Rendering template { name: trial-balance-v1, recipe: chrome-pdf, engine: handlebars, preview: true }","meta":{"rootId":"4c58sg40akw83ua","id":"4c58sg40akw83ua"},"id":"rlhvagucpdcucfv","previousOperationId":"81fnrbpwhld29t3"}
{"type":"log","timestamp":1771376854918,"level":"debug","message":"Inline data specified.","meta":{"rootId":"4c58sg40akw83ua","id":"4c58sg40akw83ua"},"id":"4phju9jj2i7e6z1","previousOperationId":"81fnrbpwhld29t3"}
{"type":"log","timestamp":1771376854921,"level":"debug","message":"Base url not specified, skipping its injection.","meta":{"rootId":"4c58sg40akw83ua","id":"4c58sg40akw83ua"},"id":"q3naqrdtn6wyh8o","previousOperationId":"81fnrbpwhld29t3"}
{"type":"operationStart","subtype":"engine","name":"handlebars","timestamp":1771376854922,"id":"izddv06es4hwhn2","previousEventId":"xrw11017wg38bt2","operationId":"etfl5447xqx88ev","previousOperationId":"81fnrbpwhld29t3"}
{"type":"log","timestamp":1771376854922,"level":"debug","message":"Rendering engine handlebars","meta":{"rootId":"4c58sg40akw83ua","id":"4c58sg40akw83ua"},"id":"c54ck8d6el4rjce","previousOperationId":"etfl5447xqx88ev"}
{"type":"operationEnd","operationId":"etfl5447xqx88ev","timestamp":1771376854937,"id":"ryj7y3g5a5500d7","previousEventId":"izddv06es4hwhn2","previousOperationId":"etfl5447xqx88ev"}
{"type":"operationStart","subtype":"recipe","name":"chrome-pdf","timestamp":1771376854937,"id":"zjd1knmjuur3ikg","previousEventId":"ryj7y3g5a5500d7","operationId":"m24ymjzvu15sk22","previousOperationId":"etfl5447xqx88ev"}
{"type":"log","timestamp":1771376854937,"level":"debug","message":"Executing recipe chrome-pdf","meta":{"rootId":"4c58sg40akw83ua","id":"4c58sg40akw83ua"},"id":"oot2lg92ambxfxv","previousOperationId":"m24ymjzvu15sk22"}
{"type":"log","timestamp":1771376854941,"level":"debug","message":"Converting with chrome Chrome/142.0.7444.175 using chrome-pool strategy","meta":{"rootId":"4c58sg40akw83ua","id":"4c58sg40akw83ua"},"id":"2qgr3av2ts7j5d6","previousOperationId":"m24ymjzvu15sk22"}
{"type":"log","timestamp":1771376855015,"level":"debug","message":"Page request: GET (document) file:///tmp/jsreport/autocleanup/12bcca03-3c3c-4be2-9fa4-f12b757d23a5-chrome-pdf.html","meta":{"rootId":"4c58sg40akw83ua","id":"4c58sg40akw83ua"},"id":"40zwp637614k4lt","previousOperationId":"m24ymjzvu15sk22"}
{"type":"log","timestamp":1771376855027,"level":"debug","message":"Page request finished: GET (document) 200 file:///tmp/jsreport/autocleanup/12bcca03-3c3c-4be2-9fa4-f12b757d23a5-chrome-pdf.html","meta":{"rootId":"4c58sg40akw83ua","id":"4c58sg40akw83ua"},"id":"trgys7pauehgm2g","previousOperationId":"m24ymjzvu15sk22"}
{"type":"log","timestamp":1771376855027,"level":"debug","message":"Page request: GET (image) https://paciolibucket.s3.us-east-2.amazonaws.com/orgs/c64b69f6759a43a1bc0ae31961876751/companies/logos/e9767ff4-7186-447f-a397-208ea6bbfdb8_ninosfelices.png?X-Amz-Expires=600&X-Amz-Algorithm=AWS4-HMAC-SHA256&X-Amz-Credential=AKIAVYV5Z6T6UQ4ARWOC%2F20260218%2Fus-east-2%2Fs3%2Faws4_request&X-Amz-Date=20260218T005607Z&X-Amz-SignedHeaders=host&X-Amz-Signature=fe2025156fb580da2cbbce218a5fff90e38d5fc1a4ae111db0c11e9a557be278","meta":{"rootId":"4c58sg40akw83ua","id":"4c58sg40akw83ua"},"id":"1qbgkhbg2v7l35b","previousOperationId":"m24ymjzvu15sk22"}
{"type":"log","timestamp":1771376855061,"level":"debug","message":"Page request finished: GET (image) 200 https://paciolibucket.s3.us-east-2.amazonaws.com/orgs/c64b69f6759a43a1bc0ae31961876751/companies/logos/e9767ff4-7186-447f-a397-208ea6bbfdb8_ninosfelices.png?X-Amz-Expires=600&X-Amz-Algorithm=AWS4-HMAC-SHA256&X-Amz-Credential=AKIAVYV5Z6T6UQ4ARWOC%2F20260218%2Fus-east-2%2Fs3%2Faws4_request&X-Amz-Date=20260218T005607Z&X-Amz-SignedHeaders=host&X-Amz-Signature=fe2025156fb580da2cbbce218a5fff90e38d5fc1a4ae111db0c11e9a557be278","meta":{"rootId":"4c58sg40akw83ua","id":"4c58sg40akw83ua"},"id":"0j2rkl09mdgpyhy","previousOperationId":"m24ymjzvu15sk22"}
{"type":"log","timestamp":1771376855066,"level":"debug","message":"Running chrome with params {\"printBackground\":true,\"timeout\":59921,\"margin\":{}}","meta":{"rootId":"4c58sg40akw83ua","id":"4c58sg40akw83ua"},"id":"frxb38x46dqdmhi","previousOperationId":"m24ymjzvu15sk22"}
{"type":"operationEnd","operationId":"m24ymjzvu15sk22","timestamp":1771376855113,"id":"rl6im156qm608qj","previousEventId":"zjd1knmjuur3ikg","previousOperationId":"m24ymjzvu15sk22"}
{"type":"log","timestamp":1771376855113,"level":"debug","message":"Skipping storing report.","meta":{"rootId":"4c58sg40akw83ua","id":"4c58sg40akw83ua"},"id":"42jj9nffry5u9v7","previousOperationId":"m24ymjzvu15sk22"}
{"type":"log","timestamp":1771376855113,"level":"info","message":"Rendering request 3 finished in 253 ms","meta":{"rootId":"4c58sg40akw83ua","id":"4c58sg40akw83ua"},"id":"u13tjdwzmq52nrs","previousOperationId":"m24ymjzvu15sk22"}
{"type":"operationEnd","subtype":"render","operationId":"81fnrbpwhld29t3","timestamp":1771376855113,"id":"h9oz8xrv4c72903","previousEventId":"rl6im156qm608qj","previousOperationId":"m24ymjzvu15sk22"}
{"type":"operationEnd","doDiffs":false,"previousEventId":"6trgxvugmjpysdu","previousOperationId":"2oub875rdc9b8lp","operationId":"2oub875rdc9b8lp","timestamp":1771376855116,"id":"ywsi6o6k3ylbw6g"}
