{"type":"operationStart","subtype":"profile","data":{"_id":"b7wI7hVSq91qMav2","timestamp":"2026-02-19T15:39:31.061Z","state":"queued","mode":"standard","creationDate":"2026-02-19T15:39:31.062Z","modificationDate":"2026-02-19T15:39:31.062Z","shortid":"BxrXzlU","$entitySet":"profiles"},"doDiffs":false,"timestamp":1771515571061,"id":"032sty41h79kbk5","previousOperationId":null,"operationId":"n6p44ldqyehze21"}
{"type":"log","level":"info","message":"Render request 12 queued for execution and waiting for available worker","previousOperationId":"n6p44ldqyehze21","timestamp":1771515571061,"id":"ic6xhao453r7dxc"}
{"type":"operationStart","subtype":"render","name":"trial-balance-v1","previousOperationId":"n6p44ldqyehze21","timestamp":1771515571125,"id":"81zg95ym1pyxod1","previousEventId":"032sty41h79kbk5","operationId":"96waqihyx83gx07"}
{"type":"log","timestamp":1771515571125,"level":"info","message":"Starting rendering request 12","meta":{"rootId":"4ct9a5qlu22dvsi","id":"4ct9a5qlu22dvsi"},"id":"v0w2f1cmg4zxgyt","previousOperationId":"96waqihyx83gx07"}
{"type":"log","timestamp":1771515571125,"level":"info","message":"Rendering template { name: trial-balance-v1, recipe: chrome-pdf, engine: handlebars, preview: false }","meta":{"rootId":"4ct9a5qlu22dvsi","id":"4ct9a5qlu22dvsi"},"id":"vdsxfi45s2jgu52","previousOperationId":"96waqihyx83gx07"}
{"type":"log","timestamp":1771515571126,"level":"debug","message":"Inline data specified.","meta":{"rootId":"4ct9a5qlu22dvsi","id":"4ct9a5qlu22dvsi"},"id":"t4tyyqmhflk3enw","previousOperationId":"96waqihyx83gx07"}
{"type":"log","timestamp":1771515571128,"level":"debug","message":"Base url not specified, skipping its injection.","meta":{"rootId":"4ct9a5qlu22dvsi","id":"4ct9a5qlu22dvsi"},"id":"h3elhezvour33pd","previousOperationId":"96waqihyx83gx07"}
{"type":"operationStart","subtype":"engine","name":"handlebars","timestamp":1771515571128,"id":"m1hkws817tb1k0g","previousEventId":"81zg95ym1pyxod1","operationId":"7r1j763xe98mb6q","previousOperationId":"96waqihyx83gx07"}
{"type":"log","timestamp":1771515571128,"level":"debug","message":"Rendering engine handlebars","meta":{"rootId":"4ct9a5qlu22dvsi","id":"4ct9a5qlu22dvsi"},"id":"o6650i9upjn7mks","previousOperationId":"7r1j763xe98mb6q"}
{"type":"operationEnd","operationId":"7r1j763xe98mb6q","timestamp":1771515571142,"id":"0douj6m4fvxdbhh","previousEventId":"m1hkws817tb1k0g","previousOperationId":"7r1j763xe98mb6q"}
{"type":"operationStart","subtype":"recipe","name":"chrome-pdf","timestamp":1771515571146,"id":"mhjvdofbynlf9p4","previousEventId":"0douj6m4fvxdbhh","operationId":"3zivscbj2k1gwce","previousOperationId":"7r1j763xe98mb6q"}
{"type":"log","timestamp":1771515571146,"level":"debug","message":"Executing recipe chrome-pdf","meta":{"rootId":"4ct9a5qlu22dvsi","id":"4ct9a5qlu22dvsi"},"id":"s8yl6w8i6n2woox","previousOperationId":"3zivscbj2k1gwce"}
{"type":"log","timestamp":1771515571148,"level":"debug","message":"Converting with chrome Chrome/142.0.7444.175 using chrome-pool strategy","meta":{"rootId":"4ct9a5qlu22dvsi","id":"4ct9a5qlu22dvsi"},"id":"e66uwd160p02p14","previousOperationId":"3zivscbj2k1gwce"}
{"type":"log","timestamp":1771515571181,"level":"debug","message":"Page request: GET (document) file:///tmp/jsreport/autocleanup/9c089850-d061-44ea-b817-342886117bde-chrome-pdf.html","meta":{"rootId":"4ct9a5qlu22dvsi","id":"4ct9a5qlu22dvsi"},"id":"sm5rmh3x8cf662j","previousOperationId":"3zivscbj2k1gwce"}
{"type":"log","timestamp":1771515571193,"level":"debug","message":"Page request finished: GET (document) 200 file:///tmp/jsreport/autocleanup/9c089850-d061-44ea-b817-342886117bde-chrome-pdf.html","meta":{"rootId":"4ct9a5qlu22dvsi","id":"4ct9a5qlu22dvsi"},"id":"hbsk0fr6pqppxuv","previousOperationId":"3zivscbj2k1gwce"}
{"type":"log","timestamp":1771515571193,"level":"debug","message":"Page request: GET (image) https://paciolibucket.s3.us-east-2.amazonaws.com/orgs/c64b69f6759a43a1bc0ae31961876751/companies/logos/b6e6bbb3-4217-4336-88b7-161c9ce34ada_Applicorp%20Logo.png?X-Amz-Expires=600&X-Amz-Algorithm=AWS4-HMAC-SHA256&X-Amz-Credential=AKIAVYV5Z6T6UQ4ARWOC%2F20260219%2Fus-east-2%2Fs3%2Faws4_request&X-Amz-Date=20260219T153930Z&X-Amz-SignedHeaders=host&X-Amz-Signature=d21e653296d89c401775c8bdc3a54da5930c16e5c7210283f21a26a0720073e1","meta":{"rootId":"4ct9a5qlu22dvsi","id":"4ct9a5qlu22dvsi"},"id":"s378503o60pqs6k","previousOperationId":"3zivscbj2k1gwce"}
{"type":"log","timestamp":1771515571670,"level":"debug","message":"Page request finished: GET (image) 200 https://paciolibucket.s3.us-east-2.amazonaws.com/orgs/c64b69f6759a43a1bc0ae31961876751/companies/logos/b6e6bbb3-4217-4336-88b7-161c9ce34ada_Applicorp%20Logo.png?X-Amz-Expires=600&X-Amz-Algorithm=AWS4-HMAC-SHA256&X-Amz-Credential=AKIAVYV5Z6T6UQ4ARWOC%2F20260219%2Fus-east-2%2Fs3%2Faws4_request&X-Amz-Date=20260219T153930Z&X-Amz-SignedHeaders=host&X-Amz-Signature=d21e653296d89c401775c8bdc3a54da5930c16e5c7210283f21a26a0720073e1","meta":{"rootId":"4ct9a5qlu22dvsi","id":"4ct9a5qlu22dvsi"},"id":"vfj00eopquyc5n3","previousOperationId":"3zivscbj2k1gwce"}
{"type":"log","timestamp":1771515571675,"level":"debug","message":"Running chrome with params {\"printBackground\":true,\"timeout\":59914,\"margin\":{}}","meta":{"rootId":"4ct9a5qlu22dvsi","id":"4ct9a5qlu22dvsi"},"id":"ke85cpfgcbiszyi","previousOperationId":"3zivscbj2k1gwce"}
{"type":"operationEnd","operationId":"3zivscbj2k1gwce","timestamp":1771515571991,"id":"l66ov6m1jzo5xmo","previousEventId":"mhjvdofbynlf9p4","previousOperationId":"3zivscbj2k1gwce"}
{"type":"log","timestamp":1771515571991,"level":"debug","message":"Skipping storing report.","meta":{"rootId":"4ct9a5qlu22dvsi","id":"4ct9a5qlu22dvsi"},"id":"fuaf8fw225hkddo","previousOperationId":"3zivscbj2k1gwce"}
{"type":"log","timestamp":1771515571991,"level":"info","message":"Rendering request 12 finished in 930 ms","meta":{"rootId":"4ct9a5qlu22dvsi","id":"4ct9a5qlu22dvsi"},"id":"riyvozlt90z6l6o","previousOperationId":"3zivscbj2k1gwce"}
{"type":"operationEnd","subtype":"render","operationId":"96waqihyx83gx07","timestamp":1771515571991,"id":"yddxyv79rtsq77b","previousEventId":"l66ov6m1jzo5xmo","previousOperationId":"3zivscbj2k1gwce"}
{"type":"operationEnd","doDiffs":false,"previousEventId":"032sty41h79kbk5","previousOperationId":"n6p44ldqyehze21","operationId":"n6p44ldqyehze21","timestamp":1771515571992,"id":"537lkvtqwe1btl2"}
