{"type":"operationStart","subtype":"profile","data":{"_id":"Jrc0k8qi55gJjEtU","timestamp":"2026-02-18T02:53:39.354Z","state":"queued","mode":"standard","creationDate":"2026-02-18T02:53:39.374Z","modificationDate":"2026-02-18T02:53:39.374Z","shortid":"mG4mHaF","$entitySet":"profiles"},"doDiffs":false,"timestamp":1771383219360,"id":"1xpjd2hgvkv5e8i","previousOperationId":null,"operationId":"t35cnjwdfd34cdi"}
{"type":"log","level":"info","message":"Render request 37 queued for execution and waiting for available worker","previousOperationId":"t35cnjwdfd34cdi","timestamp":1771383219362,"id":"ibsp43ql4p3rvso"}
{"type":"operationStart","subtype":"render","name":"trial-balance-v1","previousOperationId":"t35cnjwdfd34cdi","timestamp":1771383219476,"id":"1ev8itbzm0pqz4f","previousEventId":"1xpjd2hgvkv5e8i","operationId":"cm69qkuodw7vrx3"}
{"type":"log","timestamp":1771383219480,"level":"info","message":"Starting rendering request 37","meta":{"rootId":"4hd6c6iqq6ykza6","id":"4hd6c6iqq6ykza6"},"id":"71bpskvcyt2xim0","previousOperationId":"cm69qkuodw7vrx3"}
{"type":"log","timestamp":1771383219484,"level":"info","message":"Rendering template { name: trial-balance-v1, recipe: chrome-pdf, engine: handlebars, preview: false }","meta":{"rootId":"4hd6c6iqq6ykza6","id":"4hd6c6iqq6ykza6"},"id":"pb80hksu26dndoo","previousOperationId":"cm69qkuodw7vrx3"}
{"type":"log","timestamp":1771383219491,"level":"debug","message":"Inline data specified.","meta":{"rootId":"4hd6c6iqq6ykza6","id":"4hd6c6iqq6ykza6"},"id":"m0vzvpv98io1rd8","previousOperationId":"cm69qkuodw7vrx3"}
{"type":"log","timestamp":1771383219498,"level":"debug","message":"Base url not specified, skipping its injection.","meta":{"rootId":"4hd6c6iqq6ykza6","id":"4hd6c6iqq6ykza6"},"id":"yif8nc1of66bvii","previousOperationId":"cm69qkuodw7vrx3"}
{"type":"operationStart","subtype":"engine","name":"handlebars","timestamp":1771383219505,"id":"zp0wq901p20abbo","previousEventId":"1ev8itbzm0pqz4f","operationId":"5x5pt11zgclf7ml","previousOperationId":"cm69qkuodw7vrx3"}
{"type":"log","timestamp":1771383219506,"level":"debug","message":"Rendering engine handlebars","meta":{"rootId":"4hd6c6iqq6ykza6","id":"4hd6c6iqq6ykza6"},"id":"f004b43g62sdy5v","previousOperationId":"5x5pt11zgclf7ml"}
{"type":"operationEnd","operationId":"5x5pt11zgclf7ml","timestamp":1771383219580,"id":"6hdjfeeb938b3sh","previousEventId":"zp0wq901p20abbo","previousOperationId":"5x5pt11zgclf7ml"}
{"type":"operationStart","subtype":"recipe","name":"chrome-pdf","timestamp":1771383219582,"id":"xdyf6e1ephillsi","previousEventId":"6hdjfeeb938b3sh","operationId":"rn6vbi4jlqedyzu","previousOperationId":"5x5pt11zgclf7ml"}
{"type":"log","timestamp":1771383219582,"level":"debug","message":"Executing recipe chrome-pdf","meta":{"rootId":"4hd6c6iqq6ykza6","id":"4hd6c6iqq6ykza6"},"id":"4eev2iybu60m84f","previousOperationId":"rn6vbi4jlqedyzu"}
{"type":"log","timestamp":1771383219628,"level":"debug","message":"Converting with chrome Chrome/142.0.7444.175 using chrome-pool strategy","meta":{"rootId":"4hd6c6iqq6ykza6","id":"4hd6c6iqq6ykza6"},"id":"fko8nnacmqpig74","previousOperationId":"rn6vbi4jlqedyzu"}
{"type":"log","timestamp":1771383220118,"level":"debug","message":"Page request: GET (document) file:///tmp/jsreport/autocleanup/ffa4b798-3534-482e-a0c3-2313615b6edb-chrome-pdf.html","meta":{"rootId":"4hd6c6iqq6ykza6","id":"4hd6c6iqq6ykza6"},"id":"59yvf0kle2k8dat","previousOperationId":"rn6vbi4jlqedyzu"}
{"type":"log","timestamp":1771383220152,"level":"debug","message":"Page request finished: GET (document) 200 file:///tmp/jsreport/autocleanup/ffa4b798-3534-482e-a0c3-2313615b6edb-chrome-pdf.html","meta":{"rootId":"4hd6c6iqq6ykza6","id":"4hd6c6iqq6ykza6"},"id":"d9tj38mqmrp0ula","previousOperationId":"rn6vbi4jlqedyzu"}
{"type":"log","timestamp":1771383220160,"level":"debug","message":"Page request: GET (image) https://paciolibucket.s3.us-east-2.amazonaws.com/orgs/c64b69f6759a43a1bc0ae31961876751/companies/logos/e9767ff4-7186-447f-a397-208ea6bbfdb8_ninosfelices.png?X-Amz-Expires=600&X-Amz-Algorithm=AWS4-HMAC-SHA256&X-Amz-Credential=AKIAVYV5Z6T6UQ4ARWOC%2F20260218%2Fus-east-2%2Fs3%2Faws4_request&X-Amz-Date=20260218T025339Z&X-Amz-SignedHeaders=host&X-Amz-Signature=77a57e319dbbd201bada3c7e9c523d449c9f1763a17c6af057cc26dbbc0ab22d","meta":{"rootId":"4hd6c6iqq6ykza6","id":"4hd6c6iqq6ykza6"},"id":"2bqppup8cfd14jh","previousOperationId":"rn6vbi4jlqedyzu"}
{"type":"log","timestamp":1771383220783,"level":"debug","message":"Page request finished: GET (image) 200 https://paciolibucket.s3.us-east-2.amazonaws.com/orgs/c64b69f6759a43a1bc0ae31961876751/companies/logos/e9767ff4-7186-447f-a397-208ea6bbfdb8_ninosfelices.png?X-Amz-Expires=600&X-Amz-Algorithm=AWS4-HMAC-SHA256&X-Amz-Credential=AKIAVYV5Z6T6UQ4ARWOC%2F20260218%2Fus-east-2%2Fs3%2Faws4_request&X-Amz-Date=20260218T025339Z&X-Amz-SignedHeaders=host&X-Amz-Signature=77a57e319dbbd201bada3c7e9c523d449c9f1763a17c6af057cc26dbbc0ab22d","meta":{"rootId":"4hd6c6iqq6ykza6","id":"4hd6c6iqq6ykza6"},"id":"h92kakg41dcip1k","previousOperationId":"rn6vbi4jlqedyzu"}
{"type":"log","timestamp":1771383220786,"level":"debug","message":"Running chrome with params {\"printBackground\":true,\"timeout\":59750,\"margin\":{}}","meta":{"rootId":"4hd6c6iqq6ykza6","id":"4hd6c6iqq6ykza6"},"id":"wye1f3sjq47cy43","previousOperationId":"rn6vbi4jlqedyzu"}
{"type":"operationEnd","operationId":"rn6vbi4jlqedyzu","timestamp":1771383220944,"id":"8i1h3lc7xrdx5ox","previousEventId":"xdyf6e1ephillsi","previousOperationId":"rn6vbi4jlqedyzu"}
{"type":"log","timestamp":1771383220944,"level":"debug","message":"Skipping storing report.","meta":{"rootId":"4hd6c6iqq6ykza6","id":"4hd6c6iqq6ykza6"},"id":"3ljrm68a861z98j","previousOperationId":"rn6vbi4jlqedyzu"}
{"type":"log","timestamp":1771383220944,"level":"info","message":"Rendering request 37 finished in 1604 ms","meta":{"rootId":"4hd6c6iqq6ykza6","id":"4hd6c6iqq6ykza6"},"id":"0b9evdgr636inw7","previousOperationId":"rn6vbi4jlqedyzu"}
{"type":"operationEnd","subtype":"render","operationId":"cm69qkuodw7vrx3","timestamp":1771383220944,"id":"v8ddjf1n4q4223c","previousEventId":"8i1h3lc7xrdx5ox","previousOperationId":"rn6vbi4jlqedyzu"}
{"type":"operationEnd","doDiffs":false,"previousEventId":"1xpjd2hgvkv5e8i","previousOperationId":"t35cnjwdfd34cdi","operationId":"t35cnjwdfd34cdi","timestamp":1771383220947,"id":"jo9ohhve1vfrzkc"}
