{"type":"operationStart","subtype":"profile","data":{"_id":"T18UaAuFpCHi7EVg","timestamp":"2026-02-19T15:40:24.815Z","state":"queued","mode":"standard","creationDate":"2026-02-19T15:40:24.816Z","modificationDate":"2026-02-19T15:40:24.816Z","shortid":"CMxl24y","$entitySet":"profiles"},"doDiffs":false,"timestamp":1771515624815,"id":"6141cy7rqvc2zb3","previousOperationId":null,"operationId":"2gsx7nuheky5b06"}
{"type":"log","level":"info","message":"Render request 14 queued for execution and waiting for available worker","previousOperationId":"2gsx7nuheky5b06","timestamp":1771515624816,"id":"tsnf4p8hiq9twkt"}
{"type":"operationStart","subtype":"render","name":"trial-balance-v1","previousOperationId":"2gsx7nuheky5b06","timestamp":1771515624884,"id":"i4grj0ifdwc23df","previousEventId":"6141cy7rqvc2zb3","operationId":"tv7udvx0nunfyl0"}
{"type":"log","timestamp":1771515624884,"level":"info","message":"Starting rendering request 14","meta":{"rootId":"4pqlz8l64rlox4e","id":"4pqlz8l64rlox4e"},"id":"e1i61ctl14etu23","previousOperationId":"tv7udvx0nunfyl0"}
{"type":"log","timestamp":1771515624884,"level":"info","message":"Rendering template { name: trial-balance-v1, recipe: chrome-pdf, engine: handlebars, preview: false }","meta":{"rootId":"4pqlz8l64rlox4e","id":"4pqlz8l64rlox4e"},"id":"ge77tglvu4gw94y","previousOperationId":"tv7udvx0nunfyl0"}
{"type":"log","timestamp":1771515624885,"level":"debug","message":"Inline data specified.","meta":{"rootId":"4pqlz8l64rlox4e","id":"4pqlz8l64rlox4e"},"id":"h6gxakaa0t14dq7","previousOperationId":"tv7udvx0nunfyl0"}
{"type":"log","timestamp":1771515624886,"level":"debug","message":"Base url not specified, skipping its injection.","meta":{"rootId":"4pqlz8l64rlox4e","id":"4pqlz8l64rlox4e"},"id":"rw98z1j71i3yl81","previousOperationId":"tv7udvx0nunfyl0"}
{"type":"operationStart","subtype":"engine","name":"handlebars","timestamp":1771515624887,"id":"iqglsqa8ggr7bij","previousEventId":"i4grj0ifdwc23df","operationId":"cbzq860b2clin91","previousOperationId":"tv7udvx0nunfyl0"}
{"type":"log","timestamp":1771515624887,"level":"debug","message":"Rendering engine handlebars","meta":{"rootId":"4pqlz8l64rlox4e","id":"4pqlz8l64rlox4e"},"id":"eadv3fgjkoylh3j","previousOperationId":"cbzq860b2clin91"}
{"type":"operationEnd","operationId":"cbzq860b2clin91","timestamp":1771515624903,"id":"a4k7lbg4zafvic2","previousEventId":"iqglsqa8ggr7bij","previousOperationId":"cbzq860b2clin91"}
{"type":"operationStart","subtype":"recipe","name":"chrome-pdf","timestamp":1771515624907,"id":"l7lfq2irf7mczyz","previousEventId":"a4k7lbg4zafvic2","operationId":"f3uzatjbkjutmyc","previousOperationId":"cbzq860b2clin91"}
{"type":"log","timestamp":1771515624907,"level":"debug","message":"Executing recipe chrome-pdf","meta":{"rootId":"4pqlz8l64rlox4e","id":"4pqlz8l64rlox4e"},"id":"haacumh7z2d6v20","previousOperationId":"f3uzatjbkjutmyc"}
{"type":"log","timestamp":1771515624909,"level":"debug","message":"Converting with chrome Chrome/142.0.7444.175 using chrome-pool strategy","meta":{"rootId":"4pqlz8l64rlox4e","id":"4pqlz8l64rlox4e"},"id":"x5qawj3vp4lkzh3","previousOperationId":"f3uzatjbkjutmyc"}
{"type":"log","timestamp":1771515624939,"level":"debug","message":"Page request: GET (document) file:///tmp/jsreport/autocleanup/48e07d6f-1dac-4c36-b95e-973fadbd6f1a-chrome-pdf.html","meta":{"rootId":"4pqlz8l64rlox4e","id":"4pqlz8l64rlox4e"},"id":"7pwd7t1rywd574p","previousOperationId":"f3uzatjbkjutmyc"}
{"type":"log","timestamp":1771515624949,"level":"debug","message":"Page request: GET (image) https://paciolibucket.s3.us-east-2.amazonaws.com/orgs/c64b69f6759a43a1bc0ae31961876751/companies/logos/b6e6bbb3-4217-4336-88b7-161c9ce34ada_Applicorp%20Logo.png?X-Amz-Expires=600&X-Amz-Algorithm=AWS4-HMAC-SHA256&X-Amz-Credential=AKIAVYV5Z6T6UQ4ARWOC%2F20260219%2Fus-east-2%2Fs3%2Faws4_request&X-Amz-Date=20260219T154024Z&X-Amz-SignedHeaders=host&X-Amz-Signature=af076dc0fd15cc39dee6977c6fc6c82295288c3f73122839f5397f4bcb232e5d","meta":{"rootId":"4pqlz8l64rlox4e","id":"4pqlz8l64rlox4e"},"id":"13q32w39giid2vn","previousOperationId":"f3uzatjbkjutmyc"}
{"type":"log","timestamp":1771515624949,"level":"debug","message":"Page request finished: GET (document) 200 file:///tmp/jsreport/autocleanup/48e07d6f-1dac-4c36-b95e-973fadbd6f1a-chrome-pdf.html","meta":{"rootId":"4pqlz8l64rlox4e","id":"4pqlz8l64rlox4e"},"id":"si8qvoo0mevmzhe","previousOperationId":"f3uzatjbkjutmyc"}
{"type":"log","timestamp":1771515625355,"level":"debug","message":"Page request finished: GET (image) 200 https://paciolibucket.s3.us-east-2.amazonaws.com/orgs/c64b69f6759a43a1bc0ae31961876751/companies/logos/b6e6bbb3-4217-4336-88b7-161c9ce34ada_Applicorp%20Logo.png?X-Amz-Expires=600&X-Amz-Algorithm=AWS4-HMAC-SHA256&X-Amz-Credential=AKIAVYV5Z6T6UQ4ARWOC%2F20260219%2Fus-east-2%2Fs3%2Faws4_request&X-Amz-Date=20260219T154024Z&X-Amz-SignedHeaders=host&X-Amz-Signature=af076dc0fd15cc39dee6977c6fc6c82295288c3f73122839f5397f4bcb232e5d","meta":{"rootId":"4pqlz8l64rlox4e","id":"4pqlz8l64rlox4e"},"id":"c3cridnvtx1kl49","previousOperationId":"f3uzatjbkjutmyc"}
{"type":"log","timestamp":1771515625358,"level":"debug","message":"Running chrome with params {\"printBackground\":true,\"timeout\":59907,\"margin\":{}}","meta":{"rootId":"4pqlz8l64rlox4e","id":"4pqlz8l64rlox4e"},"id":"7gm311fvgayugj1","previousOperationId":"f3uzatjbkjutmyc"}
{"type":"operationEnd","operationId":"f3uzatjbkjutmyc","timestamp":1771515625705,"id":"xk3t4nqmi7gvc0g","previousEventId":"l7lfq2irf7mczyz","previousOperationId":"f3uzatjbkjutmyc"}
{"type":"log","timestamp":1771515625705,"level":"debug","message":"Skipping storing report.","meta":{"rootId":"4pqlz8l64rlox4e","id":"4pqlz8l64rlox4e"},"id":"jyo91gj8pp2ivf5","previousOperationId":"f3uzatjbkjutmyc"}
{"type":"log","timestamp":1771515625705,"level":"info","message":"Rendering request 14 finished in 890 ms","meta":{"rootId":"4pqlz8l64rlox4e","id":"4pqlz8l64rlox4e"},"id":"zw9st6xtpfr0e22","previousOperationId":"f3uzatjbkjutmyc"}
{"type":"operationEnd","subtype":"render","operationId":"tv7udvx0nunfyl0","timestamp":1771515625705,"id":"qfnzt1p4v8wuwpq","previousEventId":"xk3t4nqmi7gvc0g","previousOperationId":"f3uzatjbkjutmyc"}
{"type":"operationEnd","doDiffs":false,"previousEventId":"6141cy7rqvc2zb3","previousOperationId":"2gsx7nuheky5b06","operationId":"2gsx7nuheky5b06","timestamp":1771515625706,"id":"7sexpacldaqlmp6"}
