{"type":"operationStart","subtype":"profile","data":{"_id":"ilNSUZbRHS86ihBL","timestamp":"2026-02-18T02:06:50.669Z","state":"queued","mode":"standard","creationDate":"2026-02-18T02:06:50.674Z","modificationDate":"2026-02-18T02:06:50.674Z","shortid":"r2_-ZIr","$entitySet":"profiles"},"doDiffs":false,"timestamp":1771380410671,"id":"eqtmv0683njlhie","previousOperationId":null,"operationId":"a5r1m3mno5lul4i"}
{"type":"log","level":"info","message":"Render request 32 queued for execution and waiting for available worker","previousOperationId":"a5r1m3mno5lul4i","timestamp":1771380410671,"id":"roedvy9pg4avwap"}
{"type":"operationStart","subtype":"render","name":"trial-balance-v1","previousOperationId":"a5r1m3mno5lul4i","timestamp":1771380410740,"id":"rxllq8ha13xj0xu","previousEventId":"eqtmv0683njlhie","operationId":"l0asqcurkghc2y0"}
{"type":"log","timestamp":1771380410742,"level":"info","message":"Starting rendering request 32","meta":{"rootId":"5bgzr1g3byf4eu2","id":"5bgzr1g3byf4eu2"},"id":"622ygczpbc4kww0","previousOperationId":"l0asqcurkghc2y0"}
{"type":"log","timestamp":1771380410743,"level":"info","message":"Rendering template { name: trial-balance-v1, recipe: chrome-pdf, engine: handlebars, preview: false }","meta":{"rootId":"5bgzr1g3byf4eu2","id":"5bgzr1g3byf4eu2"},"id":"veuc2bogw6dzpr3","previousOperationId":"l0asqcurkghc2y0"}
{"type":"log","timestamp":1771380410746,"level":"debug","message":"Inline data specified.","meta":{"rootId":"5bgzr1g3byf4eu2","id":"5bgzr1g3byf4eu2"},"id":"60to4msxuvlv5wi","previousOperationId":"l0asqcurkghc2y0"}
{"type":"log","timestamp":1771380410749,"level":"debug","message":"Base url not specified, skipping its injection.","meta":{"rootId":"5bgzr1g3byf4eu2","id":"5bgzr1g3byf4eu2"},"id":"i8x5uu7kj40zxao","previousOperationId":"l0asqcurkghc2y0"}
{"type":"operationStart","subtype":"engine","name":"handlebars","timestamp":1771380410752,"id":"bl1cgaw5h22yz49","previousEventId":"rxllq8ha13xj0xu","operationId":"a15x242npxvc1xk","previousOperationId":"l0asqcurkghc2y0"}
{"type":"log","timestamp":1771380410752,"level":"debug","message":"Rendering engine handlebars","meta":{"rootId":"5bgzr1g3byf4eu2","id":"5bgzr1g3byf4eu2"},"id":"ohr43z6g5u0hc9e","previousOperationId":"a15x242npxvc1xk"}
{"type":"operationEnd","operationId":"a15x242npxvc1xk","timestamp":1771380410786,"id":"awute13w9l1508c","previousEventId":"bl1cgaw5h22yz49","previousOperationId":"a15x242npxvc1xk"}
{"type":"operationStart","subtype":"recipe","name":"chrome-pdf","timestamp":1771380410787,"id":"tlx17fysgnbrwxn","previousEventId":"awute13w9l1508c","operationId":"9gur6yvgnoeje0o","previousOperationId":"a15x242npxvc1xk"}
{"type":"log","timestamp":1771380410787,"level":"debug","message":"Executing recipe chrome-pdf","meta":{"rootId":"5bgzr1g3byf4eu2","id":"5bgzr1g3byf4eu2"},"id":"bn0r0clz94vjlyv","previousOperationId":"9gur6yvgnoeje0o"}
{"type":"log","timestamp":1771380410804,"level":"debug","message":"Converting with chrome Chrome/142.0.7444.175 using chrome-pool strategy","meta":{"rootId":"5bgzr1g3byf4eu2","id":"5bgzr1g3byf4eu2"},"id":"3e42nd42w0wvxo8","previousOperationId":"9gur6yvgnoeje0o"}
{"type":"log","timestamp":1771380410951,"level":"debug","message":"Page request: GET (document) file:///tmp/jsreport/autocleanup/5127b596-c9d8-4d03-aecc-713a82e17149-chrome-pdf.html","meta":{"rootId":"5bgzr1g3byf4eu2","id":"5bgzr1g3byf4eu2"},"id":"qk5atxv95at0whw","previousOperationId":"9gur6yvgnoeje0o"}
{"type":"log","timestamp":1771380410974,"level":"debug","message":"Page request finished: GET (document) 200 file:///tmp/jsreport/autocleanup/5127b596-c9d8-4d03-aecc-713a82e17149-chrome-pdf.html","meta":{"rootId":"5bgzr1g3byf4eu2","id":"5bgzr1g3byf4eu2"},"id":"9pg8c4141uf14lm","previousOperationId":"9gur6yvgnoeje0o"}
{"type":"log","timestamp":1771380410975,"level":"debug","message":"Page request: GET (image) https://paciolibucket.s3.us-east-2.amazonaws.com/orgs/c64b69f6759a43a1bc0ae31961876751/companies/logos/e9767ff4-7186-447f-a397-208ea6bbfdb8_ninosfelices.png?X-Amz-Expires=600&X-Amz-Algorithm=AWS4-HMAC-SHA256&X-Amz-Credential=AKIAVYV5Z6T6UQ4ARWOC%2F20260218%2Fus-east-2%2Fs3%2Faws4_request&X-Amz-Date=20260218T020650Z&X-Amz-SignedHeaders=host&X-Amz-Signature=ae3e83ca67a674c2558e7dcf1e0b49135412757fe9d5890e3f262e6b140f5cec","meta":{"rootId":"5bgzr1g3byf4eu2","id":"5bgzr1g3byf4eu2"},"id":"bw1rf0efn48vvt3","previousOperationId":"9gur6yvgnoeje0o"}
{"type":"log","timestamp":1771380411539,"level":"debug","message":"Page request finished: GET (image) 200 https://paciolibucket.s3.us-east-2.amazonaws.com/orgs/c64b69f6759a43a1bc0ae31961876751/companies/logos/e9767ff4-7186-447f-a397-208ea6bbfdb8_ninosfelices.png?X-Amz-Expires=600&X-Amz-Algorithm=AWS4-HMAC-SHA256&X-Amz-Credential=AKIAVYV5Z6T6UQ4ARWOC%2F20260218%2Fus-east-2%2Fs3%2Faws4_request&X-Amz-Date=20260218T020650Z&X-Amz-SignedHeaders=host&X-Amz-Signature=ae3e83ca67a674c2558e7dcf1e0b49135412757fe9d5890e3f262e6b140f5cec","meta":{"rootId":"5bgzr1g3byf4eu2","id":"5bgzr1g3byf4eu2"},"id":"3wvn2kfub42blh0","previousOperationId":"9gur6yvgnoeje0o"}
{"type":"log","timestamp":1771380411543,"level":"debug","message":"Running chrome with params {\"printBackground\":true,\"timeout\":59875,\"margin\":{}}","meta":{"rootId":"5bgzr1g3byf4eu2","id":"5bgzr1g3byf4eu2"},"id":"knprzirjzyetwep","previousOperationId":"9gur6yvgnoeje0o"}
{"type":"operationEnd","operationId":"9gur6yvgnoeje0o","timestamp":1771380411633,"id":"iwd3krw5fh67dyo","previousEventId":"tlx17fysgnbrwxn","previousOperationId":"9gur6yvgnoeje0o"}
{"type":"log","timestamp":1771380411633,"level":"debug","message":"Skipping storing report.","meta":{"rootId":"5bgzr1g3byf4eu2","id":"5bgzr1g3byf4eu2"},"id":"c3ddcbabvpmv8px","previousOperationId":"9gur6yvgnoeje0o"}
{"type":"log","timestamp":1771380411633,"level":"info","message":"Rendering request 32 finished in 966 ms","meta":{"rootId":"5bgzr1g3byf4eu2","id":"5bgzr1g3byf4eu2"},"id":"r3ci3ztv7wrbel1","previousOperationId":"9gur6yvgnoeje0o"}
{"type":"operationEnd","subtype":"render","operationId":"l0asqcurkghc2y0","timestamp":1771380411633,"id":"oexhmlo087pdbpx","previousEventId":"iwd3krw5fh67dyo","previousOperationId":"9gur6yvgnoeje0o"}
{"type":"operationEnd","doDiffs":false,"previousEventId":"eqtmv0683njlhie","previousOperationId":"a5r1m3mno5lul4i","operationId":"a5r1m3mno5lul4i","timestamp":1771380411634,"id":"utcono0ocgt7g73"}
