{"type":"operationStart","subtype":"profile","data":{"_id":"02uHdGSnCf365bKm","timestamp":"2026-02-18T03:50:34.486Z","state":"queued","mode":"standard","creationDate":"2026-02-18T03:50:34.492Z","modificationDate":"2026-02-18T03:50:34.492Z","shortid":"VjhKNkY","$entitySet":"profiles"},"doDiffs":false,"timestamp":1771386634491,"id":"a7j5bjxdmswkbfm","previousOperationId":null,"operationId":"onuhhdpq12640sw"}
{"type":"log","level":"info","message":"Render request 49 queued for execution and waiting for available worker","previousOperationId":"onuhhdpq12640sw","timestamp":1771386634491,"id":"tsrlkco7x5dy7lp"}
{"type":"operationStart","subtype":"render","name":"trial-balance-v1","previousOperationId":"onuhhdpq12640sw","timestamp":1771386634592,"id":"b96fxysbdvywzo4","previousEventId":"a7j5bjxdmswkbfm","operationId":"aeodzrfewko1vs0"}
{"type":"log","timestamp":1771386634595,"level":"info","message":"Starting rendering request 49","meta":{"rootId":"6p940qaznsjq2vz","id":"6p940qaznsjq2vz"},"id":"irnz2jawwk2i85q","previousOperationId":"aeodzrfewko1vs0"}
{"type":"log","timestamp":1771386634601,"level":"info","message":"Rendering template { name: trial-balance-v1, recipe: chrome-pdf, engine: handlebars, preview: false }","meta":{"rootId":"6p940qaznsjq2vz","id":"6p940qaznsjq2vz"},"id":"s1ld6s9ftllin39","previousOperationId":"aeodzrfewko1vs0"}
{"type":"log","timestamp":1771386634606,"level":"debug","message":"Inline data specified.","meta":{"rootId":"6p940qaznsjq2vz","id":"6p940qaznsjq2vz"},"id":"jkl6vwbk58a965i","previousOperationId":"aeodzrfewko1vs0"}
{"type":"log","timestamp":1771386634632,"level":"debug","message":"Base url not specified, skipping its injection.","meta":{"rootId":"6p940qaznsjq2vz","id":"6p940qaznsjq2vz"},"id":"fgh1y75z57t6lvf","previousOperationId":"aeodzrfewko1vs0"}
{"type":"operationStart","subtype":"engine","name":"handlebars","timestamp":1771386634638,"id":"5u7fc6xog4ef9qp","previousEventId":"b96fxysbdvywzo4","operationId":"evlgd30in4q03kl","previousOperationId":"aeodzrfewko1vs0"}
{"type":"log","timestamp":1771386634638,"level":"debug","message":"Rendering engine handlebars","meta":{"rootId":"6p940qaznsjq2vz","id":"6p940qaznsjq2vz"},"id":"j2uokkru9e5duyt","previousOperationId":"evlgd30in4q03kl"}
{"type":"operationEnd","operationId":"evlgd30in4q03kl","timestamp":1771386634680,"id":"bug81y28wokdg25","previousEventId":"5u7fc6xog4ef9qp","previousOperationId":"evlgd30in4q03kl"}
{"type":"operationStart","subtype":"recipe","name":"chrome-pdf","timestamp":1771386634684,"id":"kxb2sw40uxec156","previousEventId":"bug81y28wokdg25","operationId":"mai7ku08db5rnvg","previousOperationId":"evlgd30in4q03kl"}
{"type":"log","timestamp":1771386634684,"level":"debug","message":"Executing recipe chrome-pdf","meta":{"rootId":"6p940qaznsjq2vz","id":"6p940qaznsjq2vz"},"id":"4hfcu54uc243iqn","previousOperationId":"mai7ku08db5rnvg"}
{"type":"log","timestamp":1771386634703,"level":"debug","message":"Converting with chrome Chrome/142.0.7444.175 using chrome-pool strategy","meta":{"rootId":"6p940qaznsjq2vz","id":"6p940qaznsjq2vz"},"id":"6laifqbowozpwbo","previousOperationId":"mai7ku08db5rnvg"}
{"type":"log","timestamp":1771386634863,"level":"debug","message":"Page request: GET (document) file:///tmp/jsreport/autocleanup/ecf8e601-8b19-40ab-9e0e-de78958a878c-chrome-pdf.html","meta":{"rootId":"6p940qaznsjq2vz","id":"6p940qaznsjq2vz"},"id":"jnnaj3lwwd5u7p9","previousOperationId":"mai7ku08db5rnvg"}
{"type":"log","timestamp":1771386634892,"level":"debug","message":"Page request: GET (image) https://paciolibucket.s3.us-east-2.amazonaws.com/orgs/c64b69f6759a43a1bc0ae31961876751/companies/logos/e9767ff4-7186-447f-a397-208ea6bbfdb8_ninosfelices.png?X-Amz-Expires=600&X-Amz-Algorithm=AWS4-HMAC-SHA256&X-Amz-Credential=AKIAVYV5Z6T6UQ4ARWOC%2F20260218%2Fus-east-2%2Fs3%2Faws4_request&X-Amz-Date=20260218T035034Z&X-Amz-SignedHeaders=host&X-Amz-Signature=caad2d33cb45d6d66208f19b1f66602af79772076813588084d7ac80b9c5f0ab","meta":{"rootId":"6p940qaznsjq2vz","id":"6p940qaznsjq2vz"},"id":"h6aj2np4tou234g","previousOperationId":"mai7ku08db5rnvg"}
{"type":"log","timestamp":1771386634892,"level":"debug","message":"Page request finished: GET (document) 200 file:///tmp/jsreport/autocleanup/ecf8e601-8b19-40ab-9e0e-de78958a878c-chrome-pdf.html","meta":{"rootId":"6p940qaznsjq2vz","id":"6p940qaznsjq2vz"},"id":"6yyjjtvwfmey3hn","previousOperationId":"mai7ku08db5rnvg"}
{"type":"log","timestamp":1771386635430,"level":"debug","message":"Page request finished: GET (image) 200 https://paciolibucket.s3.us-east-2.amazonaws.com/orgs/c64b69f6759a43a1bc0ae31961876751/companies/logos/e9767ff4-7186-447f-a397-208ea6bbfdb8_ninosfelices.png?X-Amz-Expires=600&X-Amz-Algorithm=AWS4-HMAC-SHA256&X-Amz-Credential=AKIAVYV5Z6T6UQ4ARWOC%2F20260218%2Fus-east-2%2Fs3%2Faws4_request&X-Amz-Date=20260218T035034Z&X-Amz-SignedHeaders=host&X-Amz-Signature=caad2d33cb45d6d66208f19b1f66602af79772076813588084d7ac80b9c5f0ab","meta":{"rootId":"6p940qaznsjq2vz","id":"6p940qaznsjq2vz"},"id":"bg4mhkdqfpkc7q0","previousOperationId":"mai7ku08db5rnvg"}
{"type":"log","timestamp":1771386635433,"level":"debug","message":"Running chrome with params {\"printBackground\":true,\"timeout\":59796,\"margin\":{}}","meta":{"rootId":"6p940qaznsjq2vz","id":"6p940qaznsjq2vz"},"id":"y00h2mmibpu20sy","previousOperationId":"mai7ku08db5rnvg"}
{"type":"operationEnd","operationId":"mai7ku08db5rnvg","timestamp":1771386635573,"id":"ivo1u3fk7657hui","previousEventId":"kxb2sw40uxec156","previousOperationId":"mai7ku08db5rnvg"}
{"type":"log","timestamp":1771386635573,"level":"debug","message":"Skipping storing report.","meta":{"rootId":"6p940qaznsjq2vz","id":"6p940qaznsjq2vz"},"id":"s36zcskc3b474tw","previousOperationId":"mai7ku08db5rnvg"}
{"type":"log","timestamp":1771386635573,"level":"info","message":"Rendering request 49 finished in 1087 ms","meta":{"rootId":"6p940qaznsjq2vz","id":"6p940qaznsjq2vz"},"id":"e2myz5h9oey1mcb","previousOperationId":"mai7ku08db5rnvg"}
{"type":"operationEnd","subtype":"render","operationId":"aeodzrfewko1vs0","timestamp":1771386635573,"id":"cl4lod49k7e89ia","previousEventId":"ivo1u3fk7657hui","previousOperationId":"mai7ku08db5rnvg"}
{"type":"operationEnd","doDiffs":false,"previousEventId":"a7j5bjxdmswkbfm","previousOperationId":"onuhhdpq12640sw","operationId":"onuhhdpq12640sw","timestamp":1771386635574,"id":"7qx790uvet9wiac"}
