{"type":"operationStart","subtype":"profile","data":{"_id":"hWNhOUmZFdA4uZIs","timestamp":"2026-02-18T02:07:02.616Z","state":"queued","mode":"standard","creationDate":"2026-02-18T02:07:02.617Z","modificationDate":"2026-02-18T02:07:02.617Z","shortid":"bsWWPkh","$entitySet":"profiles"},"doDiffs":false,"timestamp":1771380422617,"id":"yfncflutdeiwzec","previousOperationId":null,"operationId":"h2qhvzmsnmi3m8l"}
{"type":"log","level":"info","message":"Render request 33 queued for execution and waiting for available worker","previousOperationId":"h2qhvzmsnmi3m8l","timestamp":1771380422617,"id":"1xco28ywj1cadhh"}
{"type":"operationStart","subtype":"render","name":"trial-balance-v1","previousOperationId":"h2qhvzmsnmi3m8l","timestamp":1771380422670,"id":"201kqissjsek0ns","previousEventId":"yfncflutdeiwzec","operationId":"xorcgbncyv7iu15"}
{"type":"log","timestamp":1771380422670,"level":"info","message":"Starting rendering request 33","meta":{"rootId":"8bgmbd6w8v1tr2t","id":"8bgmbd6w8v1tr2t"},"id":"twv8y0dr12yrycd","previousOperationId":"xorcgbncyv7iu15"}
{"type":"log","timestamp":1771380422671,"level":"info","message":"Rendering template { name: trial-balance-v1, recipe: chrome-pdf, engine: handlebars, preview: false }","meta":{"rootId":"8bgmbd6w8v1tr2t","id":"8bgmbd6w8v1tr2t"},"id":"uujmerzb0fk53r8","previousOperationId":"xorcgbncyv7iu15"}
{"type":"log","timestamp":1771380422674,"level":"debug","message":"Inline data specified.","meta":{"rootId":"8bgmbd6w8v1tr2t","id":"8bgmbd6w8v1tr2t"},"id":"nokyyh9ya90hmby","previousOperationId":"xorcgbncyv7iu15"}
{"type":"log","timestamp":1771380422677,"level":"debug","message":"Base url not specified, skipping its injection.","meta":{"rootId":"8bgmbd6w8v1tr2t","id":"8bgmbd6w8v1tr2t"},"id":"9iabu2dtl10yl7b","previousOperationId":"xorcgbncyv7iu15"}
{"type":"operationStart","subtype":"engine","name":"handlebars","timestamp":1771380422679,"id":"xtuy8lh6tty2ll0","previousEventId":"201kqissjsek0ns","operationId":"rvu1qyl8phf9o9w","previousOperationId":"xorcgbncyv7iu15"}
{"type":"log","timestamp":1771380422679,"level":"debug","message":"Rendering engine handlebars","meta":{"rootId":"8bgmbd6w8v1tr2t","id":"8bgmbd6w8v1tr2t"},"id":"bbiodp8f28kjbaj","previousOperationId":"rvu1qyl8phf9o9w"}
{"type":"operationEnd","operationId":"rvu1qyl8phf9o9w","timestamp":1771380422701,"id":"rtfjz3mx5lzgx32","previousEventId":"xtuy8lh6tty2ll0","previousOperationId":"rvu1qyl8phf9o9w"}
{"type":"operationStart","subtype":"recipe","name":"chrome-pdf","timestamp":1771380422702,"id":"lwkek0881ztf6y8","previousEventId":"rtfjz3mx5lzgx32","operationId":"c7zjlg5n55bqvid","previousOperationId":"rvu1qyl8phf9o9w"}
{"type":"log","timestamp":1771380422702,"level":"debug","message":"Executing recipe chrome-pdf","meta":{"rootId":"8bgmbd6w8v1tr2t","id":"8bgmbd6w8v1tr2t"},"id":"zkust0cux6gcapx","previousOperationId":"c7zjlg5n55bqvid"}
{"type":"log","timestamp":1771380422712,"level":"debug","message":"Converting with chrome Chrome/142.0.7444.175 using chrome-pool strategy","meta":{"rootId":"8bgmbd6w8v1tr2t","id":"8bgmbd6w8v1tr2t"},"id":"u74xco96s4tydhl","previousOperationId":"c7zjlg5n55bqvid"}
{"type":"log","timestamp":1771380422787,"level":"debug","message":"Page request: GET (document) file:///tmp/jsreport/autocleanup/2ecb8a72-6034-4d5a-93ba-27feb382af55-chrome-pdf.html","meta":{"rootId":"8bgmbd6w8v1tr2t","id":"8bgmbd6w8v1tr2t"},"id":"6qs6lozoe01tmza","previousOperationId":"c7zjlg5n55bqvid"}
{"type":"log","timestamp":1771380422800,"level":"debug","message":"Page request finished: GET (document) 200 file:///tmp/jsreport/autocleanup/2ecb8a72-6034-4d5a-93ba-27feb382af55-chrome-pdf.html","meta":{"rootId":"8bgmbd6w8v1tr2t","id":"8bgmbd6w8v1tr2t"},"id":"4z92tqp3jrk4syt","previousOperationId":"c7zjlg5n55bqvid"}
{"type":"log","timestamp":1771380422801,"level":"debug","message":"Page request: GET (image) https://paciolibucket.s3.us-east-2.amazonaws.com/orgs/c64b69f6759a43a1bc0ae31961876751/companies/logos/e9767ff4-7186-447f-a397-208ea6bbfdb8_ninosfelices.png?X-Amz-Expires=600&X-Amz-Algorithm=AWS4-HMAC-SHA256&X-Amz-Credential=AKIAVYV5Z6T6UQ4ARWOC%2F20260218%2Fus-east-2%2Fs3%2Faws4_request&X-Amz-Date=20260218T020702Z&X-Amz-SignedHeaders=host&X-Amz-Signature=c120e70d2b63837820e21d124f81c3ffda1dde69f6e4a344e96edf0b36bba83e","meta":{"rootId":"8bgmbd6w8v1tr2t","id":"8bgmbd6w8v1tr2t"},"id":"zor7m8nhqug5axd","previousOperationId":"c7zjlg5n55bqvid"}
{"type":"log","timestamp":1771380423280,"level":"debug","message":"Page request finished: GET (image) 200 https://paciolibucket.s3.us-east-2.amazonaws.com/orgs/c64b69f6759a43a1bc0ae31961876751/companies/logos/e9767ff4-7186-447f-a397-208ea6bbfdb8_ninosfelices.png?X-Amz-Expires=600&X-Amz-Algorithm=AWS4-HMAC-SHA256&X-Amz-Credential=AKIAVYV5Z6T6UQ4ARWOC%2F20260218%2Fus-east-2%2Fs3%2Faws4_request&X-Amz-Date=20260218T020702Z&X-Amz-SignedHeaders=host&X-Amz-Signature=c120e70d2b63837820e21d124f81c3ffda1dde69f6e4a344e96edf0b36bba83e","meta":{"rootId":"8bgmbd6w8v1tr2t","id":"8bgmbd6w8v1tr2t"},"id":"m1853qia7ulbg1i","previousOperationId":"c7zjlg5n55bqvid"}
{"type":"log","timestamp":1771380423282,"level":"debug","message":"Running chrome with params {\"printBackground\":true,\"timeout\":59910,\"margin\":{}}","meta":{"rootId":"8bgmbd6w8v1tr2t","id":"8bgmbd6w8v1tr2t"},"id":"r95vl5gtzuymrvk","previousOperationId":"c7zjlg5n55bqvid"}
{"type":"operationEnd","operationId":"c7zjlg5n55bqvid","timestamp":1771380423349,"id":"r12ly2hmmh9aahe","previousEventId":"lwkek0881ztf6y8","previousOperationId":"c7zjlg5n55bqvid"}
{"type":"log","timestamp":1771380423349,"level":"debug","message":"Skipping storing report.","meta":{"rootId":"8bgmbd6w8v1tr2t","id":"8bgmbd6w8v1tr2t"},"id":"110pr6bjhq2qt08","previousOperationId":"c7zjlg5n55bqvid"}
{"type":"log","timestamp":1771380423349,"level":"info","message":"Rendering request 33 finished in 733 ms","meta":{"rootId":"8bgmbd6w8v1tr2t","id":"8bgmbd6w8v1tr2t"},"id":"xalsnr5notx7fyz","previousOperationId":"c7zjlg5n55bqvid"}
{"type":"operationEnd","subtype":"render","operationId":"xorcgbncyv7iu15","timestamp":1771380423349,"id":"d5iab5brdejx7xu","previousEventId":"r12ly2hmmh9aahe","previousOperationId":"c7zjlg5n55bqvid"}
{"type":"operationEnd","doDiffs":false,"previousEventId":"yfncflutdeiwzec","previousOperationId":"h2qhvzmsnmi3m8l","operationId":"h2qhvzmsnmi3m8l","timestamp":1771380423352,"id":"bboyuj64c4gh93w"}
