{"type":"operationStart","subtype":"profile","data":{"_id":"dWsbTy2BTLb0hW7r","timestamp":"2026-02-18T01:31:40.912Z","state":"queued","mode":"standard","creationDate":"2026-02-18T01:31:40.914Z","modificationDate":"2026-02-18T01:31:40.914Z","shortid":"RmejHp7","$entitySet":"profiles"},"doDiffs":false,"timestamp":1771378300914,"id":"clg8pu6s5efmykh","previousOperationId":null,"operationId":"0q2yc4tmguwayzv"}
{"type":"log","level":"info","message":"Render request 18 queued for execution and waiting for available worker","previousOperationId":"0q2yc4tmguwayzv","timestamp":1771378300914,"id":"9b8ufqa6sdxcw5z"}
{"type":"operationStart","subtype":"render","name":"trial-balance-v1","previousOperationId":"0q2yc4tmguwayzv","timestamp":1771378300985,"id":"kd77l7ve8w4optk","previousEventId":"clg8pu6s5efmykh","operationId":"6k7pb8f4oenxmow"}
{"type":"log","timestamp":1771378300985,"level":"info","message":"Starting rendering request 18","meta":{"rootId":"8qcqtt2kwo1qzle","id":"8qcqtt2kwo1qzle"},"id":"10fuv5x8ogloriw","previousOperationId":"6k7pb8f4oenxmow"}
{"type":"log","timestamp":1771378300986,"level":"info","message":"Rendering template { name: trial-balance-v1, recipe: chrome-pdf, engine: handlebars, preview: true }","meta":{"rootId":"8qcqtt2kwo1qzle","id":"8qcqtt2kwo1qzle"},"id":"n4ut35r2ymdg5y4","previousOperationId":"6k7pb8f4oenxmow"}
{"type":"log","timestamp":1771378300988,"level":"debug","message":"Inline data specified.","meta":{"rootId":"8qcqtt2kwo1qzle","id":"8qcqtt2kwo1qzle"},"id":"gvg4le4nozjm79o","previousOperationId":"6k7pb8f4oenxmow"}
{"type":"log","timestamp":1771378300991,"level":"debug","message":"Base url not specified, skipping its injection.","meta":{"rootId":"8qcqtt2kwo1qzle","id":"8qcqtt2kwo1qzle"},"id":"kfzxhwvimetxq9r","previousOperationId":"6k7pb8f4oenxmow"}
{"type":"operationStart","subtype":"engine","name":"handlebars","timestamp":1771378300992,"id":"2zqgqlcikj19hlq","previousEventId":"kd77l7ve8w4optk","operationId":"j03aal410847myk","previousOperationId":"6k7pb8f4oenxmow"}
{"type":"log","timestamp":1771378300992,"level":"debug","message":"Rendering engine handlebars","meta":{"rootId":"8qcqtt2kwo1qzle","id":"8qcqtt2kwo1qzle"},"id":"0njvxyy8sjgv9ch","previousOperationId":"j03aal410847myk"}
{"type":"operationEnd","operationId":"j03aal410847myk","timestamp":1771378301079,"id":"20cvdlm0bedzg81","previousEventId":"2zqgqlcikj19hlq","previousOperationId":"j03aal410847myk"}
{"type":"operationStart","subtype":"recipe","name":"chrome-pdf","timestamp":1771378301079,"id":"jhxqhwey6uw6e8z","previousEventId":"20cvdlm0bedzg81","operationId":"gs0vhf4gagfn484","previousOperationId":"j03aal410847myk"}
{"type":"log","timestamp":1771378301079,"level":"debug","message":"Executing recipe chrome-pdf","meta":{"rootId":"8qcqtt2kwo1qzle","id":"8qcqtt2kwo1qzle"},"id":"oyf7ignsr79dww3","previousOperationId":"gs0vhf4gagfn484"}
{"type":"log","timestamp":1771378301084,"level":"debug","message":"Converting with chrome Chrome/142.0.7444.175 using chrome-pool strategy","meta":{"rootId":"8qcqtt2kwo1qzle","id":"8qcqtt2kwo1qzle"},"id":"s7js4v9u7q1mh2q","previousOperationId":"gs0vhf4gagfn484"}
{"type":"log","timestamp":1771378301141,"level":"debug","message":"Page request: GET (document) file:///tmp/jsreport/autocleanup/f16ba49a-b68b-4011-99fd-605c7a1c3f1c-chrome-pdf.html","meta":{"rootId":"8qcqtt2kwo1qzle","id":"8qcqtt2kwo1qzle"},"id":"f0ioghpl9sh80xn","previousOperationId":"gs0vhf4gagfn484"}
{"type":"log","timestamp":1771378301157,"level":"debug","message":"Page request finished: GET (document) 200 file:///tmp/jsreport/autocleanup/f16ba49a-b68b-4011-99fd-605c7a1c3f1c-chrome-pdf.html","meta":{"rootId":"8qcqtt2kwo1qzle","id":"8qcqtt2kwo1qzle"},"id":"xahvthi0gxkt9fl","previousOperationId":"gs0vhf4gagfn484"}
{"type":"log","timestamp":1771378301157,"level":"debug","message":"Page request: GET (image) https://paciolibucket.s3.us-east-2.amazonaws.com/orgs/c64b69f6759a43a1bc0ae31961876751/companies/logos/e9767ff4-7186-447f-a397-208ea6bbfdb8_ninosfelices.png?X-Amz-Expires=600&X-Amz-Algorithm=AWS4-HMAC-SHA256&X-Amz-Credential=AKIAVYV5Z6T6UQ4ARWOC%2F20260218%2Fus-east-2%2Fs3%2Faws4_request&X-Amz-Date=20260218T013120Z&X-Amz-SignedHeaders=host&X-Amz-Signature=180314fe8fa9348e034dd31e5e9ab58c902c7003fd0061ac634f1372e9d13a3f","meta":{"rootId":"8qcqtt2kwo1qzle","id":"8qcqtt2kwo1qzle"},"id":"37wywtopc7m3dpk","previousOperationId":"gs0vhf4gagfn484"}
{"type":"log","timestamp":1771378301793,"level":"debug","message":"Page request finished: GET (image) 200 https://paciolibucket.s3.us-east-2.amazonaws.com/orgs/c64b69f6759a43a1bc0ae31961876751/companies/logos/e9767ff4-7186-447f-a397-208ea6bbfdb8_ninosfelices.png?X-Amz-Expires=600&X-Amz-Algorithm=AWS4-HMAC-SHA256&X-Amz-Credential=AKIAVYV5Z6T6UQ4ARWOC%2F20260218%2Fus-east-2%2Fs3%2Faws4_request&X-Amz-Date=20260218T013120Z&X-Amz-SignedHeaders=host&X-Amz-Signature=180314fe8fa9348e034dd31e5e9ab58c902c7003fd0061ac634f1372e9d13a3f","meta":{"rootId":"8qcqtt2kwo1qzle","id":"8qcqtt2kwo1qzle"},"id":"rht4u5j8ur9g781","previousOperationId":"gs0vhf4gagfn484"}
{"type":"log","timestamp":1771378301795,"level":"debug","message":"Running chrome with params {\"printBackground\":true,\"timeout\":59829,\"margin\":{}}","meta":{"rootId":"8qcqtt2kwo1qzle","id":"8qcqtt2kwo1qzle"},"id":"8mra3c530moldqn","previousOperationId":"gs0vhf4gagfn484"}
{"type":"operationEnd","operationId":"gs0vhf4gagfn484","timestamp":1771378301852,"id":"305mzu0toqvqrzt","previousEventId":"jhxqhwey6uw6e8z","previousOperationId":"gs0vhf4gagfn484"}
{"type":"log","timestamp":1771378301853,"level":"debug","message":"Skipping storing report.","meta":{"rootId":"8qcqtt2kwo1qzle","id":"8qcqtt2kwo1qzle"},"id":"xyvz5779pdsnvci","previousOperationId":"gs0vhf4gagfn484"}
{"type":"log","timestamp":1771378301853,"level":"info","message":"Rendering request 18 finished in 941 ms","meta":{"rootId":"8qcqtt2kwo1qzle","id":"8qcqtt2kwo1qzle"},"id":"g5l7af37qpfipvi","previousOperationId":"gs0vhf4gagfn484"}
{"type":"operationEnd","subtype":"render","operationId":"6k7pb8f4oenxmow","timestamp":1771378301853,"id":"evx6ybufn8t153j","previousEventId":"305mzu0toqvqrzt","previousOperationId":"gs0vhf4gagfn484"}
{"type":"operationEnd","doDiffs":false,"previousEventId":"clg8pu6s5efmykh","previousOperationId":"0q2yc4tmguwayzv","operationId":"0q2yc4tmguwayzv","timestamp":1771378301857,"id":"06comd6v3pc6xrf"}
