{"type":"operationStart","subtype":"profile","data":{"_id":"FAgPcs8H6uQjbodo","timestamp":"2026-02-18T01:33:24.127Z","state":"queued","mode":"standard","creationDate":"2026-02-18T01:33:24.129Z","modificationDate":"2026-02-18T01:33:24.129Z","shortid":"50pA787","$entitySet":"profiles"},"doDiffs":false,"timestamp":1771378404129,"id":"9fcgrcqrsslj9zk","previousOperationId":null,"operationId":"ovbx2bey8jqndlm"}
{"type":"log","level":"info","message":"Render request 21 queued for execution and waiting for available worker","previousOperationId":"ovbx2bey8jqndlm","timestamp":1771378404129,"id":"wln6t8gha9kdam1"}
{"type":"operationStart","subtype":"render","name":"trial-balance-v1","previousOperationId":"ovbx2bey8jqndlm","timestamp":1771378404206,"id":"ck23q38qicl0bsk","previousEventId":"9fcgrcqrsslj9zk","operationId":"ywmuvvrbvlsq3rr"}
{"type":"log","timestamp":1771378404207,"level":"info","message":"Starting rendering request 21","meta":{"rootId":"9hmk4m5cx9h7f64","id":"9hmk4m5cx9h7f64"},"id":"omvr6inpg78t7p4","previousOperationId":"ywmuvvrbvlsq3rr"}
{"type":"log","timestamp":1771378404207,"level":"info","message":"Rendering template { name: trial-balance-v1, recipe: chrome-pdf, engine: handlebars, preview: false }","meta":{"rootId":"9hmk4m5cx9h7f64","id":"9hmk4m5cx9h7f64"},"id":"cohk8b7n9wlkvek","previousOperationId":"ywmuvvrbvlsq3rr"}
{"type":"log","timestamp":1771378404211,"level":"debug","message":"Inline data specified.","meta":{"rootId":"9hmk4m5cx9h7f64","id":"9hmk4m5cx9h7f64"},"id":"3ha44sw66ef3qce","previousOperationId":"ywmuvvrbvlsq3rr"}
{"type":"log","timestamp":1771378404217,"level":"debug","message":"Base url not specified, skipping its injection.","meta":{"rootId":"9hmk4m5cx9h7f64","id":"9hmk4m5cx9h7f64"},"id":"t7r4uw3bss9did0","previousOperationId":"ywmuvvrbvlsq3rr"}
{"type":"operationStart","subtype":"engine","name":"handlebars","timestamp":1771378404217,"id":"cmpmg6qtmrc5gci","previousEventId":"ck23q38qicl0bsk","operationId":"q1pcate516gvhit","previousOperationId":"ywmuvvrbvlsq3rr"}
{"type":"log","timestamp":1771378404217,"level":"debug","message":"Rendering engine handlebars","meta":{"rootId":"9hmk4m5cx9h7f64","id":"9hmk4m5cx9h7f64"},"id":"3893fz54fx12rv1","previousOperationId":"q1pcate516gvhit"}
{"type":"operationEnd","operationId":"q1pcate516gvhit","timestamp":1771378404233,"id":"0akes30ndxxhhrg","previousEventId":"cmpmg6qtmrc5gci","previousOperationId":"q1pcate516gvhit"}
{"type":"operationStart","subtype":"recipe","name":"chrome-pdf","timestamp":1771378404233,"id":"6quu4ip8oyjhxdc","previousEventId":"0akes30ndxxhhrg","operationId":"pgvfr6agaucr5yw","previousOperationId":"q1pcate516gvhit"}
{"type":"log","timestamp":1771378404233,"level":"debug","message":"Executing recipe chrome-pdf","meta":{"rootId":"9hmk4m5cx9h7f64","id":"9hmk4m5cx9h7f64"},"id":"xtfil8jfh6pz6k2","previousOperationId":"pgvfr6agaucr5yw"}
{"type":"log","timestamp":1771378404235,"level":"debug","message":"Converting with chrome Chrome/142.0.7444.175 using chrome-pool strategy","meta":{"rootId":"9hmk4m5cx9h7f64","id":"9hmk4m5cx9h7f64"},"id":"awswviidyb64lc3","previousOperationId":"pgvfr6agaucr5yw"}
{"type":"log","timestamp":1771378404271,"level":"debug","message":"Page request: GET (document) file:///tmp/jsreport/autocleanup/019c57ef-01e8-4098-b10a-18cce4776e60-chrome-pdf.html","meta":{"rootId":"9hmk4m5cx9h7f64","id":"9hmk4m5cx9h7f64"},"id":"u6s1e8f19mgipvd","previousOperationId":"pgvfr6agaucr5yw"}
{"type":"log","timestamp":1771378404281,"level":"debug","message":"Page request finished: GET (document) 200 file:///tmp/jsreport/autocleanup/019c57ef-01e8-4098-b10a-18cce4776e60-chrome-pdf.html","meta":{"rootId":"9hmk4m5cx9h7f64","id":"9hmk4m5cx9h7f64"},"id":"l0dpcr984b15jmu","previousOperationId":"pgvfr6agaucr5yw"}
{"type":"log","timestamp":1771378404281,"level":"debug","message":"Page request: GET (image) https://paciolibucket.s3.us-east-2.amazonaws.com/orgs/c64b69f6759a43a1bc0ae31961876751/companies/logos/e9767ff4-7186-447f-a397-208ea6bbfdb8_ninosfelices.png?X-Amz-Expires=600&X-Amz-Algorithm=AWS4-HMAC-SHA256&X-Amz-Credential=AKIAVYV5Z6T6UQ4ARWOC%2F20260218%2Fus-east-2%2Fs3%2Faws4_request&X-Amz-Date=20260218T013323Z&X-Amz-SignedHeaders=host&X-Amz-Signature=c4be60980b62fb0c8e0cc7f706c9c4665cd193da97747328366d5d58b364a131","meta":{"rootId":"9hmk4m5cx9h7f64","id":"9hmk4m5cx9h7f64"},"id":"830vit89ah22r3o","previousOperationId":"pgvfr6agaucr5yw"}
{"type":"log","timestamp":1771378404900,"level":"debug","message":"Page request finished: GET (image) 200 https://paciolibucket.s3.us-east-2.amazonaws.com/orgs/c64b69f6759a43a1bc0ae31961876751/companies/logos/e9767ff4-7186-447f-a397-208ea6bbfdb8_ninosfelices.png?X-Amz-Expires=600&X-Amz-Algorithm=AWS4-HMAC-SHA256&X-Amz-Credential=AKIAVYV5Z6T6UQ4ARWOC%2F20260218%2Fus-east-2%2Fs3%2Faws4_request&X-Amz-Date=20260218T013323Z&X-Amz-SignedHeaders=host&X-Amz-Signature=c4be60980b62fb0c8e0cc7f706c9c4665cd193da97747328366d5d58b364a131","meta":{"rootId":"9hmk4m5cx9h7f64","id":"9hmk4m5cx9h7f64"},"id":"4nu6q8c7p08ea1e","previousOperationId":"pgvfr6agaucr5yw"}
{"type":"log","timestamp":1771378404901,"level":"debug","message":"Running chrome with params {\"printBackground\":true,\"timeout\":59893,\"margin\":{}}","meta":{"rootId":"9hmk4m5cx9h7f64","id":"9hmk4m5cx9h7f64"},"id":"wirbljp5ohpgq2i","previousOperationId":"pgvfr6agaucr5yw"}
{"type":"operationEnd","operationId":"pgvfr6agaucr5yw","timestamp":1771378404951,"id":"fkgjxf460avm33t","previousEventId":"6quu4ip8oyjhxdc","previousOperationId":"pgvfr6agaucr5yw"}
{"type":"log","timestamp":1771378404951,"level":"debug","message":"Skipping storing report.","meta":{"rootId":"9hmk4m5cx9h7f64","id":"9hmk4m5cx9h7f64"},"id":"qxzk850rpez25g1","previousOperationId":"pgvfr6agaucr5yw"}
{"type":"log","timestamp":1771378404951,"level":"info","message":"Rendering request 21 finished in 824 ms","meta":{"rootId":"9hmk4m5cx9h7f64","id":"9hmk4m5cx9h7f64"},"id":"vl9wry3bmewoxlo","previousOperationId":"pgvfr6agaucr5yw"}
{"type":"operationEnd","subtype":"render","operationId":"ywmuvvrbvlsq3rr","timestamp":1771378404951,"id":"tsw2h7qmv6t51b3","previousEventId":"fkgjxf460avm33t","previousOperationId":"pgvfr6agaucr5yw"}
{"type":"operationEnd","doDiffs":false,"previousEventId":"9fcgrcqrsslj9zk","previousOperationId":"ovbx2bey8jqndlm","operationId":"ovbx2bey8jqndlm","timestamp":1771378404952,"id":"y4la5brenwy2mgt"}
