{"type":"operationStart","subtype":"profile","data":{"_id":"zN8biXI0y0xHOurF","timestamp":"2026-02-18T01:21:36.244Z","state":"queued","mode":"standard","creationDate":"2026-02-18T01:21:36.246Z","modificationDate":"2026-02-18T01:21:36.246Z","shortid":"EoIQIxq","$entitySet":"profiles"},"doDiffs":false,"timestamp":1771377696245,"id":"0lyfezjudh13ktt","previousOperationId":null,"operationId":"bu6f43rc6wae6y3"}
{"type":"log","level":"info","message":"Render request 10 queued for execution and waiting for available worker","previousOperationId":"bu6f43rc6wae6y3","timestamp":1771377696245,"id":"14370ob45mnjta0"}
{"type":"operationStart","subtype":"render","name":"trial-balance-v1","previousOperationId":"bu6f43rc6wae6y3","timestamp":1771377696327,"id":"fm2s3mqzocc938n","previousEventId":"0lyfezjudh13ktt","operationId":"o43ocqfoq2hmn6c"}
{"type":"log","timestamp":1771377696328,"level":"info","message":"Starting rendering request 10","meta":{"rootId":"9jq4bgg6q5tn0vm","id":"9jq4bgg6q5tn0vm"},"id":"zjtpl7a9ich3ruk","previousOperationId":"o43ocqfoq2hmn6c"}
{"type":"log","timestamp":1771377696329,"level":"info","message":"Rendering template { name: trial-balance-v1, recipe: chrome-pdf, engine: handlebars, preview: true }","meta":{"rootId":"9jq4bgg6q5tn0vm","id":"9jq4bgg6q5tn0vm"},"id":"tookgbgkbq5j591","previousOperationId":"o43ocqfoq2hmn6c"}
{"type":"log","timestamp":1771377696331,"level":"debug","message":"Inline data specified.","meta":{"rootId":"9jq4bgg6q5tn0vm","id":"9jq4bgg6q5tn0vm"},"id":"yhchsdfjqczoc52","previousOperationId":"o43ocqfoq2hmn6c"}
{"type":"log","timestamp":1771377696335,"level":"debug","message":"Base url not specified, skipping its injection.","meta":{"rootId":"9jq4bgg6q5tn0vm","id":"9jq4bgg6q5tn0vm"},"id":"0fkrbxdfm4rlh7y","previousOperationId":"o43ocqfoq2hmn6c"}
{"type":"operationStart","subtype":"engine","name":"handlebars","timestamp":1771377696336,"id":"3n9tcu6i6mupd1w","previousEventId":"fm2s3mqzocc938n","operationId":"6hjtmdqbbumm24b","previousOperationId":"o43ocqfoq2hmn6c"}
{"type":"log","timestamp":1771377696336,"level":"debug","message":"Rendering engine handlebars","meta":{"rootId":"9jq4bgg6q5tn0vm","id":"9jq4bgg6q5tn0vm"},"id":"a1mwx9trm9gose0","previousOperationId":"6hjtmdqbbumm24b"}
{"type":"operationEnd","operationId":"6hjtmdqbbumm24b","timestamp":1771377696374,"id":"wpy2tlpofmmz70x","previousEventId":"3n9tcu6i6mupd1w","previousOperationId":"6hjtmdqbbumm24b"}
{"type":"operationStart","subtype":"recipe","name":"chrome-pdf","timestamp":1771377696377,"id":"r8wwunfmlgc778l","previousEventId":"wpy2tlpofmmz70x","operationId":"xn2xvffkbxu9up2","previousOperationId":"6hjtmdqbbumm24b"}
{"type":"log","timestamp":1771377696377,"level":"debug","message":"Executing recipe chrome-pdf","meta":{"rootId":"9jq4bgg6q5tn0vm","id":"9jq4bgg6q5tn0vm"},"id":"n2uex18trk2fyzj","previousOperationId":"xn2xvffkbxu9up2"}
{"type":"log","timestamp":1771377696390,"level":"debug","message":"Converting with chrome Chrome/142.0.7444.175 using chrome-pool strategy","meta":{"rootId":"9jq4bgg6q5tn0vm","id":"9jq4bgg6q5tn0vm"},"id":"f3tm3pro93u3mer","previousOperationId":"xn2xvffkbxu9up2"}
{"type":"log","timestamp":1771377696469,"level":"debug","message":"Page request: GET (document) file:///tmp/jsreport/autocleanup/c9c6ec4c-7e27-43b0-94ca-065fed8bd73d-chrome-pdf.html","meta":{"rootId":"9jq4bgg6q5tn0vm","id":"9jq4bgg6q5tn0vm"},"id":"davku1xgvhgwvdn","previousOperationId":"xn2xvffkbxu9up2"}
{"type":"log","timestamp":1771377696480,"level":"debug","message":"Page request finished: GET (document) 200 file:///tmp/jsreport/autocleanup/c9c6ec4c-7e27-43b0-94ca-065fed8bd73d-chrome-pdf.html","meta":{"rootId":"9jq4bgg6q5tn0vm","id":"9jq4bgg6q5tn0vm"},"id":"7vzym2csi8zqwqc","previousOperationId":"xn2xvffkbxu9up2"}
{"type":"log","timestamp":1771377696483,"level":"debug","message":"Page request: GET (image) https://paciolibucket.s3.us-east-2.amazonaws.com/orgs/c64b69f6759a43a1bc0ae31961876751/companies/logos/e9767ff4-7186-447f-a397-208ea6bbfdb8_ninosfelices.png?X-Amz-Expires=600&X-Amz-Algorithm=AWS4-HMAC-SHA256&X-Amz-Credential=AKIAVYV5Z6T6UQ4ARWOC%2F20260218%2Fus-east-2%2Fs3%2Faws4_request&X-Amz-Date=20260218T005607Z&X-Amz-SignedHeaders=host&X-Amz-Signature=fe2025156fb580da2cbbce218a5fff90e38d5fc1a4ae111db0c11e9a557be278","meta":{"rootId":"9jq4bgg6q5tn0vm","id":"9jq4bgg6q5tn0vm"},"id":"soho1hivkbt5ita","previousOperationId":"xn2xvffkbxu9up2"}
{"type":"log","timestamp":1771377696823,"level":"warn","message":"Page request failed: GET (image) https://paciolibucket.s3.us-east-2.amazonaws.com/orgs/c64b69f6759a43a1bc0ae31961876751/companies/logos/e9767ff4-7186-447f-a397-208ea6bbfdb8_ninosfelices.png?X-Amz-Expires=600&X-Amz-Algorithm=AWS4-HMAC-SHA256&X-Amz-Credential=AKIAVYV5Z6T6UQ4ARWOC%2F20260218%2Fus-east-2%2Fs3%2Faws4_request&X-Amz-Date=20260218T005607Z&X-Amz-SignedHeaders=host&X-Amz-Signature=fe2025156fb580da2cbbce218a5fff90e38d5fc1a4ae111db0c11e9a557be278, failure: net::ERR_BLOCKED_BY_ORB","meta":{"rootId":"9jq4bgg6q5tn0vm","id":"9jq4bgg6q5tn0vm"},"id":"mg6y62mnmvnggtv","previousOperationId":"xn2xvffkbxu9up2"}
{"type":"log","timestamp":1771377696825,"level":"debug","message":"Running chrome with params {\"printBackground\":true,\"timeout\":59861,\"margin\":{}}","meta":{"rootId":"9jq4bgg6q5tn0vm","id":"9jq4bgg6q5tn0vm"},"id":"2rwfb2fbp5llexe","previousOperationId":"xn2xvffkbxu9up2"}
{"type":"operationEnd","operationId":"xn2xvffkbxu9up2","timestamp":1771377696891,"id":"kzxmi7ecn4llbk6","previousEventId":"r8wwunfmlgc778l","previousOperationId":"xn2xvffkbxu9up2"}
{"type":"log","timestamp":1771377696891,"level":"debug","message":"Skipping storing report.","meta":{"rootId":"9jq4bgg6q5tn0vm","id":"9jq4bgg6q5tn0vm"},"id":"72b0962t7vip7q2","previousOperationId":"xn2xvffkbxu9up2"}
{"type":"log","timestamp":1771377696891,"level":"info","message":"Rendering request 10 finished in 647 ms","meta":{"rootId":"9jq4bgg6q5tn0vm","id":"9jq4bgg6q5tn0vm"},"id":"32a71akjwnq363h","previousOperationId":"xn2xvffkbxu9up2"}
{"type":"operationEnd","subtype":"render","operationId":"o43ocqfoq2hmn6c","timestamp":1771377696891,"id":"w30ohg5uc7czp3t","previousEventId":"kzxmi7ecn4llbk6","previousOperationId":"xn2xvffkbxu9up2"}
{"type":"operationEnd","doDiffs":false,"previousEventId":"0lyfezjudh13ktt","previousOperationId":"bu6f43rc6wae6y3","operationId":"bu6f43rc6wae6y3","timestamp":1771377696893,"id":"kokbfd70dzbzegh"}
