{"type":"operationStart","subtype":"profile","data":{"_id":"sv7lBwg6wGcKqPYe","timestamp":"2026-02-18T01:31:56.745Z","state":"queued","mode":"standard","creationDate":"2026-02-18T01:31:56.747Z","modificationDate":"2026-02-18T01:31:56.747Z","shortid":"NPzEh3I","$entitySet":"profiles"},"doDiffs":false,"timestamp":1771378316746,"id":"rty1m5ldrj0qaan","previousOperationId":null,"operationId":"67tr2tpqkgqeg6y"}
{"type":"log","level":"info","message":"Render request 19 queued for execution and waiting for available worker","previousOperationId":"67tr2tpqkgqeg6y","timestamp":1771378316746,"id":"008xjev0y3rj29g"}
{"type":"operationStart","subtype":"render","name":"trial-balance-v1","previousOperationId":"67tr2tpqkgqeg6y","timestamp":1771378316823,"id":"8m7d13xnl2yxek1","previousEventId":"rty1m5ldrj0qaan","operationId":"sqalxbv6rut4ehm"}
{"type":"log","timestamp":1771378316823,"level":"info","message":"Starting rendering request 19","meta":{"rootId":"agx07aqz1cx2pen","id":"agx07aqz1cx2pen"},"id":"p4rka2fbxgiljbt","previousOperationId":"sqalxbv6rut4ehm"}
{"type":"log","timestamp":1771378316823,"level":"info","message":"Rendering template { name: trial-balance-v1, recipe: chrome-pdf, engine: handlebars, preview: true }","meta":{"rootId":"agx07aqz1cx2pen","id":"agx07aqz1cx2pen"},"id":"udbac9mji3rglkz","previousOperationId":"sqalxbv6rut4ehm"}
{"type":"log","timestamp":1771378316828,"level":"debug","message":"Inline data specified.","meta":{"rootId":"agx07aqz1cx2pen","id":"agx07aqz1cx2pen"},"id":"qwv051hfv7fsgwh","previousOperationId":"sqalxbv6rut4ehm"}
{"type":"log","timestamp":1771378316832,"level":"debug","message":"Base url not specified, skipping its injection.","meta":{"rootId":"agx07aqz1cx2pen","id":"agx07aqz1cx2pen"},"id":"zfoh6q7m2ufab5d","previousOperationId":"sqalxbv6rut4ehm"}
{"type":"operationStart","subtype":"engine","name":"handlebars","timestamp":1771378316833,"id":"os3zga47y1om9z4","previousEventId":"8m7d13xnl2yxek1","operationId":"9w1ycab16omnkt5","previousOperationId":"sqalxbv6rut4ehm"}
{"type":"log","timestamp":1771378316833,"level":"debug","message":"Rendering engine handlebars","meta":{"rootId":"agx07aqz1cx2pen","id":"agx07aqz1cx2pen"},"id":"cn2h5qpd6xof879","previousOperationId":"9w1ycab16omnkt5"}
{"type":"operationEnd","operationId":"9w1ycab16omnkt5","timestamp":1771378316848,"id":"q3mrpr9wymmpm3j","previousEventId":"os3zga47y1om9z4","previousOperationId":"9w1ycab16omnkt5"}
{"type":"operationStart","subtype":"recipe","name":"chrome-pdf","timestamp":1771378316848,"id":"8grox9teiwvmskh","previousEventId":"q3mrpr9wymmpm3j","operationId":"8ohwl3ajj58x9tm","previousOperationId":"9w1ycab16omnkt5"}
{"type":"log","timestamp":1771378316848,"level":"debug","message":"Executing recipe chrome-pdf","meta":{"rootId":"agx07aqz1cx2pen","id":"agx07aqz1cx2pen"},"id":"q5gwgvf9p6khtss","previousOperationId":"8ohwl3ajj58x9tm"}
{"type":"log","timestamp":1771378316852,"level":"debug","message":"Converting with chrome Chrome/142.0.7444.175 using chrome-pool strategy","meta":{"rootId":"agx07aqz1cx2pen","id":"agx07aqz1cx2pen"},"id":"ttslu8623yxg40m","previousOperationId":"8ohwl3ajj58x9tm"}
{"type":"log","timestamp":1771378316909,"level":"debug","message":"Page request: GET (document) file:///tmp/jsreport/autocleanup/76d6303b-072c-4121-8df7-149684547e3b-chrome-pdf.html","meta":{"rootId":"agx07aqz1cx2pen","id":"agx07aqz1cx2pen"},"id":"2r0xcd37z8hj8n2","previousOperationId":"8ohwl3ajj58x9tm"}
{"type":"log","timestamp":1771378316917,"level":"debug","message":"Page request: GET (image) https://paciolibucket.s3.us-east-2.amazonaws.com/orgs/c64b69f6759a43a1bc0ae31961876751/companies/logos/e9767ff4-7186-447f-a397-208ea6bbfdb8_ninosfelices.png?X-Amz-Expires=600&X-Amz-Algorithm=AWS4-HMAC-SHA256&X-Amz-Credential=AKIAVYV5Z6T6UQ4ARWOC%2F20260218%2Fus-east-2%2Fs3%2Faws4_request&X-Amz-Date=20260218T005607Z&X-Amz-SignedHeaders=host&X-Amz-Signature=fe2025156fb580da2cbbce218a5fff90e38d5fc1a4ae111db0c11e9a557be278","meta":{"rootId":"agx07aqz1cx2pen","id":"agx07aqz1cx2pen"},"id":"gv2tlbfddax57jd","previousOperationId":"8ohwl3ajj58x9tm"}
{"type":"log","timestamp":1771378316917,"level":"debug","message":"Page request finished: GET (document) 200 file:///tmp/jsreport/autocleanup/76d6303b-072c-4121-8df7-149684547e3b-chrome-pdf.html","meta":{"rootId":"agx07aqz1cx2pen","id":"agx07aqz1cx2pen"},"id":"waugknhlrvtu9rk","previousOperationId":"8ohwl3ajj58x9tm"}
{"type":"log","timestamp":1771378316963,"level":"debug","message":"Page request finished: GET (image) 200 https://paciolibucket.s3.us-east-2.amazonaws.com/orgs/c64b69f6759a43a1bc0ae31961876751/companies/logos/e9767ff4-7186-447f-a397-208ea6bbfdb8_ninosfelices.png?X-Amz-Expires=600&X-Amz-Algorithm=AWS4-HMAC-SHA256&X-Amz-Credential=AKIAVYV5Z6T6UQ4ARWOC%2F20260218%2Fus-east-2%2Fs3%2Faws4_request&X-Amz-Date=20260218T005607Z&X-Amz-SignedHeaders=host&X-Amz-Signature=fe2025156fb580da2cbbce218a5fff90e38d5fc1a4ae111db0c11e9a557be278","meta":{"rootId":"agx07aqz1cx2pen","id":"agx07aqz1cx2pen"},"id":"yyh0arzy7icwrgc","previousOperationId":"8ohwl3ajj58x9tm"}
{"type":"log","timestamp":1771378316964,"level":"debug","message":"Running chrome with params {\"printBackground\":true,\"timeout\":59894,\"margin\":{}}","meta":{"rootId":"agx07aqz1cx2pen","id":"agx07aqz1cx2pen"},"id":"e9nfjzx5rti2x5t","previousOperationId":"8ohwl3ajj58x9tm"}
{"type":"operationEnd","operationId":"8ohwl3ajj58x9tm","timestamp":1771378317028,"id":"xqojc3uwix3vizu","previousEventId":"8grox9teiwvmskh","previousOperationId":"8ohwl3ajj58x9tm"}
{"type":"log","timestamp":1771378317028,"level":"debug","message":"Skipping storing report.","meta":{"rootId":"agx07aqz1cx2pen","id":"agx07aqz1cx2pen"},"id":"68g6s4w7erv28bv","previousOperationId":"8ohwl3ajj58x9tm"}
{"type":"log","timestamp":1771378317028,"level":"info","message":"Rendering request 19 finished in 283 ms","meta":{"rootId":"agx07aqz1cx2pen","id":"agx07aqz1cx2pen"},"id":"amu83fhwjmfr3db","previousOperationId":"8ohwl3ajj58x9tm"}
{"type":"operationEnd","subtype":"render","operationId":"sqalxbv6rut4ehm","timestamp":1771378317028,"id":"d8qqbjyiitqq8q9","previousEventId":"xqojc3uwix3vizu","previousOperationId":"8ohwl3ajj58x9tm"}
{"type":"operationEnd","doDiffs":false,"previousEventId":"rty1m5ldrj0qaan","previousOperationId":"67tr2tpqkgqeg6y","operationId":"67tr2tpqkgqeg6y","timestamp":1771378317030,"id":"2vy4tkalquecrqg"}
