{"type":"operationStart","subtype":"profile","data":{"_id":"Dri15OIO8kEhEQY8","timestamp":"2026-02-18T02:53:56.173Z","state":"queued","mode":"standard","creationDate":"2026-02-18T02:53:56.174Z","modificationDate":"2026-02-18T02:53:56.174Z","shortid":"oO5SDyl","$entitySet":"profiles"},"doDiffs":false,"timestamp":1771383236174,"id":"00n2k4uk4ekmhpq","previousOperationId":null,"operationId":"kas0kzjtap46w5p"}
{"type":"log","level":"info","message":"Render request 38 queued for execution and waiting for available worker","previousOperationId":"kas0kzjtap46w5p","timestamp":1771383236174,"id":"fgkrzdmhz3hxkfi"}
{"type":"operationStart","subtype":"render","name":"trial-balance-v1","previousOperationId":"kas0kzjtap46w5p","timestamp":1771383236242,"id":"innm9rdv4sfk2ob","previousEventId":"00n2k4uk4ekmhpq","operationId":"6soeax5vhrcj6gc"}
{"type":"log","timestamp":1771383236244,"level":"info","message":"Starting rendering request 38","meta":{"rootId":"as4yxq40s6hfoxw","id":"as4yxq40s6hfoxw"},"id":"ht1ke82r1hkg9mv","previousOperationId":"6soeax5vhrcj6gc"}
{"type":"log","timestamp":1771383236247,"level":"info","message":"Rendering template { name: trial-balance-v1, recipe: chrome-pdf, engine: handlebars, preview: false }","meta":{"rootId":"as4yxq40s6hfoxw","id":"as4yxq40s6hfoxw"},"id":"fnbkr7kr1ramd1d","previousOperationId":"6soeax5vhrcj6gc"}
{"type":"log","timestamp":1771383236251,"level":"debug","message":"Inline data specified.","meta":{"rootId":"as4yxq40s6hfoxw","id":"as4yxq40s6hfoxw"},"id":"rue2kiy11rtlp88","previousOperationId":"6soeax5vhrcj6gc"}
{"type":"log","timestamp":1771383236255,"level":"debug","message":"Base url not specified, skipping its injection.","meta":{"rootId":"as4yxq40s6hfoxw","id":"as4yxq40s6hfoxw"},"id":"atjpnbhbg23rb1e","previousOperationId":"6soeax5vhrcj6gc"}
{"type":"operationStart","subtype":"engine","name":"handlebars","timestamp":1771383236259,"id":"3ww8l6421wuxd61","previousEventId":"innm9rdv4sfk2ob","operationId":"lxumas6ewsimifb","previousOperationId":"6soeax5vhrcj6gc"}
{"type":"log","timestamp":1771383236259,"level":"debug","message":"Rendering engine handlebars","meta":{"rootId":"as4yxq40s6hfoxw","id":"as4yxq40s6hfoxw"},"id":"tjzdnrkgm5v3a5l","previousOperationId":"lxumas6ewsimifb"}
{"type":"operationEnd","operationId":"lxumas6ewsimifb","timestamp":1771383236307,"id":"a4e7gx8g0mgyrxz","previousEventId":"3ww8l6421wuxd61","previousOperationId":"lxumas6ewsimifb"}
{"type":"operationStart","subtype":"recipe","name":"chrome-pdf","timestamp":1771383236308,"id":"flwz94llk3oahyj","previousEventId":"a4e7gx8g0mgyrxz","operationId":"5kujd8o7n86dfjq","previousOperationId":"lxumas6ewsimifb"}
{"type":"log","timestamp":1771383236308,"level":"debug","message":"Executing recipe chrome-pdf","meta":{"rootId":"as4yxq40s6hfoxw","id":"as4yxq40s6hfoxw"},"id":"3kompoucsw66i0g","previousOperationId":"5kujd8o7n86dfjq"}
{"type":"log","timestamp":1771383236328,"level":"debug","message":"Converting with chrome Chrome/142.0.7444.175 using chrome-pool strategy","meta":{"rootId":"as4yxq40s6hfoxw","id":"as4yxq40s6hfoxw"},"id":"gs5qi81aewvravw","previousOperationId":"5kujd8o7n86dfjq"}
{"type":"log","timestamp":1771383236426,"level":"debug","message":"Page request: GET (document) file:///tmp/jsreport/autocleanup/7bf030b4-8afd-4c22-bd91-a9798a431711-chrome-pdf.html","meta":{"rootId":"as4yxq40s6hfoxw","id":"as4yxq40s6hfoxw"},"id":"0dbf164e8f33wi9","previousOperationId":"5kujd8o7n86dfjq"}
{"type":"log","timestamp":1771383236442,"level":"debug","message":"Page request finished: GET (document) 200 file:///tmp/jsreport/autocleanup/7bf030b4-8afd-4c22-bd91-a9798a431711-chrome-pdf.html","meta":{"rootId":"as4yxq40s6hfoxw","id":"as4yxq40s6hfoxw"},"id":"n4v4dptdogbj8nm","previousOperationId":"5kujd8o7n86dfjq"}
{"type":"log","timestamp":1771383236443,"level":"debug","message":"Page request: GET (image) https://paciolibucket.s3.us-east-2.amazonaws.com/orgs/c64b69f6759a43a1bc0ae31961876751/companies/logos/e9767ff4-7186-447f-a397-208ea6bbfdb8_ninosfelices.png?X-Amz-Expires=600&X-Amz-Algorithm=AWS4-HMAC-SHA256&X-Amz-Credential=AKIAVYV5Z6T6UQ4ARWOC%2F20260218%2Fus-east-2%2Fs3%2Faws4_request&X-Amz-Date=20260218T025356Z&X-Amz-SignedHeaders=host&X-Amz-Signature=f82a3476c36e80b66a44b5799335a28c22e59f3af2be0880ba82ee766395573f","meta":{"rootId":"as4yxq40s6hfoxw","id":"as4yxq40s6hfoxw"},"id":"32gsgjy0wkzk9pm","previousOperationId":"5kujd8o7n86dfjq"}
{"type":"log","timestamp":1771383236898,"level":"debug","message":"Page request finished: GET (image) 200 https://paciolibucket.s3.us-east-2.amazonaws.com/orgs/c64b69f6759a43a1bc0ae31961876751/companies/logos/e9767ff4-7186-447f-a397-208ea6bbfdb8_ninosfelices.png?X-Amz-Expires=600&X-Amz-Algorithm=AWS4-HMAC-SHA256&X-Amz-Credential=AKIAVYV5Z6T6UQ4ARWOC%2F20260218%2Fus-east-2%2Fs3%2Faws4_request&X-Amz-Date=20260218T025356Z&X-Amz-SignedHeaders=host&X-Amz-Signature=f82a3476c36e80b66a44b5799335a28c22e59f3af2be0880ba82ee766395573f","meta":{"rootId":"as4yxq40s6hfoxw","id":"as4yxq40s6hfoxw"},"id":"l3lojtm6le1st2b","previousOperationId":"5kujd8o7n86dfjq"}
{"type":"log","timestamp":1771383236902,"level":"debug","message":"Running chrome with params {\"printBackground\":true,\"timeout\":59860,\"margin\":{}}","meta":{"rootId":"as4yxq40s6hfoxw","id":"as4yxq40s6hfoxw"},"id":"nr9yfkwsjqxdqw8","previousOperationId":"5kujd8o7n86dfjq"}
{"type":"operationEnd","operationId":"5kujd8o7n86dfjq","timestamp":1771383236968,"id":"zhqimguppsmm72k","previousEventId":"flwz94llk3oahyj","previousOperationId":"5kujd8o7n86dfjq"}
{"type":"log","timestamp":1771383236968,"level":"debug","message":"Skipping storing report.","meta":{"rootId":"as4yxq40s6hfoxw","id":"as4yxq40s6hfoxw"},"id":"gtzkjoti6muf1l4","previousOperationId":"5kujd8o7n86dfjq"}
{"type":"log","timestamp":1771383236968,"level":"info","message":"Rendering request 38 finished in 795 ms","meta":{"rootId":"as4yxq40s6hfoxw","id":"as4yxq40s6hfoxw"},"id":"pp4zcjvxf0y9xv9","previousOperationId":"5kujd8o7n86dfjq"}
{"type":"operationEnd","subtype":"render","operationId":"6soeax5vhrcj6gc","timestamp":1771383236968,"id":"8ctehqibefxce0c","previousEventId":"zhqimguppsmm72k","previousOperationId":"5kujd8o7n86dfjq"}
{"type":"operationEnd","doDiffs":false,"previousEventId":"00n2k4uk4ekmhpq","previousOperationId":"kas0kzjtap46w5p","operationId":"kas0kzjtap46w5p","timestamp":1771383236970,"id":"3urrbyqtcwxyyth"}
