{"type":"operationStart","subtype":"profile","data":{"_id":"XpLGe0rBEEamNHSq","timestamp":"2026-02-18T03:47:27.129Z","state":"queued","mode":"standard","creationDate":"2026-02-18T03:47:27.134Z","modificationDate":"2026-02-18T03:47:27.134Z","shortid":"sKSU4AS","$entitySet":"profiles"},"doDiffs":false,"timestamp":1771386447132,"id":"5vtgw4y9rtt5v88","previousOperationId":null,"operationId":"i05vhsgka1chqsz"}
{"type":"log","level":"info","message":"Render request 47 queued for execution and waiting for available worker","previousOperationId":"i05vhsgka1chqsz","timestamp":1771386447133,"id":"x7sz3uw5ymlnb81"}
{"type":"operationStart","subtype":"render","name":"trial-balance-v1","previousOperationId":"i05vhsgka1chqsz","timestamp":1771386447207,"id":"9k6i90ugxnbyn49","previousEventId":"5vtgw4y9rtt5v88","operationId":"kbfnwmxlslpic4r"}
{"type":"log","timestamp":1771386447210,"level":"info","message":"Starting rendering request 47","meta":{"rootId":"ask85a433ffg8ip","id":"ask85a433ffg8ip"},"id":"brml6j1xxm8tsn5","previousOperationId":"kbfnwmxlslpic4r"}
{"type":"log","timestamp":1771386447213,"level":"info","message":"Rendering template { name: trial-balance-v1, recipe: chrome-pdf, engine: handlebars, preview: true }","meta":{"rootId":"ask85a433ffg8ip","id":"ask85a433ffg8ip"},"id":"0nrs4tiljq950q3","previousOperationId":"kbfnwmxlslpic4r"}
{"type":"log","timestamp":1771386447218,"level":"debug","message":"Inline data specified.","meta":{"rootId":"ask85a433ffg8ip","id":"ask85a433ffg8ip"},"id":"3ijrk4ny5kggzo2","previousOperationId":"kbfnwmxlslpic4r"}
{"type":"log","timestamp":1771386447225,"level":"debug","message":"Base url not specified, skipping its injection.","meta":{"rootId":"ask85a433ffg8ip","id":"ask85a433ffg8ip"},"id":"sl47a4v8kpbfpaf","previousOperationId":"kbfnwmxlslpic4r"}
{"type":"operationStart","subtype":"engine","name":"handlebars","timestamp":1771386447231,"id":"6c7wnhqh7n6pxrt","previousEventId":"9k6i90ugxnbyn49","operationId":"cjqsjf9sztfnbmh","previousOperationId":"kbfnwmxlslpic4r"}
{"type":"log","timestamp":1771386447231,"level":"debug","message":"Rendering engine handlebars","meta":{"rootId":"ask85a433ffg8ip","id":"ask85a433ffg8ip"},"id":"zmmjiiawffeontq","previousOperationId":"cjqsjf9sztfnbmh"}
{"type":"operationEnd","operationId":"cjqsjf9sztfnbmh","timestamp":1771386447350,"id":"vxw8h5x5w9lxy57","previousEventId":"6c7wnhqh7n6pxrt","previousOperationId":"cjqsjf9sztfnbmh"}
{"type":"operationStart","subtype":"recipe","name":"chrome-pdf","timestamp":1771386447351,"id":"sqtxi5f6tcn0w04","previousEventId":"vxw8h5x5w9lxy57","operationId":"2awt655uvc6zppk","previousOperationId":"cjqsjf9sztfnbmh"}
{"type":"log","timestamp":1771386447351,"level":"debug","message":"Executing recipe chrome-pdf","meta":{"rootId":"ask85a433ffg8ip","id":"ask85a433ffg8ip"},"id":"f9ph0xvj2tebr7l","previousOperationId":"2awt655uvc6zppk"}
{"type":"log","timestamp":1771386447374,"level":"debug","message":"Converting with chrome Chrome/142.0.7444.175 using chrome-pool strategy","meta":{"rootId":"ask85a433ffg8ip","id":"ask85a433ffg8ip"},"id":"l3titikuif9qo15","previousOperationId":"2awt655uvc6zppk"}
{"type":"log","timestamp":1771386447705,"level":"debug","message":"Page request: GET (document) file:///tmp/jsreport/autocleanup/0b056fa1-fc64-4981-9690-8c17738ede79-chrome-pdf.html","meta":{"rootId":"ask85a433ffg8ip","id":"ask85a433ffg8ip"},"id":"lhbpf81re1ljw38","previousOperationId":"2awt655uvc6zppk"}
{"type":"log","timestamp":1771386447733,"level":"debug","message":"Page request finished: GET (document) 200 file:///tmp/jsreport/autocleanup/0b056fa1-fc64-4981-9690-8c17738ede79-chrome-pdf.html","meta":{"rootId":"ask85a433ffg8ip","id":"ask85a433ffg8ip"},"id":"hc2jyacwqb3okh4","previousOperationId":"2awt655uvc6zppk"}
{"type":"log","timestamp":1771386447737,"level":"debug","message":"Page request: GET (image) https://paciolibucket.s3.us-east-2.amazonaws.com/orgs/c64b69f6759a43a1bc0ae31961876751/companies/logos/e9767ff4-7186-447f-a397-208ea6bbfdb8_ninosfelices.png?X-Amz-Expires=600&X-Amz-Algorithm=AWS4-HMAC-SHA256&X-Amz-Credential=AKIAVYV5Z6T6UQ4ARWOC%2F20260218%2Fus-east-2%2Fs3%2Faws4_request&X-Amz-Date=20260218T034649Z&X-Amz-SignedHeaders=host&X-Amz-Signature=77d7211e18bd06f18b51881e12ee0a69699941813be474237b00295f4d7db2c0","meta":{"rootId":"ask85a433ffg8ip","id":"ask85a433ffg8ip"},"id":"4kg7md1c6blgn8j","previousOperationId":"2awt655uvc6zppk"}
{"type":"log","timestamp":1771386448313,"level":"debug","message":"Page request finished: GET (image) 200 https://paciolibucket.s3.us-east-2.amazonaws.com/orgs/c64b69f6759a43a1bc0ae31961876751/companies/logos/e9767ff4-7186-447f-a397-208ea6bbfdb8_ninosfelices.png?X-Amz-Expires=600&X-Amz-Algorithm=AWS4-HMAC-SHA256&X-Amz-Credential=AKIAVYV5Z6T6UQ4ARWOC%2F20260218%2Fus-east-2%2Fs3%2Faws4_request&X-Amz-Date=20260218T034649Z&X-Amz-SignedHeaders=host&X-Amz-Signature=77d7211e18bd06f18b51881e12ee0a69699941813be474237b00295f4d7db2c0","meta":{"rootId":"ask85a433ffg8ip","id":"ask85a433ffg8ip"},"id":"nazo39rwca3jz4d","previousOperationId":"2awt655uvc6zppk"}
{"type":"log","timestamp":1771386448318,"level":"debug","message":"Running chrome with params {\"printBackground\":true,\"timeout\":59768,\"margin\":{}}","meta":{"rootId":"ask85a433ffg8ip","id":"ask85a433ffg8ip"},"id":"v7lorbcelb3h8dw","previousOperationId":"2awt655uvc6zppk"}
{"type":"operationEnd","operationId":"2awt655uvc6zppk","timestamp":1771386448478,"id":"ag8dokgt6if3qd0","previousEventId":"sqtxi5f6tcn0w04","previousOperationId":"2awt655uvc6zppk"}
{"type":"log","timestamp":1771386448478,"level":"debug","message":"Skipping storing report.","meta":{"rootId":"ask85a433ffg8ip","id":"ask85a433ffg8ip"},"id":"zkrie0v9wq4ege3","previousOperationId":"2awt655uvc6zppk"}
{"type":"log","timestamp":1771386448478,"level":"info","message":"Rendering request 47 finished in 1355 ms","meta":{"rootId":"ask85a433ffg8ip","id":"ask85a433ffg8ip"},"id":"q1otrbj2ok8kiwo","previousOperationId":"2awt655uvc6zppk"}
{"type":"operationEnd","subtype":"render","operationId":"kbfnwmxlslpic4r","timestamp":1771386448478,"id":"lwkhosq8n1l5hgo","previousEventId":"ag8dokgt6if3qd0","previousOperationId":"2awt655uvc6zppk"}
{"type":"operationEnd","doDiffs":false,"previousEventId":"5vtgw4y9rtt5v88","previousOperationId":"i05vhsgka1chqsz","operationId":"i05vhsgka1chqsz","timestamp":1771386448482,"id":"u42ljisvg4eyiy6"}
