{"type":"operationStart","subtype":"profile","data":{"_id":"hMxxYmfDjlyvntsM","timestamp":"2026-02-19T03:56:44.158Z","state":"queued","mode":"standard","creationDate":"2026-02-19T03:56:44.163Z","modificationDate":"2026-02-19T03:56:44.163Z","shortid":"_xpEgam","$entitySet":"profiles"},"doDiffs":false,"timestamp":1771473404161,"id":"xkrd1koqp8u7t3s","previousOperationId":null,"operationId":"dnhx8isjwzom8k9"}
{"type":"log","level":"info","message":"Render request 6 queued for execution and waiting for available worker","previousOperationId":"dnhx8isjwzom8k9","timestamp":1771473404161,"id":"gqqmw9eo858i7ai"}
{"type":"operationStart","subtype":"render","name":"trial-balance-v1","previousOperationId":"dnhx8isjwzom8k9","timestamp":1771473404259,"id":"rg50gjybegjaf1i","previousEventId":"xkrd1koqp8u7t3s","operationId":"uootgugc4aqyzzk"}
{"type":"log","timestamp":1771473404259,"level":"info","message":"Starting rendering request 6","meta":{"rootId":"cz1394yr0hj0370","id":"cz1394yr0hj0370"},"id":"8jykpjgn1be31si","previousOperationId":"uootgugc4aqyzzk"}
{"type":"log","timestamp":1771473404260,"level":"info","message":"Rendering template { name: trial-balance-v1, recipe: chrome-pdf, engine: handlebars, preview: false }","meta":{"rootId":"cz1394yr0hj0370","id":"cz1394yr0hj0370"},"id":"0g228djflq53x9c","previousOperationId":"uootgugc4aqyzzk"}
{"type":"log","timestamp":1771473404263,"level":"debug","message":"Inline data specified.","meta":{"rootId":"cz1394yr0hj0370","id":"cz1394yr0hj0370"},"id":"d7thzoxndg28tjl","previousOperationId":"uootgugc4aqyzzk"}
{"type":"log","timestamp":1771473404267,"level":"debug","message":"Base url not specified, skipping its injection.","meta":{"rootId":"cz1394yr0hj0370","id":"cz1394yr0hj0370"},"id":"ilxmfqka43t609v","previousOperationId":"uootgugc4aqyzzk"}
{"type":"operationStart","subtype":"engine","name":"handlebars","timestamp":1771473404268,"id":"oj84u2o98genx6z","previousEventId":"rg50gjybegjaf1i","operationId":"ary1s584q2gbp3u","previousOperationId":"uootgugc4aqyzzk"}
{"type":"log","timestamp":1771473404268,"level":"debug","message":"Rendering engine handlebars","meta":{"rootId":"cz1394yr0hj0370","id":"cz1394yr0hj0370"},"id":"wz06zkbd44uwehx","previousOperationId":"ary1s584q2gbp3u"}
{"type":"operationEnd","operationId":"ary1s584q2gbp3u","timestamp":1771473404306,"id":"a11o04o2u10az7h","previousEventId":"oj84u2o98genx6z","previousOperationId":"ary1s584q2gbp3u"}
{"type":"operationStart","subtype":"recipe","name":"chrome-pdf","timestamp":1771473404310,"id":"yzklf0mkied6q3q","previousEventId":"a11o04o2u10az7h","operationId":"fb6ywjvg9znlwhu","previousOperationId":"ary1s584q2gbp3u"}
{"type":"log","timestamp":1771473404310,"level":"debug","message":"Executing recipe chrome-pdf","meta":{"rootId":"cz1394yr0hj0370","id":"cz1394yr0hj0370"},"id":"ajzf69cv7o83pa5","previousOperationId":"fb6ywjvg9znlwhu"}
{"type":"log","timestamp":1771473404313,"level":"debug","message":"Converting with chrome Chrome/142.0.7444.175 using chrome-pool strategy","meta":{"rootId":"cz1394yr0hj0370","id":"cz1394yr0hj0370"},"id":"o6ie0koy4uh53vq","previousOperationId":"fb6ywjvg9znlwhu"}
{"type":"log","timestamp":1771473404352,"level":"debug","message":"Page request: GET (document) file:///tmp/jsreport/autocleanup/f0167507-9688-4451-8c64-40701d7e73a0-chrome-pdf.html","meta":{"rootId":"cz1394yr0hj0370","id":"cz1394yr0hj0370"},"id":"6gqk53tlx2n66xp","previousOperationId":"fb6ywjvg9znlwhu"}
{"type":"log","timestamp":1771473404364,"level":"debug","message":"Page request finished: GET (document) 200 file:///tmp/jsreport/autocleanup/f0167507-9688-4451-8c64-40701d7e73a0-chrome-pdf.html","meta":{"rootId":"cz1394yr0hj0370","id":"cz1394yr0hj0370"},"id":"pmyx7lanhdivpej","previousOperationId":"fb6ywjvg9znlwhu"}
{"type":"log","timestamp":1771473404365,"level":"debug","message":"Page request: GET (image) https://paciolibucket.s3.us-east-2.amazonaws.com/orgs/c64b69f6759a43a1bc0ae31961876751/companies/logos/b6e6bbb3-4217-4336-88b7-161c9ce34ada_Applicorp%20Logo.png?X-Amz-Expires=600&X-Amz-Algorithm=AWS4-HMAC-SHA256&X-Amz-Credential=AKIAVYV5Z6T6UQ4ARWOC%2F20260219%2Fus-east-2%2Fs3%2Faws4_request&X-Amz-Date=20260219T035644Z&X-Amz-SignedHeaders=host&X-Amz-Signature=2bb4c0539c286dfccb98e3cb898942dae47babae4a4570d18db047fd7ab1f87d","meta":{"rootId":"cz1394yr0hj0370","id":"cz1394yr0hj0370"},"id":"5woq4a8upy2vy1z","previousOperationId":"fb6ywjvg9znlwhu"}
{"type":"log","timestamp":1771473404875,"level":"debug","message":"Page request finished: GET (image) 200 https://paciolibucket.s3.us-east-2.amazonaws.com/orgs/c64b69f6759a43a1bc0ae31961876751/companies/logos/b6e6bbb3-4217-4336-88b7-161c9ce34ada_Applicorp%20Logo.png?X-Amz-Expires=600&X-Amz-Algorithm=AWS4-HMAC-SHA256&X-Amz-Credential=AKIAVYV5Z6T6UQ4ARWOC%2F20260219%2Fus-east-2%2Fs3%2Faws4_request&X-Amz-Date=20260219T035644Z&X-Amz-SignedHeaders=host&X-Amz-Signature=2bb4c0539c286dfccb98e3cb898942dae47babae4a4570d18db047fd7ab1f87d","meta":{"rootId":"cz1394yr0hj0370","id":"cz1394yr0hj0370"},"id":"0e7bu8tvlw8orpq","previousOperationId":"fb6ywjvg9znlwhu"}
{"type":"log","timestamp":1771473404878,"level":"debug","message":"Running chrome with params {\"printBackground\":true,\"timeout\":59845,\"margin\":{}}","meta":{"rootId":"cz1394yr0hj0370","id":"cz1394yr0hj0370"},"id":"bm42k2dyhg007lx","previousOperationId":"fb6ywjvg9znlwhu"}
{"type":"operationEnd","operationId":"fb6ywjvg9znlwhu","timestamp":1771473405122,"id":"6zus39wyhpa6zcx","previousEventId":"yzklf0mkied6q3q","previousOperationId":"fb6ywjvg9znlwhu"}
{"type":"log","timestamp":1771473405122,"level":"debug","message":"Skipping storing report.","meta":{"rootId":"cz1394yr0hj0370","id":"cz1394yr0hj0370"},"id":"7tdh7ku2jj3s2b0","previousOperationId":"fb6ywjvg9znlwhu"}
{"type":"log","timestamp":1771473405122,"level":"info","message":"Rendering request 6 finished in 965 ms","meta":{"rootId":"cz1394yr0hj0370","id":"cz1394yr0hj0370"},"id":"vyec32g9uzp1mga","previousOperationId":"fb6ywjvg9znlwhu"}
{"type":"operationEnd","subtype":"render","operationId":"uootgugc4aqyzzk","timestamp":1771473405122,"id":"w026cjfhmntmlpf","previousEventId":"6zus39wyhpa6zcx","previousOperationId":"fb6ywjvg9znlwhu"}
{"type":"operationEnd","doDiffs":false,"previousEventId":"xkrd1koqp8u7t3s","previousOperationId":"dnhx8isjwzom8k9","operationId":"dnhx8isjwzom8k9","timestamp":1771473405123,"id":"hmfd06y5rmsnofc"}
