{"type":"operationStart","subtype":"profile","data":{"_id":"z7ZsgsQxczvksT3y","timestamp":"2026-02-18T03:54:53.849Z","state":"queued","mode":"standard","creationDate":"2026-02-18T03:54:53.864Z","modificationDate":"2026-02-18T03:54:53.864Z","shortid":"daXZ_ds","$entitySet":"profiles"},"doDiffs":false,"timestamp":1771386893852,"id":"fcf58sxqwog54t6","previousOperationId":null,"operationId":"90x5u2tjbt7jpxb"}
{"type":"log","level":"info","message":"Render request 50 queued for execution and waiting for available worker","previousOperationId":"90x5u2tjbt7jpxb","timestamp":1771386893853,"id":"0zbpskfmzc9oa36"}
{"type":"operationStart","subtype":"render","name":"trial-balance-v1","previousOperationId":"90x5u2tjbt7jpxb","timestamp":1771386893960,"id":"k64w21kh3aigciw","previousEventId":"fcf58sxqwog54t6","operationId":"x6jpvztgrkoz31h"}
{"type":"log","timestamp":1771386893963,"level":"info","message":"Starting rendering request 50","meta":{"rootId":"d6xvgi3oaabpwky","id":"d6xvgi3oaabpwky"},"id":"p3ovj6rgqwuiqln","previousOperationId":"x6jpvztgrkoz31h"}
{"type":"log","timestamp":1771386893968,"level":"info","message":"Rendering template { name: trial-balance-v1, recipe: chrome-pdf, engine: handlebars, preview: false }","meta":{"rootId":"d6xvgi3oaabpwky","id":"d6xvgi3oaabpwky"},"id":"ookuonqx469806l","previousOperationId":"x6jpvztgrkoz31h"}
{"type":"log","timestamp":1771386893972,"level":"debug","message":"Inline data specified.","meta":{"rootId":"d6xvgi3oaabpwky","id":"d6xvgi3oaabpwky"},"id":"60qy5u1r9t8vozh","previousOperationId":"x6jpvztgrkoz31h"}
{"type":"log","timestamp":1771386893977,"level":"debug","message":"Base url not specified, skipping its injection.","meta":{"rootId":"d6xvgi3oaabpwky","id":"d6xvgi3oaabpwky"},"id":"o1vspsa5wpf5xqc","previousOperationId":"x6jpvztgrkoz31h"}
{"type":"operationStart","subtype":"engine","name":"handlebars","timestamp":1771386893985,"id":"e9dix0m8dbmwbg8","previousEventId":"k64w21kh3aigciw","operationId":"ew19rz4d1057h8f","previousOperationId":"x6jpvztgrkoz31h"}
{"type":"log","timestamp":1771386893985,"level":"debug","message":"Rendering engine handlebars","meta":{"rootId":"d6xvgi3oaabpwky","id":"d6xvgi3oaabpwky"},"id":"joeorp2tumy25l4","previousOperationId":"ew19rz4d1057h8f"}
{"type":"operationEnd","operationId":"ew19rz4d1057h8f","timestamp":1771386894090,"id":"cda4huglzcy7zc0","previousEventId":"e9dix0m8dbmwbg8","previousOperationId":"ew19rz4d1057h8f"}
{"type":"operationStart","subtype":"recipe","name":"chrome-pdf","timestamp":1771386894092,"id":"53kq8jf0ltmkmro","previousEventId":"cda4huglzcy7zc0","operationId":"yykysj1azmphnr0","previousOperationId":"ew19rz4d1057h8f"}
{"type":"log","timestamp":1771386894092,"level":"debug","message":"Executing recipe chrome-pdf","meta":{"rootId":"d6xvgi3oaabpwky","id":"d6xvgi3oaabpwky"},"id":"gzia1hc7oeb0jul","previousOperationId":"yykysj1azmphnr0"}
{"type":"log","timestamp":1771386894134,"level":"debug","message":"Converting with chrome Chrome/142.0.7444.175 using chrome-pool strategy","meta":{"rootId":"d6xvgi3oaabpwky","id":"d6xvgi3oaabpwky"},"id":"3qgqjep6ugma8m1","previousOperationId":"yykysj1azmphnr0"}
{"type":"log","timestamp":1771386894553,"level":"debug","message":"Page request: GET (document) file:///tmp/jsreport/autocleanup/10d8bde8-c75c-4b83-b934-7d9addc1d42a-chrome-pdf.html","meta":{"rootId":"d6xvgi3oaabpwky","id":"d6xvgi3oaabpwky"},"id":"dgd7a52091x4r2l","previousOperationId":"yykysj1azmphnr0"}
{"type":"log","timestamp":1771386894593,"level":"debug","message":"Page request finished: GET (document) 200 file:///tmp/jsreport/autocleanup/10d8bde8-c75c-4b83-b934-7d9addc1d42a-chrome-pdf.html","meta":{"rootId":"d6xvgi3oaabpwky","id":"d6xvgi3oaabpwky"},"id":"e633n83qa64zelg","previousOperationId":"yykysj1azmphnr0"}
{"type":"log","timestamp":1771386894593,"level":"debug","message":"Page request: GET (image) https://paciolibucket.s3.us-east-2.amazonaws.com/orgs/c64b69f6759a43a1bc0ae31961876751/companies/logos/e9767ff4-7186-447f-a397-208ea6bbfdb8_ninosfelices.png?X-Amz-Expires=600&X-Amz-Algorithm=AWS4-HMAC-SHA256&X-Amz-Credential=AKIAVYV5Z6T6UQ4ARWOC%2F20260218%2Fus-east-2%2Fs3%2Faws4_request&X-Amz-Date=20260218T035453Z&X-Amz-SignedHeaders=host&X-Amz-Signature=b325bec4aaca3ee310544957ddb94b2415f9c8c02b0a5823b8c954a491a8b09e","meta":{"rootId":"d6xvgi3oaabpwky","id":"d6xvgi3oaabpwky"},"id":"4l0m5uskb4htqfs","previousOperationId":"yykysj1azmphnr0"}
{"type":"log","timestamp":1771386895115,"level":"debug","message":"Page request finished: GET (image) 200 https://paciolibucket.s3.us-east-2.amazonaws.com/orgs/c64b69f6759a43a1bc0ae31961876751/companies/logos/e9767ff4-7186-447f-a397-208ea6bbfdb8_ninosfelices.png?X-Amz-Expires=600&X-Amz-Algorithm=AWS4-HMAC-SHA256&X-Amz-Credential=AKIAVYV5Z6T6UQ4ARWOC%2F20260218%2Fus-east-2%2Fs3%2Faws4_request&X-Amz-Date=20260218T035453Z&X-Amz-SignedHeaders=host&X-Amz-Signature=b325bec4aaca3ee310544957ddb94b2415f9c8c02b0a5823b8c954a491a8b09e","meta":{"rootId":"d6xvgi3oaabpwky","id":"d6xvgi3oaabpwky"},"id":"jcp89coo2f3gc9h","previousOperationId":"yykysj1azmphnr0"}
{"type":"log","timestamp":1771386895119,"level":"debug","message":"Running chrome with params {\"printBackground\":true,\"timeout\":59732,\"margin\":{}}","meta":{"rootId":"d6xvgi3oaabpwky","id":"d6xvgi3oaabpwky"},"id":"5g9djhl74prde36","previousOperationId":"yykysj1azmphnr0"}
{"type":"operationEnd","operationId":"yykysj1azmphnr0","timestamp":1771386895258,"id":"4f2n0riyinoa5f6","previousEventId":"53kq8jf0ltmkmro","previousOperationId":"yykysj1azmphnr0"}
{"type":"log","timestamp":1771386895258,"level":"debug","message":"Skipping storing report.","meta":{"rootId":"d6xvgi3oaabpwky","id":"d6xvgi3oaabpwky"},"id":"o80e4czc0j32ej7","previousOperationId":"yykysj1azmphnr0"}
{"type":"log","timestamp":1771386895258,"level":"info","message":"Rendering request 50 finished in 1421 ms","meta":{"rootId":"d6xvgi3oaabpwky","id":"d6xvgi3oaabpwky"},"id":"nocnvseoohej465","previousOperationId":"yykysj1azmphnr0"}
{"type":"operationEnd","subtype":"render","operationId":"x6jpvztgrkoz31h","timestamp":1771386895258,"id":"5v9kqjfnsx50mji","previousEventId":"4f2n0riyinoa5f6","previousOperationId":"yykysj1azmphnr0"}
{"type":"operationEnd","doDiffs":false,"previousEventId":"fcf58sxqwog54t6","previousOperationId":"90x5u2tjbt7jpxb","operationId":"90x5u2tjbt7jpxb","timestamp":1771386895260,"id":"lwk47mlnkds6x95"}
