{"type":"operationStart","subtype":"profile","data":{"_id":"owmUvnFzo098Ih6a","timestamp":"2026-02-19T15:36:06.765Z","state":"queued","mode":"standard","creationDate":"2026-02-19T15:36:06.766Z","modificationDate":"2026-02-19T15:36:06.766Z","shortid":"k-wtNh3","$entitySet":"profiles"},"doDiffs":false,"timestamp":1771515366766,"id":"38136k2hfilu9b7","previousOperationId":null,"operationId":"wyzruwzv5d8kgw9"}
{"type":"log","level":"info","message":"Render request 5 queued for execution and waiting for available worker","previousOperationId":"wyzruwzv5d8kgw9","timestamp":1771515366766,"id":"7pbxdjrhvi75pw4"}
{"type":"operationStart","subtype":"render","name":"trial-balance-v1","previousOperationId":"wyzruwzv5d8kgw9","timestamp":1771515366816,"id":"0ocnbqwz1fn528u","previousEventId":"38136k2hfilu9b7","operationId":"ydga0oej1mqe980"}
{"type":"log","timestamp":1771515366817,"level":"info","message":"Starting rendering request 5","meta":{"rootId":"di5ie4te8mwe03b","id":"di5ie4te8mwe03b"},"id":"fafvhkqgjbcuv9g","previousOperationId":"ydga0oej1mqe980"}
{"type":"log","timestamp":1771515366818,"level":"info","message":"Rendering template { name: trial-balance-v1, recipe: chrome-pdf, engine: handlebars, preview: false }","meta":{"rootId":"di5ie4te8mwe03b","id":"di5ie4te8mwe03b"},"id":"ysqs3aup5023txe","previousOperationId":"ydga0oej1mqe980"}
{"type":"log","timestamp":1771515366843,"level":"debug","message":"Inline data specified.","meta":{"rootId":"di5ie4te8mwe03b","id":"di5ie4te8mwe03b"},"id":"0n52s6h1mmotrhe","previousOperationId":"ydga0oej1mqe980"}
{"type":"log","timestamp":1771515366847,"level":"debug","message":"Base url not specified, skipping its injection.","meta":{"rootId":"di5ie4te8mwe03b","id":"di5ie4te8mwe03b"},"id":"ipf9q8gk7za5tfc","previousOperationId":"ydga0oej1mqe980"}
{"type":"operationStart","subtype":"engine","name":"handlebars","timestamp":1771515366849,"id":"lgbk1xz1cwd2zhi","previousEventId":"0ocnbqwz1fn528u","operationId":"b3qmqieqat255q3","previousOperationId":"ydga0oej1mqe980"}
{"type":"log","timestamp":1771515366849,"level":"debug","message":"Rendering engine handlebars","meta":{"rootId":"di5ie4te8mwe03b","id":"di5ie4te8mwe03b"},"id":"qfauasorlbd2gkc","previousOperationId":"b3qmqieqat255q3"}
{"type":"operationEnd","operationId":"b3qmqieqat255q3","timestamp":1771515366940,"id":"wkjukj7tvjq4ixq","previousEventId":"lgbk1xz1cwd2zhi","previousOperationId":"b3qmqieqat255q3"}
{"type":"operationStart","subtype":"recipe","name":"chrome-pdf","timestamp":1771515366944,"id":"y9ktgyz10ze7smr","previousEventId":"wkjukj7tvjq4ixq","operationId":"cycekl0fae1lgbg","previousOperationId":"b3qmqieqat255q3"}
{"type":"log","timestamp":1771515366944,"level":"debug","message":"Executing recipe chrome-pdf","meta":{"rootId":"di5ie4te8mwe03b","id":"di5ie4te8mwe03b"},"id":"nyqrnhwfvjmfpra","previousOperationId":"cycekl0fae1lgbg"}
{"type":"log","timestamp":1771515366960,"level":"debug","message":"Converting with chrome Chrome/142.0.7444.175 using chrome-pool strategy","meta":{"rootId":"di5ie4te8mwe03b","id":"di5ie4te8mwe03b"},"id":"uci9gch41de7r6r","previousOperationId":"cycekl0fae1lgbg"}
{"type":"log","timestamp":1771515367031,"level":"debug","message":"Page request: GET (document) file:///tmp/jsreport/autocleanup/bf073ad4-a622-4d3a-862f-6d764d28adbd-chrome-pdf.html","meta":{"rootId":"di5ie4te8mwe03b","id":"di5ie4te8mwe03b"},"id":"gso1hqihknig9xc","previousOperationId":"cycekl0fae1lgbg"}
{"type":"log","timestamp":1771515367046,"level":"debug","message":"Page request: GET (image) https://paciolibucket.s3.us-east-2.amazonaws.com/orgs/c64b69f6759a43a1bc0ae31961876751/companies/logos/b6e6bbb3-4217-4336-88b7-161c9ce34ada_Applicorp%20Logo.png?X-Amz-Expires=600&X-Amz-Algorithm=AWS4-HMAC-SHA256&X-Amz-Credential=AKIAVYV5Z6T6UQ4ARWOC%2F20260219%2Fus-east-2%2Fs3%2Faws4_request&X-Amz-Date=20260219T153606Z&X-Amz-SignedHeaders=host&X-Amz-Signature=3e6a08482a1181102a0d55548974997bf56e1310f00df2d6a2594507758eb696","meta":{"rootId":"di5ie4te8mwe03b","id":"di5ie4te8mwe03b"},"id":"4fdqxx3am9yaukh","previousOperationId":"cycekl0fae1lgbg"}
{"type":"log","timestamp":1771515367046,"level":"debug","message":"Page request finished: GET (document) 200 file:///tmp/jsreport/autocleanup/bf073ad4-a622-4d3a-862f-6d764d28adbd-chrome-pdf.html","meta":{"rootId":"di5ie4te8mwe03b","id":"di5ie4te8mwe03b"},"id":"zhbnbh33r8wltfb","previousOperationId":"cycekl0fae1lgbg"}
{"type":"log","timestamp":1771515367510,"level":"debug","message":"Page request finished: GET (image) 200 https://paciolibucket.s3.us-east-2.amazonaws.com/orgs/c64b69f6759a43a1bc0ae31961876751/companies/logos/b6e6bbb3-4217-4336-88b7-161c9ce34ada_Applicorp%20Logo.png?X-Amz-Expires=600&X-Amz-Algorithm=AWS4-HMAC-SHA256&X-Amz-Credential=AKIAVYV5Z6T6UQ4ARWOC%2F20260219%2Fus-east-2%2Fs3%2Faws4_request&X-Amz-Date=20260219T153606Z&X-Amz-SignedHeaders=host&X-Amz-Signature=3e6a08482a1181102a0d55548974997bf56e1310f00df2d6a2594507758eb696","meta":{"rootId":"di5ie4te8mwe03b","id":"di5ie4te8mwe03b"},"id":"ggu8nhar4wkeyic","previousOperationId":"cycekl0fae1lgbg"}
{"type":"log","timestamp":1771515367514,"level":"debug","message":"Running chrome with params {\"printBackground\":true,\"timeout\":59809,\"margin\":{}}","meta":{"rootId":"di5ie4te8mwe03b","id":"di5ie4te8mwe03b"},"id":"ryd49q9ru8vu7y9","previousOperationId":"cycekl0fae1lgbg"}
{"type":"operationEnd","operationId":"cycekl0fae1lgbg","timestamp":1771515367799,"id":"j4hzjhwbfm9lv9z","previousEventId":"y9ktgyz10ze7smr","previousOperationId":"cycekl0fae1lgbg"}
{"type":"log","timestamp":1771515367799,"level":"debug","message":"Skipping storing report.","meta":{"rootId":"di5ie4te8mwe03b","id":"di5ie4te8mwe03b"},"id":"8rumbbrve5r6ne2","previousOperationId":"cycekl0fae1lgbg"}
{"type":"log","timestamp":1771515367800,"level":"info","message":"Rendering request 5 finished in 1036 ms","meta":{"rootId":"di5ie4te8mwe03b","id":"di5ie4te8mwe03b"},"id":"l6hgertvpk18dvd","previousOperationId":"cycekl0fae1lgbg"}
{"type":"operationEnd","subtype":"render","operationId":"ydga0oej1mqe980","timestamp":1771515367800,"id":"886ipmfxebbgjzj","previousEventId":"j4hzjhwbfm9lv9z","previousOperationId":"cycekl0fae1lgbg"}
{"type":"operationEnd","doDiffs":false,"previousEventId":"38136k2hfilu9b7","previousOperationId":"wyzruwzv5d8kgw9","operationId":"wyzruwzv5d8kgw9","timestamp":1771515367801,"id":"8b0r0ycg0dcrfko"}
