{"type":"operationStart","subtype":"profile","data":{"_id":"kPQyw5N4vPhKq8Bn","timestamp":"2026-02-18T01:32:33.263Z","state":"queued","mode":"standard","creationDate":"2026-02-18T01:32:33.265Z","modificationDate":"2026-02-18T01:32:33.265Z","shortid":"06lXhCo","$entitySet":"profiles"},"doDiffs":false,"timestamp":1771378353265,"id":"yydffdjb7r14um8","previousOperationId":null,"operationId":"jg8ksftkmta6qtd"}
{"type":"log","level":"info","message":"Render request 20 queued for execution and waiting for available worker","previousOperationId":"jg8ksftkmta6qtd","timestamp":1771378353265,"id":"xzd7cl1dc4v1xrr"}
{"type":"operationStart","subtype":"render","name":"trial-balance-v1","previousOperationId":"jg8ksftkmta6qtd","timestamp":1771378353341,"id":"jctld8xqwpb92ci","previousEventId":"yydffdjb7r14um8","operationId":"4qontvmb9mjrl01"}
{"type":"log","timestamp":1771378353341,"level":"info","message":"Starting rendering request 20","meta":{"rootId":"dnbwt5u3nb6a5s5","id":"dnbwt5u3nb6a5s5"},"id":"w37hp69i7fypz60","previousOperationId":"4qontvmb9mjrl01"}
{"type":"log","timestamp":1771378353341,"level":"info","message":"Rendering template { name: trial-balance-v1, recipe: chrome-pdf, engine: handlebars, preview: true }","meta":{"rootId":"dnbwt5u3nb6a5s5","id":"dnbwt5u3nb6a5s5"},"id":"878i7qpf9s34ngk","previousOperationId":"4qontvmb9mjrl01"}
{"type":"log","timestamp":1771378353343,"level":"debug","message":"Inline data specified.","meta":{"rootId":"dnbwt5u3nb6a5s5","id":"dnbwt5u3nb6a5s5"},"id":"m94vv785wdz90hn","previousOperationId":"4qontvmb9mjrl01"}
{"type":"log","timestamp":1771378353347,"level":"debug","message":"Base url not specified, skipping its injection.","meta":{"rootId":"dnbwt5u3nb6a5s5","id":"dnbwt5u3nb6a5s5"},"id":"clsd84q8wxqy7cw","previousOperationId":"4qontvmb9mjrl01"}
{"type":"operationStart","subtype":"engine","name":"handlebars","timestamp":1771378353347,"id":"lhgejcgskr843pl","previousEventId":"jctld8xqwpb92ci","operationId":"hzr0fyhkywk50uj","previousOperationId":"4qontvmb9mjrl01"}
{"type":"log","timestamp":1771378353347,"level":"debug","message":"Rendering engine handlebars","meta":{"rootId":"dnbwt5u3nb6a5s5","id":"dnbwt5u3nb6a5s5"},"id":"82aipxeekd3zpm2","previousOperationId":"hzr0fyhkywk50uj"}
{"type":"operationEnd","operationId":"hzr0fyhkywk50uj","timestamp":1771378353355,"id":"zcoo3csu87ekyw4","previousEventId":"lhgejcgskr843pl","previousOperationId":"hzr0fyhkywk50uj"}
{"type":"operationStart","subtype":"recipe","name":"chrome-pdf","timestamp":1771378353355,"id":"z971iuzrzmu9vm9","previousEventId":"zcoo3csu87ekyw4","operationId":"4yoojvxliv0xghm","previousOperationId":"hzr0fyhkywk50uj"}
{"type":"log","timestamp":1771378353355,"level":"debug","message":"Executing recipe chrome-pdf","meta":{"rootId":"dnbwt5u3nb6a5s5","id":"dnbwt5u3nb6a5s5"},"id":"dwgz1yvoumxpcsf","previousOperationId":"4yoojvxliv0xghm"}
{"type":"log","timestamp":1771378353358,"level":"debug","message":"Converting with chrome Chrome/142.0.7444.175 using chrome-pool strategy","meta":{"rootId":"dnbwt5u3nb6a5s5","id":"dnbwt5u3nb6a5s5"},"id":"b0lhyv5kojl1da0","previousOperationId":"4yoojvxliv0xghm"}
{"type":"log","timestamp":1771378353404,"level":"debug","message":"Page request: GET (document) file:///tmp/jsreport/autocleanup/32f68451-f376-4a54-b839-c945dc2e2b88-chrome-pdf.html","meta":{"rootId":"dnbwt5u3nb6a5s5","id":"dnbwt5u3nb6a5s5"},"id":"tal485nff2qfzob","previousOperationId":"4yoojvxliv0xghm"}
{"type":"log","timestamp":1771378353412,"level":"debug","message":"Page request finished: GET (document) 200 file:///tmp/jsreport/autocleanup/32f68451-f376-4a54-b839-c945dc2e2b88-chrome-pdf.html","meta":{"rootId":"dnbwt5u3nb6a5s5","id":"dnbwt5u3nb6a5s5"},"id":"xjxgstm3jrnx2pr","previousOperationId":"4yoojvxliv0xghm"}
{"type":"log","timestamp":1771378353416,"level":"debug","message":"Page request: GET (image) https://paciolibucket.s3.us-east-2.amazonaws.com/orgs/c64b69f6759a43a1bc0ae31961876751/companies/logos/e9767ff4-7186-447f-a397-208ea6bbfdb8_ninosfelices.png?X-Amz-Expires=600&X-Amz-Algorithm=AWS4-HMAC-SHA256&X-Amz-Credential=AKIAVYV5Z6T6UQ4ARWOC%2F20260218%2Fus-east-2%2Fs3%2Faws4_request&X-Amz-Date=20260218T005607Z&X-Amz-SignedHeaders=host&X-Amz-Signature=fe2025156fb580da2cbbce218a5fff90e38d5fc1a4ae111db0c11e9a557be278","meta":{"rootId":"dnbwt5u3nb6a5s5","id":"dnbwt5u3nb6a5s5"},"id":"lkhsl1p9aakityr","previousOperationId":"4yoojvxliv0xghm"}
{"type":"log","timestamp":1771378353705,"level":"warn","message":"Page request failed: GET (image) https://paciolibucket.s3.us-east-2.amazonaws.com/orgs/c64b69f6759a43a1bc0ae31961876751/companies/logos/e9767ff4-7186-447f-a397-208ea6bbfdb8_ninosfelices.png?X-Amz-Expires=600&X-Amz-Algorithm=AWS4-HMAC-SHA256&X-Amz-Credential=AKIAVYV5Z6T6UQ4ARWOC%2F20260218%2Fus-east-2%2Fs3%2Faws4_request&X-Amz-Date=20260218T005607Z&X-Amz-SignedHeaders=host&X-Amz-Signature=fe2025156fb580da2cbbce218a5fff90e38d5fc1a4ae111db0c11e9a557be278, failure: net::ERR_BLOCKED_BY_ORB","meta":{"rootId":"dnbwt5u3nb6a5s5","id":"dnbwt5u3nb6a5s5"},"id":"z3qci98rg9yskxo","previousOperationId":"4yoojvxliv0xghm"}
{"type":"log","timestamp":1771378353709,"level":"debug","message":"Running chrome with params {\"printBackground\":true,\"timeout\":59905,\"margin\":{}}","meta":{"rootId":"dnbwt5u3nb6a5s5","id":"dnbwt5u3nb6a5s5"},"id":"r7qyz1k29fo9z09","previousOperationId":"4yoojvxliv0xghm"}
{"type":"operationEnd","operationId":"4yoojvxliv0xghm","timestamp":1771378353755,"id":"pp97w8eigg88z0c","previousEventId":"z971iuzrzmu9vm9","previousOperationId":"4yoojvxliv0xghm"}
{"type":"log","timestamp":1771378353756,"level":"debug","message":"Skipping storing report.","meta":{"rootId":"dnbwt5u3nb6a5s5","id":"dnbwt5u3nb6a5s5"},"id":"ywm05d2n1hnjm5i","previousOperationId":"4yoojvxliv0xghm"}
{"type":"log","timestamp":1771378353756,"level":"info","message":"Rendering request 20 finished in 494 ms","meta":{"rootId":"dnbwt5u3nb6a5s5","id":"dnbwt5u3nb6a5s5"},"id":"lbabz8j6viivo81","previousOperationId":"4yoojvxliv0xghm"}
{"type":"operationEnd","subtype":"render","operationId":"4qontvmb9mjrl01","timestamp":1771378353756,"id":"sdy3d88hw2qnuz3","previousEventId":"pp97w8eigg88z0c","previousOperationId":"4yoojvxliv0xghm"}
{"type":"operationEnd","doDiffs":false,"previousEventId":"yydffdjb7r14um8","previousOperationId":"jg8ksftkmta6qtd","operationId":"jg8ksftkmta6qtd","timestamp":1771378353757,"id":"kwthwt0t0209m2x"}
