{"type":"operationStart","subtype":"profile","data":{"_id":"tojtjTgIrmDF0bGb","timestamp":"2026-02-18T01:29:26.928Z","state":"queued","mode":"standard","creationDate":"2026-02-18T01:29:26.933Z","modificationDate":"2026-02-18T01:29:26.933Z","shortid":"fR5tHqQ","$entitySet":"profiles"},"doDiffs":false,"timestamp":1771378166930,"id":"mrd7dwlatxqpdzr","previousOperationId":null,"operationId":"a2njh4jw1n793d6"}
{"type":"log","level":"info","message":"Render request 15 queued for execution and waiting for available worker","previousOperationId":"a2njh4jw1n793d6","timestamp":1771378166932,"id":"pi9d8mnapm1p32z"}
{"type":"operationStart","subtype":"render","name":"trial-balance-v1","previousOperationId":"a2njh4jw1n793d6","timestamp":1771378167009,"id":"ilyoz68j5s65221","previousEventId":"mrd7dwlatxqpdzr","operationId":"00sks6v42rp2k60"}
{"type":"log","timestamp":1771378167010,"level":"info","message":"Starting rendering request 15","meta":{"rootId":"duqq7qmwwoq1tlt","id":"duqq7qmwwoq1tlt"},"id":"iuhsimfnhf92k8i","previousOperationId":"00sks6v42rp2k60"}
{"type":"log","timestamp":1771378167012,"level":"info","message":"Rendering template { name: trial-balance-v1, recipe: chrome-pdf, engine: handlebars, preview: true }","meta":{"rootId":"duqq7qmwwoq1tlt","id":"duqq7qmwwoq1tlt"},"id":"fzs5hsy5hbw14ip","previousOperationId":"00sks6v42rp2k60"}
{"type":"log","timestamp":1771378167014,"level":"debug","message":"Inline data specified.","meta":{"rootId":"duqq7qmwwoq1tlt","id":"duqq7qmwwoq1tlt"},"id":"xcg5gj2uf12lh33","previousOperationId":"00sks6v42rp2k60"}
{"type":"log","timestamp":1771378167020,"level":"debug","message":"Base url not specified, skipping its injection.","meta":{"rootId":"duqq7qmwwoq1tlt","id":"duqq7qmwwoq1tlt"},"id":"dme3sqipt37a68h","previousOperationId":"00sks6v42rp2k60"}
{"type":"operationStart","subtype":"engine","name":"handlebars","timestamp":1771378167023,"id":"ayajtna4d2v2ps3","previousEventId":"ilyoz68j5s65221","operationId":"82tbxpu1tcyw17o","previousOperationId":"00sks6v42rp2k60"}
{"type":"log","timestamp":1771378167023,"level":"debug","message":"Rendering engine handlebars","meta":{"rootId":"duqq7qmwwoq1tlt","id":"duqq7qmwwoq1tlt"},"id":"3nlktjg1ucqeyjz","previousOperationId":"82tbxpu1tcyw17o"}
{"type":"operationEnd","operationId":"82tbxpu1tcyw17o","timestamp":1771378167138,"id":"udchr80n2ug0cqe","previousEventId":"ayajtna4d2v2ps3","previousOperationId":"82tbxpu1tcyw17o"}
{"type":"operationStart","subtype":"recipe","name":"chrome-pdf","timestamp":1771378167138,"id":"5b6hduw00w4adrf","previousEventId":"udchr80n2ug0cqe","operationId":"63a0tt0lttzv968","previousOperationId":"82tbxpu1tcyw17o"}
{"type":"log","timestamp":1771378167138,"level":"debug","message":"Executing recipe chrome-pdf","meta":{"rootId":"duqq7qmwwoq1tlt","id":"duqq7qmwwoq1tlt"},"id":"opxj4wh63hk53x3","previousOperationId":"63a0tt0lttzv968"}
{"type":"log","timestamp":1771378167152,"level":"debug","message":"Converting with chrome Chrome/142.0.7444.175 using chrome-pool strategy","meta":{"rootId":"duqq7qmwwoq1tlt","id":"duqq7qmwwoq1tlt"},"id":"462gympd2otof6a","previousOperationId":"63a0tt0lttzv968"}
{"type":"log","timestamp":1771378167300,"level":"debug","message":"Page request: GET (document) file:///tmp/jsreport/autocleanup/ea8abfba-d067-4bba-8c39-52712f7d968a-chrome-pdf.html","meta":{"rootId":"duqq7qmwwoq1tlt","id":"duqq7qmwwoq1tlt"},"id":"l1mq2nwtw1gz49b","previousOperationId":"63a0tt0lttzv968"}
{"type":"log","timestamp":1771378167318,"level":"debug","message":"Page request finished: GET (document) 200 file:///tmp/jsreport/autocleanup/ea8abfba-d067-4bba-8c39-52712f7d968a-chrome-pdf.html","meta":{"rootId":"duqq7qmwwoq1tlt","id":"duqq7qmwwoq1tlt"},"id":"d7wbtoxm3ev0ysy","previousOperationId":"63a0tt0lttzv968"}
{"type":"log","timestamp":1771378167319,"level":"debug","message":"Page request: GET (image) https://paciolibucket.s3.us-east-2.amazonaws.com/orgs/c64b69f6759a43a1bc0ae31961876751/companies/logos/e9767ff4-7186-447f-a397-208ea6bbfdb8_ninosfelices.png?X-Amz-Expires=600&X-Amz-Algorithm=AWS4-HMAC-SHA256&X-Amz-Credential=AKIAVYV5Z6T6UQ4ARWOC%2F20260218%2Fus-east-2%2Fs3%2Faws4_request&X-Amz-Date=20260218T005607Z&X-Amz-SignedHeaders=host&X-Amz-Signature=fe2025156fb580da2cbbce218a5fff90e38d5fc1a4ae111db0c11e9a557be278","meta":{"rootId":"duqq7qmwwoq1tlt","id":"duqq7qmwwoq1tlt"},"id":"83as1yqts42ligp","previousOperationId":"63a0tt0lttzv968"}
{"type":"log","timestamp":1771378167369,"level":"debug","message":"Page request finished: GET (image) 200 https://paciolibucket.s3.us-east-2.amazonaws.com/orgs/c64b69f6759a43a1bc0ae31961876751/companies/logos/e9767ff4-7186-447f-a397-208ea6bbfdb8_ninosfelices.png?X-Amz-Expires=600&X-Amz-Algorithm=AWS4-HMAC-SHA256&X-Amz-Credential=AKIAVYV5Z6T6UQ4ARWOC%2F20260218%2Fus-east-2%2Fs3%2Faws4_request&X-Amz-Date=20260218T005607Z&X-Amz-SignedHeaders=host&X-Amz-Signature=fe2025156fb580da2cbbce218a5fff90e38d5fc1a4ae111db0c11e9a557be278","meta":{"rootId":"duqq7qmwwoq1tlt","id":"duqq7qmwwoq1tlt"},"id":"la7j6edxb667ini","previousOperationId":"63a0tt0lttzv968"}
{"type":"log","timestamp":1771378167371,"level":"debug","message":"Running chrome with params {\"printBackground\":true,\"timeout\":59784,\"margin\":{}}","meta":{"rootId":"duqq7qmwwoq1tlt","id":"duqq7qmwwoq1tlt"},"id":"kdaslmat6prxhtw","previousOperationId":"63a0tt0lttzv968"}
{"type":"operationEnd","operationId":"63a0tt0lttzv968","timestamp":1771378167440,"id":"pd8907gihqvtpns","previousEventId":"5b6hduw00w4adrf","previousOperationId":"63a0tt0lttzv968"}
{"type":"log","timestamp":1771378167440,"level":"debug","message":"Skipping storing report.","meta":{"rootId":"duqq7qmwwoq1tlt","id":"duqq7qmwwoq1tlt"},"id":"lt7f0bdd1x48gjw","previousOperationId":"63a0tt0lttzv968"}
{"type":"log","timestamp":1771378167440,"level":"info","message":"Rendering request 15 finished in 514 ms","meta":{"rootId":"duqq7qmwwoq1tlt","id":"duqq7qmwwoq1tlt"},"id":"ulvozsonskwl2ay","previousOperationId":"63a0tt0lttzv968"}
{"type":"operationEnd","subtype":"render","operationId":"00sks6v42rp2k60","timestamp":1771378167440,"id":"y1ag6la232cqylx","previousEventId":"pd8907gihqvtpns","previousOperationId":"63a0tt0lttzv968"}
{"type":"operationEnd","doDiffs":false,"previousEventId":"mrd7dwlatxqpdzr","previousOperationId":"a2njh4jw1n793d6","operationId":"a2njh4jw1n793d6","timestamp":1771378167442,"id":"gjclkdmfqeipf83"}
