{"type":"operationStart","subtype":"profile","data":{"_id":"CQ4vfE4raUxmoopb","timestamp":"2026-02-18T03:49:52.392Z","state":"queued","mode":"standard","creationDate":"2026-02-18T03:49:52.399Z","modificationDate":"2026-02-18T03:49:52.399Z","shortid":"MUz7nB9","$entitySet":"profiles"},"doDiffs":false,"timestamp":1771386592396,"id":"1iste41k5atisvk","previousOperationId":null,"operationId":"ralonnevt2q8cgw"}
{"type":"log","level":"info","message":"Render request 48 queued for execution and waiting for available worker","previousOperationId":"ralonnevt2q8cgw","timestamp":1771386592398,"id":"amukmixeng4ld3g"}
{"type":"operationStart","subtype":"render","name":"trial-balance-v1","previousOperationId":"ralonnevt2q8cgw","timestamp":1771386592501,"id":"m0jo6m5m4ixgxhu","previousEventId":"1iste41k5atisvk","operationId":"u15miiyinlvr75d"}
{"type":"log","timestamp":1771386592505,"level":"info","message":"Starting rendering request 48","meta":{"rootId":"ebc7pmvsn5fhbv0","id":"ebc7pmvsn5fhbv0"},"id":"daqboypreplf92u","previousOperationId":"u15miiyinlvr75d"}
{"type":"log","timestamp":1771386592510,"level":"info","message":"Rendering template { name: trial-balance-v1, recipe: chrome-pdf, engine: handlebars, preview: true }","meta":{"rootId":"ebc7pmvsn5fhbv0","id":"ebc7pmvsn5fhbv0"},"id":"nvh0yqofuttqtxq","previousOperationId":"u15miiyinlvr75d"}
{"type":"log","timestamp":1771386592516,"level":"debug","message":"Inline data specified.","meta":{"rootId":"ebc7pmvsn5fhbv0","id":"ebc7pmvsn5fhbv0"},"id":"5pvtgc9bvfssgtx","previousOperationId":"u15miiyinlvr75d"}
{"type":"log","timestamp":1771386592524,"level":"debug","message":"Base url not specified, skipping its injection.","meta":{"rootId":"ebc7pmvsn5fhbv0","id":"ebc7pmvsn5fhbv0"},"id":"407we3o0ukzf6n8","previousOperationId":"u15miiyinlvr75d"}
{"type":"operationStart","subtype":"engine","name":"handlebars","timestamp":1771386592533,"id":"cv22nddbv4ufr6g","previousEventId":"m0jo6m5m4ixgxhu","operationId":"f8jejjsxld038x3","previousOperationId":"u15miiyinlvr75d"}
{"type":"log","timestamp":1771386592533,"level":"debug","message":"Rendering engine handlebars","meta":{"rootId":"ebc7pmvsn5fhbv0","id":"ebc7pmvsn5fhbv0"},"id":"42ld7cnl1k5ne2j","previousOperationId":"f8jejjsxld038x3"}
{"type":"operationEnd","operationId":"f8jejjsxld038x3","timestamp":1771386592740,"id":"r8kl5l28gmp75b8","previousEventId":"cv22nddbv4ufr6g","previousOperationId":"f8jejjsxld038x3"}
{"type":"operationStart","subtype":"recipe","name":"chrome-pdf","timestamp":1771386592741,"id":"q1fcvezdvd9nt1w","previousEventId":"r8kl5l28gmp75b8","operationId":"ymed6owgbrcbk3f","previousOperationId":"f8jejjsxld038x3"}
{"type":"log","timestamp":1771386592741,"level":"debug","message":"Executing recipe chrome-pdf","meta":{"rootId":"ebc7pmvsn5fhbv0","id":"ebc7pmvsn5fhbv0"},"id":"ztwa48f5sd6mxjq","previousOperationId":"ymed6owgbrcbk3f"}
{"type":"log","timestamp":1771386592778,"level":"debug","message":"Converting with chrome Chrome/142.0.7444.175 using chrome-pool strategy","meta":{"rootId":"ebc7pmvsn5fhbv0","id":"ebc7pmvsn5fhbv0"},"id":"tlnq6ovzcw3vnsi","previousOperationId":"ymed6owgbrcbk3f"}
{"type":"log","timestamp":1771386593221,"level":"debug","message":"Page request: GET (document) file:///tmp/jsreport/autocleanup/e9c76f1c-9ba5-4260-9147-54c928e1e193-chrome-pdf.html","meta":{"rootId":"ebc7pmvsn5fhbv0","id":"ebc7pmvsn5fhbv0"},"id":"pyrd3cihvflkm93","previousOperationId":"ymed6owgbrcbk3f"}
{"type":"log","timestamp":1771386593254,"level":"debug","message":"Page request finished: GET (document) 200 file:///tmp/jsreport/autocleanup/e9c76f1c-9ba5-4260-9147-54c928e1e193-chrome-pdf.html","meta":{"rootId":"ebc7pmvsn5fhbv0","id":"ebc7pmvsn5fhbv0"},"id":"ihasvy4qxfczdc7","previousOperationId":"ymed6owgbrcbk3f"}
{"type":"log","timestamp":1771386593257,"level":"debug","message":"Page request: GET (image) https://paciolibucket.s3.us-east-2.amazonaws.com/orgs/c64b69f6759a43a1bc0ae31961876751/companies/logos/e9767ff4-7186-447f-a397-208ea6bbfdb8_ninosfelices.png?X-Amz-Expires=600&X-Amz-Algorithm=AWS4-HMAC-SHA256&X-Amz-Credential=AKIAVYV5Z6T6UQ4ARWOC%2F20260218%2Fus-east-2%2Fs3%2Faws4_request&X-Amz-Date=20260218T034936Z&X-Amz-SignedHeaders=host&X-Amz-Signature=6f2f812542adbb1422843e8904933bdf53bb6dc93f06429b01ec4ac080501ffc","meta":{"rootId":"ebc7pmvsn5fhbv0","id":"ebc7pmvsn5fhbv0"},"id":"lg6t06mugrk79or","previousOperationId":"ymed6owgbrcbk3f"}
{"type":"log","timestamp":1771386593829,"level":"debug","message":"Page request finished: GET (image) 200 https://paciolibucket.s3.us-east-2.amazonaws.com/orgs/c64b69f6759a43a1bc0ae31961876751/companies/logos/e9767ff4-7186-447f-a397-208ea6bbfdb8_ninosfelices.png?X-Amz-Expires=600&X-Amz-Algorithm=AWS4-HMAC-SHA256&X-Amz-Credential=AKIAVYV5Z6T6UQ4ARWOC%2F20260218%2Fus-east-2%2Fs3%2Faws4_request&X-Amz-Date=20260218T034936Z&X-Amz-SignedHeaders=host&X-Amz-Signature=6f2f812542adbb1422843e8904933bdf53bb6dc93f06429b01ec4ac080501ffc","meta":{"rootId":"ebc7pmvsn5fhbv0","id":"ebc7pmvsn5fhbv0"},"id":"vze7p01kcs66q7g","previousOperationId":"ymed6owgbrcbk3f"}
{"type":"log","timestamp":1771386593832,"level":"debug","message":"Running chrome with params {\"printBackground\":true,\"timeout\":59638,\"margin\":{}}","meta":{"rootId":"ebc7pmvsn5fhbv0","id":"ebc7pmvsn5fhbv0"},"id":"gmvqkvyill4lre2","previousOperationId":"ymed6owgbrcbk3f"}
{"type":"operationEnd","operationId":"ymed6owgbrcbk3f","timestamp":1771386593930,"id":"rw23op2ianelzoo","previousEventId":"q1fcvezdvd9nt1w","previousOperationId":"ymed6owgbrcbk3f"}
{"type":"log","timestamp":1771386593930,"level":"debug","message":"Skipping storing report.","meta":{"rootId":"ebc7pmvsn5fhbv0","id":"ebc7pmvsn5fhbv0"},"id":"424v9t5qoummq3k","previousOperationId":"ymed6owgbrcbk3f"}
{"type":"log","timestamp":1771386593930,"level":"info","message":"Rendering request 48 finished in 1545 ms","meta":{"rootId":"ebc7pmvsn5fhbv0","id":"ebc7pmvsn5fhbv0"},"id":"ts6umhayb7gni3o","previousOperationId":"ymed6owgbrcbk3f"}
{"type":"operationEnd","subtype":"render","operationId":"u15miiyinlvr75d","timestamp":1771386593930,"id":"0x2p21ar8t5x9on","previousEventId":"rw23op2ianelzoo","previousOperationId":"ymed6owgbrcbk3f"}
{"type":"operationEnd","doDiffs":false,"previousEventId":"1iste41k5atisvk","previousOperationId":"ralonnevt2q8cgw","operationId":"ralonnevt2q8cgw","timestamp":1771386593934,"id":"rqbdrfmupx05fpw"}
