{"type":"operationStart","subtype":"profile","data":{"_id":"Hi7JzROiZMjkxPNt","timestamp":"2026-03-30T00:27:03.842Z","state":"queued","mode":"standard","creationDate":"2026-03-30T00:27:03.888Z","modificationDate":"2026-03-30T00:27:03.888Z","shortid":"GL0cWyJ","$entitySet":"profiles"},"doDiffs":false,"timestamp":1774830423879,"id":"w519nti7hq6bl0z","previousOperationId":null,"operationId":"wae1n4bxfd4lqax"}
{"type":"log","level":"info","message":"Render request 3 queued for execution and waiting for available worker","previousOperationId":"wae1n4bxfd4lqax","timestamp":1774830423879,"id":"9rhpezxjxhvxac0"}
{"type":"operationStart","subtype":"render","name":"trial-balance-v1","previousOperationId":"wae1n4bxfd4lqax","timestamp":1774830424092,"id":"c5cknflb39anr4u","previousEventId":"w519nti7hq6bl0z","operationId":"ak9ox4acpqwqdpc"}
{"type":"log","timestamp":1774830424096,"level":"info","message":"Starting rendering request 3","meta":{"rootId":"ee9f1b5hq8coife","id":"ee9f1b5hq8coife"},"id":"roa5ma0jqwtw14f","previousOperationId":"ak9ox4acpqwqdpc"}
{"type":"log","timestamp":1774830424101,"level":"info","message":"Rendering template { name: trial-balance-v1, recipe: chrome-pdf, engine: handlebars, preview: false }","meta":{"rootId":"ee9f1b5hq8coife","id":"ee9f1b5hq8coife"},"id":"9zx9w8szv3bnvzs","previousOperationId":"ak9ox4acpqwqdpc"}
{"type":"log","timestamp":1774830424203,"level":"debug","message":"Inline data specified.","meta":{"rootId":"ee9f1b5hq8coife","id":"ee9f1b5hq8coife"},"id":"sog74kz3ymivub8","previousOperationId":"ak9ox4acpqwqdpc"}
{"type":"log","timestamp":1774830424206,"level":"debug","message":"Base url not specified, skipping its injection.","meta":{"rootId":"ee9f1b5hq8coife","id":"ee9f1b5hq8coife"},"id":"vap7pi649t9067e","previousOperationId":"ak9ox4acpqwqdpc"}
{"type":"operationStart","subtype":"engine","name":"handlebars","timestamp":1774830424217,"id":"wy3066vq3nrex5y","previousEventId":"c5cknflb39anr4u","operationId":"bb8d4l6sseb147m","previousOperationId":"ak9ox4acpqwqdpc"}
{"type":"log","timestamp":1774830424217,"level":"debug","message":"Rendering engine handlebars","meta":{"rootId":"ee9f1b5hq8coife","id":"ee9f1b5hq8coife"},"id":"x9hqtzc5s4y1xyr","previousOperationId":"bb8d4l6sseb147m"}
{"type":"operationEnd","operationId":"bb8d4l6sseb147m","timestamp":1774830424495,"id":"ajv70zs9o2jarhq","previousEventId":"wy3066vq3nrex5y","previousOperationId":"bb8d4l6sseb147m"}
{"type":"operationStart","subtype":"recipe","name":"chrome-pdf","timestamp":1774830424502,"id":"zahin9j2n83mvzj","previousEventId":"ajv70zs9o2jarhq","operationId":"xvqfgfrxveydnuj","previousOperationId":"bb8d4l6sseb147m"}
{"type":"log","timestamp":1774830424502,"level":"debug","message":"Executing recipe chrome-pdf","meta":{"rootId":"ee9f1b5hq8coife","id":"ee9f1b5hq8coife"},"id":"nw4px94ryqwwi8u","previousOperationId":"xvqfgfrxveydnuj"}
{"type":"log","timestamp":1774830424540,"level":"debug","message":"Converting with chrome Chrome/144.0.7559.109 using chrome-pool strategy","meta":{"rootId":"ee9f1b5hq8coife","id":"ee9f1b5hq8coife"},"id":"cp175vdfaxih8ip","previousOperationId":"xvqfgfrxveydnuj"}
{"type":"log","timestamp":1774830425115,"level":"debug","message":"Page request: GET (document) file:///tmp/jsreport/autocleanup/f6b99870-a1fb-4d03-b6d3-ca4655c207f4-chrome-pdf.html","meta":{"rootId":"ee9f1b5hq8coife","id":"ee9f1b5hq8coife"},"id":"9b5dkhrsmilpq99","previousOperationId":"xvqfgfrxveydnuj"}
{"type":"log","timestamp":1774830425180,"level":"debug","message":"Page request finished: GET (document) 200 file:///tmp/jsreport/autocleanup/f6b99870-a1fb-4d03-b6d3-ca4655c207f4-chrome-pdf.html","meta":{"rootId":"ee9f1b5hq8coife","id":"ee9f1b5hq8coife"},"id":"tp3creryrekx4jj","previousOperationId":"xvqfgfrxveydnuj"}
{"type":"log","timestamp":1774830425181,"level":"debug","message":"Page request: GET (image) https://paciolibucket.s3.us-east-2.amazonaws.com/orgs/c64b69f6759a43a1bc0ae31961876751/companies/logos/b6e6bbb3-4217-4336-88b7-161c9ce34ada_Applicorp%20Logo.png?X-Amz-Expires=600&X-Amz-Algorithm=AWS4-HMAC-SHA256&X-Amz-Credential=AKIAVYV5Z6T6UQ4ARWOC%2F20260330%2Fus-east-2%2Fs3%2Faws4_request&X-Amz-Date=20260330T002703Z&X-Amz-SignedHeaders=host&X-Amz-Signature=9fde19b583c34236cf9f66371a083248a5e90b18bcbc749ed2d849ae1512465d","meta":{"rootId":"ee9f1b5hq8coife","id":"ee9f1b5hq8coife"},"id":"19c1ge881kqxlg1","previousOperationId":"xvqfgfrxveydnuj"}
{"type":"log","timestamp":1774830425697,"level":"debug","message":"Page request finished: GET (image) 200 https://paciolibucket.s3.us-east-2.amazonaws.com/orgs/c64b69f6759a43a1bc0ae31961876751/companies/logos/b6e6bbb3-4217-4336-88b7-161c9ce34ada_Applicorp%20Logo.png?X-Amz-Expires=600&X-Amz-Algorithm=AWS4-HMAC-SHA256&X-Amz-Credential=AKIAVYV5Z6T6UQ4ARWOC%2F20260330%2Fus-east-2%2Fs3%2Faws4_request&X-Amz-Date=20260330T002703Z&X-Amz-SignedHeaders=host&X-Amz-Signature=9fde19b583c34236cf9f66371a083248a5e90b18bcbc749ed2d849ae1512465d","meta":{"rootId":"ee9f1b5hq8coife","id":"ee9f1b5hq8coife"},"id":"0rbik4yzzv6bs4q","previousOperationId":"xvqfgfrxveydnuj"}
{"type":"log","timestamp":1774830425702,"level":"debug","message":"Running chrome with params {\"printBackground\":true,\"timeout\":59320,\"margin\":{}}","meta":{"rootId":"ee9f1b5hq8coife","id":"ee9f1b5hq8coife"},"id":"yuakgmj1l0ki208","previousOperationId":"xvqfgfrxveydnuj"}
{"type":"operationEnd","operationId":"xvqfgfrxveydnuj","timestamp":1774830426181,"id":"niomvtz7ac0o0dg","previousEventId":"zahin9j2n83mvzj","previousOperationId":"xvqfgfrxveydnuj"}
{"type":"log","timestamp":1774830426181,"level":"debug","message":"Skipping storing report.","meta":{"rootId":"ee9f1b5hq8coife","id":"ee9f1b5hq8coife"},"id":"ybbhgyix3m4uobo","previousOperationId":"xvqfgfrxveydnuj"}
{"type":"log","timestamp":1774830426182,"level":"info","message":"Rendering request 3 finished in 2350 ms","meta":{"rootId":"ee9f1b5hq8coife","id":"ee9f1b5hq8coife"},"id":"nwpxng3bczgmxml","previousOperationId":"xvqfgfrxveydnuj"}
{"type":"operationEnd","subtype":"render","operationId":"ak9ox4acpqwqdpc","timestamp":1774830426182,"id":"8kd2e7wu2du22sy","previousEventId":"niomvtz7ac0o0dg","previousOperationId":"xvqfgfrxveydnuj"}
{"type":"operationEnd","doDiffs":false,"previousEventId":"w519nti7hq6bl0z","previousOperationId":"wae1n4bxfd4lqax","operationId":"wae1n4bxfd4lqax","timestamp":1774830426184,"id":"gpeg0zhnee39ekn"}
