{"type":"operationStart","subtype":"profile","data":{"_id":"O0aasl9OOL51RoN9","timestamp":"2026-02-18T01:48:02.189Z","state":"queued","mode":"standard","creationDate":"2026-02-18T01:48:02.193Z","modificationDate":"2026-02-18T01:48:02.193Z","shortid":"EdRH-5B","$entitySet":"profiles"},"doDiffs":false,"timestamp":1771379282192,"id":"xx6gf1t3wngfjsa","previousOperationId":null,"operationId":"ekg3qfqnoj39w7e"}
{"type":"log","level":"info","message":"Render request 27 queued for execution and waiting for available worker","previousOperationId":"ekg3qfqnoj39w7e","timestamp":1771379282192,"id":"v43092odcf0ohsz"}
{"type":"operationStart","subtype":"render","name":"trial-balance-v1","previousOperationId":"ekg3qfqnoj39w7e","timestamp":1771379282309,"id":"4162ghyojpkph3u","previousEventId":"xx6gf1t3wngfjsa","operationId":"na5hgz1td0oztf1"}
{"type":"log","timestamp":1771379282309,"level":"info","message":"Starting rendering request 27","meta":{"rootId":"f2ur7plcpipf0u0","id":"f2ur7plcpipf0u0"},"id":"19zmohkxzh4mme3","previousOperationId":"na5hgz1td0oztf1"}
{"type":"log","timestamp":1771379282309,"level":"info","message":"Rendering template { name: trial-balance-v1, recipe: chrome-pdf, engine: handlebars, preview: false }","meta":{"rootId":"f2ur7plcpipf0u0","id":"f2ur7plcpipf0u0"},"id":"3gi8ojy4j8dok65","previousOperationId":"na5hgz1td0oztf1"}
{"type":"log","timestamp":1771379282311,"level":"debug","message":"Inline data specified.","meta":{"rootId":"f2ur7plcpipf0u0","id":"f2ur7plcpipf0u0"},"id":"pgq9ivasdyqjafj","previousOperationId":"na5hgz1td0oztf1"}
{"type":"log","timestamp":1771379282316,"level":"debug","message":"Base url not specified, skipping its injection.","meta":{"rootId":"f2ur7plcpipf0u0","id":"f2ur7plcpipf0u0"},"id":"cwhpxww7hw1bprz","previousOperationId":"na5hgz1td0oztf1"}
{"type":"operationStart","subtype":"engine","name":"handlebars","timestamp":1771379282316,"id":"vbnvrjt8jjvt9d8","previousEventId":"4162ghyojpkph3u","operationId":"p0p4neuopmv75b1","previousOperationId":"na5hgz1td0oztf1"}
{"type":"log","timestamp":1771379282316,"level":"debug","message":"Rendering engine handlebars","meta":{"rootId":"f2ur7plcpipf0u0","id":"f2ur7plcpipf0u0"},"id":"u0t0nma0u02dvg4","previousOperationId":"p0p4neuopmv75b1"}
{"type":"operationEnd","operationId":"p0p4neuopmv75b1","timestamp":1771379282323,"id":"9ouhbq6isvnv66x","previousEventId":"vbnvrjt8jjvt9d8","previousOperationId":"p0p4neuopmv75b1"}
{"type":"operationStart","subtype":"recipe","name":"chrome-pdf","timestamp":1771379282324,"id":"s0z0qk4gpevyhdc","previousEventId":"9ouhbq6isvnv66x","operationId":"i8rrwaoj8fzkxrk","previousOperationId":"p0p4neuopmv75b1"}
{"type":"log","timestamp":1771379282324,"level":"debug","message":"Executing recipe chrome-pdf","meta":{"rootId":"f2ur7plcpipf0u0","id":"f2ur7plcpipf0u0"},"id":"ldkj2kwpzovzv9f","previousOperationId":"i8rrwaoj8fzkxrk"}
{"type":"log","timestamp":1771379282327,"level":"debug","message":"Converting with chrome Chrome/142.0.7444.175 using chrome-pool strategy","meta":{"rootId":"f2ur7plcpipf0u0","id":"f2ur7plcpipf0u0"},"id":"ikdeitfzxe13mqf","previousOperationId":"i8rrwaoj8fzkxrk"}
{"type":"log","timestamp":1771379282367,"level":"debug","message":"Page request: GET (document) file:///tmp/jsreport/autocleanup/20c218ba-d2e5-4e24-b581-19f14dee8edd-chrome-pdf.html","meta":{"rootId":"f2ur7plcpipf0u0","id":"f2ur7plcpipf0u0"},"id":"xos4izfw4ujg4pv","previousOperationId":"i8rrwaoj8fzkxrk"}
{"type":"log","timestamp":1771379282377,"level":"debug","message":"Page request finished: GET (document) 200 file:///tmp/jsreport/autocleanup/20c218ba-d2e5-4e24-b581-19f14dee8edd-chrome-pdf.html","meta":{"rootId":"f2ur7plcpipf0u0","id":"f2ur7plcpipf0u0"},"id":"8xwue0bsjjr0hth","previousOperationId":"i8rrwaoj8fzkxrk"}
{"type":"log","timestamp":1771379282378,"level":"debug","message":"Page request: GET (image) https://paciolibucket.s3.us-east-2.amazonaws.com/orgs/c64b69f6759a43a1bc0ae31961876751/companies/logos/e9767ff4-7186-447f-a397-208ea6bbfdb8_ninosfelices.png?X-Amz-Expires=600&X-Amz-Algorithm=AWS4-HMAC-SHA256&X-Amz-Credential=AKIAVYV5Z6T6UQ4ARWOC%2F20260218%2Fus-east-2%2Fs3%2Faws4_request&X-Amz-Date=20260218T014802Z&X-Amz-SignedHeaders=host&X-Amz-Signature=16c7793976d65d9dae112cc6c55ca09f454bd131c36f0432f736a9691014db37","meta":{"rootId":"f2ur7plcpipf0u0","id":"f2ur7plcpipf0u0"},"id":"cte23n37d1iztbg","previousOperationId":"i8rrwaoj8fzkxrk"}
{"type":"log","timestamp":1771379282891,"level":"debug","message":"Page request finished: GET (image) 200 https://paciolibucket.s3.us-east-2.amazonaws.com/orgs/c64b69f6759a43a1bc0ae31961876751/companies/logos/e9767ff4-7186-447f-a397-208ea6bbfdb8_ninosfelices.png?X-Amz-Expires=600&X-Amz-Algorithm=AWS4-HMAC-SHA256&X-Amz-Credential=AKIAVYV5Z6T6UQ4ARWOC%2F20260218%2Fus-east-2%2Fs3%2Faws4_request&X-Amz-Date=20260218T014802Z&X-Amz-SignedHeaders=host&X-Amz-Signature=16c7793976d65d9dae112cc6c55ca09f454bd131c36f0432f736a9691014db37","meta":{"rootId":"f2ur7plcpipf0u0","id":"f2ur7plcpipf0u0"},"id":"8mi4s7ida4b2k0m","previousOperationId":"i8rrwaoj8fzkxrk"}
{"type":"log","timestamp":1771379282893,"level":"debug","message":"Running chrome with params {\"printBackground\":true,\"timeout\":59862,\"margin\":{}}","meta":{"rootId":"f2ur7plcpipf0u0","id":"f2ur7plcpipf0u0"},"id":"1oscyoh3tzvghkl","previousOperationId":"i8rrwaoj8fzkxrk"}
{"type":"operationEnd","operationId":"i8rrwaoj8fzkxrk","timestamp":1771379282949,"id":"u1y6rau5x5s8016","previousEventId":"s0z0qk4gpevyhdc","previousOperationId":"i8rrwaoj8fzkxrk"}
{"type":"log","timestamp":1771379282949,"level":"debug","message":"Skipping storing report.","meta":{"rootId":"f2ur7plcpipf0u0","id":"f2ur7plcpipf0u0"},"id":"egkmucta38f2gh1","previousOperationId":"i8rrwaoj8fzkxrk"}
{"type":"log","timestamp":1771379282949,"level":"info","message":"Rendering request 27 finished in 761 ms","meta":{"rootId":"f2ur7plcpipf0u0","id":"f2ur7plcpipf0u0"},"id":"9cf2ypvluhb9vrg","previousOperationId":"i8rrwaoj8fzkxrk"}
{"type":"operationEnd","subtype":"render","operationId":"na5hgz1td0oztf1","timestamp":1771379282949,"id":"cujk8tdiuyb43jt","previousEventId":"u1y6rau5x5s8016","previousOperationId":"i8rrwaoj8fzkxrk"}
{"type":"operationEnd","doDiffs":false,"previousEventId":"xx6gf1t3wngfjsa","previousOperationId":"ekg3qfqnoj39w7e","operationId":"ekg3qfqnoj39w7e","timestamp":1771379282950,"id":"3jegduwes02cowh"}
