{"type":"operationStart","subtype":"profile","data":{"_id":"ZtIajNsaTWptrXoc","timestamp":"2026-02-18T01:01:21.345Z","state":"queued","mode":"standard","creationDate":"2026-02-18T01:01:21.350Z","modificationDate":"2026-02-18T01:01:21.350Z","shortid":"5w1_zhC","$entitySet":"profiles"},"doDiffs":false,"timestamp":1771376481348,"id":"lmeu4eh3jm26zw8","previousOperationId":null,"operationId":"7iu87v7npbj883j"}
{"type":"log","level":"info","message":"Render request 1 queued for execution and waiting for available worker","previousOperationId":"7iu87v7npbj883j","timestamp":1771376481349,"id":"cbvkalprmjek6ir"}
{"type":"operationStart","subtype":"render","name":"trial-balance-v1","previousOperationId":"7iu87v7npbj883j","timestamp":1771376481437,"id":"tvu0sjmuwk55qv0","previousEventId":"lmeu4eh3jm26zw8","operationId":"2ti1gdg0npcwnhq"}
{"type":"log","timestamp":1771376481442,"level":"info","message":"Starting rendering request 1","meta":{"rootId":"fnm0a28htqnm57j","id":"fnm0a28htqnm57j"},"id":"f22xya4q4i0pmxj","previousOperationId":"2ti1gdg0npcwnhq"}
{"type":"log","timestamp":1771376481449,"level":"info","message":"Rendering template { name: trial-balance-v1, recipe: chrome-pdf, engine: handlebars, preview: true }","meta":{"rootId":"fnm0a28htqnm57j","id":"fnm0a28htqnm57j"},"id":"pd0yrmelns68x3u","previousOperationId":"2ti1gdg0npcwnhq"}
{"type":"log","timestamp":1771376481461,"level":"debug","message":"Inline data specified.","meta":{"rootId":"fnm0a28htqnm57j","id":"fnm0a28htqnm57j"},"id":"urc6valohz8zobv","previousOperationId":"2ti1gdg0npcwnhq"}
{"type":"log","timestamp":1771376481467,"level":"debug","message":"Base url not specified, skipping its injection.","meta":{"rootId":"fnm0a28htqnm57j","id":"fnm0a28htqnm57j"},"id":"f53xf6byxtxbq1i","previousOperationId":"2ti1gdg0npcwnhq"}
{"type":"operationStart","subtype":"engine","name":"handlebars","timestamp":1771376481473,"id":"186hkriykm84jwl","previousEventId":"tvu0sjmuwk55qv0","operationId":"yokvwbexmsjag7s","previousOperationId":"2ti1gdg0npcwnhq"}
{"type":"log","timestamp":1771376481473,"level":"debug","message":"Rendering engine handlebars","meta":{"rootId":"fnm0a28htqnm57j","id":"fnm0a28htqnm57j"},"id":"nnxwgkzzfownz12","previousOperationId":"yokvwbexmsjag7s"}
{"type":"operationEnd","operationId":"yokvwbexmsjag7s","timestamp":1771376482198,"id":"unkm6t2zpwqd3xl","previousEventId":"186hkriykm84jwl","previousOperationId":"yokvwbexmsjag7s"}
{"type":"operationStart","subtype":"recipe","name":"chrome-pdf","timestamp":1771376482199,"id":"1dgal8shs7r35nq","previousEventId":"unkm6t2zpwqd3xl","operationId":"gxxk81i1yjwt3wy","previousOperationId":"yokvwbexmsjag7s"}
{"type":"log","timestamp":1771376482199,"level":"debug","message":"Executing recipe chrome-pdf","meta":{"rootId":"fnm0a28htqnm57j","id":"fnm0a28htqnm57j"},"id":"jsyqvxm1wqp40in","previousOperationId":"gxxk81i1yjwt3wy"}
{"type":"log","timestamp":1771376483361,"level":"debug","message":"Converting with chrome Chrome/142.0.7444.175 using chrome-pool strategy","meta":{"rootId":"fnm0a28htqnm57j","id":"fnm0a28htqnm57j"},"id":"kzgs39lxor8yr9a","previousOperationId":"gxxk81i1yjwt3wy"}
{"type":"log","timestamp":1771376483473,"level":"debug","message":"Page request: GET (document) file:///tmp/jsreport/autocleanup/e7a040d8-5c9f-4e54-8b41-e0edd2bc1225-chrome-pdf.html","meta":{"rootId":"fnm0a28htqnm57j","id":"fnm0a28htqnm57j"},"id":"hymr2d6o6263y1t","previousOperationId":"gxxk81i1yjwt3wy"}
{"type":"log","timestamp":1771376483488,"level":"debug","message":"Page request finished: GET (document) 200 file:///tmp/jsreport/autocleanup/e7a040d8-5c9f-4e54-8b41-e0edd2bc1225-chrome-pdf.html","meta":{"rootId":"fnm0a28htqnm57j","id":"fnm0a28htqnm57j"},"id":"gwic25ymmvt6zk1","previousOperationId":"gxxk81i1yjwt3wy"}
{"type":"log","timestamp":1771376483488,"level":"debug","message":"Page request: GET (image) https://paciolibucket.s3.us-east-2.amazonaws.com/orgs/c64b69f6759a43a1bc0ae31961876751/companies/logos/e9767ff4-7186-447f-a397-208ea6bbfdb8_ninosfelices.png?X-Amz-Expires=600&X-Amz-Algorithm=AWS4-HMAC-SHA256&X-Amz-Credential=AKIAVYV5Z6T6UQ4ARWOC%2F20260218%2Fus-east-2%2Fs3%2Faws4_request&X-Amz-Date=20260218T005607Z&X-Amz-SignedHeaders=host&X-Amz-Signature=fe2025156fb580da2cbbce218a5fff90e38d5fc1a4ae111db0c11e9a557be278","meta":{"rootId":"fnm0a28htqnm57j","id":"fnm0a28htqnm57j"},"id":"zuw9b0f6w6z49ko","previousOperationId":"gxxk81i1yjwt3wy"}
{"type":"log","timestamp":1771376484049,"level":"debug","message":"Page request finished: GET (image) 200 https://paciolibucket.s3.us-east-2.amazonaws.com/orgs/c64b69f6759a43a1bc0ae31961876751/companies/logos/e9767ff4-7186-447f-a397-208ea6bbfdb8_ninosfelices.png?X-Amz-Expires=600&X-Amz-Algorithm=AWS4-HMAC-SHA256&X-Amz-Credential=AKIAVYV5Z6T6UQ4ARWOC%2F20260218%2Fus-east-2%2Fs3%2Faws4_request&X-Amz-Date=20260218T005607Z&X-Amz-SignedHeaders=host&X-Amz-Signature=fe2025156fb580da2cbbce218a5fff90e38d5fc1a4ae111db0c11e9a557be278","meta":{"rootId":"fnm0a28htqnm57j","id":"fnm0a28htqnm57j"},"id":"gj32cqcmk01ktjh","previousOperationId":"gxxk81i1yjwt3wy"}
{"type":"log","timestamp":1771376484055,"level":"debug","message":"Running chrome with params {\"printBackground\":true,\"timeout\":59132,\"margin\":{}}","meta":{"rootId":"fnm0a28htqnm57j","id":"fnm0a28htqnm57j"},"id":"gsf93op2q03w9u7","previousOperationId":"gxxk81i1yjwt3wy"}
{"type":"operationEnd","operationId":"gxxk81i1yjwt3wy","timestamp":1771376484134,"id":"7ha5391sap25ipa","previousEventId":"1dgal8shs7r35nq","previousOperationId":"gxxk81i1yjwt3wy"}
{"type":"log","timestamp":1771376484134,"level":"debug","message":"Skipping storing report.","meta":{"rootId":"fnm0a28htqnm57j","id":"fnm0a28htqnm57j"},"id":"yaodjaohsnu22t6","previousOperationId":"gxxk81i1yjwt3wy"}
{"type":"log","timestamp":1771376484134,"level":"info","message":"Rendering request 1 finished in 2791 ms","meta":{"rootId":"fnm0a28htqnm57j","id":"fnm0a28htqnm57j"},"id":"vxzbj6q86pf3iva","previousOperationId":"gxxk81i1yjwt3wy"}
{"type":"operationEnd","subtype":"render","operationId":"2ti1gdg0npcwnhq","timestamp":1771376484134,"id":"ksrjpgfg4hk2xy5","previousEventId":"7ha5391sap25ipa","previousOperationId":"gxxk81i1yjwt3wy"}
{"type":"operationEnd","doDiffs":false,"previousEventId":"lmeu4eh3jm26zw8","previousOperationId":"7iu87v7npbj883j","operationId":"7iu87v7npbj883j","timestamp":1771376484137,"id":"3hcu7l8az9ld6x7"}
