{"type":"operationStart","subtype":"profile","data":{"_id":"Nj8OrYuqTUqKdNkr","timestamp":"2026-02-18T01:50:09.440Z","state":"queued","mode":"standard","creationDate":"2026-02-18T01:50:09.443Z","modificationDate":"2026-02-18T01:50:09.443Z","shortid":"4vch7-U","$entitySet":"profiles"},"doDiffs":false,"timestamp":1771379409443,"id":"pxyk8k8j29suhi5","previousOperationId":null,"operationId":"2mr93d72ymmaamc"}
{"type":"log","level":"info","message":"Render request 28 queued for execution and waiting for available worker","previousOperationId":"2mr93d72ymmaamc","timestamp":1771379409443,"id":"8onvlyzem5e2h6x"}
{"type":"operationStart","subtype":"render","name":"trial-balance-v1","previousOperationId":"2mr93d72ymmaamc","timestamp":1771379409493,"id":"jki01pf55gcstb4","previousEventId":"pxyk8k8j29suhi5","operationId":"y7sqh6ow6rh7iti"}
{"type":"log","timestamp":1771379409493,"level":"info","message":"Starting rendering request 28","meta":{"rootId":"i4bm1h3am5hixkw","id":"i4bm1h3am5hixkw"},"id":"2wwbwtfiqdz6auz","previousOperationId":"y7sqh6ow6rh7iti"}
{"type":"log","timestamp":1771379409494,"level":"info","message":"Rendering template { name: trial-balance-v1, recipe: chrome-pdf, engine: handlebars, preview: false }","meta":{"rootId":"i4bm1h3am5hixkw","id":"i4bm1h3am5hixkw"},"id":"bks8aub7w1zvkwe","previousOperationId":"y7sqh6ow6rh7iti"}
{"type":"log","timestamp":1771379409499,"level":"debug","message":"Inline data specified.","meta":{"rootId":"i4bm1h3am5hixkw","id":"i4bm1h3am5hixkw"},"id":"bmzdr82aa5mynn1","previousOperationId":"y7sqh6ow6rh7iti"}
{"type":"log","timestamp":1771379409501,"level":"debug","message":"Base url not specified, skipping its injection.","meta":{"rootId":"i4bm1h3am5hixkw","id":"i4bm1h3am5hixkw"},"id":"ldjh7t3811qef5a","previousOperationId":"y7sqh6ow6rh7iti"}
{"type":"operationStart","subtype":"engine","name":"handlebars","timestamp":1771379409502,"id":"5cia108ofg1nhol","previousEventId":"jki01pf55gcstb4","operationId":"5die2wm8gssddrr","previousOperationId":"y7sqh6ow6rh7iti"}
{"type":"log","timestamp":1771379409502,"level":"debug","message":"Rendering engine handlebars","meta":{"rootId":"i4bm1h3am5hixkw","id":"i4bm1h3am5hixkw"},"id":"gke6hivv4wyh5hv","previousOperationId":"5die2wm8gssddrr"}
{"type":"operationEnd","operationId":"5die2wm8gssddrr","timestamp":1771379409517,"id":"6scrmpvxdzd0wjq","previousEventId":"5cia108ofg1nhol","previousOperationId":"5die2wm8gssddrr"}
{"type":"operationStart","subtype":"recipe","name":"chrome-pdf","timestamp":1771379409517,"id":"vruq99fyn5zc9rh","previousEventId":"6scrmpvxdzd0wjq","operationId":"z7d5ugkmpcpagy3","previousOperationId":"5die2wm8gssddrr"}
{"type":"log","timestamp":1771379409517,"level":"debug","message":"Executing recipe chrome-pdf","meta":{"rootId":"i4bm1h3am5hixkw","id":"i4bm1h3am5hixkw"},"id":"02czv0v96ha43j6","previousOperationId":"z7d5ugkmpcpagy3"}
{"type":"log","timestamp":1771379409521,"level":"debug","message":"Converting with chrome Chrome/142.0.7444.175 using chrome-pool strategy","meta":{"rootId":"i4bm1h3am5hixkw","id":"i4bm1h3am5hixkw"},"id":"dyx60fmlziqvkvn","previousOperationId":"z7d5ugkmpcpagy3"}
{"type":"log","timestamp":1771379409590,"level":"debug","message":"Page request: GET (document) file:///tmp/jsreport/autocleanup/32758ac5-00f3-435d-ba67-5f01f697f836-chrome-pdf.html","meta":{"rootId":"i4bm1h3am5hixkw","id":"i4bm1h3am5hixkw"},"id":"mivqfgjnbgmx16d","previousOperationId":"z7d5ugkmpcpagy3"}
{"type":"log","timestamp":1771379409609,"level":"debug","message":"Page request finished: GET (document) 200 file:///tmp/jsreport/autocleanup/32758ac5-00f3-435d-ba67-5f01f697f836-chrome-pdf.html","meta":{"rootId":"i4bm1h3am5hixkw","id":"i4bm1h3am5hixkw"},"id":"t18dnthwi2l2o4z","previousOperationId":"z7d5ugkmpcpagy3"}
{"type":"log","timestamp":1771379409610,"level":"debug","message":"Page request: GET (image) https://paciolibucket.s3.us-east-2.amazonaws.com/orgs/c64b69f6759a43a1bc0ae31961876751/companies/logos/e9767ff4-7186-447f-a397-208ea6bbfdb8_ninosfelices.png?X-Amz-Expires=600&X-Amz-Algorithm=AWS4-HMAC-SHA256&X-Amz-Credential=AKIAVYV5Z6T6UQ4ARWOC%2F20260218%2Fus-east-2%2Fs3%2Faws4_request&X-Amz-Date=20260218T015009Z&X-Amz-SignedHeaders=host&X-Amz-Signature=94df65b4511d3b8292074a1c7e26ca3251d667eb72c5e366fd91ec3f479648f6","meta":{"rootId":"i4bm1h3am5hixkw","id":"i4bm1h3am5hixkw"},"id":"fl2r4h92ay08eui","previousOperationId":"z7d5ugkmpcpagy3"}
{"type":"log","timestamp":1771379410081,"level":"debug","message":"Page request finished: GET (image) 200 https://paciolibucket.s3.us-east-2.amazonaws.com/orgs/c64b69f6759a43a1bc0ae31961876751/companies/logos/e9767ff4-7186-447f-a397-208ea6bbfdb8_ninosfelices.png?X-Amz-Expires=600&X-Amz-Algorithm=AWS4-HMAC-SHA256&X-Amz-Credential=AKIAVYV5Z6T6UQ4ARWOC%2F20260218%2Fus-east-2%2Fs3%2Faws4_request&X-Amz-Date=20260218T015009Z&X-Amz-SignedHeaders=host&X-Amz-Signature=94df65b4511d3b8292074a1c7e26ca3251d667eb72c5e366fd91ec3f479648f6","meta":{"rootId":"i4bm1h3am5hixkw","id":"i4bm1h3am5hixkw"},"id":"zk1irfimdr87plv","previousOperationId":"z7d5ugkmpcpagy3"}
{"type":"log","timestamp":1771379410084,"level":"debug","message":"Running chrome with params {\"printBackground\":true,\"timeout\":59919,\"margin\":{}}","meta":{"rootId":"i4bm1h3am5hixkw","id":"i4bm1h3am5hixkw"},"id":"t6cx5wm2uuag897","previousOperationId":"z7d5ugkmpcpagy3"}
{"type":"operationEnd","operationId":"z7d5ugkmpcpagy3","timestamp":1771379410141,"id":"f0v17gd3kx3hos4","previousEventId":"vruq99fyn5zc9rh","previousOperationId":"z7d5ugkmpcpagy3"}
{"type":"log","timestamp":1771379410141,"level":"debug","message":"Skipping storing report.","meta":{"rootId":"i4bm1h3am5hixkw","id":"i4bm1h3am5hixkw"},"id":"okymul2czfqimqf","previousOperationId":"z7d5ugkmpcpagy3"}
{"type":"log","timestamp":1771379410141,"level":"info","message":"Rendering request 28 finished in 703 ms","meta":{"rootId":"i4bm1h3am5hixkw","id":"i4bm1h3am5hixkw"},"id":"sj36y9dy5gp937b","previousOperationId":"z7d5ugkmpcpagy3"}
{"type":"operationEnd","subtype":"render","operationId":"y7sqh6ow6rh7iti","timestamp":1771379410141,"id":"edvbpptnv0qbo9x","previousEventId":"f0v17gd3kx3hos4","previousOperationId":"z7d5ugkmpcpagy3"}
{"type":"operationEnd","doDiffs":false,"previousEventId":"pxyk8k8j29suhi5","previousOperationId":"2mr93d72ymmaamc","operationId":"2mr93d72ymmaamc","timestamp":1771379410143,"id":"wjjqi9xw61ztwso"}
