{"type":"operationStart","subtype":"profile","data":{"_id":"kPLZJrAgBI8Ti2vU","timestamp":"2026-02-18T01:16:40.424Z","state":"queued","mode":"standard","creationDate":"2026-02-18T01:16:40.426Z","modificationDate":"2026-02-18T01:16:40.426Z","shortid":"2o-h2_D","$entitySet":"profiles"},"doDiffs":false,"timestamp":1771377400425,"id":"03o9uugbik1nch6","previousOperationId":null,"operationId":"fcm7nvp8ajte0tp"}
{"type":"log","level":"info","message":"Render request 8 queued for execution and waiting for available worker","previousOperationId":"fcm7nvp8ajte0tp","timestamp":1771377400425,"id":"bc0k22ur4xqxlk5"}
{"type":"operationStart","subtype":"render","name":"trial-balance-v1","previousOperationId":"fcm7nvp8ajte0tp","timestamp":1771377400547,"id":"zca8ovsitejcget","previousEventId":"03o9uugbik1nch6","operationId":"jbhftel7fqqlt2c"}
{"type":"log","timestamp":1771377400548,"level":"info","message":"Starting rendering request 8","meta":{"rootId":"i8ja0l4nh7ixooy","id":"i8ja0l4nh7ixooy"},"id":"ewsrkh8r5mt343f","previousOperationId":"jbhftel7fqqlt2c"}
{"type":"log","timestamp":1771377400549,"level":"info","message":"Rendering template { name: trial-balance-v1, recipe: chrome-pdf, engine: handlebars, preview: false }","meta":{"rootId":"i8ja0l4nh7ixooy","id":"i8ja0l4nh7ixooy"},"id":"pq42xcdjljzzb71","previousOperationId":"jbhftel7fqqlt2c"}
{"type":"log","timestamp":1771377400551,"level":"debug","message":"Inline data specified.","meta":{"rootId":"i8ja0l4nh7ixooy","id":"i8ja0l4nh7ixooy"},"id":"4qljzyqoqj76m28","previousOperationId":"jbhftel7fqqlt2c"}
{"type":"log","timestamp":1771377400553,"level":"debug","message":"Base url not specified, skipping its injection.","meta":{"rootId":"i8ja0l4nh7ixooy","id":"i8ja0l4nh7ixooy"},"id":"gue4lvqx46mkh1e","previousOperationId":"jbhftel7fqqlt2c"}
{"type":"operationStart","subtype":"engine","name":"handlebars","timestamp":1771377400554,"id":"gp9ceo21l7rme63","previousEventId":"zca8ovsitejcget","operationId":"oevm27050202gtc","previousOperationId":"jbhftel7fqqlt2c"}
{"type":"log","timestamp":1771377400554,"level":"debug","message":"Rendering engine handlebars","meta":{"rootId":"i8ja0l4nh7ixooy","id":"i8ja0l4nh7ixooy"},"id":"2773owygzho2mfr","previousOperationId":"oevm27050202gtc"}
{"type":"operationEnd","operationId":"oevm27050202gtc","timestamp":1771377400631,"id":"g2zjbactcuesy2l","previousEventId":"gp9ceo21l7rme63","previousOperationId":"oevm27050202gtc"}
{"type":"operationStart","subtype":"recipe","name":"chrome-pdf","timestamp":1771377400631,"id":"hiligfwud58nx8r","previousEventId":"g2zjbactcuesy2l","operationId":"49xc4yss5l7levc","previousOperationId":"oevm27050202gtc"}
{"type":"log","timestamp":1771377400631,"level":"debug","message":"Executing recipe chrome-pdf","meta":{"rootId":"i8ja0l4nh7ixooy","id":"i8ja0l4nh7ixooy"},"id":"xh60s84r03hog3y","previousOperationId":"49xc4yss5l7levc"}
{"type":"log","timestamp":1771377400638,"level":"debug","message":"Converting with chrome Chrome/142.0.7444.175 using chrome-pool strategy","meta":{"rootId":"i8ja0l4nh7ixooy","id":"i8ja0l4nh7ixooy"},"id":"fzt5tyrxs1eei27","previousOperationId":"49xc4yss5l7levc"}
{"type":"log","timestamp":1771377400687,"level":"debug","message":"Page request: GET (document) file:///tmp/jsreport/autocleanup/3e4e9edf-c63f-486d-9518-00764ccec61a-chrome-pdf.html","meta":{"rootId":"i8ja0l4nh7ixooy","id":"i8ja0l4nh7ixooy"},"id":"7xslaowqr53u6y2","previousOperationId":"49xc4yss5l7levc"}
{"type":"log","timestamp":1771377400700,"level":"debug","message":"Page request finished: GET (document) 200 file:///tmp/jsreport/autocleanup/3e4e9edf-c63f-486d-9518-00764ccec61a-chrome-pdf.html","meta":{"rootId":"i8ja0l4nh7ixooy","id":"i8ja0l4nh7ixooy"},"id":"nd0tk5wcmkt0w9o","previousOperationId":"49xc4yss5l7levc"}
{"type":"log","timestamp":1771377400701,"level":"debug","message":"Page request: GET (image) https://paciolibucket.s3.us-east-2.amazonaws.com/orgs/c64b69f6759a43a1bc0ae31961876751/companies/logos/e9767ff4-7186-447f-a397-208ea6bbfdb8_ninosfelices.png?X-Amz-Expires=600&X-Amz-Algorithm=AWS4-HMAC-SHA256&X-Amz-Credential=AKIAVYV5Z6T6UQ4ARWOC%2F20260218%2Fus-east-2%2Fs3%2Faws4_request&X-Amz-Date=20260218T011640Z&X-Amz-SignedHeaders=host&X-Amz-Signature=133994b42cb979f08ea3da5aa89f98d9ffec8f681fdf3c17fab4dac69184ed8b","meta":{"rootId":"i8ja0l4nh7ixooy","id":"i8ja0l4nh7ixooy"},"id":"n2kvg5m36s18mwi","previousOperationId":"49xc4yss5l7levc"}
{"type":"log","timestamp":1771377401207,"level":"debug","message":"Page request finished: GET (image) 200 https://paciolibucket.s3.us-east-2.amazonaws.com/orgs/c64b69f6759a43a1bc0ae31961876751/companies/logos/e9767ff4-7186-447f-a397-208ea6bbfdb8_ninosfelices.png?X-Amz-Expires=600&X-Amz-Algorithm=AWS4-HMAC-SHA256&X-Amz-Credential=AKIAVYV5Z6T6UQ4ARWOC%2F20260218%2Fus-east-2%2Fs3%2Faws4_request&X-Amz-Date=20260218T011640Z&X-Amz-SignedHeaders=host&X-Amz-Signature=133994b42cb979f08ea3da5aa89f98d9ffec8f681fdf3c17fab4dac69184ed8b","meta":{"rootId":"i8ja0l4nh7ixooy","id":"i8ja0l4nh7ixooy"},"id":"42f3b1inw3wjhbr","previousOperationId":"49xc4yss5l7levc"}
{"type":"log","timestamp":1771377401209,"level":"debug","message":"Running chrome with params {\"printBackground\":true,\"timeout\":59789,\"margin\":{}}","meta":{"rootId":"i8ja0l4nh7ixooy","id":"i8ja0l4nh7ixooy"},"id":"yq6ufchpwiuzwbu","previousOperationId":"49xc4yss5l7levc"}
{"type":"operationEnd","operationId":"49xc4yss5l7levc","timestamp":1771377401266,"id":"toxy8hq2exlji54","previousEventId":"hiligfwud58nx8r","previousOperationId":"49xc4yss5l7levc"}
{"type":"log","timestamp":1771377401266,"level":"debug","message":"Skipping storing report.","meta":{"rootId":"i8ja0l4nh7ixooy","id":"i8ja0l4nh7ixooy"},"id":"f0epco3roxqaieb","previousOperationId":"49xc4yss5l7levc"}
{"type":"log","timestamp":1771377401266,"level":"info","message":"Rendering request 8 finished in 842 ms","meta":{"rootId":"i8ja0l4nh7ixooy","id":"i8ja0l4nh7ixooy"},"id":"1wsa1okr0zm5rty","previousOperationId":"49xc4yss5l7levc"}
{"type":"operationEnd","subtype":"render","operationId":"jbhftel7fqqlt2c","timestamp":1771377401266,"id":"tkmbw41p8bwbcjl","previousEventId":"toxy8hq2exlji54","previousOperationId":"49xc4yss5l7levc"}
{"type":"operationEnd","doDiffs":false,"previousEventId":"03o9uugbik1nch6","previousOperationId":"fcm7nvp8ajte0tp","operationId":"fcm7nvp8ajte0tp","timestamp":1771377401268,"id":"wry5i2p4g80kkfp"}
