{"type":"operationStart","subtype":"profile","data":{"_id":"WI7qPKodQ8WK1r05","timestamp":"2026-02-18T01:33:50.232Z","state":"queued","mode":"standard","creationDate":"2026-02-18T01:33:50.232Z","modificationDate":"2026-02-18T01:33:50.232Z","shortid":"pkAYQwx","$entitySet":"profiles"},"doDiffs":false,"timestamp":1771378430232,"id":"f7r3l83s512gmw9","previousOperationId":null,"operationId":"jx9j2489d58n72c"}
{"type":"log","level":"info","message":"Render request 22 queued for execution and waiting for available worker","previousOperationId":"jx9j2489d58n72c","timestamp":1771378430232,"id":"fcbgs9lcz5kb9b2"}
{"type":"operationStart","subtype":"render","name":"trial-balance-v1","previousOperationId":"jx9j2489d58n72c","timestamp":1771378430300,"id":"q2y2zl4lqpkcumy","previousEventId":"f7r3l83s512gmw9","operationId":"r5vzitjo4g2fuvx"}
{"type":"log","timestamp":1771378430300,"level":"info","message":"Starting rendering request 22","meta":{"rootId":"ir593rdz2w5f3r9","id":"ir593rdz2w5f3r9"},"id":"l7m8vs7uh3wkkho","previousOperationId":"r5vzitjo4g2fuvx"}
{"type":"log","timestamp":1771378430301,"level":"info","message":"Rendering template { name: trial-balance-v1, recipe: chrome-pdf, engine: handlebars, preview: false }","meta":{"rootId":"ir593rdz2w5f3r9","id":"ir593rdz2w5f3r9"},"id":"olyvtfs4yw534xz","previousOperationId":"r5vzitjo4g2fuvx"}
{"type":"log","timestamp":1771378430303,"level":"debug","message":"Inline data specified.","meta":{"rootId":"ir593rdz2w5f3r9","id":"ir593rdz2w5f3r9"},"id":"01ivf41l4ttbr3n","previousOperationId":"r5vzitjo4g2fuvx"}
{"type":"log","timestamp":1771378430307,"level":"debug","message":"Base url not specified, skipping its injection.","meta":{"rootId":"ir593rdz2w5f3r9","id":"ir593rdz2w5f3r9"},"id":"mjqx2jekkyjyhpt","previousOperationId":"r5vzitjo4g2fuvx"}
{"type":"operationStart","subtype":"engine","name":"handlebars","timestamp":1771378430307,"id":"wr7scog2tlx0gne","previousEventId":"q2y2zl4lqpkcumy","operationId":"qfxtwukiate8ufm","previousOperationId":"r5vzitjo4g2fuvx"}
{"type":"log","timestamp":1771378430307,"level":"debug","message":"Rendering engine handlebars","meta":{"rootId":"ir593rdz2w5f3r9","id":"ir593rdz2w5f3r9"},"id":"wkmw1d6p28p6we8","previousOperationId":"qfxtwukiate8ufm"}
{"type":"operationEnd","operationId":"qfxtwukiate8ufm","timestamp":1771378430314,"id":"24vo4p4a8gu065k","previousEventId":"wr7scog2tlx0gne","previousOperationId":"qfxtwukiate8ufm"}
{"type":"operationStart","subtype":"recipe","name":"chrome-pdf","timestamp":1771378430314,"id":"pl8osapiycllcm0","previousEventId":"24vo4p4a8gu065k","operationId":"zp562y50cekad9k","previousOperationId":"qfxtwukiate8ufm"}
{"type":"log","timestamp":1771378430314,"level":"debug","message":"Executing recipe chrome-pdf","meta":{"rootId":"ir593rdz2w5f3r9","id":"ir593rdz2w5f3r9"},"id":"mdvtsqgx20hf087","previousOperationId":"zp562y50cekad9k"}
{"type":"log","timestamp":1771378430316,"level":"debug","message":"Converting with chrome Chrome/142.0.7444.175 using chrome-pool strategy","meta":{"rootId":"ir593rdz2w5f3r9","id":"ir593rdz2w5f3r9"},"id":"bo2aalq7unb1htq","previousOperationId":"zp562y50cekad9k"}
{"type":"log","timestamp":1771378430349,"level":"debug","message":"Page request: GET (document) file:///tmp/jsreport/autocleanup/9a531cf4-f4cd-4624-bd71-d5b13822cd0f-chrome-pdf.html","meta":{"rootId":"ir593rdz2w5f3r9","id":"ir593rdz2w5f3r9"},"id":"x2ldmcoul3r1vx3","previousOperationId":"zp562y50cekad9k"}
{"type":"log","timestamp":1771378430358,"level":"debug","message":"Page request finished: GET (document) 200 file:///tmp/jsreport/autocleanup/9a531cf4-f4cd-4624-bd71-d5b13822cd0f-chrome-pdf.html","meta":{"rootId":"ir593rdz2w5f3r9","id":"ir593rdz2w5f3r9"},"id":"ow1bxblx0y49wf2","previousOperationId":"zp562y50cekad9k"}
{"type":"log","timestamp":1771378430358,"level":"debug","message":"Page request: GET (image) https://paciolibucket.s3.us-east-2.amazonaws.com/orgs/c64b69f6759a43a1bc0ae31961876751/companies/logos/e9767ff4-7186-447f-a397-208ea6bbfdb8_ninosfelices.png?X-Amz-Expires=600&X-Amz-Algorithm=AWS4-HMAC-SHA256&X-Amz-Credential=AKIAVYV5Z6T6UQ4ARWOC%2F20260218%2Fus-east-2%2Fs3%2Faws4_request&X-Amz-Date=20260218T013350Z&X-Amz-SignedHeaders=host&X-Amz-Signature=0e0e69ff3abdcf53bef24b693a36054dece29c0963a335e3fac91f0da52f254a","meta":{"rootId":"ir593rdz2w5f3r9","id":"ir593rdz2w5f3r9"},"id":"ajrjiusd43mkpwm","previousOperationId":"zp562y50cekad9k"}
{"type":"log","timestamp":1771378430878,"level":"debug","message":"Page request finished: GET (image) 200 https://paciolibucket.s3.us-east-2.amazonaws.com/orgs/c64b69f6759a43a1bc0ae31961876751/companies/logos/e9767ff4-7186-447f-a397-208ea6bbfdb8_ninosfelices.png?X-Amz-Expires=600&X-Amz-Algorithm=AWS4-HMAC-SHA256&X-Amz-Credential=AKIAVYV5Z6T6UQ4ARWOC%2F20260218%2Fus-east-2%2Fs3%2Faws4_request&X-Amz-Date=20260218T013350Z&X-Amz-SignedHeaders=host&X-Amz-Signature=0e0e69ff3abdcf53bef24b693a36054dece29c0963a335e3fac91f0da52f254a","meta":{"rootId":"ir593rdz2w5f3r9","id":"ir593rdz2w5f3r9"},"id":"6djwa5l0j4kmeyz","previousOperationId":"zp562y50cekad9k"}
{"type":"log","timestamp":1771378430879,"level":"debug","message":"Running chrome with params {\"printBackground\":true,\"timeout\":59916,\"margin\":{}}","meta":{"rootId":"ir593rdz2w5f3r9","id":"ir593rdz2w5f3r9"},"id":"vytknzf3bi2zsln","previousOperationId":"zp562y50cekad9k"}
{"type":"operationEnd","operationId":"zp562y50cekad9k","timestamp":1771378430927,"id":"ptsadd5azbc2rb3","previousEventId":"pl8osapiycllcm0","previousOperationId":"zp562y50cekad9k"}
{"type":"log","timestamp":1771378430927,"level":"debug","message":"Skipping storing report.","meta":{"rootId":"ir593rdz2w5f3r9","id":"ir593rdz2w5f3r9"},"id":"zjbdd5i8wu2ocmt","previousOperationId":"zp562y50cekad9k"}
{"type":"log","timestamp":1771378430927,"level":"info","message":"Rendering request 22 finished in 696 ms","meta":{"rootId":"ir593rdz2w5f3r9","id":"ir593rdz2w5f3r9"},"id":"izfl28j1b9cdgq7","previousOperationId":"zp562y50cekad9k"}
{"type":"operationEnd","subtype":"render","operationId":"r5vzitjo4g2fuvx","timestamp":1771378430927,"id":"1mmr2xs9z3ke6zi","previousEventId":"ptsadd5azbc2rb3","previousOperationId":"zp562y50cekad9k"}
{"type":"operationEnd","doDiffs":false,"previousEventId":"f7r3l83s512gmw9","previousOperationId":"jx9j2489d58n72c","operationId":"jx9j2489d58n72c","timestamp":1771378430928,"id":"9rr804mpn79ts1z"}
