{"type":"operationStart","subtype":"profile","data":{"_id":"tF4EE7iBugEt4FOL","timestamp":"2026-02-19T15:36:38.939Z","state":"queued","mode":"standard","creationDate":"2026-02-19T15:36:38.941Z","modificationDate":"2026-02-19T15:36:38.941Z","shortid":"xkJxe8y","$entitySet":"profiles"},"doDiffs":false,"timestamp":1771515398940,"id":"zorpeyl9wux1wcp","previousOperationId":null,"operationId":"6zjn6cvh18ukdyw"}
{"type":"log","level":"info","message":"Render request 6 queued for execution and waiting for available worker","previousOperationId":"6zjn6cvh18ukdyw","timestamp":1771515398940,"id":"tdjn4nfffbo2yy9"}
{"type":"operationStart","subtype":"render","name":"trial-balance-v1","previousOperationId":"6zjn6cvh18ukdyw","timestamp":1771515398987,"id":"blsq50mqh2j8olh","previousEventId":"zorpeyl9wux1wcp","operationId":"86ycdi89ahq7cfw"}
{"type":"log","timestamp":1771515398987,"level":"info","message":"Starting rendering request 6","meta":{"rootId":"kb6lxvwpbuf3391","id":"kb6lxvwpbuf3391"},"id":"pvtjybxvgd7uo81","previousOperationId":"86ycdi89ahq7cfw"}
{"type":"log","timestamp":1771515398987,"level":"info","message":"Rendering template { name: trial-balance-v1, recipe: chrome-pdf, engine: handlebars, preview: false }","meta":{"rootId":"kb6lxvwpbuf3391","id":"kb6lxvwpbuf3391"},"id":"l0kz63i772ntdno","previousOperationId":"86ycdi89ahq7cfw"}
{"type":"log","timestamp":1771515398989,"level":"debug","message":"Inline data specified.","meta":{"rootId":"kb6lxvwpbuf3391","id":"kb6lxvwpbuf3391"},"id":"mtnqcbug16rxoom","previousOperationId":"86ycdi89ahq7cfw"}
{"type":"log","timestamp":1771515398999,"level":"debug","message":"Base url not specified, skipping its injection.","meta":{"rootId":"kb6lxvwpbuf3391","id":"kb6lxvwpbuf3391"},"id":"4o8c9lt941nz5ii","previousOperationId":"86ycdi89ahq7cfw"}
{"type":"operationStart","subtype":"engine","name":"handlebars","timestamp":1771515398999,"id":"w3akyk81rwcy4ls","previousEventId":"blsq50mqh2j8olh","operationId":"z7vptu4xzqi11zr","previousOperationId":"86ycdi89ahq7cfw"}
{"type":"log","timestamp":1771515398999,"level":"debug","message":"Rendering engine handlebars","meta":{"rootId":"kb6lxvwpbuf3391","id":"kb6lxvwpbuf3391"},"id":"pozfe7k09vmtvbs","previousOperationId":"z7vptu4xzqi11zr"}
{"type":"operationEnd","operationId":"z7vptu4xzqi11zr","timestamp":1771515399011,"id":"b1rbzjfy6oj3m6p","previousEventId":"w3akyk81rwcy4ls","previousOperationId":"z7vptu4xzqi11zr"}
{"type":"operationStart","subtype":"recipe","name":"chrome-pdf","timestamp":1771515399015,"id":"r772x66q0k60ay0","previousEventId":"b1rbzjfy6oj3m6p","operationId":"bwlc21dtz698dkf","previousOperationId":"z7vptu4xzqi11zr"}
{"type":"log","timestamp":1771515399015,"level":"debug","message":"Executing recipe chrome-pdf","meta":{"rootId":"kb6lxvwpbuf3391","id":"kb6lxvwpbuf3391"},"id":"347czgrapo4uuav","previousOperationId":"bwlc21dtz698dkf"}
{"type":"log","timestamp":1771515399031,"level":"debug","message":"Converting with chrome Chrome/142.0.7444.175 using chrome-pool strategy","meta":{"rootId":"kb6lxvwpbuf3391","id":"kb6lxvwpbuf3391"},"id":"3y28ik09xabkouk","previousOperationId":"bwlc21dtz698dkf"}
{"type":"log","timestamp":1771515399072,"level":"debug","message":"Page request: GET (document) file:///tmp/jsreport/autocleanup/a4a06c4b-0971-4437-92b7-cb6db999933f-chrome-pdf.html","meta":{"rootId":"kb6lxvwpbuf3391","id":"kb6lxvwpbuf3391"},"id":"9k9yl60k478rf6a","previousOperationId":"bwlc21dtz698dkf"}
{"type":"log","timestamp":1771515399083,"level":"debug","message":"Page request: GET (image) https://paciolibucket.s3.us-east-2.amazonaws.com/orgs/c64b69f6759a43a1bc0ae31961876751/companies/logos/b6e6bbb3-4217-4336-88b7-161c9ce34ada_Applicorp%20Logo.png?X-Amz-Expires=600&X-Amz-Algorithm=AWS4-HMAC-SHA256&X-Amz-Credential=AKIAVYV5Z6T6UQ4ARWOC%2F20260219%2Fus-east-2%2Fs3%2Faws4_request&X-Amz-Date=20260219T153638Z&X-Amz-SignedHeaders=host&X-Amz-Signature=abaed3144e33195ff45a93d8df8b6b4832ff3fa0145773f58c56844ae790e187","meta":{"rootId":"kb6lxvwpbuf3391","id":"kb6lxvwpbuf3391"},"id":"q87aqx6zka940gb","previousOperationId":"bwlc21dtz698dkf"}
{"type":"log","timestamp":1771515399083,"level":"debug","message":"Page request finished: GET (document) 200 file:///tmp/jsreport/autocleanup/a4a06c4b-0971-4437-92b7-cb6db999933f-chrome-pdf.html","meta":{"rootId":"kb6lxvwpbuf3391","id":"kb6lxvwpbuf3391"},"id":"is5a0iv199y7l4m","previousOperationId":"bwlc21dtz698dkf"}
{"type":"log","timestamp":1771515399474,"level":"debug","message":"Page request finished: GET (image) 200 https://paciolibucket.s3.us-east-2.amazonaws.com/orgs/c64b69f6759a43a1bc0ae31961876751/companies/logos/b6e6bbb3-4217-4336-88b7-161c9ce34ada_Applicorp%20Logo.png?X-Amz-Expires=600&X-Amz-Algorithm=AWS4-HMAC-SHA256&X-Amz-Credential=AKIAVYV5Z6T6UQ4ARWOC%2F20260219%2Fus-east-2%2Fs3%2Faws4_request&X-Amz-Date=20260219T153638Z&X-Amz-SignedHeaders=host&X-Amz-Signature=abaed3144e33195ff45a93d8df8b6b4832ff3fa0145773f58c56844ae790e187","meta":{"rootId":"kb6lxvwpbuf3391","id":"kb6lxvwpbuf3391"},"id":"h2x0mb19vt8j0u2","previousOperationId":"bwlc21dtz698dkf"}
{"type":"log","timestamp":1771515399476,"level":"debug","message":"Running chrome with params {\"printBackground\":true,\"timeout\":59909,\"margin\":{}}","meta":{"rootId":"kb6lxvwpbuf3391","id":"kb6lxvwpbuf3391"},"id":"zulf526e9xvz315","previousOperationId":"bwlc21dtz698dkf"}
{"type":"operationEnd","operationId":"bwlc21dtz698dkf","timestamp":1771515399752,"id":"sdz04dp0ooyjaz7","previousEventId":"r772x66q0k60ay0","previousOperationId":"bwlc21dtz698dkf"}
{"type":"log","timestamp":1771515399752,"level":"debug","message":"Skipping storing report.","meta":{"rootId":"kb6lxvwpbuf3391","id":"kb6lxvwpbuf3391"},"id":"6pk1opu2sn7zjau","previousOperationId":"bwlc21dtz698dkf"}
{"type":"log","timestamp":1771515399752,"level":"info","message":"Rendering request 6 finished in 814 ms","meta":{"rootId":"kb6lxvwpbuf3391","id":"kb6lxvwpbuf3391"},"id":"zk0eezdmmh4ntz5","previousOperationId":"bwlc21dtz698dkf"}
{"type":"operationEnd","subtype":"render","operationId":"86ycdi89ahq7cfw","timestamp":1771515399752,"id":"xw3axjc606evkbg","previousEventId":"sdz04dp0ooyjaz7","previousOperationId":"bwlc21dtz698dkf"}
{"type":"operationEnd","doDiffs":false,"previousEventId":"zorpeyl9wux1wcp","previousOperationId":"6zjn6cvh18ukdyw","operationId":"6zjn6cvh18ukdyw","timestamp":1771515399753,"id":"bbo0a2ijl14pz2b"}
