{"type":"operationStart","subtype":"profile","data":{"_id":"e5ZVMeCtnxPZBkqf","timestamp":"2026-02-18T02:09:57.561Z","state":"queued","mode":"standard","creationDate":"2026-02-18T02:09:57.563Z","modificationDate":"2026-02-18T02:09:57.563Z","shortid":"UFFLiB3","$entitySet":"profiles"},"doDiffs":false,"timestamp":1771380597562,"id":"w5l2un9vxvx5plv","previousOperationId":null,"operationId":"t5a03l103v4gmdi"}
{"type":"log","level":"info","message":"Render request 35 queued for execution and waiting for available worker","previousOperationId":"t5a03l103v4gmdi","timestamp":1771380597562,"id":"0dlspdi9v7bbdbr"}
{"type":"operationStart","subtype":"render","name":"trial-balance-v1","previousOperationId":"t5a03l103v4gmdi","timestamp":1771380597616,"id":"yl14fa9mq2uabf5","previousEventId":"w5l2un9vxvx5plv","operationId":"jh6e8xpejtow6ih"}
{"type":"log","timestamp":1771380597616,"level":"info","message":"Starting rendering request 35","meta":{"rootId":"kr3r980ok3ooe8y","id":"kr3r980ok3ooe8y"},"id":"iy2w3zzjmqh0gc8","previousOperationId":"jh6e8xpejtow6ih"}
{"type":"log","timestamp":1771380597616,"level":"info","message":"Rendering template { name: trial-balance-v1, recipe: chrome-pdf, engine: handlebars, preview: false }","meta":{"rootId":"kr3r980ok3ooe8y","id":"kr3r980ok3ooe8y"},"id":"auemm71b6dqbk3y","previousOperationId":"jh6e8xpejtow6ih"}
{"type":"log","timestamp":1771380597618,"level":"debug","message":"Inline data specified.","meta":{"rootId":"kr3r980ok3ooe8y","id":"kr3r980ok3ooe8y"},"id":"eg7an2lsullykzw","previousOperationId":"jh6e8xpejtow6ih"}
{"type":"log","timestamp":1771380597620,"level":"debug","message":"Base url not specified, skipping its injection.","meta":{"rootId":"kr3r980ok3ooe8y","id":"kr3r980ok3ooe8y"},"id":"gg3ej8zqy0qjlke","previousOperationId":"jh6e8xpejtow6ih"}
{"type":"operationStart","subtype":"engine","name":"handlebars","timestamp":1771380597620,"id":"hlxhp56e62g2z3h","previousEventId":"yl14fa9mq2uabf5","operationId":"4fokmr4ju73ernx","previousOperationId":"jh6e8xpejtow6ih"}
{"type":"log","timestamp":1771380597620,"level":"debug","message":"Rendering engine handlebars","meta":{"rootId":"kr3r980ok3ooe8y","id":"kr3r980ok3ooe8y"},"id":"7wo1y4hjh6u1q76","previousOperationId":"4fokmr4ju73ernx"}
{"type":"operationEnd","operationId":"4fokmr4ju73ernx","timestamp":1771380597633,"id":"ry6pccban3b42v6","previousEventId":"hlxhp56e62g2z3h","previousOperationId":"4fokmr4ju73ernx"}
{"type":"operationStart","subtype":"recipe","name":"chrome-pdf","timestamp":1771380597633,"id":"12hauu8m0rd8noo","previousEventId":"ry6pccban3b42v6","operationId":"588t6fa9yg0qs52","previousOperationId":"4fokmr4ju73ernx"}
{"type":"log","timestamp":1771380597633,"level":"debug","message":"Executing recipe chrome-pdf","meta":{"rootId":"kr3r980ok3ooe8y","id":"kr3r980ok3ooe8y"},"id":"a8tunmdeohd2ojl","previousOperationId":"588t6fa9yg0qs52"}
{"type":"log","timestamp":1771380597636,"level":"debug","message":"Converting with chrome Chrome/142.0.7444.175 using chrome-pool strategy","meta":{"rootId":"kr3r980ok3ooe8y","id":"kr3r980ok3ooe8y"},"id":"nldxln2n5sd2dou","previousOperationId":"588t6fa9yg0qs52"}
{"type":"log","timestamp":1771380597685,"level":"debug","message":"Page request: GET (document) file:///tmp/jsreport/autocleanup/c037c16c-9f98-47e3-98e4-a578a0c4714a-chrome-pdf.html","meta":{"rootId":"kr3r980ok3ooe8y","id":"kr3r980ok3ooe8y"},"id":"vj514s542rreiuq","previousOperationId":"588t6fa9yg0qs52"}
{"type":"log","timestamp":1771380597702,"level":"debug","message":"Page request finished: GET (document) 200 file:///tmp/jsreport/autocleanup/c037c16c-9f98-47e3-98e4-a578a0c4714a-chrome-pdf.html","meta":{"rootId":"kr3r980ok3ooe8y","id":"kr3r980ok3ooe8y"},"id":"9gveclhgf5offfc","previousOperationId":"588t6fa9yg0qs52"}
{"type":"log","timestamp":1771380597702,"level":"debug","message":"Page request: GET (image) https://paciolibucket.s3.us-east-2.amazonaws.com/orgs/c64b69f6759a43a1bc0ae31961876751/companies/logos/e9767ff4-7186-447f-a397-208ea6bbfdb8_ninosfelices.png?X-Amz-Expires=600&X-Amz-Algorithm=AWS4-HMAC-SHA256&X-Amz-Credential=AKIAVYV5Z6T6UQ4ARWOC%2F20260218%2Fus-east-2%2Fs3%2Faws4_request&X-Amz-Date=20260218T020957Z&X-Amz-SignedHeaders=host&X-Amz-Signature=d00c46daa5d54703f133a74ead39d0f065033f2ec1861837901233de89218f7e","meta":{"rootId":"kr3r980ok3ooe8y","id":"kr3r980ok3ooe8y"},"id":"zbs40hiaclp1042","previousOperationId":"588t6fa9yg0qs52"}
{"type":"log","timestamp":1771380598328,"level":"debug","message":"Page request finished: GET (image) 200 https://paciolibucket.s3.us-east-2.amazonaws.com/orgs/c64b69f6759a43a1bc0ae31961876751/companies/logos/e9767ff4-7186-447f-a397-208ea6bbfdb8_ninosfelices.png?X-Amz-Expires=600&X-Amz-Algorithm=AWS4-HMAC-SHA256&X-Amz-Credential=AKIAVYV5Z6T6UQ4ARWOC%2F20260218%2Fus-east-2%2Fs3%2Faws4_request&X-Amz-Date=20260218T020957Z&X-Amz-SignedHeaders=host&X-Amz-Signature=d00c46daa5d54703f133a74ead39d0f065033f2ec1861837901233de89218f7e","meta":{"rootId":"kr3r980ok3ooe8y","id":"kr3r980ok3ooe8y"},"id":"ovml6zwzoi7781c","previousOperationId":"588t6fa9yg0qs52"}
{"type":"log","timestamp":1771380598329,"level":"debug","message":"Running chrome with params {\"printBackground\":true,\"timeout\":59926,\"margin\":{}}","meta":{"rootId":"kr3r980ok3ooe8y","id":"kr3r980ok3ooe8y"},"id":"5vewyywl6zix0hu","previousOperationId":"588t6fa9yg0qs52"}
{"type":"operationEnd","operationId":"588t6fa9yg0qs52","timestamp":1771380598407,"id":"325u9fr8eu4n35w","previousEventId":"12hauu8m0rd8noo","previousOperationId":"588t6fa9yg0qs52"}
{"type":"log","timestamp":1771380598407,"level":"debug","message":"Skipping storing report.","meta":{"rootId":"kr3r980ok3ooe8y","id":"kr3r980ok3ooe8y"},"id":"2wjqsp6r1t3jmo6","previousOperationId":"588t6fa9yg0qs52"}
{"type":"log","timestamp":1771380598408,"level":"info","message":"Rendering request 35 finished in 847 ms","meta":{"rootId":"kr3r980ok3ooe8y","id":"kr3r980ok3ooe8y"},"id":"kehgpdmev2tzpx7","previousOperationId":"588t6fa9yg0qs52"}
{"type":"operationEnd","subtype":"render","operationId":"jh6e8xpejtow6ih","timestamp":1771380598408,"id":"1ybpkw954fq4o9b","previousEventId":"325u9fr8eu4n35w","previousOperationId":"588t6fa9yg0qs52"}
{"type":"operationEnd","doDiffs":false,"previousEventId":"w5l2un9vxvx5plv","previousOperationId":"t5a03l103v4gmdi","operationId":"t5a03l103v4gmdi","timestamp":1771380598410,"id":"snexsvgx3ceyf1x"}
