{"type":"operationStart","subtype":"profile","data":{"_id":"CltxCktJw3RFlhKe","timestamp":"2026-02-18T01:26:20.283Z","state":"queued","mode":"standard","creationDate":"2026-02-18T01:26:20.285Z","modificationDate":"2026-02-18T01:26:20.285Z","shortid":"6lOVifi","$entitySet":"profiles"},"doDiffs":false,"timestamp":1771377980284,"id":"c9hm37kepmf75tf","previousOperationId":null,"operationId":"e9sklw35ntkizv5"}
{"type":"log","level":"info","message":"Render request 13 queued for execution and waiting for available worker","previousOperationId":"e9sklw35ntkizv5","timestamp":1771377980284,"id":"tqx8qlmnk2x7aj2"}
{"type":"operationStart","subtype":"render","name":"trial-balance-v1","previousOperationId":"e9sklw35ntkizv5","timestamp":1771377980367,"id":"qctpai7i9kkj838","previousEventId":"c9hm37kepmf75tf","operationId":"8p0ih04y1priqpf"}
{"type":"log","timestamp":1771377980367,"level":"info","message":"Starting rendering request 13","meta":{"rootId":"lgbowlc1fjv9ytl","id":"lgbowlc1fjv9ytl"},"id":"8473mh4efxu4540","previousOperationId":"8p0ih04y1priqpf"}
{"type":"log","timestamp":1771377980367,"level":"info","message":"Rendering template { name: trial-balance-v1, recipe: chrome-pdf, engine: handlebars, preview: true }","meta":{"rootId":"lgbowlc1fjv9ytl","id":"lgbowlc1fjv9ytl"},"id":"5jllhri14o86hq6","previousOperationId":"8p0ih04y1priqpf"}
{"type":"log","timestamp":1771377980368,"level":"debug","message":"Inline data specified.","meta":{"rootId":"lgbowlc1fjv9ytl","id":"lgbowlc1fjv9ytl"},"id":"1lenl10asbm450d","previousOperationId":"8p0ih04y1priqpf"}
{"type":"log","timestamp":1771377980372,"level":"debug","message":"Base url not specified, skipping its injection.","meta":{"rootId":"lgbowlc1fjv9ytl","id":"lgbowlc1fjv9ytl"},"id":"rwl7o20uxkbqxuz","previousOperationId":"8p0ih04y1priqpf"}
{"type":"operationStart","subtype":"engine","name":"handlebars","timestamp":1771377980373,"id":"xa5rl1ano53vft4","previousEventId":"qctpai7i9kkj838","operationId":"ozmz9226r55l8d6","previousOperationId":"8p0ih04y1priqpf"}
{"type":"log","timestamp":1771377980373,"level":"debug","message":"Rendering engine handlebars","meta":{"rootId":"lgbowlc1fjv9ytl","id":"lgbowlc1fjv9ytl"},"id":"rv6cbnvwptodn3s","previousOperationId":"ozmz9226r55l8d6"}
{"type":"operationEnd","operationId":"ozmz9226r55l8d6","timestamp":1771377980385,"id":"zh459zemaom8r0o","previousEventId":"xa5rl1ano53vft4","previousOperationId":"ozmz9226r55l8d6"}
{"type":"operationStart","subtype":"recipe","name":"chrome-pdf","timestamp":1771377980385,"id":"7ervjl44x71su77","previousEventId":"zh459zemaom8r0o","operationId":"sa9exy3bl7gtinv","previousOperationId":"ozmz9226r55l8d6"}
{"type":"log","timestamp":1771377980385,"level":"debug","message":"Executing recipe chrome-pdf","meta":{"rootId":"lgbowlc1fjv9ytl","id":"lgbowlc1fjv9ytl"},"id":"238uien9j3nb5de","previousOperationId":"sa9exy3bl7gtinv"}
{"type":"log","timestamp":1771377980388,"level":"debug","message":"Converting with chrome Chrome/142.0.7444.175 using chrome-pool strategy","meta":{"rootId":"lgbowlc1fjv9ytl","id":"lgbowlc1fjv9ytl"},"id":"404ub9e17yafj4z","previousOperationId":"sa9exy3bl7gtinv"}
{"type":"log","timestamp":1771377980442,"level":"debug","message":"Page request: GET (document) file:///tmp/jsreport/autocleanup/ce388102-fb6f-465e-a4b9-51e1edc47506-chrome-pdf.html","meta":{"rootId":"lgbowlc1fjv9ytl","id":"lgbowlc1fjv9ytl"},"id":"fc0zx15oeqy50t4","previousOperationId":"sa9exy3bl7gtinv"}
{"type":"log","timestamp":1771377980455,"level":"debug","message":"Page request finished: GET (document) 200 file:///tmp/jsreport/autocleanup/ce388102-fb6f-465e-a4b9-51e1edc47506-chrome-pdf.html","meta":{"rootId":"lgbowlc1fjv9ytl","id":"lgbowlc1fjv9ytl"},"id":"bjwjjt8d3dgtcp6","previousOperationId":"sa9exy3bl7gtinv"}
{"type":"log","timestamp":1771377980456,"level":"debug","message":"Page request: GET (image) https://paciolibucket.s3.us-east-2.amazonaws.com/orgs/c64b69f6759a43a1bc0ae31961876751/companies/logos/e9767ff4-7186-447f-a397-208ea6bbfdb8_ninosfelices.png?X-Amz-Expires=600&X-Amz-Algorithm=AWS4-HMAC-SHA256&X-Amz-Credential=AKIAVYV5Z6T6UQ4ARWOC%2F20260218%2Fus-east-2%2Fs3%2Faws4_request&X-Amz-Date=20260218T005607Z&X-Amz-SignedHeaders=host&X-Amz-Signature=fe2025156fb580da2cbbce218a5fff90e38d5fc1a4ae111db0c11e9a557be278","meta":{"rootId":"lgbowlc1fjv9ytl","id":"lgbowlc1fjv9ytl"},"id":"p44zc7b17eqmg4b","previousOperationId":"sa9exy3bl7gtinv"}
{"type":"log","timestamp":1771377980460,"level":"debug","message":"Page request finished: GET (image) 200 https://paciolibucket.s3.us-east-2.amazonaws.com/orgs/c64b69f6759a43a1bc0ae31961876751/companies/logos/e9767ff4-7186-447f-a397-208ea6bbfdb8_ninosfelices.png?X-Amz-Expires=600&X-Amz-Algorithm=AWS4-HMAC-SHA256&X-Amz-Credential=AKIAVYV5Z6T6UQ4ARWOC%2F20260218%2Fus-east-2%2Fs3%2Faws4_request&X-Amz-Date=20260218T005607Z&X-Amz-SignedHeaders=host&X-Amz-Signature=fe2025156fb580da2cbbce218a5fff90e38d5fc1a4ae111db0c11e9a557be278","meta":{"rootId":"lgbowlc1fjv9ytl","id":"lgbowlc1fjv9ytl"},"id":"31w5qvlvxz3leo8","previousOperationId":"sa9exy3bl7gtinv"}
{"type":"log","timestamp":1771377980502,"level":"debug","message":"Running chrome with params {\"printBackground\":true,\"timeout\":59896,\"margin\":{}}","meta":{"rootId":"lgbowlc1fjv9ytl","id":"lgbowlc1fjv9ytl"},"id":"wfkg73w69l2tt7v","previousOperationId":"sa9exy3bl7gtinv"}
{"type":"operationEnd","operationId":"sa9exy3bl7gtinv","timestamp":1771377980559,"id":"5edh2kf6kiiq0zc","previousEventId":"7ervjl44x71su77","previousOperationId":"sa9exy3bl7gtinv"}
{"type":"log","timestamp":1771377980559,"level":"debug","message":"Skipping storing report.","meta":{"rootId":"lgbowlc1fjv9ytl","id":"lgbowlc1fjv9ytl"},"id":"9ddyt167g6qixwd","previousOperationId":"sa9exy3bl7gtinv"}
{"type":"log","timestamp":1771377980559,"level":"info","message":"Rendering request 13 finished in 277 ms","meta":{"rootId":"lgbowlc1fjv9ytl","id":"lgbowlc1fjv9ytl"},"id":"bdyl9f84sidsx2h","previousOperationId":"sa9exy3bl7gtinv"}
{"type":"operationEnd","subtype":"render","operationId":"8p0ih04y1priqpf","timestamp":1771377980559,"id":"b68tlxlxim6k47l","previousEventId":"5edh2kf6kiiq0zc","previousOperationId":"sa9exy3bl7gtinv"}
{"type":"operationEnd","doDiffs":false,"previousEventId":"c9hm37kepmf75tf","previousOperationId":"e9sklw35ntkizv5","operationId":"e9sklw35ntkizv5","timestamp":1771377980561,"id":"g7sbarefld785kc"}
