{"type":"operationStart","subtype":"profile","data":{"_id":"IMEIMYePys1SVS4z","timestamp":"2026-02-18T00:44:01.366Z","state":"queued","mode":"standard","creationDate":"2026-02-18T00:44:01.376Z","modificationDate":"2026-02-18T00:44:01.376Z","shortid":"b6SsHN3","$entitySet":"profiles"},"doDiffs":false,"timestamp":1771375441371,"id":"uowid99swwejunr","previousOperationId":null,"operationId":"tji1tumub0ippvu"}
{"type":"log","level":"info","message":"Render request 43 queued for execution and waiting for available worker","previousOperationId":"tji1tumub0ippvu","timestamp":1771375441375,"id":"dbftgd864yp6vkk"}
{"type":"operationStart","subtype":"render","name":"trial-balance-v1","previousOperationId":"tji1tumub0ippvu","timestamp":1771375441492,"id":"v1q74wq0jwt300g","previousEventId":"uowid99swwejunr","operationId":"34zh61khjit1k8s"}
{"type":"log","timestamp":1771375441498,"level":"info","message":"Starting rendering request 43","meta":{"rootId":"miuurjsid82m20m","id":"miuurjsid82m20m"},"id":"1f73bgl2dtnid25","previousOperationId":"34zh61khjit1k8s"}
{"type":"log","timestamp":1771375441504,"level":"info","message":"Rendering template { name: trial-balance-v1, recipe: chrome-pdf, engine: handlebars, preview: true }","meta":{"rootId":"miuurjsid82m20m","id":"miuurjsid82m20m"},"id":"mccv16nmjkbfbf1","previousOperationId":"34zh61khjit1k8s"}
{"type":"log","timestamp":1771375441516,"level":"debug","message":"Adding sample data 3dKJwnBUg","meta":{"rootId":"miuurjsid82m20m","id":"miuurjsid82m20m"},"id":"bj4mkjjtujprcla","previousOperationId":"34zh61khjit1k8s"}
{"type":"log","timestamp":1771375441529,"level":"debug","message":"Base url not specified, skipping its injection.","meta":{"rootId":"miuurjsid82m20m","id":"miuurjsid82m20m"},"id":"h8ngli8mqbm6xwd","previousOperationId":"34zh61khjit1k8s"}
{"type":"operationStart","subtype":"engine","name":"handlebars","timestamp":1771375441537,"id":"1ep7770rk5cm59u","previousEventId":"v1q74wq0jwt300g","operationId":"n4ac6hdd1e82s3w","previousOperationId":"34zh61khjit1k8s"}
{"type":"log","timestamp":1771375441537,"level":"debug","message":"Rendering engine handlebars","meta":{"rootId":"miuurjsid82m20m","id":"miuurjsid82m20m"},"id":"mn1f0e4dq32snyv","previousOperationId":"n4ac6hdd1e82s3w"}
{"type":"operationEnd","operationId":"n4ac6hdd1e82s3w","timestamp":1771375441775,"id":"08f15qx2rwzktzw","previousEventId":"1ep7770rk5cm59u","previousOperationId":"n4ac6hdd1e82s3w"}
{"type":"operationStart","subtype":"recipe","name":"chrome-pdf","timestamp":1771375441778,"id":"jmuhizkv6xwffr9","previousEventId":"08f15qx2rwzktzw","operationId":"kfdzfoxvgbzaunh","previousOperationId":"n4ac6hdd1e82s3w"}
{"type":"log","timestamp":1771375441778,"level":"debug","message":"Executing recipe chrome-pdf","meta":{"rootId":"miuurjsid82m20m","id":"miuurjsid82m20m"},"id":"qg09p0hstk6ycwe","previousOperationId":"kfdzfoxvgbzaunh"}
{"type":"log","timestamp":1771375441813,"level":"debug","message":"Converting with chrome Chrome/142.0.7444.175 using chrome-pool strategy","meta":{"rootId":"miuurjsid82m20m","id":"miuurjsid82m20m"},"id":"f7i4gxqvx3g4drt","previousOperationId":"kfdzfoxvgbzaunh"}
{"type":"log","timestamp":1771375442275,"level":"debug","message":"Page request: GET (document) file:///tmp/jsreport/autocleanup/aa2baa1d-2f63-4083-aaad-c0d5fefa93f0-chrome-pdf.html","meta":{"rootId":"miuurjsid82m20m","id":"miuurjsid82m20m"},"id":"y6zghzqpwq1gtpm","previousOperationId":"kfdzfoxvgbzaunh"}
{"type":"log","timestamp":1771375442323,"level":"debug","message":"Page request finished: GET (document) 200 file:///tmp/jsreport/autocleanup/aa2baa1d-2f63-4083-aaad-c0d5fefa93f0-chrome-pdf.html","meta":{"rootId":"miuurjsid82m20m","id":"miuurjsid82m20m"},"id":"kf9b8muczye99dl","previousOperationId":"kfdzfoxvgbzaunh"}
{"type":"log","timestamp":1771375442325,"level":"debug","message":"Page request: GET (image) https://paciolibucket.s3.us-east-2.amazonaws.com/orgs/c64b69f6759a43a1bc0ae31961876751/companies/logos/e9767ff4-7186-447f-a397-208ea6bbfdb8_ninosfelices.png?X-Amz-Expires=600&X-Amz-Algorithm=AWS4-HMAC-SHA256&X-Amz-Credential=AKIAVYV5Z6T6UQ4ARWOC%2F20260123%2Fus-east-2%2Fs3%2Faws4_request&X-Amz-Date=20260123T040554Z&X-Amz-SignedHeaders=host&X-Amz-Signature=747c15527b5085b1be2ddd3c10637621ec12ad2e785b0bc43d8c81665def75d9","meta":{"rootId":"miuurjsid82m20m","id":"miuurjsid82m20m"},"id":"rzykdbl1nlx8ovg","previousOperationId":"kfdzfoxvgbzaunh"}
{"type":"log","timestamp":1771375442792,"level":"warn","message":"Page request failed: GET (image) https://paciolibucket.s3.us-east-2.amazonaws.com/orgs/c64b69f6759a43a1bc0ae31961876751/companies/logos/e9767ff4-7186-447f-a397-208ea6bbfdb8_ninosfelices.png?X-Amz-Expires=600&X-Amz-Algorithm=AWS4-HMAC-SHA256&X-Amz-Credential=AKIAVYV5Z6T6UQ4ARWOC%2F20260123%2Fus-east-2%2Fs3%2Faws4_request&X-Amz-Date=20260123T040554Z&X-Amz-SignedHeaders=host&X-Amz-Signature=747c15527b5085b1be2ddd3c10637621ec12ad2e785b0bc43d8c81665def75d9, failure: net::ERR_BLOCKED_BY_ORB","meta":{"rootId":"miuurjsid82m20m","id":"miuurjsid82m20m"},"id":"ekkzdd9jhfa9tvp","previousOperationId":"kfdzfoxvgbzaunh"}
{"type":"log","timestamp":1771375442806,"level":"debug","message":"Running chrome with params {\"printBackground\":true,\"timeout\":59580,\"margin\":{}}","meta":{"rootId":"miuurjsid82m20m","id":"miuurjsid82m20m"},"id":"9wl7yqysdsjt2pt","previousOperationId":"kfdzfoxvgbzaunh"}
{"type":"operationEnd","operationId":"kfdzfoxvgbzaunh","timestamp":1771375442934,"id":"x284rvjzjfsw6a2","previousEventId":"jmuhizkv6xwffr9","previousOperationId":"kfdzfoxvgbzaunh"}
{"type":"log","timestamp":1771375442935,"level":"debug","message":"Skipping storing report.","meta":{"rootId":"miuurjsid82m20m","id":"miuurjsid82m20m"},"id":"31tbm8zi1q92s5f","previousOperationId":"kfdzfoxvgbzaunh"}
{"type":"log","timestamp":1771375442935,"level":"info","message":"Rendering request 43 finished in 1569 ms","meta":{"rootId":"miuurjsid82m20m","id":"miuurjsid82m20m"},"id":"eqbupk0syotmz24","previousOperationId":"kfdzfoxvgbzaunh"}
{"type":"operationEnd","subtype":"render","operationId":"34zh61khjit1k8s","timestamp":1771375442935,"id":"4whr8nln8i9seo3","previousEventId":"x284rvjzjfsw6a2","previousOperationId":"kfdzfoxvgbzaunh"}
{"type":"operationEnd","doDiffs":false,"previousEventId":"uowid99swwejunr","previousOperationId":"tji1tumub0ippvu","operationId":"tji1tumub0ippvu","timestamp":1771375442936,"id":"sqhpwk4k04mbiln"}
