{"type":"operationStart","subtype":"profile","data":{"_id":"L5UnGEyJqfMSL3lI","timestamp":"2026-02-18T01:08:08.161Z","state":"queued","mode":"standard","creationDate":"2026-02-18T01:08:08.162Z","modificationDate":"2026-02-18T01:08:08.162Z","shortid":"vpPJB-X","$entitySet":"profiles"},"doDiffs":false,"timestamp":1771376888162,"id":"rjaxn727dpo4xiq","previousOperationId":null,"operationId":"wri0bgdfvdqxjwg"}
{"type":"log","level":"info","message":"Render request 5 queued for execution and waiting for available worker","previousOperationId":"wri0bgdfvdqxjwg","timestamp":1771376888162,"id":"nwrmz7u0mqtlti0"}
{"type":"operationStart","subtype":"render","name":"trial-balance-v1","previousOperationId":"wri0bgdfvdqxjwg","timestamp":1771376888217,"id":"9mhawod2k4a13vr","previousEventId":"rjaxn727dpo4xiq","operationId":"nss9ido6o5ga4fy"}
{"type":"log","timestamp":1771376888217,"level":"info","message":"Starting rendering request 5","meta":{"rootId":"nfxhng37dj0mqrj","id":"nfxhng37dj0mqrj"},"id":"l08p95dkin5jhmg","previousOperationId":"nss9ido6o5ga4fy"}
{"type":"log","timestamp":1771376888217,"level":"info","message":"Rendering template { name: trial-balance-v1, recipe: chrome-pdf, engine: handlebars, preview: true }","meta":{"rootId":"nfxhng37dj0mqrj","id":"nfxhng37dj0mqrj"},"id":"gbqonqlbeo8gef6","previousOperationId":"nss9ido6o5ga4fy"}
{"type":"log","timestamp":1771376888218,"level":"debug","message":"Inline data specified.","meta":{"rootId":"nfxhng37dj0mqrj","id":"nfxhng37dj0mqrj"},"id":"2wl2mu18t9rj4zb","previousOperationId":"nss9ido6o5ga4fy"}
{"type":"log","timestamp":1771376888221,"level":"debug","message":"Base url not specified, skipping its injection.","meta":{"rootId":"nfxhng37dj0mqrj","id":"nfxhng37dj0mqrj"},"id":"srqn2k0n5pe2eqg","previousOperationId":"nss9ido6o5ga4fy"}
{"type":"operationStart","subtype":"engine","name":"handlebars","timestamp":1771376888222,"id":"950yrgeu5bypcz0","previousEventId":"9mhawod2k4a13vr","operationId":"uvqzadnkkp0tf75","previousOperationId":"nss9ido6o5ga4fy"}
{"type":"log","timestamp":1771376888222,"level":"debug","message":"Rendering engine handlebars","meta":{"rootId":"nfxhng37dj0mqrj","id":"nfxhng37dj0mqrj"},"id":"c2r1fk702cidu4z","previousOperationId":"uvqzadnkkp0tf75"}
{"type":"operationEnd","operationId":"uvqzadnkkp0tf75","timestamp":1771376888231,"id":"a7a2m4c5ezn714n","previousEventId":"950yrgeu5bypcz0","previousOperationId":"uvqzadnkkp0tf75"}
{"type":"operationStart","subtype":"recipe","name":"chrome-pdf","timestamp":1771376888231,"id":"vzuiz4eq7iq1uqh","previousEventId":"a7a2m4c5ezn714n","operationId":"iwwk5tzqxjbkhl8","previousOperationId":"uvqzadnkkp0tf75"}
{"type":"log","timestamp":1771376888231,"level":"debug","message":"Executing recipe chrome-pdf","meta":{"rootId":"nfxhng37dj0mqrj","id":"nfxhng37dj0mqrj"},"id":"rf5opce1lyfhgun","previousOperationId":"iwwk5tzqxjbkhl8"}
{"type":"log","timestamp":1771376888233,"level":"debug","message":"Converting with chrome Chrome/142.0.7444.175 using chrome-pool strategy","meta":{"rootId":"nfxhng37dj0mqrj","id":"nfxhng37dj0mqrj"},"id":"tgh6jcrqfh7odzu","previousOperationId":"iwwk5tzqxjbkhl8"}
{"type":"log","timestamp":1771376888273,"level":"debug","message":"Page request: GET (document) file:///tmp/jsreport/autocleanup/8ad494cf-94a3-44d5-9938-d8b3ce6f8d76-chrome-pdf.html","meta":{"rootId":"nfxhng37dj0mqrj","id":"nfxhng37dj0mqrj"},"id":"pgouxg7ps7ilkwt","previousOperationId":"iwwk5tzqxjbkhl8"}
{"type":"log","timestamp":1771376888284,"level":"debug","message":"Page request finished: GET (document) 200 file:///tmp/jsreport/autocleanup/8ad494cf-94a3-44d5-9938-d8b3ce6f8d76-chrome-pdf.html","meta":{"rootId":"nfxhng37dj0mqrj","id":"nfxhng37dj0mqrj"},"id":"olmrzwpzlbyf5jf","previousOperationId":"iwwk5tzqxjbkhl8"}
{"type":"log","timestamp":1771376888285,"level":"debug","message":"Page request: GET (image) https://paciolibucket.s3.us-east-2.amazonaws.com/orgs/c64b69f6759a43a1bc0ae31961876751/companies/logos/e9767ff4-7186-447f-a397-208ea6bbfdb8_ninosfelices.png?X-Amz-Expires=600&X-Amz-Algorithm=AWS4-HMAC-SHA256&X-Amz-Credential=AKIAVYV5Z6T6UQ4ARWOC%2F20260218%2Fus-east-2%2Fs3%2Faws4_request&X-Amz-Date=20260218T005607Z&X-Amz-SignedHeaders=host&X-Amz-Signature=fe2025156fb580da2cbbce218a5fff90e38d5fc1a4ae111db0c11e9a557be278","meta":{"rootId":"nfxhng37dj0mqrj","id":"nfxhng37dj0mqrj"},"id":"1y1r9jvmn6qzoro","previousOperationId":"iwwk5tzqxjbkhl8"}
{"type":"log","timestamp":1771376888288,"level":"debug","message":"Page request finished: GET (image) 200 https://paciolibucket.s3.us-east-2.amazonaws.com/orgs/c64b69f6759a43a1bc0ae31961876751/companies/logos/e9767ff4-7186-447f-a397-208ea6bbfdb8_ninosfelices.png?X-Amz-Expires=600&X-Amz-Algorithm=AWS4-HMAC-SHA256&X-Amz-Credential=AKIAVYV5Z6T6UQ4ARWOC%2F20260218%2Fus-east-2%2Fs3%2Faws4_request&X-Amz-Date=20260218T005607Z&X-Amz-SignedHeaders=host&X-Amz-Signature=fe2025156fb580da2cbbce218a5fff90e38d5fc1a4ae111db0c11e9a557be278","meta":{"rootId":"nfxhng37dj0mqrj","id":"nfxhng37dj0mqrj"},"id":"kiuvzrfdxda0xx9","previousOperationId":"iwwk5tzqxjbkhl8"}
{"type":"log","timestamp":1771376888324,"level":"debug","message":"Running chrome with params {\"printBackground\":true,\"timeout\":59929,\"margin\":{}}","meta":{"rootId":"nfxhng37dj0mqrj","id":"nfxhng37dj0mqrj"},"id":"b2v4n1ihvtwnvqu","previousOperationId":"iwwk5tzqxjbkhl8"}
{"type":"operationEnd","operationId":"iwwk5tzqxjbkhl8","timestamp":1771376888377,"id":"0lh78dpb3n7ajfu","previousEventId":"vzuiz4eq7iq1uqh","previousOperationId":"iwwk5tzqxjbkhl8"}
{"type":"log","timestamp":1771376888377,"level":"debug","message":"Skipping storing report.","meta":{"rootId":"nfxhng37dj0mqrj","id":"nfxhng37dj0mqrj"},"id":"74skp8jefrv8j7o","previousOperationId":"iwwk5tzqxjbkhl8"}
{"type":"log","timestamp":1771376888377,"level":"info","message":"Rendering request 5 finished in 216 ms","meta":{"rootId":"nfxhng37dj0mqrj","id":"nfxhng37dj0mqrj"},"id":"bngl0vl7hla3e08","previousOperationId":"iwwk5tzqxjbkhl8"}
{"type":"operationEnd","subtype":"render","operationId":"nss9ido6o5ga4fy","timestamp":1771376888377,"id":"qaodt7m4mgx38u5","previousEventId":"0lh78dpb3n7ajfu","previousOperationId":"iwwk5tzqxjbkhl8"}
{"type":"operationEnd","doDiffs":false,"previousEventId":"rjaxn727dpo4xiq","previousOperationId":"wri0bgdfvdqxjwg","operationId":"wri0bgdfvdqxjwg","timestamp":1771376888378,"id":"zruhzahdvgpieah"}
