{"type":"operationStart","subtype":"profile","data":{"_id":"8zPpHGgi3dPwqKei","timestamp":"2026-02-18T01:26:27.390Z","state":"queued","mode":"standard","creationDate":"2026-02-18T01:26:27.392Z","modificationDate":"2026-02-18T01:26:27.392Z","shortid":"OedZGxH","$entitySet":"profiles"},"doDiffs":false,"timestamp":1771377987392,"id":"c0hyifibx6tctwk","previousOperationId":null,"operationId":"ifp5zdecmqlymii"}
{"type":"log","level":"info","message":"Render request 14 queued for execution and waiting for available worker","previousOperationId":"ifp5zdecmqlymii","timestamp":1771377987392,"id":"pz7xt50i2naqe6n"}
{"type":"operationStart","subtype":"render","name":"trial-balance-v1","previousOperationId":"ifp5zdecmqlymii","timestamp":1771377987457,"id":"bcprdy6wzlz3pqo","previousEventId":"c0hyifibx6tctwk","operationId":"gxlyic1ut1h8uyc"}
{"type":"log","timestamp":1771377987457,"level":"info","message":"Starting rendering request 14","meta":{"rootId":"o214u73uz8zwwrn","id":"o214u73uz8zwwrn"},"id":"vbr8dl5fj1wh6cd","previousOperationId":"gxlyic1ut1h8uyc"}
{"type":"log","timestamp":1771377987457,"level":"info","message":"Rendering template { name: trial-balance-v1, recipe: chrome-pdf, engine: handlebars, preview: true }","meta":{"rootId":"o214u73uz8zwwrn","id":"o214u73uz8zwwrn"},"id":"vchychzw51wta1r","previousOperationId":"gxlyic1ut1h8uyc"}
{"type":"log","timestamp":1771377987458,"level":"debug","message":"Inline data specified.","meta":{"rootId":"o214u73uz8zwwrn","id":"o214u73uz8zwwrn"},"id":"5b64gy1lu2t1c1z","previousOperationId":"gxlyic1ut1h8uyc"}
{"type":"log","timestamp":1771377987472,"level":"debug","message":"Base url not specified, skipping its injection.","meta":{"rootId":"o214u73uz8zwwrn","id":"o214u73uz8zwwrn"},"id":"0j64wzzgxvjreji","previousOperationId":"gxlyic1ut1h8uyc"}
{"type":"operationStart","subtype":"engine","name":"handlebars","timestamp":1771377987472,"id":"ae6c1k0he4mbl7v","previousEventId":"bcprdy6wzlz3pqo","operationId":"ps0psajsjsbqyla","previousOperationId":"gxlyic1ut1h8uyc"}
{"type":"log","timestamp":1771377987472,"level":"debug","message":"Rendering engine handlebars","meta":{"rootId":"o214u73uz8zwwrn","id":"o214u73uz8zwwrn"},"id":"c5r0bec2dxb1zsz","previousOperationId":"ps0psajsjsbqyla"}
{"type":"operationEnd","operationId":"ps0psajsjsbqyla","timestamp":1771377987581,"id":"72cg060vjnjvese","previousEventId":"ae6c1k0he4mbl7v","previousOperationId":"ps0psajsjsbqyla"}
{"type":"operationStart","subtype":"recipe","name":"chrome-pdf","timestamp":1771377987582,"id":"c2ku3h55xktx4l9","previousEventId":"72cg060vjnjvese","operationId":"nmeo0j6beft62g5","previousOperationId":"ps0psajsjsbqyla"}
{"type":"log","timestamp":1771377987582,"level":"debug","message":"Executing recipe chrome-pdf","meta":{"rootId":"o214u73uz8zwwrn","id":"o214u73uz8zwwrn"},"id":"oyx6k9i8ahg97ks","previousOperationId":"nmeo0j6beft62g5"}
{"type":"log","timestamp":1771377987588,"level":"debug","message":"Converting with chrome Chrome/142.0.7444.175 using chrome-pool strategy","meta":{"rootId":"o214u73uz8zwwrn","id":"o214u73uz8zwwrn"},"id":"aqdqu9thwi11r1j","previousOperationId":"nmeo0j6beft62g5"}
{"type":"log","timestamp":1771377987634,"level":"debug","message":"Page request: GET (document) file:///tmp/jsreport/autocleanup/d3922c26-a8c7-4d15-82e7-bd75797f50ec-chrome-pdf.html","meta":{"rootId":"o214u73uz8zwwrn","id":"o214u73uz8zwwrn"},"id":"bpwwmaxu6xv60zc","previousOperationId":"nmeo0j6beft62g5"}
{"type":"log","timestamp":1771377987648,"level":"debug","message":"Page request finished: GET (document) 200 file:///tmp/jsreport/autocleanup/d3922c26-a8c7-4d15-82e7-bd75797f50ec-chrome-pdf.html","meta":{"rootId":"o214u73uz8zwwrn","id":"o214u73uz8zwwrn"},"id":"0fsab2ppnrwyveg","previousOperationId":"nmeo0j6beft62g5"}
{"type":"log","timestamp":1771377987648,"level":"debug","message":"Page request: GET (image) https://paciolibucket.s3.us-east-2.amazonaws.com/orgs/c64b69f6759a43a1bc0ae31961876751/companies/logos/e9767ff4-7186-447f-a397-208ea6bbfdb8_ninosfelices.png?X-Amz-Expires=600&X-Amz-Algorithm=AWS4-HMAC-SHA256&X-Amz-Credential=AKIAVYV5Z6T6UQ4ARWOC%2F20260218%2Fus-east-2%2Fs3%2Faws4_request&X-Amz-Date=20260218T005607Z&X-Amz-SignedHeaders=host&X-Amz-Signature=fe2025156fb580da2cbbce218a5fff90e38d5fc1a4ae111db0c11e9a557be278","meta":{"rootId":"o214u73uz8zwwrn","id":"o214u73uz8zwwrn"},"id":"ka1dr8sslvgtxsp","previousOperationId":"nmeo0j6beft62g5"}
{"type":"log","timestamp":1771377988117,"level":"warn","message":"Page request failed: GET (image) https://paciolibucket.s3.us-east-2.amazonaws.com/orgs/c64b69f6759a43a1bc0ae31961876751/companies/logos/e9767ff4-7186-447f-a397-208ea6bbfdb8_ninosfelices.png?X-Amz-Expires=600&X-Amz-Algorithm=AWS4-HMAC-SHA256&X-Amz-Credential=AKIAVYV5Z6T6UQ4ARWOC%2F20260218%2Fus-east-2%2Fs3%2Faws4_request&X-Amz-Date=20260218T005607Z&X-Amz-SignedHeaders=host&X-Amz-Signature=fe2025156fb580da2cbbce218a5fff90e38d5fc1a4ae111db0c11e9a557be278, failure: net::ERR_BLOCKED_BY_ORB","meta":{"rootId":"o214u73uz8zwwrn","id":"o214u73uz8zwwrn"},"id":"j80q1142o2iggzy","previousOperationId":"nmeo0j6beft62g5"}
{"type":"log","timestamp":1771377988119,"level":"debug","message":"Running chrome with params {\"printBackground\":true,\"timeout\":59803,\"margin\":{}}","meta":{"rootId":"o214u73uz8zwwrn","id":"o214u73uz8zwwrn"},"id":"qtckd2slwv6vkyz","previousOperationId":"nmeo0j6beft62g5"}
{"type":"operationEnd","operationId":"nmeo0j6beft62g5","timestamp":1771377988175,"id":"mxy8vju7znvfd33","previousEventId":"c2ku3h55xktx4l9","previousOperationId":"nmeo0j6beft62g5"}
{"type":"log","timestamp":1771377988175,"level":"debug","message":"Skipping storing report.","meta":{"rootId":"o214u73uz8zwwrn","id":"o214u73uz8zwwrn"},"id":"n8h7hs06eqinm0m","previousOperationId":"nmeo0j6beft62g5"}
{"type":"log","timestamp":1771377988176,"level":"info","message":"Rendering request 14 finished in 786 ms","meta":{"rootId":"o214u73uz8zwwrn","id":"o214u73uz8zwwrn"},"id":"zzrqr47wbskzmla","previousOperationId":"nmeo0j6beft62g5"}
{"type":"operationEnd","subtype":"render","operationId":"gxlyic1ut1h8uyc","timestamp":1771377988176,"id":"lg07kyibtupeajd","previousEventId":"mxy8vju7znvfd33","previousOperationId":"nmeo0j6beft62g5"}
{"type":"operationEnd","doDiffs":false,"previousEventId":"c0hyifibx6tctwk","previousOperationId":"ifp5zdecmqlymii","operationId":"ifp5zdecmqlymii","timestamp":1771377988178,"id":"aec78xye73483fy"}
