{"type":"operationStart","subtype":"profile","data":{"_id":"Vaptlcz4bxLllI8S","timestamp":"2026-02-19T15:37:43.670Z","state":"queued","mode":"standard","creationDate":"2026-02-19T15:37:43.672Z","modificationDate":"2026-02-19T15:37:43.672Z","shortid":"LwtUrbB","$entitySet":"profiles"},"doDiffs":false,"timestamp":1771515463671,"id":"nebii9zlf8mplyd","previousOperationId":null,"operationId":"hj6vxjiv3gjoeha"}
{"type":"log","level":"info","message":"Render request 8 queued for execution and waiting for available worker","previousOperationId":"hj6vxjiv3gjoeha","timestamp":1771515463671,"id":"clgh5zu1y3eqvdt"}
{"type":"operationStart","subtype":"render","name":"trial-balance-v1","previousOperationId":"hj6vxjiv3gjoeha","timestamp":1771515463717,"id":"ahmyl1167euf9zz","previousEventId":"nebii9zlf8mplyd","operationId":"hrynbkvrhjnn1ov"}
{"type":"log","timestamp":1771515463717,"level":"info","message":"Starting rendering request 8","meta":{"rootId":"oc19qkoncoztfky","id":"oc19qkoncoztfky"},"id":"pilwpnxlrfcfasm","previousOperationId":"hrynbkvrhjnn1ov"}
{"type":"log","timestamp":1771515463717,"level":"info","message":"Rendering template { name: trial-balance-v1, recipe: chrome-pdf, engine: handlebars, preview: false }","meta":{"rootId":"oc19qkoncoztfky","id":"oc19qkoncoztfky"},"id":"0zxurd65gyyvci6","previousOperationId":"hrynbkvrhjnn1ov"}
{"type":"log","timestamp":1771515463721,"level":"debug","message":"Inline data specified.","meta":{"rootId":"oc19qkoncoztfky","id":"oc19qkoncoztfky"},"id":"m71xjph9uc9qaoc","previousOperationId":"hrynbkvrhjnn1ov"}
{"type":"log","timestamp":1771515463728,"level":"debug","message":"Base url not specified, skipping its injection.","meta":{"rootId":"oc19qkoncoztfky","id":"oc19qkoncoztfky"},"id":"6xv8h2tricsif2g","previousOperationId":"hrynbkvrhjnn1ov"}
{"type":"operationStart","subtype":"engine","name":"handlebars","timestamp":1771515463728,"id":"lvd751z8n82lym2","previousEventId":"ahmyl1167euf9zz","operationId":"3yy80zl6qby2557","previousOperationId":"hrynbkvrhjnn1ov"}
{"type":"log","timestamp":1771515463728,"level":"debug","message":"Rendering engine handlebars","meta":{"rootId":"oc19qkoncoztfky","id":"oc19qkoncoztfky"},"id":"yl54gdtedm7va5y","previousOperationId":"3yy80zl6qby2557"}
{"type":"operationEnd","operationId":"3yy80zl6qby2557","timestamp":1771515463747,"id":"gn932m0d2ow3mbe","previousEventId":"lvd751z8n82lym2","previousOperationId":"3yy80zl6qby2557"}
{"type":"operationStart","subtype":"recipe","name":"chrome-pdf","timestamp":1771515463750,"id":"llxabog3o72mtkf","previousEventId":"gn932m0d2ow3mbe","operationId":"ljj3duyzkxrjoh3","previousOperationId":"3yy80zl6qby2557"}
{"type":"log","timestamp":1771515463750,"level":"debug","message":"Executing recipe chrome-pdf","meta":{"rootId":"oc19qkoncoztfky","id":"oc19qkoncoztfky"},"id":"jj1c2t8pswc8wus","previousOperationId":"ljj3duyzkxrjoh3"}
{"type":"log","timestamp":1771515463752,"level":"debug","message":"Converting with chrome Chrome/142.0.7444.175 using chrome-pool strategy","meta":{"rootId":"oc19qkoncoztfky","id":"oc19qkoncoztfky"},"id":"n55uve3y0pxdxeb","previousOperationId":"ljj3duyzkxrjoh3"}
{"type":"log","timestamp":1771515463787,"level":"debug","message":"Page request: GET (document) file:///tmp/jsreport/autocleanup/690ca78a-a514-480f-9a67-9f3f61cf3f6f-chrome-pdf.html","meta":{"rootId":"oc19qkoncoztfky","id":"oc19qkoncoztfky"},"id":"610cx7ek4tlfd1j","previousOperationId":"ljj3duyzkxrjoh3"}
{"type":"log","timestamp":1771515463796,"level":"debug","message":"Page request: GET (image) https://paciolibucket.s3.us-east-2.amazonaws.com/orgs/c64b69f6759a43a1bc0ae31961876751/companies/logos/b6e6bbb3-4217-4336-88b7-161c9ce34ada_Applicorp%20Logo.png?X-Amz-Expires=600&X-Amz-Algorithm=AWS4-HMAC-SHA256&X-Amz-Credential=AKIAVYV5Z6T6UQ4ARWOC%2F20260219%2Fus-east-2%2Fs3%2Faws4_request&X-Amz-Date=20260219T153743Z&X-Amz-SignedHeaders=host&X-Amz-Signature=46508e4f381b94923ef2b9f98aae03930f059ca340f30d0d645dee8293c84ee2","meta":{"rootId":"oc19qkoncoztfky","id":"oc19qkoncoztfky"},"id":"m1atrew41i3ujob","previousOperationId":"ljj3duyzkxrjoh3"}
{"type":"log","timestamp":1771515463797,"level":"debug","message":"Page request finished: GET (document) 200 file:///tmp/jsreport/autocleanup/690ca78a-a514-480f-9a67-9f3f61cf3f6f-chrome-pdf.html","meta":{"rootId":"oc19qkoncoztfky","id":"oc19qkoncoztfky"},"id":"i9cl8y4p8inqz5z","previousOperationId":"ljj3duyzkxrjoh3"}
{"type":"log","timestamp":1771515464223,"level":"debug","message":"Page request finished: GET (image) 200 https://paciolibucket.s3.us-east-2.amazonaws.com/orgs/c64b69f6759a43a1bc0ae31961876751/companies/logos/b6e6bbb3-4217-4336-88b7-161c9ce34ada_Applicorp%20Logo.png?X-Amz-Expires=600&X-Amz-Algorithm=AWS4-HMAC-SHA256&X-Amz-Credential=AKIAVYV5Z6T6UQ4ARWOC%2F20260219%2Fus-east-2%2Fs3%2Faws4_request&X-Amz-Date=20260219T153743Z&X-Amz-SignedHeaders=host&X-Amz-Signature=46508e4f381b94923ef2b9f98aae03930f059ca340f30d0d645dee8293c84ee2","meta":{"rootId":"oc19qkoncoztfky","id":"oc19qkoncoztfky"},"id":"8rciydykbfrvm6j","previousOperationId":"ljj3duyzkxrjoh3"}
{"type":"log","timestamp":1771515464225,"level":"debug","message":"Running chrome with params {\"printBackground\":true,\"timeout\":59918,\"margin\":{}}","meta":{"rootId":"oc19qkoncoztfky","id":"oc19qkoncoztfky"},"id":"65ktp86epbtrvdl","previousOperationId":"ljj3duyzkxrjoh3"}
{"type":"operationEnd","operationId":"ljj3duyzkxrjoh3","timestamp":1771515464542,"id":"6uya1l6h8lr2rgw","previousEventId":"llxabog3o72mtkf","previousOperationId":"ljj3duyzkxrjoh3"}
{"type":"log","timestamp":1771515464542,"level":"debug","message":"Skipping storing report.","meta":{"rootId":"oc19qkoncoztfky","id":"oc19qkoncoztfky"},"id":"59wt3flo66yp77p","previousOperationId":"ljj3duyzkxrjoh3"}
{"type":"log","timestamp":1771515464542,"level":"info","message":"Rendering request 8 finished in 873 ms","meta":{"rootId":"oc19qkoncoztfky","id":"oc19qkoncoztfky"},"id":"paacwge0g64roko","previousOperationId":"ljj3duyzkxrjoh3"}
{"type":"operationEnd","subtype":"render","operationId":"hrynbkvrhjnn1ov","timestamp":1771515464542,"id":"ujrplk24ioy1ncq","previousEventId":"6uya1l6h8lr2rgw","previousOperationId":"ljj3duyzkxrjoh3"}
{"type":"operationEnd","doDiffs":false,"previousEventId":"nebii9zlf8mplyd","previousOperationId":"hj6vxjiv3gjoeha","operationId":"hj6vxjiv3gjoeha","timestamp":1771515464543,"id":"svtx07yk2n1z8zq"}
