{"type":"operationStart","subtype":"profile","data":{"_id":"MXIQmkrkqqryiIUF","timestamp":"2026-02-18T01:59:14.055Z","state":"queued","mode":"standard","creationDate":"2026-02-18T01:59:14.056Z","modificationDate":"2026-02-18T01:59:14.056Z","shortid":"0-6Eode","$entitySet":"profiles"},"doDiffs":false,"timestamp":1771379954056,"id":"xfw26rssqpj9vuf","previousOperationId":null,"operationId":"0dahwf6vmk1lu5l"}
{"type":"log","level":"info","message":"Render request 31 queued for execution and waiting for available worker","previousOperationId":"0dahwf6vmk1lu5l","timestamp":1771379954056,"id":"yxsvtepj4moaubw"}
{"type":"operationStart","subtype":"render","name":"trial-balance-v1","previousOperationId":"0dahwf6vmk1lu5l","timestamp":1771379954106,"id":"om5jfe6wvnonuh2","previousEventId":"xfw26rssqpj9vuf","operationId":"61x06apq9xysww6"}
{"type":"log","timestamp":1771379954106,"level":"info","message":"Starting rendering request 31","meta":{"rootId":"pp3tm7t33he1514","id":"pp3tm7t33he1514"},"id":"dzj6pwstvcfy2uu","previousOperationId":"61x06apq9xysww6"}
{"type":"log","timestamp":1771379954106,"level":"info","message":"Rendering template { name: trial-balance-v1, recipe: chrome-pdf, engine: handlebars, preview: false }","meta":{"rootId":"pp3tm7t33he1514","id":"pp3tm7t33he1514"},"id":"z8ccxxq97f1gtyd","previousOperationId":"61x06apq9xysww6"}
{"type":"log","timestamp":1771379954112,"level":"debug","message":"Inline data specified.","meta":{"rootId":"pp3tm7t33he1514","id":"pp3tm7t33he1514"},"id":"it6es1r8u1gx9b9","previousOperationId":"61x06apq9xysww6"}
{"type":"log","timestamp":1771379954114,"level":"debug","message":"Base url not specified, skipping its injection.","meta":{"rootId":"pp3tm7t33he1514","id":"pp3tm7t33he1514"},"id":"l05ov2rxlq5xdw3","previousOperationId":"61x06apq9xysww6"}
{"type":"operationStart","subtype":"engine","name":"handlebars","timestamp":1771379954114,"id":"t47wge735bufdy8","previousEventId":"om5jfe6wvnonuh2","operationId":"nj2vzebpu8dbxlp","previousOperationId":"61x06apq9xysww6"}
{"type":"log","timestamp":1771379954114,"level":"debug","message":"Rendering engine handlebars","meta":{"rootId":"pp3tm7t33he1514","id":"pp3tm7t33he1514"},"id":"8q5070zy9tffxdg","previousOperationId":"nj2vzebpu8dbxlp"}
{"type":"operationEnd","operationId":"nj2vzebpu8dbxlp","timestamp":1771379954123,"id":"58543658iy4bgip","previousEventId":"t47wge735bufdy8","previousOperationId":"nj2vzebpu8dbxlp"}
{"type":"operationStart","subtype":"recipe","name":"chrome-pdf","timestamp":1771379954123,"id":"cnnw7qrgaslrapn","previousEventId":"58543658iy4bgip","operationId":"0uobnd85gn3bj0q","previousOperationId":"nj2vzebpu8dbxlp"}
{"type":"log","timestamp":1771379954123,"level":"debug","message":"Executing recipe chrome-pdf","meta":{"rootId":"pp3tm7t33he1514","id":"pp3tm7t33he1514"},"id":"hhkux3ihxft5hw7","previousOperationId":"0uobnd85gn3bj0q"}
{"type":"log","timestamp":1771379954127,"level":"debug","message":"Converting with chrome Chrome/142.0.7444.175 using chrome-pool strategy","meta":{"rootId":"pp3tm7t33he1514","id":"pp3tm7t33he1514"},"id":"zh3dde7bemy36xb","previousOperationId":"0uobnd85gn3bj0q"}
{"type":"log","timestamp":1771379954190,"level":"debug","message":"Page request: GET (document) file:///tmp/jsreport/autocleanup/a70bbafb-b1ea-42f1-8d34-d603eaa2522a-chrome-pdf.html","meta":{"rootId":"pp3tm7t33he1514","id":"pp3tm7t33he1514"},"id":"qfvfhs4bbu3kmpf","previousOperationId":"0uobnd85gn3bj0q"}
{"type":"log","timestamp":1771379954203,"level":"debug","message":"Page request finished: GET (document) 200 file:///tmp/jsreport/autocleanup/a70bbafb-b1ea-42f1-8d34-d603eaa2522a-chrome-pdf.html","meta":{"rootId":"pp3tm7t33he1514","id":"pp3tm7t33he1514"},"id":"eaxxj8g9nsrozrf","previousOperationId":"0uobnd85gn3bj0q"}
{"type":"log","timestamp":1771379954204,"level":"debug","message":"Page request: GET (image) https://paciolibucket.s3.us-east-2.amazonaws.com/orgs/c64b69f6759a43a1bc0ae31961876751/companies/logos/e9767ff4-7186-447f-a397-208ea6bbfdb8_ninosfelices.png?X-Amz-Expires=600&X-Amz-Algorithm=AWS4-HMAC-SHA256&X-Amz-Credential=AKIAVYV5Z6T6UQ4ARWOC%2F20260218%2Fus-east-2%2Fs3%2Faws4_request&X-Amz-Date=20260218T015914Z&X-Amz-SignedHeaders=host&X-Amz-Signature=73ebdcb4a2535b04cb0a834c0ef2e4794f41268f9004a7a9cbfaef15946976ae","meta":{"rootId":"pp3tm7t33he1514","id":"pp3tm7t33he1514"},"id":"8if7fibpizcp9ed","previousOperationId":"0uobnd85gn3bj0q"}
{"type":"log","timestamp":1771379954668,"level":"debug","message":"Page request finished: GET (image) 200 https://paciolibucket.s3.us-east-2.amazonaws.com/orgs/c64b69f6759a43a1bc0ae31961876751/companies/logos/e9767ff4-7186-447f-a397-208ea6bbfdb8_ninosfelices.png?X-Amz-Expires=600&X-Amz-Algorithm=AWS4-HMAC-SHA256&X-Amz-Credential=AKIAVYV5Z6T6UQ4ARWOC%2F20260218%2Fus-east-2%2Fs3%2Faws4_request&X-Amz-Date=20260218T015914Z&X-Amz-SignedHeaders=host&X-Amz-Signature=73ebdcb4a2535b04cb0a834c0ef2e4794f41268f9004a7a9cbfaef15946976ae","meta":{"rootId":"pp3tm7t33he1514","id":"pp3tm7t33he1514"},"id":"s031ys951qzsv3z","previousOperationId":"0uobnd85gn3bj0q"}
{"type":"log","timestamp":1771379954670,"level":"debug","message":"Running chrome with params {\"printBackground\":true,\"timeout\":59928,\"margin\":{}}","meta":{"rootId":"pp3tm7t33he1514","id":"pp3tm7t33he1514"},"id":"czrngirddv21pdy","previousOperationId":"0uobnd85gn3bj0q"}
{"type":"operationEnd","operationId":"0uobnd85gn3bj0q","timestamp":1771379954729,"id":"dh9k22r10hwep82","previousEventId":"cnnw7qrgaslrapn","previousOperationId":"0uobnd85gn3bj0q"}
{"type":"log","timestamp":1771379954729,"level":"debug","message":"Skipping storing report.","meta":{"rootId":"pp3tm7t33he1514","id":"pp3tm7t33he1514"},"id":"0wu2ywp6p0qleb8","previousOperationId":"0uobnd85gn3bj0q"}
{"type":"log","timestamp":1771379954729,"level":"info","message":"Rendering request 31 finished in 675 ms","meta":{"rootId":"pp3tm7t33he1514","id":"pp3tm7t33he1514"},"id":"z94l0qbfit0jj9b","previousOperationId":"0uobnd85gn3bj0q"}
{"type":"operationEnd","subtype":"render","operationId":"61x06apq9xysww6","timestamp":1771379954729,"id":"bml0wl4pvypdbi5","previousEventId":"dh9k22r10hwep82","previousOperationId":"0uobnd85gn3bj0q"}
{"type":"operationEnd","doDiffs":false,"previousEventId":"xfw26rssqpj9vuf","previousOperationId":"0dahwf6vmk1lu5l","operationId":"0dahwf6vmk1lu5l","timestamp":1771379954731,"id":"t6jlms4g5u9owuj"}
