{"type":"operationStart","subtype":"profile","data":{"_id":"DPFPqSxw3y1xdUPn","timestamp":"2026-03-22T03:45:12.225Z","state":"queued","mode":"standard","creationDate":"2026-03-22T03:45:12.226Z","modificationDate":"2026-03-22T03:45:12.226Z","shortid":"J6XtM8v","$entitySet":"profiles"},"doDiffs":false,"timestamp":1774151112226,"id":"a2l3ql097dk99v2","previousOperationId":null,"operationId":"6izja6cg46kbsyi"}
{"type":"log","level":"info","message":"Render request 13 queued for execution and waiting for available worker","previousOperationId":"6izja6cg46kbsyi","timestamp":1774151112226,"id":"vi95hxjynataifi"}
{"type":"operationStart","subtype":"render","name":"trial-balance-v1","previousOperationId":"6izja6cg46kbsyi","timestamp":1774151112362,"id":"i6xd96qc9poxzo6","previousEventId":"a2l3ql097dk99v2","operationId":"i18vviz505i9pyl"}
{"type":"log","timestamp":1774151112370,"level":"info","message":"Starting rendering request 13","meta":{"rootId":"ppyjgnregoucaj1","id":"ppyjgnregoucaj1"},"id":"7rowjz30duc0tsn","previousOperationId":"i18vviz505i9pyl"}
{"type":"log","timestamp":1774151112378,"level":"info","message":"Rendering template { name: trial-balance-v1, recipe: chrome-pdf, engine: handlebars, preview: false }","meta":{"rootId":"ppyjgnregoucaj1","id":"ppyjgnregoucaj1"},"id":"8lf19qoms948bqm","previousOperationId":"i18vviz505i9pyl"}
{"type":"log","timestamp":1774151112461,"level":"debug","message":"Inline data specified.","meta":{"rootId":"ppyjgnregoucaj1","id":"ppyjgnregoucaj1"},"id":"fermgoiulc5u00h","previousOperationId":"i18vviz505i9pyl"}
{"type":"log","timestamp":1774151112468,"level":"debug","message":"Base url not specified, skipping its injection.","meta":{"rootId":"ppyjgnregoucaj1","id":"ppyjgnregoucaj1"},"id":"t3hn8swt6nxnr2m","previousOperationId":"i18vviz505i9pyl"}
{"type":"operationStart","subtype":"engine","name":"handlebars","timestamp":1774151112475,"id":"9chmj9ui91idywj","previousEventId":"i6xd96qc9poxzo6","operationId":"3vvyz8l1tvypps9","previousOperationId":"i18vviz505i9pyl"}
{"type":"log","timestamp":1774151112475,"level":"debug","message":"Rendering engine handlebars","meta":{"rootId":"ppyjgnregoucaj1","id":"ppyjgnregoucaj1"},"id":"nsodm9lxzimadb8","previousOperationId":"3vvyz8l1tvypps9"}
{"type":"operationEnd","operationId":"3vvyz8l1tvypps9","timestamp":1774151112619,"id":"i09g79qfz8vx3tk","previousEventId":"9chmj9ui91idywj","previousOperationId":"3vvyz8l1tvypps9"}
{"type":"operationStart","subtype":"recipe","name":"chrome-pdf","timestamp":1774151112628,"id":"337q7z70xcid83a","previousEventId":"i09g79qfz8vx3tk","operationId":"eg53k3692jxm16n","previousOperationId":"3vvyz8l1tvypps9"}
{"type":"log","timestamp":1774151112628,"level":"debug","message":"Executing recipe chrome-pdf","meta":{"rootId":"ppyjgnregoucaj1","id":"ppyjgnregoucaj1"},"id":"il3aejlnzbm1pwm","previousOperationId":"eg53k3692jxm16n"}
{"type":"log","timestamp":1774151112648,"level":"debug","message":"Converting with chrome Chrome/144.0.7559.109 using chrome-pool strategy","meta":{"rootId":"ppyjgnregoucaj1","id":"ppyjgnregoucaj1"},"id":"9eo7zci1lygdkrz","previousOperationId":"eg53k3692jxm16n"}
{"type":"log","timestamp":1774151112815,"level":"debug","message":"Page request: GET (document) file:///tmp/jsreport/autocleanup/b52b704e-7d5a-431f-9580-f2f0db5bc73b-chrome-pdf.html","meta":{"rootId":"ppyjgnregoucaj1","id":"ppyjgnregoucaj1"},"id":"4bldmdva2u5ciu0","previousOperationId":"eg53k3692jxm16n"}
{"type":"log","timestamp":1774151112857,"level":"debug","message":"Page request: GET (image) https://paciolibucket.s3.us-east-2.amazonaws.com/orgs/c64b69f6759a43a1bc0ae31961876751/companies/logos/b6e6bbb3-4217-4336-88b7-161c9ce34ada_Applicorp%20Logo.png?X-Amz-Expires=600&X-Amz-Algorithm=AWS4-HMAC-SHA256&X-Amz-Credential=AKIAVYV5Z6T6UQ4ARWOC%2F20260322%2Fus-east-2%2Fs3%2Faws4_request&X-Amz-Date=20260322T034512Z&X-Amz-SignedHeaders=host&X-Amz-Signature=dd7f8482819274ad4eed1f7a9e087c8d8f361450ba469f3406da37b1cf68571e","meta":{"rootId":"ppyjgnregoucaj1","id":"ppyjgnregoucaj1"},"id":"4efrszh3binlwah","previousOperationId":"eg53k3692jxm16n"}
{"type":"log","timestamp":1774151112870,"level":"debug","message":"Page request finished: GET (document) 200 file:///tmp/jsreport/autocleanup/b52b704e-7d5a-431f-9580-f2f0db5bc73b-chrome-pdf.html","meta":{"rootId":"ppyjgnregoucaj1","id":"ppyjgnregoucaj1"},"id":"jtast8wf23vg7db","previousOperationId":"eg53k3692jxm16n"}
{"type":"log","timestamp":1774151113398,"level":"debug","message":"Page request finished: GET (image) 200 https://paciolibucket.s3.us-east-2.amazonaws.com/orgs/c64b69f6759a43a1bc0ae31961876751/companies/logos/b6e6bbb3-4217-4336-88b7-161c9ce34ada_Applicorp%20Logo.png?X-Amz-Expires=600&X-Amz-Algorithm=AWS4-HMAC-SHA256&X-Amz-Credential=AKIAVYV5Z6T6UQ4ARWOC%2F20260322%2Fus-east-2%2Fs3%2Faws4_request&X-Amz-Date=20260322T034512Z&X-Amz-SignedHeaders=host&X-Amz-Signature=dd7f8482819274ad4eed1f7a9e087c8d8f361450ba469f3406da37b1cf68571e","meta":{"rootId":"ppyjgnregoucaj1","id":"ppyjgnregoucaj1"},"id":"gxggbcqihdlf7wj","previousOperationId":"eg53k3692jxm16n"}
{"type":"log","timestamp":1774151113401,"level":"debug","message":"Running chrome with params {\"printBackground\":true,\"timeout\":59591,\"margin\":{}}","meta":{"rootId":"ppyjgnregoucaj1","id":"ppyjgnregoucaj1"},"id":"39f1g2wld3g6ckz","previousOperationId":"eg53k3692jxm16n"}
{"type":"operationEnd","operationId":"eg53k3692jxm16n","timestamp":1774151113806,"id":"vzdm21cnq7tk0oz","previousEventId":"337q7z70xcid83a","previousOperationId":"eg53k3692jxm16n"}
{"type":"log","timestamp":1774151113806,"level":"debug","message":"Skipping storing report.","meta":{"rootId":"ppyjgnregoucaj1","id":"ppyjgnregoucaj1"},"id":"tf7nbg4yzwh895d","previousOperationId":"eg53k3692jxm16n"}
{"type":"log","timestamp":1774151113806,"level":"info","message":"Rendering request 13 finished in 1581 ms","meta":{"rootId":"ppyjgnregoucaj1","id":"ppyjgnregoucaj1"},"id":"4z7gp9b7vkslj4h","previousOperationId":"eg53k3692jxm16n"}
{"type":"operationEnd","subtype":"render","operationId":"i18vviz505i9pyl","timestamp":1774151113806,"id":"81ybe31mbq4nnj0","previousEventId":"vzdm21cnq7tk0oz","previousOperationId":"eg53k3692jxm16n"}
{"type":"operationEnd","doDiffs":false,"previousEventId":"a2l3ql097dk99v2","previousOperationId":"6izja6cg46kbsyi","operationId":"6izja6cg46kbsyi","timestamp":1774151113808,"id":"m8ahipektqq18cd"}
