{"type":"operationStart","subtype":"profile","data":{"_id":"UEkAU3wO1XU6EpTy","timestamp":"2026-02-18T03:59:10.774Z","state":"queued","mode":"standard","creationDate":"2026-02-18T03:59:10.786Z","modificationDate":"2026-02-18T03:59:10.786Z","shortid":"LZuf-uq","$entitySet":"profiles"},"doDiffs":false,"timestamp":1771387150779,"id":"pds9ohwub76olyz","previousOperationId":null,"operationId":"fm7hmz5xij7n14a"}
{"type":"log","level":"info","message":"Render request 51 queued for execution and waiting for available worker","previousOperationId":"fm7hmz5xij7n14a","timestamp":1771387150781,"id":"jvlof7zb0xd8ooc"}
{"type":"operationStart","subtype":"render","name":"trial-balance-v1","previousOperationId":"fm7hmz5xij7n14a","timestamp":1771387150872,"id":"90rx6gwj2j2yvsn","previousEventId":"pds9ohwub76olyz","operationId":"l82uhs1vamund3m"}
{"type":"log","timestamp":1771387150876,"level":"info","message":"Starting rendering request 51","meta":{"rootId":"pv8iavgkrfy5c1s","id":"pv8iavgkrfy5c1s"},"id":"a9jmmqsi7b1lgyc","previousOperationId":"l82uhs1vamund3m"}
{"type":"log","timestamp":1771387150881,"level":"info","message":"Rendering template { name: trial-balance-v1, recipe: chrome-pdf, engine: handlebars, preview: false }","meta":{"rootId":"pv8iavgkrfy5c1s","id":"pv8iavgkrfy5c1s"},"id":"6gfw9kmdwcy9tf9","previousOperationId":"l82uhs1vamund3m"}
{"type":"log","timestamp":1771387150885,"level":"debug","message":"Inline data specified.","meta":{"rootId":"pv8iavgkrfy5c1s","id":"pv8iavgkrfy5c1s"},"id":"pgb2m65vu9pbmw6","previousOperationId":"l82uhs1vamund3m"}
{"type":"log","timestamp":1771387150900,"level":"debug","message":"Base url not specified, skipping its injection.","meta":{"rootId":"pv8iavgkrfy5c1s","id":"pv8iavgkrfy5c1s"},"id":"kmochrqqh9pw26b","previousOperationId":"l82uhs1vamund3m"}
{"type":"operationStart","subtype":"engine","name":"handlebars","timestamp":1771387150910,"id":"6iv0j127izlzz1y","previousEventId":"90rx6gwj2j2yvsn","operationId":"k4cyjvna3nlalo3","previousOperationId":"l82uhs1vamund3m"}
{"type":"log","timestamp":1771387150910,"level":"debug","message":"Rendering engine handlebars","meta":{"rootId":"pv8iavgkrfy5c1s","id":"pv8iavgkrfy5c1s"},"id":"xqlbakstdoka3lv","previousOperationId":"k4cyjvna3nlalo3"}
{"type":"operationEnd","operationId":"k4cyjvna3nlalo3","timestamp":1771387150985,"id":"0f9ijlymytjonwu","previousEventId":"6iv0j127izlzz1y","previousOperationId":"k4cyjvna3nlalo3"}
{"type":"operationStart","subtype":"recipe","name":"chrome-pdf","timestamp":1771387150986,"id":"1dcfpgkqcok28m4","previousEventId":"0f9ijlymytjonwu","operationId":"38my7uegp5asuwy","previousOperationId":"k4cyjvna3nlalo3"}
{"type":"log","timestamp":1771387150986,"level":"debug","message":"Executing recipe chrome-pdf","meta":{"rootId":"pv8iavgkrfy5c1s","id":"pv8iavgkrfy5c1s"},"id":"y4q7np4wzturiog","previousOperationId":"38my7uegp5asuwy"}
{"type":"log","timestamp":1771387151018,"level":"debug","message":"Converting with chrome Chrome/142.0.7444.175 using chrome-pool strategy","meta":{"rootId":"pv8iavgkrfy5c1s","id":"pv8iavgkrfy5c1s"},"id":"jr8e8euc8tr9imu","previousOperationId":"38my7uegp5asuwy"}
{"type":"log","timestamp":1771387151253,"level":"debug","message":"Page request: GET (document) file:///tmp/jsreport/autocleanup/cd432af9-f8c5-442c-a40c-7a9097afb9c7-chrome-pdf.html","meta":{"rootId":"pv8iavgkrfy5c1s","id":"pv8iavgkrfy5c1s"},"id":"xcwiwfiwwtajpdm","previousOperationId":"38my7uegp5asuwy"}
{"type":"log","timestamp":1771387151274,"level":"debug","message":"Page request finished: GET (document) 200 file:///tmp/jsreport/autocleanup/cd432af9-f8c5-442c-a40c-7a9097afb9c7-chrome-pdf.html","meta":{"rootId":"pv8iavgkrfy5c1s","id":"pv8iavgkrfy5c1s"},"id":"17h7pjflghlnp9i","previousOperationId":"38my7uegp5asuwy"}
{"type":"log","timestamp":1771387151276,"level":"debug","message":"Page request: GET (image) https://paciolibucket.s3.us-east-2.amazonaws.com/orgs/c64b69f6759a43a1bc0ae31961876751/companies/logos/e9767ff4-7186-447f-a397-208ea6bbfdb8_ninosfelices.png?X-Amz-Expires=600&X-Amz-Algorithm=AWS4-HMAC-SHA256&X-Amz-Credential=AKIAVYV5Z6T6UQ4ARWOC%2F20260218%2Fus-east-2%2Fs3%2Faws4_request&X-Amz-Date=20260218T035910Z&X-Amz-SignedHeaders=host&X-Amz-Signature=fdf587f0c6215f6da47b5eedf3dc40609f6958b90bee7005a6e4c626eafe2bf4","meta":{"rootId":"pv8iavgkrfy5c1s","id":"pv8iavgkrfy5c1s"},"id":"rcppli5cyapfe1j","previousOperationId":"38my7uegp5asuwy"}
{"type":"log","timestamp":1771387151841,"level":"debug","message":"Page request finished: GET (image) 200 https://paciolibucket.s3.us-east-2.amazonaws.com/orgs/c64b69f6759a43a1bc0ae31961876751/companies/logos/e9767ff4-7186-447f-a397-208ea6bbfdb8_ninosfelices.png?X-Amz-Expires=600&X-Amz-Algorithm=AWS4-HMAC-SHA256&X-Amz-Credential=AKIAVYV5Z6T6UQ4ARWOC%2F20260218%2Fus-east-2%2Fs3%2Faws4_request&X-Amz-Date=20260218T035910Z&X-Amz-SignedHeaders=host&X-Amz-Signature=fdf587f0c6215f6da47b5eedf3dc40609f6958b90bee7005a6e4c626eafe2bf4","meta":{"rootId":"pv8iavgkrfy5c1s","id":"pv8iavgkrfy5c1s"},"id":"z6lw9roopqjjcvu","previousOperationId":"38my7uegp5asuwy"}
{"type":"log","timestamp":1771387151843,"level":"debug","message":"Running chrome with params {\"printBackground\":true,\"timeout\":59764,\"margin\":{}}","meta":{"rootId":"pv8iavgkrfy5c1s","id":"pv8iavgkrfy5c1s"},"id":"luyaj6idmy4m3by","previousOperationId":"38my7uegp5asuwy"}
{"type":"operationEnd","operationId":"38my7uegp5asuwy","timestamp":1771387151932,"id":"3yuu73uqh09uc5o","previousEventId":"1dcfpgkqcok28m4","previousOperationId":"38my7uegp5asuwy"}
{"type":"log","timestamp":1771387151932,"level":"debug","message":"Skipping storing report.","meta":{"rootId":"pv8iavgkrfy5c1s","id":"pv8iavgkrfy5c1s"},"id":"ewaletd1okjpppm","previousOperationId":"38my7uegp5asuwy"}
{"type":"log","timestamp":1771387151932,"level":"info","message":"Rendering request 51 finished in 1173 ms","meta":{"rootId":"pv8iavgkrfy5c1s","id":"pv8iavgkrfy5c1s"},"id":"n0fbegn1dxl8w3i","previousOperationId":"38my7uegp5asuwy"}
{"type":"operationEnd","subtype":"render","operationId":"l82uhs1vamund3m","timestamp":1771387151932,"id":"kxoyxao38buqqol","previousEventId":"3yuu73uqh09uc5o","previousOperationId":"38my7uegp5asuwy"}
{"type":"operationEnd","doDiffs":false,"previousEventId":"pds9ohwub76olyz","previousOperationId":"fm7hmz5xij7n14a","operationId":"fm7hmz5xij7n14a","timestamp":1771387151934,"id":"uwzo2nfzanmfk47"}
