{"type":"operationStart","subtype":"profile","data":{"_id":"SPFOrmOl7agoeW4A","timestamp":"2026-02-19T15:39:55.151Z","state":"queued","mode":"standard","creationDate":"2026-02-19T15:39:55.152Z","modificationDate":"2026-02-19T15:39:55.152Z","shortid":"KSp4VGX","$entitySet":"profiles"},"doDiffs":false,"timestamp":1771515595151,"id":"4kc5jwam435gjuc","previousOperationId":null,"operationId":"oawhsylxzlfxzia"}
{"type":"log","level":"info","message":"Render request 13 queued for execution and waiting for available worker","previousOperationId":"oawhsylxzlfxzia","timestamp":1771515595151,"id":"bbis2pp4oic3d5z"}
{"type":"operationStart","subtype":"render","name":"trial-balance-v1","previousOperationId":"oawhsylxzlfxzia","timestamp":1771515595213,"id":"wrpwjbg3stvrl08","previousEventId":"4kc5jwam435gjuc","operationId":"r89t5tdoitjuij2"}
{"type":"log","timestamp":1771515595213,"level":"info","message":"Starting rendering request 13","meta":{"rootId":"pw0embcttbu3jws","id":"pw0embcttbu3jws"},"id":"36rlcz0yw82qgc3","previousOperationId":"r89t5tdoitjuij2"}
{"type":"log","timestamp":1771515595213,"level":"info","message":"Rendering template { name: trial-balance-v1, recipe: chrome-pdf, engine: handlebars, preview: false }","meta":{"rootId":"pw0embcttbu3jws","id":"pw0embcttbu3jws"},"id":"k6vvsi565dgee8s","previousOperationId":"r89t5tdoitjuij2"}
{"type":"log","timestamp":1771515595214,"level":"debug","message":"Inline data specified.","meta":{"rootId":"pw0embcttbu3jws","id":"pw0embcttbu3jws"},"id":"pz9k18b2tl9wjf8","previousOperationId":"r89t5tdoitjuij2"}
{"type":"log","timestamp":1771515595215,"level":"debug","message":"Base url not specified, skipping its injection.","meta":{"rootId":"pw0embcttbu3jws","id":"pw0embcttbu3jws"},"id":"lfbdd658dohv3rw","previousOperationId":"r89t5tdoitjuij2"}
{"type":"operationStart","subtype":"engine","name":"handlebars","timestamp":1771515595215,"id":"izcb8hnk6q4avm5","previousEventId":"wrpwjbg3stvrl08","operationId":"v153jh2qwyhh89b","previousOperationId":"r89t5tdoitjuij2"}
{"type":"log","timestamp":1771515595215,"level":"debug","message":"Rendering engine handlebars","meta":{"rootId":"pw0embcttbu3jws","id":"pw0embcttbu3jws"},"id":"f38hoih0pc5x5nw","previousOperationId":"v153jh2qwyhh89b"}
{"type":"operationEnd","operationId":"v153jh2qwyhh89b","timestamp":1771515595228,"id":"v4hw4dckva50bep","previousEventId":"izcb8hnk6q4avm5","previousOperationId":"v153jh2qwyhh89b"}
{"type":"operationStart","subtype":"recipe","name":"chrome-pdf","timestamp":1771515595232,"id":"iidrhg7dl52xyaq","previousEventId":"v4hw4dckva50bep","operationId":"f17uvww7gkzgveb","previousOperationId":"v153jh2qwyhh89b"}
{"type":"log","timestamp":1771515595232,"level":"debug","message":"Executing recipe chrome-pdf","meta":{"rootId":"pw0embcttbu3jws","id":"pw0embcttbu3jws"},"id":"6v7mpdrd9bm499n","previousOperationId":"f17uvww7gkzgveb"}
{"type":"log","timestamp":1771515595233,"level":"debug","message":"Converting with chrome Chrome/142.0.7444.175 using chrome-pool strategy","meta":{"rootId":"pw0embcttbu3jws","id":"pw0embcttbu3jws"},"id":"3j9jljsc4tp7vkn","previousOperationId":"f17uvww7gkzgveb"}
{"type":"log","timestamp":1771515595266,"level":"debug","message":"Page request: GET (document) file:///tmp/jsreport/autocleanup/712842aa-42f8-420b-af24-ac57c3e05cd2-chrome-pdf.html","meta":{"rootId":"pw0embcttbu3jws","id":"pw0embcttbu3jws"},"id":"llzfbyjh4yhexoz","previousOperationId":"f17uvww7gkzgveb"}
{"type":"log","timestamp":1771515595276,"level":"debug","message":"Page request finished: GET (document) 200 file:///tmp/jsreport/autocleanup/712842aa-42f8-420b-af24-ac57c3e05cd2-chrome-pdf.html","meta":{"rootId":"pw0embcttbu3jws","id":"pw0embcttbu3jws"},"id":"goprdczt5k37af3","previousOperationId":"f17uvww7gkzgveb"}
{"type":"log","timestamp":1771515595280,"level":"debug","message":"Page request: GET (image) https://paciolibucket.s3.us-east-2.amazonaws.com/orgs/c64b69f6759a43a1bc0ae31961876751/companies/logos/b6e6bbb3-4217-4336-88b7-161c9ce34ada_Applicorp%20Logo.png?X-Amz-Expires=600&X-Amz-Algorithm=AWS4-HMAC-SHA256&X-Amz-Credential=AKIAVYV5Z6T6UQ4ARWOC%2F20260219%2Fus-east-2%2Fs3%2Faws4_request&X-Amz-Date=20260219T153955Z&X-Amz-SignedHeaders=host&X-Amz-Signature=0d1bb2e63aa74d890d8a7b3434b84f27c9bfb89a4778a2427dc1d1ba3512532e","meta":{"rootId":"pw0embcttbu3jws","id":"pw0embcttbu3jws"},"id":"bbu8mafeudux7zm","previousOperationId":"f17uvww7gkzgveb"}
{"type":"log","timestamp":1771515595764,"level":"debug","message":"Page request finished: GET (image) 200 https://paciolibucket.s3.us-east-2.amazonaws.com/orgs/c64b69f6759a43a1bc0ae31961876751/companies/logos/b6e6bbb3-4217-4336-88b7-161c9ce34ada_Applicorp%20Logo.png?X-Amz-Expires=600&X-Amz-Algorithm=AWS4-HMAC-SHA256&X-Amz-Credential=AKIAVYV5Z6T6UQ4ARWOC%2F20260219%2Fus-east-2%2Fs3%2Faws4_request&X-Amz-Date=20260219T153955Z&X-Amz-SignedHeaders=host&X-Amz-Signature=0d1bb2e63aa74d890d8a7b3434b84f27c9bfb89a4778a2427dc1d1ba3512532e","meta":{"rootId":"pw0embcttbu3jws","id":"pw0embcttbu3jws"},"id":"4e44rrsbie640dx","previousOperationId":"f17uvww7gkzgveb"}
{"type":"log","timestamp":1771515595765,"level":"debug","message":"Running chrome with params {\"printBackground\":true,\"timeout\":59918,\"margin\":{}}","meta":{"rootId":"pw0embcttbu3jws","id":"pw0embcttbu3jws"},"id":"rcrjtgra0zfyw7u","previousOperationId":"f17uvww7gkzgveb"}
{"type":"operationEnd","operationId":"f17uvww7gkzgveb","timestamp":1771515596089,"id":"a6f9rdypkemfg4l","previousEventId":"iidrhg7dl52xyaq","previousOperationId":"f17uvww7gkzgveb"}
{"type":"log","timestamp":1771515596089,"level":"debug","message":"Skipping storing report.","meta":{"rootId":"pw0embcttbu3jws","id":"pw0embcttbu3jws"},"id":"dy6ag640ssg7lgg","previousOperationId":"f17uvww7gkzgveb"}
{"type":"log","timestamp":1771515596089,"level":"info","message":"Rendering request 13 finished in 938 ms","meta":{"rootId":"pw0embcttbu3jws","id":"pw0embcttbu3jws"},"id":"vwrh36e0kzw3784","previousOperationId":"f17uvww7gkzgveb"}
{"type":"operationEnd","subtype":"render","operationId":"r89t5tdoitjuij2","timestamp":1771515596089,"id":"2sk3pk36u6fa0t6","previousEventId":"a6f9rdypkemfg4l","previousOperationId":"f17uvww7gkzgveb"}
{"type":"operationEnd","doDiffs":false,"previousEventId":"4kc5jwam435gjuc","previousOperationId":"oawhsylxzlfxzia","operationId":"oawhsylxzlfxzia","timestamp":1771515596090,"id":"65b68bqrbtt0cjd"}
