{"type":"operationStart","subtype":"profile","data":{"_id":"TeiJdRdtnLkaW18v","timestamp":"2026-02-18T01:30:31.681Z","state":"queued","mode":"standard","creationDate":"2026-02-18T01:30:31.684Z","modificationDate":"2026-02-18T01:30:31.684Z","shortid":"ZYn3ZwK","$entitySet":"profiles"},"doDiffs":false,"timestamp":1771378231683,"id":"ijqjxnx50x1b25e","previousOperationId":null,"operationId":"b2pyxzd5pp5yjkv"}
{"type":"log","level":"info","message":"Render request 17 queued for execution and waiting for available worker","previousOperationId":"b2pyxzd5pp5yjkv","timestamp":1771378231683,"id":"yysap9rpc4x4hkb"}
{"type":"operationStart","subtype":"render","name":"trial-balance-v1","previousOperationId":"b2pyxzd5pp5yjkv","timestamp":1771378231769,"id":"m329d5pwcmpi15w","previousEventId":"ijqjxnx50x1b25e","operationId":"26zahfqca4lav4d"}
{"type":"log","timestamp":1771378231770,"level":"info","message":"Starting rendering request 17","meta":{"rootId":"q95f13ri0ikapx9","id":"q95f13ri0ikapx9"},"id":"1wa82wuahjuqf6v","previousOperationId":"26zahfqca4lav4d"}
{"type":"log","timestamp":1771378231770,"level":"info","message":"Rendering template { name: trial-balance-v1, recipe: chrome-pdf, engine: handlebars, preview: true }","meta":{"rootId":"q95f13ri0ikapx9","id":"q95f13ri0ikapx9"},"id":"nmtntex1vhguhwq","previousOperationId":"26zahfqca4lav4d"}
{"type":"log","timestamp":1771378231772,"level":"debug","message":"Inline data specified.","meta":{"rootId":"q95f13ri0ikapx9","id":"q95f13ri0ikapx9"},"id":"gkgm0esai4xq9vs","previousOperationId":"26zahfqca4lav4d"}
{"type":"log","timestamp":1771378231777,"level":"debug","message":"Base url not specified, skipping its injection.","meta":{"rootId":"q95f13ri0ikapx9","id":"q95f13ri0ikapx9"},"id":"ofiaxl12g52mv2u","previousOperationId":"26zahfqca4lav4d"}
{"type":"operationStart","subtype":"engine","name":"handlebars","timestamp":1771378231778,"id":"0w5815zlfqgmkpl","previousEventId":"m329d5pwcmpi15w","operationId":"0c20w6u563pj01k","previousOperationId":"26zahfqca4lav4d"}
{"type":"log","timestamp":1771378231778,"level":"debug","message":"Rendering engine handlebars","meta":{"rootId":"q95f13ri0ikapx9","id":"q95f13ri0ikapx9"},"id":"qdq1kf6o36nb1jz","previousOperationId":"0c20w6u563pj01k"}
{"type":"operationEnd","operationId":"0c20w6u563pj01k","timestamp":1771378231802,"id":"fe5w2f36mqoe8mw","previousEventId":"0w5815zlfqgmkpl","previousOperationId":"0c20w6u563pj01k"}
{"type":"operationStart","subtype":"recipe","name":"chrome-pdf","timestamp":1771378231802,"id":"mnbekifuyld6efi","previousEventId":"fe5w2f36mqoe8mw","operationId":"u7tg1e4mlio1u3l","previousOperationId":"0c20w6u563pj01k"}
{"type":"log","timestamp":1771378231802,"level":"debug","message":"Executing recipe chrome-pdf","meta":{"rootId":"q95f13ri0ikapx9","id":"q95f13ri0ikapx9"},"id":"hop4fogzk3wq074","previousOperationId":"u7tg1e4mlio1u3l"}
{"type":"log","timestamp":1771378231807,"level":"debug","message":"Converting with chrome Chrome/142.0.7444.175 using chrome-pool strategy","meta":{"rootId":"q95f13ri0ikapx9","id":"q95f13ri0ikapx9"},"id":"prhzwq0tihhcqw5","previousOperationId":"u7tg1e4mlio1u3l"}
{"type":"log","timestamp":1771378231861,"level":"debug","message":"Page request: GET (document) file:///tmp/jsreport/autocleanup/f74cfb4f-dc6b-46c9-b181-07e7d03e39ba-chrome-pdf.html","meta":{"rootId":"q95f13ri0ikapx9","id":"q95f13ri0ikapx9"},"id":"0ebehbvue0qf4gt","previousOperationId":"u7tg1e4mlio1u3l"}
{"type":"log","timestamp":1771378231878,"level":"debug","message":"Page request finished: GET (document) 200 file:///tmp/jsreport/autocleanup/f74cfb4f-dc6b-46c9-b181-07e7d03e39ba-chrome-pdf.html","meta":{"rootId":"q95f13ri0ikapx9","id":"q95f13ri0ikapx9"},"id":"1x111gehsrlnje4","previousOperationId":"u7tg1e4mlio1u3l"}
{"type":"log","timestamp":1771378231878,"level":"debug","message":"Page request: GET (image) https://paciolibucket.s3.us-east-2.amazonaws.com/orgs/c64b69f6759a43a1bc0ae31961876751/companies/logos/e9767ff4-7186-447f-a397-208ea6bbfdb8_ninosfelices.png?X-Amz-Expires=600&X-Amz-Algorithm=AWS4-HMAC-SHA256&X-Amz-Credential=AKIAVYV5Z6T6UQ4ARWOC%2F20260218%2Fus-east-2%2Fs3%2Faws4_request&X-Amz-Date=20260218T005607Z&X-Amz-SignedHeaders=host&X-Amz-Signature=fe2025156fb580da2cbbce218a5fff90e38d5fc1a4ae111db0c11e9a557be278","meta":{"rootId":"q95f13ri0ikapx9","id":"q95f13ri0ikapx9"},"id":"c0sztp9udvq4ied","previousOperationId":"u7tg1e4mlio1u3l"}
{"type":"log","timestamp":1771378231922,"level":"debug","message":"Page request finished: GET (image) 200 https://paciolibucket.s3.us-east-2.amazonaws.com/orgs/c64b69f6759a43a1bc0ae31961876751/companies/logos/e9767ff4-7186-447f-a397-208ea6bbfdb8_ninosfelices.png?X-Amz-Expires=600&X-Amz-Algorithm=AWS4-HMAC-SHA256&X-Amz-Credential=AKIAVYV5Z6T6UQ4ARWOC%2F20260218%2Fus-east-2%2Fs3%2Faws4_request&X-Amz-Date=20260218T005607Z&X-Amz-SignedHeaders=host&X-Amz-Signature=fe2025156fb580da2cbbce218a5fff90e38d5fc1a4ae111db0c11e9a557be278","meta":{"rootId":"q95f13ri0ikapx9","id":"q95f13ri0ikapx9"},"id":"mt0h7707a04tpyi","previousOperationId":"u7tg1e4mlio1u3l"}
{"type":"log","timestamp":1771378231924,"level":"debug","message":"Running chrome with params {\"printBackground\":true,\"timeout\":59876,\"margin\":{}}","meta":{"rootId":"q95f13ri0ikapx9","id":"q95f13ri0ikapx9"},"id":"u6afxz64jm0zvw4","previousOperationId":"u7tg1e4mlio1u3l"}
{"type":"operationEnd","operationId":"u7tg1e4mlio1u3l","timestamp":1771378231989,"id":"5sh92eq9i3pq0yi","previousEventId":"mnbekifuyld6efi","previousOperationId":"u7tg1e4mlio1u3l"}
{"type":"log","timestamp":1771378231989,"level":"debug","message":"Skipping storing report.","meta":{"rootId":"q95f13ri0ikapx9","id":"q95f13ri0ikapx9"},"id":"wqkabkkd0hekuar","previousOperationId":"u7tg1e4mlio1u3l"}
{"type":"log","timestamp":1771378231989,"level":"info","message":"Rendering request 17 finished in 308 ms","meta":{"rootId":"q95f13ri0ikapx9","id":"q95f13ri0ikapx9"},"id":"0wajtyeyfqqx2ku","previousOperationId":"u7tg1e4mlio1u3l"}
{"type":"operationEnd","subtype":"render","operationId":"26zahfqca4lav4d","timestamp":1771378231989,"id":"czp85u3mx5sgyrt","previousEventId":"5sh92eq9i3pq0yi","previousOperationId":"u7tg1e4mlio1u3l"}
{"type":"operationEnd","doDiffs":false,"previousEventId":"ijqjxnx50x1b25e","previousOperationId":"b2pyxzd5pp5yjkv","operationId":"b2pyxzd5pp5yjkv","timestamp":1771378231993,"id":"2b3b0q7cc6s4w6g"}
