{"type":"operationStart","subtype":"profile","data":{"_id":"M1UlJIzC56kOVe1W","timestamp":"2026-02-18T01:47:50.434Z","state":"queued","mode":"standard","creationDate":"2026-02-18T01:47:50.436Z","modificationDate":"2026-02-18T01:47:50.436Z","shortid":"WhSCgM5","$entitySet":"profiles"},"doDiffs":false,"timestamp":1771379270435,"id":"lpaxwt0xlirc9u4","previousOperationId":null,"operationId":"bmpog7dolrfhrmb"}
{"type":"log","level":"info","message":"Render request 26 queued for execution and waiting for available worker","previousOperationId":"bmpog7dolrfhrmb","timestamp":1771379270435,"id":"8g6p7jkey9g9qoi"}
{"type":"operationStart","subtype":"render","name":"trial-balance-v1","previousOperationId":"bmpog7dolrfhrmb","timestamp":1771379270505,"id":"610mj230xm3pwdo","previousEventId":"lpaxwt0xlirc9u4","operationId":"uacaxlmglswmkq5"}
{"type":"log","timestamp":1771379270507,"level":"info","message":"Starting rendering request 26","meta":{"rootId":"qaqj9p77bywzxab","id":"qaqj9p77bywzxab"},"id":"u9t1qe1o99pbl1k","previousOperationId":"uacaxlmglswmkq5"}
{"type":"log","timestamp":1771379270509,"level":"info","message":"Rendering template { name: trial-balance-v1, recipe: chrome-pdf, engine: handlebars, preview: false }","meta":{"rootId":"qaqj9p77bywzxab","id":"qaqj9p77bywzxab"},"id":"zh6sgct8kipk87n","previousOperationId":"uacaxlmglswmkq5"}
{"type":"log","timestamp":1771379270512,"level":"debug","message":"Inline data specified.","meta":{"rootId":"qaqj9p77bywzxab","id":"qaqj9p77bywzxab"},"id":"at8dktiheghbjtn","previousOperationId":"uacaxlmglswmkq5"}
{"type":"log","timestamp":1771379270516,"level":"debug","message":"Base url not specified, skipping its injection.","meta":{"rootId":"qaqj9p77bywzxab","id":"qaqj9p77bywzxab"},"id":"pgliag633wg5elr","previousOperationId":"uacaxlmglswmkq5"}
{"type":"operationStart","subtype":"engine","name":"handlebars","timestamp":1771379270520,"id":"0xjbns5mvbhvxa3","previousEventId":"610mj230xm3pwdo","operationId":"gk4q0wo8ar7z5hx","previousOperationId":"uacaxlmglswmkq5"}
{"type":"log","timestamp":1771379270520,"level":"debug","message":"Rendering engine handlebars","meta":{"rootId":"qaqj9p77bywzxab","id":"qaqj9p77bywzxab"},"id":"kvoebkbk2ufpx5t","previousOperationId":"gk4q0wo8ar7z5hx"}
{"type":"operationEnd","operationId":"gk4q0wo8ar7z5hx","timestamp":1771379270550,"id":"mlb2nrl0n19e1qc","previousEventId":"0xjbns5mvbhvxa3","previousOperationId":"gk4q0wo8ar7z5hx"}
{"type":"operationStart","subtype":"recipe","name":"chrome-pdf","timestamp":1771379270550,"id":"wlx5wg0yl53dk6l","previousEventId":"mlb2nrl0n19e1qc","operationId":"yl248a8cpg90l9f","previousOperationId":"gk4q0wo8ar7z5hx"}
{"type":"log","timestamp":1771379270550,"level":"debug","message":"Executing recipe chrome-pdf","meta":{"rootId":"qaqj9p77bywzxab","id":"qaqj9p77bywzxab"},"id":"ksz7t78oiu5gkj5","previousOperationId":"yl248a8cpg90l9f"}
{"type":"log","timestamp":1771379270562,"level":"debug","message":"Converting with chrome Chrome/142.0.7444.175 using chrome-pool strategy","meta":{"rootId":"qaqj9p77bywzxab","id":"qaqj9p77bywzxab"},"id":"6q9llthfdg8sjcw","previousOperationId":"yl248a8cpg90l9f"}
{"type":"log","timestamp":1771379270635,"level":"debug","message":"Page request: GET (document) file:///tmp/jsreport/autocleanup/ca329185-0188-4250-bdbc-e891caa2cab6-chrome-pdf.html","meta":{"rootId":"qaqj9p77bywzxab","id":"qaqj9p77bywzxab"},"id":"temoxlbke6wxdaz","previousOperationId":"yl248a8cpg90l9f"}
{"type":"log","timestamp":1771379270646,"level":"debug","message":"Page request finished: GET (document) 200 file:///tmp/jsreport/autocleanup/ca329185-0188-4250-bdbc-e891caa2cab6-chrome-pdf.html","meta":{"rootId":"qaqj9p77bywzxab","id":"qaqj9p77bywzxab"},"id":"2sr079g13zjv5ec","previousOperationId":"yl248a8cpg90l9f"}
{"type":"log","timestamp":1771379270647,"level":"debug","message":"Page request: GET (image) https://paciolibucket.s3.us-east-2.amazonaws.com/orgs/c64b69f6759a43a1bc0ae31961876751/companies/logos/e9767ff4-7186-447f-a397-208ea6bbfdb8_ninosfelices.png?X-Amz-Expires=600&X-Amz-Algorithm=AWS4-HMAC-SHA256&X-Amz-Credential=AKIAVYV5Z6T6UQ4ARWOC%2F20260218%2Fus-east-2%2Fs3%2Faws4_request&X-Amz-Date=20260218T014750Z&X-Amz-SignedHeaders=host&X-Amz-Signature=4c95b7a28d2be6d96295972cb068f4ffd24ed7ae75e59db6119007b6e9beaa28","meta":{"rootId":"qaqj9p77bywzxab","id":"qaqj9p77bywzxab"},"id":"76y5o9d75reqigu","previousOperationId":"yl248a8cpg90l9f"}
{"type":"log","timestamp":1771379271299,"level":"debug","message":"Page request finished: GET (image) 200 https://paciolibucket.s3.us-east-2.amazonaws.com/orgs/c64b69f6759a43a1bc0ae31961876751/companies/logos/e9767ff4-7186-447f-a397-208ea6bbfdb8_ninosfelices.png?X-Amz-Expires=600&X-Amz-Algorithm=AWS4-HMAC-SHA256&X-Amz-Credential=AKIAVYV5Z6T6UQ4ARWOC%2F20260218%2Fus-east-2%2Fs3%2Faws4_request&X-Amz-Date=20260218T014750Z&X-Amz-SignedHeaders=host&X-Amz-Signature=4c95b7a28d2be6d96295972cb068f4ffd24ed7ae75e59db6119007b6e9beaa28","meta":{"rootId":"qaqj9p77bywzxab","id":"qaqj9p77bywzxab"},"id":"mqzwi81wu6gz7jy","previousOperationId":"yl248a8cpg90l9f"}
{"type":"log","timestamp":1771379271301,"level":"debug","message":"Running chrome with params {\"printBackground\":true,\"timeout\":59880,\"margin\":{}}","meta":{"rootId":"qaqj9p77bywzxab","id":"qaqj9p77bywzxab"},"id":"fdd2kay5isngy2p","previousOperationId":"yl248a8cpg90l9f"}
{"type":"operationEnd","operationId":"yl248a8cpg90l9f","timestamp":1771379271352,"id":"pi5zj0yr0ci4qxc","previousEventId":"wlx5wg0yl53dk6l","previousOperationId":"yl248a8cpg90l9f"}
{"type":"log","timestamp":1771379271353,"level":"debug","message":"Skipping storing report.","meta":{"rootId":"qaqj9p77bywzxab","id":"qaqj9p77bywzxab"},"id":"8f28vflic61msws","previousOperationId":"yl248a8cpg90l9f"}
{"type":"log","timestamp":1771379271353,"level":"info","message":"Rendering request 26 finished in 919 ms","meta":{"rootId":"qaqj9p77bywzxab","id":"qaqj9p77bywzxab"},"id":"5jed5mtqqsamyok","previousOperationId":"yl248a8cpg90l9f"}
{"type":"operationEnd","subtype":"render","operationId":"uacaxlmglswmkq5","timestamp":1771379271353,"id":"rwddummlqf0yvbz","previousEventId":"pi5zj0yr0ci4qxc","previousOperationId":"yl248a8cpg90l9f"}
{"type":"operationEnd","doDiffs":false,"previousEventId":"lpaxwt0xlirc9u4","previousOperationId":"bmpog7dolrfhrmb","operationId":"bmpog7dolrfhrmb","timestamp":1771379271356,"id":"kw50244zh1hoip6"}
