{"type":"operationStart","subtype":"profile","data":{"_id":"bxxmJdirYAhJjHxf","timestamp":"2026-02-19T15:39:03.578Z","state":"queued","mode":"standard","creationDate":"2026-02-19T15:39:03.581Z","modificationDate":"2026-02-19T15:39:03.581Z","shortid":"obhqeZg","$entitySet":"profiles"},"doDiffs":false,"timestamp":1771515543580,"id":"q7kmx4q2anbw6kx","previousOperationId":null,"operationId":"nva52p2iwz5a484"}
{"type":"log","level":"info","message":"Render request 11 queued for execution and waiting for available worker","previousOperationId":"nva52p2iwz5a484","timestamp":1771515543580,"id":"k9ltht6777uxsyz"}
{"type":"operationStart","subtype":"render","name":"trial-balance-v1","previousOperationId":"nva52p2iwz5a484","timestamp":1771515543634,"id":"g9u5u91tadhp7ib","previousEventId":"q7kmx4q2anbw6kx","operationId":"u1hqjfmly572ucx"}
{"type":"log","timestamp":1771515543635,"level":"info","message":"Starting rendering request 11","meta":{"rootId":"qe4qpu5eo6qhad3","id":"qe4qpu5eo6qhad3"},"id":"6z9t30u7fkkiqjm","previousOperationId":"u1hqjfmly572ucx"}
{"type":"log","timestamp":1771515543635,"level":"info","message":"Rendering template { name: trial-balance-v1, recipe: chrome-pdf, engine: handlebars, preview: false }","meta":{"rootId":"qe4qpu5eo6qhad3","id":"qe4qpu5eo6qhad3"},"id":"aei0ba9f5xxbecb","previousOperationId":"u1hqjfmly572ucx"}
{"type":"log","timestamp":1771515543640,"level":"debug","message":"Inline data specified.","meta":{"rootId":"qe4qpu5eo6qhad3","id":"qe4qpu5eo6qhad3"},"id":"lr6e2d94b4ii9ii","previousOperationId":"u1hqjfmly572ucx"}
{"type":"log","timestamp":1771515543642,"level":"debug","message":"Base url not specified, skipping its injection.","meta":{"rootId":"qe4qpu5eo6qhad3","id":"qe4qpu5eo6qhad3"},"id":"7vp11bla1jmvsw6","previousOperationId":"u1hqjfmly572ucx"}
{"type":"operationStart","subtype":"engine","name":"handlebars","timestamp":1771515543642,"id":"wu39wjvixc3vgbw","previousEventId":"g9u5u91tadhp7ib","operationId":"xyu2ibo5pbn4lds","previousOperationId":"u1hqjfmly572ucx"}
{"type":"log","timestamp":1771515543642,"level":"debug","message":"Rendering engine handlebars","meta":{"rootId":"qe4qpu5eo6qhad3","id":"qe4qpu5eo6qhad3"},"id":"dfyfioz8o6zp45v","previousOperationId":"xyu2ibo5pbn4lds"}
{"type":"operationEnd","operationId":"xyu2ibo5pbn4lds","timestamp":1771515543656,"id":"fdqgqv5fg4njujp","previousEventId":"wu39wjvixc3vgbw","previousOperationId":"xyu2ibo5pbn4lds"}
{"type":"operationStart","subtype":"recipe","name":"chrome-pdf","timestamp":1771515543660,"id":"yk9q9a63xtbzsfc","previousEventId":"fdqgqv5fg4njujp","operationId":"gbt0ll35hiccfaz","previousOperationId":"xyu2ibo5pbn4lds"}
{"type":"log","timestamp":1771515543660,"level":"debug","message":"Executing recipe chrome-pdf","meta":{"rootId":"qe4qpu5eo6qhad3","id":"qe4qpu5eo6qhad3"},"id":"r4i8rlxslw8dkf9","previousOperationId":"gbt0ll35hiccfaz"}
{"type":"log","timestamp":1771515543661,"level":"debug","message":"Converting with chrome Chrome/142.0.7444.175 using chrome-pool strategy","meta":{"rootId":"qe4qpu5eo6qhad3","id":"qe4qpu5eo6qhad3"},"id":"z9z87fbtivy9qpl","previousOperationId":"gbt0ll35hiccfaz"}
{"type":"log","timestamp":1771515543699,"level":"debug","message":"Page request: GET (document) file:///tmp/jsreport/autocleanup/baa69043-1f5d-40fa-b435-c09c66ff1262-chrome-pdf.html","meta":{"rootId":"qe4qpu5eo6qhad3","id":"qe4qpu5eo6qhad3"},"id":"sbexwjw14p2k5dw","previousOperationId":"gbt0ll35hiccfaz"}
{"type":"log","timestamp":1771515543713,"level":"debug","message":"Page request: GET (image) https://paciolibucket.s3.us-east-2.amazonaws.com/orgs/c64b69f6759a43a1bc0ae31961876751/companies/logos/b6e6bbb3-4217-4336-88b7-161c9ce34ada_Applicorp%20Logo.png?X-Amz-Expires=600&X-Amz-Algorithm=AWS4-HMAC-SHA256&X-Amz-Credential=AKIAVYV5Z6T6UQ4ARWOC%2F20260219%2Fus-east-2%2Fs3%2Faws4_request&X-Amz-Date=20260219T153903Z&X-Amz-SignedHeaders=host&X-Amz-Signature=9dbf3a1d089defc84256a6721b8a86ea178d0c833fe84d105bee9284419e5795","meta":{"rootId":"qe4qpu5eo6qhad3","id":"qe4qpu5eo6qhad3"},"id":"25hfwsof7l7k3cv","previousOperationId":"gbt0ll35hiccfaz"}
{"type":"log","timestamp":1771515543715,"level":"debug","message":"Page request finished: GET (document) 200 file:///tmp/jsreport/autocleanup/baa69043-1f5d-40fa-b435-c09c66ff1262-chrome-pdf.html","meta":{"rootId":"qe4qpu5eo6qhad3","id":"qe4qpu5eo6qhad3"},"id":"ng3j4lmeiscgu2a","previousOperationId":"gbt0ll35hiccfaz"}
{"type":"log","timestamp":1771515544122,"level":"debug","message":"Page request finished: GET (image) 200 https://paciolibucket.s3.us-east-2.amazonaws.com/orgs/c64b69f6759a43a1bc0ae31961876751/companies/logos/b6e6bbb3-4217-4336-88b7-161c9ce34ada_Applicorp%20Logo.png?X-Amz-Expires=600&X-Amz-Algorithm=AWS4-HMAC-SHA256&X-Amz-Credential=AKIAVYV5Z6T6UQ4ARWOC%2F20260219%2Fus-east-2%2Fs3%2Faws4_request&X-Amz-Date=20260219T153903Z&X-Amz-SignedHeaders=host&X-Amz-Signature=9dbf3a1d089defc84256a6721b8a86ea178d0c833fe84d105bee9284419e5795","meta":{"rootId":"qe4qpu5eo6qhad3","id":"qe4qpu5eo6qhad3"},"id":"erizhkeri8bkqmu","previousOperationId":"gbt0ll35hiccfaz"}
{"type":"log","timestamp":1771515544128,"level":"debug","message":"Running chrome with params {\"printBackground\":true,\"timeout\":59918,\"margin\":{}}","meta":{"rootId":"qe4qpu5eo6qhad3","id":"qe4qpu5eo6qhad3"},"id":"auag94tk0xhg6vn","previousOperationId":"gbt0ll35hiccfaz"}
{"type":"operationEnd","operationId":"gbt0ll35hiccfaz","timestamp":1771515544454,"id":"rjp5rypw1dma4n9","previousEventId":"yk9q9a63xtbzsfc","previousOperationId":"gbt0ll35hiccfaz"}
{"type":"log","timestamp":1771515544454,"level":"debug","message":"Skipping storing report.","meta":{"rootId":"qe4qpu5eo6qhad3","id":"qe4qpu5eo6qhad3"},"id":"969j3bvos80i1et","previousOperationId":"gbt0ll35hiccfaz"}
{"type":"log","timestamp":1771515544454,"level":"info","message":"Rendering request 11 finished in 876 ms","meta":{"rootId":"qe4qpu5eo6qhad3","id":"qe4qpu5eo6qhad3"},"id":"hqrublq50if65ql","previousOperationId":"gbt0ll35hiccfaz"}
{"type":"operationEnd","subtype":"render","operationId":"u1hqjfmly572ucx","timestamp":1771515544454,"id":"bsfyjgw72l1f1sw","previousEventId":"rjp5rypw1dma4n9","previousOperationId":"gbt0ll35hiccfaz"}
{"type":"operationEnd","doDiffs":false,"previousEventId":"q7kmx4q2anbw6kx","previousOperationId":"nva52p2iwz5a484","operationId":"nva52p2iwz5a484","timestamp":1771515544455,"id":"8uewkmpvdlw2gvh"}
