{"type":"operationStart","subtype":"profile","data":{"_id":"ypBQuJHSBkjnWCud","timestamp":"2026-02-18T01:43:49.885Z","state":"queued","mode":"standard","creationDate":"2026-02-18T01:43:49.909Z","modificationDate":"2026-02-18T01:43:49.909Z","shortid":"XRq2K-M","$entitySet":"profiles"},"doDiffs":false,"timestamp":1771379029890,"id":"7nv2064n3tuk4bj","previousOperationId":null,"operationId":"r2z9t724nsjmm43"}
{"type":"log","level":"info","message":"Render request 25 queued for execution and waiting for available worker","previousOperationId":"r2z9t724nsjmm43","timestamp":1771379029892,"id":"ez35tolreee9hg3"}
{"type":"operationStart","subtype":"render","name":"trial-balance-v1","previousOperationId":"r2z9t724nsjmm43","timestamp":1771379029998,"id":"uno4oei3cqier15","previousEventId":"7nv2064n3tuk4bj","operationId":"lt4h6plm4g9oyvn"}
{"type":"log","timestamp":1771379030003,"level":"info","message":"Starting rendering request 25","meta":{"rootId":"qmyucyhjvobyreh","id":"qmyucyhjvobyreh"},"id":"ul9xkimnd0udwxq","previousOperationId":"lt4h6plm4g9oyvn"}
{"type":"log","timestamp":1771379030008,"level":"info","message":"Rendering template { name: trial-balance-v1, recipe: chrome-pdf, engine: handlebars, preview: false }","meta":{"rootId":"qmyucyhjvobyreh","id":"qmyucyhjvobyreh"},"id":"tt1x9a0wsopddvp","previousOperationId":"lt4h6plm4g9oyvn"}
{"type":"log","timestamp":1771379030018,"level":"debug","message":"Inline data specified.","meta":{"rootId":"qmyucyhjvobyreh","id":"qmyucyhjvobyreh"},"id":"imq7wwf8qzwbg5o","previousOperationId":"lt4h6plm4g9oyvn"}
{"type":"log","timestamp":1771379030024,"level":"debug","message":"Base url not specified, skipping its injection.","meta":{"rootId":"qmyucyhjvobyreh","id":"qmyucyhjvobyreh"},"id":"fnq7vzbf9j756ud","previousOperationId":"lt4h6plm4g9oyvn"}
{"type":"operationStart","subtype":"engine","name":"handlebars","timestamp":1771379030033,"id":"kceiu8dq2wl4vyv","previousEventId":"uno4oei3cqier15","operationId":"7l5047llb63g8mf","previousOperationId":"lt4h6plm4g9oyvn"}
{"type":"log","timestamp":1771379030034,"level":"debug","message":"Rendering engine handlebars","meta":{"rootId":"qmyucyhjvobyreh","id":"qmyucyhjvobyreh"},"id":"k7b4j7mdvb1akcn","previousOperationId":"7l5047llb63g8mf"}
{"type":"operationEnd","operationId":"7l5047llb63g8mf","timestamp":1771379030132,"id":"fwi2ztgwqvghd62","previousEventId":"kceiu8dq2wl4vyv","previousOperationId":"7l5047llb63g8mf"}
{"type":"operationStart","subtype":"recipe","name":"chrome-pdf","timestamp":1771379030133,"id":"mg97wk3j79t8g0h","previousEventId":"fwi2ztgwqvghd62","operationId":"r9jdpxpq4jzotga","previousOperationId":"7l5047llb63g8mf"}
{"type":"log","timestamp":1771379030133,"level":"debug","message":"Executing recipe chrome-pdf","meta":{"rootId":"qmyucyhjvobyreh","id":"qmyucyhjvobyreh"},"id":"3lcivcsb9693if1","previousOperationId":"r9jdpxpq4jzotga"}
{"type":"log","timestamp":1771379030176,"level":"debug","message":"Converting with chrome Chrome/142.0.7444.175 using chrome-pool strategy","meta":{"rootId":"qmyucyhjvobyreh","id":"qmyucyhjvobyreh"},"id":"on3nrr7hsme6f7u","previousOperationId":"r9jdpxpq4jzotga"}
{"type":"log","timestamp":1771379030567,"level":"debug","message":"Page request: GET (document) file:///tmp/jsreport/autocleanup/c13cbb3f-2b58-47c2-a022-d00b053d2938-chrome-pdf.html","meta":{"rootId":"qmyucyhjvobyreh","id":"qmyucyhjvobyreh"},"id":"yj29iborre0a0q5","previousOperationId":"r9jdpxpq4jzotga"}
{"type":"log","timestamp":1771379030599,"level":"debug","message":"Page request finished: GET (document) 200 file:///tmp/jsreport/autocleanup/c13cbb3f-2b58-47c2-a022-d00b053d2938-chrome-pdf.html","meta":{"rootId":"qmyucyhjvobyreh","id":"qmyucyhjvobyreh"},"id":"pqyu93xc81vei1l","previousOperationId":"r9jdpxpq4jzotga"}
{"type":"log","timestamp":1771379030601,"level":"debug","message":"Page request: GET (image) https://paciolibucket.s3.us-east-2.amazonaws.com/orgs/c64b69f6759a43a1bc0ae31961876751/companies/logos/e9767ff4-7186-447f-a397-208ea6bbfdb8_ninosfelices.png?X-Amz-Expires=600&X-Amz-Algorithm=AWS4-HMAC-SHA256&X-Amz-Credential=AKIAVYV5Z6T6UQ4ARWOC%2F20260218%2Fus-east-2%2Fs3%2Faws4_request&X-Amz-Date=20260218T014349Z&X-Amz-SignedHeaders=host&X-Amz-Signature=bb15affe6042d2ce41dfa45525fa475fa89ab232ff872dad8d41bec6038ff52d","meta":{"rootId":"qmyucyhjvobyreh","id":"qmyucyhjvobyreh"},"id":"rxpu8pv3acr0m99","previousOperationId":"r9jdpxpq4jzotga"}
{"type":"log","timestamp":1771379031122,"level":"debug","message":"Page request finished: GET (image) 200 https://paciolibucket.s3.us-east-2.amazonaws.com/orgs/c64b69f6759a43a1bc0ae31961876751/companies/logos/e9767ff4-7186-447f-a397-208ea6bbfdb8_ninosfelices.png?X-Amz-Expires=600&X-Amz-Algorithm=AWS4-HMAC-SHA256&X-Amz-Credential=AKIAVYV5Z6T6UQ4ARWOC%2F20260218%2Fus-east-2%2Fs3%2Faws4_request&X-Amz-Date=20260218T014349Z&X-Amz-SignedHeaders=host&X-Amz-Signature=bb15affe6042d2ce41dfa45525fa475fa89ab232ff872dad8d41bec6038ff52d","meta":{"rootId":"qmyucyhjvobyreh","id":"qmyucyhjvobyreh"},"id":"zhakrdaunnvm7g5","previousOperationId":"r9jdpxpq4jzotga"}
{"type":"log","timestamp":1771379031124,"level":"debug","message":"Running chrome with params {\"printBackground\":true,\"timeout\":59726,\"margin\":{}}","meta":{"rootId":"qmyucyhjvobyreh","id":"qmyucyhjvobyreh"},"id":"hr251dn9707yera","previousOperationId":"r9jdpxpq4jzotga"}
{"type":"operationEnd","operationId":"r9jdpxpq4jzotga","timestamp":1771379031215,"id":"bdsm57s76q9rvab","previousEventId":"mg97wk3j79t8g0h","previousOperationId":"r9jdpxpq4jzotga"}
{"type":"log","timestamp":1771379031215,"level":"debug","message":"Skipping storing report.","meta":{"rootId":"qmyucyhjvobyreh","id":"qmyucyhjvobyreh"},"id":"um6ojwwkdu5gtmq","previousOperationId":"r9jdpxpq4jzotga"}
{"type":"log","timestamp":1771379031216,"level":"info","message":"Rendering request 25 finished in 1344 ms","meta":{"rootId":"qmyucyhjvobyreh","id":"qmyucyhjvobyreh"},"id":"0nl6fhah47qwjfd","previousOperationId":"r9jdpxpq4jzotga"}
{"type":"operationEnd","subtype":"render","operationId":"lt4h6plm4g9oyvn","timestamp":1771379031216,"id":"ftsuv7cmok1xh5g","previousEventId":"bdsm57s76q9rvab","previousOperationId":"r9jdpxpq4jzotga"}
{"type":"operationEnd","doDiffs":false,"previousEventId":"7nv2064n3tuk4bj","previousOperationId":"r2z9t724nsjmm43","operationId":"r2z9t724nsjmm43","timestamp":1771379031219,"id":"yowpjd7158om33k"}
