{"type":"operationStart","subtype":"profile","data":{"_id":"L4i6lz9h4G0oMDX1","timestamp":"2026-02-19T04:07:05.140Z","state":"queued","mode":"standard","creationDate":"2026-02-19T04:07:05.143Z","modificationDate":"2026-02-19T04:07:05.143Z","shortid":"oangset","$entitySet":"profiles"},"doDiffs":false,"timestamp":1771474025142,"id":"ulf450ukh6ttqmo","previousOperationId":null,"operationId":"lb7i5einpakpcyh"}
{"type":"log","level":"info","message":"Render request 9 queued for execution and waiting for available worker","previousOperationId":"lb7i5einpakpcyh","timestamp":1771474025142,"id":"bv1q9su27ibl0tu"}
{"type":"operationStart","subtype":"render","name":"trial-balance-v1","previousOperationId":"lb7i5einpakpcyh","timestamp":1771474025230,"id":"a993rvy8ux4cvd4","previousEventId":"ulf450ukh6ttqmo","operationId":"jxoofz75j3a7br7"}
{"type":"log","timestamp":1771474025231,"level":"info","message":"Starting rendering request 9","meta":{"rootId":"rc3hfg2gm45hmuz","id":"rc3hfg2gm45hmuz"},"id":"tbtd0qhern7rmdi","previousOperationId":"jxoofz75j3a7br7"}
{"type":"log","timestamp":1771474025231,"level":"info","message":"Rendering template { name: trial-balance-v1, recipe: chrome-pdf, engine: handlebars, preview: false }","meta":{"rootId":"rc3hfg2gm45hmuz","id":"rc3hfg2gm45hmuz"},"id":"940fd5ci12ly46l","previousOperationId":"jxoofz75j3a7br7"}
{"type":"log","timestamp":1771474025232,"level":"debug","message":"Inline data specified.","meta":{"rootId":"rc3hfg2gm45hmuz","id":"rc3hfg2gm45hmuz"},"id":"4glluhwdmm1sob9","previousOperationId":"jxoofz75j3a7br7"}
{"type":"log","timestamp":1771474025233,"level":"debug","message":"Base url not specified, skipping its injection.","meta":{"rootId":"rc3hfg2gm45hmuz","id":"rc3hfg2gm45hmuz"},"id":"o8fj69y763a7lpn","previousOperationId":"jxoofz75j3a7br7"}
{"type":"operationStart","subtype":"engine","name":"handlebars","timestamp":1771474025234,"id":"ffz8yrbedk29uw0","previousEventId":"a993rvy8ux4cvd4","operationId":"tuhvawb1mkger9n","previousOperationId":"jxoofz75j3a7br7"}
{"type":"log","timestamp":1771474025234,"level":"debug","message":"Rendering engine handlebars","meta":{"rootId":"rc3hfg2gm45hmuz","id":"rc3hfg2gm45hmuz"},"id":"vfjbymtirtzz7ty","previousOperationId":"tuhvawb1mkger9n"}
{"type":"operationEnd","operationId":"tuhvawb1mkger9n","timestamp":1771474025277,"id":"96fdlfxykd2vi3m","previousEventId":"ffz8yrbedk29uw0","previousOperationId":"tuhvawb1mkger9n"}
{"type":"operationStart","subtype":"recipe","name":"chrome-pdf","timestamp":1771474025280,"id":"mt6k5mtvrcbqgm3","previousEventId":"96fdlfxykd2vi3m","operationId":"jb7ew63obcbyn2g","previousOperationId":"tuhvawb1mkger9n"}
{"type":"log","timestamp":1771474025280,"level":"debug","message":"Executing recipe chrome-pdf","meta":{"rootId":"rc3hfg2gm45hmuz","id":"rc3hfg2gm45hmuz"},"id":"jm3tmvrq83yjrm6","previousOperationId":"jb7ew63obcbyn2g"}
{"type":"log","timestamp":1771474025282,"level":"debug","message":"Converting with chrome Chrome/142.0.7444.175 using chrome-pool strategy","meta":{"rootId":"rc3hfg2gm45hmuz","id":"rc3hfg2gm45hmuz"},"id":"ovjlw2sqaipwpuc","previousOperationId":"jb7ew63obcbyn2g"}
{"type":"log","timestamp":1771474025312,"level":"debug","message":"Page request: GET (document) file:///tmp/jsreport/autocleanup/34cd8064-96c6-4adb-84ac-e602e12819f2-chrome-pdf.html","meta":{"rootId":"rc3hfg2gm45hmuz","id":"rc3hfg2gm45hmuz"},"id":"5x1ixe3hyo1zs4z","previousOperationId":"jb7ew63obcbyn2g"}
{"type":"log","timestamp":1771474025322,"level":"debug","message":"Page request finished: GET (document) 200 file:///tmp/jsreport/autocleanup/34cd8064-96c6-4adb-84ac-e602e12819f2-chrome-pdf.html","meta":{"rootId":"rc3hfg2gm45hmuz","id":"rc3hfg2gm45hmuz"},"id":"9g6nhzlwhz0hxzi","previousOperationId":"jb7ew63obcbyn2g"}
{"type":"log","timestamp":1771474025322,"level":"debug","message":"Page request: GET (image) https://paciolibucket.s3.us-east-2.amazonaws.com/orgs/c64b69f6759a43a1bc0ae31961876751/companies/logos/b6e6bbb3-4217-4336-88b7-161c9ce34ada_Applicorp%20Logo.png?X-Amz-Expires=600&X-Amz-Algorithm=AWS4-HMAC-SHA256&X-Amz-Credential=AKIAVYV5Z6T6UQ4ARWOC%2F20260219%2Fus-east-2%2Fs3%2Faws4_request&X-Amz-Date=20260219T040705Z&X-Amz-SignedHeaders=host&X-Amz-Signature=81e5580bd2f26e5dc1d36635d17d978ca63336aff571526a171fd80d568332e9","meta":{"rootId":"rc3hfg2gm45hmuz","id":"rc3hfg2gm45hmuz"},"id":"rd5xipdjojrc9j5","previousOperationId":"jb7ew63obcbyn2g"}
{"type":"log","timestamp":1771474025751,"level":"debug","message":"Page request finished: GET (image) 200 https://paciolibucket.s3.us-east-2.amazonaws.com/orgs/c64b69f6759a43a1bc0ae31961876751/companies/logos/b6e6bbb3-4217-4336-88b7-161c9ce34ada_Applicorp%20Logo.png?X-Amz-Expires=600&X-Amz-Algorithm=AWS4-HMAC-SHA256&X-Amz-Credential=AKIAVYV5Z6T6UQ4ARWOC%2F20260219%2Fus-east-2%2Fs3%2Faws4_request&X-Amz-Date=20260219T040705Z&X-Amz-SignedHeaders=host&X-Amz-Signature=81e5580bd2f26e5dc1d36635d17d978ca63336aff571526a171fd80d568332e9","meta":{"rootId":"rc3hfg2gm45hmuz","id":"rc3hfg2gm45hmuz"},"id":"ovua33fljm3pmlt","previousOperationId":"jb7ew63obcbyn2g"}
{"type":"log","timestamp":1771474025753,"level":"debug","message":"Running chrome with params {\"printBackground\":true,\"timeout\":59859,\"margin\":{}}","meta":{"rootId":"rc3hfg2gm45hmuz","id":"rc3hfg2gm45hmuz"},"id":"8l66pxz17lrh2xu","previousOperationId":"jb7ew63obcbyn2g"}
{"type":"operationEnd","operationId":"jb7ew63obcbyn2g","timestamp":1771474025970,"id":"6di12hgdl0spj0e","previousEventId":"mt6k5mtvrcbqgm3","previousOperationId":"jb7ew63obcbyn2g"}
{"type":"log","timestamp":1771474025971,"level":"debug","message":"Skipping storing report.","meta":{"rootId":"rc3hfg2gm45hmuz","id":"rc3hfg2gm45hmuz"},"id":"3gkpwazlj0kzqrx","previousOperationId":"jb7ew63obcbyn2g"}
{"type":"log","timestamp":1771474025971,"level":"info","message":"Rendering request 9 finished in 831 ms","meta":{"rootId":"rc3hfg2gm45hmuz","id":"rc3hfg2gm45hmuz"},"id":"olgdbh7oxx0q11q","previousOperationId":"jb7ew63obcbyn2g"}
{"type":"operationEnd","subtype":"render","operationId":"jxoofz75j3a7br7","timestamp":1771474025971,"id":"0afojxrrc2j51g7","previousEventId":"6di12hgdl0spj0e","previousOperationId":"jb7ew63obcbyn2g"}
{"type":"operationEnd","doDiffs":false,"previousEventId":"ulf450ukh6ttqmo","previousOperationId":"lb7i5einpakpcyh","operationId":"lb7i5einpakpcyh","timestamp":1771474025972,"id":"7ayhwc6rcgfsfki"}
