{"type":"operationStart","subtype":"profile","data":{"_id":"d8qxYZH5P6zYwFgJ","timestamp":"2026-02-18T01:13:37.287Z","state":"queued","mode":"standard","creationDate":"2026-02-18T01:13:37.289Z","modificationDate":"2026-02-18T01:13:37.289Z","shortid":"EXpfy17","$entitySet":"profiles"},"doDiffs":false,"timestamp":1771377217287,"id":"xnhx3cjhfm9q9vw","previousOperationId":null,"operationId":"vedtt4k2qwdfn7k"}
{"type":"log","level":"info","message":"Render request 7 queued for execution and waiting for available worker","previousOperationId":"vedtt4k2qwdfn7k","timestamp":1771377217289,"id":"nauf30dre3h1c19"}
{"type":"operationStart","subtype":"render","name":"trial-balance-v1","previousOperationId":"vedtt4k2qwdfn7k","timestamp":1771377217351,"id":"65po2n3gxhzr5f4","previousEventId":"xnhx3cjhfm9q9vw","operationId":"ebp1hlnyauep9w1"}
{"type":"log","timestamp":1771377217353,"level":"info","message":"Starting rendering request 7","meta":{"rootId":"rmlfgu3ye2bpsj1","id":"rmlfgu3ye2bpsj1"},"id":"dme02asl6vbxfvm","previousOperationId":"ebp1hlnyauep9w1"}
{"type":"log","timestamp":1771377217354,"level":"info","message":"Rendering template { name: trial-balance-v1, recipe: chrome-pdf, engine: handlebars, preview: true }","meta":{"rootId":"rmlfgu3ye2bpsj1","id":"rmlfgu3ye2bpsj1"},"id":"wvj3wo2hgzsuxek","previousOperationId":"ebp1hlnyauep9w1"}
{"type":"log","timestamp":1771377217359,"level":"debug","message":"Inline data specified.","meta":{"rootId":"rmlfgu3ye2bpsj1","id":"rmlfgu3ye2bpsj1"},"id":"pzbymp0ei2syj5a","previousOperationId":"ebp1hlnyauep9w1"}
{"type":"log","timestamp":1771377217367,"level":"debug","message":"Base url not specified, skipping its injection.","meta":{"rootId":"rmlfgu3ye2bpsj1","id":"rmlfgu3ye2bpsj1"},"id":"rj5lqxw1gyc9t8d","previousOperationId":"ebp1hlnyauep9w1"}
{"type":"operationStart","subtype":"engine","name":"handlebars","timestamp":1771377217369,"id":"9d2jwqaywtunz26","previousEventId":"65po2n3gxhzr5f4","operationId":"p14o40as0ora73p","previousOperationId":"ebp1hlnyauep9w1"}
{"type":"log","timestamp":1771377217369,"level":"debug","message":"Rendering engine handlebars","meta":{"rootId":"rmlfgu3ye2bpsj1","id":"rmlfgu3ye2bpsj1"},"id":"y5p599ogsaspcxe","previousOperationId":"p14o40as0ora73p"}
{"type":"operationEnd","operationId":"p14o40as0ora73p","timestamp":1771377217522,"id":"hkln807anukdp3b","previousEventId":"9d2jwqaywtunz26","previousOperationId":"p14o40as0ora73p"}
{"type":"operationStart","subtype":"recipe","name":"chrome-pdf","timestamp":1771377217523,"id":"keufb9uxy6qazfs","previousEventId":"hkln807anukdp3b","operationId":"bnhxkpu1jbfajzo","previousOperationId":"p14o40as0ora73p"}
{"type":"log","timestamp":1771377217523,"level":"debug","message":"Executing recipe chrome-pdf","meta":{"rootId":"rmlfgu3ye2bpsj1","id":"rmlfgu3ye2bpsj1"},"id":"uzsxtamd57xjko1","previousOperationId":"bnhxkpu1jbfajzo"}
{"type":"log","timestamp":1771377217534,"level":"debug","message":"Converting with chrome Chrome/142.0.7444.175 using chrome-pool strategy","meta":{"rootId":"rmlfgu3ye2bpsj1","id":"rmlfgu3ye2bpsj1"},"id":"hgdubmiacu4ng7h","previousOperationId":"bnhxkpu1jbfajzo"}
{"type":"log","timestamp":1771377217636,"level":"debug","message":"Page request: GET (document) file:///tmp/jsreport/autocleanup/a221854f-1a18-42b8-9d7b-ce9dc6cf0fdb-chrome-pdf.html","meta":{"rootId":"rmlfgu3ye2bpsj1","id":"rmlfgu3ye2bpsj1"},"id":"h0h0w0gbl0e0lk8","previousOperationId":"bnhxkpu1jbfajzo"}
{"type":"log","timestamp":1771377217651,"level":"debug","message":"Page request finished: GET (document) 200 file:///tmp/jsreport/autocleanup/a221854f-1a18-42b8-9d7b-ce9dc6cf0fdb-chrome-pdf.html","meta":{"rootId":"rmlfgu3ye2bpsj1","id":"rmlfgu3ye2bpsj1"},"id":"m4aqn5m0ki0cc5u","previousOperationId":"bnhxkpu1jbfajzo"}
{"type":"log","timestamp":1771377217652,"level":"debug","message":"Page request: GET (image) https://paciolibucket.s3.us-east-2.amazonaws.com/orgs/c64b69f6759a43a1bc0ae31961876751/companies/logos/e9767ff4-7186-447f-a397-208ea6bbfdb8_ninosfelices.png?X-Amz-Expires=600&X-Amz-Algorithm=AWS4-HMAC-SHA256&X-Amz-Credential=AKIAVYV5Z6T6UQ4ARWOC%2F20260218%2Fus-east-2%2Fs3%2Faws4_request&X-Amz-Date=20260218T005607Z&X-Amz-SignedHeaders=host&X-Amz-Signature=fe2025156fb580da2cbbce218a5fff90e38d5fc1a4ae111db0c11e9a557be278","meta":{"rootId":"rmlfgu3ye2bpsj1","id":"rmlfgu3ye2bpsj1"},"id":"milaogkryjki1oc","previousOperationId":"bnhxkpu1jbfajzo"}
{"type":"log","timestamp":1771377217685,"level":"debug","message":"Page request finished: GET (image) 200 https://paciolibucket.s3.us-east-2.amazonaws.com/orgs/c64b69f6759a43a1bc0ae31961876751/companies/logos/e9767ff4-7186-447f-a397-208ea6bbfdb8_ninosfelices.png?X-Amz-Expires=600&X-Amz-Algorithm=AWS4-HMAC-SHA256&X-Amz-Credential=AKIAVYV5Z6T6UQ4ARWOC%2F20260218%2Fus-east-2%2Fs3%2Faws4_request&X-Amz-Date=20260218T005607Z&X-Amz-SignedHeaders=host&X-Amz-Signature=fe2025156fb580da2cbbce218a5fff90e38d5fc1a4ae111db0c11e9a557be278","meta":{"rootId":"rmlfgu3ye2bpsj1","id":"rmlfgu3ye2bpsj1"},"id":"ywm0w1nrbtb3upm","previousOperationId":"bnhxkpu1jbfajzo"}
{"type":"log","timestamp":1771377217686,"level":"debug","message":"Running chrome with params {\"printBackground\":true,\"timeout\":59758,\"margin\":{}}","meta":{"rootId":"rmlfgu3ye2bpsj1","id":"rmlfgu3ye2bpsj1"},"id":"a27jwrsc5heqi6h","previousOperationId":"bnhxkpu1jbfajzo"}
{"type":"operationEnd","operationId":"bnhxkpu1jbfajzo","timestamp":1771377217747,"id":"mrscvsffadad1ul","previousEventId":"keufb9uxy6qazfs","previousOperationId":"bnhxkpu1jbfajzo"}
{"type":"log","timestamp":1771377217747,"level":"debug","message":"Skipping storing report.","meta":{"rootId":"rmlfgu3ye2bpsj1","id":"rmlfgu3ye2bpsj1"},"id":"q7404cdh7xqxmir","previousOperationId":"bnhxkpu1jbfajzo"}
{"type":"log","timestamp":1771377217747,"level":"info","message":"Rendering request 7 finished in 461 ms","meta":{"rootId":"rmlfgu3ye2bpsj1","id":"rmlfgu3ye2bpsj1"},"id":"rghky1jhr47v4pf","previousOperationId":"bnhxkpu1jbfajzo"}
{"type":"operationEnd","subtype":"render","operationId":"ebp1hlnyauep9w1","timestamp":1771377217747,"id":"ntqkbj4bzrlo437","previousEventId":"mrscvsffadad1ul","previousOperationId":"bnhxkpu1jbfajzo"}
{"type":"operationEnd","doDiffs":false,"previousEventId":"xnhx3cjhfm9q9vw","previousOperationId":"vedtt4k2qwdfn7k","operationId":"vedtt4k2qwdfn7k","timestamp":1771377217780,"id":"o7wssmou85jchp0"}
