{"type":"operationStart","subtype":"profile","data":{"_id":"6xk2A3s2q4qhjUc4","timestamp":"2026-02-19T14:16:11.152Z","state":"queued","mode":"standard","creationDate":"2026-02-19T14:16:11.154Z","modificationDate":"2026-02-19T14:16:11.154Z","shortid":"z23O9WN","$entitySet":"profiles"},"doDiffs":false,"timestamp":1771510571154,"id":"d6rcdvnvlectzlg","previousOperationId":null,"operationId":"qfvz39ijm4nwsfh"}
{"type":"log","level":"info","message":"Render request 2 queued for execution and waiting for available worker","previousOperationId":"qfvz39ijm4nwsfh","timestamp":1771510571154,"id":"ilheny9war3tncx"}
{"type":"operationStart","subtype":"render","name":"trial-balance-v1","previousOperationId":"qfvz39ijm4nwsfh","timestamp":1771510571261,"id":"zg5itytprh2kb9j","previousEventId":"d6rcdvnvlectzlg","operationId":"tg3ws8nohjepqkb"}
{"type":"log","timestamp":1771510571271,"level":"info","message":"Starting rendering request 2","meta":{"rootId":"rwvlsv6qvri5u0w","id":"rwvlsv6qvri5u0w"},"id":"fdghiz9z1h8ozxh","previousOperationId":"tg3ws8nohjepqkb"}
{"type":"log","timestamp":1771510571278,"level":"info","message":"Rendering template { name: trial-balance-v1, recipe: chrome-pdf, engine: handlebars, preview: false }","meta":{"rootId":"rwvlsv6qvri5u0w","id":"rwvlsv6qvri5u0w"},"id":"jhw7nzfthmvovic","previousOperationId":"tg3ws8nohjepqkb"}
{"type":"log","timestamp":1771510571287,"level":"debug","message":"Inline data specified.","meta":{"rootId":"rwvlsv6qvri5u0w","id":"rwvlsv6qvri5u0w"},"id":"f8g7f6xxl74rty5","previousOperationId":"tg3ws8nohjepqkb"}
{"type":"log","timestamp":1771510571295,"level":"debug","message":"Base url not specified, skipping its injection.","meta":{"rootId":"rwvlsv6qvri5u0w","id":"rwvlsv6qvri5u0w"},"id":"4ooqw7y2o75nlsi","previousOperationId":"tg3ws8nohjepqkb"}
{"type":"operationStart","subtype":"engine","name":"handlebars","timestamp":1771510571306,"id":"p4y7p3puzh4l3jk","previousEventId":"zg5itytprh2kb9j","operationId":"ejvfo6kmq1qg115","previousOperationId":"tg3ws8nohjepqkb"}
{"type":"log","timestamp":1771510571306,"level":"debug","message":"Rendering engine handlebars","meta":{"rootId":"rwvlsv6qvri5u0w","id":"rwvlsv6qvri5u0w"},"id":"a3sgqvgl9ai13sq","previousOperationId":"ejvfo6kmq1qg115"}
{"type":"operationEnd","operationId":"ejvfo6kmq1qg115","timestamp":1771510572075,"id":"wxvonauw7qql1f8","previousEventId":"p4y7p3puzh4l3jk","previousOperationId":"ejvfo6kmq1qg115"}
{"type":"operationStart","subtype":"recipe","name":"chrome-pdf","timestamp":1771510572077,"id":"scy007ggxn96due","previousEventId":"wxvonauw7qql1f8","operationId":"5sfbe39oxlsdrvf","previousOperationId":"ejvfo6kmq1qg115"}
{"type":"log","timestamp":1771510572077,"level":"debug","message":"Executing recipe chrome-pdf","meta":{"rootId":"rwvlsv6qvri5u0w","id":"rwvlsv6qvri5u0w"},"id":"1jfkjn1qqy3iae1","previousOperationId":"5sfbe39oxlsdrvf"}
{"type":"log","timestamp":1771510572760,"level":"debug","message":"Converting with chrome Chrome/142.0.7444.175 using chrome-pool strategy","meta":{"rootId":"rwvlsv6qvri5u0w","id":"rwvlsv6qvri5u0w"},"id":"onr1qwgaiekipay","previousOperationId":"5sfbe39oxlsdrvf"}
{"type":"log","timestamp":1771510572838,"level":"debug","message":"Page request: GET (document) file:///tmp/jsreport/autocleanup/9f210756-e3d4-4c88-ae53-bee0e253120d-chrome-pdf.html","meta":{"rootId":"rwvlsv6qvri5u0w","id":"rwvlsv6qvri5u0w"},"id":"25yr23h8daba5r3","previousOperationId":"5sfbe39oxlsdrvf"}
{"type":"log","timestamp":1771510572858,"level":"debug","message":"Page request finished: GET (document) 200 file:///tmp/jsreport/autocleanup/9f210756-e3d4-4c88-ae53-bee0e253120d-chrome-pdf.html","meta":{"rootId":"rwvlsv6qvri5u0w","id":"rwvlsv6qvri5u0w"},"id":"qxiycghymcg27hu","previousOperationId":"5sfbe39oxlsdrvf"}
{"type":"log","timestamp":1771510572858,"level":"debug","message":"Page request: GET (image) https://paciolibucket.s3.us-east-2.amazonaws.com/orgs/c64b69f6759a43a1bc0ae31961876751/companies/logos/b6e6bbb3-4217-4336-88b7-161c9ce34ada_Applicorp%20Logo.png?X-Amz-Expires=600&X-Amz-Algorithm=AWS4-HMAC-SHA256&X-Amz-Credential=AKIAVYV5Z6T6UQ4ARWOC%2F20260219%2Fus-east-2%2Fs3%2Faws4_request&X-Amz-Date=20260219T141611Z&X-Amz-SignedHeaders=host&X-Amz-Signature=ff64e4e9e7af60bd4e4d0e21fc025b033a86862610ec38315a9c6389fd1ca49d","meta":{"rootId":"rwvlsv6qvri5u0w","id":"rwvlsv6qvri5u0w"},"id":"1ryr1d4s4yl95gn","previousOperationId":"5sfbe39oxlsdrvf"}
{"type":"log","timestamp":1771510573313,"level":"debug","message":"Page request finished: GET (image) 200 https://paciolibucket.s3.us-east-2.amazonaws.com/orgs/c64b69f6759a43a1bc0ae31961876751/companies/logos/b6e6bbb3-4217-4336-88b7-161c9ce34ada_Applicorp%20Logo.png?X-Amz-Expires=600&X-Amz-Algorithm=AWS4-HMAC-SHA256&X-Amz-Credential=AKIAVYV5Z6T6UQ4ARWOC%2F20260219%2Fus-east-2%2Fs3%2Faws4_request&X-Amz-Date=20260219T141611Z&X-Amz-SignedHeaders=host&X-Amz-Signature=ff64e4e9e7af60bd4e4d0e21fc025b033a86862610ec38315a9c6389fd1ca49d","meta":{"rootId":"rwvlsv6qvri5u0w","id":"rwvlsv6qvri5u0w"},"id":"g2aeth590mjtvi9","previousOperationId":"5sfbe39oxlsdrvf"}
{"type":"log","timestamp":1771510573321,"level":"debug","message":"Running chrome with params {\"printBackground\":true,\"timeout\":59060,\"margin\":{}}","meta":{"rootId":"rwvlsv6qvri5u0w","id":"rwvlsv6qvri5u0w"},"id":"a0st46ekudzgd2h","previousOperationId":"5sfbe39oxlsdrvf"}
{"type":"operationEnd","operationId":"5sfbe39oxlsdrvf","timestamp":1771510573571,"id":"mmpfu0gv1j110v3","previousEventId":"scy007ggxn96due","previousOperationId":"5sfbe39oxlsdrvf"}
{"type":"log","timestamp":1771510573571,"level":"debug","message":"Skipping storing report.","meta":{"rootId":"rwvlsv6qvri5u0w","id":"rwvlsv6qvri5u0w"},"id":"do1vw1gk1cfvyn1","previousOperationId":"5sfbe39oxlsdrvf"}
{"type":"log","timestamp":1771510573571,"level":"info","message":"Rendering request 2 finished in 2427 ms","meta":{"rootId":"rwvlsv6qvri5u0w","id":"rwvlsv6qvri5u0w"},"id":"6awnidp6hxyt3i5","previousOperationId":"5sfbe39oxlsdrvf"}
{"type":"operationEnd","subtype":"render","operationId":"tg3ws8nohjepqkb","timestamp":1771510573571,"id":"0lk4dgcv2hh6uiq","previousEventId":"mmpfu0gv1j110v3","previousOperationId":"5sfbe39oxlsdrvf"}
{"type":"operationEnd","doDiffs":false,"previousEventId":"d6rcdvnvlectzlg","previousOperationId":"qfvz39ijm4nwsfh","operationId":"qfvz39ijm4nwsfh","timestamp":1771510573573,"id":"pg7fpy093uja66d"}
