{"type":"operationStart","subtype":"profile","data":{"_id":"sqg9xx2bqY185vwa","timestamp":"2026-02-21T16:23:23.655Z","state":"queued","mode":"standard","creationDate":"2026-02-21T16:23:23.657Z","modificationDate":"2026-02-21T16:23:23.657Z","shortid":"sXAJPSj","$entitySet":"profiles"},"doDiffs":false,"timestamp":1771691003657,"id":"jz7c5oqzo3n0cru","previousOperationId":null,"operationId":"2gcpp026lbt8tni"}
{"type":"log","level":"info","message":"Render request 1 queued for execution and waiting for available worker","previousOperationId":"2gcpp026lbt8tni","timestamp":1771691003657,"id":"caej0g4x2dqvsmw"}
{"type":"operationStart","subtype":"render","name":"trial-balance-v1","previousOperationId":"2gcpp026lbt8tni","timestamp":1771691003727,"id":"qanjon7jp2tviwr","previousEventId":"jz7c5oqzo3n0cru","operationId":"e2lfaowhsdj2lja"}
{"type":"log","timestamp":1771691003727,"level":"info","message":"Starting rendering request 1","meta":{"rootId":"sx86sllhqnaubcs","id":"sx86sllhqnaubcs"},"id":"27tueqadmfeq13b","previousOperationId":"e2lfaowhsdj2lja"}
{"type":"log","timestamp":1771691003728,"level":"info","message":"Rendering template { name: trial-balance-v1, recipe: chrome-pdf, engine: handlebars, preview: false }","meta":{"rootId":"sx86sllhqnaubcs","id":"sx86sllhqnaubcs"},"id":"ckh3w7m2i55rf3i","previousOperationId":"e2lfaowhsdj2lja"}
{"type":"log","timestamp":1771691003730,"level":"debug","message":"Inline data specified.","meta":{"rootId":"sx86sllhqnaubcs","id":"sx86sllhqnaubcs"},"id":"55qtp3x3678cujo","previousOperationId":"e2lfaowhsdj2lja"}
{"type":"log","timestamp":1771691003732,"level":"debug","message":"Base url not specified, skipping its injection.","meta":{"rootId":"sx86sllhqnaubcs","id":"sx86sllhqnaubcs"},"id":"4grqyn8hj8rymjw","previousOperationId":"e2lfaowhsdj2lja"}
{"type":"operationStart","subtype":"engine","name":"handlebars","timestamp":1771691003733,"id":"0th4785tymz2uqa","previousEventId":"qanjon7jp2tviwr","operationId":"pf6f37aaa8xea7l","previousOperationId":"e2lfaowhsdj2lja"}
{"type":"log","timestamp":1771691003733,"level":"debug","message":"Rendering engine handlebars","meta":{"rootId":"sx86sllhqnaubcs","id":"sx86sllhqnaubcs"},"id":"umh9ewq4t3appdk","previousOperationId":"pf6f37aaa8xea7l"}
{"type":"operationEnd","operationId":"pf6f37aaa8xea7l","timestamp":1771691004229,"id":"p9fkknq0cr9tb9m","previousEventId":"0th4785tymz2uqa","previousOperationId":"pf6f37aaa8xea7l"}
{"type":"operationStart","subtype":"recipe","name":"chrome-pdf","timestamp":1771691004231,"id":"f5iuopx6iy3il5t","previousEventId":"p9fkknq0cr9tb9m","operationId":"g508hmzbo31471b","previousOperationId":"pf6f37aaa8xea7l"}
{"type":"log","timestamp":1771691004231,"level":"debug","message":"Executing recipe chrome-pdf","meta":{"rootId":"sx86sllhqnaubcs","id":"sx86sllhqnaubcs"},"id":"vdlq1yvdrpv812f","previousOperationId":"g508hmzbo31471b"}
{"type":"log","timestamp":1771691005061,"level":"debug","message":"Converting with chrome Chrome/142.0.7444.175 using chrome-pool strategy","meta":{"rootId":"sx86sllhqnaubcs","id":"sx86sllhqnaubcs"},"id":"qzmxnfbw3f2th55","previousOperationId":"g508hmzbo31471b"}
{"type":"log","timestamp":1771691005175,"level":"debug","message":"Page request: GET (document) file:///tmp/jsreport/autocleanup/8d09a784-09d9-4902-9141-50d84bdd13eb-chrome-pdf.html","meta":{"rootId":"sx86sllhqnaubcs","id":"sx86sllhqnaubcs"},"id":"bs5ee4f5hbv4z1s","previousOperationId":"g508hmzbo31471b"}
{"type":"log","timestamp":1771691005192,"level":"debug","message":"Page request: GET (image) https://paciolibucket.s3.us-east-2.amazonaws.com/orgs/c64b69f6759a43a1bc0ae31961876751/companies/logos/b6e6bbb3-4217-4336-88b7-161c9ce34ada_Applicorp%20Logo.png?X-Amz-Expires=600&X-Amz-Algorithm=AWS4-HMAC-SHA256&X-Amz-Credential=AKIAVYV5Z6T6UQ4ARWOC%2F20260221%2Fus-east-2%2Fs3%2Faws4_request&X-Amz-Date=20260221T162323Z&X-Amz-SignedHeaders=host&X-Amz-Signature=9c9ab342db502d2b5f2c8dbc6097a546e15044e778b752ab94a0d2b93e1bc48b","meta":{"rootId":"sx86sllhqnaubcs","id":"sx86sllhqnaubcs"},"id":"4eqhdq3a3sigoc6","previousOperationId":"g508hmzbo31471b"}
{"type":"log","timestamp":1771691005193,"level":"debug","message":"Page request finished: GET (document) 200 file:///tmp/jsreport/autocleanup/8d09a784-09d9-4902-9141-50d84bdd13eb-chrome-pdf.html","meta":{"rootId":"sx86sllhqnaubcs","id":"sx86sllhqnaubcs"},"id":"y2298s3duxwhc2n","previousOperationId":"g508hmzbo31471b"}
{"type":"log","timestamp":1771691005682,"level":"debug","message":"Page request finished: GET (image) 200 https://paciolibucket.s3.us-east-2.amazonaws.com/orgs/c64b69f6759a43a1bc0ae31961876751/companies/logos/b6e6bbb3-4217-4336-88b7-161c9ce34ada_Applicorp%20Logo.png?X-Amz-Expires=600&X-Amz-Algorithm=AWS4-HMAC-SHA256&X-Amz-Credential=AKIAVYV5Z6T6UQ4ARWOC%2F20260221%2Fus-east-2%2Fs3%2Faws4_request&X-Amz-Date=20260221T162323Z&X-Amz-SignedHeaders=host&X-Amz-Signature=9c9ab342db502d2b5f2c8dbc6097a546e15044e778b752ab94a0d2b93e1bc48b","meta":{"rootId":"sx86sllhqnaubcs","id":"sx86sllhqnaubcs"},"id":"907fwyeqnuz5all","previousOperationId":"g508hmzbo31471b"}
{"type":"log","timestamp":1771691005689,"level":"debug","message":"Running chrome with params {\"printBackground\":true,\"timeout\":59418,\"margin\":{}}","meta":{"rootId":"sx86sllhqnaubcs","id":"sx86sllhqnaubcs"},"id":"pvfhsx27ismcwrt","previousOperationId":"g508hmzbo31471b"}
{"type":"operationEnd","operationId":"g508hmzbo31471b","timestamp":1771691005960,"id":"k2bo50i7bdlfqdy","previousEventId":"f5iuopx6iy3il5t","previousOperationId":"g508hmzbo31471b"}
{"type":"log","timestamp":1771691005961,"level":"debug","message":"Skipping storing report.","meta":{"rootId":"sx86sllhqnaubcs","id":"sx86sllhqnaubcs"},"id":"fe6a6jfunpzulae","previousOperationId":"g508hmzbo31471b"}
{"type":"log","timestamp":1771691005961,"level":"info","message":"Rendering request 1 finished in 2306 ms","meta":{"rootId":"sx86sllhqnaubcs","id":"sx86sllhqnaubcs"},"id":"rpl8lthaz73b361","previousOperationId":"g508hmzbo31471b"}
{"type":"operationEnd","subtype":"render","operationId":"e2lfaowhsdj2lja","timestamp":1771691005961,"id":"khlihrd8cyb0fln","previousEventId":"k2bo50i7bdlfqdy","previousOperationId":"g508hmzbo31471b"}
{"type":"operationEnd","doDiffs":false,"previousEventId":"jz7c5oqzo3n0cru","previousOperationId":"2gcpp026lbt8tni","operationId":"2gcpp026lbt8tni","timestamp":1771691005962,"id":"ljyo44lohfm6s8i"}
