{"type":"operationStart","subtype":"profile","data":{"_id":"tpdWJ2hrjtVX53RN","timestamp":"2026-02-19T15:38:12.473Z","state":"queued","mode":"standard","creationDate":"2026-02-19T15:38:12.475Z","modificationDate":"2026-02-19T15:38:12.475Z","shortid":"ZiarzFf","$entitySet":"profiles"},"doDiffs":false,"timestamp":1771515492474,"id":"3hhtbplgdtzibmn","previousOperationId":null,"operationId":"6r3yzbzg9obbop2"}
{"type":"log","level":"info","message":"Render request 9 queued for execution and waiting for available worker","previousOperationId":"6r3yzbzg9obbop2","timestamp":1771515492474,"id":"vc3qcx5x6fg8c9a"}
{"type":"operationStart","subtype":"render","name":"trial-balance-v1","previousOperationId":"6r3yzbzg9obbop2","timestamp":1771515492515,"id":"gi8tvlclfbktuf3","previousEventId":"3hhtbplgdtzibmn","operationId":"vqjf0a3iulxwsxo"}
{"type":"log","timestamp":1771515492515,"level":"info","message":"Starting rendering request 9","meta":{"rootId":"u4jyb0q52j61uw0","id":"u4jyb0q52j61uw0"},"id":"ioy6ir88ksa3qg8","previousOperationId":"vqjf0a3iulxwsxo"}
{"type":"log","timestamp":1771515492515,"level":"info","message":"Rendering template { name: trial-balance-v1, recipe: chrome-pdf, engine: handlebars, preview: false }","meta":{"rootId":"u4jyb0q52j61uw0","id":"u4jyb0q52j61uw0"},"id":"94do7pl2ktyaae1","previousOperationId":"vqjf0a3iulxwsxo"}
{"type":"log","timestamp":1771515492518,"level":"debug","message":"Inline data specified.","meta":{"rootId":"u4jyb0q52j61uw0","id":"u4jyb0q52j61uw0"},"id":"w3cxo4cq2em4i90","previousOperationId":"vqjf0a3iulxwsxo"}
{"type":"log","timestamp":1771515492520,"level":"debug","message":"Base url not specified, skipping its injection.","meta":{"rootId":"u4jyb0q52j61uw0","id":"u4jyb0q52j61uw0"},"id":"9yjw0t71trrppkr","previousOperationId":"vqjf0a3iulxwsxo"}
{"type":"operationStart","subtype":"engine","name":"handlebars","timestamp":1771515492521,"id":"2dw3r0fp5vyd3pa","previousEventId":"gi8tvlclfbktuf3","operationId":"9v1hdr3rxe6d7zp","previousOperationId":"vqjf0a3iulxwsxo"}
{"type":"log","timestamp":1771515492521,"level":"debug","message":"Rendering engine handlebars","meta":{"rootId":"u4jyb0q52j61uw0","id":"u4jyb0q52j61uw0"},"id":"yrd64kv9qu8px70","previousOperationId":"9v1hdr3rxe6d7zp"}
{"type":"operationEnd","operationId":"9v1hdr3rxe6d7zp","timestamp":1771515492534,"id":"5eiasw8t0s8gnux","previousEventId":"2dw3r0fp5vyd3pa","previousOperationId":"9v1hdr3rxe6d7zp"}
{"type":"operationStart","subtype":"recipe","name":"chrome-pdf","timestamp":1771515492538,"id":"cq4ufbnjn0qsl9z","previousEventId":"5eiasw8t0s8gnux","operationId":"gv8oks9xf388wbg","previousOperationId":"9v1hdr3rxe6d7zp"}
{"type":"log","timestamp":1771515492538,"level":"debug","message":"Executing recipe chrome-pdf","meta":{"rootId":"u4jyb0q52j61uw0","id":"u4jyb0q52j61uw0"},"id":"n3m3a1gioxj4pjb","previousOperationId":"gv8oks9xf388wbg"}
{"type":"log","timestamp":1771515492541,"level":"debug","message":"Converting with chrome Chrome/142.0.7444.175 using chrome-pool strategy","meta":{"rootId":"u4jyb0q52j61uw0","id":"u4jyb0q52j61uw0"},"id":"abwdwb1xvb74nga","previousOperationId":"gv8oks9xf388wbg"}
{"type":"log","timestamp":1771515492579,"level":"debug","message":"Page request: GET (document) file:///tmp/jsreport/autocleanup/ea152022-cbac-4704-9406-7a266fb572e4-chrome-pdf.html","meta":{"rootId":"u4jyb0q52j61uw0","id":"u4jyb0q52j61uw0"},"id":"v6z190mae0t3yia","previousOperationId":"gv8oks9xf388wbg"}
{"type":"log","timestamp":1771515492593,"level":"debug","message":"Page request: GET (image) https://paciolibucket.s3.us-east-2.amazonaws.com/orgs/c64b69f6759a43a1bc0ae31961876751/companies/logos/b6e6bbb3-4217-4336-88b7-161c9ce34ada_Applicorp%20Logo.png?X-Amz-Expires=600&X-Amz-Algorithm=AWS4-HMAC-SHA256&X-Amz-Credential=AKIAVYV5Z6T6UQ4ARWOC%2F20260219%2Fus-east-2%2Fs3%2Faws4_request&X-Amz-Date=20260219T153812Z&X-Amz-SignedHeaders=host&X-Amz-Signature=f750adfa7489fddf20c42313afbb4321160c94baa1f700181f92e283b855a457","meta":{"rootId":"u4jyb0q52j61uw0","id":"u4jyb0q52j61uw0"},"id":"mqejj2d9klhxn9r","previousOperationId":"gv8oks9xf388wbg"}
{"type":"log","timestamp":1771515492594,"level":"debug","message":"Page request finished: GET (document) 200 file:///tmp/jsreport/autocleanup/ea152022-cbac-4704-9406-7a266fb572e4-chrome-pdf.html","meta":{"rootId":"u4jyb0q52j61uw0","id":"u4jyb0q52j61uw0"},"id":"x34d74rituupwe3","previousOperationId":"gv8oks9xf388wbg"}
{"type":"log","timestamp":1771515493044,"level":"debug","message":"Page request finished: GET (image) 200 https://paciolibucket.s3.us-east-2.amazonaws.com/orgs/c64b69f6759a43a1bc0ae31961876751/companies/logos/b6e6bbb3-4217-4336-88b7-161c9ce34ada_Applicorp%20Logo.png?X-Amz-Expires=600&X-Amz-Algorithm=AWS4-HMAC-SHA256&X-Amz-Credential=AKIAVYV5Z6T6UQ4ARWOC%2F20260219%2Fus-east-2%2Fs3%2Faws4_request&X-Amz-Date=20260219T153812Z&X-Amz-SignedHeaders=host&X-Amz-Signature=f750adfa7489fddf20c42313afbb4321160c94baa1f700181f92e283b855a457","meta":{"rootId":"u4jyb0q52j61uw0","id":"u4jyb0q52j61uw0"},"id":"we84g2xdl6o796b","previousOperationId":"gv8oks9xf388wbg"}
{"type":"log","timestamp":1771515493046,"level":"debug","message":"Running chrome with params {\"printBackground\":true,\"timeout\":59932,\"margin\":{}}","meta":{"rootId":"u4jyb0q52j61uw0","id":"u4jyb0q52j61uw0"},"id":"jmojkzp7igp0drd","previousOperationId":"gv8oks9xf388wbg"}
{"type":"operationEnd","operationId":"gv8oks9xf388wbg","timestamp":1771515493343,"id":"jdzeccr3qaoqzz8","previousEventId":"cq4ufbnjn0qsl9z","previousOperationId":"gv8oks9xf388wbg"}
{"type":"log","timestamp":1771515493343,"level":"debug","message":"Skipping storing report.","meta":{"rootId":"u4jyb0q52j61uw0","id":"u4jyb0q52j61uw0"},"id":"zswrv20tm38hw5c","previousOperationId":"gv8oks9xf388wbg"}
{"type":"log","timestamp":1771515493343,"level":"info","message":"Rendering request 9 finished in 871 ms","meta":{"rootId":"u4jyb0q52j61uw0","id":"u4jyb0q52j61uw0"},"id":"29miks7cjtja59l","previousOperationId":"gv8oks9xf388wbg"}
{"type":"operationEnd","subtype":"render","operationId":"vqjf0a3iulxwsxo","timestamp":1771515493343,"id":"0yrlttkyhsj7not","previousEventId":"jdzeccr3qaoqzz8","previousOperationId":"gv8oks9xf388wbg"}
{"type":"operationEnd","doDiffs":false,"previousEventId":"3hhtbplgdtzibmn","previousOperationId":"6r3yzbzg9obbop2","operationId":"6r3yzbzg9obbop2","timestamp":1771515493345,"id":"b68fzt05fzc7mdj"}
