{"type":"operationStart","subtype":"profile","data":{"_id":"ohPsd1sNZK21pqrC","timestamp":"2026-02-18T01:25:01.351Z","state":"queued","mode":"standard","creationDate":"2026-02-18T01:25:01.355Z","modificationDate":"2026-02-18T01:25:01.355Z","shortid":"dadN_aM","$entitySet":"profiles"},"doDiffs":false,"timestamp":1771377901353,"id":"bm7w5uyw9dg1fef","previousOperationId":null,"operationId":"lhwl00wlnduwho2"}
{"type":"log","level":"info","message":"Render request 11 queued for execution and waiting for available worker","previousOperationId":"lhwl00wlnduwho2","timestamp":1771377901354,"id":"sziskymzg8ex0ps"}
{"type":"operationStart","subtype":"render","name":"trial-balance-v1","previousOperationId":"lhwl00wlnduwho2","timestamp":1771377901445,"id":"q7ejnualknxu1wy","previousEventId":"bm7w5uyw9dg1fef","operationId":"mt0g9asoyu7i6ed"}
{"type":"log","timestamp":1771377901447,"level":"info","message":"Starting rendering request 11","meta":{"rootId":"v8nwbyb5y7ejm95","id":"v8nwbyb5y7ejm95"},"id":"j7mr1btdmvg8bz7","previousOperationId":"mt0g9asoyu7i6ed"}
{"type":"log","timestamp":1771377901448,"level":"info","message":"Rendering template { name: trial-balance-v1, recipe: chrome-pdf, engine: handlebars, preview: true }","meta":{"rootId":"v8nwbyb5y7ejm95","id":"v8nwbyb5y7ejm95"},"id":"ir7jysvmzh2asuc","previousOperationId":"mt0g9asoyu7i6ed"}
{"type":"log","timestamp":1771377901450,"level":"debug","message":"Inline data specified.","meta":{"rootId":"v8nwbyb5y7ejm95","id":"v8nwbyb5y7ejm95"},"id":"bag8jj00vqj98hy","previousOperationId":"mt0g9asoyu7i6ed"}
{"type":"log","timestamp":1771377901454,"level":"debug","message":"Base url not specified, skipping its injection.","meta":{"rootId":"v8nwbyb5y7ejm95","id":"v8nwbyb5y7ejm95"},"id":"qrbkvw33l35zpne","previousOperationId":"mt0g9asoyu7i6ed"}
{"type":"operationStart","subtype":"engine","name":"handlebars","timestamp":1771377901457,"id":"hii7eggyurma9v6","previousEventId":"q7ejnualknxu1wy","operationId":"3fcfcs3wh9ktzu2","previousOperationId":"mt0g9asoyu7i6ed"}
{"type":"log","timestamp":1771377901459,"level":"debug","message":"Rendering engine handlebars","meta":{"rootId":"v8nwbyb5y7ejm95","id":"v8nwbyb5y7ejm95"},"id":"l33i6auvuh71315","previousOperationId":"3fcfcs3wh9ktzu2"}
{"type":"operationEnd","operationId":"3fcfcs3wh9ktzu2","timestamp":1771377901580,"id":"48wjtad4yi6zh07","previousEventId":"hii7eggyurma9v6","previousOperationId":"3fcfcs3wh9ktzu2"}
{"type":"operationStart","subtype":"recipe","name":"chrome-pdf","timestamp":1771377901580,"id":"1q0lly13bpiwkb0","previousEventId":"48wjtad4yi6zh07","operationId":"8ftjw10samvuujc","previousOperationId":"3fcfcs3wh9ktzu2"}
{"type":"log","timestamp":1771377901580,"level":"debug","message":"Executing recipe chrome-pdf","meta":{"rootId":"v8nwbyb5y7ejm95","id":"v8nwbyb5y7ejm95"},"id":"tzrqfzoi0ftuqxx","previousOperationId":"8ftjw10samvuujc"}
{"type":"log","timestamp":1771377901594,"level":"debug","message":"Converting with chrome Chrome/142.0.7444.175 using chrome-pool strategy","meta":{"rootId":"v8nwbyb5y7ejm95","id":"v8nwbyb5y7ejm95"},"id":"xicjc5otkqlc0j3","previousOperationId":"8ftjw10samvuujc"}
{"type":"log","timestamp":1771377901749,"level":"debug","message":"Page request: GET (document) file:///tmp/jsreport/autocleanup/6748852d-01d2-428a-983c-2aba8d098981-chrome-pdf.html","meta":{"rootId":"v8nwbyb5y7ejm95","id":"v8nwbyb5y7ejm95"},"id":"97tru1xb1ydk4ff","previousOperationId":"8ftjw10samvuujc"}
{"type":"log","timestamp":1771377901768,"level":"debug","message":"Page request finished: GET (document) 200 file:///tmp/jsreport/autocleanup/6748852d-01d2-428a-983c-2aba8d098981-chrome-pdf.html","meta":{"rootId":"v8nwbyb5y7ejm95","id":"v8nwbyb5y7ejm95"},"id":"8r65dooqy3psn1k","previousOperationId":"8ftjw10samvuujc"}
{"type":"log","timestamp":1771377901770,"level":"debug","message":"Page request: GET (image) https://paciolibucket.s3.us-east-2.amazonaws.com/orgs/c64b69f6759a43a1bc0ae31961876751/companies/logos/e9767ff4-7186-447f-a397-208ea6bbfdb8_ninosfelices.png?X-Amz-Expires=600&X-Amz-Algorithm=AWS4-HMAC-SHA256&X-Amz-Credential=AKIAVYV5Z6T6UQ4ARWOC%2F20260218%2Fus-east-2%2Fs3%2Faws4_request&X-Amz-Date=20260218T005607Z&X-Amz-SignedHeaders=host&X-Amz-Signature=fe2025156fb580da2cbbce218a5fff90e38d5fc1a4ae111db0c11e9a557be278","meta":{"rootId":"v8nwbyb5y7ejm95","id":"v8nwbyb5y7ejm95"},"id":"c2mrd9vxm1kkvy4","previousOperationId":"8ftjw10samvuujc"}
{"type":"log","timestamp":1771377901836,"level":"debug","message":"Page request finished: GET (image) 200 https://paciolibucket.s3.us-east-2.amazonaws.com/orgs/c64b69f6759a43a1bc0ae31961876751/companies/logos/e9767ff4-7186-447f-a397-208ea6bbfdb8_ninosfelices.png?X-Amz-Expires=600&X-Amz-Algorithm=AWS4-HMAC-SHA256&X-Amz-Credential=AKIAVYV5Z6T6UQ4ARWOC%2F20260218%2Fus-east-2%2Fs3%2Faws4_request&X-Amz-Date=20260218T005607Z&X-Amz-SignedHeaders=host&X-Amz-Signature=fe2025156fb580da2cbbce218a5fff90e38d5fc1a4ae111db0c11e9a557be278","meta":{"rootId":"v8nwbyb5y7ejm95","id":"v8nwbyb5y7ejm95"},"id":"od60ipr76axodgi","previousOperationId":"8ftjw10samvuujc"}
{"type":"log","timestamp":1771377901838,"level":"debug","message":"Running chrome with params {\"printBackground\":true,\"timeout\":59765,\"margin\":{}}","meta":{"rootId":"v8nwbyb5y7ejm95","id":"v8nwbyb5y7ejm95"},"id":"935rwdka4jx1toa","previousOperationId":"8ftjw10samvuujc"}
{"type":"operationEnd","operationId":"8ftjw10samvuujc","timestamp":1771377901910,"id":"x790i0k1ch7yc54","previousEventId":"1q0lly13bpiwkb0","previousOperationId":"8ftjw10samvuujc"}
{"type":"log","timestamp":1771377901910,"level":"debug","message":"Skipping storing report.","meta":{"rootId":"v8nwbyb5y7ejm95","id":"v8nwbyb5y7ejm95"},"id":"fiz9qlqbmgbds9l","previousOperationId":"8ftjw10samvuujc"}
{"type":"log","timestamp":1771377901910,"level":"info","message":"Rendering request 11 finished in 562 ms","meta":{"rootId":"v8nwbyb5y7ejm95","id":"v8nwbyb5y7ejm95"},"id":"87t8epn4id8w7ty","previousOperationId":"8ftjw10samvuujc"}
{"type":"operationEnd","subtype":"render","operationId":"mt0g9asoyu7i6ed","timestamp":1771377901910,"id":"wdgjczob1qrg379","previousEventId":"x790i0k1ch7yc54","previousOperationId":"8ftjw10samvuujc"}
{"type":"operationEnd","doDiffs":false,"previousEventId":"bm7w5uyw9dg1fef","previousOperationId":"lhwl00wlnduwho2","operationId":"lhwl00wlnduwho2","timestamp":1771377901913,"id":"r27ou8sr4jwteia"}
