{"type":"operationStart","subtype":"profile","data":{"_id":"J5yi8ieI56obDVje","timestamp":"2026-02-18T03:30:55.974Z","state":"queued","mode":"standard","creationDate":"2026-02-18T03:30:55.976Z","modificationDate":"2026-02-18T03:30:55.976Z","shortid":"VW2ig33","$entitySet":"profiles"},"doDiffs":false,"timestamp":1771385455975,"id":"00phb07tfjs5oer","previousOperationId":null,"operationId":"peodjioi3itydzl"}
{"type":"log","level":"info","message":"Render request 45 queued for execution and waiting for available worker","previousOperationId":"peodjioi3itydzl","timestamp":1771385455975,"id":"5bpm6cwx54p617d"}
{"type":"operationStart","subtype":"render","name":"trial-balance-v1","previousOperationId":"peodjioi3itydzl","timestamp":1771385456153,"id":"inmwe86hmagxfld","previousEventId":"00phb07tfjs5oer","operationId":"a0exuq2ekarx0j5"}
{"type":"log","timestamp":1771385456154,"level":"info","message":"Starting rendering request 45","meta":{"rootId":"w9s1iujenz3fypc","id":"w9s1iujenz3fypc"},"id":"zsquz5xua1cmqth","previousOperationId":"a0exuq2ekarx0j5"}
{"type":"log","timestamp":1771385456155,"level":"info","message":"Rendering template { name: trial-balance-v1, recipe: chrome-pdf, engine: handlebars, preview: false }","meta":{"rootId":"w9s1iujenz3fypc","id":"w9s1iujenz3fypc"},"id":"htngy69v7w2vkcy","previousOperationId":"a0exuq2ekarx0j5"}
{"type":"log","timestamp":1771385456158,"level":"debug","message":"Inline data specified.","meta":{"rootId":"w9s1iujenz3fypc","id":"w9s1iujenz3fypc"},"id":"3ed4355j2m15g9v","previousOperationId":"a0exuq2ekarx0j5"}
{"type":"log","timestamp":1771385456165,"level":"debug","message":"Base url not specified, skipping its injection.","meta":{"rootId":"w9s1iujenz3fypc","id":"w9s1iujenz3fypc"},"id":"keoei0toftql91o","previousOperationId":"a0exuq2ekarx0j5"}
{"type":"operationStart","subtype":"engine","name":"handlebars","timestamp":1771385456167,"id":"ncwgqeoa7ufj01o","previousEventId":"inmwe86hmagxfld","operationId":"q4xi3tot6cuqu38","previousOperationId":"a0exuq2ekarx0j5"}
{"type":"log","timestamp":1771385456167,"level":"debug","message":"Rendering engine handlebars","meta":{"rootId":"w9s1iujenz3fypc","id":"w9s1iujenz3fypc"},"id":"3c34rcqr3cgtduw","previousOperationId":"q4xi3tot6cuqu38"}
{"type":"operationEnd","operationId":"q4xi3tot6cuqu38","timestamp":1771385456197,"id":"9334b6liiffp1jd","previousEventId":"ncwgqeoa7ufj01o","previousOperationId":"q4xi3tot6cuqu38"}
{"type":"operationStart","subtype":"recipe","name":"chrome-pdf","timestamp":1771385456198,"id":"hyw92zp5gf5uvbx","previousEventId":"9334b6liiffp1jd","operationId":"w984u6qvvpu8htj","previousOperationId":"q4xi3tot6cuqu38"}
{"type":"log","timestamp":1771385456198,"level":"debug","message":"Executing recipe chrome-pdf","meta":{"rootId":"w9s1iujenz3fypc","id":"w9s1iujenz3fypc"},"id":"zg8ek5230gsfrxj","previousOperationId":"w984u6qvvpu8htj"}
{"type":"log","timestamp":1771385456205,"level":"debug","message":"Converting with chrome Chrome/142.0.7444.175 using chrome-pool strategy","meta":{"rootId":"w9s1iujenz3fypc","id":"w9s1iujenz3fypc"},"id":"ieok4tyd0zcblj7","previousOperationId":"w984u6qvvpu8htj"}
{"type":"log","timestamp":1771385456282,"level":"debug","message":"Page request: GET (document) file:///tmp/jsreport/autocleanup/1cffab39-1de9-48c9-8e45-41fb0aa549f0-chrome-pdf.html","meta":{"rootId":"w9s1iujenz3fypc","id":"w9s1iujenz3fypc"},"id":"xea3gty816b7cab","previousOperationId":"w984u6qvvpu8htj"}
{"type":"log","timestamp":1771385456295,"level":"debug","message":"Page request finished: GET (document) 200 file:///tmp/jsreport/autocleanup/1cffab39-1de9-48c9-8e45-41fb0aa549f0-chrome-pdf.html","meta":{"rootId":"w9s1iujenz3fypc","id":"w9s1iujenz3fypc"},"id":"5t3idyo5mu7skgt","previousOperationId":"w984u6qvvpu8htj"}
{"type":"log","timestamp":1771385456297,"level":"debug","message":"Page request: GET (image) https://paciolibucket.s3.us-east-2.amazonaws.com/orgs/c64b69f6759a43a1bc0ae31961876751/companies/logos/e9767ff4-7186-447f-a397-208ea6bbfdb8_ninosfelices.png?X-Amz-Expires=600&X-Amz-Algorithm=AWS4-HMAC-SHA256&X-Amz-Credential=AKIAVYV5Z6T6UQ4ARWOC%2F20260218%2Fus-east-2%2Fs3%2Faws4_request&X-Amz-Date=20260218T033055Z&X-Amz-SignedHeaders=host&X-Amz-Signature=6232f539ea5cff354d9ca167cb43449702f5cad4107dbab1d497eb713b365ed9","meta":{"rootId":"w9s1iujenz3fypc","id":"w9s1iujenz3fypc"},"id":"85kxm7sp82i31m2","previousOperationId":"w984u6qvvpu8htj"}
{"type":"log","timestamp":1771385456850,"level":"debug","message":"Page request finished: GET (image) 200 https://paciolibucket.s3.us-east-2.amazonaws.com/orgs/c64b69f6759a43a1bc0ae31961876751/companies/logos/e9767ff4-7186-447f-a397-208ea6bbfdb8_ninosfelices.png?X-Amz-Expires=600&X-Amz-Algorithm=AWS4-HMAC-SHA256&X-Amz-Credential=AKIAVYV5Z6T6UQ4ARWOC%2F20260218%2Fus-east-2%2Fs3%2Faws4_request&X-Amz-Date=20260218T033055Z&X-Amz-SignedHeaders=host&X-Amz-Signature=6232f539ea5cff354d9ca167cb43449702f5cad4107dbab1d497eb713b365ed9","meta":{"rootId":"w9s1iujenz3fypc","id":"w9s1iujenz3fypc"},"id":"agvr2ceyolr37gn","previousOperationId":"w984u6qvvpu8htj"}
{"type":"log","timestamp":1771385456852,"level":"debug","message":"Running chrome with params {\"printBackground\":true,\"timeout\":59774,\"margin\":{}}","meta":{"rootId":"w9s1iujenz3fypc","id":"w9s1iujenz3fypc"},"id":"h4u6hoxxs2b9x78","previousOperationId":"w984u6qvvpu8htj"}
{"type":"operationEnd","operationId":"w984u6qvvpu8htj","timestamp":1771385456921,"id":"l8us3p0azxvpm0i","previousEventId":"hyw92zp5gf5uvbx","previousOperationId":"w984u6qvvpu8htj"}
{"type":"log","timestamp":1771385456921,"level":"debug","message":"Skipping storing report.","meta":{"rootId":"w9s1iujenz3fypc","id":"w9s1iujenz3fypc"},"id":"x9qgo5lohos2plv","previousOperationId":"w984u6qvvpu8htj"}
{"type":"log","timestamp":1771385456921,"level":"info","message":"Rendering request 45 finished in 947 ms","meta":{"rootId":"w9s1iujenz3fypc","id":"w9s1iujenz3fypc"},"id":"a4fzx6sejsfcjq1","previousOperationId":"w984u6qvvpu8htj"}
{"type":"operationEnd","subtype":"render","operationId":"a0exuq2ekarx0j5","timestamp":1771385456921,"id":"ohheu28fb42bjqy","previousEventId":"l8us3p0azxvpm0i","previousOperationId":"w984u6qvvpu8htj"}
{"type":"operationEnd","doDiffs":false,"previousEventId":"00phb07tfjs5oer","previousOperationId":"peodjioi3itydzl","operationId":"peodjioi3itydzl","timestamp":1771385456922,"id":"ubojicet0jag3f0"}
