{"type":"operationStart","subtype":"profile","data":{"_id":"goUXf7Qaxwto46gN","timestamp":"2026-03-01T15:50:17.212Z","state":"queued","mode":"standard","creationDate":"2026-03-01T15:50:17.215Z","modificationDate":"2026-03-01T15:50:17.215Z","shortid":"x7Vwkps","$entitySet":"profiles"},"doDiffs":false,"timestamp":1772380217214,"id":"i6vyanieuxrukvu","previousOperationId":null,"operationId":"jaigbc2s8f7avaj"}
{"type":"log","level":"info","message":"Render request 1 queued for execution and waiting for available worker","previousOperationId":"jaigbc2s8f7avaj","timestamp":1772380217214,"id":"up3s232l2iq0w54"}
{"type":"operationStart","subtype":"render","name":"trial-balance-v1","previousOperationId":"jaigbc2s8f7avaj","timestamp":1772380217287,"id":"357cc0d6r0tp992","previousEventId":"i6vyanieuxrukvu","operationId":"2n94kvq3a9bynxt"}
{"type":"log","timestamp":1772380217288,"level":"info","message":"Starting rendering request 1","meta":{"rootId":"wn0xt80x6920nib","id":"wn0xt80x6920nib"},"id":"jtj2sqwmzbnqwux","previousOperationId":"2n94kvq3a9bynxt"}
{"type":"log","timestamp":1772380217288,"level":"info","message":"Rendering template { name: trial-balance-v1, recipe: chrome-pdf, engine: handlebars, preview: false }","meta":{"rootId":"wn0xt80x6920nib","id":"wn0xt80x6920nib"},"id":"dsrlkv828499ntl","previousOperationId":"2n94kvq3a9bynxt"}
{"type":"log","timestamp":1772380217291,"level":"debug","message":"Inline data specified.","meta":{"rootId":"wn0xt80x6920nib","id":"wn0xt80x6920nib"},"id":"tp17d31ub8s3i6l","previousOperationId":"2n94kvq3a9bynxt"}
{"type":"log","timestamp":1772380217296,"level":"debug","message":"Base url not specified, skipping its injection.","meta":{"rootId":"wn0xt80x6920nib","id":"wn0xt80x6920nib"},"id":"i85kja2u7vsvf4x","previousOperationId":"2n94kvq3a9bynxt"}
{"type":"operationStart","subtype":"engine","name":"handlebars","timestamp":1772380217297,"id":"iwp9ndmu9enxnv1","previousEventId":"357cc0d6r0tp992","operationId":"28vqsaztivsin81","previousOperationId":"2n94kvq3a9bynxt"}
{"type":"log","timestamp":1772380217297,"level":"debug","message":"Rendering engine handlebars","meta":{"rootId":"wn0xt80x6920nib","id":"wn0xt80x6920nib"},"id":"a8io7m99sqpobsr","previousOperationId":"28vqsaztivsin81"}
{"type":"operationEnd","operationId":"28vqsaztivsin81","timestamp":1772380217916,"id":"4ir2k7gdsmwdkp1","previousEventId":"iwp9ndmu9enxnv1","previousOperationId":"28vqsaztivsin81"}
{"type":"operationStart","subtype":"recipe","name":"chrome-pdf","timestamp":1772380217919,"id":"ore2no9v8f5yzmv","previousEventId":"4ir2k7gdsmwdkp1","operationId":"m7djre3f7nemgdm","previousOperationId":"28vqsaztivsin81"}
{"type":"log","timestamp":1772380217920,"level":"debug","message":"Executing recipe chrome-pdf","meta":{"rootId":"wn0xt80x6920nib","id":"wn0xt80x6920nib"},"id":"8x3pa7n644b7qae","previousOperationId":"m7djre3f7nemgdm"}
{"type":"log","timestamp":1772380219088,"level":"debug","message":"Converting with chrome Chrome/142.0.7444.175 using chrome-pool strategy","meta":{"rootId":"wn0xt80x6920nib","id":"wn0xt80x6920nib"},"id":"ewnvc0bk32jfpt2","previousOperationId":"m7djre3f7nemgdm"}
{"type":"log","timestamp":1772380219237,"level":"debug","message":"Page request: GET (document) file:///tmp/jsreport/autocleanup/a81b5bb1-0dbb-471f-967a-f18544627470-chrome-pdf.html","meta":{"rootId":"wn0xt80x6920nib","id":"wn0xt80x6920nib"},"id":"hsq4bq3hwpe762h","previousOperationId":"m7djre3f7nemgdm"}
{"type":"log","timestamp":1772380219263,"level":"debug","message":"Page request finished: GET (document) 200 file:///tmp/jsreport/autocleanup/a81b5bb1-0dbb-471f-967a-f18544627470-chrome-pdf.html","meta":{"rootId":"wn0xt80x6920nib","id":"wn0xt80x6920nib"},"id":"fwlut03svc6go1y","previousOperationId":"m7djre3f7nemgdm"}
{"type":"log","timestamp":1772380219264,"level":"debug","message":"Page request: GET (image) https://paciolibucket.s3.us-east-2.amazonaws.com/orgs/c64b69f6759a43a1bc0ae31961876751/companies/logos/b6e6bbb3-4217-4336-88b7-161c9ce34ada_Applicorp%20Logo.png?X-Amz-Expires=600&X-Amz-Algorithm=AWS4-HMAC-SHA256&X-Amz-Credential=AKIAVYV5Z6T6UQ4ARWOC%2F20260301%2Fus-east-2%2Fs3%2Faws4_request&X-Amz-Date=20260301T155016Z&X-Amz-SignedHeaders=host&X-Amz-Signature=bfeff967ab98be02da3057206890e1186503b3a57ae0a5a15ba044d48ff6db9b","meta":{"rootId":"wn0xt80x6920nib","id":"wn0xt80x6920nib"},"id":"hylam6hpvg7mhm3","previousOperationId":"m7djre3f7nemgdm"}
{"type":"log","timestamp":1772380219747,"level":"debug","message":"Page request finished: GET (image) 200 https://paciolibucket.s3.us-east-2.amazonaws.com/orgs/c64b69f6759a43a1bc0ae31961876751/companies/logos/b6e6bbb3-4217-4336-88b7-161c9ce34ada_Applicorp%20Logo.png?X-Amz-Expires=600&X-Amz-Algorithm=AWS4-HMAC-SHA256&X-Amz-Credential=AKIAVYV5Z6T6UQ4ARWOC%2F20260301%2Fus-east-2%2Fs3%2Faws4_request&X-Amz-Date=20260301T155016Z&X-Amz-SignedHeaders=host&X-Amz-Signature=bfeff967ab98be02da3057206890e1186503b3a57ae0a5a15ba044d48ff6db9b","meta":{"rootId":"wn0xt80x6920nib","id":"wn0xt80x6920nib"},"id":"3xlkt0m8znb0z2y","previousOperationId":"m7djre3f7nemgdm"}
{"type":"log","timestamp":1772380219757,"level":"debug","message":"Running chrome with params {\"printBackground\":true,\"timeout\":59287,\"margin\":{}}","meta":{"rootId":"wn0xt80x6920nib","id":"wn0xt80x6920nib"},"id":"mayxadz47nds2y2","previousOperationId":"m7djre3f7nemgdm"}
{"type":"operationEnd","operationId":"m7djre3f7nemgdm","timestamp":1772380220153,"id":"avq3l3d7tb1c7m5","previousEventId":"ore2no9v8f5yzmv","previousOperationId":"m7djre3f7nemgdm"}
{"type":"log","timestamp":1772380220153,"level":"debug","message":"Skipping storing report.","meta":{"rootId":"wn0xt80x6920nib","id":"wn0xt80x6920nib"},"id":"ip8xxcl2nfdx1z3","previousOperationId":"m7djre3f7nemgdm"}
{"type":"log","timestamp":1772380220153,"level":"info","message":"Rendering request 1 finished in 2941 ms","meta":{"rootId":"wn0xt80x6920nib","id":"wn0xt80x6920nib"},"id":"rlsrvgrpqorn8j5","previousOperationId":"m7djre3f7nemgdm"}
{"type":"operationEnd","subtype":"render","operationId":"2n94kvq3a9bynxt","timestamp":1772380220153,"id":"3rx54xkmv8winhg","previousEventId":"avq3l3d7tb1c7m5","previousOperationId":"m7djre3f7nemgdm"}
{"type":"operationEnd","doDiffs":false,"previousEventId":"i6vyanieuxrukvu","previousOperationId":"jaigbc2s8f7avaj","operationId":"jaigbc2s8f7avaj","timestamp":1772380220155,"id":"pk4g7gy1yv7ltlx"}
