{"type":"operationStart","subtype":"profile","data":{"_id":"xIIJfQ6yh0bCkP3f","timestamp":"2026-02-19T15:38:38.807Z","state":"queued","mode":"standard","creationDate":"2026-02-19T15:38:38.811Z","modificationDate":"2026-02-19T15:38:38.811Z","shortid":"IQOvSWr","$entitySet":"profiles"},"doDiffs":false,"timestamp":1771515518811,"id":"g7o37r5yvvb1mt0","previousOperationId":null,"operationId":"k49dmqkv7x5brvx"}
{"type":"log","level":"info","message":"Render request 10 queued for execution and waiting for available worker","previousOperationId":"k49dmqkv7x5brvx","timestamp":1771515518811,"id":"bp2df0ihd71pux8"}
{"type":"operationStart","subtype":"render","name":"trial-balance-v1","previousOperationId":"k49dmqkv7x5brvx","timestamp":1771515518856,"id":"o7swpssti8i6ii3","previousEventId":"g7o37r5yvvb1mt0","operationId":"i8u8hntij8yjxze"}
{"type":"log","timestamp":1771515518856,"level":"info","message":"Starting rendering request 10","meta":{"rootId":"xkhgrj34qywv2mv","id":"xkhgrj34qywv2mv"},"id":"wzhv9g7k2t7slrf","previousOperationId":"i8u8hntij8yjxze"}
{"type":"log","timestamp":1771515518856,"level":"info","message":"Rendering template { name: trial-balance-v1, recipe: chrome-pdf, engine: handlebars, preview: false }","meta":{"rootId":"xkhgrj34qywv2mv","id":"xkhgrj34qywv2mv"},"id":"2xlr7tbfk9gogdv","previousOperationId":"i8u8hntij8yjxze"}
{"type":"log","timestamp":1771515518858,"level":"debug","message":"Inline data specified.","meta":{"rootId":"xkhgrj34qywv2mv","id":"xkhgrj34qywv2mv"},"id":"mm5wq7m39x6pve7","previousOperationId":"i8u8hntij8yjxze"}
{"type":"log","timestamp":1771515518860,"level":"debug","message":"Base url not specified, skipping its injection.","meta":{"rootId":"xkhgrj34qywv2mv","id":"xkhgrj34qywv2mv"},"id":"lulsmhd70epp9te","previousOperationId":"i8u8hntij8yjxze"}
{"type":"operationStart","subtype":"engine","name":"handlebars","timestamp":1771515518860,"id":"v6xaiul1rncbvig","previousEventId":"o7swpssti8i6ii3","operationId":"8l5scczl44lh14a","previousOperationId":"i8u8hntij8yjxze"}
{"type":"log","timestamp":1771515518860,"level":"debug","message":"Rendering engine handlebars","meta":{"rootId":"xkhgrj34qywv2mv","id":"xkhgrj34qywv2mv"},"id":"25tvjp6775yhuh1","previousOperationId":"8l5scczl44lh14a"}
{"type":"operationEnd","operationId":"8l5scczl44lh14a","timestamp":1771515518872,"id":"lspekwpis54bmsm","previousEventId":"v6xaiul1rncbvig","previousOperationId":"8l5scczl44lh14a"}
{"type":"operationStart","subtype":"recipe","name":"chrome-pdf","timestamp":1771515518875,"id":"23n7twdg2kc61p7","previousEventId":"lspekwpis54bmsm","operationId":"d4ivwedgi54pj58","previousOperationId":"8l5scczl44lh14a"}
{"type":"log","timestamp":1771515518875,"level":"debug","message":"Executing recipe chrome-pdf","meta":{"rootId":"xkhgrj34qywv2mv","id":"xkhgrj34qywv2mv"},"id":"188bpzqgvw4d5q4","previousOperationId":"d4ivwedgi54pj58"}
{"type":"log","timestamp":1771515518878,"level":"debug","message":"Converting with chrome Chrome/142.0.7444.175 using chrome-pool strategy","meta":{"rootId":"xkhgrj34qywv2mv","id":"xkhgrj34qywv2mv"},"id":"0rmg1azvs3x1ctc","previousOperationId":"d4ivwedgi54pj58"}
{"type":"log","timestamp":1771515518911,"level":"debug","message":"Page request: GET (document) file:///tmp/jsreport/autocleanup/aae6ecd8-66d8-4a09-8e50-4313cf53eab7-chrome-pdf.html","meta":{"rootId":"xkhgrj34qywv2mv","id":"xkhgrj34qywv2mv"},"id":"aip2268s4ctviwb","previousOperationId":"d4ivwedgi54pj58"}
{"type":"log","timestamp":1771515518922,"level":"debug","message":"Page request: GET (image) https://paciolibucket.s3.us-east-2.amazonaws.com/orgs/c64b69f6759a43a1bc0ae31961876751/companies/logos/b6e6bbb3-4217-4336-88b7-161c9ce34ada_Applicorp%20Logo.png?X-Amz-Expires=600&X-Amz-Algorithm=AWS4-HMAC-SHA256&X-Amz-Credential=AKIAVYV5Z6T6UQ4ARWOC%2F20260219%2Fus-east-2%2Fs3%2Faws4_request&X-Amz-Date=20260219T153838Z&X-Amz-SignedHeaders=host&X-Amz-Signature=013c68aa28aeb7695111745432d8f55213c64d5e37a1b863de6d379c13da37d5","meta":{"rootId":"xkhgrj34qywv2mv","id":"xkhgrj34qywv2mv"},"id":"jcjp3l8d2m1xn0s","previousOperationId":"d4ivwedgi54pj58"}
{"type":"log","timestamp":1771515518922,"level":"debug","message":"Page request finished: GET (document) 200 file:///tmp/jsreport/autocleanup/aae6ecd8-66d8-4a09-8e50-4313cf53eab7-chrome-pdf.html","meta":{"rootId":"xkhgrj34qywv2mv","id":"xkhgrj34qywv2mv"},"id":"rcr2gops7yuy7et","previousOperationId":"d4ivwedgi54pj58"}
{"type":"log","timestamp":1771515519332,"level":"debug","message":"Page request finished: GET (image) 200 https://paciolibucket.s3.us-east-2.amazonaws.com/orgs/c64b69f6759a43a1bc0ae31961876751/companies/logos/b6e6bbb3-4217-4336-88b7-161c9ce34ada_Applicorp%20Logo.png?X-Amz-Expires=600&X-Amz-Algorithm=AWS4-HMAC-SHA256&X-Amz-Credential=AKIAVYV5Z6T6UQ4ARWOC%2F20260219%2Fus-east-2%2Fs3%2Faws4_request&X-Amz-Date=20260219T153838Z&X-Amz-SignedHeaders=host&X-Amz-Signature=013c68aa28aeb7695111745432d8f55213c64d5e37a1b863de6d379c13da37d5","meta":{"rootId":"xkhgrj34qywv2mv","id":"xkhgrj34qywv2mv"},"id":"leaeu4fin84e0ma","previousOperationId":"d4ivwedgi54pj58"}
{"type":"log","timestamp":1771515519337,"level":"debug","message":"Running chrome with params {\"printBackground\":true,\"timeout\":59930,\"margin\":{}}","meta":{"rootId":"xkhgrj34qywv2mv","id":"xkhgrj34qywv2mv"},"id":"ktmc4j9uo52dewd","previousOperationId":"d4ivwedgi54pj58"}
{"type":"operationEnd","operationId":"d4ivwedgi54pj58","timestamp":1771515519633,"id":"nxsyv60np9myvis","previousEventId":"23n7twdg2kc61p7","previousOperationId":"d4ivwedgi54pj58"}
{"type":"log","timestamp":1771515519634,"level":"debug","message":"Skipping storing report.","meta":{"rootId":"xkhgrj34qywv2mv","id":"xkhgrj34qywv2mv"},"id":"us7ehp8lzm401u9","previousOperationId":"d4ivwedgi54pj58"}
{"type":"log","timestamp":1771515519634,"level":"info","message":"Rendering request 10 finished in 827 ms","meta":{"rootId":"xkhgrj34qywv2mv","id":"xkhgrj34qywv2mv"},"id":"wpz03wmskfipgqa","previousOperationId":"d4ivwedgi54pj58"}
{"type":"operationEnd","subtype":"render","operationId":"i8u8hntij8yjxze","timestamp":1771515519634,"id":"291xxcilb4q8j3b","previousEventId":"nxsyv60np9myvis","previousOperationId":"d4ivwedgi54pj58"}
{"type":"operationEnd","doDiffs":false,"previousEventId":"g7o37r5yvvb1mt0","previousOperationId":"k49dmqkv7x5brvx","operationId":"k49dmqkv7x5brvx","timestamp":1771515519634,"id":"45cemta5lbxcn1o"}
