{"type":"operationStart","subtype":"profile","data":{"_id":"O4MJRWBHDr229Rl0","timestamp":"2026-02-19T15:37:11.559Z","state":"queued","mode":"standard","creationDate":"2026-02-19T15:37:11.560Z","modificationDate":"2026-02-19T15:37:11.560Z","shortid":"bOvmT_0","$entitySet":"profiles"},"doDiffs":false,"timestamp":1771515431559,"id":"bxjrgqbkqutohsa","previousOperationId":null,"operationId":"37mx7eyo3jiypsc"}
{"type":"log","level":"info","message":"Render request 7 queued for execution and waiting for available worker","previousOperationId":"37mx7eyo3jiypsc","timestamp":1771515431559,"id":"hwgvjw17c7ucahd"}
{"type":"operationStart","subtype":"render","name":"trial-balance-v1","previousOperationId":"37mx7eyo3jiypsc","timestamp":1771515431619,"id":"5j976i0kgswlov2","previousEventId":"bxjrgqbkqutohsa","operationId":"qlqvqtgroorfrt4"}
{"type":"log","timestamp":1771515431619,"level":"info","message":"Starting rendering request 7","meta":{"rootId":"xwwd6k8g1q71dg7","id":"xwwd6k8g1q71dg7"},"id":"bbzo318r998zvie","previousOperationId":"qlqvqtgroorfrt4"}
{"type":"log","timestamp":1771515431619,"level":"info","message":"Rendering template { name: trial-balance-v1, recipe: chrome-pdf, engine: handlebars, preview: false }","meta":{"rootId":"xwwd6k8g1q71dg7","id":"xwwd6k8g1q71dg7"},"id":"q671ajz92swm9t4","previousOperationId":"qlqvqtgroorfrt4"}
{"type":"log","timestamp":1771515431620,"level":"debug","message":"Inline data specified.","meta":{"rootId":"xwwd6k8g1q71dg7","id":"xwwd6k8g1q71dg7"},"id":"lypxp6vl7o23ogp","previousOperationId":"qlqvqtgroorfrt4"}
{"type":"log","timestamp":1771515431622,"level":"debug","message":"Base url not specified, skipping its injection.","meta":{"rootId":"xwwd6k8g1q71dg7","id":"xwwd6k8g1q71dg7"},"id":"lltb078vm0wminz","previousOperationId":"qlqvqtgroorfrt4"}
{"type":"operationStart","subtype":"engine","name":"handlebars","timestamp":1771515431623,"id":"l9121wnmean8pmv","previousEventId":"5j976i0kgswlov2","operationId":"sj9bb3co07xtexr","previousOperationId":"qlqvqtgroorfrt4"}
{"type":"log","timestamp":1771515431623,"level":"debug","message":"Rendering engine handlebars","meta":{"rootId":"xwwd6k8g1q71dg7","id":"xwwd6k8g1q71dg7"},"id":"uzmds24bcu8lu4n","previousOperationId":"sj9bb3co07xtexr"}
{"type":"operationEnd","operationId":"sj9bb3co07xtexr","timestamp":1771515431645,"id":"8dtwweagj2vmjzz","previousEventId":"l9121wnmean8pmv","previousOperationId":"sj9bb3co07xtexr"}
{"type":"operationStart","subtype":"recipe","name":"chrome-pdf","timestamp":1771515431649,"id":"1y86ol86emwle8z","previousEventId":"8dtwweagj2vmjzz","operationId":"tzgcwcd6apje7um","previousOperationId":"sj9bb3co07xtexr"}
{"type":"log","timestamp":1771515431649,"level":"debug","message":"Executing recipe chrome-pdf","meta":{"rootId":"xwwd6k8g1q71dg7","id":"xwwd6k8g1q71dg7"},"id":"rt2gfn8lljz4du2","previousOperationId":"tzgcwcd6apje7um"}
{"type":"log","timestamp":1771515431651,"level":"debug","message":"Converting with chrome Chrome/142.0.7444.175 using chrome-pool strategy","meta":{"rootId":"xwwd6k8g1q71dg7","id":"xwwd6k8g1q71dg7"},"id":"9i5jksnjcdy7sv9","previousOperationId":"tzgcwcd6apje7um"}
{"type":"log","timestamp":1771515431691,"level":"debug","message":"Page request: GET (document) file:///tmp/jsreport/autocleanup/476b4433-b897-44b0-9dde-18d458b74900-chrome-pdf.html","meta":{"rootId":"xwwd6k8g1q71dg7","id":"xwwd6k8g1q71dg7"},"id":"2peg03h4mevnd52","previousOperationId":"tzgcwcd6apje7um"}
{"type":"log","timestamp":1771515431702,"level":"debug","message":"Page request: GET (image) https://paciolibucket.s3.us-east-2.amazonaws.com/orgs/c64b69f6759a43a1bc0ae31961876751/companies/logos/b6e6bbb3-4217-4336-88b7-161c9ce34ada_Applicorp%20Logo.png?X-Amz-Expires=600&X-Amz-Algorithm=AWS4-HMAC-SHA256&X-Amz-Credential=AKIAVYV5Z6T6UQ4ARWOC%2F20260219%2Fus-east-2%2Fs3%2Faws4_request&X-Amz-Date=20260219T153711Z&X-Amz-SignedHeaders=host&X-Amz-Signature=e574303a3ad9102910db6fce61c30ca695245e336b698a2f473e606b0b57509d","meta":{"rootId":"xwwd6k8g1q71dg7","id":"xwwd6k8g1q71dg7"},"id":"5hchwpoion1oml9","previousOperationId":"tzgcwcd6apje7um"}
{"type":"log","timestamp":1771515431702,"level":"debug","message":"Page request finished: GET (document) 200 file:///tmp/jsreport/autocleanup/476b4433-b897-44b0-9dde-18d458b74900-chrome-pdf.html","meta":{"rootId":"xwwd6k8g1q71dg7","id":"xwwd6k8g1q71dg7"},"id":"y5np71nfhryvcp0","previousOperationId":"tzgcwcd6apje7um"}
{"type":"log","timestamp":1771515432149,"level":"debug","message":"Page request finished: GET (image) 200 https://paciolibucket.s3.us-east-2.amazonaws.com/orgs/c64b69f6759a43a1bc0ae31961876751/companies/logos/b6e6bbb3-4217-4336-88b7-161c9ce34ada_Applicorp%20Logo.png?X-Amz-Expires=600&X-Amz-Algorithm=AWS4-HMAC-SHA256&X-Amz-Credential=AKIAVYV5Z6T6UQ4ARWOC%2F20260219%2Fus-east-2%2Fs3%2Faws4_request&X-Amz-Date=20260219T153711Z&X-Amz-SignedHeaders=host&X-Amz-Signature=e574303a3ad9102910db6fce61c30ca695245e336b698a2f473e606b0b57509d","meta":{"rootId":"xwwd6k8g1q71dg7","id":"xwwd6k8g1q71dg7"},"id":"8yonts24sbc269q","previousOperationId":"tzgcwcd6apje7um"}
{"type":"log","timestamp":1771515432152,"level":"debug","message":"Running chrome with params {\"printBackground\":true,\"timeout\":59908,\"margin\":{}}","meta":{"rootId":"xwwd6k8g1q71dg7","id":"xwwd6k8g1q71dg7"},"id":"pwm099yimmsfyjl","previousOperationId":"tzgcwcd6apje7um"}
{"type":"operationEnd","operationId":"tzgcwcd6apje7um","timestamp":1771515432442,"id":"h39elqww3jw4het","previousEventId":"1y86ol86emwle8z","previousOperationId":"tzgcwcd6apje7um"}
{"type":"log","timestamp":1771515432442,"level":"debug","message":"Skipping storing report.","meta":{"rootId":"xwwd6k8g1q71dg7","id":"xwwd6k8g1q71dg7"},"id":"9utu6l8k2a6qk2u","previousOperationId":"tzgcwcd6apje7um"}
{"type":"log","timestamp":1771515432442,"level":"info","message":"Rendering request 7 finished in 884 ms","meta":{"rootId":"xwwd6k8g1q71dg7","id":"xwwd6k8g1q71dg7"},"id":"nbekawfbrfnd9bn","previousOperationId":"tzgcwcd6apje7um"}
{"type":"operationEnd","subtype":"render","operationId":"qlqvqtgroorfrt4","timestamp":1771515432442,"id":"d93cl82jpkn7od1","previousEventId":"h39elqww3jw4het","previousOperationId":"tzgcwcd6apje7um"}
{"type":"operationEnd","doDiffs":false,"previousEventId":"bxjrgqbkqutohsa","previousOperationId":"37mx7eyo3jiypsc","operationId":"37mx7eyo3jiypsc","timestamp":1771515432443,"id":"alhndx91wfp0drt"}
