{"type":"operationStart","subtype":"profile","data":{"_id":"Zc5Fqd7lTzVOirVn","timestamp":"2026-02-19T15:35:38.331Z","state":"queued","mode":"standard","creationDate":"2026-02-19T15:35:38.336Z","modificationDate":"2026-02-19T15:35:38.336Z","shortid":"B-BePSf","$entitySet":"profiles"},"doDiffs":false,"timestamp":1771515338334,"id":"kqwxws1ffum6oli","previousOperationId":null,"operationId":"ms4re1ey5xevuvo"}
{"type":"log","level":"info","message":"Render request 4 queued for execution and waiting for available worker","previousOperationId":"ms4re1ey5xevuvo","timestamp":1771515338334,"id":"mzepapgbiayx8wp"}
{"type":"operationStart","subtype":"render","name":"trial-balance-v1","previousOperationId":"ms4re1ey5xevuvo","timestamp":1771515338417,"id":"oy6nilvejhp704q","previousEventId":"kqwxws1ffum6oli","operationId":"ka39x3zmtfeg2t2"}
{"type":"log","timestamp":1771515338419,"level":"info","message":"Starting rendering request 4","meta":{"rootId":"yb5da0iorbq0qcq","id":"yb5da0iorbq0qcq"},"id":"ni32mrisn8ckig8","previousOperationId":"ka39x3zmtfeg2t2"}
{"type":"log","timestamp":1771515338421,"level":"info","message":"Rendering template { name: trial-balance-v1, recipe: chrome-pdf, engine: handlebars, preview: false }","meta":{"rootId":"yb5da0iorbq0qcq","id":"yb5da0iorbq0qcq"},"id":"zpkrpiyrstr2w17","previousOperationId":"ka39x3zmtfeg2t2"}
{"type":"log","timestamp":1771515338425,"level":"debug","message":"Inline data specified.","meta":{"rootId":"yb5da0iorbq0qcq","id":"yb5da0iorbq0qcq"},"id":"wt5bgwfg1l7186x","previousOperationId":"ka39x3zmtfeg2t2"}
{"type":"log","timestamp":1771515338476,"level":"debug","message":"Base url not specified, skipping its injection.","meta":{"rootId":"yb5da0iorbq0qcq","id":"yb5da0iorbq0qcq"},"id":"bwmkk9jwhwtlqx6","previousOperationId":"ka39x3zmtfeg2t2"}
{"type":"operationStart","subtype":"engine","name":"handlebars","timestamp":1771515338479,"id":"0exm30fobeq3gj9","previousEventId":"oy6nilvejhp704q","operationId":"dcead4e0fgsqxzk","previousOperationId":"ka39x3zmtfeg2t2"}
{"type":"log","timestamp":1771515338479,"level":"debug","message":"Rendering engine handlebars","meta":{"rootId":"yb5da0iorbq0qcq","id":"yb5da0iorbq0qcq"},"id":"unj4q48bfmigqwe","previousOperationId":"dcead4e0fgsqxzk"}
{"type":"operationEnd","operationId":"dcead4e0fgsqxzk","timestamp":1771515338526,"id":"l3y67fd0gwlco2t","previousEventId":"0exm30fobeq3gj9","previousOperationId":"dcead4e0fgsqxzk"}
{"type":"operationStart","subtype":"recipe","name":"chrome-pdf","timestamp":1771515338533,"id":"utzdt9z297bo3bg","previousEventId":"l3y67fd0gwlco2t","operationId":"i2cnf431ct81vpc","previousOperationId":"dcead4e0fgsqxzk"}
{"type":"log","timestamp":1771515338533,"level":"debug","message":"Executing recipe chrome-pdf","meta":{"rootId":"yb5da0iorbq0qcq","id":"yb5da0iorbq0qcq"},"id":"wjar4qjo6mqn20e","previousOperationId":"i2cnf431ct81vpc"}
{"type":"log","timestamp":1771515338562,"level":"debug","message":"Converting with chrome Chrome/142.0.7444.175 using chrome-pool strategy","meta":{"rootId":"yb5da0iorbq0qcq","id":"yb5da0iorbq0qcq"},"id":"37gxt2drlcnjb0r","previousOperationId":"i2cnf431ct81vpc"}
{"type":"log","timestamp":1771515338797,"level":"debug","message":"Page request: GET (document) file:///tmp/jsreport/autocleanup/16002028-dc9d-4725-bdb7-a5d1eff98626-chrome-pdf.html","meta":{"rootId":"yb5da0iorbq0qcq","id":"yb5da0iorbq0qcq"},"id":"2ex4lzsbggz8a6v","previousOperationId":"i2cnf431ct81vpc"}
{"type":"log","timestamp":1771515338825,"level":"debug","message":"Page request finished: GET (document) 200 file:///tmp/jsreport/autocleanup/16002028-dc9d-4725-bdb7-a5d1eff98626-chrome-pdf.html","meta":{"rootId":"yb5da0iorbq0qcq","id":"yb5da0iorbq0qcq"},"id":"vzqohlej9err4k4","previousOperationId":"i2cnf431ct81vpc"}
{"type":"log","timestamp":1771515338826,"level":"debug","message":"Page request: GET (image) https://paciolibucket.s3.us-east-2.amazonaws.com/orgs/c64b69f6759a43a1bc0ae31961876751/companies/logos/b6e6bbb3-4217-4336-88b7-161c9ce34ada_Applicorp%20Logo.png?X-Amz-Expires=600&X-Amz-Algorithm=AWS4-HMAC-SHA256&X-Amz-Credential=AKIAVYV5Z6T6UQ4ARWOC%2F20260219%2Fus-east-2%2Fs3%2Faws4_request&X-Amz-Date=20260219T153538Z&X-Amz-SignedHeaders=host&X-Amz-Signature=4d6407fe146e46746adcb59e205e502b6444e80c3ece3b8aaee22f9419475429","meta":{"rootId":"yb5da0iorbq0qcq","id":"yb5da0iorbq0qcq"},"id":"rcfpldx2g9160xq","previousOperationId":"i2cnf431ct81vpc"}
{"type":"log","timestamp":1771515339610,"level":"debug","message":"Page request finished: GET (image) 200 https://paciolibucket.s3.us-east-2.amazonaws.com/orgs/c64b69f6759a43a1bc0ae31961876751/companies/logos/b6e6bbb3-4217-4336-88b7-161c9ce34ada_Applicorp%20Logo.png?X-Amz-Expires=600&X-Amz-Algorithm=AWS4-HMAC-SHA256&X-Amz-Credential=AKIAVYV5Z6T6UQ4ARWOC%2F20260219%2Fus-east-2%2Fs3%2Faws4_request&X-Amz-Date=20260219T153538Z&X-Amz-SignedHeaders=host&X-Amz-Signature=4d6407fe146e46746adcb59e205e502b6444e80c3ece3b8aaee22f9419475429","meta":{"rootId":"yb5da0iorbq0qcq","id":"yb5da0iorbq0qcq"},"id":"4736bcyv69xmzmj","previousOperationId":"i2cnf431ct81vpc"}
{"type":"log","timestamp":1771515339613,"level":"debug","message":"Running chrome with params {\"printBackground\":true,\"timeout\":59787,\"margin\":{}}","meta":{"rootId":"yb5da0iorbq0qcq","id":"yb5da0iorbq0qcq"},"id":"fkw2ovubf0zu80x","previousOperationId":"i2cnf431ct81vpc"}
{"type":"operationEnd","operationId":"i2cnf431ct81vpc","timestamp":1771515339906,"id":"0cv71ou5bbt0kvy","previousEventId":"utzdt9z297bo3bg","previousOperationId":"i2cnf431ct81vpc"}
{"type":"log","timestamp":1771515339907,"level":"debug","message":"Skipping storing report.","meta":{"rootId":"yb5da0iorbq0qcq","id":"yb5da0iorbq0qcq"},"id":"n5ybed3w02xcuuc","previousOperationId":"i2cnf431ct81vpc"}
{"type":"log","timestamp":1771515339907,"level":"info","message":"Rendering request 4 finished in 1580 ms","meta":{"rootId":"yb5da0iorbq0qcq","id":"yb5da0iorbq0qcq"},"id":"ih0yxbnoxxz3g6a","previousOperationId":"i2cnf431ct81vpc"}
{"type":"operationEnd","subtype":"render","operationId":"ka39x3zmtfeg2t2","timestamp":1771515339907,"id":"h87t86l7e7wcago","previousEventId":"0cv71ou5bbt0kvy","previousOperationId":"i2cnf431ct81vpc"}
{"type":"operationEnd","doDiffs":false,"previousEventId":"kqwxws1ffum6oli","previousOperationId":"ms4re1ey5xevuvo","operationId":"ms4re1ey5xevuvo","timestamp":1771515339909,"id":"xw4nvmxzsv7d522"}
