{"type":"operationStart","subtype":"profile","data":{"_id":"qNxkiEsmzKDomjGi","timestamp":"2026-02-18T03:59:26.632Z","state":"queued","mode":"standard","creationDate":"2026-02-18T03:59:26.634Z","modificationDate":"2026-02-18T03:59:26.634Z","shortid":"v5r3feA","$entitySet":"profiles"},"doDiffs":false,"timestamp":1771387166634,"id":"gp44hl3zje15k8t","previousOperationId":null,"operationId":"rvyxfjwxbxib5jr"}
{"type":"log","level":"info","message":"Render request 52 queued for execution and waiting for available worker","previousOperationId":"rvyxfjwxbxib5jr","timestamp":1771387166634,"id":"rdbtu77hvo0oypl"}
{"type":"operationStart","subtype":"render","name":"trial-balance-v1","previousOperationId":"rvyxfjwxbxib5jr","timestamp":1771387166698,"id":"823p84um3bw1r79","previousEventId":"gp44hl3zje15k8t","operationId":"t5dlhnce5scu73k"}
{"type":"log","timestamp":1771387166700,"level":"info","message":"Starting rendering request 52","meta":{"rootId":"yi0h9sdj3pbflte","id":"yi0h9sdj3pbflte"},"id":"e4jjpe29xwta30e","previousOperationId":"t5dlhnce5scu73k"}
{"type":"log","timestamp":1771387166702,"level":"info","message":"Rendering template { name: trial-balance-v1, recipe: chrome-pdf, engine: handlebars, preview: false }","meta":{"rootId":"yi0h9sdj3pbflte","id":"yi0h9sdj3pbflte"},"id":"xl4ega4m09zbv75","previousOperationId":"t5dlhnce5scu73k"}
{"type":"log","timestamp":1771387166706,"level":"debug","message":"Inline data specified.","meta":{"rootId":"yi0h9sdj3pbflte","id":"yi0h9sdj3pbflte"},"id":"5cgfem8slds7nj9","previousOperationId":"t5dlhnce5scu73k"}
{"type":"log","timestamp":1771387166710,"level":"debug","message":"Base url not specified, skipping its injection.","meta":{"rootId":"yi0h9sdj3pbflte","id":"yi0h9sdj3pbflte"},"id":"s2d0oko6k5dwqvq","previousOperationId":"t5dlhnce5scu73k"}
{"type":"operationStart","subtype":"engine","name":"handlebars","timestamp":1771387166715,"id":"ck408hmhqwbfwov","previousEventId":"823p84um3bw1r79","operationId":"yame0dwgk5ydkr1","previousOperationId":"t5dlhnce5scu73k"}
{"type":"log","timestamp":1771387166715,"level":"debug","message":"Rendering engine handlebars","meta":{"rootId":"yi0h9sdj3pbflte","id":"yi0h9sdj3pbflte"},"id":"ntmzko4q6aa7jqk","previousOperationId":"yame0dwgk5ydkr1"}
{"type":"operationEnd","operationId":"yame0dwgk5ydkr1","timestamp":1771387166767,"id":"me1be53hw2u6rqx","previousEventId":"ck408hmhqwbfwov","previousOperationId":"yame0dwgk5ydkr1"}
{"type":"operationStart","subtype":"recipe","name":"chrome-pdf","timestamp":1771387166768,"id":"h9mv5albx50zdkk","previousEventId":"me1be53hw2u6rqx","operationId":"n2vn82fgbidb6ga","previousOperationId":"yame0dwgk5ydkr1"}
{"type":"log","timestamp":1771387166768,"level":"debug","message":"Executing recipe chrome-pdf","meta":{"rootId":"yi0h9sdj3pbflte","id":"yi0h9sdj3pbflte"},"id":"60i4vu9j88gperi","previousOperationId":"n2vn82fgbidb6ga"}
{"type":"log","timestamp":1771387166781,"level":"debug","message":"Converting with chrome Chrome/142.0.7444.175 using chrome-pool strategy","meta":{"rootId":"yi0h9sdj3pbflte","id":"yi0h9sdj3pbflte"},"id":"5uullyg14pzdgjj","previousOperationId":"n2vn82fgbidb6ga"}
{"type":"log","timestamp":1771387166867,"level":"debug","message":"Page request: GET (document) file:///tmp/jsreport/autocleanup/56a223fb-63b6-4755-a5be-dd2731873191-chrome-pdf.html","meta":{"rootId":"yi0h9sdj3pbflte","id":"yi0h9sdj3pbflte"},"id":"s5h8sqrrfuonijq","previousOperationId":"n2vn82fgbidb6ga"}
{"type":"log","timestamp":1771387166878,"level":"debug","message":"Page request finished: GET (document) 200 file:///tmp/jsreport/autocleanup/56a223fb-63b6-4755-a5be-dd2731873191-chrome-pdf.html","meta":{"rootId":"yi0h9sdj3pbflte","id":"yi0h9sdj3pbflte"},"id":"7m1ce9j0cq76ceu","previousOperationId":"n2vn82fgbidb6ga"}
{"type":"log","timestamp":1771387166879,"level":"debug","message":"Page request: GET (image) https://paciolibucket.s3.us-east-2.amazonaws.com/orgs/c64b69f6759a43a1bc0ae31961876751/companies/logos/e9767ff4-7186-447f-a397-208ea6bbfdb8_ninosfelices.png?X-Amz-Expires=600&X-Amz-Algorithm=AWS4-HMAC-SHA256&X-Amz-Credential=AKIAVYV5Z6T6UQ4ARWOC%2F20260218%2Fus-east-2%2Fs3%2Faws4_request&X-Amz-Date=20260218T035926Z&X-Amz-SignedHeaders=host&X-Amz-Signature=aa8cc36ae20a6ff3845d259a56df48bfbb8a261dcf5942f4d3140e7973dd9714","meta":{"rootId":"yi0h9sdj3pbflte","id":"yi0h9sdj3pbflte"},"id":"i81d6f7k8irgs6m","previousOperationId":"n2vn82fgbidb6ga"}
{"type":"log","timestamp":1771387167421,"level":"debug","message":"Page request finished: GET (image) 200 https://paciolibucket.s3.us-east-2.amazonaws.com/orgs/c64b69f6759a43a1bc0ae31961876751/companies/logos/e9767ff4-7186-447f-a397-208ea6bbfdb8_ninosfelices.png?X-Amz-Expires=600&X-Amz-Algorithm=AWS4-HMAC-SHA256&X-Amz-Credential=AKIAVYV5Z6T6UQ4ARWOC%2F20260218%2Fus-east-2%2Fs3%2Faws4_request&X-Amz-Date=20260218T035926Z&X-Amz-SignedHeaders=host&X-Amz-Signature=aa8cc36ae20a6ff3845d259a56df48bfbb8a261dcf5942f4d3140e7973dd9714","meta":{"rootId":"yi0h9sdj3pbflte","id":"yi0h9sdj3pbflte"},"id":"nqdwyio6q1u9h7v","previousOperationId":"n2vn82fgbidb6ga"}
{"type":"log","timestamp":1771387167426,"level":"debug","message":"Running chrome with params {\"printBackground\":true,\"timeout\":59860,\"margin\":{}}","meta":{"rootId":"yi0h9sdj3pbflte","id":"yi0h9sdj3pbflte"},"id":"69kpbvddz32i3al","previousOperationId":"n2vn82fgbidb6ga"}
{"type":"operationEnd","operationId":"n2vn82fgbidb6ga","timestamp":1771387167484,"id":"s18wq6xoq8i3x2q","previousEventId":"h9mv5albx50zdkk","previousOperationId":"n2vn82fgbidb6ga"}
{"type":"log","timestamp":1771387167485,"level":"debug","message":"Skipping storing report.","meta":{"rootId":"yi0h9sdj3pbflte","id":"yi0h9sdj3pbflte"},"id":"zjps307qfkpnxuo","previousOperationId":"n2vn82fgbidb6ga"}
{"type":"log","timestamp":1771387167485,"level":"info","message":"Rendering request 52 finished in 853 ms","meta":{"rootId":"yi0h9sdj3pbflte","id":"yi0h9sdj3pbflte"},"id":"yhjmd7qhi5qcjtx","previousOperationId":"n2vn82fgbidb6ga"}
{"type":"operationEnd","subtype":"render","operationId":"t5dlhnce5scu73k","timestamp":1771387167485,"id":"w5ol6il9f9k14qf","previousEventId":"s18wq6xoq8i3x2q","previousOperationId":"n2vn82fgbidb6ga"}
{"type":"operationEnd","doDiffs":false,"previousEventId":"gp44hl3zje15k8t","previousOperationId":"rvyxfjwxbxib5jr","operationId":"rvyxfjwxbxib5jr","timestamp":1771387167486,"id":"zh9y8mgouu28esa"}
