{"type":"operationStart","subtype":"profile","data":{"_id":"4S5Lzvv6nzJIEjSo","timestamp":"2026-02-18T03:20:15.938Z","state":"queued","mode":"standard","creationDate":"2026-02-18T03:20:15.953Z","modificationDate":"2026-02-18T03:20:15.953Z","shortid":"a_CtMC7","$entitySet":"profiles"},"doDiffs":false,"timestamp":1771384815945,"id":"yqytn5p5oxcpqd3","previousOperationId":null,"operationId":"axxjr5qf90zkbxw"}
{"type":"log","level":"info","message":"Render request 41 queued for execution and waiting for available worker","previousOperationId":"axxjr5qf90zkbxw","timestamp":1771384815945,"id":"wlnn67dmufo9smi"}
{"type":"operationStart","subtype":"render","name":"trial-balance-v1","previousOperationId":"axxjr5qf90zkbxw","timestamp":1771384816054,"id":"qjfqjepl9hdtl0v","previousEventId":"yqytn5p5oxcpqd3","operationId":"41pr79glha76jqt"}
{"type":"log","timestamp":1771384816058,"level":"info","message":"Starting rendering request 41","meta":{"rootId":"yk2y2n0qxi5fgkr","id":"yk2y2n0qxi5fgkr"},"id":"b30f0kc0hxe0rwi","previousOperationId":"41pr79glha76jqt"}
{"type":"log","timestamp":1771384816063,"level":"info","message":"Rendering template { name: trial-balance-v1, recipe: chrome-pdf, engine: handlebars, preview: false }","meta":{"rootId":"yk2y2n0qxi5fgkr","id":"yk2y2n0qxi5fgkr"},"id":"t0ihfp9okywavv1","previousOperationId":"41pr79glha76jqt"}
{"type":"log","timestamp":1771384816069,"level":"debug","message":"Inline data specified.","meta":{"rootId":"yk2y2n0qxi5fgkr","id":"yk2y2n0qxi5fgkr"},"id":"9jd7ggxmfyerd2f","previousOperationId":"41pr79glha76jqt"}
{"type":"log","timestamp":1771384816085,"level":"debug","message":"Base url not specified, skipping its injection.","meta":{"rootId":"yk2y2n0qxi5fgkr","id":"yk2y2n0qxi5fgkr"},"id":"xwxu9kwipadqu9c","previousOperationId":"41pr79glha76jqt"}
{"type":"operationStart","subtype":"engine","name":"handlebars","timestamp":1771384816095,"id":"du97mu6luy9utjw","previousEventId":"qjfqjepl9hdtl0v","operationId":"esfpjzu2qskvst1","previousOperationId":"41pr79glha76jqt"}
{"type":"log","timestamp":1771384816095,"level":"debug","message":"Rendering engine handlebars","meta":{"rootId":"yk2y2n0qxi5fgkr","id":"yk2y2n0qxi5fgkr"},"id":"qsy4jn4s7saqlrf","previousOperationId":"esfpjzu2qskvst1"}
{"type":"operationEnd","operationId":"esfpjzu2qskvst1","timestamp":1771384816159,"id":"82359kuk1aaok5p","previousEventId":"du97mu6luy9utjw","previousOperationId":"esfpjzu2qskvst1"}
{"type":"operationStart","subtype":"recipe","name":"chrome-pdf","timestamp":1771384816160,"id":"17y74kf4w0gr2uc","previousEventId":"82359kuk1aaok5p","operationId":"t2ckkqa7qm1kt07","previousOperationId":"esfpjzu2qskvst1"}
{"type":"log","timestamp":1771384816160,"level":"debug","message":"Executing recipe chrome-pdf","meta":{"rootId":"yk2y2n0qxi5fgkr","id":"yk2y2n0qxi5fgkr"},"id":"z7tirotmoayql8b","previousOperationId":"t2ckkqa7qm1kt07"}
{"type":"log","timestamp":1771384816185,"level":"debug","message":"Converting with chrome Chrome/142.0.7444.175 using chrome-pool strategy","meta":{"rootId":"yk2y2n0qxi5fgkr","id":"yk2y2n0qxi5fgkr"},"id":"0qpsopqjlewqbio","previousOperationId":"t2ckkqa7qm1kt07"}
{"type":"log","timestamp":1771384816430,"level":"debug","message":"Page request: GET (document) file:///tmp/jsreport/autocleanup/a67cde0c-c7ef-4698-b7d4-6fd291064639-chrome-pdf.html","meta":{"rootId":"yk2y2n0qxi5fgkr","id":"yk2y2n0qxi5fgkr"},"id":"ujlyswhm11bugvc","previousOperationId":"t2ckkqa7qm1kt07"}
{"type":"log","timestamp":1771384816452,"level":"debug","message":"Page request finished: GET (document) 200 file:///tmp/jsreport/autocleanup/a67cde0c-c7ef-4698-b7d4-6fd291064639-chrome-pdf.html","meta":{"rootId":"yk2y2n0qxi5fgkr","id":"yk2y2n0qxi5fgkr"},"id":"wbf20za334tkxiu","previousOperationId":"t2ckkqa7qm1kt07"}
{"type":"log","timestamp":1771384816453,"level":"debug","message":"Page request: GET (image) https://paciolibucket.s3.us-east-2.amazonaws.com/orgs/c64b69f6759a43a1bc0ae31961876751/companies/logos/e9767ff4-7186-447f-a397-208ea6bbfdb8_ninosfelices.png?X-Amz-Expires=600&X-Amz-Algorithm=AWS4-HMAC-SHA256&X-Amz-Credential=AKIAVYV5Z6T6UQ4ARWOC%2F20260218%2Fus-east-2%2Fs3%2Faws4_request&X-Amz-Date=20260218T032015Z&X-Amz-SignedHeaders=host&X-Amz-Signature=b5c0aa5b3f26b9c4ce506a9d52f53e13e03f20edaf8adaca76efa75198aeb848","meta":{"rootId":"yk2y2n0qxi5fgkr","id":"yk2y2n0qxi5fgkr"},"id":"42ockven3k5renk","previousOperationId":"t2ckkqa7qm1kt07"}
{"type":"log","timestamp":1771384817042,"level":"debug","message":"Page request finished: GET (image) 200 https://paciolibucket.s3.us-east-2.amazonaws.com/orgs/c64b69f6759a43a1bc0ae31961876751/companies/logos/e9767ff4-7186-447f-a397-208ea6bbfdb8_ninosfelices.png?X-Amz-Expires=600&X-Amz-Algorithm=AWS4-HMAC-SHA256&X-Amz-Credential=AKIAVYV5Z6T6UQ4ARWOC%2F20260218%2Fus-east-2%2Fs3%2Faws4_request&X-Amz-Date=20260218T032015Z&X-Amz-SignedHeaders=host&X-Amz-Signature=b5c0aa5b3f26b9c4ce506a9d52f53e13e03f20edaf8adaca76efa75198aeb848","meta":{"rootId":"yk2y2n0qxi5fgkr","id":"yk2y2n0qxi5fgkr"},"id":"62ieqy82sgp174c","previousOperationId":"t2ckkqa7qm1kt07"}
{"type":"log","timestamp":1771384817045,"level":"debug","message":"Running chrome with params {\"printBackground\":true,\"timeout\":59769,\"margin\":{}}","meta":{"rootId":"yk2y2n0qxi5fgkr","id":"yk2y2n0qxi5fgkr"},"id":"ekmj1prlwbr4vtl","previousOperationId":"t2ckkqa7qm1kt07"}
{"type":"operationEnd","operationId":"t2ckkqa7qm1kt07","timestamp":1771384817135,"id":"adpp0s5wtgp6iv3","previousEventId":"17y74kf4w0gr2uc","previousOperationId":"t2ckkqa7qm1kt07"}
{"type":"log","timestamp":1771384817136,"level":"debug","message":"Skipping storing report.","meta":{"rootId":"yk2y2n0qxi5fgkr","id":"yk2y2n0qxi5fgkr"},"id":"mslabzmlq2mwdnb","previousOperationId":"t2ckkqa7qm1kt07"}
{"type":"log","timestamp":1771384817136,"level":"info","message":"Rendering request 41 finished in 1201 ms","meta":{"rootId":"yk2y2n0qxi5fgkr","id":"yk2y2n0qxi5fgkr"},"id":"2qup7lk4ouy71nf","previousOperationId":"t2ckkqa7qm1kt07"}
{"type":"operationEnd","subtype":"render","operationId":"41pr79glha76jqt","timestamp":1771384817136,"id":"4cgbvyphas4btjr","previousEventId":"adpp0s5wtgp6iv3","previousOperationId":"t2ckkqa7qm1kt07"}
{"type":"operationEnd","doDiffs":false,"previousEventId":"yqytn5p5oxcpqd3","previousOperationId":"axxjr5qf90zkbxw","operationId":"axxjr5qf90zkbxw","timestamp":1771384817139,"id":"4vgfj8nvim5vdtm"}
