{"type":"operationStart","subtype":"profile","data":{"_id":"5W7oOkNZu96GwFnH","timestamp":"2026-02-18T02:07:45.794Z","state":"queued","mode":"standard","creationDate":"2026-02-18T02:07:45.796Z","modificationDate":"2026-02-18T02:07:45.796Z","shortid":"2df6rA9","$entitySet":"profiles"},"doDiffs":false,"timestamp":1771380465796,"id":"6p5r71nbmfdyf03","previousOperationId":null,"operationId":"8ee0ou7e92vyhk9"}
{"type":"log","level":"info","message":"Render request 34 queued for execution and waiting for available worker","previousOperationId":"8ee0ou7e92vyhk9","timestamp":1771380465796,"id":"c1zhmf210f9d71d"}
{"type":"operationStart","subtype":"render","name":"trial-balance-v1","previousOperationId":"8ee0ou7e92vyhk9","timestamp":1771380465844,"id":"urrax19n8z31i4h","previousEventId":"6p5r71nbmfdyf03","operationId":"j0tyhhqfau37ftk"}
{"type":"log","timestamp":1771380465844,"level":"info","message":"Starting rendering request 34","meta":{"rootId":"yxi5rznesqttjqd","id":"yxi5rznesqttjqd"},"id":"f9b0ctj2g7twzme","previousOperationId":"j0tyhhqfau37ftk"}
{"type":"log","timestamp":1771380465845,"level":"info","message":"Rendering template { name: trial-balance-v1, recipe: chrome-pdf, engine: handlebars, preview: false }","meta":{"rootId":"yxi5rznesqttjqd","id":"yxi5rznesqttjqd"},"id":"f15vy2b5933rt2p","previousOperationId":"j0tyhhqfau37ftk"}
{"type":"log","timestamp":1771380465846,"level":"debug","message":"Inline data specified.","meta":{"rootId":"yxi5rznesqttjqd","id":"yxi5rznesqttjqd"},"id":"aei2sodbkfrw6hq","previousOperationId":"j0tyhhqfau37ftk"}
{"type":"log","timestamp":1771380465853,"level":"debug","message":"Base url not specified, skipping its injection.","meta":{"rootId":"yxi5rznesqttjqd","id":"yxi5rznesqttjqd"},"id":"ns3xmfhg3zxf3iv","previousOperationId":"j0tyhhqfau37ftk"}
{"type":"operationStart","subtype":"engine","name":"handlebars","timestamp":1771380465853,"id":"vcgrmpno757f9yc","previousEventId":"urrax19n8z31i4h","operationId":"2c49srpnjma3t5x","previousOperationId":"j0tyhhqfau37ftk"}
{"type":"log","timestamp":1771380465853,"level":"debug","message":"Rendering engine handlebars","meta":{"rootId":"yxi5rznesqttjqd","id":"yxi5rznesqttjqd"},"id":"8tw5lspqddu0oa3","previousOperationId":"2c49srpnjma3t5x"}
{"type":"operationEnd","operationId":"2c49srpnjma3t5x","timestamp":1771380465864,"id":"7riqfwka2vlg67e","previousEventId":"vcgrmpno757f9yc","previousOperationId":"2c49srpnjma3t5x"}
{"type":"operationStart","subtype":"recipe","name":"chrome-pdf","timestamp":1771380465864,"id":"5lgfzlinzzmf6h1","previousEventId":"7riqfwka2vlg67e","operationId":"tnbsnnnvq4k4npx","previousOperationId":"2c49srpnjma3t5x"}
{"type":"log","timestamp":1771380465864,"level":"debug","message":"Executing recipe chrome-pdf","meta":{"rootId":"yxi5rznesqttjqd","id":"yxi5rznesqttjqd"},"id":"qci1u94odvoc3ip","previousOperationId":"tnbsnnnvq4k4npx"}
{"type":"log","timestamp":1771380465870,"level":"debug","message":"Converting with chrome Chrome/142.0.7444.175 using chrome-pool strategy","meta":{"rootId":"yxi5rznesqttjqd","id":"yxi5rznesqttjqd"},"id":"z8lzn98uculfh0m","previousOperationId":"tnbsnnnvq4k4npx"}
{"type":"log","timestamp":1771380465912,"level":"debug","message":"Page request: GET (document) file:///tmp/jsreport/autocleanup/5629f1f9-0810-45e7-9d1d-830029743abb-chrome-pdf.html","meta":{"rootId":"yxi5rznesqttjqd","id":"yxi5rznesqttjqd"},"id":"q09zljkektdslfn","previousOperationId":"tnbsnnnvq4k4npx"}
{"type":"log","timestamp":1771380465924,"level":"debug","message":"Page request finished: GET (document) 200 file:///tmp/jsreport/autocleanup/5629f1f9-0810-45e7-9d1d-830029743abb-chrome-pdf.html","meta":{"rootId":"yxi5rznesqttjqd","id":"yxi5rznesqttjqd"},"id":"jxfosihw22j8oq3","previousOperationId":"tnbsnnnvq4k4npx"}
{"type":"log","timestamp":1771380465925,"level":"debug","message":"Page request: GET (image) https://paciolibucket.s3.us-east-2.amazonaws.com/orgs/c64b69f6759a43a1bc0ae31961876751/companies/logos/e9767ff4-7186-447f-a397-208ea6bbfdb8_ninosfelices.png?X-Amz-Expires=600&X-Amz-Algorithm=AWS4-HMAC-SHA256&X-Amz-Credential=AKIAVYV5Z6T6UQ4ARWOC%2F20260218%2Fus-east-2%2Fs3%2Faws4_request&X-Amz-Date=20260218T020745Z&X-Amz-SignedHeaders=host&X-Amz-Signature=c992e38efde004197513a61614012f93bb0db28cac81c9b77e04c27e193b964f","meta":{"rootId":"yxi5rznesqttjqd","id":"yxi5rznesqttjqd"},"id":"cxek6bug7vx9jd7","previousOperationId":"tnbsnnnvq4k4npx"}
{"type":"log","timestamp":1771380466347,"level":"debug","message":"Page request finished: GET (image) 200 https://paciolibucket.s3.us-east-2.amazonaws.com/orgs/c64b69f6759a43a1bc0ae31961876751/companies/logos/e9767ff4-7186-447f-a397-208ea6bbfdb8_ninosfelices.png?X-Amz-Expires=600&X-Amz-Algorithm=AWS4-HMAC-SHA256&X-Amz-Credential=AKIAVYV5Z6T6UQ4ARWOC%2F20260218%2Fus-east-2%2Fs3%2Faws4_request&X-Amz-Date=20260218T020745Z&X-Amz-SignedHeaders=host&X-Amz-Signature=c992e38efde004197513a61614012f93bb0db28cac81c9b77e04c27e193b964f","meta":{"rootId":"yxi5rznesqttjqd","id":"yxi5rznesqttjqd"},"id":"28zn2gh907owpsu","previousOperationId":"tnbsnnnvq4k4npx"}
{"type":"log","timestamp":1771380466348,"level":"debug","message":"Running chrome with params {\"printBackground\":true,\"timeout\":59925,\"margin\":{}}","meta":{"rootId":"yxi5rznesqttjqd","id":"yxi5rznesqttjqd"},"id":"koq57efbyi9hxcd","previousOperationId":"tnbsnnnvq4k4npx"}
{"type":"operationEnd","operationId":"tnbsnnnvq4k4npx","timestamp":1771380466407,"id":"pvxz3u8msxwdwgw","previousEventId":"5lgfzlinzzmf6h1","previousOperationId":"tnbsnnnvq4k4npx"}
{"type":"log","timestamp":1771380466407,"level":"debug","message":"Skipping storing report.","meta":{"rootId":"yxi5rznesqttjqd","id":"yxi5rznesqttjqd"},"id":"dde9ksfuvgifdnt","previousOperationId":"tnbsnnnvq4k4npx"}
{"type":"log","timestamp":1771380466407,"level":"info","message":"Rendering request 34 finished in 613 ms","meta":{"rootId":"yxi5rznesqttjqd","id":"yxi5rznesqttjqd"},"id":"nzt2vqxgr4gtzui","previousOperationId":"tnbsnnnvq4k4npx"}
{"type":"operationEnd","subtype":"render","operationId":"j0tyhhqfau37ftk","timestamp":1771380466407,"id":"j4yoem4975jkdk5","previousEventId":"pvxz3u8msxwdwgw","previousOperationId":"tnbsnnnvq4k4npx"}
{"type":"operationEnd","doDiffs":false,"previousEventId":"6p5r71nbmfdyf03","previousOperationId":"8ee0ou7e92vyhk9","operationId":"8ee0ou7e92vyhk9","timestamp":1771380466408,"id":"aqeynkq7dab7z01"}
