{"type":"operationStart","subtype":"profile","data":{"_id":"njxynXXEUiFM3EkU","timestamp":"2026-02-18T03:39:49.120Z","state":"queued","mode":"standard","creationDate":"2026-02-18T03:39:49.136Z","modificationDate":"2026-02-18T03:39:49.136Z","shortid":"qnuHKv4","$entitySet":"profiles"},"doDiffs":false,"timestamp":1771385989125,"id":"vq5s7l6qawhuecy","previousOperationId":null,"operationId":"nzy378cza4q6vzo"}
{"type":"log","level":"info","message":"Render request 46 queued for execution and waiting for available worker","previousOperationId":"nzy378cza4q6vzo","timestamp":1771385989126,"id":"4n8722y57adaodn"}
{"type":"operationStart","subtype":"render","name":"trial-balance-v1","previousOperationId":"nzy378cza4q6vzo","timestamp":1771385989203,"id":"wpz9jiwszqv59di","previousEventId":"vq5s7l6qawhuecy","operationId":"4hepmtqxa64x27k"}
{"type":"log","timestamp":1771385989204,"level":"info","message":"Starting rendering request 46","meta":{"rootId":"yy9lvbe5ku8k2uk","id":"yy9lvbe5ku8k2uk"},"id":"u5g1pcvpa7nel7n","previousOperationId":"4hepmtqxa64x27k"}
{"type":"log","timestamp":1771385989207,"level":"info","message":"Rendering template { name: trial-balance-v1, recipe: chrome-pdf, engine: handlebars, preview: false }","meta":{"rootId":"yy9lvbe5ku8k2uk","id":"yy9lvbe5ku8k2uk"},"id":"o3bnndmpefbr23x","previousOperationId":"4hepmtqxa64x27k"}
{"type":"log","timestamp":1771385989212,"level":"debug","message":"Inline data specified.","meta":{"rootId":"yy9lvbe5ku8k2uk","id":"yy9lvbe5ku8k2uk"},"id":"59d8b1yu60lmeb8","previousOperationId":"4hepmtqxa64x27k"}
{"type":"log","timestamp":1771385989218,"level":"debug","message":"Base url not specified, skipping its injection.","meta":{"rootId":"yy9lvbe5ku8k2uk","id":"yy9lvbe5ku8k2uk"},"id":"pdkr8mjx3mkpkqe","previousOperationId":"4hepmtqxa64x27k"}
{"type":"operationStart","subtype":"engine","name":"handlebars","timestamp":1771385989230,"id":"bz2xlwocz5f3csh","previousEventId":"wpz9jiwszqv59di","operationId":"6dorljf0561dfn0","previousOperationId":"4hepmtqxa64x27k"}
{"type":"log","timestamp":1771385989231,"level":"debug","message":"Rendering engine handlebars","meta":{"rootId":"yy9lvbe5ku8k2uk","id":"yy9lvbe5ku8k2uk"},"id":"waq03qm9rqvo0vr","previousOperationId":"6dorljf0561dfn0"}
{"type":"operationEnd","operationId":"6dorljf0561dfn0","timestamp":1771385989316,"id":"b1fek1q6ogsvyix","previousEventId":"bz2xlwocz5f3csh","previousOperationId":"6dorljf0561dfn0"}
{"type":"operationStart","subtype":"recipe","name":"chrome-pdf","timestamp":1771385989317,"id":"pwty5disrjvawvr","previousEventId":"b1fek1q6ogsvyix","operationId":"85qk8inrmjz9uqf","previousOperationId":"6dorljf0561dfn0"}
{"type":"log","timestamp":1771385989317,"level":"debug","message":"Executing recipe chrome-pdf","meta":{"rootId":"yy9lvbe5ku8k2uk","id":"yy9lvbe5ku8k2uk"},"id":"okqq9mvk8lllhdh","previousOperationId":"85qk8inrmjz9uqf"}
{"type":"log","timestamp":1771385989351,"level":"debug","message":"Converting with chrome Chrome/142.0.7444.175 using chrome-pool strategy","meta":{"rootId":"yy9lvbe5ku8k2uk","id":"yy9lvbe5ku8k2uk"},"id":"ha5k7wrd13ycqsb","previousOperationId":"85qk8inrmjz9uqf"}
{"type":"log","timestamp":1771385989751,"level":"debug","message":"Page request: GET (document) file:///tmp/jsreport/autocleanup/d9838fe2-21e2-4463-a444-9cc9437adbf9-chrome-pdf.html","meta":{"rootId":"yy9lvbe5ku8k2uk","id":"yy9lvbe5ku8k2uk"},"id":"x66itfh62xs84c6","previousOperationId":"85qk8inrmjz9uqf"}
{"type":"log","timestamp":1771385989791,"level":"debug","message":"Page request finished: GET (document) 200 file:///tmp/jsreport/autocleanup/d9838fe2-21e2-4463-a444-9cc9437adbf9-chrome-pdf.html","meta":{"rootId":"yy9lvbe5ku8k2uk","id":"yy9lvbe5ku8k2uk"},"id":"4olwsuah3bcytdr","previousOperationId":"85qk8inrmjz9uqf"}
{"type":"log","timestamp":1771385989793,"level":"debug","message":"Page request: GET (image) https://paciolibucket.s3.us-east-2.amazonaws.com/orgs/c64b69f6759a43a1bc0ae31961876751/companies/logos/e9767ff4-7186-447f-a397-208ea6bbfdb8_ninosfelices.png?X-Amz-Expires=600&X-Amz-Algorithm=AWS4-HMAC-SHA256&X-Amz-Credential=AKIAVYV5Z6T6UQ4ARWOC%2F20260218%2Fus-east-2%2Fs3%2Faws4_request&X-Amz-Date=20260218T033948Z&X-Amz-SignedHeaders=host&X-Amz-Signature=1b2cd62fa9a13c20312c910477db184b1265a6feac4c7045212c16f32b99f411","meta":{"rootId":"yy9lvbe5ku8k2uk","id":"yy9lvbe5ku8k2uk"},"id":"25f8a0rgcybdzzi","previousOperationId":"85qk8inrmjz9uqf"}
{"type":"log","timestamp":1771385990449,"level":"debug","message":"Page request finished: GET (image) 200 https://paciolibucket.s3.us-east-2.amazonaws.com/orgs/c64b69f6759a43a1bc0ae31961876751/companies/logos/e9767ff4-7186-447f-a397-208ea6bbfdb8_ninosfelices.png?X-Amz-Expires=600&X-Amz-Algorithm=AWS4-HMAC-SHA256&X-Amz-Credential=AKIAVYV5Z6T6UQ4ARWOC%2F20260218%2Fus-east-2%2Fs3%2Faws4_request&X-Amz-Date=20260218T033948Z&X-Amz-SignedHeaders=host&X-Amz-Signature=1b2cd62fa9a13c20312c910477db184b1265a6feac4c7045212c16f32b99f411","meta":{"rootId":"yy9lvbe5ku8k2uk","id":"yy9lvbe5ku8k2uk"},"id":"hqxroxx9owc5r7q","previousOperationId":"85qk8inrmjz9uqf"}
{"type":"log","timestamp":1771385990451,"level":"debug","message":"Running chrome with params {\"printBackground\":true,\"timeout\":59785,\"margin\":{}}","meta":{"rootId":"yy9lvbe5ku8k2uk","id":"yy9lvbe5ku8k2uk"},"id":"o6x0nwcxsk59x8n","previousOperationId":"85qk8inrmjz9uqf"}
{"type":"operationEnd","operationId":"85qk8inrmjz9uqf","timestamp":1771385990571,"id":"l4gc265nyqukpl3","previousEventId":"pwty5disrjvawvr","previousOperationId":"85qk8inrmjz9uqf"}
{"type":"log","timestamp":1771385990574,"level":"debug","message":"Skipping storing report.","meta":{"rootId":"yy9lvbe5ku8k2uk","id":"yy9lvbe5ku8k2uk"},"id":"ifoc5taw0q4n4kn","previousOperationId":"85qk8inrmjz9uqf"}
{"type":"log","timestamp":1771385990574,"level":"info","message":"Rendering request 46 finished in 1463 ms","meta":{"rootId":"yy9lvbe5ku8k2uk","id":"yy9lvbe5ku8k2uk"},"id":"0p6hdt3tdcjj7pq","previousOperationId":"85qk8inrmjz9uqf"}
{"type":"operationEnd","subtype":"render","operationId":"4hepmtqxa64x27k","timestamp":1771385990574,"id":"7w7sh4nqh3etmml","previousEventId":"l4gc265nyqukpl3","previousOperationId":"85qk8inrmjz9uqf"}
{"type":"operationEnd","doDiffs":false,"previousEventId":"vq5s7l6qawhuecy","previousOperationId":"nzy378cza4q6vzo","operationId":"nzy378cza4q6vzo","timestamp":1771385990578,"id":"wyeoc0gni297xpy"}
