{"type":"operationStart","subtype":"profile","data":{"_id":"08a6JBU8juJ9N9p0","timestamp":"2026-01-22T01:04:11.316Z","state":"queued","mode":"standard","creationDate":"2026-01-22T01:04:11.320Z","modificationDate":"2026-01-22T01:04:11.320Z","shortid":"7xVnhiJ","$entitySet":"profiles"},"doDiffs":false,"timestamp":1769043851319,"id":"0v3doz4d6lz4up8","previousOperationId":null,"operationId":"heqcwxb6veiqqsh"}
{"type":"log","level":"info","message":"Render request 30 queued for execution and waiting for available worker","previousOperationId":"heqcwxb6veiqqsh","timestamp":1769043851319,"id":"et1fiaoqnbjsfk4"}
{"type":"operationStart","subtype":"render","name":"journal-entry-v3","previousOperationId":"heqcwxb6veiqqsh","timestamp":1769043851401,"id":"b6inqydfgxj395x","previousEventId":"0v3doz4d6lz4up8","operationId":"0jycgxfvjkmi3xw"}
{"type":"log","timestamp":1769043851402,"level":"info","message":"Starting rendering request 30","meta":{"rootId":"6lqohdasu2hnq78","id":"6lqohdasu2hnq78"},"id":"fai4jet18crytxv","previousOperationId":"0jycgxfvjkmi3xw"}
{"type":"log","timestamp":1769043851402,"level":"info","message":"Rendering template { name: journal-entry-v3, recipe: chrome-pdf, engine: handlebars, preview: true }","meta":{"rootId":"6lqohdasu2hnq78","id":"6lqohdasu2hnq78"},"id":"9kbv5bn6dnljje7","previousOperationId":"0jycgxfvjkmi3xw"}
{"type":"log","timestamp":1769043851404,"level":"debug","message":"Inline data specified.","meta":{"rootId":"6lqohdasu2hnq78","id":"6lqohdasu2hnq78"},"id":"gzttybrnfruo6e5","previousOperationId":"0jycgxfvjkmi3xw"}
{"type":"log","timestamp":1769043851415,"level":"debug","message":"Base url not specified, skipping its injection.","meta":{"rootId":"6lqohdasu2hnq78","id":"6lqohdasu2hnq78"},"id":"x30cjkdtbw92iqs","previousOperationId":"0jycgxfvjkmi3xw"}
{"type":"operationStart","subtype":"engine","name":"handlebars","timestamp":1769043851415,"id":"3zo7x560t4gymnh","previousEventId":"b6inqydfgxj395x","operationId":"4tadzf9tf5dxfy4","previousOperationId":"0jycgxfvjkmi3xw"}
{"type":"log","timestamp":1769043851415,"level":"debug","message":"Rendering engine handlebars","meta":{"rootId":"6lqohdasu2hnq78","id":"6lqohdasu2hnq78"},"id":"pcfwu8wl7xg1l18","previousOperationId":"4tadzf9tf5dxfy4"}
{"type":"operationEnd","operationId":"4tadzf9tf5dxfy4","timestamp":1769043851452,"id":"ace2b2bea71y81c","previousEventId":"3zo7x560t4gymnh","previousOperationId":"4tadzf9tf5dxfy4"}
{"type":"operationStart","subtype":"recipe","name":"chrome-pdf","timestamp":1769043851453,"id":"rwrhoozfrbr9p86","previousEventId":"ace2b2bea71y81c","operationId":"cqv9ojrp5nhl68h","previousOperationId":"4tadzf9tf5dxfy4"}
{"type":"log","timestamp":1769043851453,"level":"debug","message":"Executing recipe chrome-pdf","meta":{"rootId":"6lqohdasu2hnq78","id":"6lqohdasu2hnq78"},"id":"72f72geahbpotyg","previousOperationId":"cqv9ojrp5nhl68h"}
{"type":"log","timestamp":1769043851456,"level":"debug","message":"Converting with chrome Chrome/142.0.7444.175 using chrome-pool strategy","meta":{"rootId":"6lqohdasu2hnq78","id":"6lqohdasu2hnq78"},"id":"8pjp7wq27suth11","previousOperationId":"cqv9ojrp5nhl68h"}
{"type":"log","timestamp":1769043851502,"level":"debug","message":"Page request: GET (document) file:///tmp/jsreport/autocleanup/e0c89755-c5f0-4dd7-a130-3f8309a7d87b-chrome-pdf.html","meta":{"rootId":"6lqohdasu2hnq78","id":"6lqohdasu2hnq78"},"id":"7xjadkwuct5f5oo","previousOperationId":"cqv9ojrp5nhl68h"}
{"type":"log","timestamp":1769043851522,"level":"debug","message":"Page request finished: GET (document) 200 file:///tmp/jsreport/autocleanup/e0c89755-c5f0-4dd7-a130-3f8309a7d87b-chrome-pdf.html","meta":{"rootId":"6lqohdasu2hnq78","id":"6lqohdasu2hnq78"},"id":"ch1ecxrqrmh3b5r","previousOperationId":"cqv9ojrp5nhl68h"}
{"type":"log","timestamp":1769043851529,"level":"debug","message":"Page request: GET (image) https://paciolibucket.s3.us-east-2.amazonaws.com/orgs/c64b69f6759a43a1bc0ae31961876751/companies/logos/e9767ff4-7186-447f-a397-208ea6bbfdb8_ninosfelices.png?X-Amz-Expires=600&X-Amz-Algorithm=AWS4-HMAC-SHA256&X-Amz-Credential=AKIAVYV5Z6T6UQ4ARWOC%2F20251214%2Fus-east-2%2Fs3%2Faws4_request&X-Amz-Date=20251214T042142Z&X-Amz-SignedHeaders=host&X-Amz-Signature=9bef4cc508bdfbedcab35016f2a1346ef8b73fc4c141ec491169a4e6ee842e03","meta":{"rootId":"6lqohdasu2hnq78","id":"6lqohdasu2hnq78"},"id":"kftdmf7lvu64lyr","previousOperationId":"cqv9ojrp5nhl68h"}
{"type":"log","timestamp":1769043851954,"level":"warn","message":"Page request failed: GET (image) https://paciolibucket.s3.us-east-2.amazonaws.com/orgs/c64b69f6759a43a1bc0ae31961876751/companies/logos/e9767ff4-7186-447f-a397-208ea6bbfdb8_ninosfelices.png?X-Amz-Expires=600&X-Amz-Algorithm=AWS4-HMAC-SHA256&X-Amz-Credential=AKIAVYV5Z6T6UQ4ARWOC%2F20251214%2Fus-east-2%2Fs3%2Faws4_request&X-Amz-Date=20251214T042142Z&X-Amz-SignedHeaders=host&X-Amz-Signature=9bef4cc508bdfbedcab35016f2a1346ef8b73fc4c141ec491169a4e6ee842e03, failure: net::ERR_BLOCKED_BY_ORB","meta":{"rootId":"6lqohdasu2hnq78","id":"6lqohdasu2hnq78"},"id":"5loni0dy21p2gne","previousOperationId":"cqv9ojrp5nhl68h"}
{"type":"log","timestamp":1769043851970,"level":"debug","message":"Running chrome with params {\"printBackground\":true,\"timeout\":59861,\"margin\":{}}","meta":{"rootId":"6lqohdasu2hnq78","id":"6lqohdasu2hnq78"},"id":"sh502t55pe33py4","previousOperationId":"cqv9ojrp5nhl68h"}
{"type":"operationEnd","operationId":"cqv9ojrp5nhl68h","timestamp":1769043852025,"id":"k03vyzo9zdg2bb5","previousEventId":"rwrhoozfrbr9p86","previousOperationId":"cqv9ojrp5nhl68h"}
{"type":"log","timestamp":1769043852025,"level":"debug","message":"Skipping storing report.","meta":{"rootId":"6lqohdasu2hnq78","id":"6lqohdasu2hnq78"},"id":"zkwocx98jev51v0","previousOperationId":"cqv9ojrp5nhl68h"}
{"type":"log","timestamp":1769043852025,"level":"info","message":"Rendering request 30 finished in 709 ms","meta":{"rootId":"6lqohdasu2hnq78","id":"6lqohdasu2hnq78"},"id":"coc8arg3vmlh0n3","previousOperationId":"cqv9ojrp5nhl68h"}
{"type":"operationEnd","subtype":"render","operationId":"0jycgxfvjkmi3xw","timestamp":1769043852025,"id":"l2ksjdhk8fno6te","previousEventId":"k03vyzo9zdg2bb5","previousOperationId":"cqv9ojrp5nhl68h"}
{"type":"operationEnd","doDiffs":false,"previousEventId":"0v3doz4d6lz4up8","previousOperationId":"heqcwxb6veiqqsh","operationId":"heqcwxb6veiqqsh","timestamp":1769043852027,"id":"hfrsjxaq5xlkwgp"}
