{"type":"operationStart","subtype":"profile","data":{"_id":"GWj4Kjztec4QZanw","timestamp":"2026-01-22T01:14:22.216Z","state":"queued","mode":"standard","creationDate":"2026-01-22T01:14:22.226Z","modificationDate":"2026-01-22T01:14:22.226Z","shortid":"sEt67gT","$entitySet":"profiles"},"doDiffs":false,"timestamp":1769044462220,"id":"voq6k0u83w7dhp9","previousOperationId":null,"operationId":"vq5gtssqnts1avs"}
{"type":"log","level":"info","message":"Render request 32 queued for execution and waiting for available worker","previousOperationId":"vq5gtssqnts1avs","timestamp":1769044462223,"id":"25msfukj296kwlt"}
{"type":"operationStart","subtype":"render","name":"journal-entry-v3","previousOperationId":"vq5gtssqnts1avs","timestamp":1769044462331,"id":"dprzps1klt4n1t4","previousEventId":"voq6k0u83w7dhp9","operationId":"n99nrwbgi0p8s6b"}
{"type":"log","timestamp":1769044462336,"level":"info","message":"Starting rendering request 32","meta":{"rootId":"6mkdr58gchqzjue","id":"6mkdr58gchqzjue"},"id":"vwmpxymy9v9co7h","previousOperationId":"n99nrwbgi0p8s6b"}
{"type":"log","timestamp":1769044462341,"level":"info","message":"Rendering template { name: journal-entry-v3, recipe: chrome-pdf, engine: handlebars, preview: true }","meta":{"rootId":"6mkdr58gchqzjue","id":"6mkdr58gchqzjue"},"id":"edell4gtn6pi5b9","previousOperationId":"n99nrwbgi0p8s6b"}
{"type":"log","timestamp":1769044462351,"level":"debug","message":"Inline data specified.","meta":{"rootId":"6mkdr58gchqzjue","id":"6mkdr58gchqzjue"},"id":"plpw7n6i4nizegz","previousOperationId":"n99nrwbgi0p8s6b"}
{"type":"log","timestamp":1769044462357,"level":"debug","message":"Base url not specified, skipping its injection.","meta":{"rootId":"6mkdr58gchqzjue","id":"6mkdr58gchqzjue"},"id":"7clotgtxalzorkg","previousOperationId":"n99nrwbgi0p8s6b"}
{"type":"operationStart","subtype":"engine","name":"handlebars","timestamp":1769044462371,"id":"r81ovrkgcmcqazv","previousEventId":"dprzps1klt4n1t4","operationId":"e1620f9rf4le2bx","previousOperationId":"n99nrwbgi0p8s6b"}
{"type":"log","timestamp":1769044462371,"level":"debug","message":"Rendering engine handlebars","meta":{"rootId":"6mkdr58gchqzjue","id":"6mkdr58gchqzjue"},"id":"1dio9n1fqka04xj","previousOperationId":"e1620f9rf4le2bx"}
{"type":"operationEnd","operationId":"e1620f9rf4le2bx","timestamp":1769044462571,"id":"nxm1ufl4m0adxbv","previousEventId":"r81ovrkgcmcqazv","previousOperationId":"e1620f9rf4le2bx"}
{"type":"operationStart","subtype":"recipe","name":"chrome-pdf","timestamp":1769044462572,"id":"qfims2s0rujblfn","previousEventId":"nxm1ufl4m0adxbv","operationId":"4dbcgqlk7xiync3","previousOperationId":"e1620f9rf4le2bx"}
{"type":"log","timestamp":1769044462572,"level":"debug","message":"Executing recipe chrome-pdf","meta":{"rootId":"6mkdr58gchqzjue","id":"6mkdr58gchqzjue"},"id":"dlnxqm1670iwvss","previousOperationId":"4dbcgqlk7xiync3"}
{"type":"log","timestamp":1769044462609,"level":"debug","message":"Converting with chrome Chrome/142.0.7444.175 using chrome-pool strategy","meta":{"rootId":"6mkdr58gchqzjue","id":"6mkdr58gchqzjue"},"id":"hvmshlm40wlv65c","previousOperationId":"4dbcgqlk7xiync3"}
{"type":"log","timestamp":1769044462978,"level":"debug","message":"Page request: GET (document) file:///tmp/jsreport/autocleanup/aa28fd60-a6b8-4f1d-add7-9a8ec87e9bd0-chrome-pdf.html","meta":{"rootId":"6mkdr58gchqzjue","id":"6mkdr58gchqzjue"},"id":"isnukgr4r6kl9j5","previousOperationId":"4dbcgqlk7xiync3"}
{"type":"log","timestamp":1769044463015,"level":"debug","message":"Page request finished: GET (document) 200 file:///tmp/jsreport/autocleanup/aa28fd60-a6b8-4f1d-add7-9a8ec87e9bd0-chrome-pdf.html","meta":{"rootId":"6mkdr58gchqzjue","id":"6mkdr58gchqzjue"},"id":"lm1mig0pv180ba5","previousOperationId":"4dbcgqlk7xiync3"}
{"type":"log","timestamp":1769044463020,"level":"debug","message":"Page request: GET (image) https://paciolibucket.s3.us-east-2.amazonaws.com/orgs/c64b69f6759a43a1bc0ae31961876751/companies/logos/e9767ff4-7186-447f-a397-208ea6bbfdb8_ninosfelices.png?X-Amz-Expires=600&X-Amz-Algorithm=AWS4-HMAC-SHA256&X-Amz-Credential=AKIAVYV5Z6T6UQ4ARWOC%2F20251214%2Fus-east-2%2Fs3%2Faws4_request&X-Amz-Date=20251214T042142Z&X-Amz-SignedHeaders=host&X-Amz-Signature=9bef4cc508bdfbedcab35016f2a1346ef8b73fc4c141ec491169a4e6ee842e03","meta":{"rootId":"6mkdr58gchqzjue","id":"6mkdr58gchqzjue"},"id":"mzh8b30n1w5vrgd","previousOperationId":"4dbcgqlk7xiync3"}
{"type":"log","timestamp":1769044463668,"level":"warn","message":"Page request failed: GET (image) https://paciolibucket.s3.us-east-2.amazonaws.com/orgs/c64b69f6759a43a1bc0ae31961876751/companies/logos/e9767ff4-7186-447f-a397-208ea6bbfdb8_ninosfelices.png?X-Amz-Expires=600&X-Amz-Algorithm=AWS4-HMAC-SHA256&X-Amz-Credential=AKIAVYV5Z6T6UQ4ARWOC%2F20251214%2Fus-east-2%2Fs3%2Faws4_request&X-Amz-Date=20251214T042142Z&X-Amz-SignedHeaders=host&X-Amz-Signature=9bef4cc508bdfbedcab35016f2a1346ef8b73fc4c141ec491169a4e6ee842e03, failure: net::ERR_BLOCKED_BY_ORB","meta":{"rootId":"6mkdr58gchqzjue","id":"6mkdr58gchqzjue"},"id":"vewv4pw7e7l9pis","previousOperationId":"4dbcgqlk7xiync3"}
{"type":"log","timestamp":1769044463681,"level":"debug","message":"Running chrome with params {\"printBackground\":true,\"timeout\":59625,\"margin\":{}}","meta":{"rootId":"6mkdr58gchqzjue","id":"6mkdr58gchqzjue"},"id":"12aykxqrtpdot8u","previousOperationId":"4dbcgqlk7xiync3"}
{"type":"operationEnd","operationId":"4dbcgqlk7xiync3","timestamp":1769044463873,"id":"928e24ze75tnwe9","previousEventId":"qfims2s0rujblfn","previousOperationId":"4dbcgqlk7xiync3"}
{"type":"log","timestamp":1769044463874,"level":"debug","message":"Skipping storing report.","meta":{"rootId":"6mkdr58gchqzjue","id":"6mkdr58gchqzjue"},"id":"sjgsqfedsxj5x1l","previousOperationId":"4dbcgqlk7xiync3"}
{"type":"log","timestamp":1769044463874,"level":"info","message":"Rendering request 32 finished in 1667 ms","meta":{"rootId":"6mkdr58gchqzjue","id":"6mkdr58gchqzjue"},"id":"97v5tpuhmur9c7s","previousOperationId":"4dbcgqlk7xiync3"}
{"type":"operationEnd","subtype":"render","operationId":"n99nrwbgi0p8s6b","timestamp":1769044463874,"id":"mhd6l4jgq7noypz","previousEventId":"928e24ze75tnwe9","previousOperationId":"4dbcgqlk7xiync3"}
{"type":"operationEnd","doDiffs":false,"previousEventId":"voq6k0u83w7dhp9","previousOperationId":"vq5gtssqnts1avs","operationId":"vq5gtssqnts1avs","timestamp":1769044463878,"id":"djhempkc7zn2w2e"}
