{"type":"operationStart","subtype":"profile","data":{"_id":"GBRDD3yetdAcYhox","timestamp":"2026-01-22T01:36:43.461Z","state":"queued","mode":"standard","creationDate":"2026-01-22T01:36:43.464Z","modificationDate":"2026-01-22T01:36:43.464Z","shortid":"gP7kakZ","$entitySet":"profiles"},"doDiffs":false,"timestamp":1769045803463,"id":"202yvojy5259weu","previousOperationId":null,"operationId":"kr29faprz1wrxqv"}
{"type":"log","level":"info","message":"Render request 43 queued for execution and waiting for available worker","previousOperationId":"kr29faprz1wrxqv","timestamp":1769045803464,"id":"5won0dusypb8dak"}
{"type":"operationStart","subtype":"render","name":"journal-entry-v3","previousOperationId":"kr29faprz1wrxqv","timestamp":1769045803558,"id":"cx4al1mu8cz6ome","previousEventId":"202yvojy5259weu","operationId":"2pgzeis26pnltnp"}
{"type":"log","timestamp":1769045803562,"level":"info","message":"Starting rendering request 43","meta":{"rootId":"70f294h788lpiwq","id":"70f294h788lpiwq"},"id":"h0237vbvx67nmn0","previousOperationId":"2pgzeis26pnltnp"}
{"type":"log","timestamp":1769045803565,"level":"info","message":"Rendering template { name: journal-entry-v3, recipe: chrome-pdf, engine: handlebars, preview: true }","meta":{"rootId":"70f294h788lpiwq","id":"70f294h788lpiwq"},"id":"4tclidivaf2wsme","previousOperationId":"2pgzeis26pnltnp"}
{"type":"log","timestamp":1769045803572,"level":"debug","message":"Inline data specified.","meta":{"rootId":"70f294h788lpiwq","id":"70f294h788lpiwq"},"id":"htdp0zbhsmzq254","previousOperationId":"2pgzeis26pnltnp"}
{"type":"log","timestamp":1769045803585,"level":"debug","message":"Base url not specified, skipping its injection.","meta":{"rootId":"70f294h788lpiwq","id":"70f294h788lpiwq"},"id":"5lhqxbqpb5u1e2n","previousOperationId":"2pgzeis26pnltnp"}
{"type":"operationStart","subtype":"engine","name":"handlebars","timestamp":1769045803593,"id":"odm0yzhlthe1351","previousEventId":"cx4al1mu8cz6ome","operationId":"urxioo5b0h64me2","previousOperationId":"2pgzeis26pnltnp"}
{"type":"log","timestamp":1769045803593,"level":"debug","message":"Rendering engine handlebars","meta":{"rootId":"70f294h788lpiwq","id":"70f294h788lpiwq"},"id":"xal2874nzhzr5og","previousOperationId":"urxioo5b0h64me2"}
{"type":"operationEnd","operationId":"urxioo5b0h64me2","timestamp":1769045803735,"id":"sx5rpg3obh9dfux","previousEventId":"odm0yzhlthe1351","previousOperationId":"urxioo5b0h64me2"}
{"type":"operationStart","subtype":"recipe","name":"chrome-pdf","timestamp":1769045803735,"id":"3fuc00839mlif0z","previousEventId":"sx5rpg3obh9dfux","operationId":"ei3yeqe3pv6i5ez","previousOperationId":"urxioo5b0h64me2"}
{"type":"log","timestamp":1769045803735,"level":"debug","message":"Executing recipe chrome-pdf","meta":{"rootId":"70f294h788lpiwq","id":"70f294h788lpiwq"},"id":"uhbehdjjt8yrvym","previousOperationId":"ei3yeqe3pv6i5ez"}
{"type":"log","timestamp":1769045803758,"level":"debug","message":"Converting with chrome Chrome/142.0.7444.175 using chrome-pool strategy","meta":{"rootId":"70f294h788lpiwq","id":"70f294h788lpiwq"},"id":"j6wi0i82virbjn0","previousOperationId":"ei3yeqe3pv6i5ez"}
{"type":"log","timestamp":1769045804061,"level":"debug","message":"Page request: GET (document) file:///tmp/jsreport/autocleanup/710f4f36-015a-4a2e-801e-77c3c942a8df-chrome-pdf.html","meta":{"rootId":"70f294h788lpiwq","id":"70f294h788lpiwq"},"id":"y55ws2eu7wy2j0m","previousOperationId":"ei3yeqe3pv6i5ez"}
{"type":"log","timestamp":1769045804093,"level":"debug","message":"Page request finished: GET (document) 200 file:///tmp/jsreport/autocleanup/710f4f36-015a-4a2e-801e-77c3c942a8df-chrome-pdf.html","meta":{"rootId":"70f294h788lpiwq","id":"70f294h788lpiwq"},"id":"7m95dei6bcsxklq","previousOperationId":"ei3yeqe3pv6i5ez"}
{"type":"log","timestamp":1769045804151,"level":"debug","message":"Running chrome with params {\"printBackground\":true,\"timeout\":59712,\"margin\":{}}","meta":{"rootId":"70f294h788lpiwq","id":"70f294h788lpiwq"},"id":"ae3pkehthfb69wm","previousOperationId":"ei3yeqe3pv6i5ez"}
{"type":"operationEnd","operationId":"ei3yeqe3pv6i5ez","timestamp":1769045804254,"id":"it39osgxhf5coqv","previousEventId":"3fuc00839mlif0z","previousOperationId":"ei3yeqe3pv6i5ez"}
{"type":"log","timestamp":1769045804254,"level":"debug","message":"Skipping storing report.","meta":{"rootId":"70f294h788lpiwq","id":"70f294h788lpiwq"},"id":"2yi7q54j9syq4da","previousOperationId":"ei3yeqe3pv6i5ez"}
{"type":"log","timestamp":1769045804254,"level":"info","message":"Rendering request 43 finished in 801 ms","meta":{"rootId":"70f294h788lpiwq","id":"70f294h788lpiwq"},"id":"wnmlv7h3mx4o4uq","previousOperationId":"ei3yeqe3pv6i5ez"}
{"type":"operationEnd","subtype":"render","operationId":"2pgzeis26pnltnp","timestamp":1769045804254,"id":"qypuo3kacyigdcy","previousEventId":"it39osgxhf5coqv","previousOperationId":"ei3yeqe3pv6i5ez"}
{"type":"operationEnd","doDiffs":false,"previousEventId":"202yvojy5259weu","previousOperationId":"kr29faprz1wrxqv","operationId":"kr29faprz1wrxqv","timestamp":1769045804255,"id":"biadqh80jrgtt3x"}
