{"type":"operationStart","subtype":"profile","data":{"_id":"sDSeG3KNeDqa1dyD","timestamp":"2026-01-22T01:23:37.442Z","state":"queued","mode":"standard","creationDate":"2026-01-22T01:23:37.448Z","modificationDate":"2026-01-22T01:23:37.448Z","shortid":"kB-lUvK","$entitySet":"profiles"},"doDiffs":false,"timestamp":1769045017444,"id":"oruhzeckw9vh3uc","previousOperationId":null,"operationId":"xmmbq6cew69yovd"}
{"type":"log","level":"info","message":"Render request 39 queued for execution and waiting for available worker","previousOperationId":"xmmbq6cew69yovd","timestamp":1769045017446,"id":"kxzzbqo1ki9k3w9"}
{"type":"operationStart","subtype":"render","name":"journal-entry-v3","previousOperationId":"xmmbq6cew69yovd","timestamp":1769045017525,"id":"cuskaaz80gt4xlq","previousEventId":"oruhzeckw9vh3uc","operationId":"779b8e6gx6a7d8b"}
{"type":"log","timestamp":1769045017525,"level":"info","message":"Starting rendering request 39","meta":{"rootId":"7v2wr8psn8qd6ga","id":"7v2wr8psn8qd6ga"},"id":"ep8ekqah7ylj2ta","previousOperationId":"779b8e6gx6a7d8b"}
{"type":"log","timestamp":1769045017525,"level":"info","message":"Rendering template { name: journal-entry-v3, recipe: chrome-pdf, engine: handlebars, preview: true }","meta":{"rootId":"7v2wr8psn8qd6ga","id":"7v2wr8psn8qd6ga"},"id":"vqb1tf8l9lmkow3","previousOperationId":"779b8e6gx6a7d8b"}
{"type":"log","timestamp":1769045017527,"level":"debug","message":"Inline data specified.","meta":{"rootId":"7v2wr8psn8qd6ga","id":"7v2wr8psn8qd6ga"},"id":"nkrxrscj5sg5nev","previousOperationId":"779b8e6gx6a7d8b"}
{"type":"log","timestamp":1769045017534,"level":"debug","message":"Base url not specified, skipping its injection.","meta":{"rootId":"7v2wr8psn8qd6ga","id":"7v2wr8psn8qd6ga"},"id":"klzpzgymq1f4iyz","previousOperationId":"779b8e6gx6a7d8b"}
{"type":"operationStart","subtype":"engine","name":"handlebars","timestamp":1769045017535,"id":"bn53djb0w8t1j9f","previousEventId":"cuskaaz80gt4xlq","operationId":"lzrsfsxc0bg4e07","previousOperationId":"779b8e6gx6a7d8b"}
{"type":"log","timestamp":1769045017535,"level":"debug","message":"Rendering engine handlebars","meta":{"rootId":"7v2wr8psn8qd6ga","id":"7v2wr8psn8qd6ga"},"id":"6v26flq58ch7yst","previousOperationId":"lzrsfsxc0bg4e07"}
{"type":"operationEnd","operationId":"lzrsfsxc0bg4e07","timestamp":1769045017608,"id":"m8yy92trd2j2pzt","previousEventId":"bn53djb0w8t1j9f","previousOperationId":"lzrsfsxc0bg4e07"}
{"type":"operationStart","subtype":"recipe","name":"chrome-pdf","timestamp":1769045017608,"id":"uewdl4edo4xeuqg","previousEventId":"m8yy92trd2j2pzt","operationId":"lbjecafq7up8m6h","previousOperationId":"lzrsfsxc0bg4e07"}
{"type":"log","timestamp":1769045017608,"level":"debug","message":"Executing recipe chrome-pdf","meta":{"rootId":"7v2wr8psn8qd6ga","id":"7v2wr8psn8qd6ga"},"id":"sod2emjg9csegtv","previousOperationId":"lbjecafq7up8m6h"}
{"type":"log","timestamp":1769045017612,"level":"debug","message":"Converting with chrome Chrome/142.0.7444.175 using chrome-pool strategy","meta":{"rootId":"7v2wr8psn8qd6ga","id":"7v2wr8psn8qd6ga"},"id":"us2hdfjs4pamh8e","previousOperationId":"lbjecafq7up8m6h"}
{"type":"log","timestamp":1769045017663,"level":"debug","message":"Page request: GET (document) file:///tmp/jsreport/autocleanup/705a7849-6d9a-4e65-964c-8e9d4ddc7667-chrome-pdf.html","meta":{"rootId":"7v2wr8psn8qd6ga","id":"7v2wr8psn8qd6ga"},"id":"ipogkimps35833s","previousOperationId":"lbjecafq7up8m6h"}
{"type":"log","timestamp":1769045017679,"level":"debug","message":"Page request finished: GET (document) 200 file:///tmp/jsreport/autocleanup/705a7849-6d9a-4e65-964c-8e9d4ddc7667-chrome-pdf.html","meta":{"rootId":"7v2wr8psn8qd6ga","id":"7v2wr8psn8qd6ga"},"id":"w9khhzzcvwhp08b","previousOperationId":"lbjecafq7up8m6h"}
{"type":"log","timestamp":1769045017684,"level":"debug","message":"Page request: GET (image) https://paciolibucket.s3.us-east-2.amazonaws.com/orgs/c64b69f6759a43a1bc0ae31961876751/companies/logos/e9767ff4-7186-447f-a397-208ea6bbfdb8_ninosfelices.png?X-Amz-Expires=600&X-Amz-Algorithm=AWS4-HMAC-SHA256&X-Amz-Credential=AKIAVYV5Z6T6UQ4ARWOC%2F20251214%2Fus-east-2%2Fs3%2Faws4_request&X-Amz-Date=20251214T042142Z&X-Amz-SignedHeaders=host&X-Amz-Signature=9bef4cc508bdfbedcab35016f2a1346ef8b73fc4c141ec491169a4e6ee842e03","meta":{"rootId":"7v2wr8psn8qd6ga","id":"7v2wr8psn8qd6ga"},"id":"9ihd5r44woddnjc","previousOperationId":"lbjecafq7up8m6h"}
{"type":"log","timestamp":1769045018079,"level":"warn","message":"Page request failed: GET (image) https://paciolibucket.s3.us-east-2.amazonaws.com/orgs/c64b69f6759a43a1bc0ae31961876751/companies/logos/e9767ff4-7186-447f-a397-208ea6bbfdb8_ninosfelices.png?X-Amz-Expires=600&X-Amz-Algorithm=AWS4-HMAC-SHA256&X-Amz-Credential=AKIAVYV5Z6T6UQ4ARWOC%2F20251214%2Fus-east-2%2Fs3%2Faws4_request&X-Amz-Date=20251214T042142Z&X-Amz-SignedHeaders=host&X-Amz-Signature=9bef4cc508bdfbedcab35016f2a1346ef8b73fc4c141ec491169a4e6ee842e03, failure: net::ERR_BLOCKED_BY_ORB","meta":{"rootId":"7v2wr8psn8qd6ga","id":"7v2wr8psn8qd6ga"},"id":"zbpk22geyud9ie7","previousOperationId":"lbjecafq7up8m6h"}
{"type":"log","timestamp":1769045018089,"level":"debug","message":"Running chrome with params {\"printBackground\":true,\"timeout\":59830,\"margin\":{}}","meta":{"rootId":"7v2wr8psn8qd6ga","id":"7v2wr8psn8qd6ga"},"id":"jy2f6cki5dawkn7","previousOperationId":"lbjecafq7up8m6h"}
{"type":"operationEnd","operationId":"lbjecafq7up8m6h","timestamp":1769045018182,"id":"6si49z8bx7aim1l","previousEventId":"uewdl4edo4xeuqg","previousOperationId":"lbjecafq7up8m6h"}
{"type":"log","timestamp":1769045018183,"level":"debug","message":"Skipping storing report.","meta":{"rootId":"7v2wr8psn8qd6ga","id":"7v2wr8psn8qd6ga"},"id":"0ae5tdfva8rcrkr","previousOperationId":"lbjecafq7up8m6h"}
{"type":"log","timestamp":1769045018183,"level":"info","message":"Rendering request 39 finished in 743 ms","meta":{"rootId":"7v2wr8psn8qd6ga","id":"7v2wr8psn8qd6ga"},"id":"9qlnykqkwlq4bgm","previousOperationId":"lbjecafq7up8m6h"}
{"type":"operationEnd","subtype":"render","operationId":"779b8e6gx6a7d8b","timestamp":1769045018183,"id":"t77lxgnozp5xktj","previousEventId":"6si49z8bx7aim1l","previousOperationId":"lbjecafq7up8m6h"}
{"type":"operationEnd","doDiffs":false,"previousEventId":"oruhzeckw9vh3uc","previousOperationId":"xmmbq6cew69yovd","operationId":"xmmbq6cew69yovd","timestamp":1769045018184,"id":"8lvzsq2fra2fu0l"}
