{"type":"operationStart","subtype":"profile","data":{"_id":"HMeLvJxOdLHngphK","timestamp":"2026-01-22T01:07:46.403Z","state":"queued","mode":"standard","creationDate":"2026-01-22T01:07:46.406Z","modificationDate":"2026-01-22T01:07:46.406Z","shortid":"hk5-HXI","$entitySet":"profiles"},"doDiffs":false,"timestamp":1769044066406,"id":"0lehhkom8jktlue","previousOperationId":null,"operationId":"hlxaht3p4dvd1dt"}
{"type":"log","level":"info","message":"Render request 31 queued for execution and waiting for available worker","previousOperationId":"hlxaht3p4dvd1dt","timestamp":1769044066406,"id":"i3fy27j2co5ixnb"}
{"type":"operationStart","subtype":"render","name":"journal-entry-v3","previousOperationId":"hlxaht3p4dvd1dt","timestamp":1769044066460,"id":"tm2l0rf1l3cmaq4","previousEventId":"0lehhkom8jktlue","operationId":"tmnn431tp7mdzg1"}
{"type":"log","timestamp":1769044066462,"level":"info","message":"Starting rendering request 31","meta":{"rootId":"807y30mu1vjr6rv","id":"807y30mu1vjr6rv"},"id":"ue0ebunw36wlxkh","previousOperationId":"tmnn431tp7mdzg1"}
{"type":"log","timestamp":1769044066463,"level":"info","message":"Rendering template { name: journal-entry-v3, recipe: chrome-pdf, engine: handlebars, preview: true }","meta":{"rootId":"807y30mu1vjr6rv","id":"807y30mu1vjr6rv"},"id":"wn8p3147r4jpnae","previousOperationId":"tmnn431tp7mdzg1"}
{"type":"log","timestamp":1769044066465,"level":"debug","message":"Inline data specified.","meta":{"rootId":"807y30mu1vjr6rv","id":"807y30mu1vjr6rv"},"id":"7nrfml8kh116icd","previousOperationId":"tmnn431tp7mdzg1"}
{"type":"log","timestamp":1769044066468,"level":"debug","message":"Base url not specified, skipping its injection.","meta":{"rootId":"807y30mu1vjr6rv","id":"807y30mu1vjr6rv"},"id":"5k9e60zgq7eje2n","previousOperationId":"tmnn431tp7mdzg1"}
{"type":"operationStart","subtype":"engine","name":"handlebars","timestamp":1769044066471,"id":"ws65bfptfmfke1n","previousEventId":"tm2l0rf1l3cmaq4","operationId":"53ss772zrs5k9r2","previousOperationId":"tmnn431tp7mdzg1"}
{"type":"log","timestamp":1769044066471,"level":"debug","message":"Rendering engine handlebars","meta":{"rootId":"807y30mu1vjr6rv","id":"807y30mu1vjr6rv"},"id":"wft3cedm5793qn9","previousOperationId":"53ss772zrs5k9r2"}
{"type":"operationEnd","operationId":"53ss772zrs5k9r2","timestamp":1769044066554,"id":"1nkz5zcyotzw6wn","previousEventId":"ws65bfptfmfke1n","previousOperationId":"53ss772zrs5k9r2"}
{"type":"operationStart","subtype":"recipe","name":"chrome-pdf","timestamp":1769044066554,"id":"1c5cvsmwxv5cro9","previousEventId":"1nkz5zcyotzw6wn","operationId":"hlqpy87wxwzjcl6","previousOperationId":"53ss772zrs5k9r2"}
{"type":"log","timestamp":1769044066554,"level":"debug","message":"Executing recipe chrome-pdf","meta":{"rootId":"807y30mu1vjr6rv","id":"807y30mu1vjr6rv"},"id":"5ckrn5cbshsxeih","previousOperationId":"hlqpy87wxwzjcl6"}
{"type":"log","timestamp":1769044066567,"level":"debug","message":"Converting with chrome Chrome/142.0.7444.175 using chrome-pool strategy","meta":{"rootId":"807y30mu1vjr6rv","id":"807y30mu1vjr6rv"},"id":"cgjujqgfp9d1f9t","previousOperationId":"hlqpy87wxwzjcl6"}
{"type":"log","timestamp":1769044066687,"level":"debug","message":"Page request: GET (document) file:///tmp/jsreport/autocleanup/f92b2fda-4408-4b7b-8bd8-65256ed1fbe2-chrome-pdf.html","meta":{"rootId":"807y30mu1vjr6rv","id":"807y30mu1vjr6rv"},"id":"8k3qevr3p3kkdzj","previousOperationId":"hlqpy87wxwzjcl6"}
{"type":"log","timestamp":1769044066704,"level":"debug","message":"Page request finished: GET (document) 200 file:///tmp/jsreport/autocleanup/f92b2fda-4408-4b7b-8bd8-65256ed1fbe2-chrome-pdf.html","meta":{"rootId":"807y30mu1vjr6rv","id":"807y30mu1vjr6rv"},"id":"9wh3rbzych1amxd","previousOperationId":"hlqpy87wxwzjcl6"}
{"type":"log","timestamp":1769044066705,"level":"debug","message":"Page request: GET (image) https://paciolibucket.s3.us-east-2.amazonaws.com/orgs/c64b69f6759a43a1bc0ae31961876751/companies/logos/e9767ff4-7186-447f-a397-208ea6bbfdb8_ninosfelices.png?X-Amz-Expires=600&X-Amz-Algorithm=AWS4-HMAC-SHA256&X-Amz-Credential=AKIAVYV5Z6T6UQ4ARWOC%2F20251214%2Fus-east-2%2Fs3%2Faws4_request&X-Amz-Date=20251214T042142Z&X-Amz-SignedHeaders=host&X-Amz-Signature=9bef4cc508bdfbedcab35016f2a1346ef8b73fc4c141ec491169a4e6ee842e03","meta":{"rootId":"807y30mu1vjr6rv","id":"807y30mu1vjr6rv"},"id":"o0mgeyxb4zvbpid","previousOperationId":"hlqpy87wxwzjcl6"}
{"type":"log","timestamp":1769044067065,"level":"warn","message":"Page request failed: GET (image) https://paciolibucket.s3.us-east-2.amazonaws.com/orgs/c64b69f6759a43a1bc0ae31961876751/companies/logos/e9767ff4-7186-447f-a397-208ea6bbfdb8_ninosfelices.png?X-Amz-Expires=600&X-Amz-Algorithm=AWS4-HMAC-SHA256&X-Amz-Credential=AKIAVYV5Z6T6UQ4ARWOC%2F20251214%2Fus-east-2%2Fs3%2Faws4_request&X-Amz-Date=20251214T042142Z&X-Amz-SignedHeaders=host&X-Amz-Signature=9bef4cc508bdfbedcab35016f2a1346ef8b73fc4c141ec491169a4e6ee842e03, failure: net::ERR_BLOCKED_BY_ORB","meta":{"rootId":"807y30mu1vjr6rv","id":"807y30mu1vjr6rv"},"id":"e9jiucydyevlpqf","previousOperationId":"hlqpy87wxwzjcl6"}
{"type":"log","timestamp":1769044067068,"level":"debug","message":"Running chrome with params {\"printBackground\":true,\"timeout\":59843,\"margin\":{}}","meta":{"rootId":"807y30mu1vjr6rv","id":"807y30mu1vjr6rv"},"id":"w8icqo6o0th74w4","previousOperationId":"hlqpy87wxwzjcl6"}
{"type":"operationEnd","operationId":"hlqpy87wxwzjcl6","timestamp":1769044067118,"id":"6klku7jx3mdgga9","previousEventId":"1c5cvsmwxv5cro9","previousOperationId":"hlqpy87wxwzjcl6"}
{"type":"log","timestamp":1769044067118,"level":"debug","message":"Skipping storing report.","meta":{"rootId":"807y30mu1vjr6rv","id":"807y30mu1vjr6rv"},"id":"jbybgfplynrry4v","previousOperationId":"hlqpy87wxwzjcl6"}
{"type":"log","timestamp":1769044067118,"level":"info","message":"Rendering request 31 finished in 715 ms","meta":{"rootId":"807y30mu1vjr6rv","id":"807y30mu1vjr6rv"},"id":"brxq2cit8dijaul","previousOperationId":"hlqpy87wxwzjcl6"}
{"type":"operationEnd","subtype":"render","operationId":"tmnn431tp7mdzg1","timestamp":1769044067118,"id":"fnat429ytytf681","previousEventId":"6klku7jx3mdgga9","previousOperationId":"hlqpy87wxwzjcl6"}
{"type":"operationEnd","doDiffs":false,"previousEventId":"0lehhkom8jktlue","previousOperationId":"hlxaht3p4dvd1dt","operationId":"hlxaht3p4dvd1dt","timestamp":1769044067120,"id":"roxxusmwkbw7siy"}
