{"type":"operationStart","subtype":"profile","data":{"_id":"LBSpAxKj5ZA46ILa","timestamp":"2026-01-22T01:00:52.510Z","state":"queued","mode":"standard","creationDate":"2026-01-22T01:00:52.523Z","modificationDate":"2026-01-22T01:00:52.523Z","shortid":"aihLVCT","$entitySet":"profiles"},"doDiffs":false,"timestamp":1769043652517,"id":"0qv155049irdj5a","previousOperationId":null,"operationId":"8yt5yz2c40v722p"}
{"type":"log","level":"info","message":"Render request 28 queued for execution and waiting for available worker","previousOperationId":"8yt5yz2c40v722p","timestamp":1769043652520,"id":"41f91jj76lut60k"}
{"type":"operationStart","subtype":"render","name":"journal-entry-v3","previousOperationId":"8yt5yz2c40v722p","timestamp":1769043652607,"id":"at5bu6wgo4fn2x5","previousEventId":"0qv155049irdj5a","operationId":"dfwqcnskjhfd948"}
{"type":"log","timestamp":1769043652610,"level":"info","message":"Starting rendering request 28","meta":{"rootId":"bmbd5kh916evftb","id":"bmbd5kh916evftb"},"id":"r3hfvcibqlo8lbw","previousOperationId":"dfwqcnskjhfd948"}
{"type":"log","timestamp":1769043652613,"level":"info","message":"Rendering template { name: journal-entry-v3, recipe: chrome-pdf, engine: handlebars, preview: true }","meta":{"rootId":"bmbd5kh916evftb","id":"bmbd5kh916evftb"},"id":"1cq7nldx5cpmdzm","previousOperationId":"dfwqcnskjhfd948"}
{"type":"log","timestamp":1769043652619,"level":"debug","message":"Inline data specified.","meta":{"rootId":"bmbd5kh916evftb","id":"bmbd5kh916evftb"},"id":"9vz4tzawjx76706","previousOperationId":"dfwqcnskjhfd948"}
{"type":"log","timestamp":1769043652631,"level":"debug","message":"Base url not specified, skipping its injection.","meta":{"rootId":"bmbd5kh916evftb","id":"bmbd5kh916evftb"},"id":"ul47wjb9id7tw3c","previousOperationId":"dfwqcnskjhfd948"}
{"type":"operationStart","subtype":"engine","name":"handlebars","timestamp":1769043652638,"id":"zvke7jqfcsbwgy1","previousEventId":"at5bu6wgo4fn2x5","operationId":"mwa0crhak46fyxy","previousOperationId":"dfwqcnskjhfd948"}
{"type":"log","timestamp":1769043652638,"level":"debug","message":"Rendering engine handlebars","meta":{"rootId":"bmbd5kh916evftb","id":"bmbd5kh916evftb"},"id":"yoo5npkki8tvh0k","previousOperationId":"mwa0crhak46fyxy"}
{"type":"operationEnd","operationId":"mwa0crhak46fyxy","timestamp":1769043652795,"id":"c7wu0zc0lcyuu05","previousEventId":"zvke7jqfcsbwgy1","previousOperationId":"mwa0crhak46fyxy"}
{"type":"operationStart","subtype":"recipe","name":"chrome-pdf","timestamp":1769043652795,"id":"tsd6j0vszh72ot1","previousEventId":"c7wu0zc0lcyuu05","operationId":"gv5v276501c0tj9","previousOperationId":"mwa0crhak46fyxy"}
{"type":"log","timestamp":1769043652795,"level":"debug","message":"Executing recipe chrome-pdf","meta":{"rootId":"bmbd5kh916evftb","id":"bmbd5kh916evftb"},"id":"5taq40s9hs92epo","previousOperationId":"gv5v276501c0tj9"}
{"type":"log","timestamp":1769043652823,"level":"debug","message":"Converting with chrome Chrome/142.0.7444.175 using chrome-pool strategy","meta":{"rootId":"bmbd5kh916evftb","id":"bmbd5kh916evftb"},"id":"arvmde0gyz8fip4","previousOperationId":"gv5v276501c0tj9"}
{"type":"log","timestamp":1769043653107,"level":"debug","message":"Page request: GET (document) file:///tmp/jsreport/autocleanup/e537ae60-2d0b-48bf-9715-1f51dd40d1bd-chrome-pdf.html","meta":{"rootId":"bmbd5kh916evftb","id":"bmbd5kh916evftb"},"id":"dwh19utlvgay2e6","previousOperationId":"gv5v276501c0tj9"}
{"type":"log","timestamp":1769043653137,"level":"debug","message":"Page request finished: GET (document) 200 file:///tmp/jsreport/autocleanup/e537ae60-2d0b-48bf-9715-1f51dd40d1bd-chrome-pdf.html","meta":{"rootId":"bmbd5kh916evftb","id":"bmbd5kh916evftb"},"id":"9xddsxjlb403xtp","previousOperationId":"gv5v276501c0tj9"}
{"type":"log","timestamp":1769043653184,"level":"debug","message":"Running chrome with params {\"printBackground\":true,\"timeout\":59688,\"margin\":{}}","meta":{"rootId":"bmbd5kh916evftb","id":"bmbd5kh916evftb"},"id":"p455n4p2m0trkpi","previousOperationId":"gv5v276501c0tj9"}
{"type":"operationEnd","operationId":"gv5v276501c0tj9","timestamp":1769043653264,"id":"37hd3mvr8gxoya1","previousEventId":"tsd6j0vszh72ot1","previousOperationId":"gv5v276501c0tj9"}
{"type":"log","timestamp":1769043653265,"level":"debug","message":"Skipping storing report.","meta":{"rootId":"bmbd5kh916evftb","id":"bmbd5kh916evftb"},"id":"9q8p146acdz6w2n","previousOperationId":"gv5v276501c0tj9"}
{"type":"log","timestamp":1769043653265,"level":"info","message":"Rendering request 28 finished in 775 ms","meta":{"rootId":"bmbd5kh916evftb","id":"bmbd5kh916evftb"},"id":"otnlvl4smzsbl9d","previousOperationId":"gv5v276501c0tj9"}
{"type":"operationEnd","subtype":"render","operationId":"dfwqcnskjhfd948","timestamp":1769043653265,"id":"knd499aashhj4j7","previousEventId":"37hd3mvr8gxoya1","previousOperationId":"gv5v276501c0tj9"}
{"type":"operationEnd","doDiffs":false,"previousEventId":"0qv155049irdj5a","previousOperationId":"8yt5yz2c40v722p","operationId":"8yt5yz2c40v722p","timestamp":1769043653268,"id":"xanwuxaveqawwcu"}
