{"type":"operationStart","subtype":"profile","data":{"_id":"42lceq11Zd79OZgu","timestamp":"2026-01-22T00:50:27.511Z","state":"queued","mode":"standard","creationDate":"2026-01-22T00:50:27.513Z","modificationDate":"2026-01-22T00:50:27.513Z","shortid":"Hr13dzs","$entitySet":"profiles"},"doDiffs":false,"timestamp":1769043027512,"id":"o4qy1r1pxc8zzse","previousOperationId":null,"operationId":"i1l8acvith6k5pp"}
{"type":"log","level":"info","message":"Render request 26 queued for execution and waiting for available worker","previousOperationId":"i1l8acvith6k5pp","timestamp":1769043027512,"id":"ifsrvcomjpkap8c"}
{"type":"operationStart","subtype":"render","name":"journal-entry-v3","previousOperationId":"i1l8acvith6k5pp","timestamp":1769043027560,"id":"202fozx4b2cgbt9","previousEventId":"o4qy1r1pxc8zzse","operationId":"x9g6x39yxezsjut"}
{"type":"log","timestamp":1769043027560,"level":"info","message":"Starting rendering request 26","meta":{"rootId":"c38bf4tc9zhzvyz","id":"c38bf4tc9zhzvyz"},"id":"2r0a26i1atx8vqt","previousOperationId":"x9g6x39yxezsjut"}
{"type":"log","timestamp":1769043027560,"level":"info","message":"Rendering template { name: journal-entry-v3, recipe: chrome-pdf, engine: handlebars, preview: true }","meta":{"rootId":"c38bf4tc9zhzvyz","id":"c38bf4tc9zhzvyz"},"id":"zh71co3s4kavhk3","previousOperationId":"x9g6x39yxezsjut"}
{"type":"log","timestamp":1769043027562,"level":"debug","message":"Inline data specified.","meta":{"rootId":"c38bf4tc9zhzvyz","id":"c38bf4tc9zhzvyz"},"id":"pqtvw9xq7oi94ho","previousOperationId":"x9g6x39yxezsjut"}
{"type":"log","timestamp":1769043027564,"level":"debug","message":"Base url not specified, skipping its injection.","meta":{"rootId":"c38bf4tc9zhzvyz","id":"c38bf4tc9zhzvyz"},"id":"fggm87f1raytix8","previousOperationId":"x9g6x39yxezsjut"}
{"type":"operationStart","subtype":"engine","name":"handlebars","timestamp":1769043027564,"id":"gl3x1donrly5uso","previousEventId":"202fozx4b2cgbt9","operationId":"h6aa3i40w3l6bvv","previousOperationId":"x9g6x39yxezsjut"}
{"type":"log","timestamp":1769043027564,"level":"debug","message":"Rendering engine handlebars","meta":{"rootId":"c38bf4tc9zhzvyz","id":"c38bf4tc9zhzvyz"},"id":"izo67s3kovu7u25","previousOperationId":"h6aa3i40w3l6bvv"}
{"type":"operationEnd","operationId":"h6aa3i40w3l6bvv","timestamp":1769043027621,"id":"9cz9xoupu8kc642","previousEventId":"gl3x1donrly5uso","previousOperationId":"h6aa3i40w3l6bvv"}
{"type":"operationStart","subtype":"recipe","name":"chrome-pdf","timestamp":1769043027622,"id":"jqsfcec0zqhwcxr","previousEventId":"9cz9xoupu8kc642","operationId":"61odh6c96a59fyi","previousOperationId":"h6aa3i40w3l6bvv"}
{"type":"log","timestamp":1769043027622,"level":"debug","message":"Executing recipe chrome-pdf","meta":{"rootId":"c38bf4tc9zhzvyz","id":"c38bf4tc9zhzvyz"},"id":"4x3k88l3kl8k99u","previousOperationId":"61odh6c96a59fyi"}
{"type":"log","timestamp":1769043027625,"level":"debug","message":"Converting with chrome Chrome/142.0.7444.175 using chrome-pool strategy","meta":{"rootId":"c38bf4tc9zhzvyz","id":"c38bf4tc9zhzvyz"},"id":"tecomg47rfurrd4","previousOperationId":"61odh6c96a59fyi"}
{"type":"log","timestamp":1769043027667,"level":"debug","message":"Page request: GET (document) file:///tmp/jsreport/autocleanup/87a115df-e52d-4978-a18d-8a7709c2ecf5-chrome-pdf.html","meta":{"rootId":"c38bf4tc9zhzvyz","id":"c38bf4tc9zhzvyz"},"id":"j3soc0kfhsnk4m7","previousOperationId":"61odh6c96a59fyi"}
{"type":"log","timestamp":1769043027678,"level":"debug","message":"Page request finished: GET (document) 200 file:///tmp/jsreport/autocleanup/87a115df-e52d-4978-a18d-8a7709c2ecf5-chrome-pdf.html","meta":{"rootId":"c38bf4tc9zhzvyz","id":"c38bf4tc9zhzvyz"},"id":"3vp20pis23sb8os","previousOperationId":"61odh6c96a59fyi"}
{"type":"log","timestamp":1769043027712,"level":"debug","message":"Running chrome with params {\"printBackground\":true,\"timeout\":59887,\"margin\":{}}","meta":{"rootId":"c38bf4tc9zhzvyz","id":"c38bf4tc9zhzvyz"},"id":"xot1o1cyry20j1o","previousOperationId":"61odh6c96a59fyi"}
{"type":"operationEnd","operationId":"61odh6c96a59fyi","timestamp":1769043027770,"id":"ctxm58vqeos541v","previousEventId":"jqsfcec0zqhwcxr","previousOperationId":"61odh6c96a59fyi"}
{"type":"log","timestamp":1769043027770,"level":"debug","message":"Skipping storing report.","meta":{"rootId":"c38bf4tc9zhzvyz","id":"c38bf4tc9zhzvyz"},"id":"kfan6xo4pxen8k6","previousOperationId":"61odh6c96a59fyi"}
{"type":"log","timestamp":1769043027770,"level":"info","message":"Rendering request 26 finished in 259 ms","meta":{"rootId":"c38bf4tc9zhzvyz","id":"c38bf4tc9zhzvyz"},"id":"pfzkbxid8wd4b6p","previousOperationId":"61odh6c96a59fyi"}
{"type":"operationEnd","subtype":"render","operationId":"x9g6x39yxezsjut","timestamp":1769043027770,"id":"ycog3ii1gw3f28l","previousEventId":"ctxm58vqeos541v","previousOperationId":"61odh6c96a59fyi"}
{"type":"operationEnd","doDiffs":false,"previousEventId":"o4qy1r1pxc8zzse","previousOperationId":"i1l8acvith6k5pp","operationId":"i1l8acvith6k5pp","timestamp":1769043027773,"id":"4hwcm1b25zii4hn"}
