{"type":"operationStart","subtype":"profile","data":{"_id":"n2oj3NDrPiA3OvIz","timestamp":"2026-01-22T01:21:30.754Z","state":"queued","mode":"standard","creationDate":"2026-01-22T01:21:30.756Z","modificationDate":"2026-01-22T01:21:30.756Z","shortid":"ypF3Wtz","$entitySet":"profiles"},"doDiffs":false,"timestamp":1769044890756,"id":"39mjmbgjxi6dk5e","previousOperationId":null,"operationId":"il4vonz0l3zun7k"}
{"type":"log","level":"info","message":"Render request 36 queued for execution and waiting for available worker","previousOperationId":"il4vonz0l3zun7k","timestamp":1769044890756,"id":"w2dv49w690aatfh"}
{"type":"operationStart","subtype":"render","name":"journal-entry-v3","previousOperationId":"il4vonz0l3zun7k","timestamp":1769044890832,"id":"bb7plqjj4sgzfsp","previousEventId":"39mjmbgjxi6dk5e","operationId":"46ty6be1egrx32o"}
{"type":"log","timestamp":1769044890836,"level":"info","message":"Starting rendering request 36","meta":{"rootId":"cf5ptnaqpimdmqf","id":"cf5ptnaqpimdmqf"},"id":"w10og7ixjooeo1b","previousOperationId":"46ty6be1egrx32o"}
{"type":"log","timestamp":1769044890841,"level":"info","message":"Rendering template { name: journal-entry-v3, recipe: chrome-pdf, engine: handlebars, preview: false }","meta":{"rootId":"cf5ptnaqpimdmqf","id":"cf5ptnaqpimdmqf"},"id":"tmxtn38cm9gqg9e","previousOperationId":"46ty6be1egrx32o"}
{"type":"log","timestamp":1769044890855,"level":"debug","message":"Inline data specified.","meta":{"rootId":"cf5ptnaqpimdmqf","id":"cf5ptnaqpimdmqf"},"id":"3z4oe3zeyoqukbt","previousOperationId":"46ty6be1egrx32o"}
{"type":"log","timestamp":1769044890861,"level":"debug","message":"Base url not specified, skipping its injection.","meta":{"rootId":"cf5ptnaqpimdmqf","id":"cf5ptnaqpimdmqf"},"id":"cfv66jajaqjuqe1","previousOperationId":"46ty6be1egrx32o"}
{"type":"operationStart","subtype":"engine","name":"handlebars","timestamp":1769044890869,"id":"uqrt5exnes4v7ca","previousEventId":"bb7plqjj4sgzfsp","operationId":"iewbvp0095lgxvz","previousOperationId":"46ty6be1egrx32o"}
{"type":"log","timestamp":1769044890869,"level":"debug","message":"Rendering engine handlebars","meta":{"rootId":"cf5ptnaqpimdmqf","id":"cf5ptnaqpimdmqf"},"id":"dp5h6r02yyujhww","previousOperationId":"iewbvp0095lgxvz"}
{"type":"operationEnd","operationId":"iewbvp0095lgxvz","timestamp":1769044890934,"id":"rpka9f116lcihba","previousEventId":"uqrt5exnes4v7ca","previousOperationId":"iewbvp0095lgxvz"}
{"type":"operationStart","subtype":"recipe","name":"chrome-pdf","timestamp":1769044890935,"id":"qkse2qlyw6im1ij","previousEventId":"rpka9f116lcihba","operationId":"iwn88vqsu4lzten","previousOperationId":"iewbvp0095lgxvz"}
{"type":"log","timestamp":1769044890935,"level":"debug","message":"Executing recipe chrome-pdf","meta":{"rootId":"cf5ptnaqpimdmqf","id":"cf5ptnaqpimdmqf"},"id":"jbz0ua8e2cqovm9","previousOperationId":"iwn88vqsu4lzten"}
{"type":"log","timestamp":1769044890962,"level":"debug","message":"Converting with chrome Chrome/142.0.7444.175 using chrome-pool strategy","meta":{"rootId":"cf5ptnaqpimdmqf","id":"cf5ptnaqpimdmqf"},"id":"z2ojs17spjz1g2s","previousOperationId":"iwn88vqsu4lzten"}
{"type":"log","timestamp":1769044891119,"level":"debug","message":"Page request: GET (document) file:///tmp/jsreport/autocleanup/a00611c7-cb7e-4dc5-a648-e7311d159cd9-chrome-pdf.html","meta":{"rootId":"cf5ptnaqpimdmqf","id":"cf5ptnaqpimdmqf"},"id":"qjymbt7f00az6yn","previousOperationId":"iwn88vqsu4lzten"}
{"type":"log","timestamp":1769044891137,"level":"debug","message":"Page request finished: GET (document) 200 file:///tmp/jsreport/autocleanup/a00611c7-cb7e-4dc5-a648-e7311d159cd9-chrome-pdf.html","meta":{"rootId":"cf5ptnaqpimdmqf","id":"cf5ptnaqpimdmqf"},"id":"d3de1oy6hi2gcmk","previousOperationId":"iwn88vqsu4lzten"}
{"type":"log","timestamp":1769044891159,"level":"debug","message":"Running chrome with params {\"printBackground\":true,\"timeout\":59811,\"margin\":{}}","meta":{"rootId":"cf5ptnaqpimdmqf","id":"cf5ptnaqpimdmqf"},"id":"dzkahtqkxcc1w15","previousOperationId":"iwn88vqsu4lzten"}
{"type":"operationEnd","operationId":"iwn88vqsu4lzten","timestamp":1769044891294,"id":"hn589l4bbo3e38w","previousEventId":"qkse2qlyw6im1ij","previousOperationId":"iwn88vqsu4lzten"}
{"type":"log","timestamp":1769044891294,"level":"debug","message":"Skipping storing report.","meta":{"rootId":"cf5ptnaqpimdmqf","id":"cf5ptnaqpimdmqf"},"id":"w40droofox57rh8","previousOperationId":"iwn88vqsu4lzten"}
{"type":"log","timestamp":1769044891295,"level":"info","message":"Rendering request 36 finished in 540 ms","meta":{"rootId":"cf5ptnaqpimdmqf","id":"cf5ptnaqpimdmqf"},"id":"r2onr69z1e01dyb","previousOperationId":"iwn88vqsu4lzten"}
{"type":"operationEnd","subtype":"render","operationId":"46ty6be1egrx32o","timestamp":1769044891295,"id":"hv0ja6mf1vjrdzz","previousEventId":"hn589l4bbo3e38w","previousOperationId":"iwn88vqsu4lzten"}
{"type":"operationEnd","doDiffs":false,"previousEventId":"39mjmbgjxi6dk5e","previousOperationId":"il4vonz0l3zun7k","operationId":"il4vonz0l3zun7k","timestamp":1769044891296,"id":"1astrjprj3ckp95"}
