{"type":"operationStart","subtype":"profile","data":{"_id":"QUqy68pZcN3guHYE","timestamp":"2026-01-22T01:02:00.982Z","state":"queued","mode":"standard","creationDate":"2026-01-22T01:02:00.983Z","modificationDate":"2026-01-22T01:02:00.983Z","shortid":"8h0ci9q","$entitySet":"profiles"},"doDiffs":false,"timestamp":1769043720982,"id":"94hi0t6qqenmgxc","previousOperationId":null,"operationId":"82a9msfhvlnovhw"}
{"type":"log","level":"info","message":"Render request 29 queued for execution and waiting for available worker","previousOperationId":"82a9msfhvlnovhw","timestamp":1769043720983,"id":"gh7e96vaeb452iu"}
{"type":"operationStart","subtype":"render","name":"journal-entry-v3","previousOperationId":"82a9msfhvlnovhw","timestamp":1769043721072,"id":"2kl2y69gouka9la","previousEventId":"94hi0t6qqenmgxc","operationId":"7b1ijvqasxttrkw"}
{"type":"log","timestamp":1769043721076,"level":"info","message":"Starting rendering request 29","meta":{"rootId":"dbpbzsly813r8vb","id":"dbpbzsly813r8vb"},"id":"6wc3zgcb6irnms4","previousOperationId":"7b1ijvqasxttrkw"}
{"type":"log","timestamp":1769043721082,"level":"info","message":"Rendering template { name: journal-entry-v3, recipe: chrome-pdf, engine: handlebars, preview: true }","meta":{"rootId":"dbpbzsly813r8vb","id":"dbpbzsly813r8vb"},"id":"0nlzpxetnx9utvh","previousOperationId":"7b1ijvqasxttrkw"}
{"type":"log","timestamp":1769043721091,"level":"debug","message":"Inline data specified.","meta":{"rootId":"dbpbzsly813r8vb","id":"dbpbzsly813r8vb"},"id":"fqexlf3iv40p0e4","previousOperationId":"7b1ijvqasxttrkw"}
{"type":"log","timestamp":1769043721104,"level":"debug","message":"Base url not specified, skipping its injection.","meta":{"rootId":"dbpbzsly813r8vb","id":"dbpbzsly813r8vb"},"id":"x62s3zhq42ytyrt","previousOperationId":"7b1ijvqasxttrkw"}
{"type":"operationStart","subtype":"engine","name":"handlebars","timestamp":1769043721133,"id":"hmk26l0xamrjurp","previousEventId":"2kl2y69gouka9la","operationId":"fk85iq9pyu6d96t","previousOperationId":"7b1ijvqasxttrkw"}
{"type":"log","timestamp":1769043721133,"level":"debug","message":"Rendering engine handlebars","meta":{"rootId":"dbpbzsly813r8vb","id":"dbpbzsly813r8vb"},"id":"mnopfm4ajilkiko","previousOperationId":"fk85iq9pyu6d96t"}
{"type":"operationEnd","operationId":"fk85iq9pyu6d96t","timestamp":1769043721276,"id":"sec3o5zt1w8s3ss","previousEventId":"hmk26l0xamrjurp","previousOperationId":"fk85iq9pyu6d96t"}
{"type":"operationStart","subtype":"recipe","name":"chrome-pdf","timestamp":1769043721277,"id":"puxr69ilqo491q8","previousEventId":"sec3o5zt1w8s3ss","operationId":"u3ptsdnt8iqpgsm","previousOperationId":"fk85iq9pyu6d96t"}
{"type":"log","timestamp":1769043721277,"level":"debug","message":"Executing recipe chrome-pdf","meta":{"rootId":"dbpbzsly813r8vb","id":"dbpbzsly813r8vb"},"id":"vfmuprcya5n7tzl","previousOperationId":"u3ptsdnt8iqpgsm"}
{"type":"log","timestamp":1769043721292,"level":"debug","message":"Converting with chrome Chrome/142.0.7444.175 using chrome-pool strategy","meta":{"rootId":"dbpbzsly813r8vb","id":"dbpbzsly813r8vb"},"id":"39n0eb42825hehs","previousOperationId":"u3ptsdnt8iqpgsm"}
{"type":"log","timestamp":1769043721421,"level":"debug","message":"Page request: GET (document) file:///tmp/jsreport/autocleanup/10d35a9d-2b77-42ad-8ce4-37da39209eed-chrome-pdf.html","meta":{"rootId":"dbpbzsly813r8vb","id":"dbpbzsly813r8vb"},"id":"q914adiq8ax4rsa","previousOperationId":"u3ptsdnt8iqpgsm"}
{"type":"log","timestamp":1769043721434,"level":"debug","message":"Page request finished: GET (document) 200 file:///tmp/jsreport/autocleanup/10d35a9d-2b77-42ad-8ce4-37da39209eed-chrome-pdf.html","meta":{"rootId":"dbpbzsly813r8vb","id":"dbpbzsly813r8vb"},"id":"l7mj595iztldnhc","previousOperationId":"u3ptsdnt8iqpgsm"}
{"type":"log","timestamp":1769043721460,"level":"debug","message":"Running chrome with params {\"printBackground\":true,\"timeout\":59699,\"margin\":{}}","meta":{"rootId":"dbpbzsly813r8vb","id":"dbpbzsly813r8vb"},"id":"yjdjs80a43s0ggl","previousOperationId":"u3ptsdnt8iqpgsm"}
{"type":"operationEnd","operationId":"u3ptsdnt8iqpgsm","timestamp":1769043721519,"id":"znfpdzy5h9uoij5","previousEventId":"puxr69ilqo491q8","previousOperationId":"u3ptsdnt8iqpgsm"}
{"type":"log","timestamp":1769043721519,"level":"debug","message":"Skipping storing report.","meta":{"rootId":"dbpbzsly813r8vb","id":"dbpbzsly813r8vb"},"id":"gcvnetuyj7zd0ww","previousOperationId":"u3ptsdnt8iqpgsm"}
{"type":"log","timestamp":1769043721519,"level":"info","message":"Rendering request 29 finished in 538 ms","meta":{"rootId":"dbpbzsly813r8vb","id":"dbpbzsly813r8vb"},"id":"zpxlniycro8ml03","previousOperationId":"u3ptsdnt8iqpgsm"}
{"type":"operationEnd","subtype":"render","operationId":"7b1ijvqasxttrkw","timestamp":1769043721519,"id":"cgwwjqihuil46ds","previousEventId":"znfpdzy5h9uoij5","previousOperationId":"u3ptsdnt8iqpgsm"}
{"type":"operationEnd","doDiffs":false,"previousEventId":"94hi0t6qqenmgxc","previousOperationId":"82a9msfhvlnovhw","operationId":"82a9msfhvlnovhw","timestamp":1769043721521,"id":"zqh1x8q2qyxn9zs"}
