{"type":"operationStart","subtype":"profile","data":{"_id":"SLYfleQCmBpvfoA3","timestamp":"2026-01-22T01:14:56.321Z","state":"queued","mode":"standard","creationDate":"2026-01-22T01:14:56.323Z","modificationDate":"2026-01-22T01:14:56.323Z","shortid":"omM20hp","$entitySet":"profiles"},"doDiffs":false,"timestamp":1769044496322,"id":"epdhxd5prq7e2c2","previousOperationId":null,"operationId":"is8vr3qtufcby6g"}
{"type":"log","level":"info","message":"Render request 33 queued for execution and waiting for available worker","previousOperationId":"is8vr3qtufcby6g","timestamp":1769044496323,"id":"gzmfwz4s9cx48nz"}
{"type":"operationStart","subtype":"render","name":"journal-entry-v3","previousOperationId":"is8vr3qtufcby6g","timestamp":1769044496395,"id":"6w3x6csz2p11imj","previousEventId":"epdhxd5prq7e2c2","operationId":"u70ckxe14lpytel"}
{"type":"log","timestamp":1769044496397,"level":"info","message":"Starting rendering request 33","meta":{"rootId":"dplvrqhhxjzyhae","id":"dplvrqhhxjzyhae"},"id":"n1c3sydilb8cgt2","previousOperationId":"u70ckxe14lpytel"}
{"type":"log","timestamp":1769044496400,"level":"info","message":"Rendering template { name: journal-entry-v3, recipe: chrome-pdf, engine: handlebars, preview: true }","meta":{"rootId":"dplvrqhhxjzyhae","id":"dplvrqhhxjzyhae"},"id":"cietw45ngg2u3ji","previousOperationId":"u70ckxe14lpytel"}
{"type":"log","timestamp":1769044496403,"level":"debug","message":"Inline data specified.","meta":{"rootId":"dplvrqhhxjzyhae","id":"dplvrqhhxjzyhae"},"id":"dppa8oze6n1hj9c","previousOperationId":"u70ckxe14lpytel"}
{"type":"log","timestamp":1769044496415,"level":"debug","message":"Base url not specified, skipping its injection.","meta":{"rootId":"dplvrqhhxjzyhae","id":"dplvrqhhxjzyhae"},"id":"ke0s4nv9yyrgfh8","previousOperationId":"u70ckxe14lpytel"}
{"type":"operationStart","subtype":"engine","name":"handlebars","timestamp":1769044496420,"id":"9khe346ji9mm67k","previousEventId":"6w3x6csz2p11imj","operationId":"62vbtmtzk0k3dl3","previousOperationId":"u70ckxe14lpytel"}
{"type":"log","timestamp":1769044496420,"level":"debug","message":"Rendering engine handlebars","meta":{"rootId":"dplvrqhhxjzyhae","id":"dplvrqhhxjzyhae"},"id":"2a4939ccvge06r2","previousOperationId":"62vbtmtzk0k3dl3"}
{"type":"operationEnd","operationId":"62vbtmtzk0k3dl3","timestamp":1769044496524,"id":"5onajwo39pe0iay","previousEventId":"9khe346ji9mm67k","previousOperationId":"62vbtmtzk0k3dl3"}
{"type":"operationStart","subtype":"recipe","name":"chrome-pdf","timestamp":1769044496525,"id":"u69tgkn9e3p9xic","previousEventId":"5onajwo39pe0iay","operationId":"aetc4xgov12mwit","previousOperationId":"62vbtmtzk0k3dl3"}
{"type":"log","timestamp":1769044496525,"level":"debug","message":"Executing recipe chrome-pdf","meta":{"rootId":"dplvrqhhxjzyhae","id":"dplvrqhhxjzyhae"},"id":"4sbgc4puopgnzv4","previousOperationId":"aetc4xgov12mwit"}
{"type":"log","timestamp":1769044496542,"level":"debug","message":"Converting with chrome Chrome/142.0.7444.175 using chrome-pool strategy","meta":{"rootId":"dplvrqhhxjzyhae","id":"dplvrqhhxjzyhae"},"id":"eofpxy7tkc80aev","previousOperationId":"aetc4xgov12mwit"}
{"type":"log","timestamp":1769044496678,"level":"debug","message":"Page request: GET (document) file:///tmp/jsreport/autocleanup/29b0b1ca-53c4-40de-a909-10533b7dc74c-chrome-pdf.html","meta":{"rootId":"dplvrqhhxjzyhae","id":"dplvrqhhxjzyhae"},"id":"qww7bsphng1dugq","previousOperationId":"aetc4xgov12mwit"}
{"type":"log","timestamp":1769044496693,"level":"debug","message":"Page request finished: GET (document) 200 file:///tmp/jsreport/autocleanup/29b0b1ca-53c4-40de-a909-10533b7dc74c-chrome-pdf.html","meta":{"rootId":"dplvrqhhxjzyhae","id":"dplvrqhhxjzyhae"},"id":"xl64psie2x3noev","previousOperationId":"aetc4xgov12mwit"}
{"type":"log","timestamp":1769044496693,"level":"debug","message":"Page request: GET (image) https://paciolibucket.s3.us-east-2.amazonaws.com/orgs/c64b69f6759a43a1bc0ae31961876751/companies/logos/e9767ff4-7186-447f-a397-208ea6bbfdb8_ninosfelices.png?X-Amz-Expires=600&X-Amz-Algorithm=AWS4-HMAC-SHA256&X-Amz-Credential=AKIAVYV5Z6T6UQ4ARWOC%2F20251214%2Fus-east-2%2Fs3%2Faws4_request&X-Amz-Date=20251214T042142Z&X-Amz-SignedHeaders=host&X-Amz-Signature=9bef4cc508bdfbedcab35016f2a1346ef8b73fc4c141ec491169a4e6ee842e03","meta":{"rootId":"dplvrqhhxjzyhae","id":"dplvrqhhxjzyhae"},"id":"jxe91slulwvmxs1","previousOperationId":"aetc4xgov12mwit"}
{"type":"log","timestamp":1769044497079,"level":"warn","message":"Page request failed: GET (image) https://paciolibucket.s3.us-east-2.amazonaws.com/orgs/c64b69f6759a43a1bc0ae31961876751/companies/logos/e9767ff4-7186-447f-a397-208ea6bbfdb8_ninosfelices.png?X-Amz-Expires=600&X-Amz-Algorithm=AWS4-HMAC-SHA256&X-Amz-Credential=AKIAVYV5Z6T6UQ4ARWOC%2F20251214%2Fus-east-2%2Fs3%2Faws4_request&X-Amz-Date=20251214T042142Z&X-Amz-SignedHeaders=host&X-Amz-Signature=9bef4cc508bdfbedcab35016f2a1346ef8b73fc4c141ec491169a4e6ee842e03, failure: net::ERR_BLOCKED_BY_ORB","meta":{"rootId":"dplvrqhhxjzyhae","id":"dplvrqhhxjzyhae"},"id":"zdkw4e3vibk1s50","previousOperationId":"aetc4xgov12mwit"}
{"type":"log","timestamp":1769044497082,"level":"debug","message":"Running chrome with params {\"printBackground\":true,\"timeout\":59791,\"margin\":{}}","meta":{"rootId":"dplvrqhhxjzyhae","id":"dplvrqhhxjzyhae"},"id":"11yngehkgofq1u7","previousOperationId":"aetc4xgov12mwit"}
{"type":"operationEnd","operationId":"aetc4xgov12mwit","timestamp":1769044497149,"id":"pdwq1f6uwpvqxwy","previousEventId":"u69tgkn9e3p9xic","previousOperationId":"aetc4xgov12mwit"}
{"type":"log","timestamp":1769044497150,"level":"debug","message":"Skipping storing report.","meta":{"rootId":"dplvrqhhxjzyhae","id":"dplvrqhhxjzyhae"},"id":"ctz1s5fa3gb3mhe","previousOperationId":"aetc4xgov12mwit"}
{"type":"log","timestamp":1769044497150,"level":"info","message":"Rendering request 33 finished in 829 ms","meta":{"rootId":"dplvrqhhxjzyhae","id":"dplvrqhhxjzyhae"},"id":"ncptr1w5aner73n","previousOperationId":"aetc4xgov12mwit"}
{"type":"operationEnd","subtype":"render","operationId":"u70ckxe14lpytel","timestamp":1769044497150,"id":"qd5021dhjgasibv","previousEventId":"pdwq1f6uwpvqxwy","previousOperationId":"aetc4xgov12mwit"}
{"type":"operationEnd","doDiffs":false,"previousEventId":"epdhxd5prq7e2c2","previousOperationId":"is8vr3qtufcby6g","operationId":"is8vr3qtufcby6g","timestamp":1769044497151,"id":"r8uvcv811fpws25"}
