{"type":"operationStart","subtype":"profile","data":{"_id":"3HYcWyvTCBrGNmsx","timestamp":"2026-01-22T01:21:02.432Z","state":"queued","mode":"standard","creationDate":"2026-01-22T01:21:02.450Z","modificationDate":"2026-01-22T01:21:02.450Z","shortid":"fVrucy_","$entitySet":"profiles"},"doDiffs":false,"timestamp":1769044862437,"id":"rzao0xzzr5x7ubf","previousOperationId":null,"operationId":"w3n1qdmchdbwn71"}
{"type":"log","level":"info","message":"Render request 35 queued for execution and waiting for available worker","previousOperationId":"w3n1qdmchdbwn71","timestamp":1769044862438,"id":"uv3v7ydydgv3fhm"}
{"type":"operationStart","subtype":"render","name":"journal-entry-v3","previousOperationId":"w3n1qdmchdbwn71","timestamp":1769044862556,"id":"el5xv870sqoi4c9","previousEventId":"rzao0xzzr5x7ubf","operationId":"o111267lryhepax"}
{"type":"log","timestamp":1769044862561,"level":"info","message":"Starting rendering request 35","meta":{"rootId":"etbkrdq824mmknt","id":"etbkrdq824mmknt"},"id":"0r8k0rf1karfvi7","previousOperationId":"o111267lryhepax"}
{"type":"log","timestamp":1769044862566,"level":"info","message":"Rendering template { name: journal-entry-v3, recipe: chrome-pdf, engine: handlebars, preview: false }","meta":{"rootId":"etbkrdq824mmknt","id":"etbkrdq824mmknt"},"id":"l86jit1xgted5ly","previousOperationId":"o111267lryhepax"}
{"type":"log","timestamp":1769044862582,"level":"debug","message":"Inline data specified.","meta":{"rootId":"etbkrdq824mmknt","id":"etbkrdq824mmknt"},"id":"ii2lx3lsomocbsb","previousOperationId":"o111267lryhepax"}
{"type":"log","timestamp":1769044862590,"level":"debug","message":"Base url not specified, skipping its injection.","meta":{"rootId":"etbkrdq824mmknt","id":"etbkrdq824mmknt"},"id":"gi29ptixfkf2c6w","previousOperationId":"o111267lryhepax"}
{"type":"operationStart","subtype":"engine","name":"handlebars","timestamp":1769044862599,"id":"2y4w9xliwklt7lf","previousEventId":"el5xv870sqoi4c9","operationId":"bfnc51imd9jilrp","previousOperationId":"o111267lryhepax"}
{"type":"log","timestamp":1769044862599,"level":"debug","message":"Rendering engine handlebars","meta":{"rootId":"etbkrdq824mmknt","id":"etbkrdq824mmknt"},"id":"cq5m6h1ewrt9d44","previousOperationId":"bfnc51imd9jilrp"}
{"type":"operationEnd","operationId":"bfnc51imd9jilrp","timestamp":1769044862713,"id":"dpx829ys66gqyyp","previousEventId":"2y4w9xliwklt7lf","previousOperationId":"bfnc51imd9jilrp"}
{"type":"operationStart","subtype":"recipe","name":"chrome-pdf","timestamp":1769044862716,"id":"6bpm7drgu1es9le","previousEventId":"dpx829ys66gqyyp","operationId":"2aektd8waepoykh","previousOperationId":"bfnc51imd9jilrp"}
{"type":"log","timestamp":1769044862716,"level":"debug","message":"Executing recipe chrome-pdf","meta":{"rootId":"etbkrdq824mmknt","id":"etbkrdq824mmknt"},"id":"jjb0l22bq902jl9","previousOperationId":"2aektd8waepoykh"}
{"type":"log","timestamp":1769044862761,"level":"debug","message":"Converting with chrome Chrome/142.0.7444.175 using chrome-pool strategy","meta":{"rootId":"etbkrdq824mmknt","id":"etbkrdq824mmknt"},"id":"f0bym5cx2bhq1hw","previousOperationId":"2aektd8waepoykh"}
{"type":"log","timestamp":1769044863217,"level":"debug","message":"Page request: GET (document) file:///tmp/jsreport/autocleanup/0296f581-6632-4906-b2ed-3107b90122b3-chrome-pdf.html","meta":{"rootId":"etbkrdq824mmknt","id":"etbkrdq824mmknt"},"id":"ijlq8lutklw1cu5","previousOperationId":"2aektd8waepoykh"}
{"type":"log","timestamp":1769044863272,"level":"debug","message":"Page request finished: GET (document) 200 file:///tmp/jsreport/autocleanup/0296f581-6632-4906-b2ed-3107b90122b3-chrome-pdf.html","meta":{"rootId":"etbkrdq824mmknt","id":"etbkrdq824mmknt"},"id":"ewdvyge4uljcbk6","previousOperationId":"2aektd8waepoykh"}
{"type":"log","timestamp":1769044863336,"level":"debug","message":"Running chrome with params {\"printBackground\":true,\"timeout\":59689,\"margin\":{}}","meta":{"rootId":"etbkrdq824mmknt","id":"etbkrdq824mmknt"},"id":"56l7p16eika2328","previousOperationId":"2aektd8waepoykh"}
{"type":"operationEnd","operationId":"2aektd8waepoykh","timestamp":1769044863541,"id":"azc4ypwbr2hbjci","previousEventId":"6bpm7drgu1es9le","previousOperationId":"2aektd8waepoykh"}
{"type":"log","timestamp":1769044863542,"level":"debug","message":"Skipping storing report.","meta":{"rootId":"etbkrdq824mmknt","id":"etbkrdq824mmknt"},"id":"zrf44pjphospave","previousOperationId":"2aektd8waepoykh"}
{"type":"log","timestamp":1769044863542,"level":"info","message":"Rendering request 35 finished in 1120 ms","meta":{"rootId":"etbkrdq824mmknt","id":"etbkrdq824mmknt"},"id":"yxer5rh1br0v5ng","previousOperationId":"2aektd8waepoykh"}
{"type":"operationEnd","subtype":"render","operationId":"o111267lryhepax","timestamp":1769044863542,"id":"mu5jhac9cx7v15n","previousEventId":"azc4ypwbr2hbjci","previousOperationId":"2aektd8waepoykh"}
{"type":"operationEnd","doDiffs":false,"previousEventId":"rzao0xzzr5x7ubf","previousOperationId":"w3n1qdmchdbwn71","operationId":"w3n1qdmchdbwn71","timestamp":1769044863544,"id":"qdgfkoz0uvn6cnb"}
