{"type":"operationStart","subtype":"profile","data":{"_id":"k5k5k5Cd23QLPnms","timestamp":"2026-01-22T00:39:34.638Z","state":"queued","mode":"standard","creationDate":"2026-01-22T00:39:34.640Z","modificationDate":"2026-01-22T00:39:34.640Z","shortid":"yE780xe","$entitySet":"profiles"},"doDiffs":false,"timestamp":1769042374639,"id":"a0lvbdnlcxv927m","previousOperationId":null,"operationId":"xj0a19mw08iv93u"}
{"type":"log","level":"info","message":"Render request 19 queued for execution and waiting for available worker","previousOperationId":"xj0a19mw08iv93u","timestamp":1769042374639,"id":"hkp2kvnj34kpr18"}
{"type":"operationStart","subtype":"render","name":"journal-entry-v3","previousOperationId":"xj0a19mw08iv93u","timestamp":1769042374705,"id":"yarl2jha1r3wbkx","previousEventId":"a0lvbdnlcxv927m","operationId":"ezpvsl3f20pc8ls"}
{"type":"log","timestamp":1769042374705,"level":"info","message":"Starting rendering request 19","meta":{"rootId":"f8l2e05pt44g8qd","id":"f8l2e05pt44g8qd"},"id":"5565xp6fzbgch10","previousOperationId":"ezpvsl3f20pc8ls"}
{"type":"log","timestamp":1769042374706,"level":"info","message":"Rendering template { name: journal-entry-v3, recipe: chrome-pdf, engine: handlebars, preview: true }","meta":{"rootId":"f8l2e05pt44g8qd","id":"f8l2e05pt44g8qd"},"id":"1oeynp2wum8ag6b","previousOperationId":"ezpvsl3f20pc8ls"}
{"type":"log","timestamp":1769042374710,"level":"debug","message":"Inline data specified.","meta":{"rootId":"f8l2e05pt44g8qd","id":"f8l2e05pt44g8qd"},"id":"dbvk2ewvw18336z","previousOperationId":"ezpvsl3f20pc8ls"}
{"type":"log","timestamp":1769042374716,"level":"debug","message":"Base url not specified, skipping its injection.","meta":{"rootId":"f8l2e05pt44g8qd","id":"f8l2e05pt44g8qd"},"id":"emmavppnefk7w5d","previousOperationId":"ezpvsl3f20pc8ls"}
{"type":"operationStart","subtype":"engine","name":"handlebars","timestamp":1769042374718,"id":"htozrky3f99ccp2","previousEventId":"yarl2jha1r3wbkx","operationId":"egtts8493ol8ns7","previousOperationId":"ezpvsl3f20pc8ls"}
{"type":"log","timestamp":1769042374718,"level":"debug","message":"Rendering engine handlebars","meta":{"rootId":"f8l2e05pt44g8qd","id":"f8l2e05pt44g8qd"},"id":"69yc0t1rttxber9","previousOperationId":"egtts8493ol8ns7"}
{"type":"operationEnd","operationId":"egtts8493ol8ns7","timestamp":1769042374757,"id":"jv5dd888pmonug2","previousEventId":"htozrky3f99ccp2","previousOperationId":"egtts8493ol8ns7"}
{"type":"operationStart","subtype":"recipe","name":"chrome-pdf","timestamp":1769042374758,"id":"mn5tst3ej21rycz","previousEventId":"jv5dd888pmonug2","operationId":"7m0mdo7lg2uccts","previousOperationId":"egtts8493ol8ns7"}
{"type":"log","timestamp":1769042374758,"level":"debug","message":"Executing recipe chrome-pdf","meta":{"rootId":"f8l2e05pt44g8qd","id":"f8l2e05pt44g8qd"},"id":"wyht5rwejdfvcpw","previousOperationId":"7m0mdo7lg2uccts"}
{"type":"log","timestamp":1769042374768,"level":"debug","message":"Converting with chrome Chrome/142.0.7444.175 using chrome-pool strategy","meta":{"rootId":"f8l2e05pt44g8qd","id":"f8l2e05pt44g8qd"},"id":"ajmuj8r5l1pjjva","previousOperationId":"7m0mdo7lg2uccts"}
{"type":"log","timestamp":1769042374874,"level":"debug","message":"Page request: GET (document) file:///tmp/jsreport/autocleanup/34f63226-d1a6-4099-8390-43eb864a5390-chrome-pdf.html","meta":{"rootId":"f8l2e05pt44g8qd","id":"f8l2e05pt44g8qd"},"id":"buko2ujoouleojf","previousOperationId":"7m0mdo7lg2uccts"}
{"type":"log","timestamp":1769042374891,"level":"debug","message":"Page request finished: GET (document) 200 file:///tmp/jsreport/autocleanup/34f63226-d1a6-4099-8390-43eb864a5390-chrome-pdf.html","meta":{"rootId":"f8l2e05pt44g8qd","id":"f8l2e05pt44g8qd"},"id":"mupfdedtmzwbsbv","previousOperationId":"7m0mdo7lg2uccts"}
{"type":"log","timestamp":1769042374933,"level":"debug","message":"Running chrome with params {\"printBackground\":true,\"timeout\":59876,\"margin\":{}}","meta":{"rootId":"f8l2e05pt44g8qd","id":"f8l2e05pt44g8qd"},"id":"38jt4qovpwov49c","previousOperationId":"7m0mdo7lg2uccts"}
{"type":"operationEnd","operationId":"7m0mdo7lg2uccts","timestamp":1769042375007,"id":"5ga12xrumrvhij0","previousEventId":"mn5tst3ej21rycz","previousOperationId":"7m0mdo7lg2uccts"}
{"type":"log","timestamp":1769042375007,"level":"debug","message":"Skipping storing report.","meta":{"rootId":"f8l2e05pt44g8qd","id":"f8l2e05pt44g8qd"},"id":"n0gv4wc6xix8iw4","previousOperationId":"7m0mdo7lg2uccts"}
{"type":"log","timestamp":1769042375007,"level":"info","message":"Rendering request 19 finished in 369 ms","meta":{"rootId":"f8l2e05pt44g8qd","id":"f8l2e05pt44g8qd"},"id":"i2umwcg4pyxq6za","previousOperationId":"7m0mdo7lg2uccts"}
{"type":"operationEnd","subtype":"render","operationId":"ezpvsl3f20pc8ls","timestamp":1769042375007,"id":"f3t6oevwpbkhliy","previousEventId":"5ga12xrumrvhij0","previousOperationId":"7m0mdo7lg2uccts"}
{"type":"operationEnd","doDiffs":false,"previousEventId":"a0lvbdnlcxv927m","previousOperationId":"xj0a19mw08iv93u","operationId":"xj0a19mw08iv93u","timestamp":1769042375009,"id":"1tx3faxhulu6eed"}
