{"type":"operationStart","subtype":"profile","data":{"_id":"UFxbDCJhFMtwMKHS","timestamp":"2026-01-22T01:21:47.778Z","state":"queued","mode":"standard","creationDate":"2026-01-22T01:21:47.779Z","modificationDate":"2026-01-22T01:21:47.779Z","shortid":"gDYwCKX","$entitySet":"profiles"},"doDiffs":false,"timestamp":1769044907779,"id":"trq1j0r4elyuvo0","previousOperationId":null,"operationId":"149bs1i5hkd3c3u"}
{"type":"log","level":"info","message":"Render request 38 queued for execution and waiting for available worker","previousOperationId":"149bs1i5hkd3c3u","timestamp":1769044907779,"id":"iyq7waglxgbcmkz"}
{"type":"operationStart","subtype":"render","name":"journal-entry-v3","previousOperationId":"149bs1i5hkd3c3u","timestamp":1769044907830,"id":"2r1kczuxq9us586","previousEventId":"trq1j0r4elyuvo0","operationId":"xb1jqwhggk50x7e"}
{"type":"log","timestamp":1769044907830,"level":"info","message":"Starting rendering request 38","meta":{"rootId":"ff6hcfvnss4r1kq","id":"ff6hcfvnss4r1kq"},"id":"aovf2153jr0kmbl","previousOperationId":"xb1jqwhggk50x7e"}
{"type":"log","timestamp":1769044907830,"level":"info","message":"Rendering template { name: journal-entry-v3, recipe: chrome-pdf, engine: handlebars, preview: false }","meta":{"rootId":"ff6hcfvnss4r1kq","id":"ff6hcfvnss4r1kq"},"id":"pq2my5gj4dlywah","previousOperationId":"xb1jqwhggk50x7e"}
{"type":"log","timestamp":1769044907832,"level":"debug","message":"Inline data specified.","meta":{"rootId":"ff6hcfvnss4r1kq","id":"ff6hcfvnss4r1kq"},"id":"ed26x17xo7k5hvd","previousOperationId":"xb1jqwhggk50x7e"}
{"type":"log","timestamp":1769044907834,"level":"debug","message":"Base url not specified, skipping its injection.","meta":{"rootId":"ff6hcfvnss4r1kq","id":"ff6hcfvnss4r1kq"},"id":"or2mc8dkjpp6070","previousOperationId":"xb1jqwhggk50x7e"}
{"type":"operationStart","subtype":"engine","name":"handlebars","timestamp":1769044907834,"id":"bez4rvgu1w1y946","previousEventId":"2r1kczuxq9us586","operationId":"ac4l7ais21tjgtv","previousOperationId":"xb1jqwhggk50x7e"}
{"type":"log","timestamp":1769044907834,"level":"debug","message":"Rendering engine handlebars","meta":{"rootId":"ff6hcfvnss4r1kq","id":"ff6hcfvnss4r1kq"},"id":"mblkb8cjvj6lblb","previousOperationId":"ac4l7ais21tjgtv"}
{"type":"operationEnd","operationId":"ac4l7ais21tjgtv","timestamp":1769044907843,"id":"io5giig0qj4zpzt","previousEventId":"bez4rvgu1w1y946","previousOperationId":"ac4l7ais21tjgtv"}
{"type":"operationStart","subtype":"recipe","name":"chrome-pdf","timestamp":1769044907843,"id":"f6h9580o2pap1jt","previousEventId":"io5giig0qj4zpzt","operationId":"pkoxqmv04zflsbs","previousOperationId":"ac4l7ais21tjgtv"}
{"type":"log","timestamp":1769044907843,"level":"debug","message":"Executing recipe chrome-pdf","meta":{"rootId":"ff6hcfvnss4r1kq","id":"ff6hcfvnss4r1kq"},"id":"k8yc3kfbv3meund","previousOperationId":"pkoxqmv04zflsbs"}
{"type":"log","timestamp":1769044907887,"level":"debug","message":"Converting with chrome Chrome/142.0.7444.175 using chrome-pool strategy","meta":{"rootId":"ff6hcfvnss4r1kq","id":"ff6hcfvnss4r1kq"},"id":"y093j58p5obye5n","previousOperationId":"pkoxqmv04zflsbs"}
{"type":"log","timestamp":1769044907937,"level":"debug","message":"Page request: GET (document) file:///tmp/jsreport/autocleanup/b0bc0941-b91b-47bc-8278-8032d52c9672-chrome-pdf.html","meta":{"rootId":"ff6hcfvnss4r1kq","id":"ff6hcfvnss4r1kq"},"id":"nbij5irywvvzdd1","previousOperationId":"pkoxqmv04zflsbs"}
{"type":"log","timestamp":1769044907950,"level":"debug","message":"Page request finished: GET (document) 200 file:///tmp/jsreport/autocleanup/b0bc0941-b91b-47bc-8278-8032d52c9672-chrome-pdf.html","meta":{"rootId":"ff6hcfvnss4r1kq","id":"ff6hcfvnss4r1kq"},"id":"8dgpj9cj2bb1b2k","previousOperationId":"pkoxqmv04zflsbs"}
{"type":"log","timestamp":1769044907971,"level":"debug","message":"Running chrome with params {\"printBackground\":true,\"timeout\":59892,\"margin\":{}}","meta":{"rootId":"ff6hcfvnss4r1kq","id":"ff6hcfvnss4r1kq"},"id":"fl7ck8ouaw8ehm7","previousOperationId":"pkoxqmv04zflsbs"}
{"type":"operationEnd","operationId":"pkoxqmv04zflsbs","timestamp":1769044908015,"id":"l0ww5if77v6321j","previousEventId":"f6h9580o2pap1jt","previousOperationId":"pkoxqmv04zflsbs"}
{"type":"log","timestamp":1769044908015,"level":"debug","message":"Skipping storing report.","meta":{"rootId":"ff6hcfvnss4r1kq","id":"ff6hcfvnss4r1kq"},"id":"1cmltpv1rxhpn20","previousOperationId":"pkoxqmv04zflsbs"}
{"type":"log","timestamp":1769044908015,"level":"info","message":"Rendering request 38 finished in 237 ms","meta":{"rootId":"ff6hcfvnss4r1kq","id":"ff6hcfvnss4r1kq"},"id":"k1zzg6f9fx1foxg","previousOperationId":"pkoxqmv04zflsbs"}
{"type":"operationEnd","subtype":"render","operationId":"xb1jqwhggk50x7e","timestamp":1769044908015,"id":"irxmx5fiasbdv4v","previousEventId":"l0ww5if77v6321j","previousOperationId":"pkoxqmv04zflsbs"}
{"type":"operationEnd","doDiffs":false,"previousEventId":"trq1j0r4elyuvo0","previousOperationId":"149bs1i5hkd3c3u","operationId":"149bs1i5hkd3c3u","timestamp":1769044908016,"id":"m1l5j234ebdzlyz"}
