{"type":"operationStart","subtype":"profile","data":{"_id":"diMHFFHAVsGdEo71","timestamp":"2026-01-22T00:48:07.183Z","state":"queued","mode":"standard","creationDate":"2026-01-22T00:48:07.184Z","modificationDate":"2026-01-22T00:48:07.184Z","shortid":"r7SKW48","$entitySet":"profiles"},"doDiffs":false,"timestamp":1769042887183,"id":"hpzlr1rd8d1b0vs","previousOperationId":null,"operationId":"k0dqw856grpeh6e"}
{"type":"log","level":"info","message":"Render request 22 queued for execution and waiting for available worker","previousOperationId":"k0dqw856grpeh6e","timestamp":1769042887183,"id":"prugt66umi9k6hj"}
{"type":"operationStart","subtype":"render","name":"journal-entry-v3","previousOperationId":"k0dqw856grpeh6e","timestamp":1769042887236,"id":"v1naakrvoi4cpdd","previousEventId":"hpzlr1rd8d1b0vs","operationId":"mzgxre4j1oop3nr"}
{"type":"log","timestamp":1769042887236,"level":"info","message":"Starting rendering request 22","meta":{"rootId":"hy3pk6nkqt2e8jw","id":"hy3pk6nkqt2e8jw"},"id":"oy5r8ow7epqdhh2","previousOperationId":"mzgxre4j1oop3nr"}
{"type":"log","timestamp":1769042887236,"level":"info","message":"Rendering template { name: journal-entry-v3, recipe: chrome-pdf, engine: handlebars, preview: true }","meta":{"rootId":"hy3pk6nkqt2e8jw","id":"hy3pk6nkqt2e8jw"},"id":"bvcjrp547r354kj","previousOperationId":"mzgxre4j1oop3nr"}
{"type":"log","timestamp":1769042887241,"level":"debug","message":"Inline data specified.","meta":{"rootId":"hy3pk6nkqt2e8jw","id":"hy3pk6nkqt2e8jw"},"id":"2dngqki6aud00df","previousOperationId":"mzgxre4j1oop3nr"}
{"type":"log","timestamp":1769042887244,"level":"debug","message":"Base url not specified, skipping its injection.","meta":{"rootId":"hy3pk6nkqt2e8jw","id":"hy3pk6nkqt2e8jw"},"id":"nzfi8e6hrh8japg","previousOperationId":"mzgxre4j1oop3nr"}
{"type":"operationStart","subtype":"engine","name":"handlebars","timestamp":1769042887244,"id":"5lz3pa0l5arvltn","previousEventId":"v1naakrvoi4cpdd","operationId":"rcmwrdr4qnnftez","previousOperationId":"mzgxre4j1oop3nr"}
{"type":"log","timestamp":1769042887244,"level":"debug","message":"Rendering engine handlebars","meta":{"rootId":"hy3pk6nkqt2e8jw","id":"hy3pk6nkqt2e8jw"},"id":"rsfo2pg5j6q6rq2","previousOperationId":"rcmwrdr4qnnftez"}
{"type":"operationEnd","operationId":"rcmwrdr4qnnftez","timestamp":1769042887343,"id":"bmwwybh0bgeq87c","previousEventId":"5lz3pa0l5arvltn","previousOperationId":"rcmwrdr4qnnftez"}
{"type":"operationStart","subtype":"recipe","name":"chrome-pdf","timestamp":1769042887343,"id":"sc0s24ujm0c7vx8","previousEventId":"bmwwybh0bgeq87c","operationId":"02v750ldp26b5wa","previousOperationId":"rcmwrdr4qnnftez"}
{"type":"log","timestamp":1769042887343,"level":"debug","message":"Executing recipe chrome-pdf","meta":{"rootId":"hy3pk6nkqt2e8jw","id":"hy3pk6nkqt2e8jw"},"id":"nvwidw8uxej7a31","previousOperationId":"02v750ldp26b5wa"}
{"type":"log","timestamp":1769042887345,"level":"debug","message":"Converting with chrome Chrome/142.0.7444.175 using chrome-pool strategy","meta":{"rootId":"hy3pk6nkqt2e8jw","id":"hy3pk6nkqt2e8jw"},"id":"83skx70xmfxfqer","previousOperationId":"02v750ldp26b5wa"}
{"type":"log","timestamp":1769042887392,"level":"debug","message":"Page request: GET (document) file:///tmp/jsreport/autocleanup/b533931d-06ec-4b82-8e60-b7100a2a3cea-chrome-pdf.html","meta":{"rootId":"hy3pk6nkqt2e8jw","id":"hy3pk6nkqt2e8jw"},"id":"vxwxtubqf7iydh6","previousOperationId":"02v750ldp26b5wa"}
{"type":"log","timestamp":1769042887411,"level":"debug","message":"Page request finished: GET (document) 200 file:///tmp/jsreport/autocleanup/b533931d-06ec-4b82-8e60-b7100a2a3cea-chrome-pdf.html","meta":{"rootId":"hy3pk6nkqt2e8jw","id":"hy3pk6nkqt2e8jw"},"id":"7am5tckqjsuepi3","previousOperationId":"02v750ldp26b5wa"}
{"type":"log","timestamp":1769042887423,"level":"debug","message":"Running chrome with params {\"printBackground\":true,\"timeout\":59838,\"margin\":{}}","meta":{"rootId":"hy3pk6nkqt2e8jw","id":"hy3pk6nkqt2e8jw"},"id":"6a3zp34tuuc1252","previousOperationId":"02v750ldp26b5wa"}
{"type":"operationEnd","operationId":"02v750ldp26b5wa","timestamp":1769042887466,"id":"6bh77r0xn7rltgv","previousEventId":"sc0s24ujm0c7vx8","previousOperationId":"02v750ldp26b5wa"}
{"type":"log","timestamp":1769042887466,"level":"debug","message":"Skipping storing report.","meta":{"rootId":"hy3pk6nkqt2e8jw","id":"hy3pk6nkqt2e8jw"},"id":"02sj2nzg18wl2gs","previousOperationId":"02v750ldp26b5wa"}
{"type":"log","timestamp":1769042887466,"level":"info","message":"Rendering request 22 finished in 284 ms","meta":{"rootId":"hy3pk6nkqt2e8jw","id":"hy3pk6nkqt2e8jw"},"id":"kzidv6uqqkmiix5","previousOperationId":"02v750ldp26b5wa"}
{"type":"operationEnd","subtype":"render","operationId":"mzgxre4j1oop3nr","timestamp":1769042887466,"id":"xqxx7khi3rijxd8","previousEventId":"6bh77r0xn7rltgv","previousOperationId":"02v750ldp26b5wa"}
{"type":"operationEnd","doDiffs":false,"previousEventId":"hpzlr1rd8d1b0vs","previousOperationId":"k0dqw856grpeh6e","operationId":"k0dqw856grpeh6e","timestamp":1769042887467,"id":"s60lmewhyx0qdcn"}
