{"type":"operationStart","subtype":"profile","data":{"_id":"zVF2szAobZMArhyf","timestamp":"2026-01-22T00:38:02.051Z","state":"queued","mode":"standard","creationDate":"2026-01-22T00:38:02.072Z","modificationDate":"2026-01-22T00:38:02.072Z","shortid":"npEBU7P","$entitySet":"profiles"},"doDiffs":false,"timestamp":1769042282056,"id":"8o3nxwq8z4pxgeh","previousOperationId":null,"operationId":"omidvf66e2qln1q"}
{"type":"log","level":"info","message":"Render request 16 queued for execution and waiting for available worker","previousOperationId":"omidvf66e2qln1q","timestamp":1769042282059,"id":"vfkww8tyao3cvi0"}
{"type":"operationStart","subtype":"render","name":"journal-entry-v3","previousOperationId":"omidvf66e2qln1q","timestamp":1769042282189,"id":"c89c006a43gwlr8","previousEventId":"8o3nxwq8z4pxgeh","operationId":"i5lrwhw7olkqhwb"}
{"type":"log","timestamp":1769042282193,"level":"info","message":"Starting rendering request 16","meta":{"rootId":"kfmv12efvsoor70","id":"kfmv12efvsoor70"},"id":"wj6koryt3kpzcvt","previousOperationId":"i5lrwhw7olkqhwb"}
{"type":"log","timestamp":1769042282197,"level":"info","message":"Rendering template { name: journal-entry-v3, recipe: chrome-pdf, engine: handlebars, preview: true }","meta":{"rootId":"kfmv12efvsoor70","id":"kfmv12efvsoor70"},"id":"s20wdbvlgiws2rd","previousOperationId":"i5lrwhw7olkqhwb"}
{"type":"log","timestamp":1769042282207,"level":"debug","message":"Inline data specified.","meta":{"rootId":"kfmv12efvsoor70","id":"kfmv12efvsoor70"},"id":"cbxja8c0l9bg7mk","previousOperationId":"i5lrwhw7olkqhwb"}
{"type":"log","timestamp":1769042282225,"level":"debug","message":"Base url not specified, skipping its injection.","meta":{"rootId":"kfmv12efvsoor70","id":"kfmv12efvsoor70"},"id":"ekk2zdsb2borom5","previousOperationId":"i5lrwhw7olkqhwb"}
{"type":"operationStart","subtype":"engine","name":"handlebars","timestamp":1769042282234,"id":"kz9y6976961s43q","previousEventId":"c89c006a43gwlr8","operationId":"jrj7977wqhcs1ho","previousOperationId":"i5lrwhw7olkqhwb"}
{"type":"log","timestamp":1769042282234,"level":"debug","message":"Rendering engine handlebars","meta":{"rootId":"kfmv12efvsoor70","id":"kfmv12efvsoor70"},"id":"k3i2wwymo4mc1sa","previousOperationId":"jrj7977wqhcs1ho"}
{"type":"operationEnd","operationId":"jrj7977wqhcs1ho","timestamp":1769042282408,"id":"nthciqluum8zbv8","previousEventId":"kz9y6976961s43q","previousOperationId":"jrj7977wqhcs1ho"}
{"type":"operationStart","subtype":"recipe","name":"chrome-pdf","timestamp":1769042282409,"id":"rityyu28aecc1y6","previousEventId":"nthciqluum8zbv8","operationId":"5atxawi8e45xnja","previousOperationId":"jrj7977wqhcs1ho"}
{"type":"log","timestamp":1769042282409,"level":"debug","message":"Executing recipe chrome-pdf","meta":{"rootId":"kfmv12efvsoor70","id":"kfmv12efvsoor70"},"id":"e6kbth6jbujh48o","previousOperationId":"5atxawi8e45xnja"}
{"type":"log","timestamp":1769042282453,"level":"debug","message":"Converting with chrome Chrome/142.0.7444.175 using chrome-pool strategy","meta":{"rootId":"kfmv12efvsoor70","id":"kfmv12efvsoor70"},"id":"24weu100w05ifwr","previousOperationId":"5atxawi8e45xnja"}
{"type":"log","timestamp":1769042282764,"level":"debug","message":"Page request: GET (document) file:///tmp/jsreport/autocleanup/c4631fd0-e421-4f6a-89ac-4dc502307866-chrome-pdf.html","meta":{"rootId":"kfmv12efvsoor70","id":"kfmv12efvsoor70"},"id":"6ah650szdjn1uf0","previousOperationId":"5atxawi8e45xnja"}
{"type":"log","timestamp":1769042282788,"level":"debug","message":"Page request finished: GET (document) 200 file:///tmp/jsreport/autocleanup/c4631fd0-e421-4f6a-89ac-4dc502307866-chrome-pdf.html","meta":{"rootId":"kfmv12efvsoor70","id":"kfmv12efvsoor70"},"id":"l79az2o5rxcs8g0","previousOperationId":"5atxawi8e45xnja"}
{"type":"log","timestamp":1769042282795,"level":"debug","message":"Running chrome with params {\"printBackground\":true,\"timeout\":59613,\"margin\":{}}","meta":{"rootId":"kfmv12efvsoor70","id":"kfmv12efvsoor70"},"id":"snr3kbbbs8e7nzq","previousOperationId":"5atxawi8e45xnja"}
{"type":"operationEnd","operationId":"5atxawi8e45xnja","timestamp":1769042282841,"id":"5pwgdf37wafpd36","previousEventId":"rityyu28aecc1y6","previousOperationId":"5atxawi8e45xnja"}
{"type":"log","timestamp":1769042282841,"level":"debug","message":"Skipping storing report.","meta":{"rootId":"kfmv12efvsoor70","id":"kfmv12efvsoor70"},"id":"0z2fxrvn1hejc0m","previousOperationId":"5atxawi8e45xnja"}
{"type":"log","timestamp":1769042282841,"level":"info","message":"Rendering request 16 finished in 798 ms","meta":{"rootId":"kfmv12efvsoor70","id":"kfmv12efvsoor70"},"id":"ryfzqsbp1ulbcld","previousOperationId":"5atxawi8e45xnja"}
{"type":"operationEnd","subtype":"render","operationId":"i5lrwhw7olkqhwb","timestamp":1769042282841,"id":"nm6ht771bt3qird","previousEventId":"5pwgdf37wafpd36","previousOperationId":"5atxawi8e45xnja"}
{"type":"operationEnd","doDiffs":false,"previousEventId":"8o3nxwq8z4pxgeh","previousOperationId":"omidvf66e2qln1q","operationId":"omidvf66e2qln1q","timestamp":1769042282846,"id":"okun7u4kieemgcc"}
