{"type":"operationStart","subtype":"profile","data":{"_id":"nl7reapDcArk3JwG","timestamp":"2026-01-22T01:24:18.959Z","state":"queued","mode":"standard","creationDate":"2026-01-22T01:24:18.961Z","modificationDate":"2026-01-22T01:24:18.961Z","shortid":"QggVYoa","$entitySet":"profiles"},"doDiffs":false,"timestamp":1769045058960,"id":"oaw70h8kqodfcli","previousOperationId":null,"operationId":"icg7f3as975isom"}
{"type":"log","level":"info","message":"Render request 40 queued for execution and waiting for available worker","previousOperationId":"icg7f3as975isom","timestamp":1769045058960,"id":"r34g1ugey92z8o3"}
{"type":"operationStart","subtype":"render","name":"journal-entry-v3","previousOperationId":"icg7f3as975isom","timestamp":1769045059028,"id":"xs0z8ajoqst7lhp","previousEventId":"oaw70h8kqodfcli","operationId":"gscwiq4vhonwlun"}
{"type":"log","timestamp":1769045059029,"level":"info","message":"Starting rendering request 40","meta":{"rootId":"ly48jhk8ubha5xw","id":"ly48jhk8ubha5xw"},"id":"97zqgso0y8qxe2w","previousOperationId":"gscwiq4vhonwlun"}
{"type":"log","timestamp":1769045059032,"level":"info","message":"Rendering template { name: journal-entry-v3, recipe: chrome-pdf, engine: handlebars, preview: true }","meta":{"rootId":"ly48jhk8ubha5xw","id":"ly48jhk8ubha5xw"},"id":"upnded51uatwtwx","previousOperationId":"gscwiq4vhonwlun"}
{"type":"log","timestamp":1769045059035,"level":"debug","message":"Inline data specified.","meta":{"rootId":"ly48jhk8ubha5xw","id":"ly48jhk8ubha5xw"},"id":"4hy3y2uqd7aljg3","previousOperationId":"gscwiq4vhonwlun"}
{"type":"log","timestamp":1769045059039,"level":"debug","message":"Base url not specified, skipping its injection.","meta":{"rootId":"ly48jhk8ubha5xw","id":"ly48jhk8ubha5xw"},"id":"sbjm9ps3dl2jaj3","previousOperationId":"gscwiq4vhonwlun"}
{"type":"operationStart","subtype":"engine","name":"handlebars","timestamp":1769045059043,"id":"q1xvgty89bg514z","previousEventId":"xs0z8ajoqst7lhp","operationId":"3kgx274zqadbopr","previousOperationId":"gscwiq4vhonwlun"}
{"type":"log","timestamp":1769045059043,"level":"debug","message":"Rendering engine handlebars","meta":{"rootId":"ly48jhk8ubha5xw","id":"ly48jhk8ubha5xw"},"id":"jyui35xi4xr6hoz","previousOperationId":"3kgx274zqadbopr"}
{"type":"operationEnd","operationId":"3kgx274zqadbopr","timestamp":1769045059185,"id":"1xyw5c02v68s0fa","previousEventId":"q1xvgty89bg514z","previousOperationId":"3kgx274zqadbopr"}
{"type":"operationStart","subtype":"recipe","name":"chrome-pdf","timestamp":1769045059185,"id":"t79qq4juo53l3nb","previousEventId":"1xyw5c02v68s0fa","operationId":"by6vdbyy9a21rj7","previousOperationId":"3kgx274zqadbopr"}
{"type":"log","timestamp":1769045059185,"level":"debug","message":"Executing recipe chrome-pdf","meta":{"rootId":"ly48jhk8ubha5xw","id":"ly48jhk8ubha5xw"},"id":"wse15gz2f9xk571","previousOperationId":"by6vdbyy9a21rj7"}
{"type":"log","timestamp":1769045059191,"level":"debug","message":"Converting with chrome Chrome/142.0.7444.175 using chrome-pool strategy","meta":{"rootId":"ly48jhk8ubha5xw","id":"ly48jhk8ubha5xw"},"id":"qa904wvdvkn2ol4","previousOperationId":"by6vdbyy9a21rj7"}
{"type":"log","timestamp":1769045059280,"level":"debug","message":"Page request: GET (document) file:///tmp/jsreport/autocleanup/7371ef82-1991-49b4-95f4-8fa414c33e9a-chrome-pdf.html","meta":{"rootId":"ly48jhk8ubha5xw","id":"ly48jhk8ubha5xw"},"id":"u6mo9aoff19xvhz","previousOperationId":"by6vdbyy9a21rj7"}
{"type":"log","timestamp":1769045059292,"level":"debug","message":"Page request finished: GET (document) 200 file:///tmp/jsreport/autocleanup/7371ef82-1991-49b4-95f4-8fa414c33e9a-chrome-pdf.html","meta":{"rootId":"ly48jhk8ubha5xw","id":"ly48jhk8ubha5xw"},"id":"ux7l98o6tauh23n","previousOperationId":"by6vdbyy9a21rj7"}
{"type":"log","timestamp":1769045059294,"level":"debug","message":"Page request: GET (image) https://paciolibucket.s3.us-east-2.amazonaws.com/orgs/c64b69f6759a43a1bc0ae31961876751/companies/logos/e9767ff4-7186-447f-a397-208ea6bbfdb8_ninosfelices.png?X-Amz-Expires=600&X-Amz-Algorithm=AWS4-HMAC-SHA256&X-Amz-Credential=AKIAVYV5Z6T6UQ4ARWOC%2F20251214%2Fus-east-2%2Fs3%2Faws4_request&X-Amz-Date=20251214T042142Z&X-Amz-SignedHeaders=host&X-Amz-Signature=9bef4cc508bdfbedcab35016f2a1346ef8b73fc4c141ec491169a4e6ee842e03","meta":{"rootId":"ly48jhk8ubha5xw","id":"ly48jhk8ubha5xw"},"id":"s3vmy4u0xxzdhij","previousOperationId":"by6vdbyy9a21rj7"}
{"type":"log","timestamp":1769045059645,"level":"warn","message":"Page request failed: GET (image) https://paciolibucket.s3.us-east-2.amazonaws.com/orgs/c64b69f6759a43a1bc0ae31961876751/companies/logos/e9767ff4-7186-447f-a397-208ea6bbfdb8_ninosfelices.png?X-Amz-Expires=600&X-Amz-Algorithm=AWS4-HMAC-SHA256&X-Amz-Credential=AKIAVYV5Z6T6UQ4ARWOC%2F20251214%2Fus-east-2%2Fs3%2Faws4_request&X-Amz-Date=20251214T042142Z&X-Amz-SignedHeaders=host&X-Amz-Signature=9bef4cc508bdfbedcab35016f2a1346ef8b73fc4c141ec491169a4e6ee842e03, failure: net::ERR_BLOCKED_BY_ORB","meta":{"rootId":"ly48jhk8ubha5xw","id":"ly48jhk8ubha5xw"},"id":"mbuz7dw51d0pr0j","previousOperationId":"by6vdbyy9a21rj7"}
{"type":"log","timestamp":1769045059650,"level":"debug","message":"Running chrome with params {\"printBackground\":true,\"timeout\":59771,\"margin\":{}}","meta":{"rootId":"ly48jhk8ubha5xw","id":"ly48jhk8ubha5xw"},"id":"kderva1cx8at45j","previousOperationId":"by6vdbyy9a21rj7"}
{"type":"operationEnd","operationId":"by6vdbyy9a21rj7","timestamp":1769045059710,"id":"ugiv2z19pe3vo0g","previousEventId":"t79qq4juo53l3nb","previousOperationId":"by6vdbyy9a21rj7"}
{"type":"log","timestamp":1769045059710,"level":"debug","message":"Skipping storing report.","meta":{"rootId":"ly48jhk8ubha5xw","id":"ly48jhk8ubha5xw"},"id":"3udppm2i9dipha2","previousOperationId":"by6vdbyy9a21rj7"}
{"type":"log","timestamp":1769045059710,"level":"info","message":"Rendering request 40 finished in 751 ms","meta":{"rootId":"ly48jhk8ubha5xw","id":"ly48jhk8ubha5xw"},"id":"xuiqoifmuzd73ja","previousOperationId":"by6vdbyy9a21rj7"}
{"type":"operationEnd","subtype":"render","operationId":"gscwiq4vhonwlun","timestamp":1769045059710,"id":"ekiiujomoqx4tq3","previousEventId":"ugiv2z19pe3vo0g","previousOperationId":"by6vdbyy9a21rj7"}
{"type":"operationEnd","doDiffs":false,"previousEventId":"oaw70h8kqodfcli","previousOperationId":"icg7f3as975isom","operationId":"icg7f3as975isom","timestamp":1769045059712,"id":"ksozqebbxkryxi7"}
