{"type":"operationStart","subtype":"profile","data":{"_id":"XdFpbwsfphEcFVQ1","timestamp":"2026-01-22T01:30:42.600Z","state":"queued","mode":"standard","creationDate":"2026-01-22T01:30:42.601Z","modificationDate":"2026-01-22T01:30:42.601Z","shortid":"IDSLB8G","$entitySet":"profiles"},"doDiffs":false,"timestamp":1769045442601,"id":"g2vnpou9uz05pwo","previousOperationId":null,"operationId":"kk36fc5h1mm9rc4"}
{"type":"log","level":"info","message":"Render request 42 queued for execution and waiting for available worker","previousOperationId":"kk36fc5h1mm9rc4","timestamp":1769045442601,"id":"3bku7and1wwh990"}
{"type":"operationStart","subtype":"render","name":"journal-entry-v3","previousOperationId":"kk36fc5h1mm9rc4","timestamp":1769045442666,"id":"qivsshirowh5kkn","previousEventId":"g2vnpou9uz05pwo","operationId":"n0jzd7bwen4u05i"}
{"type":"log","timestamp":1769045442667,"level":"info","message":"Starting rendering request 42","meta":{"rootId":"nebytdf7n9qrnd5","id":"nebytdf7n9qrnd5"},"id":"3xkitrpwhs9jron","previousOperationId":"n0jzd7bwen4u05i"}
{"type":"log","timestamp":1769045442669,"level":"info","message":"Rendering template { name: journal-entry-v3, recipe: chrome-pdf, engine: handlebars, preview: true }","meta":{"rootId":"nebytdf7n9qrnd5","id":"nebytdf7n9qrnd5"},"id":"e00bz1305un7typ","previousOperationId":"n0jzd7bwen4u05i"}
{"type":"log","timestamp":1769045442672,"level":"debug","message":"Inline data specified.","meta":{"rootId":"nebytdf7n9qrnd5","id":"nebytdf7n9qrnd5"},"id":"qdla19rl437gocg","previousOperationId":"n0jzd7bwen4u05i"}
{"type":"log","timestamp":1769045442676,"level":"debug","message":"Base url not specified, skipping its injection.","meta":{"rootId":"nebytdf7n9qrnd5","id":"nebytdf7n9qrnd5"},"id":"z386lbushueq9ei","previousOperationId":"n0jzd7bwen4u05i"}
{"type":"operationStart","subtype":"engine","name":"handlebars","timestamp":1769045442679,"id":"th2j9h5r5p132vf","previousEventId":"qivsshirowh5kkn","operationId":"k3totm4o86eg2gj","previousOperationId":"n0jzd7bwen4u05i"}
{"type":"log","timestamp":1769045442679,"level":"debug","message":"Rendering engine handlebars","meta":{"rootId":"nebytdf7n9qrnd5","id":"nebytdf7n9qrnd5"},"id":"uc9pjtszse5jj9n","previousOperationId":"k3totm4o86eg2gj"}
{"type":"operationEnd","operationId":"k3totm4o86eg2gj","timestamp":1769045442786,"id":"rs0ndwi15irlqlz","previousEventId":"th2j9h5r5p132vf","previousOperationId":"k3totm4o86eg2gj"}
{"type":"operationStart","subtype":"recipe","name":"chrome-pdf","timestamp":1769045442788,"id":"2ykcg841v665j3i","previousEventId":"rs0ndwi15irlqlz","operationId":"rh387egevgdqr5k","previousOperationId":"k3totm4o86eg2gj"}
{"type":"log","timestamp":1769045442788,"level":"debug","message":"Executing recipe chrome-pdf","meta":{"rootId":"nebytdf7n9qrnd5","id":"nebytdf7n9qrnd5"},"id":"53fl38mjeng9zrj","previousOperationId":"rh387egevgdqr5k"}
{"type":"log","timestamp":1769045442798,"level":"debug","message":"Converting with chrome Chrome/142.0.7444.175 using chrome-pool strategy","meta":{"rootId":"nebytdf7n9qrnd5","id":"nebytdf7n9qrnd5"},"id":"o8d909sevaet7me","previousOperationId":"rh387egevgdqr5k"}
{"type":"log","timestamp":1769045442909,"level":"debug","message":"Page request: GET (document) file:///tmp/jsreport/autocleanup/04773b44-e9c5-46b6-b9a5-530e792ed20f-chrome-pdf.html","meta":{"rootId":"nebytdf7n9qrnd5","id":"nebytdf7n9qrnd5"},"id":"7ii3z6x9fmohfut","previousOperationId":"rh387egevgdqr5k"}
{"type":"log","timestamp":1769045442926,"level":"debug","message":"Page request finished: GET (document) 200 file:///tmp/jsreport/autocleanup/04773b44-e9c5-46b6-b9a5-530e792ed20f-chrome-pdf.html","meta":{"rootId":"nebytdf7n9qrnd5","id":"nebytdf7n9qrnd5"},"id":"8m6p2bu5fkqmk97","previousOperationId":"rh387egevgdqr5k"}
{"type":"log","timestamp":1769045442928,"level":"debug","message":"Page request: GET (image) https://paciolibucket.s3.us-east-2.amazonaws.com/orgs/c64b69f6759a43a1bc0ae31961876751/companies/logos/e9767ff4-7186-447f-a397-208ea6bbfdb8_ninosfelices.png?X-Amz-Expires=600&X-Amz-Algorithm=AWS4-HMAC-SHA256&X-Amz-Credential=AKIAVYV5Z6T6UQ4ARWOC%2F20251214%2Fus-east-2%2Fs3%2Faws4_request&X-Amz-Date=20251214T042142Z&X-Amz-SignedHeaders=host&X-Amz-Signature=9bef4cc508bdfbedcab35016f2a1346ef8b73fc4c141ec491169a4e6ee842e03","meta":{"rootId":"nebytdf7n9qrnd5","id":"nebytdf7n9qrnd5"},"id":"celftfz3af8r9oe","previousOperationId":"rh387egevgdqr5k"}
{"type":"log","timestamp":1769045443317,"level":"warn","message":"Page request failed: GET (image) https://paciolibucket.s3.us-east-2.amazonaws.com/orgs/c64b69f6759a43a1bc0ae31961876751/companies/logos/e9767ff4-7186-447f-a397-208ea6bbfdb8_ninosfelices.png?X-Amz-Expires=600&X-Amz-Algorithm=AWS4-HMAC-SHA256&X-Amz-Credential=AKIAVYV5Z6T6UQ4ARWOC%2F20251214%2Fus-east-2%2Fs3%2Faws4_request&X-Amz-Date=20251214T042142Z&X-Amz-SignedHeaders=host&X-Amz-Signature=9bef4cc508bdfbedcab35016f2a1346ef8b73fc4c141ec491169a4e6ee842e03, failure: net::ERR_BLOCKED_BY_ORB","meta":{"rootId":"nebytdf7n9qrnd5","id":"nebytdf7n9qrnd5"},"id":"4j9aulnajfwsol5","previousOperationId":"rh387egevgdqr5k"}
{"type":"log","timestamp":1769045443320,"level":"debug","message":"Running chrome with params {\"printBackground\":true,\"timeout\":59808,\"margin\":{}}","meta":{"rootId":"nebytdf7n9qrnd5","id":"nebytdf7n9qrnd5"},"id":"51wi2sa0cxavju6","previousOperationId":"rh387egevgdqr5k"}
{"type":"operationEnd","operationId":"rh387egevgdqr5k","timestamp":1769045443397,"id":"ssr8fv6ttr7szqg","previousEventId":"2ykcg841v665j3i","previousOperationId":"rh387egevgdqr5k"}
{"type":"log","timestamp":1769045443397,"level":"debug","message":"Skipping storing report.","meta":{"rootId":"nebytdf7n9qrnd5","id":"nebytdf7n9qrnd5"},"id":"imkbb1wij6s4pgj","previousOperationId":"rh387egevgdqr5k"}
{"type":"log","timestamp":1769045443398,"level":"info","message":"Rendering request 42 finished in 797 ms","meta":{"rootId":"nebytdf7n9qrnd5","id":"nebytdf7n9qrnd5"},"id":"6shd9483p0iilgz","previousOperationId":"rh387egevgdqr5k"}
{"type":"operationEnd","subtype":"render","operationId":"n0jzd7bwen4u05i","timestamp":1769045443398,"id":"zdusok9crp091ix","previousEventId":"ssr8fv6ttr7szqg","previousOperationId":"rh387egevgdqr5k"}
{"type":"operationEnd","doDiffs":false,"previousEventId":"g2vnpou9uz05pwo","previousOperationId":"kk36fc5h1mm9rc4","operationId":"kk36fc5h1mm9rc4","timestamp":1769045443400,"id":"zi486ri4s0d1n8y"}
