{"type":"operationStart","subtype":"profile","data":{"_id":"STUgWWcHVO6Fxu8F","timestamp":"2026-01-22T01:30:08.885Z","state":"queued","mode":"standard","creationDate":"2026-01-22T01:30:08.889Z","modificationDate":"2026-01-22T01:30:08.889Z","shortid":"6oVxOro","$entitySet":"profiles"},"doDiffs":false,"timestamp":1769045408887,"id":"uxs5uj5g3ljnioq","previousOperationId":null,"operationId":"rgvl4lzbe83hgqh"}
{"type":"log","level":"info","message":"Render request 41 queued for execution and waiting for available worker","previousOperationId":"rgvl4lzbe83hgqh","timestamp":1769045408888,"id":"0ypcocag143sado"}
{"type":"operationStart","subtype":"render","name":"journal-entry-v3","previousOperationId":"rgvl4lzbe83hgqh","timestamp":1769045408968,"id":"drwisvm55w39raq","previousEventId":"uxs5uj5g3ljnioq","operationId":"bbjcjeojuqkb6oh"}
{"type":"log","timestamp":1769045408974,"level":"info","message":"Starting rendering request 41","meta":{"rootId":"o8ljguw7699gj85","id":"o8ljguw7699gj85"},"id":"c4cebzq5kq7ruhs","previousOperationId":"bbjcjeojuqkb6oh"}
{"type":"log","timestamp":1769045408981,"level":"info","message":"Rendering template { name: journal-entry-v3, recipe: chrome-pdf, engine: handlebars, preview: true }","meta":{"rootId":"o8ljguw7699gj85","id":"o8ljguw7699gj85"},"id":"pt0kkdjhqykxhym","previousOperationId":"bbjcjeojuqkb6oh"}
{"type":"log","timestamp":1769045408986,"level":"debug","message":"Inline data specified.","meta":{"rootId":"o8ljguw7699gj85","id":"o8ljguw7699gj85"},"id":"w4d7e6hsrfg1q80","previousOperationId":"bbjcjeojuqkb6oh"}
{"type":"log","timestamp":1769045408992,"level":"debug","message":"Base url not specified, skipping its injection.","meta":{"rootId":"o8ljguw7699gj85","id":"o8ljguw7699gj85"},"id":"qlm2ak7oqj94ept","previousOperationId":"bbjcjeojuqkb6oh"}
{"type":"operationStart","subtype":"engine","name":"handlebars","timestamp":1769045409001,"id":"8xvwsa8hr6200ca","previousEventId":"drwisvm55w39raq","operationId":"zqceh3yuawgvx7z","previousOperationId":"bbjcjeojuqkb6oh"}
{"type":"log","timestamp":1769045409001,"level":"debug","message":"Rendering engine handlebars","meta":{"rootId":"o8ljguw7699gj85","id":"o8ljguw7699gj85"},"id":"djdy8xlzvhywce7","previousOperationId":"zqceh3yuawgvx7z"}
{"type":"operationEnd","operationId":"zqceh3yuawgvx7z","timestamp":1769045409198,"id":"5di821wf6jokw6o","previousEventId":"8xvwsa8hr6200ca","previousOperationId":"zqceh3yuawgvx7z"}
{"type":"operationStart","subtype":"recipe","name":"chrome-pdf","timestamp":1769045409199,"id":"7k8xu6uirnfpd3v","previousEventId":"5di821wf6jokw6o","operationId":"6ks5xxagi0zah8e","previousOperationId":"zqceh3yuawgvx7z"}
{"type":"log","timestamp":1769045409199,"level":"debug","message":"Executing recipe chrome-pdf","meta":{"rootId":"o8ljguw7699gj85","id":"o8ljguw7699gj85"},"id":"sy7i3yy1d5byvlp","previousOperationId":"6ks5xxagi0zah8e"}
{"type":"log","timestamp":1769045409223,"level":"debug","message":"Converting with chrome Chrome/142.0.7444.175 using chrome-pool strategy","meta":{"rootId":"o8ljguw7699gj85","id":"o8ljguw7699gj85"},"id":"hsygw6sqafvwub0","previousOperationId":"6ks5xxagi0zah8e"}
{"type":"log","timestamp":1769045409482,"level":"debug","message":"Page request: GET (document) file:///tmp/jsreport/autocleanup/64ff1fd4-f2a2-456a-8aa5-b5aebf8ec687-chrome-pdf.html","meta":{"rootId":"o8ljguw7699gj85","id":"o8ljguw7699gj85"},"id":"kphnjavdi3t1sln","previousOperationId":"6ks5xxagi0zah8e"}
{"type":"log","timestamp":1769045409508,"level":"debug","message":"Page request finished: GET (document) 200 file:///tmp/jsreport/autocleanup/64ff1fd4-f2a2-456a-8aa5-b5aebf8ec687-chrome-pdf.html","meta":{"rootId":"o8ljguw7699gj85","id":"o8ljguw7699gj85"},"id":"3dm4luy53qhh1jw","previousOperationId":"6ks5xxagi0zah8e"}
{"type":"log","timestamp":1769045409509,"level":"debug","message":"Page request: GET (image) https://paciolibucket.s3.us-east-2.amazonaws.com/orgs/c64b69f6759a43a1bc0ae31961876751/companies/logos/e9767ff4-7186-447f-a397-208ea6bbfdb8_ninosfelices.png?X-Amz-Expires=600&X-Amz-Algorithm=AWS4-HMAC-SHA256&X-Amz-Credential=AKIAVYV5Z6T6UQ4ARWOC%2F20251214%2Fus-east-2%2Fs3%2Faws4_request&X-Amz-Date=20251214T042142Z&X-Amz-SignedHeaders=host&X-Amz-Signature=9bef4cc508bdfbedcab35016f2a1346ef8b73fc4c141ec491169a4e6ee842e03","meta":{"rootId":"o8ljguw7699gj85","id":"o8ljguw7699gj85"},"id":"t4iiftu5sx2pan5","previousOperationId":"6ks5xxagi0zah8e"}
{"type":"log","timestamp":1769045409934,"level":"warn","message":"Page request failed: GET (image) https://paciolibucket.s3.us-east-2.amazonaws.com/orgs/c64b69f6759a43a1bc0ae31961876751/companies/logos/e9767ff4-7186-447f-a397-208ea6bbfdb8_ninosfelices.png?X-Amz-Expires=600&X-Amz-Algorithm=AWS4-HMAC-SHA256&X-Amz-Credential=AKIAVYV5Z6T6UQ4ARWOC%2F20251214%2Fus-east-2%2Fs3%2Faws4_request&X-Amz-Date=20251214T042142Z&X-Amz-SignedHeaders=host&X-Amz-Signature=9bef4cc508bdfbedcab35016f2a1346ef8b73fc4c141ec491169a4e6ee842e03, failure: net::ERR_BLOCKED_BY_ORB","meta":{"rootId":"o8ljguw7699gj85","id":"o8ljguw7699gj85"},"id":"iho39wo71iixoyr","previousOperationId":"6ks5xxagi0zah8e"}
{"type":"log","timestamp":1769045409941,"level":"debug","message":"Running chrome with params {\"printBackground\":true,\"timeout\":59675,\"margin\":{}}","meta":{"rootId":"o8ljguw7699gj85","id":"o8ljguw7699gj85"},"id":"kuujnw3xsidfddb","previousOperationId":"6ks5xxagi0zah8e"}
{"type":"operationEnd","operationId":"6ks5xxagi0zah8e","timestamp":1769045410047,"id":"yjm00gljkg1mzbp","previousEventId":"7k8xu6uirnfpd3v","previousOperationId":"6ks5xxagi0zah8e"}
{"type":"log","timestamp":1769045410047,"level":"debug","message":"Skipping storing report.","meta":{"rootId":"o8ljguw7699gj85","id":"o8ljguw7699gj85"},"id":"wq3ytryqh8jmsxq","previousOperationId":"6ks5xxagi0zah8e"}
{"type":"log","timestamp":1769045410047,"level":"info","message":"Rendering request 41 finished in 1165 ms","meta":{"rootId":"o8ljguw7699gj85","id":"o8ljguw7699gj85"},"id":"buxft8uc1dqy4yv","previousOperationId":"6ks5xxagi0zah8e"}
{"type":"operationEnd","subtype":"render","operationId":"bbjcjeojuqkb6oh","timestamp":1769045410047,"id":"hjs3qo0xqg2mcbx","previousEventId":"yjm00gljkg1mzbp","previousOperationId":"6ks5xxagi0zah8e"}
{"type":"operationEnd","doDiffs":false,"previousEventId":"uxs5uj5g3ljnioq","previousOperationId":"rgvl4lzbe83hgqh","operationId":"rgvl4lzbe83hgqh","timestamp":1769045410050,"id":"b0sgidvhe8qu1aj"}
