{"type":"operationStart","subtype":"profile","data":{"_id":"AZNiQmDeF4YDTRAu","timestamp":"2026-01-22T01:21:34.647Z","state":"queued","mode":"standard","creationDate":"2026-01-22T01:21:34.648Z","modificationDate":"2026-01-22T01:21:34.648Z","shortid":"pLs7tH2","$entitySet":"profiles"},"doDiffs":false,"timestamp":1769044894648,"id":"g8vsm747wbrj5ho","previousOperationId":null,"operationId":"zx3813uyruspbl5"}
{"type":"log","level":"info","message":"Render request 37 queued for execution and waiting for available worker","previousOperationId":"zx3813uyruspbl5","timestamp":1769044894648,"id":"xjdgp9987vrcqqs"}
{"type":"operationStart","subtype":"render","name":"journal-entry-v3","previousOperationId":"zx3813uyruspbl5","timestamp":1769044894704,"id":"vgcjt3yx540uraa","previousEventId":"g8vsm747wbrj5ho","operationId":"cpfkcbm670uxtd7"}
{"type":"log","timestamp":1769044894704,"level":"info","message":"Starting rendering request 37","meta":{"rootId":"p7a2fw8k8dnttx7","id":"p7a2fw8k8dnttx7"},"id":"84qvnd5cr1ctko0","previousOperationId":"cpfkcbm670uxtd7"}
{"type":"log","timestamp":1769044894704,"level":"info","message":"Rendering template { name: journal-entry-v3, recipe: chrome-pdf, engine: handlebars, preview: false }","meta":{"rootId":"p7a2fw8k8dnttx7","id":"p7a2fw8k8dnttx7"},"id":"jvuddr0bxd15wvn","previousOperationId":"cpfkcbm670uxtd7"}
{"type":"log","timestamp":1769044894708,"level":"debug","message":"Inline data specified.","meta":{"rootId":"p7a2fw8k8dnttx7","id":"p7a2fw8k8dnttx7"},"id":"jybur81a5gbr5em","previousOperationId":"cpfkcbm670uxtd7"}
{"type":"log","timestamp":1769044894710,"level":"debug","message":"Base url not specified, skipping its injection.","meta":{"rootId":"p7a2fw8k8dnttx7","id":"p7a2fw8k8dnttx7"},"id":"wz4zemn8seadp2f","previousOperationId":"cpfkcbm670uxtd7"}
{"type":"operationStart","subtype":"engine","name":"handlebars","timestamp":1769044894710,"id":"2c401tynwa8ro5z","previousEventId":"vgcjt3yx540uraa","operationId":"7v4x0wjivy0qwdf","previousOperationId":"cpfkcbm670uxtd7"}
{"type":"log","timestamp":1769044894710,"level":"debug","message":"Rendering engine handlebars","meta":{"rootId":"p7a2fw8k8dnttx7","id":"p7a2fw8k8dnttx7"},"id":"w8ezy8pd58vcixp","previousOperationId":"7v4x0wjivy0qwdf"}
{"type":"operationEnd","operationId":"7v4x0wjivy0qwdf","timestamp":1769044894727,"id":"7wgspxmu9akv3ic","previousEventId":"2c401tynwa8ro5z","previousOperationId":"7v4x0wjivy0qwdf"}
{"type":"operationStart","subtype":"recipe","name":"chrome-pdf","timestamp":1769044894728,"id":"rtxa5pxrtce9wyg","previousEventId":"7wgspxmu9akv3ic","operationId":"1sao7ae7pu55sza","previousOperationId":"7v4x0wjivy0qwdf"}
{"type":"log","timestamp":1769044894728,"level":"debug","message":"Executing recipe chrome-pdf","meta":{"rootId":"p7a2fw8k8dnttx7","id":"p7a2fw8k8dnttx7"},"id":"oo003tfx4gyrjwp","previousOperationId":"1sao7ae7pu55sza"}
{"type":"log","timestamp":1769044894730,"level":"debug","message":"Converting with chrome Chrome/142.0.7444.175 using chrome-pool strategy","meta":{"rootId":"p7a2fw8k8dnttx7","id":"p7a2fw8k8dnttx7"},"id":"hlf7hurf2ht3km8","previousOperationId":"1sao7ae7pu55sza"}
{"type":"log","timestamp":1769044894773,"level":"debug","message":"Page request: GET (document) file:///tmp/jsreport/autocleanup/305ab0cf-3e8f-40d8-86b9-a9f6103193aa-chrome-pdf.html","meta":{"rootId":"p7a2fw8k8dnttx7","id":"p7a2fw8k8dnttx7"},"id":"43ce44t4d4k3yc4","previousOperationId":"1sao7ae7pu55sza"}
{"type":"log","timestamp":1769044894799,"level":"debug","message":"Page request finished: GET (document) 200 file:///tmp/jsreport/autocleanup/305ab0cf-3e8f-40d8-86b9-a9f6103193aa-chrome-pdf.html","meta":{"rootId":"p7a2fw8k8dnttx7","id":"p7a2fw8k8dnttx7"},"id":"vnq8i1k8gwwxr4n","previousOperationId":"1sao7ae7pu55sza"}
{"type":"log","timestamp":1769044894821,"level":"debug","message":"Running chrome with params {\"printBackground\":true,\"timeout\":59918,\"margin\":{}}","meta":{"rootId":"p7a2fw8k8dnttx7","id":"p7a2fw8k8dnttx7"},"id":"3iatduix4jjho7h","previousOperationId":"1sao7ae7pu55sza"}
{"type":"operationEnd","operationId":"1sao7ae7pu55sza","timestamp":1769044894906,"id":"cg7a1ep9l9wp6el","previousEventId":"rtxa5pxrtce9wyg","previousOperationId":"1sao7ae7pu55sza"}
{"type":"log","timestamp":1769044894906,"level":"debug","message":"Skipping storing report.","meta":{"rootId":"p7a2fw8k8dnttx7","id":"p7a2fw8k8dnttx7"},"id":"rgdqif6tke3ezup","previousOperationId":"1sao7ae7pu55sza"}
{"type":"log","timestamp":1769044894906,"level":"info","message":"Rendering request 37 finished in 260 ms","meta":{"rootId":"p7a2fw8k8dnttx7","id":"p7a2fw8k8dnttx7"},"id":"6rqdyc2ieujy1s6","previousOperationId":"1sao7ae7pu55sza"}
{"type":"operationEnd","subtype":"render","operationId":"cpfkcbm670uxtd7","timestamp":1769044894906,"id":"kg41hew14god7nr","previousEventId":"cg7a1ep9l9wp6el","previousOperationId":"1sao7ae7pu55sza"}
{"type":"operationEnd","doDiffs":false,"previousEventId":"g8vsm747wbrj5ho","previousOperationId":"zx3813uyruspbl5","operationId":"zx3813uyruspbl5","timestamp":1769044894908,"id":"b6su78hvzmkiz03"}
