{"type":"operationStart","subtype":"profile","data":{"_id":"8SJSwmtGnFJljTBR","timestamp":"2026-01-22T00:52:04.248Z","state":"queued","mode":"standard","creationDate":"2026-01-22T00:52:04.250Z","modificationDate":"2026-01-22T00:52:04.250Z","shortid":"8K-aBj9","$entitySet":"profiles"},"doDiffs":false,"timestamp":1769043124249,"id":"auvst8yux6b7z3b","previousOperationId":null,"operationId":"eunlrjobssctkjb"}
{"type":"log","level":"info","message":"Render request 27 queued for execution and waiting for available worker","previousOperationId":"eunlrjobssctkjb","timestamp":1769043124249,"id":"fvnp8ijc5st09g2"}
{"type":"operationStart","subtype":"render","name":"journal-entry-v3","previousOperationId":"eunlrjobssctkjb","timestamp":1769043124312,"id":"g705zkeb2q50xut","previousEventId":"auvst8yux6b7z3b","operationId":"yi2jo5hxef918qr"}
{"type":"log","timestamp":1769043124312,"level":"info","message":"Starting rendering request 27","meta":{"rootId":"qhgog5vyws6yajm","id":"qhgog5vyws6yajm"},"id":"nbp4an2fu0vdx3h","previousOperationId":"yi2jo5hxef918qr"}
{"type":"log","timestamp":1769043124312,"level":"info","message":"Rendering template { name: journal-entry-v3, recipe: chrome-pdf, engine: handlebars, preview: true }","meta":{"rootId":"qhgog5vyws6yajm","id":"qhgog5vyws6yajm"},"id":"uxtfba5akh6cfkm","previousOperationId":"yi2jo5hxef918qr"}
{"type":"log","timestamp":1769043124315,"level":"debug","message":"Inline data specified.","meta":{"rootId":"qhgog5vyws6yajm","id":"qhgog5vyws6yajm"},"id":"wpts3g71zyz3cjp","previousOperationId":"yi2jo5hxef918qr"}
{"type":"log","timestamp":1769043124319,"level":"debug","message":"Base url not specified, skipping its injection.","meta":{"rootId":"qhgog5vyws6yajm","id":"qhgog5vyws6yajm"},"id":"jito73s0j70hvs3","previousOperationId":"yi2jo5hxef918qr"}
{"type":"operationStart","subtype":"engine","name":"handlebars","timestamp":1769043124319,"id":"kkf66v03rkwvhww","previousEventId":"g705zkeb2q50xut","operationId":"crjvvu9qpuzrprk","previousOperationId":"yi2jo5hxef918qr"}
{"type":"log","timestamp":1769043124319,"level":"debug","message":"Rendering engine handlebars","meta":{"rootId":"qhgog5vyws6yajm","id":"qhgog5vyws6yajm"},"id":"zgv6ho1oede3ia9","previousOperationId":"crjvvu9qpuzrprk"}
{"type":"operationEnd","operationId":"crjvvu9qpuzrprk","timestamp":1769043124371,"id":"s7swp8mmmyx547o","previousEventId":"kkf66v03rkwvhww","previousOperationId":"crjvvu9qpuzrprk"}
{"type":"operationStart","subtype":"recipe","name":"chrome-pdf","timestamp":1769043124372,"id":"dvhjqs5qeow0wnu","previousEventId":"s7swp8mmmyx547o","operationId":"laf3vzhchsnhngm","previousOperationId":"crjvvu9qpuzrprk"}
{"type":"log","timestamp":1769043124372,"level":"debug","message":"Executing recipe chrome-pdf","meta":{"rootId":"qhgog5vyws6yajm","id":"qhgog5vyws6yajm"},"id":"u0j1cnya0wae108","previousOperationId":"laf3vzhchsnhngm"}
{"type":"log","timestamp":1769043124378,"level":"debug","message":"Converting with chrome Chrome/142.0.7444.175 using chrome-pool strategy","meta":{"rootId":"qhgog5vyws6yajm","id":"qhgog5vyws6yajm"},"id":"zj7bjtehidddi5l","previousOperationId":"laf3vzhchsnhngm"}
{"type":"log","timestamp":1769043124421,"level":"debug","message":"Page request: GET (document) file:///tmp/jsreport/autocleanup/248adc6d-c70a-4b0c-ad73-f9d3580615c4-chrome-pdf.html","meta":{"rootId":"qhgog5vyws6yajm","id":"qhgog5vyws6yajm"},"id":"u20tj8fjvyr2w4o","previousOperationId":"laf3vzhchsnhngm"}
{"type":"log","timestamp":1769043124431,"level":"debug","message":"Page request finished: GET (document) 200 file:///tmp/jsreport/autocleanup/248adc6d-c70a-4b0c-ad73-f9d3580615c4-chrome-pdf.html","meta":{"rootId":"qhgog5vyws6yajm","id":"qhgog5vyws6yajm"},"id":"p4gt9ij0tcer8cy","previousOperationId":"laf3vzhchsnhngm"}
{"type":"log","timestamp":1769043124458,"level":"debug","message":"Running chrome with params {\"printBackground\":true,\"timeout\":59872,\"margin\":{}}","meta":{"rootId":"qhgog5vyws6yajm","id":"qhgog5vyws6yajm"},"id":"bidsivsj5qtyc1d","previousOperationId":"laf3vzhchsnhngm"}
{"type":"operationEnd","operationId":"laf3vzhchsnhngm","timestamp":1769043124505,"id":"8d7yysanhodcdtq","previousEventId":"dvhjqs5qeow0wnu","previousOperationId":"laf3vzhchsnhngm"}
{"type":"log","timestamp":1769043124505,"level":"debug","message":"Skipping storing report.","meta":{"rootId":"qhgog5vyws6yajm","id":"qhgog5vyws6yajm"},"id":"4ov7zgaldfuyso9","previousOperationId":"laf3vzhchsnhngm"}
{"type":"log","timestamp":1769043124505,"level":"info","message":"Rendering request 27 finished in 257 ms","meta":{"rootId":"qhgog5vyws6yajm","id":"qhgog5vyws6yajm"},"id":"edxhrvou8k6jp9p","previousOperationId":"laf3vzhchsnhngm"}
{"type":"operationEnd","subtype":"render","operationId":"yi2jo5hxef918qr","timestamp":1769043124505,"id":"of6lv9bft5nofhb","previousEventId":"8d7yysanhodcdtq","previousOperationId":"laf3vzhchsnhngm"}
{"type":"operationEnd","doDiffs":false,"previousEventId":"auvst8yux6b7z3b","previousOperationId":"eunlrjobssctkjb","operationId":"eunlrjobssctkjb","timestamp":1769043124506,"id":"iu783faaxm6gq60"}
