{"type":"operationStart","subtype":"profile","data":{"_id":"OW2ryVFvXNW2fDWb","timestamp":"2026-01-22T00:48:57.544Z","state":"queued","mode":"standard","creationDate":"2026-01-22T00:48:57.547Z","modificationDate":"2026-01-22T00:48:57.547Z","shortid":"ojowcP1","$entitySet":"profiles"},"doDiffs":false,"timestamp":1769042937546,"id":"r2qatldgif3p4mm","previousOperationId":null,"operationId":"um7udgd9e5xdsj5"}
{"type":"log","level":"info","message":"Render request 23 queued for execution and waiting for available worker","previousOperationId":"um7udgd9e5xdsj5","timestamp":1769042937546,"id":"mjoh12y5ndrzi3p"}
{"type":"operationStart","subtype":"render","name":"journal-entry-v3","previousOperationId":"um7udgd9e5xdsj5","timestamp":1769042937621,"id":"2xkpd95knkfix6q","previousEventId":"r2qatldgif3p4mm","operationId":"1qw11gcdtfdzt64"}
{"type":"log","timestamp":1769042937621,"level":"info","message":"Starting rendering request 23","meta":{"rootId":"s5xhb8ztin8lk4o","id":"s5xhb8ztin8lk4o"},"id":"iilletedxkp40ol","previousOperationId":"1qw11gcdtfdzt64"}
{"type":"log","timestamp":1769042937621,"level":"info","message":"Rendering template { name: journal-entry-v3, recipe: chrome-pdf, engine: handlebars, preview: true }","meta":{"rootId":"s5xhb8ztin8lk4o","id":"s5xhb8ztin8lk4o"},"id":"0udijj60qh3wma6","previousOperationId":"1qw11gcdtfdzt64"}
{"type":"log","timestamp":1769042937624,"level":"debug","message":"Inline data specified.","meta":{"rootId":"s5xhb8ztin8lk4o","id":"s5xhb8ztin8lk4o"},"id":"kkqtzc3vmq7qk10","previousOperationId":"1qw11gcdtfdzt64"}
{"type":"log","timestamp":1769042937630,"level":"debug","message":"Base url not specified, skipping its injection.","meta":{"rootId":"s5xhb8ztin8lk4o","id":"s5xhb8ztin8lk4o"},"id":"lmp7qcobzhqbt5e","previousOperationId":"1qw11gcdtfdzt64"}
{"type":"operationStart","subtype":"engine","name":"handlebars","timestamp":1769042937631,"id":"imxe3n0f47kkzas","previousEventId":"2xkpd95knkfix6q","operationId":"cmea7vi8pmtaxn0","previousOperationId":"1qw11gcdtfdzt64"}
{"type":"log","timestamp":1769042937631,"level":"debug","message":"Rendering engine handlebars","meta":{"rootId":"s5xhb8ztin8lk4o","id":"s5xhb8ztin8lk4o"},"id":"3fwcrh0oz941i9n","previousOperationId":"cmea7vi8pmtaxn0"}
{"type":"operationEnd","operationId":"cmea7vi8pmtaxn0","timestamp":1769042937703,"id":"1wlnjcl9ace10qr","previousEventId":"imxe3n0f47kkzas","previousOperationId":"cmea7vi8pmtaxn0"}
{"type":"operationStart","subtype":"recipe","name":"chrome-pdf","timestamp":1769042937703,"id":"v78v5oe9a31k9tf","previousEventId":"1wlnjcl9ace10qr","operationId":"bwop39p3c1y5t6e","previousOperationId":"cmea7vi8pmtaxn0"}
{"type":"log","timestamp":1769042937703,"level":"debug","message":"Executing recipe chrome-pdf","meta":{"rootId":"s5xhb8ztin8lk4o","id":"s5xhb8ztin8lk4o"},"id":"6a6tjc165pcm2ax","previousOperationId":"bwop39p3c1y5t6e"}
{"type":"log","timestamp":1769042937730,"level":"debug","message":"Converting with chrome Chrome/142.0.7444.175 using chrome-pool strategy","meta":{"rootId":"s5xhb8ztin8lk4o","id":"s5xhb8ztin8lk4o"},"id":"wm2mx5o3w1hwne5","previousOperationId":"bwop39p3c1y5t6e"}
{"type":"log","timestamp":1769042937900,"level":"debug","message":"Page request: GET (document) file:///tmp/jsreport/autocleanup/e5f2930b-7599-4a88-a1de-5279daacf5a7-chrome-pdf.html","meta":{"rootId":"s5xhb8ztin8lk4o","id":"s5xhb8ztin8lk4o"},"id":"8xf6n0i3wvulozs","previousOperationId":"bwop39p3c1y5t6e"}
{"type":"log","timestamp":1769042937919,"level":"debug","message":"Page request finished: GET (document) 200 file:///tmp/jsreport/autocleanup/e5f2930b-7599-4a88-a1de-5279daacf5a7-chrome-pdf.html","meta":{"rootId":"s5xhb8ztin8lk4o","id":"s5xhb8ztin8lk4o"},"id":"onvqn3hwm71zlxj","previousOperationId":"bwop39p3c1y5t6e"}
{"type":"log","timestamp":1769042937969,"level":"debug","message":"Running chrome with params {\"printBackground\":true,\"timeout\":59832,\"margin\":{}}","meta":{"rootId":"s5xhb8ztin8lk4o","id":"s5xhb8ztin8lk4o"},"id":"v9wa3h7llccroj0","previousOperationId":"bwop39p3c1y5t6e"}
{"type":"operationEnd","operationId":"bwop39p3c1y5t6e","timestamp":1769042938061,"id":"tfb4ghulga542pc","previousEventId":"v78v5oe9a31k9tf","previousOperationId":"bwop39p3c1y5t6e"}
{"type":"log","timestamp":1769042938061,"level":"debug","message":"Skipping storing report.","meta":{"rootId":"s5xhb8ztin8lk4o","id":"s5xhb8ztin8lk4o"},"id":"0lr79x4wz5z92nv","previousOperationId":"bwop39p3c1y5t6e"}
{"type":"log","timestamp":1769042938061,"level":"info","message":"Rendering request 23 finished in 517 ms","meta":{"rootId":"s5xhb8ztin8lk4o","id":"s5xhb8ztin8lk4o"},"id":"0xr402ka1or46ea","previousOperationId":"bwop39p3c1y5t6e"}
{"type":"operationEnd","subtype":"render","operationId":"1qw11gcdtfdzt64","timestamp":1769042938061,"id":"7oka6w6aduzyp9t","previousEventId":"tfb4ghulga542pc","previousOperationId":"bwop39p3c1y5t6e"}
{"type":"operationEnd","doDiffs":false,"previousEventId":"r2qatldgif3p4mm","previousOperationId":"um7udgd9e5xdsj5","operationId":"um7udgd9e5xdsj5","timestamp":1769042938063,"id":"j8kmrl9q1w8t9pj"}
