{"type":"operationStart","subtype":"profile","data":{"_id":"qMJokMnBR8lettlL","timestamp":"2026-01-22T00:35:06.571Z","state":"queued","mode":"standard","creationDate":"2026-01-22T00:35:06.574Z","modificationDate":"2026-01-22T00:35:06.574Z","shortid":"8-ZsEOK","$entitySet":"profiles"},"doDiffs":false,"timestamp":1769042106573,"id":"ogqzmwyb9k28nsb","previousOperationId":null,"operationId":"819jdrvtmwhyuaj"}
{"type":"log","level":"info","message":"Render request 15 queued for execution and waiting for available worker","previousOperationId":"819jdrvtmwhyuaj","timestamp":1769042106573,"id":"8k865hmb7ti2ajv"}
{"type":"operationStart","subtype":"render","name":"journal-entry-v3","previousOperationId":"819jdrvtmwhyuaj","timestamp":1769042106645,"id":"9v2cr6gxhosk2zi","previousEventId":"ogqzmwyb9k28nsb","operationId":"mll3pcvwt90e4qb"}
{"type":"log","timestamp":1769042106645,"level":"info","message":"Starting rendering request 15","meta":{"rootId":"sb17drxb7rixp61","id":"sb17drxb7rixp61"},"id":"q9fhb13zp9txd92","previousOperationId":"mll3pcvwt90e4qb"}
{"type":"log","timestamp":1769042106645,"level":"info","message":"Rendering template { name: journal-entry-v3, recipe: chrome-pdf, engine: handlebars, preview: true }","meta":{"rootId":"sb17drxb7rixp61","id":"sb17drxb7rixp61"},"id":"7w21ghhncme884k","previousOperationId":"mll3pcvwt90e4qb"}
{"type":"log","timestamp":1769042106648,"level":"debug","message":"Inline data specified.","meta":{"rootId":"sb17drxb7rixp61","id":"sb17drxb7rixp61"},"id":"kyol3fghx4bkaov","previousOperationId":"mll3pcvwt90e4qb"}
{"type":"log","timestamp":1769042106654,"level":"debug","message":"Base url not specified, skipping its injection.","meta":{"rootId":"sb17drxb7rixp61","id":"sb17drxb7rixp61"},"id":"up33q8dngcgxel6","previousOperationId":"mll3pcvwt90e4qb"}
{"type":"operationStart","subtype":"engine","name":"handlebars","timestamp":1769042106655,"id":"tplhaanfrczc60p","previousEventId":"9v2cr6gxhosk2zi","operationId":"9ccv7ozifw5kfep","previousOperationId":"mll3pcvwt90e4qb"}
{"type":"log","timestamp":1769042106655,"level":"debug","message":"Rendering engine handlebars","meta":{"rootId":"sb17drxb7rixp61","id":"sb17drxb7rixp61"},"id":"zvr9t5s7z52vb33","previousOperationId":"9ccv7ozifw5kfep"}
{"type":"operationEnd","operationId":"9ccv7ozifw5kfep","timestamp":1769042106706,"id":"k9ijd9i88zvbxkz","previousEventId":"tplhaanfrczc60p","previousOperationId":"9ccv7ozifw5kfep"}
{"type":"operationStart","subtype":"recipe","name":"chrome-pdf","timestamp":1769042106706,"id":"afqm08aficjtx4q","previousEventId":"k9ijd9i88zvbxkz","operationId":"84i0mtp0rvovgca","previousOperationId":"9ccv7ozifw5kfep"}
{"type":"log","timestamp":1769042106706,"level":"debug","message":"Executing recipe chrome-pdf","meta":{"rootId":"sb17drxb7rixp61","id":"sb17drxb7rixp61"},"id":"uwt3b4jqc90ydro","previousOperationId":"84i0mtp0rvovgca"}
{"type":"log","timestamp":1769042106713,"level":"debug","message":"Converting with chrome Chrome/142.0.7444.175 using chrome-pool strategy","meta":{"rootId":"sb17drxb7rixp61","id":"sb17drxb7rixp61"},"id":"tdxof2w81ytysbz","previousOperationId":"84i0mtp0rvovgca"}
{"type":"log","timestamp":1769042106772,"level":"debug","message":"Page request: GET (document) file:///tmp/jsreport/autocleanup/7e20cdd8-59b1-4837-bb25-2e3482c0fbc5-chrome-pdf.html","meta":{"rootId":"sb17drxb7rixp61","id":"sb17drxb7rixp61"},"id":"thgdtvarkp1l1j9","previousOperationId":"84i0mtp0rvovgca"}
{"type":"log","timestamp":1769042106782,"level":"debug","message":"Page request finished: GET (document) 200 file:///tmp/jsreport/autocleanup/7e20cdd8-59b1-4837-bb25-2e3482c0fbc5-chrome-pdf.html","meta":{"rootId":"sb17drxb7rixp61","id":"sb17drxb7rixp61"},"id":"oq8neeoayfgwvzj","previousOperationId":"84i0mtp0rvovgca"}
{"type":"log","timestamp":1769042106788,"level":"debug","message":"Running chrome with params {\"printBackground\":true,\"timeout\":59861,\"margin\":{}}","meta":{"rootId":"sb17drxb7rixp61","id":"sb17drxb7rixp61"},"id":"vpez3vealk01vn3","previousOperationId":"84i0mtp0rvovgca"}
{"type":"operationEnd","operationId":"84i0mtp0rvovgca","timestamp":1769042106810,"id":"kqgyw61r1fi2ezi","previousEventId":"afqm08aficjtx4q","previousOperationId":"84i0mtp0rvovgca"}
{"type":"log","timestamp":1769042106810,"level":"debug","message":"Skipping storing report.","meta":{"rootId":"sb17drxb7rixp61","id":"sb17drxb7rixp61"},"id":"fxkuhox5com2dcn","previousOperationId":"84i0mtp0rvovgca"}
{"type":"log","timestamp":1769042106810,"level":"info","message":"Rendering request 15 finished in 240 ms","meta":{"rootId":"sb17drxb7rixp61","id":"sb17drxb7rixp61"},"id":"o3l8z3dm6prmn16","previousOperationId":"84i0mtp0rvovgca"}
{"type":"operationEnd","subtype":"render","operationId":"mll3pcvwt90e4qb","timestamp":1769042106810,"id":"2qw5eb73vfg4w5e","previousEventId":"kqgyw61r1fi2ezi","previousOperationId":"84i0mtp0rvovgca"}
{"type":"operationEnd","doDiffs":false,"previousEventId":"ogqzmwyb9k28nsb","previousOperationId":"819jdrvtmwhyuaj","operationId":"819jdrvtmwhyuaj","timestamp":1769042106813,"id":"dp8p9dp0gix9595"}
