{"type":"operationStart","subtype":"profile","data":{"_id":"KFtTK5UuFk5Ss3BQ","timestamp":"2026-01-22T00:38:28.616Z","state":"queued","mode":"standard","creationDate":"2026-01-22T00:38:28.619Z","modificationDate":"2026-01-22T00:38:28.619Z","shortid":"P021wpq","$entitySet":"profiles"},"doDiffs":false,"timestamp":1769042308619,"id":"yrcbywsvsisg44y","previousOperationId":null,"operationId":"xgvt4an85vsgczd"}
{"type":"log","level":"info","message":"Render request 18 queued for execution and waiting for available worker","previousOperationId":"xgvt4an85vsgczd","timestamp":1769042308619,"id":"nqkxae725wigjyk"}
{"type":"operationStart","subtype":"render","name":"journal-entry-v3","previousOperationId":"xgvt4an85vsgczd","timestamp":1769042308686,"id":"y7zrdeonwpffo4y","previousEventId":"yrcbywsvsisg44y","operationId":"redfdlgmchno5re"}
{"type":"log","timestamp":1769042308687,"level":"info","message":"Starting rendering request 18","meta":{"rootId":"uxtum379gs9hun1","id":"uxtum379gs9hun1"},"id":"fs57ktye1tzv7kk","previousOperationId":"redfdlgmchno5re"}
{"type":"log","timestamp":1769042308687,"level":"info","message":"Rendering template { name: journal-entry-v3, recipe: chrome-pdf, engine: handlebars, preview: true }","meta":{"rootId":"uxtum379gs9hun1","id":"uxtum379gs9hun1"},"id":"5cq0oyi5ty41b7q","previousOperationId":"redfdlgmchno5re"}
{"type":"log","timestamp":1769042308688,"level":"debug","message":"Inline data specified.","meta":{"rootId":"uxtum379gs9hun1","id":"uxtum379gs9hun1"},"id":"03bhfx1nnblrx13","previousOperationId":"redfdlgmchno5re"}
{"type":"log","timestamp":1769042308692,"level":"debug","message":"Base url not specified, skipping its injection.","meta":{"rootId":"uxtum379gs9hun1","id":"uxtum379gs9hun1"},"id":"j26tut6okq5pr44","previousOperationId":"redfdlgmchno5re"}
{"type":"operationStart","subtype":"engine","name":"handlebars","timestamp":1769042308693,"id":"hxvgo55diqzqqgu","previousEventId":"y7zrdeonwpffo4y","operationId":"u62p3cgm9mwc368","previousOperationId":"redfdlgmchno5re"}
{"type":"log","timestamp":1769042308693,"level":"debug","message":"Rendering engine handlebars","meta":{"rootId":"uxtum379gs9hun1","id":"uxtum379gs9hun1"},"id":"v9lqg7fuppeti4r","previousOperationId":"u62p3cgm9mwc368"}
{"type":"operationEnd","operationId":"u62p3cgm9mwc368","timestamp":1769042308708,"id":"6yxeurb7dvagym8","previousEventId":"hxvgo55diqzqqgu","previousOperationId":"u62p3cgm9mwc368"}
{"type":"operationStart","subtype":"recipe","name":"chrome-pdf","timestamp":1769042308708,"id":"byjhrh3qzdtieos","previousEventId":"6yxeurb7dvagym8","operationId":"lnke0z4gqbowa6h","previousOperationId":"u62p3cgm9mwc368"}
{"type":"log","timestamp":1769042308708,"level":"debug","message":"Executing recipe chrome-pdf","meta":{"rootId":"uxtum379gs9hun1","id":"uxtum379gs9hun1"},"id":"3irultv59e400ae","previousOperationId":"lnke0z4gqbowa6h"}
{"type":"log","timestamp":1769042308715,"level":"debug","message":"Converting with chrome Chrome/142.0.7444.175 using chrome-pool strategy","meta":{"rootId":"uxtum379gs9hun1","id":"uxtum379gs9hun1"},"id":"jzr31bw6rg1w4h2","previousOperationId":"lnke0z4gqbowa6h"}
{"type":"log","timestamp":1769042308772,"level":"debug","message":"Page request: GET (document) file:///tmp/jsreport/autocleanup/87521eac-f319-4fcc-bb6f-7b0bf9e8d491-chrome-pdf.html","meta":{"rootId":"uxtum379gs9hun1","id":"uxtum379gs9hun1"},"id":"ypiuhvt58g3nlqz","previousOperationId":"lnke0z4gqbowa6h"}
{"type":"log","timestamp":1769042308783,"level":"debug","message":"Page request finished: GET (document) 200 file:///tmp/jsreport/autocleanup/87521eac-f319-4fcc-bb6f-7b0bf9e8d491-chrome-pdf.html","meta":{"rootId":"uxtum379gs9hun1","id":"uxtum379gs9hun1"},"id":"12afzaw2odw9qss","previousOperationId":"lnke0z4gqbowa6h"}
{"type":"log","timestamp":1769042308787,"level":"debug","message":"Running chrome with params {\"printBackground\":true,\"timeout\":59907,\"margin\":{}}","meta":{"rootId":"uxtum379gs9hun1","id":"uxtum379gs9hun1"},"id":"nz58ye4knplwdy9","previousOperationId":"lnke0z4gqbowa6h"}
{"type":"operationEnd","operationId":"lnke0z4gqbowa6h","timestamp":1769042308811,"id":"6yxqm91bp6kcesx","previousEventId":"byjhrh3qzdtieos","previousOperationId":"lnke0z4gqbowa6h"}
{"type":"log","timestamp":1769042308811,"level":"debug","message":"Skipping storing report.","meta":{"rootId":"uxtum379gs9hun1","id":"uxtum379gs9hun1"},"id":"iuquxv5o7qhqltk","previousOperationId":"lnke0z4gqbowa6h"}
{"type":"log","timestamp":1769042308811,"level":"info","message":"Rendering request 18 finished in 195 ms","meta":{"rootId":"uxtum379gs9hun1","id":"uxtum379gs9hun1"},"id":"me9xbwcw5vorfcz","previousOperationId":"lnke0z4gqbowa6h"}
{"type":"operationEnd","subtype":"render","operationId":"redfdlgmchno5re","timestamp":1769042308811,"id":"rpvfb32uzpeping","previousEventId":"6yxqm91bp6kcesx","previousOperationId":"lnke0z4gqbowa6h"}
{"type":"operationEnd","doDiffs":false,"previousEventId":"yrcbywsvsisg44y","previousOperationId":"xgvt4an85vsgczd","operationId":"xgvt4an85vsgczd","timestamp":1769042308814,"id":"c0jsia1x22c4n48"}
