{"type":"operationStart","subtype":"profile","data":{"_id":"idRWK6QZbIyuGRVA","timestamp":"2026-01-22T00:45:46.660Z","state":"queued","mode":"standard","creationDate":"2026-01-22T00:45:46.670Z","modificationDate":"2026-01-22T00:45:46.670Z","shortid":"VeubPzy","$entitySet":"profiles"},"doDiffs":false,"timestamp":1769042746664,"id":"a8tc1zznyeohcty","previousOperationId":null,"operationId":"i0d6rbuf4gab6fa"}
{"type":"log","level":"info","message":"Render request 20 queued for execution and waiting for available worker","previousOperationId":"i0d6rbuf4gab6fa","timestamp":1769042746667,"id":"1z7xd80ukp90yt9"}
{"type":"operationStart","subtype":"render","name":"journal-entry-v3","previousOperationId":"i0d6rbuf4gab6fa","timestamp":1769042746810,"id":"2q6qcm2n4r7vo83","previousEventId":"a8tc1zznyeohcty","operationId":"4hhzpwloeuhbwn1"}
{"type":"log","timestamp":1769042746817,"level":"info","message":"Starting rendering request 20","meta":{"rootId":"vdedpz1755tqsz3","id":"vdedpz1755tqsz3"},"id":"d98entthe2x3wmz","previousOperationId":"4hhzpwloeuhbwn1"}
{"type":"log","timestamp":1769042746825,"level":"info","message":"Rendering template { name: journal-entry-v3, recipe: chrome-pdf, engine: handlebars, preview: true }","meta":{"rootId":"vdedpz1755tqsz3","id":"vdedpz1755tqsz3"},"id":"r1p3x361bia21ni","previousOperationId":"4hhzpwloeuhbwn1"}
{"type":"log","timestamp":1769042746835,"level":"debug","message":"Inline data specified.","meta":{"rootId":"vdedpz1755tqsz3","id":"vdedpz1755tqsz3"},"id":"dmgbihrit0ch2yq","previousOperationId":"4hhzpwloeuhbwn1"}
{"type":"log","timestamp":1769042746851,"level":"debug","message":"Base url not specified, skipping its injection.","meta":{"rootId":"vdedpz1755tqsz3","id":"vdedpz1755tqsz3"},"id":"0ft6uv0lvqzddir","previousOperationId":"4hhzpwloeuhbwn1"}
{"type":"operationStart","subtype":"engine","name":"handlebars","timestamp":1769042746862,"id":"nfaetze515usdtf","previousEventId":"2q6qcm2n4r7vo83","operationId":"iqcxhzrmezsdvk8","previousOperationId":"4hhzpwloeuhbwn1"}
{"type":"log","timestamp":1769042746862,"level":"debug","message":"Rendering engine handlebars","meta":{"rootId":"vdedpz1755tqsz3","id":"vdedpz1755tqsz3"},"id":"etn1th64clb25a0","previousOperationId":"iqcxhzrmezsdvk8"}
{"type":"operationEnd","operationId":"iqcxhzrmezsdvk8","timestamp":1769042746975,"id":"oa6ggsn26fjfaec","previousEventId":"nfaetze515usdtf","previousOperationId":"iqcxhzrmezsdvk8"}
{"type":"operationStart","subtype":"recipe","name":"chrome-pdf","timestamp":1769042746976,"id":"8ldj38tb94ogta2","previousEventId":"oa6ggsn26fjfaec","operationId":"irvbm5n0pnidy4f","previousOperationId":"iqcxhzrmezsdvk8"}
{"type":"log","timestamp":1769042746976,"level":"debug","message":"Executing recipe chrome-pdf","meta":{"rootId":"vdedpz1755tqsz3","id":"vdedpz1755tqsz3"},"id":"rngk461a4d9knui","previousOperationId":"irvbm5n0pnidy4f"}
{"type":"log","timestamp":1769042747010,"level":"debug","message":"Converting with chrome Chrome/142.0.7444.175 using chrome-pool strategy","meta":{"rootId":"vdedpz1755tqsz3","id":"vdedpz1755tqsz3"},"id":"e27pcifppzo8ufo","previousOperationId":"irvbm5n0pnidy4f"}
{"type":"log","timestamp":1769042747496,"level":"debug","message":"Page request: GET (document) file:///tmp/jsreport/autocleanup/c445719c-0616-40ae-8395-cd7ef8b45a40-chrome-pdf.html","meta":{"rootId":"vdedpz1755tqsz3","id":"vdedpz1755tqsz3"},"id":"cn6ezmdczqs0pes","previousOperationId":"irvbm5n0pnidy4f"}
{"type":"log","timestamp":1769042747537,"level":"debug","message":"Page request finished: GET (document) 200 file:///tmp/jsreport/autocleanup/c445719c-0616-40ae-8395-cd7ef8b45a40-chrome-pdf.html","meta":{"rootId":"vdedpz1755tqsz3","id":"vdedpz1755tqsz3"},"id":"qxk3d5av4dubado","previousOperationId":"irvbm5n0pnidy4f"}
{"type":"log","timestamp":1769042747614,"level":"debug","message":"Running chrome with params {\"printBackground\":true,\"timeout\":59665,\"margin\":{}}","meta":{"rootId":"vdedpz1755tqsz3","id":"vdedpz1755tqsz3"},"id":"75kzav6tusgc33v","previousOperationId":"irvbm5n0pnidy4f"}
{"type":"operationEnd","operationId":"irvbm5n0pnidy4f","timestamp":1769042747761,"id":"balx1aps3p7vba2","previousEventId":"8ldj38tb94ogta2","previousOperationId":"irvbm5n0pnidy4f"}
{"type":"log","timestamp":1769042747762,"level":"debug","message":"Skipping storing report.","meta":{"rootId":"vdedpz1755tqsz3","id":"vdedpz1755tqsz3"},"id":"74ulbgm18nlttvx","previousOperationId":"irvbm5n0pnidy4f"}
{"type":"log","timestamp":1769042747762,"level":"info","message":"Rendering request 20 finished in 1109 ms","meta":{"rootId":"vdedpz1755tqsz3","id":"vdedpz1755tqsz3"},"id":"2c9wh65tl9dvomg","previousOperationId":"irvbm5n0pnidy4f"}
{"type":"operationEnd","subtype":"render","operationId":"4hhzpwloeuhbwn1","timestamp":1769042747762,"id":"6hqni2pkzt2zuar","previousEventId":"balx1aps3p7vba2","previousOperationId":"irvbm5n0pnidy4f"}
{"type":"operationEnd","doDiffs":false,"previousEventId":"a8tc1zznyeohcty","previousOperationId":"i0d6rbuf4gab6fa","operationId":"i0d6rbuf4gab6fa","timestamp":1769042747766,"id":"c2agdjrf03eb6dz"}
