{"type":"operationStart","subtype":"profile","data":{"_id":"1eitvzJ64RQ6zml7","timestamp":"2026-01-22T00:49:30.692Z","state":"queued","mode":"standard","creationDate":"2026-01-22T00:49:30.703Z","modificationDate":"2026-01-22T00:49:30.703Z","shortid":"QySukYF","$entitySet":"profiles"},"doDiffs":false,"timestamp":1769042970702,"id":"k984i53y0ou3ypq","previousOperationId":null,"operationId":"7fhcr8mmqn9b0qr"}
{"type":"log","level":"info","message":"Render request 25 queued for execution and waiting for available worker","previousOperationId":"7fhcr8mmqn9b0qr","timestamp":1769042970702,"id":"1hf41p68asie8rs"}
{"type":"operationStart","subtype":"render","name":"journal-entry-v3","previousOperationId":"7fhcr8mmqn9b0qr","timestamp":1769042970742,"id":"techphjjbdqi87o","previousEventId":"k984i53y0ou3ypq","operationId":"avzjw04jclcx27r"}
{"type":"log","timestamp":1769042970742,"level":"info","message":"Starting rendering request 25","meta":{"rootId":"wakwu56r44v6va5","id":"wakwu56r44v6va5"},"id":"k1ckfit27qrstl8","previousOperationId":"avzjw04jclcx27r"}
{"type":"log","timestamp":1769042970742,"level":"info","message":"Rendering template { name: journal-entry-v3, recipe: chrome-pdf, engine: handlebars, preview: true }","meta":{"rootId":"wakwu56r44v6va5","id":"wakwu56r44v6va5"},"id":"tv5z01fbzd7k63s","previousOperationId":"avzjw04jclcx27r"}
{"type":"log","timestamp":1769042970746,"level":"debug","message":"Inline data specified.","meta":{"rootId":"wakwu56r44v6va5","id":"wakwu56r44v6va5"},"id":"rxgcwgp9av63lf8","previousOperationId":"avzjw04jclcx27r"}
{"type":"log","timestamp":1769042970748,"level":"debug","message":"Base url not specified, skipping its injection.","meta":{"rootId":"wakwu56r44v6va5","id":"wakwu56r44v6va5"},"id":"mxvetlcqb5bzq1d","previousOperationId":"avzjw04jclcx27r"}
{"type":"operationStart","subtype":"engine","name":"handlebars","timestamp":1769042970748,"id":"c2e8tak52oj3cir","previousEventId":"techphjjbdqi87o","operationId":"xylfttqb2lfijb9","previousOperationId":"avzjw04jclcx27r"}
{"type":"log","timestamp":1769042970749,"level":"debug","message":"Rendering engine handlebars","meta":{"rootId":"wakwu56r44v6va5","id":"wakwu56r44v6va5"},"id":"5266392ww1gi984","previousOperationId":"xylfttqb2lfijb9"}
{"type":"operationEnd","operationId":"xylfttqb2lfijb9","timestamp":1769042970761,"id":"vhvj2cfqt2k3lj7","previousEventId":"c2e8tak52oj3cir","previousOperationId":"xylfttqb2lfijb9"}
{"type":"operationStart","subtype":"recipe","name":"chrome-pdf","timestamp":1769042970761,"id":"jtezlez43c6bl93","previousEventId":"vhvj2cfqt2k3lj7","operationId":"j03e8peobp78fas","previousOperationId":"xylfttqb2lfijb9"}
{"type":"log","timestamp":1769042970761,"level":"debug","message":"Executing recipe chrome-pdf","meta":{"rootId":"wakwu56r44v6va5","id":"wakwu56r44v6va5"},"id":"1jva5qlqttpph7y","previousOperationId":"j03e8peobp78fas"}
{"type":"log","timestamp":1769042970765,"level":"debug","message":"Converting with chrome Chrome/142.0.7444.175 using chrome-pool strategy","meta":{"rootId":"wakwu56r44v6va5","id":"wakwu56r44v6va5"},"id":"aib0qjvlbfz0568","previousOperationId":"j03e8peobp78fas"}
{"type":"log","timestamp":1769042970799,"level":"debug","message":"Page request: GET (document) file:///tmp/jsreport/autocleanup/ffeab9a3-b060-4526-95f8-a261595d44b8-chrome-pdf.html","meta":{"rootId":"wakwu56r44v6va5","id":"wakwu56r44v6va5"},"id":"jaifyao33dn2sfj","previousOperationId":"j03e8peobp78fas"}
{"type":"log","timestamp":1769042970811,"level":"debug","message":"Page request finished: GET (document) 200 file:///tmp/jsreport/autocleanup/ffeab9a3-b060-4526-95f8-a261595d44b8-chrome-pdf.html","meta":{"rootId":"wakwu56r44v6va5","id":"wakwu56r44v6va5"},"id":"hlbhi4geljp8jw5","previousOperationId":"j03e8peobp78fas"}
{"type":"log","timestamp":1769042970841,"level":"debug","message":"Running chrome with params {\"printBackground\":true,\"timeout\":59928,\"margin\":{}}","meta":{"rootId":"wakwu56r44v6va5","id":"wakwu56r44v6va5"},"id":"a8o6ncu4tc8ws5u","previousOperationId":"j03e8peobp78fas"}
{"type":"operationEnd","operationId":"j03e8peobp78fas","timestamp":1769042970898,"id":"p5vpth4awp2jqly","previousEventId":"jtezlez43c6bl93","previousOperationId":"j03e8peobp78fas"}
{"type":"log","timestamp":1769042970898,"level":"debug","message":"Skipping storing report.","meta":{"rootId":"wakwu56r44v6va5","id":"wakwu56r44v6va5"},"id":"pc0xyibtb2wqure","previousOperationId":"j03e8peobp78fas"}
{"type":"log","timestamp":1769042970898,"level":"info","message":"Rendering request 25 finished in 206 ms","meta":{"rootId":"wakwu56r44v6va5","id":"wakwu56r44v6va5"},"id":"l63vp74yj1dm19v","previousOperationId":"j03e8peobp78fas"}
{"type":"operationEnd","subtype":"render","operationId":"avzjw04jclcx27r","timestamp":1769042970898,"id":"e8fv0284kyin9it","previousEventId":"p5vpth4awp2jqly","previousOperationId":"j03e8peobp78fas"}
{"type":"operationEnd","doDiffs":false,"previousEventId":"k984i53y0ou3ypq","previousOperationId":"7fhcr8mmqn9b0qr","operationId":"7fhcr8mmqn9b0qr","timestamp":1769042970902,"id":"xb8d85hen22g5ec"}
