{"type":"operationStart","subtype":"profile","data":{"_id":"M5gRBysIIUgiHgnd","timestamp":"2026-01-22T01:20:05.594Z","state":"queued","mode":"standard","creationDate":"2026-01-22T01:20:05.612Z","modificationDate":"2026-01-22T01:20:05.612Z","shortid":"EUfwzQ2","$entitySet":"profiles"},"doDiffs":false,"timestamp":1769044805601,"id":"cgpk7wh2e08vktc","previousOperationId":null,"operationId":"fekgoqyziqvno4l"}
{"type":"log","level":"info","message":"Render request 34 queued for execution and waiting for available worker","previousOperationId":"fekgoqyziqvno4l","timestamp":1769044805601,"id":"r7pg3c356akwp84"}
{"type":"operationStart","subtype":"render","name":"journal-entry-v3","previousOperationId":"fekgoqyziqvno4l","timestamp":1769044805708,"id":"oc7awik4mw6n5d7","previousEventId":"cgpk7wh2e08vktc","operationId":"2vg30et8b3u481y"}
{"type":"log","timestamp":1769044805718,"level":"info","message":"Starting rendering request 34","meta":{"rootId":"wt7jtnbml1j10oc","id":"wt7jtnbml1j10oc"},"id":"7fmgsxeutnll1yn","previousOperationId":"2vg30et8b3u481y"}
{"type":"log","timestamp":1769044805730,"level":"info","message":"Rendering template { name: journal-entry-v3, recipe: chrome-pdf, engine: handlebars, preview: false }","meta":{"rootId":"wt7jtnbml1j10oc","id":"wt7jtnbml1j10oc"},"id":"u7g5kmt704z4qd0","previousOperationId":"2vg30et8b3u481y"}
{"type":"log","timestamp":1769044805746,"level":"debug","message":"Inline data specified.","meta":{"rootId":"wt7jtnbml1j10oc","id":"wt7jtnbml1j10oc"},"id":"04c7bs56wavuhj8","previousOperationId":"2vg30et8b3u481y"}
{"type":"log","timestamp":1769044805759,"level":"debug","message":"Base url not specified, skipping its injection.","meta":{"rootId":"wt7jtnbml1j10oc","id":"wt7jtnbml1j10oc"},"id":"fpb71h24xg6qby1","previousOperationId":"2vg30et8b3u481y"}
{"type":"operationStart","subtype":"engine","name":"handlebars","timestamp":1769044805773,"id":"z3bqawvcorfnkiw","previousEventId":"oc7awik4mw6n5d7","operationId":"up48pjp2fdmlb8o","previousOperationId":"2vg30et8b3u481y"}
{"type":"log","timestamp":1769044805773,"level":"debug","message":"Rendering engine handlebars","meta":{"rootId":"wt7jtnbml1j10oc","id":"wt7jtnbml1j10oc"},"id":"uxq7td1m6y0nux4","previousOperationId":"up48pjp2fdmlb8o"}
{"type":"operationEnd","operationId":"up48pjp2fdmlb8o","timestamp":1769044805876,"id":"w90pxgcnbl6yzsl","previousEventId":"z3bqawvcorfnkiw","previousOperationId":"up48pjp2fdmlb8o"}
{"type":"operationStart","subtype":"recipe","name":"chrome-pdf","timestamp":1769044805878,"id":"jtbpg9nmwbjlm37","previousEventId":"w90pxgcnbl6yzsl","operationId":"2dhzaaptvzh20w6","previousOperationId":"up48pjp2fdmlb8o"}
{"type":"log","timestamp":1769044805878,"level":"debug","message":"Executing recipe chrome-pdf","meta":{"rootId":"wt7jtnbml1j10oc","id":"wt7jtnbml1j10oc"},"id":"siaunjlx46r5v9t","previousOperationId":"2dhzaaptvzh20w6"}
{"type":"log","timestamp":1769044805925,"level":"debug","message":"Converting with chrome Chrome/142.0.7444.175 using chrome-pool strategy","meta":{"rootId":"wt7jtnbml1j10oc","id":"wt7jtnbml1j10oc"},"id":"t66f8yim98wsvqu","previousOperationId":"2dhzaaptvzh20w6"}
{"type":"log","timestamp":1769044806542,"level":"debug","message":"Page request: GET (document) file:///tmp/jsreport/autocleanup/5cbfd478-7c15-4571-a5ac-cc035ad2dfbd-chrome-pdf.html","meta":{"rootId":"wt7jtnbml1j10oc","id":"wt7jtnbml1j10oc"},"id":"09m6vs4k0ejaf9r","previousOperationId":"2dhzaaptvzh20w6"}
{"type":"log","timestamp":1769044806614,"level":"debug","message":"Page request finished: GET (document) 200 file:///tmp/jsreport/autocleanup/5cbfd478-7c15-4571-a5ac-cc035ad2dfbd-chrome-pdf.html","meta":{"rootId":"wt7jtnbml1j10oc","id":"wt7jtnbml1j10oc"},"id":"kww1s667k42u2ja","previousOperationId":"2dhzaaptvzh20w6"}
{"type":"log","timestamp":1769044806694,"level":"debug","message":"Running chrome with params {\"printBackground\":true,\"timeout\":59691,\"margin\":{}}","meta":{"rootId":"wt7jtnbml1j10oc","id":"wt7jtnbml1j10oc"},"id":"nap89t09dmml7cm","previousOperationId":"2dhzaaptvzh20w6"}
{"type":"operationEnd","operationId":"2dhzaaptvzh20w6","timestamp":1769044806959,"id":"v8uovand4edazbg","previousEventId":"jtbpg9nmwbjlm37","previousOperationId":"2dhzaaptvzh20w6"}
{"type":"log","timestamp":1769044806960,"level":"debug","message":"Skipping storing report.","meta":{"rootId":"wt7jtnbml1j10oc","id":"wt7jtnbml1j10oc"},"id":"egj70blmaghsghc","previousOperationId":"2dhzaaptvzh20w6"}
{"type":"log","timestamp":1769044806960,"level":"info","message":"Rendering request 34 finished in 1378 ms","meta":{"rootId":"wt7jtnbml1j10oc","id":"wt7jtnbml1j10oc"},"id":"cevu3ezd5mbalvy","previousOperationId":"2dhzaaptvzh20w6"}
{"type":"operationEnd","subtype":"render","operationId":"2vg30et8b3u481y","timestamp":1769044806960,"id":"33s2jhw66djnn6p","previousEventId":"v8uovand4edazbg","previousOperationId":"2dhzaaptvzh20w6"}
{"type":"operationEnd","doDiffs":false,"previousEventId":"cgpk7wh2e08vktc","previousOperationId":"fekgoqyziqvno4l","operationId":"fekgoqyziqvno4l","timestamp":1769044806968,"id":"q5x9llgtcldfr0m"}
