{"type":"operationStart","subtype":"profile","data":{"_id":"y5aXVK7mYYH5C2hx","timestamp":"2026-02-17T21:06:53.429Z","state":"queued","mode":"standard","creationDate":"2026-02-17T21:06:53.450Z","modificationDate":"2026-02-17T21:06:53.450Z","shortid":"k99auQQ","$entitySet":"profiles"},"doDiffs":false,"timestamp":1771362413438,"id":"tnwn8ftp3mjk5ze","previousOperationId":null,"operationId":"9zsyjos2n24mc3x"}
{"type":"log","level":"info","message":"Render request 27 queued for execution and waiting for available worker","previousOperationId":"9zsyjos2n24mc3x","timestamp":1771362413439,"id":"7ld9xl38y8x6uoi"}
{"type":"operationStart","subtype":"render","name":"general-ledger-v2","previousOperationId":"9zsyjos2n24mc3x","timestamp":1771362413572,"id":"q25b0p9w9igrynd","previousEventId":"tnwn8ftp3mjk5ze","operationId":"fuoxt2nfqqll6oy"}
{"type":"log","timestamp":1771362413577,"level":"info","message":"Starting rendering request 27","meta":{"rootId":"0mh2pfvu3ecy88c","id":"0mh2pfvu3ecy88c"},"id":"turxd5kdcwc6gis","previousOperationId":"fuoxt2nfqqll6oy"}
{"type":"log","timestamp":1771362413582,"level":"info","message":"Rendering template { name: general-ledger-v2, recipe: chrome-pdf, engine: handlebars, preview: false }","meta":{"rootId":"0mh2pfvu3ecy88c","id":"0mh2pfvu3ecy88c"},"id":"9m3vwolkpv2zgk3","previousOperationId":"fuoxt2nfqqll6oy"}
{"type":"log","timestamp":1771362413589,"level":"debug","message":"Inline data specified.","meta":{"rootId":"0mh2pfvu3ecy88c","id":"0mh2pfvu3ecy88c"},"id":"s8qsbea62durqst","previousOperationId":"fuoxt2nfqqll6oy"}
{"type":"log","timestamp":1771362413599,"level":"debug","message":"Base url not specified, skipping its injection.","meta":{"rootId":"0mh2pfvu3ecy88c","id":"0mh2pfvu3ecy88c"},"id":"kwdw9lklj3ar0hr","previousOperationId":"fuoxt2nfqqll6oy"}
{"type":"operationStart","subtype":"engine","name":"handlebars","timestamp":1771362413609,"id":"h5ryh6hz4ontx4y","previousEventId":"q25b0p9w9igrynd","operationId":"iz39c5htlicn6ri","previousOperationId":"fuoxt2nfqqll6oy"}
{"type":"log","timestamp":1771362413609,"level":"debug","message":"Rendering engine handlebars","meta":{"rootId":"0mh2pfvu3ecy88c","id":"0mh2pfvu3ecy88c"},"id":"bpt5qsnxkzuocg6","previousOperationId":"iz39c5htlicn6ri"}
{"type":"operationEnd","operationId":"iz39c5htlicn6ri","timestamp":1771362413728,"id":"9q8u48okgl4se95","previousEventId":"h5ryh6hz4ontx4y","previousOperationId":"iz39c5htlicn6ri"}
{"type":"operationStart","subtype":"recipe","name":"chrome-pdf","timestamp":1771362413735,"id":"gn97plb9up9282a","previousEventId":"9q8u48okgl4se95","operationId":"7ba07no04pejhqr","previousOperationId":"iz39c5htlicn6ri"}
{"type":"log","timestamp":1771362413735,"level":"debug","message":"Executing recipe chrome-pdf","meta":{"rootId":"0mh2pfvu3ecy88c","id":"0mh2pfvu3ecy88c"},"id":"c0ar5p1qyunfyv3","previousOperationId":"7ba07no04pejhqr"}
{"type":"log","timestamp":1771362413797,"level":"debug","message":"Converting with chrome Chrome/142.0.7444.175 using chrome-pool strategy","meta":{"rootId":"0mh2pfvu3ecy88c","id":"0mh2pfvu3ecy88c"},"id":"i9c3u30ohrlf02e","previousOperationId":"7ba07no04pejhqr"}
{"type":"log","timestamp":1771362414467,"level":"debug","message":"Page request: GET (document) file:///tmp/jsreport/autocleanup/95a5bd0f-e5cb-4b0c-b30c-6095505156d8-chrome-pdf.html","meta":{"rootId":"0mh2pfvu3ecy88c","id":"0mh2pfvu3ecy88c"},"id":"gx54in89tb18wjf","previousOperationId":"7ba07no04pejhqr"}
{"type":"log","timestamp":1771362414514,"level":"debug","message":"Page request finished: GET (document) 200 file:///tmp/jsreport/autocleanup/95a5bd0f-e5cb-4b0c-b30c-6095505156d8-chrome-pdf.html","meta":{"rootId":"0mh2pfvu3ecy88c","id":"0mh2pfvu3ecy88c"},"id":"3l62qp8jodhn1ic","previousOperationId":"7ba07no04pejhqr"}
{"type":"log","timestamp":1771362414520,"level":"debug","message":"Page request: GET (image) https://paciolibucket.s3.us-east-2.amazonaws.com/orgs/c64b69f6759a43a1bc0ae31961876751/companies/logos/e9767ff4-7186-447f-a397-208ea6bbfdb8_ninosfelices.png?X-Amz-Expires=600&X-Amz-Algorithm=AWS4-HMAC-SHA256&X-Amz-Credential=AKIAVYV5Z6T6UQ4ARWOC%2F20260217%2Fus-east-2%2Fs3%2Faws4_request&X-Amz-Date=20260217T210653Z&X-Amz-SignedHeaders=host&X-Amz-Signature=08a240c064ba52938df437541208dec3e843f36157a7931e81572217b9fa8ef8","meta":{"rootId":"0mh2pfvu3ecy88c","id":"0mh2pfvu3ecy88c"},"id":"e1tixm9zx57ud9l","previousOperationId":"7ba07no04pejhqr"}
{"type":"log","timestamp":1771362415223,"level":"debug","message":"Page request finished: GET (image) 200 https://paciolibucket.s3.us-east-2.amazonaws.com/orgs/c64b69f6759a43a1bc0ae31961876751/companies/logos/e9767ff4-7186-447f-a397-208ea6bbfdb8_ninosfelices.png?X-Amz-Expires=600&X-Amz-Algorithm=AWS4-HMAC-SHA256&X-Amz-Credential=AKIAVYV5Z6T6UQ4ARWOC%2F20260217%2Fus-east-2%2Fs3%2Faws4_request&X-Amz-Date=20260217T210653Z&X-Amz-SignedHeaders=host&X-Amz-Signature=08a240c064ba52938df437541208dec3e843f36157a7931e81572217b9fa8ef8","meta":{"rootId":"0mh2pfvu3ecy88c","id":"0mh2pfvu3ecy88c"},"id":"ylmm80mjctx3fc6","previousOperationId":"7ba07no04pejhqr"}
{"type":"log","timestamp":1771362415225,"level":"debug","message":"Running chrome with params {\"printBackground\":true,\"timeout\":59672,\"margin\":{}}","meta":{"rootId":"0mh2pfvu3ecy88c","id":"0mh2pfvu3ecy88c"},"id":"7jqd2ayl70c0cr9","previousOperationId":"7ba07no04pejhqr"}
{"type":"operationEnd","operationId":"7ba07no04pejhqr","timestamp":1771362415370,"id":"jtvyuy1ncgnkkk8","previousEventId":"gn97plb9up9282a","previousOperationId":"7ba07no04pejhqr"}
{"type":"log","timestamp":1771362415371,"level":"debug","message":"Skipping storing report.","meta":{"rootId":"0mh2pfvu3ecy88c","id":"0mh2pfvu3ecy88c"},"id":"6gzlka2oysy7y7y","previousOperationId":"7ba07no04pejhqr"}
{"type":"log","timestamp":1771362415371,"level":"info","message":"Rendering request 27 finished in 1949 ms","meta":{"rootId":"0mh2pfvu3ecy88c","id":"0mh2pfvu3ecy88c"},"id":"dmbwauub8dapm2t","previousOperationId":"7ba07no04pejhqr"}
{"type":"operationEnd","subtype":"render","operationId":"fuoxt2nfqqll6oy","timestamp":1771362415371,"id":"tvtznvkvpttbebc","previousEventId":"jtvyuy1ncgnkkk8","previousOperationId":"7ba07no04pejhqr"}
{"type":"operationEnd","doDiffs":false,"previousEventId":"tnwn8ftp3mjk5ze","previousOperationId":"9zsyjos2n24mc3x","operationId":"9zsyjos2n24mc3x","timestamp":1771362415373,"id":"blf8myb27143yo6"}
