{"type":"operationStart","subtype":"profile","data":{"_id":"UpOiygeYvRIanoNl","timestamp":"2026-02-17T21:56:56.076Z","state":"queued","mode":"standard","creationDate":"2026-02-17T21:56:56.128Z","modificationDate":"2026-02-17T21:56:56.128Z","shortid":"6g0Kjti","$entitySet":"profiles"},"doDiffs":false,"timestamp":1771365416093,"id":"ovi4tny5a9hafby","previousOperationId":null,"operationId":"jlzda010bkso7m1"}
{"type":"log","level":"info","message":"Render request 32 queued for execution and waiting for available worker","previousOperationId":"jlzda010bkso7m1","timestamp":1771365416095,"id":"t36tg80ivawodzu"}
{"type":"operationStart","subtype":"render","name":"general-ledger-v2","previousOperationId":"jlzda010bkso7m1","timestamp":1771365416273,"id":"rbgr49gbi1s0h2u","previousEventId":"ovi4tny5a9hafby","operationId":"vhbowemssa4qbo2"}
{"type":"log","timestamp":1771365416283,"level":"info","message":"Starting rendering request 32","meta":{"rootId":"1ki9deggwiklq3a","id":"1ki9deggwiklq3a"},"id":"obq4aa9qiejzgrv","previousOperationId":"vhbowemssa4qbo2"}
{"type":"log","timestamp":1771365416290,"level":"info","message":"Rendering template { name: general-ledger-v2, recipe: chrome-pdf, engine: handlebars, preview: false }","meta":{"rootId":"1ki9deggwiklq3a","id":"1ki9deggwiklq3a"},"id":"ihvqesb9aprmh2l","previousOperationId":"vhbowemssa4qbo2"}
{"type":"log","timestamp":1771365416304,"level":"debug","message":"Inline data specified.","meta":{"rootId":"1ki9deggwiklq3a","id":"1ki9deggwiklq3a"},"id":"udnsguj7ek9rqum","previousOperationId":"vhbowemssa4qbo2"}
{"type":"log","timestamp":1771365416313,"level":"debug","message":"Base url not specified, skipping its injection.","meta":{"rootId":"1ki9deggwiklq3a","id":"1ki9deggwiklq3a"},"id":"apesnmvslkmkavr","previousOperationId":"vhbowemssa4qbo2"}
{"type":"operationStart","subtype":"engine","name":"handlebars","timestamp":1771365416334,"id":"722v9d33kkp5dsy","previousEventId":"rbgr49gbi1s0h2u","operationId":"aa72bmi2hm7s00z","previousOperationId":"vhbowemssa4qbo2"}
{"type":"log","timestamp":1771365416335,"level":"debug","message":"Rendering engine handlebars","meta":{"rootId":"1ki9deggwiklq3a","id":"1ki9deggwiklq3a"},"id":"1v9w3h93b7of10p","previousOperationId":"aa72bmi2hm7s00z"}
{"type":"operationEnd","operationId":"aa72bmi2hm7s00z","timestamp":1771365416556,"id":"avic9o1h44z8qp0","previousEventId":"722v9d33kkp5dsy","previousOperationId":"aa72bmi2hm7s00z"}
{"type":"operationStart","subtype":"recipe","name":"chrome-pdf","timestamp":1771365416565,"id":"th4xtz0lmnnxbvs","previousEventId":"avic9o1h44z8qp0","operationId":"0gcc31gds1vvkps","previousOperationId":"aa72bmi2hm7s00z"}
{"type":"log","timestamp":1771365416565,"level":"debug","message":"Executing recipe chrome-pdf","meta":{"rootId":"1ki9deggwiklq3a","id":"1ki9deggwiklq3a"},"id":"wpdtvbjdm4oxtdi","previousOperationId":"0gcc31gds1vvkps"}
{"type":"log","timestamp":1771365416675,"level":"debug","message":"Converting with chrome Chrome/142.0.7444.175 using chrome-pool strategy","meta":{"rootId":"1ki9deggwiklq3a","id":"1ki9deggwiklq3a"},"id":"vstk3z97eheqfhy","previousOperationId":"0gcc31gds1vvkps"}
{"type":"log","timestamp":1771365417330,"level":"debug","message":"Page request: GET (document) file:///tmp/jsreport/autocleanup/9f9446f7-0ff7-426e-96c3-e0dfea9cb550-chrome-pdf.html","meta":{"rootId":"1ki9deggwiklq3a","id":"1ki9deggwiklq3a"},"id":"b8qx90x9l4272g9","previousOperationId":"0gcc31gds1vvkps"}
{"type":"log","timestamp":1771365417374,"level":"debug","message":"Page request finished: GET (document) 200 file:///tmp/jsreport/autocleanup/9f9446f7-0ff7-426e-96c3-e0dfea9cb550-chrome-pdf.html","meta":{"rootId":"1ki9deggwiklq3a","id":"1ki9deggwiklq3a"},"id":"slv87xx22kr17zs","previousOperationId":"0gcc31gds1vvkps"}
{"type":"log","timestamp":1771365417381,"level":"debug","message":"Page request: GET (image) https://paciolibucket.s3.us-east-2.amazonaws.com/orgs/c64b69f6759a43a1bc0ae31961876751/companies/logos/e9767ff4-7186-447f-a397-208ea6bbfdb8_ninosfelices.png?X-Amz-Expires=600&X-Amz-Algorithm=AWS4-HMAC-SHA256&X-Amz-Credential=AKIAVYV5Z6T6UQ4ARWOC%2F20260217%2Fus-east-2%2Fs3%2Faws4_request&X-Amz-Date=20260217T215655Z&X-Amz-SignedHeaders=host&X-Amz-Signature=5083600f3257bb2488f415d8bc0f49ccae4060d7728e846ae3051612b40d0454","meta":{"rootId":"1ki9deggwiklq3a","id":"1ki9deggwiklq3a"},"id":"rfa2ekr2ch4dd6x","previousOperationId":"0gcc31gds1vvkps"}
{"type":"log","timestamp":1771365418288,"level":"debug","message":"Page request finished: GET (image) 200 https://paciolibucket.s3.us-east-2.amazonaws.com/orgs/c64b69f6759a43a1bc0ae31961876751/companies/logos/e9767ff4-7186-447f-a397-208ea6bbfdb8_ninosfelices.png?X-Amz-Expires=600&X-Amz-Algorithm=AWS4-HMAC-SHA256&X-Amz-Credential=AKIAVYV5Z6T6UQ4ARWOC%2F20260217%2Fus-east-2%2Fs3%2Faws4_request&X-Amz-Date=20260217T215655Z&X-Amz-SignedHeaders=host&X-Amz-Signature=5083600f3257bb2488f415d8bc0f49ccae4060d7728e846ae3051612b40d0454","meta":{"rootId":"1ki9deggwiklq3a","id":"1ki9deggwiklq3a"},"id":"hzarfxn1k1v8g1m","previousOperationId":"0gcc31gds1vvkps"}
{"type":"log","timestamp":1771365418294,"level":"debug","message":"Running chrome with params {\"printBackground\":true,\"timeout\":59459,\"margin\":{}}","meta":{"rootId":"1ki9deggwiklq3a","id":"1ki9deggwiklq3a"},"id":"blzgoqtx2yga0qa","previousOperationId":"0gcc31gds1vvkps"}
{"type":"operationEnd","operationId":"0gcc31gds1vvkps","timestamp":1771365418520,"id":"tt3074rc6toykgh","previousEventId":"th4xtz0lmnnxbvs","previousOperationId":"0gcc31gds1vvkps"}
{"type":"log","timestamp":1771365418521,"level":"debug","message":"Skipping storing report.","meta":{"rootId":"1ki9deggwiklq3a","id":"1ki9deggwiklq3a"},"id":"ggftsytv68l93pt","previousOperationId":"0gcc31gds1vvkps"}
{"type":"log","timestamp":1771365418521,"level":"info","message":"Rendering request 32 finished in 2463 ms","meta":{"rootId":"1ki9deggwiklq3a","id":"1ki9deggwiklq3a"},"id":"xc8ftk9blujrrnw","previousOperationId":"0gcc31gds1vvkps"}
{"type":"operationEnd","subtype":"render","operationId":"vhbowemssa4qbo2","timestamp":1771365418521,"id":"nmbfbiryzojdhou","previousEventId":"tt3074rc6toykgh","previousOperationId":"0gcc31gds1vvkps"}
{"type":"operationEnd","doDiffs":false,"previousEventId":"ovi4tny5a9hafby","previousOperationId":"jlzda010bkso7m1","operationId":"jlzda010bkso7m1","timestamp":1771365418528,"id":"qubdrtzo24jfxh2"}
