{"type":"operationStart","subtype":"profile","data":{"_id":"ZawNP3swUSs3bbZB","timestamp":"2026-02-17T03:18:49.410Z","state":"queued","mode":"standard","creationDate":"2026-02-17T03:18:49.490Z","modificationDate":"2026-02-17T03:18:49.490Z","shortid":"LaL_cSb","$entitySet":"profiles"},"doDiffs":false,"timestamp":1771298329443,"id":"8ogn5h31g1h2fim","previousOperationId":null,"operationId":"u00szuyghboikj5"}
{"type":"log","level":"info","message":"Render request 18 queued for execution and waiting for available worker","previousOperationId":"u00szuyghboikj5","timestamp":1771298329444,"id":"8kvv4sfss3zdfav"}
{"type":"operationStart","subtype":"render","name":"general-ledger-v2","previousOperationId":"u00szuyghboikj5","timestamp":1771298329781,"id":"1g3cj50acu2lxwg","previousEventId":"8ogn5h31g1h2fim","operationId":"o2rd87a4td97qai"}
{"type":"log","timestamp":1771298329796,"level":"info","message":"Starting rendering request 18","meta":{"rootId":"1y19a78mpm3jgv4","id":"1y19a78mpm3jgv4"},"id":"p1nd6pbwkxariev","previousOperationId":"o2rd87a4td97qai"}
{"type":"log","timestamp":1771298329805,"level":"info","message":"Rendering template { name: general-ledger-v2, recipe: chrome-pdf, engine: handlebars, preview: false }","meta":{"rootId":"1y19a78mpm3jgv4","id":"1y19a78mpm3jgv4"},"id":"7fo9dzr04slssw6","previousOperationId":"o2rd87a4td97qai"}
{"type":"log","timestamp":1771298329870,"level":"debug","message":"Inline data specified.","meta":{"rootId":"1y19a78mpm3jgv4","id":"1y19a78mpm3jgv4"},"id":"9b3u58firu9hhpn","previousOperationId":"o2rd87a4td97qai"}
{"type":"log","timestamp":1771298329883,"level":"debug","message":"Base url not specified, skipping its injection.","meta":{"rootId":"1y19a78mpm3jgv4","id":"1y19a78mpm3jgv4"},"id":"0ap8m7spb6nqdrg","previousOperationId":"o2rd87a4td97qai"}
{"type":"operationStart","subtype":"engine","name":"handlebars","timestamp":1771298329893,"id":"9os13bj6orrwqbs","previousEventId":"1g3cj50acu2lxwg","operationId":"vegk9ni8gfd80gj","previousOperationId":"o2rd87a4td97qai"}
{"type":"log","timestamp":1771298329893,"level":"debug","message":"Rendering engine handlebars","meta":{"rootId":"1y19a78mpm3jgv4","id":"1y19a78mpm3jgv4"},"id":"vguh3g3ut3l2z3j","previousOperationId":"vegk9ni8gfd80gj"}
{"type":"operationEnd","operationId":"vegk9ni8gfd80gj","timestamp":1771298330024,"id":"85wkglrdh7t6rt4","previousEventId":"9os13bj6orrwqbs","previousOperationId":"vegk9ni8gfd80gj"}
{"type":"operationStart","subtype":"recipe","name":"chrome-pdf","timestamp":1771298330025,"id":"fq2i15rf03njj8w","previousEventId":"85wkglrdh7t6rt4","operationId":"gydy6q091c1dmv9","previousOperationId":"vegk9ni8gfd80gj"}
{"type":"log","timestamp":1771298330025,"level":"debug","message":"Executing recipe chrome-pdf","meta":{"rootId":"1y19a78mpm3jgv4","id":"1y19a78mpm3jgv4"},"id":"9eojatnrchyw6ui","previousOperationId":"gydy6q091c1dmv9"}
{"type":"log","timestamp":1771298330104,"level":"debug","message":"Converting with chrome Chrome/142.0.7444.175 using chrome-pool strategy","meta":{"rootId":"1y19a78mpm3jgv4","id":"1y19a78mpm3jgv4"},"id":"ejhyitg0bx6161w","previousOperationId":"gydy6q091c1dmv9"}
{"type":"log","timestamp":1771298330887,"level":"debug","message":"Page request: GET (document) file:///tmp/jsreport/autocleanup/8511f827-5b4c-41eb-978d-f581333e9de4-chrome-pdf.html","meta":{"rootId":"1y19a78mpm3jgv4","id":"1y19a78mpm3jgv4"},"id":"ywjppy009xqfvpl","previousOperationId":"gydy6q091c1dmv9"}
{"type":"log","timestamp":1771298330932,"level":"debug","message":"Page request finished: GET (document) 200 file:///tmp/jsreport/autocleanup/8511f827-5b4c-41eb-978d-f581333e9de4-chrome-pdf.html","meta":{"rootId":"1y19a78mpm3jgv4","id":"1y19a78mpm3jgv4"},"id":"0gi7ai2p4ukrf7f","previousOperationId":"gydy6q091c1dmv9"}
{"type":"log","timestamp":1771298330947,"level":"debug","message":"Page request: GET (image) https://paciolibucket.s3.us-east-2.amazonaws.com/orgs/c64b69f6759a43a1bc0ae31961876751/companies/logos/e9767ff4-7186-447f-a397-208ea6bbfdb8_ninosfelices.png?X-Amz-Expires=600&X-Amz-Algorithm=AWS4-HMAC-SHA256&X-Amz-Credential=AKIAVYV5Z6T6UQ4ARWOC%2F20260217%2Fus-east-2%2Fs3%2Faws4_request&X-Amz-Date=20260217T031848Z&X-Amz-SignedHeaders=host&X-Amz-Signature=f6af227751bc5d7289b16c22fc46c1d29537e6c3f53047c662fa2f37d01ad8af","meta":{"rootId":"1y19a78mpm3jgv4","id":"1y19a78mpm3jgv4"},"id":"dmbl7sf6jjwvdog","previousOperationId":"gydy6q091c1dmv9"}
{"type":"log","timestamp":1771298331836,"level":"debug","message":"Page request finished: GET (image) 200 https://paciolibucket.s3.us-east-2.amazonaws.com/orgs/c64b69f6759a43a1bc0ae31961876751/companies/logos/e9767ff4-7186-447f-a397-208ea6bbfdb8_ninosfelices.png?X-Amz-Expires=600&X-Amz-Algorithm=AWS4-HMAC-SHA256&X-Amz-Credential=AKIAVYV5Z6T6UQ4ARWOC%2F20260217%2Fus-east-2%2Fs3%2Faws4_request&X-Amz-Date=20260217T031848Z&X-Amz-SignedHeaders=host&X-Amz-Signature=f6af227751bc5d7289b16c22fc46c1d29537e6c3f53047c662fa2f37d01ad8af","meta":{"rootId":"1y19a78mpm3jgv4","id":"1y19a78mpm3jgv4"},"id":"hp4h0xhficpzq8w","previousOperationId":"gydy6q091c1dmv9"}
{"type":"log","timestamp":1771298331841,"level":"debug","message":"Running chrome with params {\"printBackground\":true,\"timeout\":59320,\"margin\":{}}","meta":{"rootId":"1y19a78mpm3jgv4","id":"1y19a78mpm3jgv4"},"id":"afjc1tn7qldcuy3","previousOperationId":"gydy6q091c1dmv9"}
{"type":"operationEnd","operationId":"gydy6q091c1dmv9","timestamp":1771298332021,"id":"y22u91snezdq1c1","previousEventId":"fq2i15rf03njj8w","previousOperationId":"gydy6q091c1dmv9"}
{"type":"log","timestamp":1771298332021,"level":"debug","message":"Skipping storing report.","meta":{"rootId":"1y19a78mpm3jgv4","id":"1y19a78mpm3jgv4"},"id":"hfgnq5tqkmdn6j3","previousOperationId":"gydy6q091c1dmv9"}
{"type":"log","timestamp":1771298332022,"level":"info","message":"Rendering request 18 finished in 2650 ms","meta":{"rootId":"1y19a78mpm3jgv4","id":"1y19a78mpm3jgv4"},"id":"gkaybh6syedhmkq","previousOperationId":"gydy6q091c1dmv9"}
{"type":"operationEnd","subtype":"render","operationId":"o2rd87a4td97qai","timestamp":1771298332022,"id":"r42pnoae9asumwi","previousEventId":"y22u91snezdq1c1","previousOperationId":"gydy6q091c1dmv9"}
{"type":"operationEnd","doDiffs":false,"previousEventId":"8ogn5h31g1h2fim","previousOperationId":"u00szuyghboikj5","operationId":"u00szuyghboikj5","timestamp":1771298332026,"id":"9cs38xughbia2c1"}
