{"type":"operationStart","subtype":"profile","data":{"_id":"kQZDFPDepoi1rKVn","timestamp":"2026-02-17T03:09:58.799Z","state":"queued","mode":"standard","creationDate":"2026-02-17T03:09:58.802Z","modificationDate":"2026-02-17T03:09:58.802Z","shortid":"C3St4_h","$entitySet":"profiles"},"doDiffs":false,"timestamp":1771297798802,"id":"qv7obe6mj2afp49","previousOperationId":null,"operationId":"39v32l8bs8lymf6"}
{"type":"log","level":"info","message":"Render request 14 queued for execution and waiting for available worker","previousOperationId":"39v32l8bs8lymf6","timestamp":1771297798802,"id":"gg793yqznv4ur27"}
{"type":"operationStart","subtype":"render","name":"general-ledger-v2","previousOperationId":"39v32l8bs8lymf6","timestamp":1771297798901,"id":"5kfdcl7qayzzdt5","previousEventId":"qv7obe6mj2afp49","operationId":"pbl7bgco3lqj5yn"}
{"type":"log","timestamp":1771297798901,"level":"info","message":"Starting rendering request 14","meta":{"rootId":"23ecucgnb2b7nhr","id":"23ecucgnb2b7nhr"},"id":"lzsm0hp0b2ihsgs","previousOperationId":"pbl7bgco3lqj5yn"}
{"type":"log","timestamp":1771297798901,"level":"info","message":"Rendering template { name: general-ledger-v2, recipe: chrome-pdf, engine: handlebars, preview: false }","meta":{"rootId":"23ecucgnb2b7nhr","id":"23ecucgnb2b7nhr"},"id":"k8ofjjikse31ine","previousOperationId":"pbl7bgco3lqj5yn"}
{"type":"log","timestamp":1771297798902,"level":"debug","message":"Inline data specified.","meta":{"rootId":"23ecucgnb2b7nhr","id":"23ecucgnb2b7nhr"},"id":"x3cppsxaeu3ymnu","previousOperationId":"pbl7bgco3lqj5yn"}
{"type":"log","timestamp":1771297798904,"level":"debug","message":"Base url not specified, skipping its injection.","meta":{"rootId":"23ecucgnb2b7nhr","id":"23ecucgnb2b7nhr"},"id":"4cx9ftniv012c4h","previousOperationId":"pbl7bgco3lqj5yn"}
{"type":"operationStart","subtype":"engine","name":"handlebars","timestamp":1771297798904,"id":"rbgh6y4k4shskx6","previousEventId":"5kfdcl7qayzzdt5","operationId":"q77l9u7eni6880s","previousOperationId":"pbl7bgco3lqj5yn"}
{"type":"log","timestamp":1771297798904,"level":"debug","message":"Rendering engine handlebars","meta":{"rootId":"23ecucgnb2b7nhr","id":"23ecucgnb2b7nhr"},"id":"hwh1p9jfg3i1831","previousOperationId":"q77l9u7eni6880s"}
{"type":"operationEnd","operationId":"q77l9u7eni6880s","timestamp":1771297798914,"id":"smffaauaoyyyilo","previousEventId":"rbgh6y4k4shskx6","previousOperationId":"q77l9u7eni6880s"}
{"type":"operationStart","subtype":"recipe","name":"chrome-pdf","timestamp":1771297798914,"id":"7j65bjskq1f430q","previousEventId":"smffaauaoyyyilo","operationId":"4gd0zxea7cf0a2d","previousOperationId":"q77l9u7eni6880s"}
{"type":"log","timestamp":1771297798914,"level":"debug","message":"Executing recipe chrome-pdf","meta":{"rootId":"23ecucgnb2b7nhr","id":"23ecucgnb2b7nhr"},"id":"5q4v4lb7a7pehk3","previousOperationId":"4gd0zxea7cf0a2d"}
{"type":"log","timestamp":1771297798916,"level":"debug","message":"Converting with chrome Chrome/142.0.7444.175 using chrome-pool strategy","meta":{"rootId":"23ecucgnb2b7nhr","id":"23ecucgnb2b7nhr"},"id":"a9l0uubcx4cixyb","previousOperationId":"4gd0zxea7cf0a2d"}
{"type":"log","timestamp":1771297798963,"level":"debug","message":"Page request: GET (document) file:///tmp/jsreport/autocleanup/ba369d14-ed69-4936-bbce-e3c8004806e3-chrome-pdf.html","meta":{"rootId":"23ecucgnb2b7nhr","id":"23ecucgnb2b7nhr"},"id":"iwv6kpmttyuspj5","previousOperationId":"4gd0zxea7cf0a2d"}
{"type":"log","timestamp":1771297798973,"level":"debug","message":"Page request: GET (image) https://paciolibucket.s3.us-east-2.amazonaws.com/orgs/c64b69f6759a43a1bc0ae31961876751/companies/logos/e9767ff4-7186-447f-a397-208ea6bbfdb8_ninosfelices.png?X-Amz-Expires=600&X-Amz-Algorithm=AWS4-HMAC-SHA256&X-Amz-Credential=AKIAVYV5Z6T6UQ4ARWOC%2F20260217%2Fus-east-2%2Fs3%2Faws4_request&X-Amz-Date=20260217T030958Z&X-Amz-SignedHeaders=host&X-Amz-Signature=6051f5b363f487a07a713e61866b209e8be3e01c8eed21f6417e114ff9d42082","meta":{"rootId":"23ecucgnb2b7nhr","id":"23ecucgnb2b7nhr"},"id":"rswzu7h9bdzwbky","previousOperationId":"4gd0zxea7cf0a2d"}
{"type":"log","timestamp":1771297798973,"level":"debug","message":"Page request finished: GET (document) 200 file:///tmp/jsreport/autocleanup/ba369d14-ed69-4936-bbce-e3c8004806e3-chrome-pdf.html","meta":{"rootId":"23ecucgnb2b7nhr","id":"23ecucgnb2b7nhr"},"id":"corpd3gvetk5b5c","previousOperationId":"4gd0zxea7cf0a2d"}
{"type":"log","timestamp":1771297799449,"level":"debug","message":"Page request finished: GET (image) 200 https://paciolibucket.s3.us-east-2.amazonaws.com/orgs/c64b69f6759a43a1bc0ae31961876751/companies/logos/e9767ff4-7186-447f-a397-208ea6bbfdb8_ninosfelices.png?X-Amz-Expires=600&X-Amz-Algorithm=AWS4-HMAC-SHA256&X-Amz-Credential=AKIAVYV5Z6T6UQ4ARWOC%2F20260217%2Fus-east-2%2Fs3%2Faws4_request&X-Amz-Date=20260217T030958Z&X-Amz-SignedHeaders=host&X-Amz-Signature=6051f5b363f487a07a713e61866b209e8be3e01c8eed21f6417e114ff9d42082","meta":{"rootId":"23ecucgnb2b7nhr","id":"23ecucgnb2b7nhr"},"id":"23bx2f2zdkb6ypa","previousOperationId":"4gd0zxea7cf0a2d"}
{"type":"log","timestamp":1771297799450,"level":"debug","message":"Running chrome with params {\"printBackground\":true,\"timeout\":59884,\"margin\":{}}","meta":{"rootId":"23ecucgnb2b7nhr","id":"23ecucgnb2b7nhr"},"id":"zf3xdkxrmjdhg33","previousOperationId":"4gd0zxea7cf0a2d"}
{"type":"operationEnd","operationId":"4gd0zxea7cf0a2d","timestamp":1771297799516,"id":"q9n7oglypnv4ugc","previousEventId":"7j65bjskq1f430q","previousOperationId":"4gd0zxea7cf0a2d"}
{"type":"log","timestamp":1771297799516,"level":"debug","message":"Skipping storing report.","meta":{"rootId":"23ecucgnb2b7nhr","id":"23ecucgnb2b7nhr"},"id":"5691tcsv0zx3zdx","previousOperationId":"4gd0zxea7cf0a2d"}
{"type":"log","timestamp":1771297799516,"level":"info","message":"Rendering request 14 finished in 717 ms","meta":{"rootId":"23ecucgnb2b7nhr","id":"23ecucgnb2b7nhr"},"id":"7y81ygqqgrmnf0j","previousOperationId":"4gd0zxea7cf0a2d"}
{"type":"operationEnd","subtype":"render","operationId":"pbl7bgco3lqj5yn","timestamp":1771297799516,"id":"04gazswprmuffgy","previousEventId":"q9n7oglypnv4ugc","previousOperationId":"4gd0zxea7cf0a2d"}
{"type":"operationEnd","doDiffs":false,"previousEventId":"qv7obe6mj2afp49","previousOperationId":"39v32l8bs8lymf6","operationId":"39v32l8bs8lymf6","timestamp":1771297799517,"id":"crj8rdqtiuusf13"}
