{"type":"operationStart","subtype":"profile","data":{"_id":"CERjpXCTOsRk9IWk","timestamp":"2026-02-17T18:47:55.988Z","state":"queued","mode":"standard","creationDate":"2026-02-17T18:47:56.012Z","modificationDate":"2026-02-17T18:47:56.012Z","shortid":"vOjd8Tz","$entitySet":"profiles"},"doDiffs":false,"timestamp":1771354075998,"id":"zag69repq3nruno","previousOperationId":null,"operationId":"furm6r0kv5e8eym"}
{"type":"log","level":"info","message":"Render request 17 queued for execution and waiting for available worker","previousOperationId":"furm6r0kv5e8eym","timestamp":1771354075998,"id":"2c0ipt8diu0zoai"}
{"type":"operationStart","subtype":"render","name":"general-ledger-v2","previousOperationId":"furm6r0kv5e8eym","timestamp":1771354076104,"id":"d783n5knqyef75p","previousEventId":"zag69repq3nruno","operationId":"bplj93k0ggh8h77"}
{"type":"log","timestamp":1771354076107,"level":"info","message":"Starting rendering request 17","meta":{"rootId":"2cv510dwragydwk","id":"2cv510dwragydwk"},"id":"f25s1i77spkzcc2","previousOperationId":"bplj93k0ggh8h77"}
{"type":"log","timestamp":1771354076110,"level":"info","message":"Rendering template { name: general-ledger-v2, recipe: chrome-pdf, engine: handlebars, preview: false }","meta":{"rootId":"2cv510dwragydwk","id":"2cv510dwragydwk"},"id":"au8wbv109k1jpbz","previousOperationId":"bplj93k0ggh8h77"}
{"type":"log","timestamp":1771354076118,"level":"debug","message":"Inline data specified.","meta":{"rootId":"2cv510dwragydwk","id":"2cv510dwragydwk"},"id":"3zyti5jfouah0tr","previousOperationId":"bplj93k0ggh8h77"}
{"type":"log","timestamp":1771354076126,"level":"debug","message":"Base url not specified, skipping its injection.","meta":{"rootId":"2cv510dwragydwk","id":"2cv510dwragydwk"},"id":"syph2g5btlrb1vk","previousOperationId":"bplj93k0ggh8h77"}
{"type":"operationStart","subtype":"engine","name":"handlebars","timestamp":1771354076131,"id":"niw8hg7g3wt6s23","previousEventId":"d783n5knqyef75p","operationId":"1o8k69eu3stpc5y","previousOperationId":"bplj93k0ggh8h77"}
{"type":"log","timestamp":1771354076131,"level":"debug","message":"Rendering engine handlebars","meta":{"rootId":"2cv510dwragydwk","id":"2cv510dwragydwk"},"id":"m67ptwx7nek4vf1","previousOperationId":"1o8k69eu3stpc5y"}
{"type":"operationEnd","operationId":"1o8k69eu3stpc5y","timestamp":1771354076201,"id":"q4f1lweov9jwulv","previousEventId":"niw8hg7g3wt6s23","previousOperationId":"1o8k69eu3stpc5y"}
{"type":"operationStart","subtype":"recipe","name":"chrome-pdf","timestamp":1771354076202,"id":"vryxvxxlwdpguh8","previousEventId":"q4f1lweov9jwulv","operationId":"wvp00vu8xnapa2n","previousOperationId":"1o8k69eu3stpc5y"}
{"type":"log","timestamp":1771354076203,"level":"debug","message":"Executing recipe chrome-pdf","meta":{"rootId":"2cv510dwragydwk","id":"2cv510dwragydwk"},"id":"k87lrkxtgsxfeqt","previousOperationId":"wvp00vu8xnapa2n"}
{"type":"log","timestamp":1771354076242,"level":"debug","message":"Converting with chrome Chrome/142.0.7444.175 using chrome-pool strategy","meta":{"rootId":"2cv510dwragydwk","id":"2cv510dwragydwk"},"id":"4w9onqf5c7hwnsd","previousOperationId":"wvp00vu8xnapa2n"}
{"type":"log","timestamp":1771354076724,"level":"debug","message":"Page request: GET (document) file:///tmp/jsreport/autocleanup/b116c863-b636-4494-bad9-a2b5ce5d6c50-chrome-pdf.html","meta":{"rootId":"2cv510dwragydwk","id":"2cv510dwragydwk"},"id":"gwq2mrh87x785bz","previousOperationId":"wvp00vu8xnapa2n"}
{"type":"log","timestamp":1771354076761,"level":"debug","message":"Page request finished: GET (document) 200 file:///tmp/jsreport/autocleanup/b116c863-b636-4494-bad9-a2b5ce5d6c50-chrome-pdf.html","meta":{"rootId":"2cv510dwragydwk","id":"2cv510dwragydwk"},"id":"ugh3k3poyuvq0i2","previousOperationId":"wvp00vu8xnapa2n"}
{"type":"log","timestamp":1771354076766,"level":"debug","message":"Page request: GET (image) https://paciolibucket.s3.us-east-2.amazonaws.com/orgs/c64b69f6759a43a1bc0ae31961876751/companies/logos/e9767ff4-7186-447f-a397-208ea6bbfdb8_ninosfelices.png?X-Amz-Expires=600&X-Amz-Algorithm=AWS4-HMAC-SHA256&X-Amz-Credential=AKIAVYV5Z6T6UQ4ARWOC%2F20260217%2Fus-east-2%2Fs3%2Faws4_request&X-Amz-Date=20260217T184755Z&X-Amz-SignedHeaders=host&X-Amz-Signature=0d6e8dd1d763f7b4215c0c3a58eff99e7db23403e8ccfd12c9a779f69fe6be38","meta":{"rootId":"2cv510dwragydwk","id":"2cv510dwragydwk"},"id":"5regylm926ozn6v","previousOperationId":"wvp00vu8xnapa2n"}
{"type":"log","timestamp":1771354077410,"level":"debug","message":"Page request finished: GET (image) 200 https://paciolibucket.s3.us-east-2.amazonaws.com/orgs/c64b69f6759a43a1bc0ae31961876751/companies/logos/e9767ff4-7186-447f-a397-208ea6bbfdb8_ninosfelices.png?X-Amz-Expires=600&X-Amz-Algorithm=AWS4-HMAC-SHA256&X-Amz-Credential=AKIAVYV5Z6T6UQ4ARWOC%2F20260217%2Fus-east-2%2Fs3%2Faws4_request&X-Amz-Date=20260217T184755Z&X-Amz-SignedHeaders=host&X-Amz-Signature=0d6e8dd1d763f7b4215c0c3a58eff99e7db23403e8ccfd12c9a779f69fe6be38","meta":{"rootId":"2cv510dwragydwk","id":"2cv510dwragydwk"},"id":"p3yigv9yg3ginn0","previousOperationId":"wvp00vu8xnapa2n"}
{"type":"log","timestamp":1771354077414,"level":"debug","message":"Running chrome with params {\"printBackground\":true,\"timeout\":59766,\"margin\":{}}","meta":{"rootId":"2cv510dwragydwk","id":"2cv510dwragydwk"},"id":"01qn5l9ks3y4hq3","previousOperationId":"wvp00vu8xnapa2n"}
{"type":"operationEnd","operationId":"wvp00vu8xnapa2n","timestamp":1771354077563,"id":"qnb4x7aqlnfi9yf","previousEventId":"vryxvxxlwdpguh8","previousOperationId":"wvp00vu8xnapa2n"}
{"type":"log","timestamp":1771354077564,"level":"debug","message":"Skipping storing report.","meta":{"rootId":"2cv510dwragydwk","id":"2cv510dwragydwk"},"id":"8plkd6cfhl593qw","previousOperationId":"wvp00vu8xnapa2n"}
{"type":"log","timestamp":1771354077564,"level":"info","message":"Rendering request 17 finished in 1586 ms","meta":{"rootId":"2cv510dwragydwk","id":"2cv510dwragydwk"},"id":"orzbat7083h592h","previousOperationId":"wvp00vu8xnapa2n"}
{"type":"operationEnd","subtype":"render","operationId":"bplj93k0ggh8h77","timestamp":1771354077564,"id":"di2667ocj7j9axd","previousEventId":"qnb4x7aqlnfi9yf","previousOperationId":"wvp00vu8xnapa2n"}
{"type":"operationEnd","doDiffs":false,"previousEventId":"zag69repq3nruno","previousOperationId":"furm6r0kv5e8eym","operationId":"furm6r0kv5e8eym","timestamp":1771354077567,"id":"5bz4d040ma8x412"}
