{"type":"operationStart","subtype":"profile","data":{"_id":"Js9DoouUINVfoQrz","timestamp":"2026-02-17T16:17:13.503Z","state":"queued","mode":"standard","creationDate":"2026-02-17T16:17:13.504Z","modificationDate":"2026-02-17T16:17:13.504Z","shortid":"0oYqXWK","$entitySet":"profiles"},"doDiffs":false,"timestamp":1771345033503,"id":"dfn282bu7k2j5ag","previousOperationId":null,"operationId":"pk1snw6azx91nwf"}
{"type":"log","level":"info","message":"Render request 3 queued for execution and waiting for available worker","previousOperationId":"pk1snw6azx91nwf","timestamp":1771345033503,"id":"gstq96vr08ohad2"}
{"type":"operationStart","subtype":"render","name":"general-ledger-v2","previousOperationId":"pk1snw6azx91nwf","timestamp":1771345033573,"id":"ubouwtu5qk6sf4f","previousEventId":"dfn282bu7k2j5ag","operationId":"8fjbnszw589ze8r"}
{"type":"log","timestamp":1771345033576,"level":"info","message":"Starting rendering request 3","meta":{"rootId":"2dqjuc1pyv30fww","id":"2dqjuc1pyv30fww"},"id":"5n65tz0n47hvs0k","previousOperationId":"8fjbnszw589ze8r"}
{"type":"log","timestamp":1771345033578,"level":"info","message":"Rendering template { name: general-ledger-v2, recipe: chrome-pdf, engine: handlebars, preview: false }","meta":{"rootId":"2dqjuc1pyv30fww","id":"2dqjuc1pyv30fww"},"id":"73d094cncijffk1","previousOperationId":"8fjbnszw589ze8r"}
{"type":"log","timestamp":1771345033582,"level":"debug","message":"Inline data specified.","meta":{"rootId":"2dqjuc1pyv30fww","id":"2dqjuc1pyv30fww"},"id":"bo8ey2sz42x46o4","previousOperationId":"8fjbnszw589ze8r"}
{"type":"log","timestamp":1771345033586,"level":"debug","message":"Base url not specified, skipping its injection.","meta":{"rootId":"2dqjuc1pyv30fww","id":"2dqjuc1pyv30fww"},"id":"sq28udmr44l7fpt","previousOperationId":"8fjbnszw589ze8r"}
{"type":"operationStart","subtype":"engine","name":"handlebars","timestamp":1771345033590,"id":"951q0zkbq861q0h","previousEventId":"ubouwtu5qk6sf4f","operationId":"d5cv6ww00z189rj","previousOperationId":"8fjbnszw589ze8r"}
{"type":"log","timestamp":1771345033590,"level":"debug","message":"Rendering engine handlebars","meta":{"rootId":"2dqjuc1pyv30fww","id":"2dqjuc1pyv30fww"},"id":"uct1z2i3iw52rp3","previousOperationId":"d5cv6ww00z189rj"}
{"type":"operationEnd","operationId":"d5cv6ww00z189rj","timestamp":1771345033650,"id":"feqpwvz6sids6sh","previousEventId":"951q0zkbq861q0h","previousOperationId":"d5cv6ww00z189rj"}
{"type":"operationStart","subtype":"recipe","name":"chrome-pdf","timestamp":1771345033651,"id":"qzil7ozr2lp8tcd","previousEventId":"feqpwvz6sids6sh","operationId":"un8eml2jleudhv8","previousOperationId":"d5cv6ww00z189rj"}
{"type":"log","timestamp":1771345033651,"level":"debug","message":"Executing recipe chrome-pdf","meta":{"rootId":"2dqjuc1pyv30fww","id":"2dqjuc1pyv30fww"},"id":"th3n5yje1et8wla","previousOperationId":"un8eml2jleudhv8"}
{"type":"log","timestamp":1771345033668,"level":"debug","message":"Converting with chrome Chrome/142.0.7444.175 using chrome-pool strategy","meta":{"rootId":"2dqjuc1pyv30fww","id":"2dqjuc1pyv30fww"},"id":"yr5uuscg27y8v40","previousOperationId":"un8eml2jleudhv8"}
{"type":"log","timestamp":1771345033787,"level":"debug","message":"Page request: GET (document) file:///tmp/jsreport/autocleanup/06e4f479-03d6-4cc4-a47f-dc43c0504536-chrome-pdf.html","meta":{"rootId":"2dqjuc1pyv30fww","id":"2dqjuc1pyv30fww"},"id":"upm5hcgfihvll45","previousOperationId":"un8eml2jleudhv8"}
{"type":"log","timestamp":1771345033802,"level":"debug","message":"Page request finished: GET (document) 200 file:///tmp/jsreport/autocleanup/06e4f479-03d6-4cc4-a47f-dc43c0504536-chrome-pdf.html","meta":{"rootId":"2dqjuc1pyv30fww","id":"2dqjuc1pyv30fww"},"id":"z5y5h278hv4j74o","previousOperationId":"un8eml2jleudhv8"}
{"type":"log","timestamp":1771345033805,"level":"debug","message":"Page request: GET (image) https://paciolibucket.s3.us-east-2.amazonaws.com/orgs/c64b69f6759a43a1bc0ae31961876751/companies/logos/e9767ff4-7186-447f-a397-208ea6bbfdb8_ninosfelices.png?X-Amz-Expires=600&X-Amz-Algorithm=AWS4-HMAC-SHA256&X-Amz-Credential=AKIAVYV5Z6T6UQ4ARWOC%2F20260217%2Fus-east-2%2Fs3%2Faws4_request&X-Amz-Date=20260217T161713Z&X-Amz-SignedHeaders=host&X-Amz-Signature=c26451a41f4326205397ef335d7be79a1982e6c6966653945b3ff161ece440ea","meta":{"rootId":"2dqjuc1pyv30fww","id":"2dqjuc1pyv30fww"},"id":"6wqadoaw0m4wb43","previousOperationId":"un8eml2jleudhv8"}
{"type":"log","timestamp":1771345034332,"level":"debug","message":"Page request finished: GET (image) 200 https://paciolibucket.s3.us-east-2.amazonaws.com/orgs/c64b69f6759a43a1bc0ae31961876751/companies/logos/e9767ff4-7186-447f-a397-208ea6bbfdb8_ninosfelices.png?X-Amz-Expires=600&X-Amz-Algorithm=AWS4-HMAC-SHA256&X-Amz-Credential=AKIAVYV5Z6T6UQ4ARWOC%2F20260217%2Fus-east-2%2Fs3%2Faws4_request&X-Amz-Date=20260217T161713Z&X-Amz-SignedHeaders=host&X-Amz-Signature=c26451a41f4326205397ef335d7be79a1982e6c6966653945b3ff161ece440ea","meta":{"rootId":"2dqjuc1pyv30fww","id":"2dqjuc1pyv30fww"},"id":"19f6ea9ikwce0lm","previousOperationId":"un8eml2jleudhv8"}
{"type":"log","timestamp":1771345034334,"level":"debug","message":"Running chrome with params {\"printBackground\":true,\"timeout\":59847,\"margin\":{}}","meta":{"rootId":"2dqjuc1pyv30fww","id":"2dqjuc1pyv30fww"},"id":"b2e16ads2g13479","previousOperationId":"un8eml2jleudhv8"}
{"type":"operationEnd","operationId":"un8eml2jleudhv8","timestamp":1771345034407,"id":"5qmnx1xnmoyoljf","previousEventId":"qzil7ozr2lp8tcd","previousOperationId":"un8eml2jleudhv8"}
{"type":"log","timestamp":1771345034407,"level":"debug","message":"Skipping storing report.","meta":{"rootId":"2dqjuc1pyv30fww","id":"2dqjuc1pyv30fww"},"id":"0bohybhl58ml9wn","previousOperationId":"un8eml2jleudhv8"}
{"type":"log","timestamp":1771345034407,"level":"info","message":"Rendering request 3 finished in 905 ms","meta":{"rootId":"2dqjuc1pyv30fww","id":"2dqjuc1pyv30fww"},"id":"gpblnfyidbmpqhp","previousOperationId":"un8eml2jleudhv8"}
{"type":"operationEnd","subtype":"render","operationId":"8fjbnszw589ze8r","timestamp":1771345034407,"id":"gjh9idvrgkkmk29","previousEventId":"5qmnx1xnmoyoljf","previousOperationId":"un8eml2jleudhv8"}
{"type":"operationEnd","doDiffs":false,"previousEventId":"dfn282bu7k2j5ag","previousOperationId":"pk1snw6azx91nwf","operationId":"pk1snw6azx91nwf","timestamp":1771345034408,"id":"n8bjl8sc5j1vcod"}
