{"type":"operationStart","subtype":"profile","data":{"_id":"I5hFb5wbRf0qARpO","timestamp":"2026-01-23T02:27:21.182Z","state":"queued","mode":"standard","creationDate":"2026-01-23T02:27:21.211Z","modificationDate":"2026-01-23T02:27:21.211Z","shortid":"KcMHV_A","$entitySet":"profiles"},"doDiffs":false,"timestamp":1769135241199,"id":"w3t0w6cct6h12v7","previousOperationId":null,"operationId":"hjnsc579le15g69"}
{"type":"log","level":"info","message":"Render request 31 queued for execution and waiting for available worker","previousOperationId":"hjnsc579le15g69","timestamp":1769135241206,"id":"02bvw8rdnbil9zb"}
{"type":"operationStart","subtype":"render","name":"general-ledger-v2","previousOperationId":"hjnsc579le15g69","timestamp":1769135241422,"id":"t0hkfrrg1eiqvqv","previousEventId":"w3t0w6cct6h12v7","operationId":"e3sx2eg7b85lk77"}
{"type":"log","timestamp":1769135241443,"level":"info","message":"Starting rendering request 31","meta":{"rootId":"3bq6vo1wa3s42yf","id":"3bq6vo1wa3s42yf"},"id":"ve7w3bvzpf09osr","previousOperationId":"e3sx2eg7b85lk77"}
{"type":"log","timestamp":1769135241460,"level":"info","message":"Rendering template { name: general-ledger-v2, recipe: chrome-pdf, engine: handlebars, preview: true }","meta":{"rootId":"3bq6vo1wa3s42yf","id":"3bq6vo1wa3s42yf"},"id":"knxxjfx523sicsa","previousOperationId":"e3sx2eg7b85lk77"}
{"type":"log","timestamp":1769135241492,"level":"debug","message":"Adding sample data YCG3bWhuf","meta":{"rootId":"3bq6vo1wa3s42yf","id":"3bq6vo1wa3s42yf"},"id":"3mls031si56v75m","previousOperationId":"e3sx2eg7b85lk77"}
{"type":"log","timestamp":1769135241546,"level":"debug","message":"Base url not specified, skipping its injection.","meta":{"rootId":"3bq6vo1wa3s42yf","id":"3bq6vo1wa3s42yf"},"id":"stsa8d94y5os91i","previousOperationId":"e3sx2eg7b85lk77"}
{"type":"operationStart","subtype":"engine","name":"handlebars","timestamp":1769135241579,"id":"4hvofxdwn4cz0w0","previousEventId":"t0hkfrrg1eiqvqv","operationId":"y3vfipy4pc1gccs","previousOperationId":"e3sx2eg7b85lk77"}
{"type":"log","timestamp":1769135241579,"level":"debug","message":"Rendering engine handlebars","meta":{"rootId":"3bq6vo1wa3s42yf","id":"3bq6vo1wa3s42yf"},"id":"fb2k71hra1msawn","previousOperationId":"y3vfipy4pc1gccs"}
{"type":"operationEnd","operationId":"y3vfipy4pc1gccs","timestamp":1769135241850,"id":"4tamlu12kqp7bc6","previousEventId":"4hvofxdwn4cz0w0","previousOperationId":"y3vfipy4pc1gccs"}
{"type":"operationStart","subtype":"recipe","name":"chrome-pdf","timestamp":1769135241881,"id":"h0b5ffwh9lqizhh","previousEventId":"4tamlu12kqp7bc6","operationId":"agwvzwhvmjuocxx","previousOperationId":"y3vfipy4pc1gccs"}
{"type":"log","timestamp":1769135241881,"level":"debug","message":"Executing recipe chrome-pdf","meta":{"rootId":"3bq6vo1wa3s42yf","id":"3bq6vo1wa3s42yf"},"id":"2kvwgso3oaatkhq","previousOperationId":"agwvzwhvmjuocxx"}
{"type":"log","timestamp":1769135242192,"level":"debug","message":"Converting with chrome Chrome/142.0.7444.175 using chrome-pool strategy","meta":{"rootId":"3bq6vo1wa3s42yf","id":"3bq6vo1wa3s42yf"},"id":"oqbv0pkhyxjdkdq","previousOperationId":"agwvzwhvmjuocxx"}
{"type":"log","timestamp":1769135243556,"level":"debug","message":"Page request: GET (document) file:///tmp/jsreport/autocleanup/0c7ec036-e15c-4888-8923-b5f4ddec1828-chrome-pdf.html","meta":{"rootId":"3bq6vo1wa3s42yf","id":"3bq6vo1wa3s42yf"},"id":"2mxr8iipbpnb2ds","previousOperationId":"agwvzwhvmjuocxx"}
{"type":"log","timestamp":1769135243645,"level":"debug","message":"Page request finished: GET (document) 200 file:///tmp/jsreport/autocleanup/0c7ec036-e15c-4888-8923-b5f4ddec1828-chrome-pdf.html","meta":{"rootId":"3bq6vo1wa3s42yf","id":"3bq6vo1wa3s42yf"},"id":"pjep657ze83kf9b","previousOperationId":"agwvzwhvmjuocxx"}
{"type":"log","timestamp":1769135243651,"level":"debug","message":"Page request: GET (image) https://paciolibucket.s3.us-east-2.amazonaws.com/orgs/c64b69f6759a43a1bc0ae31961876751/companies/logos/e9767ff4-7186-447f-a397-208ea6bbfdb8_ninosfelices.png?X-Amz-Expires=600&X-Amz-Algorithm=AWS4-HMAC-SHA256&X-Amz-Credential=AKIAVYV5Z6T6UQ4ARWOC%2F20260123%2Fus-east-2%2Fs3%2Faws4_request&X-Amz-Date=20260123T021411Z&X-Amz-SignedHeaders=host&X-Amz-Signature=44b9bfc3a8a8b30d8809abd973af26164ce987276c08e15740f2c6ff7208e172","meta":{"rootId":"3bq6vo1wa3s42yf","id":"3bq6vo1wa3s42yf"},"id":"xkl3wupy905dhfo","previousOperationId":"agwvzwhvmjuocxx"}
{"type":"log","timestamp":1769135243954,"level":"debug","message":"Page request finished: GET (image) 200 https://paciolibucket.s3.us-east-2.amazonaws.com/orgs/c64b69f6759a43a1bc0ae31961876751/companies/logos/e9767ff4-7186-447f-a397-208ea6bbfdb8_ninosfelices.png?X-Amz-Expires=600&X-Amz-Algorithm=AWS4-HMAC-SHA256&X-Amz-Credential=AKIAVYV5Z6T6UQ4ARWOC%2F20260123%2Fus-east-2%2Fs3%2Faws4_request&X-Amz-Date=20260123T021411Z&X-Amz-SignedHeaders=host&X-Amz-Signature=44b9bfc3a8a8b30d8809abd973af26164ce987276c08e15740f2c6ff7208e172","meta":{"rootId":"3bq6vo1wa3s42yf","id":"3bq6vo1wa3s42yf"},"id":"eey5b78y24t776v","previousOperationId":"agwvzwhvmjuocxx"}
{"type":"log","timestamp":1769135243960,"level":"debug","message":"Running chrome with params {\"printBackground\":true,\"timeout\":59266,\"margin\":{}}","meta":{"rootId":"3bq6vo1wa3s42yf","id":"3bq6vo1wa3s42yf"},"id":"vqjh6l42rbdccu1","previousOperationId":"agwvzwhvmjuocxx"}
{"type":"operationEnd","operationId":"agwvzwhvmjuocxx","timestamp":1769135244431,"id":"769sttdljiqv4n2","previousEventId":"h0b5ffwh9lqizhh","previousOperationId":"agwvzwhvmjuocxx"}
{"type":"log","timestamp":1769135244433,"level":"debug","message":"Skipping storing report.","meta":{"rootId":"3bq6vo1wa3s42yf","id":"3bq6vo1wa3s42yf"},"id":"v529hvtg838isip","previousOperationId":"agwvzwhvmjuocxx"}
{"type":"log","timestamp":1769135244434,"level":"info","message":"Rendering request 31 finished in 3259 ms","meta":{"rootId":"3bq6vo1wa3s42yf","id":"3bq6vo1wa3s42yf"},"id":"vyyx5uv6cqr9te4","previousOperationId":"agwvzwhvmjuocxx"}
{"type":"operationEnd","subtype":"render","operationId":"e3sx2eg7b85lk77","timestamp":1769135244434,"id":"unkb2267z9zbkyk","previousEventId":"769sttdljiqv4n2","previousOperationId":"agwvzwhvmjuocxx"}
{"type":"operationEnd","doDiffs":false,"previousEventId":"w3t0w6cct6h12v7","previousOperationId":"hjnsc579le15g69","operationId":"hjnsc579le15g69","timestamp":1769135244439,"id":"a8s0y23dujioxjf"}
