{"type":"operationStart","subtype":"profile","data":{"_id":"YAk8DGDJ9q7E9YD6","timestamp":"2026-03-22T03:44:04.442Z","state":"queued","mode":"standard","creationDate":"2026-03-22T03:44:04.464Z","modificationDate":"2026-03-22T03:44:04.464Z","shortid":"2JnCyCB","$entitySet":"profiles"},"doDiffs":false,"timestamp":1774151044450,"id":"fyjdgvqr4dt3sss","previousOperationId":null,"operationId":"feeg0k9iuj9i6dg"}
{"type":"log","level":"info","message":"Render request 12 queued for execution and waiting for available worker","previousOperationId":"feeg0k9iuj9i6dg","timestamp":1774151044451,"id":"sujzovh5ffakmbh"}
{"type":"operationStart","subtype":"render","name":"general-ledger-v2","previousOperationId":"feeg0k9iuj9i6dg","timestamp":1774151044601,"id":"f8fyzbvc9yx827o","previousEventId":"fyjdgvqr4dt3sss","operationId":"yppqqlj85f1gupq"}
{"type":"log","timestamp":1774151044606,"level":"info","message":"Starting rendering request 12","meta":{"rootId":"3h3fqgix7vfa5s9","id":"3h3fqgix7vfa5s9"},"id":"tlak5b4wp0h1aib","previousOperationId":"yppqqlj85f1gupq"}
{"type":"log","timestamp":1774151044608,"level":"info","message":"Rendering template { name: general-ledger-v2, recipe: chrome-pdf, engine: handlebars, preview: false }","meta":{"rootId":"3h3fqgix7vfa5s9","id":"3h3fqgix7vfa5s9"},"id":"4uosd0g5agk6dzp","previousOperationId":"yppqqlj85f1gupq"}
{"type":"log","timestamp":1774151044614,"level":"debug","message":"Inline data specified.","meta":{"rootId":"3h3fqgix7vfa5s9","id":"3h3fqgix7vfa5s9"},"id":"s6ayyr1bxxdtm6e","previousOperationId":"yppqqlj85f1gupq"}
{"type":"log","timestamp":1774151044623,"level":"debug","message":"Base url not specified, skipping its injection.","meta":{"rootId":"3h3fqgix7vfa5s9","id":"3h3fqgix7vfa5s9"},"id":"e5zpa9a28nv8i19","previousOperationId":"yppqqlj85f1gupq"}
{"type":"operationStart","subtype":"engine","name":"handlebars","timestamp":1774151044632,"id":"bm8edx6vt4mj1le","previousEventId":"f8fyzbvc9yx827o","operationId":"rzzwbao98vly0ya","previousOperationId":"yppqqlj85f1gupq"}
{"type":"log","timestamp":1774151044635,"level":"debug","message":"Rendering engine handlebars","meta":{"rootId":"3h3fqgix7vfa5s9","id":"3h3fqgix7vfa5s9"},"id":"k60oa8s63j8tw4v","previousOperationId":"rzzwbao98vly0ya"}
{"type":"operationEnd","operationId":"rzzwbao98vly0ya","timestamp":1774151044859,"id":"r0ii4su1j0jtgqx","previousEventId":"bm8edx6vt4mj1le","previousOperationId":"rzzwbao98vly0ya"}
{"type":"operationStart","subtype":"recipe","name":"chrome-pdf","timestamp":1774151044866,"id":"jypcd4oz03hxb8i","previousEventId":"r0ii4su1j0jtgqx","operationId":"t9n496phu1a0t6d","previousOperationId":"rzzwbao98vly0ya"}
{"type":"log","timestamp":1774151044866,"level":"debug","message":"Executing recipe chrome-pdf","meta":{"rootId":"3h3fqgix7vfa5s9","id":"3h3fqgix7vfa5s9"},"id":"l92hphca3jnd5v0","previousOperationId":"t9n496phu1a0t6d"}
{"type":"log","timestamp":1774151044908,"level":"debug","message":"Converting with chrome Chrome/144.0.7559.109 using chrome-pool strategy","meta":{"rootId":"3h3fqgix7vfa5s9","id":"3h3fqgix7vfa5s9"},"id":"b76mmiw1007u5al","previousOperationId":"t9n496phu1a0t6d"}
{"type":"log","timestamp":1774151045438,"level":"debug","message":"Page request: GET (document) file:///tmp/jsreport/autocleanup/3a512f18-8909-4dbc-95d6-ddd94ea9f88c-chrome-pdf.html","meta":{"rootId":"3h3fqgix7vfa5s9","id":"3h3fqgix7vfa5s9"},"id":"q3c92mqojink5yh","previousOperationId":"t9n496phu1a0t6d"}
{"type":"log","timestamp":1774151045477,"level":"debug","message":"Page request finished: GET (document) 200 file:///tmp/jsreport/autocleanup/3a512f18-8909-4dbc-95d6-ddd94ea9f88c-chrome-pdf.html","meta":{"rootId":"3h3fqgix7vfa5s9","id":"3h3fqgix7vfa5s9"},"id":"ko28d8jm9c7g7wo","previousOperationId":"t9n496phu1a0t6d"}
{"type":"log","timestamp":1774151045477,"level":"debug","message":"Page request: GET (image) https://paciolibucket.s3.us-east-2.amazonaws.com/orgs/c64b69f6759a43a1bc0ae31961876751/companies/logos/b6e6bbb3-4217-4336-88b7-161c9ce34ada_Applicorp%20Logo.png?X-Amz-Expires=600&X-Amz-Algorithm=AWS4-HMAC-SHA256&X-Amz-Credential=AKIAVYV5Z6T6UQ4ARWOC%2F20260322%2Fus-east-2%2Fs3%2Faws4_request&X-Amz-Date=20260322T034404Z&X-Amz-SignedHeaders=host&X-Amz-Signature=023ded19c44872e494b4e1d7f43a8867d346b75ee1370158fefdf4af9546e729","meta":{"rootId":"3h3fqgix7vfa5s9","id":"3h3fqgix7vfa5s9"},"id":"0kr4dtjuyw7u3jg","previousOperationId":"t9n496phu1a0t6d"}
{"type":"log","timestamp":1774151046093,"level":"debug","message":"Page request finished: GET (image) 200 https://paciolibucket.s3.us-east-2.amazonaws.com/orgs/c64b69f6759a43a1bc0ae31961876751/companies/logos/b6e6bbb3-4217-4336-88b7-161c9ce34ada_Applicorp%20Logo.png?X-Amz-Expires=600&X-Amz-Algorithm=AWS4-HMAC-SHA256&X-Amz-Credential=AKIAVYV5Z6T6UQ4ARWOC%2F20260322%2Fus-east-2%2Fs3%2Faws4_request&X-Amz-Date=20260322T034404Z&X-Amz-SignedHeaders=host&X-Amz-Signature=023ded19c44872e494b4e1d7f43a8867d346b75ee1370158fefdf4af9546e729","meta":{"rootId":"3h3fqgix7vfa5s9","id":"3h3fqgix7vfa5s9"},"id":"6ulvx9rd3riye70","previousOperationId":"t9n496phu1a0t6d"}
{"type":"log","timestamp":1774151046098,"level":"debug","message":"Running chrome with params {\"printBackground\":true,\"timeout\":59560,\"margin\":{}}","meta":{"rootId":"3h3fqgix7vfa5s9","id":"3h3fqgix7vfa5s9"},"id":"uae98hlao68nhmy","previousOperationId":"t9n496phu1a0t6d"}
{"type":"operationEnd","operationId":"t9n496phu1a0t6d","timestamp":1774151046302,"id":"8qzphs6qr20jksp","previousEventId":"jypcd4oz03hxb8i","previousOperationId":"t9n496phu1a0t6d"}
{"type":"log","timestamp":1774151046302,"level":"debug","message":"Skipping storing report.","meta":{"rootId":"3h3fqgix7vfa5s9","id":"3h3fqgix7vfa5s9"},"id":"8l7cc0qlybig10g","previousOperationId":"t9n496phu1a0t6d"}
{"type":"log","timestamp":1774151046302,"level":"info","message":"Rendering request 12 finished in 1869 ms","meta":{"rootId":"3h3fqgix7vfa5s9","id":"3h3fqgix7vfa5s9"},"id":"9b7v08tu4i14s4r","previousOperationId":"t9n496phu1a0t6d"}
{"type":"operationEnd","subtype":"render","operationId":"yppqqlj85f1gupq","timestamp":1774151046302,"id":"w6uvp3ut9bikv2o","previousEventId":"8qzphs6qr20jksp","previousOperationId":"t9n496phu1a0t6d"}
{"type":"operationEnd","doDiffs":false,"previousEventId":"fyjdgvqr4dt3sss","previousOperationId":"feeg0k9iuj9i6dg","operationId":"feeg0k9iuj9i6dg","timestamp":1774151046304,"id":"9uwo9aac98g48mf"}
