{"type":"operationStart","subtype":"profile","data":{"_id":"OEqSIbCojakxr8ev","timestamp":"2026-02-18T01:35:31.723Z","state":"queued","mode":"standard","creationDate":"2026-02-18T01:35:31.725Z","modificationDate":"2026-02-18T01:35:31.725Z","shortid":"SAr-hlR","$entitySet":"profiles"},"doDiffs":false,"timestamp":1771378531725,"id":"tla1c4z9rbcd1h0","previousOperationId":null,"operationId":"ujfqqa3g4vr5qm9"}
{"type":"log","level":"info","message":"Render request 23 queued for execution and waiting for available worker","previousOperationId":"ujfqqa3g4vr5qm9","timestamp":1771378531725,"id":"24ugud7vjw7ki2m"}
{"type":"operationStart","subtype":"render","name":"general-ledger-v2","previousOperationId":"ujfqqa3g4vr5qm9","timestamp":1771378531806,"id":"4okhl78gynxwi3c","previousEventId":"tla1c4z9rbcd1h0","operationId":"y1oshtjlmud5j7s"}
{"type":"log","timestamp":1771378531806,"level":"info","message":"Starting rendering request 23","meta":{"rootId":"40bviq1v5aszlfw","id":"40bviq1v5aszlfw"},"id":"ent4wvhk00a1x74","previousOperationId":"y1oshtjlmud5j7s"}
{"type":"log","timestamp":1771378531806,"level":"info","message":"Rendering template { name: general-ledger-v2, recipe: chrome-pdf, engine: handlebars, preview: false }","meta":{"rootId":"40bviq1v5aszlfw","id":"40bviq1v5aszlfw"},"id":"nvuw1yrjtutr177","previousOperationId":"y1oshtjlmud5j7s"}
{"type":"log","timestamp":1771378531808,"level":"debug","message":"Inline data specified.","meta":{"rootId":"40bviq1v5aszlfw","id":"40bviq1v5aszlfw"},"id":"y9oax7llvr7ogvw","previousOperationId":"y1oshtjlmud5j7s"}
{"type":"log","timestamp":1771378531811,"level":"debug","message":"Base url not specified, skipping its injection.","meta":{"rootId":"40bviq1v5aszlfw","id":"40bviq1v5aszlfw"},"id":"r4err08pzq24bb2","previousOperationId":"y1oshtjlmud5j7s"}
{"type":"operationStart","subtype":"engine","name":"handlebars","timestamp":1771378531811,"id":"ejtsx9zjm73g3gx","previousEventId":"4okhl78gynxwi3c","operationId":"cx9xkg35dleem7r","previousOperationId":"y1oshtjlmud5j7s"}
{"type":"log","timestamp":1771378531811,"level":"debug","message":"Rendering engine handlebars","meta":{"rootId":"40bviq1v5aszlfw","id":"40bviq1v5aszlfw"},"id":"4bpw1dab11s0v47","previousOperationId":"cx9xkg35dleem7r"}
{"type":"operationEnd","operationId":"cx9xkg35dleem7r","timestamp":1771378531823,"id":"l7mx6bz97r6tuow","previousEventId":"ejtsx9zjm73g3gx","previousOperationId":"cx9xkg35dleem7r"}
{"type":"operationStart","subtype":"recipe","name":"chrome-pdf","timestamp":1771378531823,"id":"7jx2lts7dql1ahs","previousEventId":"l7mx6bz97r6tuow","operationId":"8216al3w4zplmu6","previousOperationId":"cx9xkg35dleem7r"}
{"type":"log","timestamp":1771378531823,"level":"debug","message":"Executing recipe chrome-pdf","meta":{"rootId":"40bviq1v5aszlfw","id":"40bviq1v5aszlfw"},"id":"l2419ck4qvg13tj","previousOperationId":"8216al3w4zplmu6"}
{"type":"log","timestamp":1771378531825,"level":"debug","message":"Converting with chrome Chrome/142.0.7444.175 using chrome-pool strategy","meta":{"rootId":"40bviq1v5aszlfw","id":"40bviq1v5aszlfw"},"id":"qzty66lu18bozwo","previousOperationId":"8216al3w4zplmu6"}
{"type":"log","timestamp":1771378531872,"level":"debug","message":"Page request: GET (document) file:///tmp/jsreport/autocleanup/d0631827-80d3-422c-9a07-6687d00c44d7-chrome-pdf.html","meta":{"rootId":"40bviq1v5aszlfw","id":"40bviq1v5aszlfw"},"id":"eg1e2gzpev56hdc","previousOperationId":"8216al3w4zplmu6"}
{"type":"log","timestamp":1771378531883,"level":"debug","message":"Page request finished: GET (document) 200 file:///tmp/jsreport/autocleanup/d0631827-80d3-422c-9a07-6687d00c44d7-chrome-pdf.html","meta":{"rootId":"40bviq1v5aszlfw","id":"40bviq1v5aszlfw"},"id":"xftwttfs4wph3ak","previousOperationId":"8216al3w4zplmu6"}
{"type":"log","timestamp":1771378531883,"level":"debug","message":"Page request: GET (image) https://paciolibucket.s3.us-east-2.amazonaws.com/orgs/c64b69f6759a43a1bc0ae31961876751/companies/logos/e9767ff4-7186-447f-a397-208ea6bbfdb8_ninosfelices.png?X-Amz-Expires=600&X-Amz-Algorithm=AWS4-HMAC-SHA256&X-Amz-Credential=AKIAVYV5Z6T6UQ4ARWOC%2F20260218%2Fus-east-2%2Fs3%2Faws4_request&X-Amz-Date=20260218T013531Z&X-Amz-SignedHeaders=host&X-Amz-Signature=8d4b30d0041ef25f867f1dfc6e5876857e29531c2ac791000afa9faf396f5986","meta":{"rootId":"40bviq1v5aszlfw","id":"40bviq1v5aszlfw"},"id":"yyfjqgk83n9z4vl","previousOperationId":"8216al3w4zplmu6"}
{"type":"log","timestamp":1771378532439,"level":"debug","message":"Page request finished: GET (image) 200 https://paciolibucket.s3.us-east-2.amazonaws.com/orgs/c64b69f6759a43a1bc0ae31961876751/companies/logos/e9767ff4-7186-447f-a397-208ea6bbfdb8_ninosfelices.png?X-Amz-Expires=600&X-Amz-Algorithm=AWS4-HMAC-SHA256&X-Amz-Credential=AKIAVYV5Z6T6UQ4ARWOC%2F20260218%2Fus-east-2%2Fs3%2Faws4_request&X-Amz-Date=20260218T013531Z&X-Amz-SignedHeaders=host&X-Amz-Signature=8d4b30d0041ef25f867f1dfc6e5876857e29531c2ac791000afa9faf396f5986","meta":{"rootId":"40bviq1v5aszlfw","id":"40bviq1v5aszlfw"},"id":"6g2uxvb469rxkls","previousOperationId":"8216al3w4zplmu6"}
{"type":"log","timestamp":1771378532440,"level":"debug","message":"Running chrome with params {\"printBackground\":true,\"timeout\":59899,\"margin\":{}}","meta":{"rootId":"40bviq1v5aszlfw","id":"40bviq1v5aszlfw"},"id":"4acr4kuj1srrces","previousOperationId":"8216al3w4zplmu6"}
{"type":"operationEnd","operationId":"8216al3w4zplmu6","timestamp":1771378532507,"id":"63kqkhacl5ltisg","previousEventId":"7jx2lts7dql1ahs","previousOperationId":"8216al3w4zplmu6"}
{"type":"log","timestamp":1771378532507,"level":"debug","message":"Skipping storing report.","meta":{"rootId":"40bviq1v5aszlfw","id":"40bviq1v5aszlfw"},"id":"z3acm1fzgt3klw3","previousOperationId":"8216al3w4zplmu6"}
{"type":"log","timestamp":1771378532507,"level":"info","message":"Rendering request 23 finished in 784 ms","meta":{"rootId":"40bviq1v5aszlfw","id":"40bviq1v5aszlfw"},"id":"29vyderi1x80p4v","previousOperationId":"8216al3w4zplmu6"}
{"type":"operationEnd","subtype":"render","operationId":"y1oshtjlmud5j7s","timestamp":1771378532507,"id":"qw2rlfsiodd5wcf","previousEventId":"63kqkhacl5ltisg","previousOperationId":"8216al3w4zplmu6"}
{"type":"operationEnd","doDiffs":false,"previousEventId":"tla1c4z9rbcd1h0","previousOperationId":"ujfqqa3g4vr5qm9","operationId":"ujfqqa3g4vr5qm9","timestamp":1771378532508,"id":"zou4jc0ql3lkowq"}
