{"type":"operationStart","subtype":"profile","data":{"_id":"n6Jlo6Z6rBgrmg8F","timestamp":"2026-02-19T03:54:05.145Z","state":"queued","mode":"standard","creationDate":"2026-02-19T03:54:05.147Z","modificationDate":"2026-02-19T03:54:05.147Z","shortid":"vOE17QO","$entitySet":"profiles"},"doDiffs":false,"timestamp":1771473245147,"id":"53nkodgu96ipzev","previousOperationId":null,"operationId":"5do30zewtkcj7id"}
{"type":"log","level":"info","message":"Render request 4 queued for execution and waiting for available worker","previousOperationId":"5do30zewtkcj7id","timestamp":1771473245147,"id":"63ittoz108xqb90"}
{"type":"operationStart","subtype":"render","name":"general-ledger-v2","previousOperationId":"5do30zewtkcj7id","timestamp":1771473245263,"id":"1zbl61t67d9cisg","previousEventId":"53nkodgu96ipzev","operationId":"9p44kidchbs9prl"}
{"type":"log","timestamp":1771473245263,"level":"info","message":"Starting rendering request 4","meta":{"rootId":"536w965sggudob5","id":"536w965sggudob5"},"id":"jq167tk0ciwc1qu","previousOperationId":"9p44kidchbs9prl"}
{"type":"log","timestamp":1771473245263,"level":"info","message":"Rendering template { name: general-ledger-v2, recipe: chrome-pdf, engine: handlebars, preview: false }","meta":{"rootId":"536w965sggudob5","id":"536w965sggudob5"},"id":"hgbbepkodemvma5","previousOperationId":"9p44kidchbs9prl"}
{"type":"log","timestamp":1771473245265,"level":"debug","message":"Inline data specified.","meta":{"rootId":"536w965sggudob5","id":"536w965sggudob5"},"id":"rd3tjw0h6qskynx","previousOperationId":"9p44kidchbs9prl"}
{"type":"log","timestamp":1771473245267,"level":"debug","message":"Base url not specified, skipping its injection.","meta":{"rootId":"536w965sggudob5","id":"536w965sggudob5"},"id":"49kcdrr408y8to7","previousOperationId":"9p44kidchbs9prl"}
{"type":"operationStart","subtype":"engine","name":"handlebars","timestamp":1771473245267,"id":"log8c1h95kz4j52","previousEventId":"1zbl61t67d9cisg","operationId":"hqe1rth2t1jxdi6","previousOperationId":"9p44kidchbs9prl"}
{"type":"log","timestamp":1771473245267,"level":"debug","message":"Rendering engine handlebars","meta":{"rootId":"536w965sggudob5","id":"536w965sggudob5"},"id":"jemi370wkm7tag7","previousOperationId":"hqe1rth2t1jxdi6"}
{"type":"operationEnd","operationId":"hqe1rth2t1jxdi6","timestamp":1771473245352,"id":"b1gqr1xdvqraaua","previousEventId":"log8c1h95kz4j52","previousOperationId":"hqe1rth2t1jxdi6"}
{"type":"operationStart","subtype":"recipe","name":"chrome-pdf","timestamp":1771473245377,"id":"natet849ibwtl5i","previousEventId":"b1gqr1xdvqraaua","operationId":"gihvnm2jpdqvbza","previousOperationId":"hqe1rth2t1jxdi6"}
{"type":"log","timestamp":1771473245377,"level":"debug","message":"Executing recipe chrome-pdf","meta":{"rootId":"536w965sggudob5","id":"536w965sggudob5"},"id":"obbj1vjyo913ve0","previousOperationId":"gihvnm2jpdqvbza"}
{"type":"log","timestamp":1771473245384,"level":"debug","message":"Converting with chrome Chrome/142.0.7444.175 using chrome-pool strategy","meta":{"rootId":"536w965sggudob5","id":"536w965sggudob5"},"id":"x23im6m83o463u7","previousOperationId":"gihvnm2jpdqvbza"}
{"type":"log","timestamp":1771473245417,"level":"debug","message":"Page request: GET (document) file:///tmp/jsreport/autocleanup/28889649-82bc-44c7-a643-6b8e2f392ab0-chrome-pdf.html","meta":{"rootId":"536w965sggudob5","id":"536w965sggudob5"},"id":"x7c3r770z1a0nzy","previousOperationId":"gihvnm2jpdqvbza"}
{"type":"log","timestamp":1771473245437,"level":"debug","message":"Page request: GET (image) https://paciolibucket.s3.us-east-2.amazonaws.com/orgs/c64b69f6759a43a1bc0ae31961876751/companies/logos/b6e6bbb3-4217-4336-88b7-161c9ce34ada_Applicorp%20Logo.png?X-Amz-Expires=600&X-Amz-Algorithm=AWS4-HMAC-SHA256&X-Amz-Credential=AKIAVYV5Z6T6UQ4ARWOC%2F20260219%2Fus-east-2%2Fs3%2Faws4_request&X-Amz-Date=20260219T035404Z&X-Amz-SignedHeaders=host&X-Amz-Signature=e8b713c2ea77cff0dc7506e9216f49c104a2400662d1f0cc5cde9cf5ef8c7a58","meta":{"rootId":"536w965sggudob5","id":"536w965sggudob5"},"id":"braakdzeou2zdww","previousOperationId":"gihvnm2jpdqvbza"}
{"type":"log","timestamp":1771473245616,"level":"debug","message":"Page request finished: GET (document) 200 file:///tmp/jsreport/autocleanup/28889649-82bc-44c7-a643-6b8e2f392ab0-chrome-pdf.html","meta":{"rootId":"536w965sggudob5","id":"536w965sggudob5"},"id":"12xvc2ymcvnbj6w","previousOperationId":"gihvnm2jpdqvbza"}
{"type":"log","timestamp":1771473245872,"level":"debug","message":"Page request finished: GET (image) 200 https://paciolibucket.s3.us-east-2.amazonaws.com/orgs/c64b69f6759a43a1bc0ae31961876751/companies/logos/b6e6bbb3-4217-4336-88b7-161c9ce34ada_Applicorp%20Logo.png?X-Amz-Expires=600&X-Amz-Algorithm=AWS4-HMAC-SHA256&X-Amz-Credential=AKIAVYV5Z6T6UQ4ARWOC%2F20260219%2Fus-east-2%2Fs3%2Faws4_request&X-Amz-Date=20260219T035404Z&X-Amz-SignedHeaders=host&X-Amz-Signature=e8b713c2ea77cff0dc7506e9216f49c104a2400662d1f0cc5cde9cf5ef8c7a58","meta":{"rootId":"536w965sggudob5","id":"536w965sggudob5"},"id":"6v8a3mkmw4as6cw","previousOperationId":"gihvnm2jpdqvbza"}
{"type":"log","timestamp":1771473246080,"level":"debug","message":"Running chrome with params {\"printBackground\":true,\"timeout\":59762,\"margin\":{}}","meta":{"rootId":"536w965sggudob5","id":"536w965sggudob5"},"id":"thpxn7cy3ido85g","previousOperationId":"gihvnm2jpdqvbza"}
{"type":"operationEnd","operationId":"gihvnm2jpdqvbza","timestamp":1771473249135,"id":"1llegnm3v6q7vgb","previousEventId":"natet849ibwtl5i","previousOperationId":"gihvnm2jpdqvbza"}
{"type":"log","timestamp":1771473249135,"level":"debug","message":"Skipping storing report.","meta":{"rootId":"536w965sggudob5","id":"536w965sggudob5"},"id":"l5bpv3sbikxftvs","previousOperationId":"gihvnm2jpdqvbza"}
{"type":"log","timestamp":1771473249136,"level":"info","message":"Rendering request 4 finished in 3991 ms","meta":{"rootId":"536w965sggudob5","id":"536w965sggudob5"},"id":"uja4vjg2ousoazp","previousOperationId":"gihvnm2jpdqvbza"}
{"type":"operationEnd","subtype":"render","operationId":"9p44kidchbs9prl","timestamp":1771473249136,"id":"0h65gugfgl4pk2w","previousEventId":"1llegnm3v6q7vgb","previousOperationId":"gihvnm2jpdqvbza"}
{"type":"operationEnd","doDiffs":false,"previousEventId":"53nkodgu96ipzev","previousOperationId":"5do30zewtkcj7id","operationId":"5do30zewtkcj7id","timestamp":1771473249137,"id":"t9x2d2sr2linmxf"}
