{"type":"operationStart","subtype":"profile","data":{"_id":"aR7PQZ9jvoTzAskH","timestamp":"2026-02-17T05:07:19.977Z","state":"queued","mode":"standard","creationDate":"2026-02-17T05:07:19.980Z","modificationDate":"2026-02-17T05:07:19.980Z","shortid":"kbBmkEq","$entitySet":"profiles"},"doDiffs":false,"timestamp":1771304839979,"id":"3w0crg18p8ajohw","previousOperationId":null,"operationId":"dfa7nec6yrmf1jg"}
{"type":"log","level":"info","message":"Render request 24 queued for execution and waiting for available worker","previousOperationId":"dfa7nec6yrmf1jg","timestamp":1771304839979,"id":"h42k2rlc61vb4xk"}
{"type":"operationStart","subtype":"render","name":"general-ledger-v2","previousOperationId":"dfa7nec6yrmf1jg","timestamp":1771304840055,"id":"ijscxv7pa2rrv9z","previousEventId":"3w0crg18p8ajohw","operationId":"j30o54vxjvtf337"}
{"type":"log","timestamp":1771304840059,"level":"info","message":"Starting rendering request 24","meta":{"rootId":"5d6t5ymp7gmyasw","id":"5d6t5ymp7gmyasw"},"id":"0i22iftilzb37vj","previousOperationId":"j30o54vxjvtf337"}
{"type":"log","timestamp":1771304840063,"level":"info","message":"Rendering template { name: general-ledger-v2, recipe: chrome-pdf, engine: handlebars, preview: false }","meta":{"rootId":"5d6t5ymp7gmyasw","id":"5d6t5ymp7gmyasw"},"id":"gnx2zfeflku6a9i","previousOperationId":"j30o54vxjvtf337"}
{"type":"log","timestamp":1771304840082,"level":"debug","message":"Inline data specified.","meta":{"rootId":"5d6t5ymp7gmyasw","id":"5d6t5ymp7gmyasw"},"id":"v78oyzfg8f1fpfq","previousOperationId":"j30o54vxjvtf337"}
{"type":"log","timestamp":1771304840087,"level":"debug","message":"Base url not specified, skipping its injection.","meta":{"rootId":"5d6t5ymp7gmyasw","id":"5d6t5ymp7gmyasw"},"id":"zw4t57xjrnutbsw","previousOperationId":"j30o54vxjvtf337"}
{"type":"operationStart","subtype":"engine","name":"handlebars","timestamp":1771304840097,"id":"2qq9m4vcnmd2o7z","previousEventId":"ijscxv7pa2rrv9z","operationId":"oofbsm4i3dj6xpa","previousOperationId":"j30o54vxjvtf337"}
{"type":"log","timestamp":1771304840097,"level":"debug","message":"Rendering engine handlebars","meta":{"rootId":"5d6t5ymp7gmyasw","id":"5d6t5ymp7gmyasw"},"id":"8ckiisvnc82kaa6","previousOperationId":"oofbsm4i3dj6xpa"}
{"type":"operationEnd","operationId":"oofbsm4i3dj6xpa","timestamp":1771304840161,"id":"yh0f68i01hnlt4v","previousEventId":"2qq9m4vcnmd2o7z","previousOperationId":"oofbsm4i3dj6xpa"}
{"type":"operationStart","subtype":"recipe","name":"chrome-pdf","timestamp":1771304840163,"id":"zzc0avqh8ko704p","previousEventId":"yh0f68i01hnlt4v","operationId":"1fx3jfxbp4xt4ej","previousOperationId":"oofbsm4i3dj6xpa"}
{"type":"log","timestamp":1771304840163,"level":"debug","message":"Executing recipe chrome-pdf","meta":{"rootId":"5d6t5ymp7gmyasw","id":"5d6t5ymp7gmyasw"},"id":"zzsve4y4xrj1ijy","previousOperationId":"1fx3jfxbp4xt4ej"}
{"type":"log","timestamp":1771304840199,"level":"debug","message":"Converting with chrome Chrome/142.0.7444.175 using chrome-pool strategy","meta":{"rootId":"5d6t5ymp7gmyasw","id":"5d6t5ymp7gmyasw"},"id":"908279qb5ejy3lu","previousOperationId":"1fx3jfxbp4xt4ej"}
{"type":"log","timestamp":1771304840370,"level":"debug","message":"Page request: GET (document) file:///tmp/jsreport/autocleanup/fa174f30-8e3c-4bb3-b7a8-09f11c33ed76-chrome-pdf.html","meta":{"rootId":"5d6t5ymp7gmyasw","id":"5d6t5ymp7gmyasw"},"id":"0v6bh6dsak4ia1r","previousOperationId":"1fx3jfxbp4xt4ej"}
{"type":"log","timestamp":1771304840389,"level":"debug","message":"Page request finished: GET (document) 200 file:///tmp/jsreport/autocleanup/fa174f30-8e3c-4bb3-b7a8-09f11c33ed76-chrome-pdf.html","meta":{"rootId":"5d6t5ymp7gmyasw","id":"5d6t5ymp7gmyasw"},"id":"eay8ggk4npltmga","previousOperationId":"1fx3jfxbp4xt4ej"}
{"type":"log","timestamp":1771304840393,"level":"debug","message":"Page request: GET (image) https://paciolibucket.s3.us-east-2.amazonaws.com/orgs/c64b69f6759a43a1bc0ae31961876751/companies/logos/e9767ff4-7186-447f-a397-208ea6bbfdb8_ninosfelices.png?X-Amz-Expires=600&X-Amz-Algorithm=AWS4-HMAC-SHA256&X-Amz-Credential=AKIAVYV5Z6T6UQ4ARWOC%2F20260217%2Fus-east-2%2Fs3%2Faws4_request&X-Amz-Date=20260217T050719Z&X-Amz-SignedHeaders=host&X-Amz-Signature=fd4463130986f615a5138d2ff04f6a501772e5d0f2472194cc10327f9986b513","meta":{"rootId":"5d6t5ymp7gmyasw","id":"5d6t5ymp7gmyasw"},"id":"p9xkrlrugw5c4q8","previousOperationId":"1fx3jfxbp4xt4ej"}
{"type":"log","timestamp":1771304840920,"level":"debug","message":"Page request finished: GET (image) 200 https://paciolibucket.s3.us-east-2.amazonaws.com/orgs/c64b69f6759a43a1bc0ae31961876751/companies/logos/e9767ff4-7186-447f-a397-208ea6bbfdb8_ninosfelices.png?X-Amz-Expires=600&X-Amz-Algorithm=AWS4-HMAC-SHA256&X-Amz-Credential=AKIAVYV5Z6T6UQ4ARWOC%2F20260217%2Fus-east-2%2Fs3%2Faws4_request&X-Amz-Date=20260217T050719Z&X-Amz-SignedHeaders=host&X-Amz-Signature=fd4463130986f615a5138d2ff04f6a501772e5d0f2472194cc10327f9986b513","meta":{"rootId":"5d6t5ymp7gmyasw","id":"5d6t5ymp7gmyasw"},"id":"y4xfqizfc12qm5v","previousOperationId":"1fx3jfxbp4xt4ej"}
{"type":"log","timestamp":1771304840922,"level":"debug","message":"Running chrome with params {\"printBackground\":true,\"timeout\":59801,\"margin\":{}}","meta":{"rootId":"5d6t5ymp7gmyasw","id":"5d6t5ymp7gmyasw"},"id":"opundw53h7dfmn7","previousOperationId":"1fx3jfxbp4xt4ej"}
{"type":"operationEnd","operationId":"1fx3jfxbp4xt4ej","timestamp":1771304841003,"id":"gzcc3xcrq6rrfcb","previousEventId":"zzc0avqh8ko704p","previousOperationId":"1fx3jfxbp4xt4ej"}
{"type":"log","timestamp":1771304841005,"level":"debug","message":"Skipping storing report.","meta":{"rootId":"5d6t5ymp7gmyasw","id":"5d6t5ymp7gmyasw"},"id":"emxh1tyfcbrevx3","previousOperationId":"1fx3jfxbp4xt4ej"}
{"type":"log","timestamp":1771304841005,"level":"info","message":"Rendering request 24 finished in 1029 ms","meta":{"rootId":"5d6t5ymp7gmyasw","id":"5d6t5ymp7gmyasw"},"id":"ndsjoo91uo7jdxy","previousOperationId":"1fx3jfxbp4xt4ej"}
{"type":"operationEnd","subtype":"render","operationId":"j30o54vxjvtf337","timestamp":1771304841005,"id":"z4ezg17zr6wcddb","previousEventId":"gzcc3xcrq6rrfcb","previousOperationId":"1fx3jfxbp4xt4ej"}
{"type":"operationEnd","doDiffs":false,"previousEventId":"3w0crg18p8ajohw","previousOperationId":"dfa7nec6yrmf1jg","operationId":"dfa7nec6yrmf1jg","timestamp":1771304841006,"id":"rlg21x2gppy155c"}
