{"type":"operationStart","subtype":"profile","data":{"_id":"pcHXzvlSrrfXuael","timestamp":"2026-02-17T16:16:40.020Z","state":"queued","mode":"standard","creationDate":"2026-02-17T16:16:40.059Z","modificationDate":"2026-02-17T16:16:40.059Z","shortid":"icTe6oN","$entitySet":"profiles"},"doDiffs":false,"timestamp":1771345000033,"id":"9l06n4om671k6c9","previousOperationId":null,"operationId":"mp57iul35n3k6oq"}
{"type":"log","level":"info","message":"Render request 2 queued for execution and waiting for available worker","previousOperationId":"mp57iul35n3k6oq","timestamp":1771345000034,"id":"lyuq11e4k5e5wy9"}
{"type":"operationStart","subtype":"render","name":"general-ledger-v2","previousOperationId":"mp57iul35n3k6oq","timestamp":1771345000205,"id":"co4j3u87qt5lg67","previousEventId":"9l06n4om671k6c9","operationId":"dnrsbeyp7jp31gb"}
{"type":"log","timestamp":1771345000213,"level":"info","message":"Starting rendering request 2","meta":{"rootId":"6b3h4g503td4pfy","id":"6b3h4g503td4pfy"},"id":"37dfsebiz9o6noh","previousOperationId":"dnrsbeyp7jp31gb"}
{"type":"log","timestamp":1771345000221,"level":"info","message":"Rendering template { name: general-ledger-v2, recipe: chrome-pdf, engine: handlebars, preview: false }","meta":{"rootId":"6b3h4g503td4pfy","id":"6b3h4g503td4pfy"},"id":"upk2r7ih2xkmtcp","previousOperationId":"dnrsbeyp7jp31gb"}
{"type":"log","timestamp":1771345000233,"level":"debug","message":"Inline data specified.","meta":{"rootId":"6b3h4g503td4pfy","id":"6b3h4g503td4pfy"},"id":"2yrq60446cwik1l","previousOperationId":"dnrsbeyp7jp31gb"}
{"type":"log","timestamp":1771345000240,"level":"debug","message":"Base url not specified, skipping its injection.","meta":{"rootId":"6b3h4g503td4pfy","id":"6b3h4g503td4pfy"},"id":"z8nbsvvnlt5d6dt","previousOperationId":"dnrsbeyp7jp31gb"}
{"type":"operationStart","subtype":"engine","name":"handlebars","timestamp":1771345000251,"id":"jln4wnalzz1kv1s","previousEventId":"co4j3u87qt5lg67","operationId":"hcmtxb4seq456c7","previousOperationId":"dnrsbeyp7jp31gb"}
{"type":"log","timestamp":1771345000251,"level":"debug","message":"Rendering engine handlebars","meta":{"rootId":"6b3h4g503td4pfy","id":"6b3h4g503td4pfy"},"id":"0qwfaex37t3ldko","previousOperationId":"hcmtxb4seq456c7"}
{"type":"operationEnd","operationId":"hcmtxb4seq456c7","timestamp":1771345001015,"id":"d8d0ispb1n2f5cy","previousEventId":"jln4wnalzz1kv1s","previousOperationId":"hcmtxb4seq456c7"}
{"type":"operationStart","subtype":"recipe","name":"chrome-pdf","timestamp":1771345001016,"id":"cabiieck8j4htf2","previousEventId":"d8d0ispb1n2f5cy","operationId":"hwwv8hlmb8izxj4","previousOperationId":"hcmtxb4seq456c7"}
{"type":"log","timestamp":1771345001016,"level":"debug","message":"Executing recipe chrome-pdf","meta":{"rootId":"6b3h4g503td4pfy","id":"6b3h4g503td4pfy"},"id":"blinu73o1u25rc7","previousOperationId":"hwwv8hlmb8izxj4"}
{"type":"log","timestamp":1771345003028,"level":"debug","message":"Converting with chrome Chrome/142.0.7444.175 using chrome-pool strategy","meta":{"rootId":"6b3h4g503td4pfy","id":"6b3h4g503td4pfy"},"id":"43k6o94c2f775v0","previousOperationId":"hwwv8hlmb8izxj4"}
{"type":"log","timestamp":1771345003237,"level":"debug","message":"Page request: GET (document) file:///tmp/jsreport/autocleanup/7ee9840b-25cf-4a49-a4ce-cc53ca3eb307-chrome-pdf.html","meta":{"rootId":"6b3h4g503td4pfy","id":"6b3h4g503td4pfy"},"id":"ihsxdblmqyk3yxo","previousOperationId":"hwwv8hlmb8izxj4"}
{"type":"log","timestamp":1771345003259,"level":"debug","message":"Page request: GET (image) https://paciolibucket.s3.us-east-2.amazonaws.com/orgs/c64b69f6759a43a1bc0ae31961876751/companies/logos/e9767ff4-7186-447f-a397-208ea6bbfdb8_ninosfelices.png?X-Amz-Expires=600&X-Amz-Algorithm=AWS4-HMAC-SHA256&X-Amz-Credential=AKIAVYV5Z6T6UQ4ARWOC%2F20260217%2Fus-east-2%2Fs3%2Faws4_request&X-Amz-Date=20260217T161639Z&X-Amz-SignedHeaders=host&X-Amz-Signature=7d18b8b22a40846259d63e089f1380dec41991c9eae025e80482cd3565dec28c","meta":{"rootId":"6b3h4g503td4pfy","id":"6b3h4g503td4pfy"},"id":"rycbf6n78i7nay2","previousOperationId":"hwwv8hlmb8izxj4"}
{"type":"log","timestamp":1771345003260,"level":"debug","message":"Page request finished: GET (document) 200 file:///tmp/jsreport/autocleanup/7ee9840b-25cf-4a49-a4ce-cc53ca3eb307-chrome-pdf.html","meta":{"rootId":"6b3h4g503td4pfy","id":"6b3h4g503td4pfy"},"id":"cjbovxzas8x1u6b","previousOperationId":"hwwv8hlmb8izxj4"}
{"type":"log","timestamp":1771345003772,"level":"debug","message":"Page request finished: GET (image) 200 https://paciolibucket.s3.us-east-2.amazonaws.com/orgs/c64b69f6759a43a1bc0ae31961876751/companies/logos/e9767ff4-7186-447f-a397-208ea6bbfdb8_ninosfelices.png?X-Amz-Expires=600&X-Amz-Algorithm=AWS4-HMAC-SHA256&X-Amz-Credential=AKIAVYV5Z6T6UQ4ARWOC%2F20260217%2Fus-east-2%2Fs3%2Faws4_request&X-Amz-Date=20260217T161639Z&X-Amz-SignedHeaders=host&X-Amz-Signature=7d18b8b22a40846259d63e089f1380dec41991c9eae025e80482cd3565dec28c","meta":{"rootId":"6b3h4g503td4pfy","id":"6b3h4g503td4pfy"},"id":"dddcqch1naxldog","previousOperationId":"hwwv8hlmb8izxj4"}
{"type":"log","timestamp":1771345003778,"level":"debug","message":"Running chrome with params {\"printBackground\":true,\"timeout\":58969,\"margin\":{}}","meta":{"rootId":"6b3h4g503td4pfy","id":"6b3h4g503td4pfy"},"id":"juebe4jcjp5ltaw","previousOperationId":"hwwv8hlmb8izxj4"}
{"type":"operationEnd","operationId":"hwwv8hlmb8izxj4","timestamp":1771345003862,"id":"5vnetbb0zx6myxh","previousEventId":"cabiieck8j4htf2","previousOperationId":"hwwv8hlmb8izxj4"}
{"type":"log","timestamp":1771345003864,"level":"debug","message":"Skipping storing report.","meta":{"rootId":"6b3h4g503td4pfy","id":"6b3h4g503td4pfy"},"id":"d28wxqvbxeupfj6","previousOperationId":"hwwv8hlmb8izxj4"}
{"type":"log","timestamp":1771345003864,"level":"info","message":"Rendering request 2 finished in 3867 ms","meta":{"rootId":"6b3h4g503td4pfy","id":"6b3h4g503td4pfy"},"id":"corwtcwf7khwpm3","previousOperationId":"hwwv8hlmb8izxj4"}
{"type":"operationEnd","subtype":"render","operationId":"dnrsbeyp7jp31gb","timestamp":1771345003864,"id":"70vobjijsc6idh9","previousEventId":"5vnetbb0zx6myxh","previousOperationId":"hwwv8hlmb8izxj4"}
{"type":"operationEnd","doDiffs":false,"previousEventId":"9l06n4om671k6c9","previousOperationId":"mp57iul35n3k6oq","operationId":"mp57iul35n3k6oq","timestamp":1771345003867,"id":"flmpxz3krrj2u8f"}
