{"type":"operationStart","subtype":"profile","data":{"_id":"SvrZekKVZV8wIOOi","timestamp":"2026-01-23T04:17:19.523Z","state":"queued","mode":"standard","creationDate":"2026-01-23T04:17:19.533Z","modificationDate":"2026-01-23T04:17:19.533Z","shortid":"7GJcFA8","$entitySet":"profiles"},"doDiffs":false,"timestamp":1769141839527,"id":"mbiq15s6k6jb2hv","previousOperationId":null,"operationId":"de5szxo6wx108ag"}
{"type":"log","level":"info","message":"Render request 49 queued for execution and waiting for available worker","previousOperationId":"de5szxo6wx108ag","timestamp":1769141839530,"id":"sryeht03z7zlc62"}
{"type":"operationStart","subtype":"render","name":"general-ledger-v2","previousOperationId":"de5szxo6wx108ag","timestamp":1769141839621,"id":"xy3mjm5itw93v7s","previousEventId":"mbiq15s6k6jb2hv","operationId":"o63bl52ykyosyak"}
{"type":"log","timestamp":1769141839628,"level":"info","message":"Starting rendering request 49","meta":{"rootId":"6sovn65apdvbua0","id":"6sovn65apdvbua0"},"id":"vbnvb7mcke6fpie","previousOperationId":"o63bl52ykyosyak"}
{"type":"log","timestamp":1769141839636,"level":"info","message":"Rendering template { name: general-ledger-v2, recipe: chrome-pdf, engine: handlebars, preview: true }","meta":{"rootId":"6sovn65apdvbua0","id":"6sovn65apdvbua0"},"id":"9oc2mb5h0egi4m7","previousOperationId":"o63bl52ykyosyak"}
{"type":"log","timestamp":1769141839643,"level":"debug","message":"Adding sample data YCG3bWhuf","meta":{"rootId":"6sovn65apdvbua0","id":"6sovn65apdvbua0"},"id":"bwnzcmenwom3t85","previousOperationId":"o63bl52ykyosyak"}
{"type":"log","timestamp":1769141839671,"level":"debug","message":"Base url not specified, skipping its injection.","meta":{"rootId":"6sovn65apdvbua0","id":"6sovn65apdvbua0"},"id":"hpsqbckm8lk1ehc","previousOperationId":"o63bl52ykyosyak"}
{"type":"operationStart","subtype":"engine","name":"handlebars","timestamp":1769141839689,"id":"8mun1xjqv8hwx6k","previousEventId":"xy3mjm5itw93v7s","operationId":"15iwppd7fztxjp9","previousOperationId":"o63bl52ykyosyak"}
{"type":"log","timestamp":1769141839689,"level":"debug","message":"Rendering engine handlebars","meta":{"rootId":"6sovn65apdvbua0","id":"6sovn65apdvbua0"},"id":"p8ggngo5c77ovks","previousOperationId":"15iwppd7fztxjp9"}
{"type":"operationEnd","operationId":"15iwppd7fztxjp9","timestamp":1769141840088,"id":"fwxvowou5kevn3m","previousEventId":"8mun1xjqv8hwx6k","previousOperationId":"15iwppd7fztxjp9"}
{"type":"operationStart","subtype":"recipe","name":"chrome-pdf","timestamp":1769141840090,"id":"9l7qc581g7gfbpe","previousEventId":"fwxvowou5kevn3m","operationId":"k1ih61if4lgwc8e","previousOperationId":"15iwppd7fztxjp9"}
{"type":"log","timestamp":1769141840090,"level":"debug","message":"Executing recipe chrome-pdf","meta":{"rootId":"6sovn65apdvbua0","id":"6sovn65apdvbua0"},"id":"q5mx5srs7nl9vq8","previousOperationId":"k1ih61if4lgwc8e"}
{"type":"log","timestamp":1769141840130,"level":"debug","message":"Converting with chrome Chrome/142.0.7444.175 using chrome-pool strategy","meta":{"rootId":"6sovn65apdvbua0","id":"6sovn65apdvbua0"},"id":"srbaylx7zkcl6io","previousOperationId":"k1ih61if4lgwc8e"}
{"type":"log","timestamp":1769141840611,"level":"debug","message":"Page request: GET (document) file:///tmp/jsreport/autocleanup/b78657a0-df7a-45c5-831f-1b4428c561e2-chrome-pdf.html","meta":{"rootId":"6sovn65apdvbua0","id":"6sovn65apdvbua0"},"id":"iaqb2fblp9v35xb","previousOperationId":"k1ih61if4lgwc8e"}
{"type":"log","timestamp":1769141840669,"level":"debug","message":"Page request finished: GET (document) 200 file:///tmp/jsreport/autocleanup/b78657a0-df7a-45c5-831f-1b4428c561e2-chrome-pdf.html","meta":{"rootId":"6sovn65apdvbua0","id":"6sovn65apdvbua0"},"id":"8zosyifmff4c9ef","previousOperationId":"k1ih61if4lgwc8e"}
{"type":"log","timestamp":1769141840677,"level":"debug","message":"Page request: GET (image) https://paciolibucket.s3.us-east-2.amazonaws.com/orgs/c64b69f6759a43a1bc0ae31961876751/companies/logos/e9767ff4-7186-447f-a397-208ea6bbfdb8_ninosfelices.png?X-Amz-Expires=600&X-Amz-Algorithm=AWS4-HMAC-SHA256&X-Amz-Credential=AKIAVYV5Z6T6UQ4ARWOC%2F20260123%2Fus-east-2%2Fs3%2Faws4_request&X-Amz-Date=20260123T040554Z&X-Amz-SignedHeaders=host&X-Amz-Signature=747c15527b5085b1be2ddd3c10637621ec12ad2e785b0bc43d8c81665def75d9","meta":{"rootId":"6sovn65apdvbua0","id":"6sovn65apdvbua0"},"id":"u32g3iy0tba5bv5","previousOperationId":"k1ih61if4lgwc8e"}
{"type":"log","timestamp":1769141840759,"level":"debug","message":"Page request finished: GET (image) 200 https://paciolibucket.s3.us-east-2.amazonaws.com/orgs/c64b69f6759a43a1bc0ae31961876751/companies/logos/e9767ff4-7186-447f-a397-208ea6bbfdb8_ninosfelices.png?X-Amz-Expires=600&X-Amz-Algorithm=AWS4-HMAC-SHA256&X-Amz-Credential=AKIAVYV5Z6T6UQ4ARWOC%2F20260123%2Fus-east-2%2Fs3%2Faws4_request&X-Amz-Date=20260123T040554Z&X-Amz-SignedHeaders=host&X-Amz-Signature=747c15527b5085b1be2ddd3c10637621ec12ad2e785b0bc43d8c81665def75d9","meta":{"rootId":"6sovn65apdvbua0","id":"6sovn65apdvbua0"},"id":"tjhzd9wilic3eq5","previousOperationId":"k1ih61if4lgwc8e"}
{"type":"log","timestamp":1769141840763,"level":"debug","message":"Running chrome with params {\"printBackground\":true,\"timeout\":59419,\"margin\":{}}","meta":{"rootId":"6sovn65apdvbua0","id":"6sovn65apdvbua0"},"id":"9dm62fp91i86cos","previousOperationId":"k1ih61if4lgwc8e"}
{"type":"operationEnd","operationId":"k1ih61if4lgwc8e","timestamp":1769141840931,"id":"wm4fmb23j324n70","previousEventId":"9l7qc581g7gfbpe","previousOperationId":"k1ih61if4lgwc8e"}
{"type":"log","timestamp":1769141840931,"level":"debug","message":"Skipping storing report.","meta":{"rootId":"6sovn65apdvbua0","id":"6sovn65apdvbua0"},"id":"j9lsorqjgpras5o","previousOperationId":"k1ih61if4lgwc8e"}
{"type":"log","timestamp":1769141840931,"level":"info","message":"Rendering request 49 finished in 1411 ms","meta":{"rootId":"6sovn65apdvbua0","id":"6sovn65apdvbua0"},"id":"chot7lxbe587vz1","previousOperationId":"k1ih61if4lgwc8e"}
{"type":"operationEnd","subtype":"render","operationId":"o63bl52ykyosyak","timestamp":1769141840931,"id":"4mqwtqurvgp31r9","previousEventId":"wm4fmb23j324n70","previousOperationId":"k1ih61if4lgwc8e"}
{"type":"operationEnd","doDiffs":false,"previousEventId":"mbiq15s6k6jb2hv","previousOperationId":"de5szxo6wx108ag","operationId":"de5szxo6wx108ag","timestamp":1769141840934,"id":"yqw1ko1wv22o8c6"}
