{"type":"operationStart","subtype":"profile","data":{"_id":"gUttTzjaIuvJWTt0","timestamp":"2026-02-18T01:25:26.817Z","state":"queued","mode":"standard","creationDate":"2026-02-18T01:25:26.818Z","modificationDate":"2026-02-18T01:25:26.818Z","shortid":"YYhY5y9","$entitySet":"profiles"},"doDiffs":false,"timestamp":1771377926817,"id":"c5wvoswnwqkedjb","previousOperationId":null,"operationId":"93jnqinwb25ipft"}
{"type":"log","level":"info","message":"Render request 12 queued for execution and waiting for available worker","previousOperationId":"93jnqinwb25ipft","timestamp":1771377926818,"id":"22et04tbwshig34"}
{"type":"operationStart","subtype":"render","name":"general-ledger-v2","previousOperationId":"93jnqinwb25ipft","timestamp":1771377926895,"id":"s65o4xop9o168nh","previousEventId":"c5wvoswnwqkedjb","operationId":"lz81k5hh6ov38ga"}
{"type":"log","timestamp":1771377926896,"level":"info","message":"Starting rendering request 12","meta":{"rootId":"77ftie0jmb1nww5","id":"77ftie0jmb1nww5"},"id":"jmfymzl8pctz6ll","previousOperationId":"lz81k5hh6ov38ga"}
{"type":"log","timestamp":1771377926897,"level":"info","message":"Rendering template { name: general-ledger-v2, recipe: chrome-pdf, engine: handlebars, preview: true }","meta":{"rootId":"77ftie0jmb1nww5","id":"77ftie0jmb1nww5"},"id":"bc3gbo2fe4ucmra","previousOperationId":"lz81k5hh6ov38ga"}
{"type":"log","timestamp":1771377926902,"level":"debug","message":"Adding sample data YCG3bWhuf","meta":{"rootId":"77ftie0jmb1nww5","id":"77ftie0jmb1nww5"},"id":"ci5i04retr7umyy","previousOperationId":"lz81k5hh6ov38ga"}
{"type":"log","timestamp":1771377926912,"level":"debug","message":"Base url not specified, skipping its injection.","meta":{"rootId":"77ftie0jmb1nww5","id":"77ftie0jmb1nww5"},"id":"fmmm1fg6e8jmg1a","previousOperationId":"lz81k5hh6ov38ga"}
{"type":"operationStart","subtype":"engine","name":"handlebars","timestamp":1771377926913,"id":"suk0vl82h30t6w7","previousEventId":"s65o4xop9o168nh","operationId":"k3ea5rmyuqwahza","previousOperationId":"lz81k5hh6ov38ga"}
{"type":"log","timestamp":1771377926915,"level":"debug","message":"Rendering engine handlebars","meta":{"rootId":"77ftie0jmb1nww5","id":"77ftie0jmb1nww5"},"id":"yxsvduthpouiy4a","previousOperationId":"k3ea5rmyuqwahza"}
{"type":"operationEnd","operationId":"k3ea5rmyuqwahza","timestamp":1771377926956,"id":"1dc15w36cw9fpyc","previousEventId":"suk0vl82h30t6w7","previousOperationId":"k3ea5rmyuqwahza"}
{"type":"operationStart","subtype":"recipe","name":"chrome-pdf","timestamp":1771377926958,"id":"m0slf9pbwe36vrv","previousEventId":"1dc15w36cw9fpyc","operationId":"bmbnv9j29jzvcjk","previousOperationId":"k3ea5rmyuqwahza"}
{"type":"log","timestamp":1771377926958,"level":"debug","message":"Executing recipe chrome-pdf","meta":{"rootId":"77ftie0jmb1nww5","id":"77ftie0jmb1nww5"},"id":"dn32kq2bnr7k3no","previousOperationId":"bmbnv9j29jzvcjk"}
{"type":"log","timestamp":1771377926971,"level":"debug","message":"Converting with chrome Chrome/142.0.7444.175 using chrome-pool strategy","meta":{"rootId":"77ftie0jmb1nww5","id":"77ftie0jmb1nww5"},"id":"fp1c8uvw9yg76ft","previousOperationId":"bmbnv9j29jzvcjk"}
{"type":"log","timestamp":1771377927043,"level":"debug","message":"Page request: GET (document) file:///tmp/jsreport/autocleanup/f13db046-f853-484b-b709-682f0ddef93a-chrome-pdf.html","meta":{"rootId":"77ftie0jmb1nww5","id":"77ftie0jmb1nww5"},"id":"0lccqku0wqaw1z5","previousOperationId":"bmbnv9j29jzvcjk"}
{"type":"log","timestamp":1771377927057,"level":"debug","message":"Page request finished: GET (document) 200 file:///tmp/jsreport/autocleanup/f13db046-f853-484b-b709-682f0ddef93a-chrome-pdf.html","meta":{"rootId":"77ftie0jmb1nww5","id":"77ftie0jmb1nww5"},"id":"dh8vkrqb0usquwx","previousOperationId":"bmbnv9j29jzvcjk"}
{"type":"log","timestamp":1771377927057,"level":"debug","message":"Page request: GET (image) https://paciolibucket.s3.us-east-2.amazonaws.com/orgs/c64b69f6759a43a1bc0ae31961876751/companies/logos/e9767ff4-7186-447f-a397-208ea6bbfdb8_ninosfelices.png?X-Amz-Expires=600&X-Amz-Algorithm=AWS4-HMAC-SHA256&X-Amz-Credential=AKIAVYV5Z6T6UQ4ARWOC%2F20260123%2Fus-east-2%2Fs3%2Faws4_request&X-Amz-Date=20260123T040554Z&X-Amz-SignedHeaders=host&X-Amz-Signature=747c15527b5085b1be2ddd3c10637621ec12ad2e785b0bc43d8c81665def75d9","meta":{"rootId":"77ftie0jmb1nww5","id":"77ftie0jmb1nww5"},"id":"nnm5amsws09du60","previousOperationId":"bmbnv9j29jzvcjk"}
{"type":"log","timestamp":1771377927559,"level":"warn","message":"Page request failed: GET (image) https://paciolibucket.s3.us-east-2.amazonaws.com/orgs/c64b69f6759a43a1bc0ae31961876751/companies/logos/e9767ff4-7186-447f-a397-208ea6bbfdb8_ninosfelices.png?X-Amz-Expires=600&X-Amz-Algorithm=AWS4-HMAC-SHA256&X-Amz-Credential=AKIAVYV5Z6T6UQ4ARWOC%2F20260123%2Fus-east-2%2Fs3%2Faws4_request&X-Amz-Date=20260123T040554Z&X-Amz-SignedHeaders=host&X-Amz-Signature=747c15527b5085b1be2ddd3c10637621ec12ad2e785b0bc43d8c81665def75d9, failure: net::ERR_BLOCKED_BY_ORB","meta":{"rootId":"77ftie0jmb1nww5","id":"77ftie0jmb1nww5"},"id":"08rnzh3haz36cq6","previousOperationId":"bmbnv9j29jzvcjk"}
{"type":"log","timestamp":1771377927561,"level":"debug","message":"Running chrome with params {\"printBackground\":true,\"timeout\":59852,\"margin\":{}}","meta":{"rootId":"77ftie0jmb1nww5","id":"77ftie0jmb1nww5"},"id":"obqlw79yfm4dl29","previousOperationId":"bmbnv9j29jzvcjk"}
{"type":"operationEnd","operationId":"bmbnv9j29jzvcjk","timestamp":1771377927671,"id":"wv5x4c6aui2ay0a","previousEventId":"m0slf9pbwe36vrv","previousOperationId":"bmbnv9j29jzvcjk"}
{"type":"log","timestamp":1771377927672,"level":"debug","message":"Skipping storing report.","meta":{"rootId":"77ftie0jmb1nww5","id":"77ftie0jmb1nww5"},"id":"ac5gdjdm2315zkr","previousOperationId":"bmbnv9j29jzvcjk"}
{"type":"log","timestamp":1771377927672,"level":"info","message":"Rendering request 12 finished in 856 ms","meta":{"rootId":"77ftie0jmb1nww5","id":"77ftie0jmb1nww5"},"id":"4dv2cf2g51u2p2g","previousOperationId":"bmbnv9j29jzvcjk"}
{"type":"operationEnd","subtype":"render","operationId":"lz81k5hh6ov38ga","timestamp":1771377927672,"id":"63pxtf9rhe0c0mp","previousEventId":"wv5x4c6aui2ay0a","previousOperationId":"bmbnv9j29jzvcjk"}
{"type":"operationEnd","doDiffs":false,"previousEventId":"c5wvoswnwqkedjb","previousOperationId":"93jnqinwb25ipft","operationId":"93jnqinwb25ipft","timestamp":1771377927676,"id":"46yrz806dgm1y4d"}
