{"type":"operationStart","subtype":"profile","data":{"_id":"6J8uCAmYTli3QqWl","timestamp":"2026-02-17T21:25:37.359Z","state":"queued","mode":"standard","creationDate":"2026-02-17T21:25:37.360Z","modificationDate":"2026-02-17T21:25:37.360Z","shortid":"3h8KWcD","$entitySet":"profiles"},"doDiffs":false,"timestamp":1771363537360,"id":"i86r0y0fqf9kbbn","previousOperationId":null,"operationId":"spa5r8ex4kjvxqe"}
{"type":"log","level":"info","message":"Render request 30 queued for execution and waiting for available worker","previousOperationId":"spa5r8ex4kjvxqe","timestamp":1771363537360,"id":"bphhpx6d9ishtmd"}
{"type":"operationStart","subtype":"render","name":"general-ledger-v2","previousOperationId":"spa5r8ex4kjvxqe","timestamp":1771363537407,"id":"uvi31x7efizjhkm","previousEventId":"i86r0y0fqf9kbbn","operationId":"dkvt5bx91rmqp63"}
{"type":"log","timestamp":1771363537407,"level":"info","message":"Starting rendering request 30","meta":{"rootId":"7dg910n97oacno8","id":"7dg910n97oacno8"},"id":"zg3tqcl8bthncm8","previousOperationId":"dkvt5bx91rmqp63"}
{"type":"log","timestamp":1771363537407,"level":"info","message":"Rendering template { name: general-ledger-v2, recipe: chrome-pdf, engine: handlebars, preview: false }","meta":{"rootId":"7dg910n97oacno8","id":"7dg910n97oacno8"},"id":"gkvqbfy4rmzpxs3","previousOperationId":"dkvt5bx91rmqp63"}
{"type":"log","timestamp":1771363537409,"level":"debug","message":"Inline data specified.","meta":{"rootId":"7dg910n97oacno8","id":"7dg910n97oacno8"},"id":"x543614nrjlox87","previousOperationId":"dkvt5bx91rmqp63"}
{"type":"log","timestamp":1771363537411,"level":"debug","message":"Base url not specified, skipping its injection.","meta":{"rootId":"7dg910n97oacno8","id":"7dg910n97oacno8"},"id":"f1lbopzk7eo4iz5","previousOperationId":"dkvt5bx91rmqp63"}
{"type":"operationStart","subtype":"engine","name":"handlebars","timestamp":1771363537411,"id":"vfzj2hpi58mnnjl","previousEventId":"uvi31x7efizjhkm","operationId":"jdhzi22psmovfs5","previousOperationId":"dkvt5bx91rmqp63"}
{"type":"log","timestamp":1771363537411,"level":"debug","message":"Rendering engine handlebars","meta":{"rootId":"7dg910n97oacno8","id":"7dg910n97oacno8"},"id":"p1x42kqafymo0nv","previousOperationId":"jdhzi22psmovfs5"}
{"type":"operationEnd","operationId":"jdhzi22psmovfs5","timestamp":1771363537437,"id":"e16exjqa643w2sf","previousEventId":"vfzj2hpi58mnnjl","previousOperationId":"jdhzi22psmovfs5"}
{"type":"operationStart","subtype":"recipe","name":"chrome-pdf","timestamp":1771363537437,"id":"fjg9w68t9wdqxzx","previousEventId":"e16exjqa643w2sf","operationId":"ddfz717k85z8ptn","previousOperationId":"jdhzi22psmovfs5"}
{"type":"log","timestamp":1771363537437,"level":"debug","message":"Executing recipe chrome-pdf","meta":{"rootId":"7dg910n97oacno8","id":"7dg910n97oacno8"},"id":"grf4nf90g6b9sw6","previousOperationId":"ddfz717k85z8ptn"}
{"type":"log","timestamp":1771363537440,"level":"debug","message":"Converting with chrome Chrome/142.0.7444.175 using chrome-pool strategy","meta":{"rootId":"7dg910n97oacno8","id":"7dg910n97oacno8"},"id":"el9lcohtfcykb72","previousOperationId":"ddfz717k85z8ptn"}
{"type":"log","timestamp":1771363537511,"level":"debug","message":"Page request: GET (document) file:///tmp/jsreport/autocleanup/fb2940b0-0ca6-47e2-a5dc-71c0f866a421-chrome-pdf.html","meta":{"rootId":"7dg910n97oacno8","id":"7dg910n97oacno8"},"id":"4hl337m23h9am1m","previousOperationId":"ddfz717k85z8ptn"}
{"type":"log","timestamp":1771363537532,"level":"debug","message":"Page request finished: GET (document) 200 file:///tmp/jsreport/autocleanup/fb2940b0-0ca6-47e2-a5dc-71c0f866a421-chrome-pdf.html","meta":{"rootId":"7dg910n97oacno8","id":"7dg910n97oacno8"},"id":"armekmfejupwdqf","previousOperationId":"ddfz717k85z8ptn"}
{"type":"log","timestamp":1771363537532,"level":"debug","message":"Page request: GET (image) https://paciolibucket.s3.us-east-2.amazonaws.com/orgs/c64b69f6759a43a1bc0ae31961876751/companies/logos/e9767ff4-7186-447f-a397-208ea6bbfdb8_ninosfelices.png?X-Amz-Expires=600&X-Amz-Algorithm=AWS4-HMAC-SHA256&X-Amz-Credential=AKIAVYV5Z6T6UQ4ARWOC%2F20260217%2Fus-east-2%2Fs3%2Faws4_request&X-Amz-Date=20260217T212537Z&X-Amz-SignedHeaders=host&X-Amz-Signature=d6cfc282ba686dc4b65ada9e245de3130817a867832f0a5b1a91f20f1475c331","meta":{"rootId":"7dg910n97oacno8","id":"7dg910n97oacno8"},"id":"18gjumr14q1yw0i","previousOperationId":"ddfz717k85z8ptn"}
{"type":"log","timestamp":1771363538012,"level":"debug","message":"Page request finished: GET (image) 200 https://paciolibucket.s3.us-east-2.amazonaws.com/orgs/c64b69f6759a43a1bc0ae31961876751/companies/logos/e9767ff4-7186-447f-a397-208ea6bbfdb8_ninosfelices.png?X-Amz-Expires=600&X-Amz-Algorithm=AWS4-HMAC-SHA256&X-Amz-Credential=AKIAVYV5Z6T6UQ4ARWOC%2F20260217%2Fus-east-2%2Fs3%2Faws4_request&X-Amz-Date=20260217T212537Z&X-Amz-SignedHeaders=host&X-Amz-Signature=d6cfc282ba686dc4b65ada9e245de3130817a867832f0a5b1a91f20f1475c331","meta":{"rootId":"7dg910n97oacno8","id":"7dg910n97oacno8"},"id":"evvjrpotqqj8knp","previousOperationId":"ddfz717k85z8ptn"}
{"type":"log","timestamp":1771363538014,"level":"debug","message":"Running chrome with params {\"printBackground\":true,\"timeout\":59919,\"margin\":{}}","meta":{"rootId":"7dg910n97oacno8","id":"7dg910n97oacno8"},"id":"bn85rgp1etw7yj2","previousOperationId":"ddfz717k85z8ptn"}
{"type":"operationEnd","operationId":"ddfz717k85z8ptn","timestamp":1771363538101,"id":"5okybf16pi0az5b","previousEventId":"fjg9w68t9wdqxzx","previousOperationId":"ddfz717k85z8ptn"}
{"type":"log","timestamp":1771363538101,"level":"debug","message":"Skipping storing report.","meta":{"rootId":"7dg910n97oacno8","id":"7dg910n97oacno8"},"id":"px3ow3drdp2bc8g","previousOperationId":"ddfz717k85z8ptn"}
{"type":"log","timestamp":1771363538101,"level":"info","message":"Rendering request 30 finished in 743 ms","meta":{"rootId":"7dg910n97oacno8","id":"7dg910n97oacno8"},"id":"bbgf3r3x4v51qob","previousOperationId":"ddfz717k85z8ptn"}
{"type":"operationEnd","subtype":"render","operationId":"dkvt5bx91rmqp63","timestamp":1771363538101,"id":"3xcns1k1zkw2nkc","previousEventId":"5okybf16pi0az5b","previousOperationId":"ddfz717k85z8ptn"}
{"type":"operationEnd","doDiffs":false,"previousEventId":"i86r0y0fqf9kbbn","previousOperationId":"spa5r8ex4kjvxqe","operationId":"spa5r8ex4kjvxqe","timestamp":1771363538103,"id":"f9rm1u2ot0ndwtw"}
