{"type":"operationStart","subtype":"profile","data":{"_id":"NUyJI9zLyGiKi63a","timestamp":"2026-01-23T04:18:25.207Z","state":"queued","mode":"standard","creationDate":"2026-01-23T04:18:25.216Z","modificationDate":"2026-01-23T04:18:25.216Z","shortid":"EYz1T4z","$entitySet":"profiles"},"doDiffs":false,"timestamp":1769141905211,"id":"0xq18hdo31z4k2l","previousOperationId":null,"operationId":"w7gtkf5nhkfifo7"}
{"type":"log","level":"info","message":"Render request 50 queued for execution and waiting for available worker","previousOperationId":"w7gtkf5nhkfifo7","timestamp":1769141905213,"id":"04s73dc1un0svvo"}
{"type":"operationStart","subtype":"render","name":"general-ledger-v2","previousOperationId":"w7gtkf5nhkfifo7","timestamp":1769141905289,"id":"thw693a31141pak","previousEventId":"0xq18hdo31z4k2l","operationId":"t52o68gst0l6im1"}
{"type":"log","timestamp":1769141905293,"level":"info","message":"Starting rendering request 50","meta":{"rootId":"84spuvwg50jt0sf","id":"84spuvwg50jt0sf"},"id":"qvoo2pz964ol4l8","previousOperationId":"t52o68gst0l6im1"}
{"type":"log","timestamp":1769141905298,"level":"info","message":"Rendering template { name: general-ledger-v2, recipe: chrome-pdf, engine: handlebars, preview: true }","meta":{"rootId":"84spuvwg50jt0sf","id":"84spuvwg50jt0sf"},"id":"wp2dgzalp2av9pz","previousOperationId":"t52o68gst0l6im1"}
{"type":"log","timestamp":1769141905304,"level":"debug","message":"Adding sample data YCG3bWhuf","meta":{"rootId":"84spuvwg50jt0sf","id":"84spuvwg50jt0sf"},"id":"cnmr178z0kd06b2","previousOperationId":"t52o68gst0l6im1"}
{"type":"log","timestamp":1769141905315,"level":"debug","message":"Base url not specified, skipping its injection.","meta":{"rootId":"84spuvwg50jt0sf","id":"84spuvwg50jt0sf"},"id":"7funopt6v3tskh7","previousOperationId":"t52o68gst0l6im1"}
{"type":"operationStart","subtype":"engine","name":"handlebars","timestamp":1769141905324,"id":"8tcbv2zu0sn6xci","previousEventId":"thw693a31141pak","operationId":"al99dlf3otp23nj","previousOperationId":"t52o68gst0l6im1"}
{"type":"log","timestamp":1769141905324,"level":"debug","message":"Rendering engine handlebars","meta":{"rootId":"84spuvwg50jt0sf","id":"84spuvwg50jt0sf"},"id":"0dx01euxu14nv25","previousOperationId":"al99dlf3otp23nj"}
{"type":"operationEnd","operationId":"al99dlf3otp23nj","timestamp":1769141905614,"id":"qa8xqocacurgkox","previousEventId":"8tcbv2zu0sn6xci","previousOperationId":"al99dlf3otp23nj"}
{"type":"operationStart","subtype":"recipe","name":"chrome-pdf","timestamp":1769141905616,"id":"6wmycu16e16wzpq","previousEventId":"qa8xqocacurgkox","operationId":"7kydpfioovct63u","previousOperationId":"al99dlf3otp23nj"}
{"type":"log","timestamp":1769141905616,"level":"debug","message":"Executing recipe chrome-pdf","meta":{"rootId":"84spuvwg50jt0sf","id":"84spuvwg50jt0sf"},"id":"uhzky2dpe53fuqw","previousOperationId":"7kydpfioovct63u"}
{"type":"log","timestamp":1769141905655,"level":"debug","message":"Converting with chrome Chrome/142.0.7444.175 using chrome-pool strategy","meta":{"rootId":"84spuvwg50jt0sf","id":"84spuvwg50jt0sf"},"id":"1u4dkx608xuekou","previousOperationId":"7kydpfioovct63u"}
{"type":"log","timestamp":1769141906126,"level":"debug","message":"Page request: GET (document) file:///tmp/jsreport/autocleanup/8bd9c316-5b54-438d-9969-40911fe434ff-chrome-pdf.html","meta":{"rootId":"84spuvwg50jt0sf","id":"84spuvwg50jt0sf"},"id":"rvzdrayq8w18lne","previousOperationId":"7kydpfioovct63u"}
{"type":"log","timestamp":1769141906170,"level":"debug","message":"Page request finished: GET (document) 200 file:///tmp/jsreport/autocleanup/8bd9c316-5b54-438d-9969-40911fe434ff-chrome-pdf.html","meta":{"rootId":"84spuvwg50jt0sf","id":"84spuvwg50jt0sf"},"id":"dyde9rpskdokuya","previousOperationId":"7kydpfioovct63u"}
{"type":"log","timestamp":1769141906175,"level":"debug","message":"Page request: GET (image) https://paciolibucket.s3.us-east-2.amazonaws.com/orgs/c64b69f6759a43a1bc0ae31961876751/companies/logos/e9767ff4-7186-447f-a397-208ea6bbfdb8_ninosfelices.png?X-Amz-Expires=600&X-Amz-Algorithm=AWS4-HMAC-SHA256&X-Amz-Credential=AKIAVYV5Z6T6UQ4ARWOC%2F20260123%2Fus-east-2%2Fs3%2Faws4_request&X-Amz-Date=20260123T040554Z&X-Amz-SignedHeaders=host&X-Amz-Signature=747c15527b5085b1be2ddd3c10637621ec12ad2e785b0bc43d8c81665def75d9","meta":{"rootId":"84spuvwg50jt0sf","id":"84spuvwg50jt0sf"},"id":"todibiivb8kl4zv","previousOperationId":"7kydpfioovct63u"}
{"type":"log","timestamp":1769141906265,"level":"debug","message":"Page request finished: GET (image) 200 https://paciolibucket.s3.us-east-2.amazonaws.com/orgs/c64b69f6759a43a1bc0ae31961876751/companies/logos/e9767ff4-7186-447f-a397-208ea6bbfdb8_ninosfelices.png?X-Amz-Expires=600&X-Amz-Algorithm=AWS4-HMAC-SHA256&X-Amz-Credential=AKIAVYV5Z6T6UQ4ARWOC%2F20260123%2Fus-east-2%2Fs3%2Faws4_request&X-Amz-Date=20260123T040554Z&X-Amz-SignedHeaders=host&X-Amz-Signature=747c15527b5085b1be2ddd3c10637621ec12ad2e785b0bc43d8c81665def75d9","meta":{"rootId":"84spuvwg50jt0sf","id":"84spuvwg50jt0sf"},"id":"fhdt1s9d8gesb29","previousOperationId":"7kydpfioovct63u"}
{"type":"log","timestamp":1769141906270,"level":"debug","message":"Running chrome with params {\"printBackground\":true,\"timeout\":59577,\"margin\":{}}","meta":{"rootId":"84spuvwg50jt0sf","id":"84spuvwg50jt0sf"},"id":"voxes4avo6tpy4b","previousOperationId":"7kydpfioovct63u"}
{"type":"operationEnd","operationId":"7kydpfioovct63u","timestamp":1769141906434,"id":"uk1fzv45ooom1id","previousEventId":"6wmycu16e16wzpq","previousOperationId":"7kydpfioovct63u"}
{"type":"log","timestamp":1769141906434,"level":"debug","message":"Skipping storing report.","meta":{"rootId":"84spuvwg50jt0sf","id":"84spuvwg50jt0sf"},"id":"ywlu2wxir68xl8z","previousOperationId":"7kydpfioovct63u"}
{"type":"log","timestamp":1769141906435,"level":"info","message":"Rendering request 50 finished in 1229 ms","meta":{"rootId":"84spuvwg50jt0sf","id":"84spuvwg50jt0sf"},"id":"qfxfc6m5v248e32","previousOperationId":"7kydpfioovct63u"}
{"type":"operationEnd","subtype":"render","operationId":"t52o68gst0l6im1","timestamp":1769141906435,"id":"5pjx8qrtnkr8l9k","previousEventId":"uk1fzv45ooom1id","previousOperationId":"7kydpfioovct63u"}
{"type":"operationEnd","doDiffs":false,"previousEventId":"0xq18hdo31z4k2l","previousOperationId":"w7gtkf5nhkfifo7","operationId":"w7gtkf5nhkfifo7","timestamp":1769141906440,"id":"o025yp0lyk3va60"}
