{"type":"operationStart","subtype":"profile","data":{"_id":"JErLPKJCfPaN1sXm","timestamp":"2026-02-17T20:26:02.731Z","state":"queued","mode":"standard","creationDate":"2026-02-17T20:26:02.734Z","modificationDate":"2026-02-17T20:26:02.734Z","shortid":"oAY1rBv","$entitySet":"profiles"},"doDiffs":false,"timestamp":1771359962734,"id":"mmdfem2duswgnwi","previousOperationId":null,"operationId":"vl62wsbvxctxgio"}
{"type":"log","level":"info","message":"Render request 21 queued for execution and waiting for available worker","previousOperationId":"vl62wsbvxctxgio","timestamp":1771359962734,"id":"h0omn4qrjnm3ybj"}
{"type":"operationStart","subtype":"render","name":"general-ledger-v2","previousOperationId":"vl62wsbvxctxgio","timestamp":1771359962778,"id":"ru5n78ov4437sh8","previousEventId":"mmdfem2duswgnwi","operationId":"8aogzs0u9weejz3"}
{"type":"log","timestamp":1771359962778,"level":"info","message":"Starting rendering request 21","meta":{"rootId":"9hwjcsy6n0g6fv9","id":"9hwjcsy6n0g6fv9"},"id":"h1tfuyhcy7ivj66","previousOperationId":"8aogzs0u9weejz3"}
{"type":"log","timestamp":1771359962778,"level":"info","message":"Rendering template { name: general-ledger-v2, recipe: chrome-pdf, engine: handlebars, preview: false }","meta":{"rootId":"9hwjcsy6n0g6fv9","id":"9hwjcsy6n0g6fv9"},"id":"mtryu7qcqaz01ic","previousOperationId":"8aogzs0u9weejz3"}
{"type":"log","timestamp":1771359962779,"level":"debug","message":"Inline data specified.","meta":{"rootId":"9hwjcsy6n0g6fv9","id":"9hwjcsy6n0g6fv9"},"id":"jz4tgig8eecmdrn","previousOperationId":"8aogzs0u9weejz3"}
{"type":"log","timestamp":1771359962781,"level":"debug","message":"Base url not specified, skipping its injection.","meta":{"rootId":"9hwjcsy6n0g6fv9","id":"9hwjcsy6n0g6fv9"},"id":"2jtz9cvhx6c2266","previousOperationId":"8aogzs0u9weejz3"}
{"type":"operationStart","subtype":"engine","name":"handlebars","timestamp":1771359962782,"id":"vz8sl5adsfimq29","previousEventId":"ru5n78ov4437sh8","operationId":"kz4xp1cd85f5tk4","previousOperationId":"8aogzs0u9weejz3"}
{"type":"log","timestamp":1771359962782,"level":"debug","message":"Rendering engine handlebars","meta":{"rootId":"9hwjcsy6n0g6fv9","id":"9hwjcsy6n0g6fv9"},"id":"20fw7n6y6z8uize","previousOperationId":"kz4xp1cd85f5tk4"}
{"type":"operationEnd","operationId":"kz4xp1cd85f5tk4","timestamp":1771359962798,"id":"6a34mdomdfeoy6y","previousEventId":"vz8sl5adsfimq29","previousOperationId":"kz4xp1cd85f5tk4"}
{"type":"operationStart","subtype":"recipe","name":"chrome-pdf","timestamp":1771359962798,"id":"5djcye2vlm4k52a","previousEventId":"6a34mdomdfeoy6y","operationId":"pvtzmuzrbei6zpl","previousOperationId":"kz4xp1cd85f5tk4"}
{"type":"log","timestamp":1771359962799,"level":"debug","message":"Executing recipe chrome-pdf","meta":{"rootId":"9hwjcsy6n0g6fv9","id":"9hwjcsy6n0g6fv9"},"id":"865dta5xqqnqnqq","previousOperationId":"pvtzmuzrbei6zpl"}
{"type":"log","timestamp":1771359962801,"level":"debug","message":"Converting with chrome Chrome/142.0.7444.175 using chrome-pool strategy","meta":{"rootId":"9hwjcsy6n0g6fv9","id":"9hwjcsy6n0g6fv9"},"id":"wuctnlntvyh50zt","previousOperationId":"pvtzmuzrbei6zpl"}
{"type":"log","timestamp":1771359962841,"level":"debug","message":"Page request: GET (document) file:///tmp/jsreport/autocleanup/9df670ea-9296-4c7f-aeba-f28b6945bd0c-chrome-pdf.html","meta":{"rootId":"9hwjcsy6n0g6fv9","id":"9hwjcsy6n0g6fv9"},"id":"t9reqlyjsg5en2t","previousOperationId":"pvtzmuzrbei6zpl"}
{"type":"log","timestamp":1771359962853,"level":"debug","message":"Page request finished: GET (document) 200 file:///tmp/jsreport/autocleanup/9df670ea-9296-4c7f-aeba-f28b6945bd0c-chrome-pdf.html","meta":{"rootId":"9hwjcsy6n0g6fv9","id":"9hwjcsy6n0g6fv9"},"id":"ykoi4c2rgmx8xio","previousOperationId":"pvtzmuzrbei6zpl"}
{"type":"log","timestamp":1771359962853,"level":"debug","message":"Page request: GET (image) https://paciolibucket.s3.us-east-2.amazonaws.com/orgs/c64b69f6759a43a1bc0ae31961876751/companies/logos/e9767ff4-7186-447f-a397-208ea6bbfdb8_ninosfelices.png?X-Amz-Expires=600&X-Amz-Algorithm=AWS4-HMAC-SHA256&X-Amz-Credential=AKIAVYV5Z6T6UQ4ARWOC%2F20260217%2Fus-east-2%2Fs3%2Faws4_request&X-Amz-Date=20260217T202602Z&X-Amz-SignedHeaders=host&X-Amz-Signature=9d581553c6865cf92c0e5ac1666c7798519c308b7427161bfdb2fa8462dadc7b","meta":{"rootId":"9hwjcsy6n0g6fv9","id":"9hwjcsy6n0g6fv9"},"id":"r1g8dee8pw9fyym","previousOperationId":"pvtzmuzrbei6zpl"}
{"type":"log","timestamp":1771359963262,"level":"debug","message":"Page request finished: GET (image) 200 https://paciolibucket.s3.us-east-2.amazonaws.com/orgs/c64b69f6759a43a1bc0ae31961876751/companies/logos/e9767ff4-7186-447f-a397-208ea6bbfdb8_ninosfelices.png?X-Amz-Expires=600&X-Amz-Algorithm=AWS4-HMAC-SHA256&X-Amz-Credential=AKIAVYV5Z6T6UQ4ARWOC%2F20260217%2Fus-east-2%2Fs3%2Faws4_request&X-Amz-Date=20260217T202602Z&X-Amz-SignedHeaders=host&X-Amz-Signature=9d581553c6865cf92c0e5ac1666c7798519c308b7427161bfdb2fa8462dadc7b","meta":{"rootId":"9hwjcsy6n0g6fv9","id":"9hwjcsy6n0g6fv9"},"id":"94fzq9ijee2xsnr","previousOperationId":"pvtzmuzrbei6zpl"}
{"type":"log","timestamp":1771359963265,"level":"debug","message":"Running chrome with params {\"printBackground\":true,\"timeout\":59931,\"margin\":{}}","meta":{"rootId":"9hwjcsy6n0g6fv9","id":"9hwjcsy6n0g6fv9"},"id":"3gnulfwv7u4me17","previousOperationId":"pvtzmuzrbei6zpl"}
{"type":"operationEnd","operationId":"pvtzmuzrbei6zpl","timestamp":1771359963336,"id":"k0rpiniji9xyeyw","previousEventId":"5djcye2vlm4k52a","previousOperationId":"pvtzmuzrbei6zpl"}
{"type":"log","timestamp":1771359963336,"level":"debug","message":"Skipping storing report.","meta":{"rootId":"9hwjcsy6n0g6fv9","id":"9hwjcsy6n0g6fv9"},"id":"ov5adv7qbw94mml","previousOperationId":"pvtzmuzrbei6zpl"}
{"type":"log","timestamp":1771359963336,"level":"info","message":"Rendering request 21 finished in 605 ms","meta":{"rootId":"9hwjcsy6n0g6fv9","id":"9hwjcsy6n0g6fv9"},"id":"91vansxkj83f8ih","previousOperationId":"pvtzmuzrbei6zpl"}
{"type":"operationEnd","subtype":"render","operationId":"8aogzs0u9weejz3","timestamp":1771359963336,"id":"y2ftdmwlto3nv26","previousEventId":"k0rpiniji9xyeyw","previousOperationId":"pvtzmuzrbei6zpl"}
{"type":"operationEnd","doDiffs":false,"previousEventId":"mmdfem2duswgnwi","previousOperationId":"vl62wsbvxctxgio","operationId":"vl62wsbvxctxgio","timestamp":1771359963340,"id":"bdlg14e8evqnph8"}
