{"type":"operationStart","subtype":"profile","data":{"_id":"pHt5265gbrEnUlaj","timestamp":"2026-02-17T20:45:01.966Z","state":"queued","mode":"standard","creationDate":"2026-02-17T20:45:01.986Z","modificationDate":"2026-02-17T20:45:01.986Z","shortid":"FXGq9LM","$entitySet":"profiles"},"doDiffs":false,"timestamp":1771361101977,"id":"71agufo7rwjx685","previousOperationId":null,"operationId":"ok1vv7uwbuwvkas"}
{"type":"log","level":"info","message":"Render request 23 queued for execution and waiting for available worker","previousOperationId":"ok1vv7uwbuwvkas","timestamp":1771361101977,"id":"fd9ngzwquk3zr2k"}
{"type":"operationStart","subtype":"render","name":"general-ledger-v2","previousOperationId":"ok1vv7uwbuwvkas","timestamp":1771361102082,"id":"yhlbf7u7y6lwyql","previousEventId":"71agufo7rwjx685","operationId":"o5ndhtviidakdtt"}
{"type":"log","timestamp":1771361102085,"level":"info","message":"Starting rendering request 23","meta":{"rootId":"a0vyqv8tzlp8c30","id":"a0vyqv8tzlp8c30"},"id":"dlth79267c2nwap","previousOperationId":"o5ndhtviidakdtt"}
{"type":"log","timestamp":1771361102089,"level":"info","message":"Rendering template { name: general-ledger-v2, recipe: chrome-pdf, engine: handlebars, preview: false }","meta":{"rootId":"a0vyqv8tzlp8c30","id":"a0vyqv8tzlp8c30"},"id":"8fn9dogrpansckw","previousOperationId":"o5ndhtviidakdtt"}
{"type":"log","timestamp":1771361102096,"level":"debug","message":"Inline data specified.","meta":{"rootId":"a0vyqv8tzlp8c30","id":"a0vyqv8tzlp8c30"},"id":"nunyntjqetacdiu","previousOperationId":"o5ndhtviidakdtt"}
{"type":"log","timestamp":1771361102108,"level":"debug","message":"Base url not specified, skipping its injection.","meta":{"rootId":"a0vyqv8tzlp8c30","id":"a0vyqv8tzlp8c30"},"id":"3s44oizrgi9m4j7","previousOperationId":"o5ndhtviidakdtt"}
{"type":"operationStart","subtype":"engine","name":"handlebars","timestamp":1771361102118,"id":"2o81hfasu454eyw","previousEventId":"yhlbf7u7y6lwyql","operationId":"f2tazbxpka7wtz5","previousOperationId":"o5ndhtviidakdtt"}
{"type":"log","timestamp":1771361102118,"level":"debug","message":"Rendering engine handlebars","meta":{"rootId":"a0vyqv8tzlp8c30","id":"a0vyqv8tzlp8c30"},"id":"pjsi0d18ki2v49t","previousOperationId":"f2tazbxpka7wtz5"}
{"type":"operationEnd","operationId":"f2tazbxpka7wtz5","timestamp":1771361102237,"id":"rfj45lk4s5ky6gb","previousEventId":"2o81hfasu454eyw","previousOperationId":"f2tazbxpka7wtz5"}
{"type":"operationStart","subtype":"recipe","name":"chrome-pdf","timestamp":1771361102246,"id":"0u0kyrvru1ctcwu","previousEventId":"rfj45lk4s5ky6gb","operationId":"13c9xt0k4vbdnye","previousOperationId":"f2tazbxpka7wtz5"}
{"type":"log","timestamp":1771361102246,"level":"debug","message":"Executing recipe chrome-pdf","meta":{"rootId":"a0vyqv8tzlp8c30","id":"a0vyqv8tzlp8c30"},"id":"794rzui1qvxd28j","previousOperationId":"13c9xt0k4vbdnye"}
{"type":"log","timestamp":1771361102310,"level":"debug","message":"Converting with chrome Chrome/142.0.7444.175 using chrome-pool strategy","meta":{"rootId":"a0vyqv8tzlp8c30","id":"a0vyqv8tzlp8c30"},"id":"hkc0z6isf05g2yr","previousOperationId":"13c9xt0k4vbdnye"}
{"type":"log","timestamp":1771361102929,"level":"debug","message":"Page request: GET (document) file:///tmp/jsreport/autocleanup/37781bf8-fee3-43de-aa70-80bad1f921ef-chrome-pdf.html","meta":{"rootId":"a0vyqv8tzlp8c30","id":"a0vyqv8tzlp8c30"},"id":"ygwk627cmuad70l","previousOperationId":"13c9xt0k4vbdnye"}
{"type":"log","timestamp":1771361102973,"level":"debug","message":"Page request finished: GET (document) 200 file:///tmp/jsreport/autocleanup/37781bf8-fee3-43de-aa70-80bad1f921ef-chrome-pdf.html","meta":{"rootId":"a0vyqv8tzlp8c30","id":"a0vyqv8tzlp8c30"},"id":"x5nubxc98ms0mo2","previousOperationId":"13c9xt0k4vbdnye"}
{"type":"log","timestamp":1771361102982,"level":"debug","message":"Page request: GET (image) https://paciolibucket.s3.us-east-2.amazonaws.com/orgs/c64b69f6759a43a1bc0ae31961876751/companies/logos/e9767ff4-7186-447f-a397-208ea6bbfdb8_ninosfelices.png?X-Amz-Expires=600&X-Amz-Algorithm=AWS4-HMAC-SHA256&X-Amz-Credential=AKIAVYV5Z6T6UQ4ARWOC%2F20260217%2Fus-east-2%2Fs3%2Faws4_request&X-Amz-Date=20260217T204501Z&X-Amz-SignedHeaders=host&X-Amz-Signature=1cf1e939c0193a19a0a135f7ec49ad024c68f251572d2c3e9114c8aa11974e33","meta":{"rootId":"a0vyqv8tzlp8c30","id":"a0vyqv8tzlp8c30"},"id":"514m4hp72xy7gxx","previousOperationId":"13c9xt0k4vbdnye"}
{"type":"log","timestamp":1771361103591,"level":"debug","message":"Page request finished: GET (image) 200 https://paciolibucket.s3.us-east-2.amazonaws.com/orgs/c64b69f6759a43a1bc0ae31961876751/companies/logos/e9767ff4-7186-447f-a397-208ea6bbfdb8_ninosfelices.png?X-Amz-Expires=600&X-Amz-Algorithm=AWS4-HMAC-SHA256&X-Amz-Credential=AKIAVYV5Z6T6UQ4ARWOC%2F20260217%2Fus-east-2%2Fs3%2Faws4_request&X-Amz-Date=20260217T204501Z&X-Amz-SignedHeaders=host&X-Amz-Signature=1cf1e939c0193a19a0a135f7ec49ad024c68f251572d2c3e9114c8aa11974e33","meta":{"rootId":"a0vyqv8tzlp8c30","id":"a0vyqv8tzlp8c30"},"id":"5q5rjy9bjh02t5k","previousOperationId":"13c9xt0k4vbdnye"}
{"type":"log","timestamp":1771361103594,"level":"debug","message":"Running chrome with params {\"printBackground\":true,\"timeout\":59696,\"margin\":{}}","meta":{"rootId":"a0vyqv8tzlp8c30","id":"a0vyqv8tzlp8c30"},"id":"z6hka9k0dxqe631","previousOperationId":"13c9xt0k4vbdnye"}
{"type":"operationEnd","operationId":"13c9xt0k4vbdnye","timestamp":1771361103773,"id":"xxao12ekrvj8sy3","previousEventId":"0u0kyrvru1ctcwu","previousOperationId":"13c9xt0k4vbdnye"}
{"type":"log","timestamp":1771361103773,"level":"debug","message":"Skipping storing report.","meta":{"rootId":"a0vyqv8tzlp8c30","id":"a0vyqv8tzlp8c30"},"id":"gfqg70z2q3py2fu","previousOperationId":"13c9xt0k4vbdnye"}
{"type":"log","timestamp":1771361103773,"level":"info","message":"Rendering request 23 finished in 1815 ms","meta":{"rootId":"a0vyqv8tzlp8c30","id":"a0vyqv8tzlp8c30"},"id":"14kjff9ikzeci1p","previousOperationId":"13c9xt0k4vbdnye"}
{"type":"operationEnd","subtype":"render","operationId":"o5ndhtviidakdtt","timestamp":1771361103773,"id":"9dm7neb3s42gsp7","previousEventId":"xxao12ekrvj8sy3","previousOperationId":"13c9xt0k4vbdnye"}
{"type":"operationEnd","doDiffs":false,"previousEventId":"71agufo7rwjx685","previousOperationId":"ok1vv7uwbuwvkas","operationId":"ok1vv7uwbuwvkas","timestamp":1771361103776,"id":"pbpny8djxlg25i2"}
