{"type":"operationStart","subtype":"profile","data":{"_id":"mAd6MjLyVq5AOtL9","timestamp":"2026-02-17T23:19:40.891Z","state":"queued","mode":"standard","creationDate":"2026-02-17T23:19:40.893Z","modificationDate":"2026-02-17T23:19:40.893Z","shortid":"sLNd2KU","$entitySet":"profiles"},"doDiffs":false,"timestamp":1771370380892,"id":"x2qworm1oj6yygr","previousOperationId":null,"operationId":"9crlj6tiryxsqtd"}
{"type":"log","level":"info","message":"Render request 39 queued for execution and waiting for available worker","previousOperationId":"9crlj6tiryxsqtd","timestamp":1771370380892,"id":"dsozabogpxy2qcp"}
{"type":"operationStart","subtype":"render","name":"general-ledger-v2","previousOperationId":"9crlj6tiryxsqtd","timestamp":1771370380951,"id":"bvr0r57q57o68lt","previousEventId":"x2qworm1oj6yygr","operationId":"223wwll7zmxrgft"}
{"type":"log","timestamp":1771370380952,"level":"info","message":"Starting rendering request 39","meta":{"rootId":"a52in6fhdwl4arv","id":"a52in6fhdwl4arv"},"id":"3am5tvcba4wz43t","previousOperationId":"223wwll7zmxrgft"}
{"type":"log","timestamp":1771370380954,"level":"info","message":"Rendering template { name: general-ledger-v2, recipe: chrome-pdf, engine: handlebars, preview: false }","meta":{"rootId":"a52in6fhdwl4arv","id":"a52in6fhdwl4arv"},"id":"az78ksommum93lf","previousOperationId":"223wwll7zmxrgft"}
{"type":"log","timestamp":1771370380957,"level":"debug","message":"Inline data specified.","meta":{"rootId":"a52in6fhdwl4arv","id":"a52in6fhdwl4arv"},"id":"nsi4yrgmkj57828","previousOperationId":"223wwll7zmxrgft"}
{"type":"log","timestamp":1771370380960,"level":"debug","message":"Base url not specified, skipping its injection.","meta":{"rootId":"a52in6fhdwl4arv","id":"a52in6fhdwl4arv"},"id":"shxxlruydh4jo14","previousOperationId":"223wwll7zmxrgft"}
{"type":"operationStart","subtype":"engine","name":"handlebars","timestamp":1771370380963,"id":"e6181u07shq72v7","previousEventId":"bvr0r57q57o68lt","operationId":"3ev4f8wf7retpzk","previousOperationId":"223wwll7zmxrgft"}
{"type":"log","timestamp":1771370380963,"level":"debug","message":"Rendering engine handlebars","meta":{"rootId":"a52in6fhdwl4arv","id":"a52in6fhdwl4arv"},"id":"wkr5jdfar2iynf9","previousOperationId":"3ev4f8wf7retpzk"}
{"type":"operationEnd","operationId":"3ev4f8wf7retpzk","timestamp":1771370381003,"id":"l7l0mygx8xoj2mi","previousEventId":"e6181u07shq72v7","previousOperationId":"3ev4f8wf7retpzk"}
{"type":"operationStart","subtype":"recipe","name":"chrome-pdf","timestamp":1771370381004,"id":"qmzn6d9x028h817","previousEventId":"l7l0mygx8xoj2mi","operationId":"9g37x2wo48im17y","previousOperationId":"3ev4f8wf7retpzk"}
{"type":"log","timestamp":1771370381004,"level":"debug","message":"Executing recipe chrome-pdf","meta":{"rootId":"a52in6fhdwl4arv","id":"a52in6fhdwl4arv"},"id":"u96e68fvwq4mh1s","previousOperationId":"9g37x2wo48im17y"}
{"type":"log","timestamp":1771370381018,"level":"debug","message":"Converting with chrome Chrome/142.0.7444.175 using chrome-pool strategy","meta":{"rootId":"a52in6fhdwl4arv","id":"a52in6fhdwl4arv"},"id":"66hb83jdvur9l5o","previousOperationId":"9g37x2wo48im17y"}
{"type":"log","timestamp":1771370381120,"level":"debug","message":"Page request: GET (document) file:///tmp/jsreport/autocleanup/2d8cba84-4d44-4a08-b7d0-939c02e8587e-chrome-pdf.html","meta":{"rootId":"a52in6fhdwl4arv","id":"a52in6fhdwl4arv"},"id":"gmmskhz7vd3cpgw","previousOperationId":"9g37x2wo48im17y"}
{"type":"log","timestamp":1771370381135,"level":"debug","message":"Page request finished: GET (document) 200 file:///tmp/jsreport/autocleanup/2d8cba84-4d44-4a08-b7d0-939c02e8587e-chrome-pdf.html","meta":{"rootId":"a52in6fhdwl4arv","id":"a52in6fhdwl4arv"},"id":"ofsuoo2a553kj7v","previousOperationId":"9g37x2wo48im17y"}
{"type":"log","timestamp":1771370381136,"level":"debug","message":"Page request: GET (image) https://paciolibucket.s3.us-east-2.amazonaws.com/orgs/c64b69f6759a43a1bc0ae31961876751/companies/logos/e9767ff4-7186-447f-a397-208ea6bbfdb8_ninosfelices.png?X-Amz-Expires=600&X-Amz-Algorithm=AWS4-HMAC-SHA256&X-Amz-Credential=AKIAVYV5Z6T6UQ4ARWOC%2F20260217%2Fus-east-2%2Fs3%2Faws4_request&X-Amz-Date=20260217T231940Z&X-Amz-SignedHeaders=host&X-Amz-Signature=fff0c5fd7cc4539957abf20255a6a3206ce617f555de405b97ec46ee9790f8a9","meta":{"rootId":"a52in6fhdwl4arv","id":"a52in6fhdwl4arv"},"id":"u474an8nq0vrlec","previousOperationId":"9g37x2wo48im17y"}
{"type":"log","timestamp":1771370381602,"level":"debug","message":"Page request finished: GET (image) 200 https://paciolibucket.s3.us-east-2.amazonaws.com/orgs/c64b69f6759a43a1bc0ae31961876751/companies/logos/e9767ff4-7186-447f-a397-208ea6bbfdb8_ninosfelices.png?X-Amz-Expires=600&X-Amz-Algorithm=AWS4-HMAC-SHA256&X-Amz-Credential=AKIAVYV5Z6T6UQ4ARWOC%2F20260217%2Fus-east-2%2Fs3%2Faws4_request&X-Amz-Date=20260217T231940Z&X-Amz-SignedHeaders=host&X-Amz-Signature=fff0c5fd7cc4539957abf20255a6a3206ce617f555de405b97ec46ee9790f8a9","meta":{"rootId":"a52in6fhdwl4arv","id":"a52in6fhdwl4arv"},"id":"21xy8a4glf6irjy","previousOperationId":"9g37x2wo48im17y"}
{"type":"log","timestamp":1771370381604,"level":"debug","message":"Running chrome with params {\"printBackground\":true,\"timeout\":59883,\"margin\":{}}","meta":{"rootId":"a52in6fhdwl4arv","id":"a52in6fhdwl4arv"},"id":"nwob3na3g37a37f","previousOperationId":"9g37x2wo48im17y"}
{"type":"operationEnd","operationId":"9g37x2wo48im17y","timestamp":1771370381691,"id":"e4jiaoj0tk49pxc","previousEventId":"qmzn6d9x028h817","previousOperationId":"9g37x2wo48im17y"}
{"type":"log","timestamp":1771370381691,"level":"debug","message":"Skipping storing report.","meta":{"rootId":"a52in6fhdwl4arv","id":"a52in6fhdwl4arv"},"id":"g5rq60n7ohx7it0","previousOperationId":"9g37x2wo48im17y"}
{"type":"log","timestamp":1771370381691,"level":"info","message":"Rendering request 39 finished in 800 ms","meta":{"rootId":"a52in6fhdwl4arv","id":"a52in6fhdwl4arv"},"id":"qzsdop0brmtx7rp","previousOperationId":"9g37x2wo48im17y"}
{"type":"operationEnd","subtype":"render","operationId":"223wwll7zmxrgft","timestamp":1771370381691,"id":"h24388bj9m0ruap","previousEventId":"e4jiaoj0tk49pxc","previousOperationId":"9g37x2wo48im17y"}
{"type":"operationEnd","doDiffs":false,"previousEventId":"x2qworm1oj6yygr","previousOperationId":"9crlj6tiryxsqtd","operationId":"9crlj6tiryxsqtd","timestamp":1771370381693,"id":"z6sn81ma58u91na"}
