{"type":"operationStart","subtype":"profile","data":{"_id":"lUjjcwlptpacPGFz","timestamp":"2026-02-17T03:08:12.824Z","state":"queued","mode":"standard","creationDate":"2026-02-17T03:08:12.855Z","modificationDate":"2026-02-17T03:08:12.855Z","shortid":"2H2UjHb","$entitySet":"profiles"},"doDiffs":false,"timestamp":1771297692837,"id":"dhqy8cv1xcxou24","previousOperationId":null,"operationId":"m3uzom9abz3xv28"}
{"type":"log","level":"info","message":"Render request 12 queued for execution and waiting for available worker","previousOperationId":"m3uzom9abz3xv28","timestamp":1771297692838,"id":"uwwe9mpk2jjf6e6"}
{"type":"operationStart","subtype":"render","name":"general-ledger-v2","previousOperationId":"m3uzom9abz3xv28","timestamp":1771297692982,"id":"7d0co447rbv2zk6","previousEventId":"dhqy8cv1xcxou24","operationId":"lu3ruhg3y67w0l6"}
{"type":"log","timestamp":1771297692988,"level":"info","message":"Starting rendering request 12","meta":{"rootId":"abxavwqzojdbxl8","id":"abxavwqzojdbxl8"},"id":"drdkwxbg0r4imhz","previousOperationId":"lu3ruhg3y67w0l6"}
{"type":"log","timestamp":1771297692991,"level":"info","message":"Rendering template { name: general-ledger-v2, recipe: chrome-pdf, engine: handlebars, preview: false }","meta":{"rootId":"abxavwqzojdbxl8","id":"abxavwqzojdbxl8"},"id":"8xq9x51vn9dtk28","previousOperationId":"lu3ruhg3y67w0l6"}
{"type":"log","timestamp":1771297693000,"level":"debug","message":"Inline data specified.","meta":{"rootId":"abxavwqzojdbxl8","id":"abxavwqzojdbxl8"},"id":"z6ascm1s9akpwkq","previousOperationId":"lu3ruhg3y67w0l6"}
{"type":"log","timestamp":1771297693006,"level":"debug","message":"Base url not specified, skipping its injection.","meta":{"rootId":"abxavwqzojdbxl8","id":"abxavwqzojdbxl8"},"id":"3s88fuill59pfab","previousOperationId":"lu3ruhg3y67w0l6"}
{"type":"operationStart","subtype":"engine","name":"handlebars","timestamp":1771297693017,"id":"1ming741f5ghtli","previousEventId":"7d0co447rbv2zk6","operationId":"807gnnvdjx3lqi8","previousOperationId":"lu3ruhg3y67w0l6"}
{"type":"log","timestamp":1771297693020,"level":"debug","message":"Rendering engine handlebars","meta":{"rootId":"abxavwqzojdbxl8","id":"abxavwqzojdbxl8"},"id":"ga8a224wzxq9bxx","previousOperationId":"807gnnvdjx3lqi8"}
{"type":"operationEnd","operationId":"807gnnvdjx3lqi8","timestamp":1771297693252,"id":"51iacokbchetpi6","previousEventId":"1ming741f5ghtli","previousOperationId":"807gnnvdjx3lqi8"}
{"type":"operationStart","subtype":"recipe","name":"chrome-pdf","timestamp":1771297693253,"id":"xfsrlyuz9faae52","previousEventId":"51iacokbchetpi6","operationId":"ccqusouy7n2morm","previousOperationId":"807gnnvdjx3lqi8"}
{"type":"log","timestamp":1771297693253,"level":"debug","message":"Executing recipe chrome-pdf","meta":{"rootId":"abxavwqzojdbxl8","id":"abxavwqzojdbxl8"},"id":"lle86f77e1jrjd4","previousOperationId":"ccqusouy7n2morm"}
{"type":"log","timestamp":1771297693299,"level":"debug","message":"Converting with chrome Chrome/142.0.7444.175 using chrome-pool strategy","meta":{"rootId":"abxavwqzojdbxl8","id":"abxavwqzojdbxl8"},"id":"hfhci5eevgp1tvc","previousOperationId":"ccqusouy7n2morm"}
{"type":"log","timestamp":1771297693923,"level":"debug","message":"Page request: GET (document) file:///tmp/jsreport/autocleanup/883d26a6-160b-498e-b6b6-a7b39924458d-chrome-pdf.html","meta":{"rootId":"abxavwqzojdbxl8","id":"abxavwqzojdbxl8"},"id":"hh7wh5yes3fbkjg","previousOperationId":"ccqusouy7n2morm"}
{"type":"log","timestamp":1771297693965,"level":"debug","message":"Page request finished: GET (document) 200 file:///tmp/jsreport/autocleanup/883d26a6-160b-498e-b6b6-a7b39924458d-chrome-pdf.html","meta":{"rootId":"abxavwqzojdbxl8","id":"abxavwqzojdbxl8"},"id":"b5iboe5khecqg3p","previousOperationId":"ccqusouy7n2morm"}
{"type":"log","timestamp":1771297693974,"level":"debug","message":"Page request: GET (image) https://paciolibucket.s3.us-east-2.amazonaws.com/orgs/c64b69f6759a43a1bc0ae31961876751/companies/logos/e9767ff4-7186-447f-a397-208ea6bbfdb8_ninosfelices.png?X-Amz-Expires=600&X-Amz-Algorithm=AWS4-HMAC-SHA256&X-Amz-Credential=AKIAVYV5Z6T6UQ4ARWOC%2F20260217%2Fus-east-2%2Fs3%2Faws4_request&X-Amz-Date=20260217T030812Z&X-Amz-SignedHeaders=host&X-Amz-Signature=370d04d7a75b458678a5eec4544f4f531209a796f837a44021d80b43c4b2c46c","meta":{"rootId":"abxavwqzojdbxl8","id":"abxavwqzojdbxl8"},"id":"v51s1pk8qepmgnq","previousOperationId":"ccqusouy7n2morm"}
{"type":"log","timestamp":1771297694642,"level":"debug","message":"Page request finished: GET (image) 200 https://paciolibucket.s3.us-east-2.amazonaws.com/orgs/c64b69f6759a43a1bc0ae31961876751/companies/logos/e9767ff4-7186-447f-a397-208ea6bbfdb8_ninosfelices.png?X-Amz-Expires=600&X-Amz-Algorithm=AWS4-HMAC-SHA256&X-Amz-Credential=AKIAVYV5Z6T6UQ4ARWOC%2F20260217%2Fus-east-2%2Fs3%2Faws4_request&X-Amz-Date=20260217T030812Z&X-Amz-SignedHeaders=host&X-Amz-Signature=370d04d7a75b458678a5eec4544f4f531209a796f837a44021d80b43c4b2c46c","meta":{"rootId":"abxavwqzojdbxl8","id":"abxavwqzojdbxl8"},"id":"r5guvssrczf624i","previousOperationId":"ccqusouy7n2morm"}
{"type":"log","timestamp":1771297694645,"level":"debug","message":"Running chrome with params {\"printBackground\":true,\"timeout\":59547,\"margin\":{}}","meta":{"rootId":"abxavwqzojdbxl8","id":"abxavwqzojdbxl8"},"id":"jry2zmiwhxvduj7","previousOperationId":"ccqusouy7n2morm"}
{"type":"operationEnd","operationId":"ccqusouy7n2morm","timestamp":1771297694784,"id":"ijjhfouxd0e0h7y","previousEventId":"xfsrlyuz9faae52","previousOperationId":"ccqusouy7n2morm"}
{"type":"log","timestamp":1771297694784,"level":"debug","message":"Skipping storing report.","meta":{"rootId":"abxavwqzojdbxl8","id":"abxavwqzojdbxl8"},"id":"kxd6srrurq8rap7","previousOperationId":"ccqusouy7n2morm"}
{"type":"log","timestamp":1771297694784,"level":"info","message":"Rendering request 12 finished in 1973 ms","meta":{"rootId":"abxavwqzojdbxl8","id":"abxavwqzojdbxl8"},"id":"xm952vbckydi0ov","previousOperationId":"ccqusouy7n2morm"}
{"type":"operationEnd","subtype":"render","operationId":"lu3ruhg3y67w0l6","timestamp":1771297694784,"id":"qduc8vesqnu7nsk","previousEventId":"ijjhfouxd0e0h7y","previousOperationId":"ccqusouy7n2morm"}
{"type":"operationEnd","doDiffs":false,"previousEventId":"dhqy8cv1xcxou24","previousOperationId":"m3uzom9abz3xv28","operationId":"m3uzom9abz3xv28","timestamp":1771297694786,"id":"4nmgz265vxh1p5w"}
