{"type":"operationStart","subtype":"profile","data":{"_id":"SzrAxFWm3q4Lvs19","timestamp":"2026-02-17T23:17:56.604Z","state":"queued","mode":"standard","creationDate":"2026-02-17T23:17:56.634Z","modificationDate":"2026-02-17T23:17:56.634Z","shortid":"0om9KH1","$entitySet":"profiles"},"doDiffs":false,"timestamp":1771370276616,"id":"3qjbt7z232qi7px","previousOperationId":null,"operationId":"wwwriqx6ez7mhd6"}
{"type":"log","level":"info","message":"Render request 37 queued for execution and waiting for available worker","previousOperationId":"wwwriqx6ez7mhd6","timestamp":1771370276617,"id":"w8wzxi0s2359bgu"}
{"type":"operationStart","subtype":"render","name":"general-ledger-v2","previousOperationId":"wwwriqx6ez7mhd6","timestamp":1771370276716,"id":"uzi3rwug26xkug5","previousEventId":"3qjbt7z232qi7px","operationId":"6fjqdbo4dbbumo6"}
{"type":"log","timestamp":1771370276719,"level":"info","message":"Starting rendering request 37","meta":{"rootId":"byieikswg8dfqpu","id":"byieikswg8dfqpu"},"id":"9dluejao038yxhi","previousOperationId":"6fjqdbo4dbbumo6"}
{"type":"log","timestamp":1771370276724,"level":"info","message":"Rendering template { name: general-ledger-v2, recipe: chrome-pdf, engine: handlebars, preview: false }","meta":{"rootId":"byieikswg8dfqpu","id":"byieikswg8dfqpu"},"id":"p6r7whmmuzonshx","previousOperationId":"6fjqdbo4dbbumo6"}
{"type":"log","timestamp":1771370276732,"level":"debug","message":"Inline data specified.","meta":{"rootId":"byieikswg8dfqpu","id":"byieikswg8dfqpu"},"id":"nucy7akg2mdl4g3","previousOperationId":"6fjqdbo4dbbumo6"}
{"type":"log","timestamp":1771370276741,"level":"debug","message":"Base url not specified, skipping its injection.","meta":{"rootId":"byieikswg8dfqpu","id":"byieikswg8dfqpu"},"id":"3jy86ugsfsiwfzu","previousOperationId":"6fjqdbo4dbbumo6"}
{"type":"operationStart","subtype":"engine","name":"handlebars","timestamp":1771370276749,"id":"ug0vu6r8j10ilh9","previousEventId":"uzi3rwug26xkug5","operationId":"91lmbh7gixm1381","previousOperationId":"6fjqdbo4dbbumo6"}
{"type":"log","timestamp":1771370276749,"level":"debug","message":"Rendering engine handlebars","meta":{"rootId":"byieikswg8dfqpu","id":"byieikswg8dfqpu"},"id":"t7ojijt03sgwbxi","previousOperationId":"91lmbh7gixm1381"}
{"type":"operationEnd","operationId":"91lmbh7gixm1381","timestamp":1771370276848,"id":"a9s4glzvxyefxa5","previousEventId":"ug0vu6r8j10ilh9","previousOperationId":"91lmbh7gixm1381"}
{"type":"operationStart","subtype":"recipe","name":"chrome-pdf","timestamp":1771370276855,"id":"szlmg2m947jbns4","previousEventId":"a9s4glzvxyefxa5","operationId":"op6v6zxc8046b1y","previousOperationId":"91lmbh7gixm1381"}
{"type":"log","timestamp":1771370276855,"level":"debug","message":"Executing recipe chrome-pdf","meta":{"rootId":"byieikswg8dfqpu","id":"byieikswg8dfqpu"},"id":"kkbm68ardrqmctr","previousOperationId":"op6v6zxc8046b1y"}
{"type":"log","timestamp":1771370276906,"level":"debug","message":"Converting with chrome Chrome/142.0.7444.175 using chrome-pool strategy","meta":{"rootId":"byieikswg8dfqpu","id":"byieikswg8dfqpu"},"id":"nfee1fi7l4f9zcn","previousOperationId":"op6v6zxc8046b1y"}
{"type":"log","timestamp":1771370277696,"level":"debug","message":"Page request: GET (document) file:///tmp/jsreport/autocleanup/11e62a4b-bef7-4122-9dee-f2ff88b2916f-chrome-pdf.html","meta":{"rootId":"byieikswg8dfqpu","id":"byieikswg8dfqpu"},"id":"jloqkggzf463yz6","previousOperationId":"op6v6zxc8046b1y"}
{"type":"log","timestamp":1771370277768,"level":"debug","message":"Page request finished: GET (document) 200 file:///tmp/jsreport/autocleanup/11e62a4b-bef7-4122-9dee-f2ff88b2916f-chrome-pdf.html","meta":{"rootId":"byieikswg8dfqpu","id":"byieikswg8dfqpu"},"id":"sc9do216z60exby","previousOperationId":"op6v6zxc8046b1y"}
{"type":"log","timestamp":1771370277778,"level":"debug","message":"Page request: GET (image) https://paciolibucket.s3.us-east-2.amazonaws.com/orgs/c64b69f6759a43a1bc0ae31961876751/companies/logos/e9767ff4-7186-447f-a397-208ea6bbfdb8_ninosfelices.png?X-Amz-Expires=600&X-Amz-Algorithm=AWS4-HMAC-SHA256&X-Amz-Credential=AKIAVYV5Z6T6UQ4ARWOC%2F20260217%2Fus-east-2%2Fs3%2Faws4_request&X-Amz-Date=20260217T231756Z&X-Amz-SignedHeaders=host&X-Amz-Signature=638209ece8a317fac06b6df8a55d27ffc807f2d55c29d7c1cb5e4694445e2ef7","meta":{"rootId":"byieikswg8dfqpu","id":"byieikswg8dfqpu"},"id":"1hksenc1qifhs52","previousOperationId":"op6v6zxc8046b1y"}
{"type":"log","timestamp":1771370278554,"level":"debug","message":"Page request finished: GET (image) 200 https://paciolibucket.s3.us-east-2.amazonaws.com/orgs/c64b69f6759a43a1bc0ae31961876751/companies/logos/e9767ff4-7186-447f-a397-208ea6bbfdb8_ninosfelices.png?X-Amz-Expires=600&X-Amz-Algorithm=AWS4-HMAC-SHA256&X-Amz-Credential=AKIAVYV5Z6T6UQ4ARWOC%2F20260217%2Fus-east-2%2Fs3%2Faws4_request&X-Amz-Date=20260217T231756Z&X-Amz-SignedHeaders=host&X-Amz-Signature=638209ece8a317fac06b6df8a55d27ffc807f2d55c29d7c1cb5e4694445e2ef7","meta":{"rootId":"byieikswg8dfqpu","id":"byieikswg8dfqpu"},"id":"ycuo69j0t43hkaw","previousOperationId":"op6v6zxc8046b1y"}
{"type":"log","timestamp":1771370278576,"level":"debug","message":"Running chrome with params {\"printBackground\":true,\"timeout\":59726,\"margin\":{}}","meta":{"rootId":"byieikswg8dfqpu","id":"byieikswg8dfqpu"},"id":"fydoq473gnifvz6","previousOperationId":"op6v6zxc8046b1y"}
{"type":"operationEnd","operationId":"op6v6zxc8046b1y","timestamp":1771370278775,"id":"ylofhw6tr09wcx2","previousEventId":"szlmg2m947jbns4","previousOperationId":"op6v6zxc8046b1y"}
{"type":"log","timestamp":1771370278776,"level":"debug","message":"Skipping storing report.","meta":{"rootId":"byieikswg8dfqpu","id":"byieikswg8dfqpu"},"id":"7cmf2juib1wtqy9","previousOperationId":"op6v6zxc8046b1y"}
{"type":"log","timestamp":1771370278776,"level":"info","message":"Rendering request 37 finished in 2182 ms","meta":{"rootId":"byieikswg8dfqpu","id":"byieikswg8dfqpu"},"id":"3vynsi2gmbpxyjr","previousOperationId":"op6v6zxc8046b1y"}
{"type":"operationEnd","subtype":"render","operationId":"6fjqdbo4dbbumo6","timestamp":1771370278777,"id":"rkkuq2sr9dfc7n5","previousEventId":"ylofhw6tr09wcx2","previousOperationId":"op6v6zxc8046b1y"}
{"type":"operationEnd","doDiffs":false,"previousEventId":"3qjbt7z232qi7px","previousOperationId":"wwwriqx6ez7mhd6","operationId":"wwwriqx6ez7mhd6","timestamp":1771370278780,"id":"a8cecybakyk4l2z"}
