{"type":"operationStart","subtype":"profile","data":{"_id":"N4zBmZR3GF60RVvN","timestamp":"2026-02-19T14:10:21.441Z","state":"queued","mode":"standard","creationDate":"2026-02-19T14:10:21.451Z","modificationDate":"2026-02-19T14:10:21.451Z","shortid":"aUPW-65","$entitySet":"profiles"},"doDiffs":false,"timestamp":1771510221446,"id":"pawrgo30w4x1ama","previousOperationId":null,"operationId":"fwz95giy5j72bqf"}
{"type":"log","level":"info","message":"Render request 1 queued for execution and waiting for available worker","previousOperationId":"fwz95giy5j72bqf","timestamp":1771510221446,"id":"mygd06jmhw1drvw"}
{"type":"operationStart","subtype":"render","name":"general-ledger-v2","previousOperationId":"fwz95giy5j72bqf","timestamp":1771510221946,"id":"stu6uocwpgp9vq0","previousEventId":"pawrgo30w4x1ama","operationId":"35jd28ovkl4eh89"}
{"type":"log","timestamp":1771510221947,"level":"info","message":"Starting rendering request 1","meta":{"rootId":"c2ov9ol927o71mx","id":"c2ov9ol927o71mx"},"id":"1e1pyax5oxdenkd","previousOperationId":"35jd28ovkl4eh89"}
{"type":"log","timestamp":1771510221947,"level":"info","message":"Rendering template { name: general-ledger-v2, recipe: chrome-pdf, engine: handlebars, preview: false }","meta":{"rootId":"c2ov9ol927o71mx","id":"c2ov9ol927o71mx"},"id":"k0rewrm206yf5d1","previousOperationId":"35jd28ovkl4eh89"}
{"type":"log","timestamp":1771510221950,"level":"debug","message":"Inline data specified.","meta":{"rootId":"c2ov9ol927o71mx","id":"c2ov9ol927o71mx"},"id":"2t8wedylr6tcnql","previousOperationId":"35jd28ovkl4eh89"}
{"type":"log","timestamp":1771510221953,"level":"debug","message":"Base url not specified, skipping its injection.","meta":{"rootId":"c2ov9ol927o71mx","id":"c2ov9ol927o71mx"},"id":"6hofdubgfbujfyr","previousOperationId":"35jd28ovkl4eh89"}
{"type":"operationStart","subtype":"engine","name":"handlebars","timestamp":1771510221955,"id":"e096nnfm4obe2w3","previousEventId":"stu6uocwpgp9vq0","operationId":"y5hnrjr26is41nb","previousOperationId":"35jd28ovkl4eh89"}
{"type":"log","timestamp":1771510221955,"level":"debug","message":"Rendering engine handlebars","meta":{"rootId":"c2ov9ol927o71mx","id":"c2ov9ol927o71mx"},"id":"5zt45mi2n6ka2ym","previousOperationId":"y5hnrjr26is41nb"}
{"type":"operationEnd","operationId":"y5hnrjr26is41nb","timestamp":1771510222850,"id":"ty2yizl5gou76el","previousEventId":"e096nnfm4obe2w3","previousOperationId":"y5hnrjr26is41nb"}
{"type":"operationStart","subtype":"recipe","name":"chrome-pdf","timestamp":1771510223022,"id":"af62hss5jow4pvt","previousEventId":"ty2yizl5gou76el","operationId":"pj3dd8x6m3ng796","previousOperationId":"y5hnrjr26is41nb"}
{"type":"log","timestamp":1771510223022,"level":"debug","message":"Executing recipe chrome-pdf","meta":{"rootId":"c2ov9ol927o71mx","id":"c2ov9ol927o71mx"},"id":"i7fhtnv3sq5pdi5","previousOperationId":"pj3dd8x6m3ng796"}
{"type":"log","timestamp":1771510224173,"level":"debug","message":"Converting with chrome Chrome/142.0.7444.175 using chrome-pool strategy","meta":{"rootId":"c2ov9ol927o71mx","id":"c2ov9ol927o71mx"},"id":"wot9ng8zhvz8gyc","previousOperationId":"pj3dd8x6m3ng796"}
{"type":"log","timestamp":1771510224274,"level":"debug","message":"Page request: GET (document) file:///tmp/jsreport/autocleanup/1db6d5de-b2aa-4676-b67e-51ecaaa76470-chrome-pdf.html","meta":{"rootId":"c2ov9ol927o71mx","id":"c2ov9ol927o71mx"},"id":"o21c2j0za30qrm8","previousOperationId":"pj3dd8x6m3ng796"}
{"type":"log","timestamp":1771510224296,"level":"debug","message":"Page request: GET (image) https://paciolibucket.s3.us-east-2.amazonaws.com/orgs/c64b69f6759a43a1bc0ae31961876751/companies/logos/b6e6bbb3-4217-4336-88b7-161c9ce34ada_Applicorp%20Logo.png?X-Amz-Expires=600&X-Amz-Algorithm=AWS4-HMAC-SHA256&X-Amz-Credential=AKIAVYV5Z6T6UQ4ARWOC%2F20260219%2Fus-east-2%2Fs3%2Faws4_request&X-Amz-Date=20260219T141020Z&X-Amz-SignedHeaders=host&X-Amz-Signature=fb57f36f40179aa28ef90772e389deafb89d0042cb8d651ae0e67a7a457c2aa2","meta":{"rootId":"c2ov9ol927o71mx","id":"c2ov9ol927o71mx"},"id":"3qyofr43bn2y2il","previousOperationId":"pj3dd8x6m3ng796"}
{"type":"log","timestamp":1771510224776,"level":"debug","message":"Page request finished: GET (image) 200 https://paciolibucket.s3.us-east-2.amazonaws.com/orgs/c64b69f6759a43a1bc0ae31961876751/companies/logos/b6e6bbb3-4217-4336-88b7-161c9ce34ada_Applicorp%20Logo.png?X-Amz-Expires=600&X-Amz-Algorithm=AWS4-HMAC-SHA256&X-Amz-Credential=AKIAVYV5Z6T6UQ4ARWOC%2F20260219%2Fus-east-2%2Fs3%2Faws4_request&X-Amz-Date=20260219T141020Z&X-Amz-SignedHeaders=host&X-Amz-Signature=fb57f36f40179aa28ef90772e389deafb89d0042cb8d651ae0e67a7a457c2aa2","meta":{"rootId":"c2ov9ol927o71mx","id":"c2ov9ol927o71mx"},"id":"xrye1zhgyfed09e","previousOperationId":"pj3dd8x6m3ng796"}
{"type":"log","timestamp":1771510230069,"level":"debug","message":"Page request finished: GET (document) 200 file:///tmp/jsreport/autocleanup/1db6d5de-b2aa-4676-b67e-51ecaaa76470-chrome-pdf.html","meta":{"rootId":"c2ov9ol927o71mx","id":"c2ov9ol927o71mx"},"id":"2hiu0ghin7ylfrw","previousOperationId":"pj3dd8x6m3ng796"}
{"type":"log","timestamp":1771510230699,"level":"debug","message":"Running chrome with params {\"printBackground\":true,\"timeout\":58379,\"margin\":{}}","meta":{"rootId":"c2ov9ol927o71mx","id":"c2ov9ol927o71mx"},"id":"vfkq1x0qjwwu88m","previousOperationId":"pj3dd8x6m3ng796"}
{"type":"operationEnd","operationId":"pj3dd8x6m3ng796","timestamp":1771510274644,"id":"c6ybr2fxlwgh0l3","previousEventId":"af62hss5jow4pvt","previousOperationId":"pj3dd8x6m3ng796"}
{"type":"log","timestamp":1771510274646,"level":"debug","message":"Skipping storing report.","meta":{"rootId":"c2ov9ol927o71mx","id":"c2ov9ol927o71mx"},"id":"91vzpc4a4jysa2j","previousOperationId":"pj3dd8x6m3ng796"}
{"type":"log","timestamp":1771510274646,"level":"info","message":"Rendering request 1 finished in 53209 ms","meta":{"rootId":"c2ov9ol927o71mx","id":"c2ov9ol927o71mx"},"id":"4amyk6k1psifp7t","previousOperationId":"pj3dd8x6m3ng796"}
{"type":"operationEnd","subtype":"render","operationId":"35jd28ovkl4eh89","timestamp":1771510274646,"id":"3nu1pniw9e4raxu","previousEventId":"c6ybr2fxlwgh0l3","previousOperationId":"pj3dd8x6m3ng796"}
{"type":"operationEnd","doDiffs":false,"previousEventId":"pawrgo30w4x1ama","previousOperationId":"fwz95giy5j72bqf","operationId":"fwz95giy5j72bqf","timestamp":1771510274727,"id":"otsajqg1lhs62kn"}
