{"type":"operationStart","subtype":"profile","data":{"_id":"JA5UA8CKnSCUlgQO","timestamp":"2026-02-18T01:57:38.731Z","state":"queued","mode":"standard","creationDate":"2026-02-18T01:57:38.738Z","modificationDate":"2026-02-18T01:57:38.738Z","shortid":"SeDpKFM","$entitySet":"profiles"},"doDiffs":false,"timestamp":1771379858734,"id":"z93vmjmfma10w5z","previousOperationId":null,"operationId":"if2u1ek1q6qfjd3"}
{"type":"log","level":"info","message":"Render request 29 queued for execution and waiting for available worker","previousOperationId":"if2u1ek1q6qfjd3","timestamp":1771379858734,"id":"8cvnroyl9x4g1g1"}
{"type":"operationStart","subtype":"render","name":"general-ledger-v2","previousOperationId":"if2u1ek1q6qfjd3","timestamp":1771379858817,"id":"7owq1alcg7z7am3","previousEventId":"z93vmjmfma10w5z","operationId":"t1e0iyqt6m3kwau"}
{"type":"log","timestamp":1771379858820,"level":"info","message":"Starting rendering request 29","meta":{"rootId":"cecuvrslwgufbds","id":"cecuvrslwgufbds"},"id":"i22b5enb26t3lo0","previousOperationId":"t1e0iyqt6m3kwau"}
{"type":"log","timestamp":1771379858822,"level":"info","message":"Rendering template { name: general-ledger-v2, recipe: chrome-pdf, engine: handlebars, preview: false }","meta":{"rootId":"cecuvrslwgufbds","id":"cecuvrslwgufbds"},"id":"nsqv6al0bkrnvwh","previousOperationId":"t1e0iyqt6m3kwau"}
{"type":"log","timestamp":1771379858826,"level":"debug","message":"Inline data specified.","meta":{"rootId":"cecuvrslwgufbds","id":"cecuvrslwgufbds"},"id":"mx62l9op34wda62","previousOperationId":"t1e0iyqt6m3kwau"}
{"type":"log","timestamp":1771379858829,"level":"debug","message":"Base url not specified, skipping its injection.","meta":{"rootId":"cecuvrslwgufbds","id":"cecuvrslwgufbds"},"id":"a2kv069hgpf3xvs","previousOperationId":"t1e0iyqt6m3kwau"}
{"type":"operationStart","subtype":"engine","name":"handlebars","timestamp":1771379858833,"id":"6xxw42p78jk1g63","previousEventId":"7owq1alcg7z7am3","operationId":"em0wheywaq20ok9","previousOperationId":"t1e0iyqt6m3kwau"}
{"type":"log","timestamp":1771379858833,"level":"debug","message":"Rendering engine handlebars","meta":{"rootId":"cecuvrslwgufbds","id":"cecuvrslwgufbds"},"id":"7o9ohot8r02olv5","previousOperationId":"em0wheywaq20ok9"}
{"type":"operationEnd","operationId":"em0wheywaq20ok9","timestamp":1771379858883,"id":"69avyky20mqb0jp","previousEventId":"6xxw42p78jk1g63","previousOperationId":"em0wheywaq20ok9"}
{"type":"operationStart","subtype":"recipe","name":"chrome-pdf","timestamp":1771379858884,"id":"lqdno1nrd2twwx0","previousEventId":"69avyky20mqb0jp","operationId":"28eagjcuslwd3dj","previousOperationId":"em0wheywaq20ok9"}
{"type":"log","timestamp":1771379858884,"level":"debug","message":"Executing recipe chrome-pdf","meta":{"rootId":"cecuvrslwgufbds","id":"cecuvrslwgufbds"},"id":"bpqxkivebl125rn","previousOperationId":"28eagjcuslwd3dj"}
{"type":"log","timestamp":1771379858911,"level":"debug","message":"Converting with chrome Chrome/142.0.7444.175 using chrome-pool strategy","meta":{"rootId":"cecuvrslwgufbds","id":"cecuvrslwgufbds"},"id":"bz3dv035dhwapwe","previousOperationId":"28eagjcuslwd3dj"}
{"type":"log","timestamp":1771379859145,"level":"debug","message":"Page request: GET (document) file:///tmp/jsreport/autocleanup/9b2a5460-7efb-4c8b-b35a-442b571c370a-chrome-pdf.html","meta":{"rootId":"cecuvrslwgufbds","id":"cecuvrslwgufbds"},"id":"43cuf4tp4ixrss8","previousOperationId":"28eagjcuslwd3dj"}
{"type":"log","timestamp":1771379859177,"level":"debug","message":"Page request finished: GET (document) 200 file:///tmp/jsreport/autocleanup/9b2a5460-7efb-4c8b-b35a-442b571c370a-chrome-pdf.html","meta":{"rootId":"cecuvrslwgufbds","id":"cecuvrslwgufbds"},"id":"v91d92v7v6esmdo","previousOperationId":"28eagjcuslwd3dj"}
{"type":"log","timestamp":1771379859178,"level":"debug","message":"Page request: GET (image) https://paciolibucket.s3.us-east-2.amazonaws.com/orgs/c64b69f6759a43a1bc0ae31961876751/companies/logos/e9767ff4-7186-447f-a397-208ea6bbfdb8_ninosfelices.png?X-Amz-Expires=600&X-Amz-Algorithm=AWS4-HMAC-SHA256&X-Amz-Credential=AKIAVYV5Z6T6UQ4ARWOC%2F20260218%2Fus-east-2%2Fs3%2Faws4_request&X-Amz-Date=20260218T015738Z&X-Amz-SignedHeaders=host&X-Amz-Signature=de34804134ca91cdbc3b7526de8d89294052de5dd57696c3a8139f97ae6e5ffa","meta":{"rootId":"cecuvrslwgufbds","id":"cecuvrslwgufbds"},"id":"b37zol6ho4byoqp","previousOperationId":"28eagjcuslwd3dj"}
{"type":"log","timestamp":1771379859780,"level":"debug","message":"Page request finished: GET (image) 200 https://paciolibucket.s3.us-east-2.amazonaws.com/orgs/c64b69f6759a43a1bc0ae31961876751/companies/logos/e9767ff4-7186-447f-a397-208ea6bbfdb8_ninosfelices.png?X-Amz-Expires=600&X-Amz-Algorithm=AWS4-HMAC-SHA256&X-Amz-Credential=AKIAVYV5Z6T6UQ4ARWOC%2F20260218%2Fus-east-2%2Fs3%2Faws4_request&X-Amz-Date=20260218T015738Z&X-Amz-SignedHeaders=host&X-Amz-Signature=de34804134ca91cdbc3b7526de8d89294052de5dd57696c3a8139f97ae6e5ffa","meta":{"rootId":"cecuvrslwgufbds","id":"cecuvrslwgufbds"},"id":"abceavptfwu3n9j","previousOperationId":"28eagjcuslwd3dj"}
{"type":"log","timestamp":1771379859782,"level":"debug","message":"Running chrome with params {\"printBackground\":true,\"timeout\":59834,\"margin\":{}}","meta":{"rootId":"cecuvrslwgufbds","id":"cecuvrslwgufbds"},"id":"75am7egjlai7dou","previousOperationId":"28eagjcuslwd3dj"}
{"type":"operationEnd","operationId":"28eagjcuslwd3dj","timestamp":1771379859918,"id":"op3htgwhj78mmah","previousEventId":"lqdno1nrd2twwx0","previousOperationId":"28eagjcuslwd3dj"}
{"type":"log","timestamp":1771379859918,"level":"debug","message":"Skipping storing report.","meta":{"rootId":"cecuvrslwgufbds","id":"cecuvrslwgufbds"},"id":"vzn1jsi5y3gdqj6","previousOperationId":"28eagjcuslwd3dj"}
{"type":"log","timestamp":1771379859919,"level":"info","message":"Rendering request 29 finished in 1194 ms","meta":{"rootId":"cecuvrslwgufbds","id":"cecuvrslwgufbds"},"id":"p22m9q6ahmu0hor","previousOperationId":"28eagjcuslwd3dj"}
{"type":"operationEnd","subtype":"render","operationId":"t1e0iyqt6m3kwau","timestamp":1771379859919,"id":"fhs82pmha3bnqhj","previousEventId":"op3htgwhj78mmah","previousOperationId":"28eagjcuslwd3dj"}
{"type":"operationEnd","doDiffs":false,"previousEventId":"z93vmjmfma10w5z","previousOperationId":"if2u1ek1q6qfjd3","operationId":"if2u1ek1q6qfjd3","timestamp":1771379859921,"id":"hgwi9e4935atkxh"}
