{"type":"operationStart","subtype":"profile","data":{"_id":"NxyQSDjB9S1O6qOd","timestamp":"2026-02-17T20:25:48.799Z","state":"queued","mode":"standard","creationDate":"2026-02-17T20:25:48.801Z","modificationDate":"2026-02-17T20:25:48.801Z","shortid":"Om4Ujij","$entitySet":"profiles"},"doDiffs":false,"timestamp":1771359948800,"id":"l4f6lrtgolss2gd","previousOperationId":null,"operationId":"miybd3579opefuf"}
{"type":"log","level":"info","message":"Render request 20 queued for execution and waiting for available worker","previousOperationId":"miybd3579opefuf","timestamp":1771359948800,"id":"3wj94zlcgn76qo9"}
{"type":"operationStart","subtype":"render","name":"general-ledger-v2","previousOperationId":"miybd3579opefuf","timestamp":1771359948857,"id":"wzmfedghbcpp24i","previousEventId":"l4f6lrtgolss2gd","operationId":"lunfr3hrjhn77i6"}
{"type":"log","timestamp":1771359948859,"level":"info","message":"Starting rendering request 20","meta":{"rootId":"cpva5it6kzzer94","id":"cpva5it6kzzer94"},"id":"h553tvcjo3ed25v","previousOperationId":"lunfr3hrjhn77i6"}
{"type":"log","timestamp":1771359948860,"level":"info","message":"Rendering template { name: general-ledger-v2, recipe: chrome-pdf, engine: handlebars, preview: false }","meta":{"rootId":"cpva5it6kzzer94","id":"cpva5it6kzzer94"},"id":"5ouiq46wjhk922n","previousOperationId":"lunfr3hrjhn77i6"}
{"type":"log","timestamp":1771359948865,"level":"debug","message":"Inline data specified.","meta":{"rootId":"cpva5it6kzzer94","id":"cpva5it6kzzer94"},"id":"66hy6ga7xmm5wxr","previousOperationId":"lunfr3hrjhn77i6"}
{"type":"log","timestamp":1771359948872,"level":"debug","message":"Base url not specified, skipping its injection.","meta":{"rootId":"cpva5it6kzzer94","id":"cpva5it6kzzer94"},"id":"xnx3elmzrq78aqg","previousOperationId":"lunfr3hrjhn77i6"}
{"type":"operationStart","subtype":"engine","name":"handlebars","timestamp":1771359948876,"id":"a728dfv0zoi6aqm","previousEventId":"wzmfedghbcpp24i","operationId":"iruhn143iifqxw9","previousOperationId":"lunfr3hrjhn77i6"}
{"type":"log","timestamp":1771359948876,"level":"debug","message":"Rendering engine handlebars","meta":{"rootId":"cpva5it6kzzer94","id":"cpva5it6kzzer94"},"id":"9gqp0ccdkgfr43i","previousOperationId":"iruhn143iifqxw9"}
{"type":"operationEnd","operationId":"iruhn143iifqxw9","timestamp":1771359948921,"id":"szg83009f3iqqj4","previousEventId":"a728dfv0zoi6aqm","previousOperationId":"iruhn143iifqxw9"}
{"type":"operationStart","subtype":"recipe","name":"chrome-pdf","timestamp":1771359948924,"id":"ot5cxx7mek292q1","previousEventId":"szg83009f3iqqj4","operationId":"sy1iwtulhahs6e9","previousOperationId":"iruhn143iifqxw9"}
{"type":"log","timestamp":1771359948924,"level":"debug","message":"Executing recipe chrome-pdf","meta":{"rootId":"cpva5it6kzzer94","id":"cpva5it6kzzer94"},"id":"bf1cohhmzy5dhwg","previousOperationId":"sy1iwtulhahs6e9"}
{"type":"log","timestamp":1771359948942,"level":"debug","message":"Converting with chrome Chrome/142.0.7444.175 using chrome-pool strategy","meta":{"rootId":"cpva5it6kzzer94","id":"cpva5it6kzzer94"},"id":"4teefiam2tcomur","previousOperationId":"sy1iwtulhahs6e9"}
{"type":"log","timestamp":1771359949060,"level":"debug","message":"Page request: GET (document) file:///tmp/jsreport/autocleanup/a6847b95-4e68-4e0e-8eb3-a46444d9b7ab-chrome-pdf.html","meta":{"rootId":"cpva5it6kzzer94","id":"cpva5it6kzzer94"},"id":"rlyd93v1ll27zi4","previousOperationId":"sy1iwtulhahs6e9"}
{"type":"log","timestamp":1771359949075,"level":"debug","message":"Page request finished: GET (document) 200 file:///tmp/jsreport/autocleanup/a6847b95-4e68-4e0e-8eb3-a46444d9b7ab-chrome-pdf.html","meta":{"rootId":"cpva5it6kzzer94","id":"cpva5it6kzzer94"},"id":"s70v4te63lfqk7r","previousOperationId":"sy1iwtulhahs6e9"}
{"type":"log","timestamp":1771359949076,"level":"debug","message":"Page request: GET (image) https://paciolibucket.s3.us-east-2.amazonaws.com/orgs/c64b69f6759a43a1bc0ae31961876751/companies/logos/e9767ff4-7186-447f-a397-208ea6bbfdb8_ninosfelices.png?X-Amz-Expires=600&X-Amz-Algorithm=AWS4-HMAC-SHA256&X-Amz-Credential=AKIAVYV5Z6T6UQ4ARWOC%2F20260217%2Fus-east-2%2Fs3%2Faws4_request&X-Amz-Date=20260217T202548Z&X-Amz-SignedHeaders=host&X-Amz-Signature=3f9109b9e7c60f45a5a42b67cb15bee199184676ca13453c6bb53c47962dbad3","meta":{"rootId":"cpva5it6kzzer94","id":"cpva5it6kzzer94"},"id":"06ehpqm81hxtw7y","previousOperationId":"sy1iwtulhahs6e9"}
{"type":"log","timestamp":1771359949557,"level":"debug","message":"Page request finished: GET (image) 200 https://paciolibucket.s3.us-east-2.amazonaws.com/orgs/c64b69f6759a43a1bc0ae31961876751/companies/logos/e9767ff4-7186-447f-a397-208ea6bbfdb8_ninosfelices.png?X-Amz-Expires=600&X-Amz-Algorithm=AWS4-HMAC-SHA256&X-Amz-Credential=AKIAVYV5Z6T6UQ4ARWOC%2F20260217%2Fus-east-2%2Fs3%2Faws4_request&X-Amz-Date=20260217T202548Z&X-Amz-SignedHeaders=host&X-Amz-Signature=3f9109b9e7c60f45a5a42b67cb15bee199184676ca13453c6bb53c47962dbad3","meta":{"rootId":"cpva5it6kzzer94","id":"cpva5it6kzzer94"},"id":"7jctoz17fzthec2","previousOperationId":"sy1iwtulhahs6e9"}
{"type":"log","timestamp":1771359949559,"level":"debug","message":"Running chrome with params {\"printBackground\":true,\"timeout\":59870,\"margin\":{}}","meta":{"rootId":"cpva5it6kzzer94","id":"cpva5it6kzzer94"},"id":"f7g9gtx853dat8d","previousOperationId":"sy1iwtulhahs6e9"}
{"type":"operationEnd","operationId":"sy1iwtulhahs6e9","timestamp":1771359949660,"id":"7uexcvgzna4rmap","previousEventId":"ot5cxx7mek292q1","previousOperationId":"sy1iwtulhahs6e9"}
{"type":"log","timestamp":1771359949660,"level":"debug","message":"Skipping storing report.","meta":{"rootId":"cpva5it6kzzer94","id":"cpva5it6kzzer94"},"id":"0aluwxwkeuyb6l1","previousOperationId":"sy1iwtulhahs6e9"}
{"type":"log","timestamp":1771359949660,"level":"info","message":"Rendering request 20 finished in 862 ms","meta":{"rootId":"cpva5it6kzzer94","id":"cpva5it6kzzer94"},"id":"tlqrvtm808moce3","previousOperationId":"sy1iwtulhahs6e9"}
{"type":"operationEnd","subtype":"render","operationId":"lunfr3hrjhn77i6","timestamp":1771359949660,"id":"o7s3p1y747j9s6k","previousEventId":"7uexcvgzna4rmap","previousOperationId":"sy1iwtulhahs6e9"}
{"type":"operationEnd","doDiffs":false,"previousEventId":"l4f6lrtgolss2gd","previousOperationId":"miybd3579opefuf","operationId":"miybd3579opefuf","timestamp":1771359949662,"id":"54829bj9jl3at2i"}
