{"type":"operationStart","subtype":"profile","data":{"_id":"gaZtnnklMTiGiLtC","timestamp":"2026-02-19T14:30:36.759Z","state":"queued","mode":"standard","creationDate":"2026-02-19T14:30:36.763Z","modificationDate":"2026-02-19T14:30:36.763Z","shortid":"0xDXU5e","$entitySet":"profiles"},"doDiffs":false,"timestamp":1771511436760,"id":"9rh1qluy17kq8q4","previousOperationId":null,"operationId":"vcgjd4k1k59m22q"}
{"type":"log","level":"info","message":"Render request 3 queued for execution and waiting for available worker","previousOperationId":"vcgjd4k1k59m22q","timestamp":1771511436761,"id":"zlxj8jgjwf7qs1n"}
{"type":"operationStart","subtype":"render","name":"general-ledger-v2","previousOperationId":"vcgjd4k1k59m22q","timestamp":1771511437252,"id":"h67ipv5efdpy8g6","previousEventId":"9rh1qluy17kq8q4","operationId":"1fvmo2knt2wf95w"}
{"type":"log","timestamp":1771511437255,"level":"info","message":"Starting rendering request 3","meta":{"rootId":"cw0t8r5hi785hjf","id":"cw0t8r5hi785hjf"},"id":"mnts4af3bihx61l","previousOperationId":"1fvmo2knt2wf95w"}
{"type":"log","timestamp":1771511437255,"level":"info","message":"Rendering template { name: general-ledger-v2, recipe: chrome-pdf, engine: handlebars, preview: false }","meta":{"rootId":"cw0t8r5hi785hjf","id":"cw0t8r5hi785hjf"},"id":"7klxy52wx4tdanp","previousOperationId":"1fvmo2knt2wf95w"}
{"type":"log","timestamp":1771511437257,"level":"debug","message":"Inline data specified.","meta":{"rootId":"cw0t8r5hi785hjf","id":"cw0t8r5hi785hjf"},"id":"84ljk7emz43sg84","previousOperationId":"1fvmo2knt2wf95w"}
{"type":"log","timestamp":1771511437267,"level":"debug","message":"Base url not specified, skipping its injection.","meta":{"rootId":"cw0t8r5hi785hjf","id":"cw0t8r5hi785hjf"},"id":"m0syr10vnoj3vb0","previousOperationId":"1fvmo2knt2wf95w"}
{"type":"operationStart","subtype":"engine","name":"handlebars","timestamp":1771511437270,"id":"8utorw7c6e1swfo","previousEventId":"h67ipv5efdpy8g6","operationId":"27uhst4rv30qjon","previousOperationId":"1fvmo2knt2wf95w"}
{"type":"log","timestamp":1771511437270,"level":"debug","message":"Rendering engine handlebars","meta":{"rootId":"cw0t8r5hi785hjf","id":"cw0t8r5hi785hjf"},"id":"lnm3fo4jxekvljj","previousOperationId":"27uhst4rv30qjon"}
{"type":"operationEnd","operationId":"27uhst4rv30qjon","timestamp":1771511437522,"id":"adodn8vdprah0e3","previousEventId":"8utorw7c6e1swfo","previousOperationId":"27uhst4rv30qjon"}
{"type":"operationStart","subtype":"recipe","name":"chrome-pdf","timestamp":1771511437705,"id":"s7x2c3pp7u45sud","previousEventId":"adodn8vdprah0e3","operationId":"x7tw1liphbxqbmn","previousOperationId":"27uhst4rv30qjon"}
{"type":"log","timestamp":1771511437705,"level":"debug","message":"Executing recipe chrome-pdf","meta":{"rootId":"cw0t8r5hi785hjf","id":"cw0t8r5hi785hjf"},"id":"8ts1z8xysfnztpt","previousOperationId":"x7tw1liphbxqbmn"}
{"type":"log","timestamp":1771511437745,"level":"debug","message":"Converting with chrome Chrome/142.0.7444.175 using chrome-pool strategy","meta":{"rootId":"cw0t8r5hi785hjf","id":"cw0t8r5hi785hjf"},"id":"7bv2vxsvwmosgi0","previousOperationId":"x7tw1liphbxqbmn"}
{"type":"log","timestamp":1771511438327,"level":"debug","message":"Page request: GET (document) file:///tmp/jsreport/autocleanup/f35acf80-df8a-4aa8-91a6-be6dbb8ffd97-chrome-pdf.html","meta":{"rootId":"cw0t8r5hi785hjf","id":"cw0t8r5hi785hjf"},"id":"rf1r1hbkusxo92y","previousOperationId":"x7tw1liphbxqbmn"}
{"type":"log","timestamp":1771511438384,"level":"debug","message":"Page request: GET (image) https://paciolibucket.s3.us-east-2.amazonaws.com/orgs/c64b69f6759a43a1bc0ae31961876751/companies/logos/b6e6bbb3-4217-4336-88b7-161c9ce34ada_Applicorp%20Logo.png?X-Amz-Expires=600&X-Amz-Algorithm=AWS4-HMAC-SHA256&X-Amz-Credential=AKIAVYV5Z6T6UQ4ARWOC%2F20260219%2Fus-east-2%2Fs3%2Faws4_request&X-Amz-Date=20260219T143036Z&X-Amz-SignedHeaders=host&X-Amz-Signature=d514b1cf39cf0b1056a191f35fcc935428ee59d8034ae882d824b1f7ac39f843","meta":{"rootId":"cw0t8r5hi785hjf","id":"cw0t8r5hi785hjf"},"id":"1y7k2qg9hg30zgl","previousOperationId":"x7tw1liphbxqbmn"}
{"type":"log","timestamp":1771511438935,"level":"debug","message":"Page request finished: GET (image) 200 https://paciolibucket.s3.us-east-2.amazonaws.com/orgs/c64b69f6759a43a1bc0ae31961876751/companies/logos/b6e6bbb3-4217-4336-88b7-161c9ce34ada_Applicorp%20Logo.png?X-Amz-Expires=600&X-Amz-Algorithm=AWS4-HMAC-SHA256&X-Amz-Credential=AKIAVYV5Z6T6UQ4ARWOC%2F20260219%2Fus-east-2%2Fs3%2Faws4_request&X-Amz-Date=20260219T143036Z&X-Amz-SignedHeaders=host&X-Amz-Signature=d514b1cf39cf0b1056a191f35fcc935428ee59d8034ae882d824b1f7ac39f843","meta":{"rootId":"cw0t8r5hi785hjf","id":"cw0t8r5hi785hjf"},"id":"rg3d6rw7gmuprew","previousOperationId":"x7tw1liphbxqbmn"}
{"type":"log","timestamp":1771511444394,"level":"debug","message":"Page request finished: GET (document) 200 file:///tmp/jsreport/autocleanup/f35acf80-df8a-4aa8-91a6-be6dbb8ffd97-chrome-pdf.html","meta":{"rootId":"cw0t8r5hi785hjf","id":"cw0t8r5hi785hjf"},"id":"3nxv05s2r7yzxnf","previousOperationId":"x7tw1liphbxqbmn"}
{"type":"log","timestamp":1771511445109,"level":"debug","message":"Running chrome with params {\"printBackground\":true,\"timeout\":59015,\"margin\":{}}","meta":{"rootId":"cw0t8r5hi785hjf","id":"cw0t8r5hi785hjf"},"id":"aksb3jjlmfwisuj","previousOperationId":"x7tw1liphbxqbmn"}
{"type":"operationEnd","operationId":"x7tw1liphbxqbmn","timestamp":1771511492326,"id":"ic39vra40cmntpt","previousEventId":"s7x2c3pp7u45sud","previousOperationId":"x7tw1liphbxqbmn"}
{"type":"log","timestamp":1771511492326,"level":"debug","message":"Skipping storing report.","meta":{"rootId":"cw0t8r5hi785hjf","id":"cw0t8r5hi785hjf"},"id":"mcdgjmouzhl3gzk","previousOperationId":"x7tw1liphbxqbmn"}
{"type":"log","timestamp":1771511492331,"level":"info","message":"Rendering request 3 finished in 55588 ms","meta":{"rootId":"cw0t8r5hi785hjf","id":"cw0t8r5hi785hjf"},"id":"11gdm8za95o0nzi","previousOperationId":"x7tw1liphbxqbmn"}
{"type":"operationEnd","subtype":"render","operationId":"1fvmo2knt2wf95w","timestamp":1771511492331,"id":"enxuyu5qh8lfggg","previousEventId":"ic39vra40cmntpt","previousOperationId":"x7tw1liphbxqbmn"}
{"type":"operationEnd","doDiffs":false,"previousEventId":"9rh1qluy17kq8q4","previousOperationId":"vcgjd4k1k59m22q","operationId":"vcgjd4k1k59m22q","timestamp":1771511492379,"id":"liho5fm8pepeptq"}
