{"type":"operationStart","subtype":"profile","data":{"_id":"ARs2E8v9IiRzXGNs","timestamp":"2026-02-17T05:09:01.735Z","state":"queued","mode":"standard","creationDate":"2026-02-17T05:09:01.782Z","modificationDate":"2026-02-17T05:09:01.782Z","shortid":"eDIpWGq","$entitySet":"profiles"},"doDiffs":false,"timestamp":1771304941748,"id":"xj68at95y8w49j7","previousOperationId":null,"operationId":"akiai31cg1dk28z"}
{"type":"log","level":"info","message":"Render request 25 queued for execution and waiting for available worker","previousOperationId":"akiai31cg1dk28z","timestamp":1771304941750,"id":"vk3dm6uype4w25g"}
{"type":"operationStart","subtype":"render","name":"general-ledger-v2","previousOperationId":"akiai31cg1dk28z","timestamp":1771304941903,"id":"l8ecsl2q3u9jpjn","previousEventId":"xj68at95y8w49j7","operationId":"bgeqp78hki0hoyz"}
{"type":"log","timestamp":1771304941910,"level":"info","message":"Starting rendering request 25","meta":{"rootId":"dl61szw8zxqt62x","id":"dl61szw8zxqt62x"},"id":"83dhp4opw6r0tux","previousOperationId":"bgeqp78hki0hoyz"}
{"type":"log","timestamp":1771304941920,"level":"info","message":"Rendering template { name: general-ledger-v2, recipe: chrome-pdf, engine: handlebars, preview: false }","meta":{"rootId":"dl61szw8zxqt62x","id":"dl61szw8zxqt62x"},"id":"xa0456v5teeyrsa","previousOperationId":"bgeqp78hki0hoyz"}
{"type":"log","timestamp":1771304941933,"level":"debug","message":"Inline data specified.","meta":{"rootId":"dl61szw8zxqt62x","id":"dl61szw8zxqt62x"},"id":"mq9nvwjd5qjo716","previousOperationId":"bgeqp78hki0hoyz"}
{"type":"log","timestamp":1771304941944,"level":"debug","message":"Base url not specified, skipping its injection.","meta":{"rootId":"dl61szw8zxqt62x","id":"dl61szw8zxqt62x"},"id":"msbzk5wg1u7bzcn","previousOperationId":"bgeqp78hki0hoyz"}
{"type":"operationStart","subtype":"engine","name":"handlebars","timestamp":1771304941958,"id":"bp67l91u5v0ndkw","previousEventId":"l8ecsl2q3u9jpjn","operationId":"semzm4orcdo9tv9","previousOperationId":"bgeqp78hki0hoyz"}
{"type":"log","timestamp":1771304941958,"level":"debug","message":"Rendering engine handlebars","meta":{"rootId":"dl61szw8zxqt62x","id":"dl61szw8zxqt62x"},"id":"oxrkkhjw9tq28ji","previousOperationId":"semzm4orcdo9tv9"}
{"type":"operationEnd","operationId":"semzm4orcdo9tv9","timestamp":1771304942146,"id":"70ssh3ijzctxik6","previousEventId":"bp67l91u5v0ndkw","previousOperationId":"semzm4orcdo9tv9"}
{"type":"operationStart","subtype":"recipe","name":"chrome-pdf","timestamp":1771304942152,"id":"y5j3upvkpign4v1","previousEventId":"70ssh3ijzctxik6","operationId":"j2940ozaqmo1ec5","previousOperationId":"semzm4orcdo9tv9"}
{"type":"log","timestamp":1771304942152,"level":"debug","message":"Executing recipe chrome-pdf","meta":{"rootId":"dl61szw8zxqt62x","id":"dl61szw8zxqt62x"},"id":"h067bzncrrd1v5g","previousOperationId":"j2940ozaqmo1ec5"}
{"type":"log","timestamp":1771304942233,"level":"debug","message":"Converting with chrome Chrome/142.0.7444.175 using chrome-pool strategy","meta":{"rootId":"dl61szw8zxqt62x","id":"dl61szw8zxqt62x"},"id":"hmdo8y2kuncmggz","previousOperationId":"j2940ozaqmo1ec5"}
{"type":"log","timestamp":1771304942887,"level":"debug","message":"Page request: GET (document) file:///tmp/jsreport/autocleanup/9def5e06-1928-45b0-9a0a-35a95340a231-chrome-pdf.html","meta":{"rootId":"dl61szw8zxqt62x","id":"dl61szw8zxqt62x"},"id":"xnanb5fb2rsfbp6","previousOperationId":"j2940ozaqmo1ec5"}
{"type":"log","timestamp":1771304942952,"level":"debug","message":"Page request finished: GET (document) 200 file:///tmp/jsreport/autocleanup/9def5e06-1928-45b0-9a0a-35a95340a231-chrome-pdf.html","meta":{"rootId":"dl61szw8zxqt62x","id":"dl61szw8zxqt62x"},"id":"8vd2vkk9r2ljgkq","previousOperationId":"j2940ozaqmo1ec5"}
{"type":"log","timestamp":1771304942955,"level":"debug","message":"Page request: GET (image) https://paciolibucket.s3.us-east-2.amazonaws.com/orgs/c64b69f6759a43a1bc0ae31961876751/companies/logos/e9767ff4-7186-447f-a397-208ea6bbfdb8_ninosfelices.png?X-Amz-Expires=600&X-Amz-Algorithm=AWS4-HMAC-SHA256&X-Amz-Credential=AKIAVYV5Z6T6UQ4ARWOC%2F20260217%2Fus-east-2%2Fs3%2Faws4_request&X-Amz-Date=20260217T050901Z&X-Amz-SignedHeaders=host&X-Amz-Signature=17e8c0416b7e2867e5e5b8def9fc4f3b05c35c4281fc539ae72ad58be7f896c3","meta":{"rootId":"dl61szw8zxqt62x","id":"dl61szw8zxqt62x"},"id":"vuwfr2rvps52g9a","previousOperationId":"j2940ozaqmo1ec5"}
{"type":"log","timestamp":1771304943580,"level":"debug","message":"Page request finished: GET (image) 200 https://paciolibucket.s3.us-east-2.amazonaws.com/orgs/c64b69f6759a43a1bc0ae31961876751/companies/logos/e9767ff4-7186-447f-a397-208ea6bbfdb8_ninosfelices.png?X-Amz-Expires=600&X-Amz-Algorithm=AWS4-HMAC-SHA256&X-Amz-Credential=AKIAVYV5Z6T6UQ4ARWOC%2F20260217%2Fus-east-2%2Fs3%2Faws4_request&X-Amz-Date=20260217T050901Z&X-Amz-SignedHeaders=host&X-Amz-Signature=17e8c0416b7e2867e5e5b8def9fc4f3b05c35c4281fc539ae72ad58be7f896c3","meta":{"rootId":"dl61szw8zxqt62x","id":"dl61szw8zxqt62x"},"id":"a7ife5c9gjzul1d","previousOperationId":"j2940ozaqmo1ec5"}
{"type":"log","timestamp":1771304943584,"level":"debug","message":"Running chrome with params {\"printBackground\":true,\"timeout\":59535,\"margin\":{}}","meta":{"rootId":"dl61szw8zxqt62x","id":"dl61szw8zxqt62x"},"id":"zef8c9pqpxx40ol","previousOperationId":"j2940ozaqmo1ec5"}
{"type":"operationEnd","operationId":"j2940ozaqmo1ec5","timestamp":1771304943751,"id":"5tpma30ksggoklg","previousEventId":"y5j3upvkpign4v1","previousOperationId":"j2940ozaqmo1ec5"}
{"type":"log","timestamp":1771304943752,"level":"debug","message":"Skipping storing report.","meta":{"rootId":"dl61szw8zxqt62x","id":"dl61szw8zxqt62x"},"id":"iliqxuaja90ng6t","previousOperationId":"j2940ozaqmo1ec5"}
{"type":"log","timestamp":1771304943752,"level":"info","message":"Rendering request 25 finished in 2037 ms","meta":{"rootId":"dl61szw8zxqt62x","id":"dl61szw8zxqt62x"},"id":"qfia96m9mapy1ei","previousOperationId":"j2940ozaqmo1ec5"}
{"type":"operationEnd","subtype":"render","operationId":"bgeqp78hki0hoyz","timestamp":1771304943752,"id":"hkeh9mvi7jtg8di","previousEventId":"5tpma30ksggoklg","previousOperationId":"j2940ozaqmo1ec5"}
{"type":"operationEnd","doDiffs":false,"previousEventId":"xj68at95y8w49j7","previousOperationId":"akiai31cg1dk28z","operationId":"akiai31cg1dk28z","timestamp":1771304943756,"id":"r1iys477jpopmcj"}
