{"type":"operationStart","subtype":"profile","data":{"_id":"84BB5eupZBDXzUF8","timestamp":"2026-02-17T02:43:10.982Z","state":"queued","mode":"standard","creationDate":"2026-02-17T02:43:10.995Z","modificationDate":"2026-02-17T02:43:10.996Z","shortid":"UqBsdWt","$entitySet":"profiles"},"doDiffs":false,"timestamp":1771296190986,"id":"jb08pv15jqrmiyc","previousOperationId":null,"operationId":"cl3h9fh04lc2q4w"}
{"type":"log","level":"info","message":"Render request 11 queued for execution and waiting for available worker","previousOperationId":"cl3h9fh04lc2q4w","timestamp":1771296190987,"id":"e2pt535fooabm7t"}
{"type":"operationStart","subtype":"render","name":"general-ledger-v2","previousOperationId":"cl3h9fh04lc2q4w","timestamp":1771296191077,"id":"szps3cdx2smij4m","previousEventId":"jb08pv15jqrmiyc","operationId":"kdgcusounkh9efl"}
{"type":"log","timestamp":1771296191080,"level":"info","message":"Starting rendering request 11","meta":{"rootId":"drcx27gov3r5tha","id":"drcx27gov3r5tha"},"id":"xvve4smnh4v8ku3","previousOperationId":"kdgcusounkh9efl"}
{"type":"log","timestamp":1771296191083,"level":"info","message":"Rendering template { name: general-ledger-v2, recipe: chrome-pdf, engine: handlebars, preview: false }","meta":{"rootId":"drcx27gov3r5tha","id":"drcx27gov3r5tha"},"id":"c5uggqag6uo5slz","previousOperationId":"kdgcusounkh9efl"}
{"type":"log","timestamp":1771296191089,"level":"debug","message":"Inline data specified.","meta":{"rootId":"drcx27gov3r5tha","id":"drcx27gov3r5tha"},"id":"6r053f4fa9lcunq","previousOperationId":"kdgcusounkh9efl"}
{"type":"log","timestamp":1771296191093,"level":"debug","message":"Base url not specified, skipping its injection.","meta":{"rootId":"drcx27gov3r5tha","id":"drcx27gov3r5tha"},"id":"mn5csci4r3e7gr9","previousOperationId":"kdgcusounkh9efl"}
{"type":"operationStart","subtype":"engine","name":"handlebars","timestamp":1771296191101,"id":"2r7i75qe06x4hfm","previousEventId":"szps3cdx2smij4m","operationId":"gv0h015u4s3wqf6","previousOperationId":"kdgcusounkh9efl"}
{"type":"log","timestamp":1771296191105,"level":"debug","message":"Rendering engine handlebars","meta":{"rootId":"drcx27gov3r5tha","id":"drcx27gov3r5tha"},"id":"l5q6pz5827tom95","previousOperationId":"gv0h015u4s3wqf6"}
{"type":"operationEnd","operationId":"gv0h015u4s3wqf6","timestamp":1771296191299,"id":"z6xwmp48g5athy1","previousEventId":"2r7i75qe06x4hfm","previousOperationId":"gv0h015u4s3wqf6"}
{"type":"operationStart","subtype":"recipe","name":"chrome-pdf","timestamp":1771296191300,"id":"8n5q32zabm5d16s","previousEventId":"z6xwmp48g5athy1","operationId":"g1z3f83tur5pvta","previousOperationId":"gv0h015u4s3wqf6"}
{"type":"log","timestamp":1771296191300,"level":"debug","message":"Executing recipe chrome-pdf","meta":{"rootId":"drcx27gov3r5tha","id":"drcx27gov3r5tha"},"id":"3of7zyiofe9ssn4","previousOperationId":"g1z3f83tur5pvta"}
{"type":"log","timestamp":1771296191334,"level":"debug","message":"Converting with chrome Chrome/142.0.7444.175 using chrome-pool strategy","meta":{"rootId":"drcx27gov3r5tha","id":"drcx27gov3r5tha"},"id":"ji670r3i9a2j3fc","previousOperationId":"g1z3f83tur5pvta"}
{"type":"log","timestamp":1771296191852,"level":"debug","message":"Page request: GET (document) file:///tmp/jsreport/autocleanup/52ad114b-5df4-47e9-b163-292f9c200dc6-chrome-pdf.html","meta":{"rootId":"drcx27gov3r5tha","id":"drcx27gov3r5tha"},"id":"t1ibq117jjbayx4","previousOperationId":"g1z3f83tur5pvta"}
{"type":"log","timestamp":1771296191899,"level":"debug","message":"Page request finished: GET (document) 200 file:///tmp/jsreport/autocleanup/52ad114b-5df4-47e9-b163-292f9c200dc6-chrome-pdf.html","meta":{"rootId":"drcx27gov3r5tha","id":"drcx27gov3r5tha"},"id":"fyqz98qcuclipq6","previousOperationId":"g1z3f83tur5pvta"}
{"type":"log","timestamp":1771296191901,"level":"debug","message":"Page request: GET (image) https://paciolibucket.s3.us-east-2.amazonaws.com/orgs/c64b69f6759a43a1bc0ae31961876751/companies/logos/e9767ff4-7186-447f-a397-208ea6bbfdb8_ninosfelices.png?X-Amz-Expires=600&X-Amz-Algorithm=AWS4-HMAC-SHA256&X-Amz-Credential=AKIAVYV5Z6T6UQ4ARWOC%2F20260217%2Fus-east-2%2Fs3%2Faws4_request&X-Amz-Date=20260217T024310Z&X-Amz-SignedHeaders=host&X-Amz-Signature=675f7f6273d91963e4c3cdc25548d5894be8000183535afa0c821adea2340871","meta":{"rootId":"drcx27gov3r5tha","id":"drcx27gov3r5tha"},"id":"cjjsnia8nv604h5","previousOperationId":"g1z3f83tur5pvta"}
{"type":"log","timestamp":1771296192516,"level":"debug","message":"Page request finished: GET (image) 200 https://paciolibucket.s3.us-east-2.amazonaws.com/orgs/c64b69f6759a43a1bc0ae31961876751/companies/logos/e9767ff4-7186-447f-a397-208ea6bbfdb8_ninosfelices.png?X-Amz-Expires=600&X-Amz-Algorithm=AWS4-HMAC-SHA256&X-Amz-Credential=AKIAVYV5Z6T6UQ4ARWOC%2F20260217%2Fus-east-2%2Fs3%2Faws4_request&X-Amz-Date=20260217T024310Z&X-Amz-SignedHeaders=host&X-Amz-Signature=675f7f6273d91963e4c3cdc25548d5894be8000183535afa0c821adea2340871","meta":{"rootId":"drcx27gov3r5tha","id":"drcx27gov3r5tha"},"id":"uk3j16x6jtz9jkp","previousOperationId":"g1z3f83tur5pvta"}
{"type":"log","timestamp":1771296192521,"level":"debug","message":"Running chrome with params {\"printBackground\":true,\"timeout\":59668,\"margin\":{}}","meta":{"rootId":"drcx27gov3r5tha","id":"drcx27gov3r5tha"},"id":"zo4exp3jin163uw","previousOperationId":"g1z3f83tur5pvta"}
{"type":"operationEnd","operationId":"g1z3f83tur5pvta","timestamp":1771296192710,"id":"cxkjwor8gobuv1u","previousEventId":"8n5q32zabm5d16s","previousOperationId":"g1z3f83tur5pvta"}
{"type":"log","timestamp":1771296192710,"level":"debug","message":"Skipping storing report.","meta":{"rootId":"drcx27gov3r5tha","id":"drcx27gov3r5tha"},"id":"f0fhd68dkipj5yi","previousOperationId":"g1z3f83tur5pvta"}
{"type":"log","timestamp":1771296192710,"level":"info","message":"Rendering request 11 finished in 1735 ms","meta":{"rootId":"drcx27gov3r5tha","id":"drcx27gov3r5tha"},"id":"ixfqnfhf6bvf2tm","previousOperationId":"g1z3f83tur5pvta"}
{"type":"operationEnd","subtype":"render","operationId":"kdgcusounkh9efl","timestamp":1771296192710,"id":"v5a3kvmzv8n7zcn","previousEventId":"cxkjwor8gobuv1u","previousOperationId":"g1z3f83tur5pvta"}
{"type":"operationEnd","doDiffs":false,"previousEventId":"jb08pv15jqrmiyc","previousOperationId":"cl3h9fh04lc2q4w","operationId":"cl3h9fh04lc2q4w","timestamp":1771296192715,"id":"rhvqjjonit8jspf"}
