{"type":"operationStart","subtype":"profile","data":{"_id":"m3YZ4sDQBQNObZJu","timestamp":"2026-02-17T03:09:23.524Z","state":"queued","mode":"standard","creationDate":"2026-02-17T03:09:23.530Z","modificationDate":"2026-02-17T03:09:23.530Z","shortid":"gYGpzJR","$entitySet":"profiles"},"doDiffs":false,"timestamp":1771297763529,"id":"ghrgmqwvvfc4uuo","previousOperationId":null,"operationId":"2xzqzhb8uyrp747"}
{"type":"log","level":"info","message":"Render request 13 queued for execution and waiting for available worker","previousOperationId":"2xzqzhb8uyrp747","timestamp":1771297763529,"id":"fyuj8xzywqzi2o0"}
{"type":"operationStart","subtype":"render","name":"general-ledger-v2","previousOperationId":"2xzqzhb8uyrp747","timestamp":1771297763619,"id":"u7p3n8d511wwhcq","previousEventId":"ghrgmqwvvfc4uuo","operationId":"rekyaccnn6h5rol"}
{"type":"log","timestamp":1771297763624,"level":"info","message":"Starting rendering request 13","meta":{"rootId":"dtgtwqfmm9nq5ee","id":"dtgtwqfmm9nq5ee"},"id":"shctimtpv7h15pb","previousOperationId":"rekyaccnn6h5rol"}
{"type":"log","timestamp":1771297763627,"level":"info","message":"Rendering template { name: general-ledger-v2, recipe: chrome-pdf, engine: handlebars, preview: false }","meta":{"rootId":"dtgtwqfmm9nq5ee","id":"dtgtwqfmm9nq5ee"},"id":"pa632x6w47gu27u","previousOperationId":"rekyaccnn6h5rol"}
{"type":"log","timestamp":1771297763633,"level":"debug","message":"Inline data specified.","meta":{"rootId":"dtgtwqfmm9nq5ee","id":"dtgtwqfmm9nq5ee"},"id":"bo1fuqcx0vblzjq","previousOperationId":"rekyaccnn6h5rol"}
{"type":"log","timestamp":1771297763637,"level":"debug","message":"Base url not specified, skipping its injection.","meta":{"rootId":"dtgtwqfmm9nq5ee","id":"dtgtwqfmm9nq5ee"},"id":"rtx123gbm281506","previousOperationId":"rekyaccnn6h5rol"}
{"type":"operationStart","subtype":"engine","name":"handlebars","timestamp":1771297763648,"id":"kitteoqh77a6rt1","previousEventId":"u7p3n8d511wwhcq","operationId":"741l0ig9oyrbmav","previousOperationId":"rekyaccnn6h5rol"}
{"type":"log","timestamp":1771297763648,"level":"debug","message":"Rendering engine handlebars","meta":{"rootId":"dtgtwqfmm9nq5ee","id":"dtgtwqfmm9nq5ee"},"id":"li76b1jz7d4wvsz","previousOperationId":"741l0ig9oyrbmav"}
{"type":"operationEnd","operationId":"741l0ig9oyrbmav","timestamp":1771297763756,"id":"h8emqt2uoqsuvud","previousEventId":"kitteoqh77a6rt1","previousOperationId":"741l0ig9oyrbmav"}
{"type":"operationStart","subtype":"recipe","name":"chrome-pdf","timestamp":1771297763757,"id":"206x19ijyw4e60c","previousEventId":"h8emqt2uoqsuvud","operationId":"u8sf4n1cw6sa8db","previousOperationId":"741l0ig9oyrbmav"}
{"type":"log","timestamp":1771297763757,"level":"debug","message":"Executing recipe chrome-pdf","meta":{"rootId":"dtgtwqfmm9nq5ee","id":"dtgtwqfmm9nq5ee"},"id":"ulneqxief4zzz42","previousOperationId":"u8sf4n1cw6sa8db"}
{"type":"log","timestamp":1771297763796,"level":"debug","message":"Converting with chrome Chrome/142.0.7444.175 using chrome-pool strategy","meta":{"rootId":"dtgtwqfmm9nq5ee","id":"dtgtwqfmm9nq5ee"},"id":"byl4i7g8mgxqd03","previousOperationId":"u8sf4n1cw6sa8db"}
{"type":"log","timestamp":1771297763940,"level":"debug","message":"Page request: GET (document) file:///tmp/jsreport/autocleanup/a15553df-0303-4e3f-b678-2f34a21386cd-chrome-pdf.html","meta":{"rootId":"dtgtwqfmm9nq5ee","id":"dtgtwqfmm9nq5ee"},"id":"ut7ih65ey4a497y","previousOperationId":"u8sf4n1cw6sa8db"}
{"type":"log","timestamp":1771297763956,"level":"debug","message":"Page request finished: GET (document) 200 file:///tmp/jsreport/autocleanup/a15553df-0303-4e3f-b678-2f34a21386cd-chrome-pdf.html","meta":{"rootId":"dtgtwqfmm9nq5ee","id":"dtgtwqfmm9nq5ee"},"id":"l0hiolo0dzcmnq6","previousOperationId":"u8sf4n1cw6sa8db"}
{"type":"log","timestamp":1771297763959,"level":"debug","message":"Page request: GET (image) https://paciolibucket.s3.us-east-2.amazonaws.com/orgs/c64b69f6759a43a1bc0ae31961876751/companies/logos/e9767ff4-7186-447f-a397-208ea6bbfdb8_ninosfelices.png?X-Amz-Expires=600&X-Amz-Algorithm=AWS4-HMAC-SHA256&X-Amz-Credential=AKIAVYV5Z6T6UQ4ARWOC%2F20260217%2Fus-east-2%2Fs3%2Faws4_request&X-Amz-Date=20260217T030923Z&X-Amz-SignedHeaders=host&X-Amz-Signature=1d1cfb89a84e46f65bb1a8cf97b01456f0ba2431f390510aabf81fed8699308f","meta":{"rootId":"dtgtwqfmm9nq5ee","id":"dtgtwqfmm9nq5ee"},"id":"wq4ny3i3atzy8c3","previousOperationId":"u8sf4n1cw6sa8db"}
{"type":"log","timestamp":1771297764491,"level":"debug","message":"Page request finished: GET (image) 200 https://paciolibucket.s3.us-east-2.amazonaws.com/orgs/c64b69f6759a43a1bc0ae31961876751/companies/logos/e9767ff4-7186-447f-a397-208ea6bbfdb8_ninosfelices.png?X-Amz-Expires=600&X-Amz-Algorithm=AWS4-HMAC-SHA256&X-Amz-Credential=AKIAVYV5Z6T6UQ4ARWOC%2F20260217%2Fus-east-2%2Fs3%2Faws4_request&X-Amz-Date=20260217T030923Z&X-Amz-SignedHeaders=host&X-Amz-Signature=1d1cfb89a84e46f65bb1a8cf97b01456f0ba2431f390510aabf81fed8699308f","meta":{"rootId":"dtgtwqfmm9nq5ee","id":"dtgtwqfmm9nq5ee"},"id":"5tkle5ehpk72ziq","previousOperationId":"u8sf4n1cw6sa8db"}
{"type":"log","timestamp":1771297764492,"level":"debug","message":"Running chrome with params {\"printBackground\":true,\"timeout\":59754,\"margin\":{}}","meta":{"rootId":"dtgtwqfmm9nq5ee","id":"dtgtwqfmm9nq5ee"},"id":"88lgual2vd1qsvs","previousOperationId":"u8sf4n1cw6sa8db"}
{"type":"operationEnd","operationId":"u8sf4n1cw6sa8db","timestamp":1771297764556,"id":"avxnepstb5yybqb","previousEventId":"206x19ijyw4e60c","previousOperationId":"u8sf4n1cw6sa8db"}
{"type":"log","timestamp":1771297764556,"level":"debug","message":"Skipping storing report.","meta":{"rootId":"dtgtwqfmm9nq5ee","id":"dtgtwqfmm9nq5ee"},"id":"sakn4mlyty5o077","previousOperationId":"u8sf4n1cw6sa8db"}
{"type":"log","timestamp":1771297764556,"level":"info","message":"Rendering request 13 finished in 1033 ms","meta":{"rootId":"dtgtwqfmm9nq5ee","id":"dtgtwqfmm9nq5ee"},"id":"cn1nrmqa8nmuv3h","previousOperationId":"u8sf4n1cw6sa8db"}
{"type":"operationEnd","subtype":"render","operationId":"rekyaccnn6h5rol","timestamp":1771297764556,"id":"fpg6yo0zce2res8","previousEventId":"avxnepstb5yybqb","previousOperationId":"u8sf4n1cw6sa8db"}
{"type":"operationEnd","doDiffs":false,"previousEventId":"ghrgmqwvvfc4uuo","previousOperationId":"2xzqzhb8uyrp747","operationId":"2xzqzhb8uyrp747","timestamp":1771297764557,"id":"0k814heg5izksut"}
