{"type":"operationStart","subtype":"profile","data":{"_id":"InaqYKSXhqyc3Dys","timestamp":"2026-02-18T01:10:13.434Z","state":"queued","mode":"standard","creationDate":"2026-02-18T01:10:13.452Z","modificationDate":"2026-02-18T01:10:13.452Z","shortid":"NtokGDi","$entitySet":"profiles"},"doDiffs":false,"timestamp":1771377013443,"id":"tpyyl5kcgxim12p","previousOperationId":null,"operationId":"apdeyuj8on984x6"}
{"type":"log","level":"info","message":"Render request 6 queued for execution and waiting for available worker","previousOperationId":"apdeyuj8on984x6","timestamp":1771377013443,"id":"6dpxkzxy9dnsff7"}
{"type":"operationStart","subtype":"render","name":"general-ledger-v2","previousOperationId":"apdeyuj8on984x6","timestamp":1771377013543,"id":"p84n3l05q856hqy","previousEventId":"tpyyl5kcgxim12p","operationId":"1wh0io9zvcgmd4y"}
{"type":"log","timestamp":1771377013547,"level":"info","message":"Starting rendering request 6","meta":{"rootId":"e78u5o9kvj37ldy","id":"e78u5o9kvj37ldy"},"id":"3zls41ekf7gwvq3","previousOperationId":"1wh0io9zvcgmd4y"}
{"type":"log","timestamp":1771377013551,"level":"info","message":"Rendering template { name: general-ledger-v2, recipe: chrome-pdf, engine: handlebars, preview: false }","meta":{"rootId":"e78u5o9kvj37ldy","id":"e78u5o9kvj37ldy"},"id":"4f9kw8k21ak0r9r","previousOperationId":"1wh0io9zvcgmd4y"}
{"type":"log","timestamp":1771377013557,"level":"debug","message":"Inline data specified.","meta":{"rootId":"e78u5o9kvj37ldy","id":"e78u5o9kvj37ldy"},"id":"yj3xytue0khpxom","previousOperationId":"1wh0io9zvcgmd4y"}
{"type":"log","timestamp":1771377013570,"level":"debug","message":"Base url not specified, skipping its injection.","meta":{"rootId":"e78u5o9kvj37ldy","id":"e78u5o9kvj37ldy"},"id":"y8kh68u39be9qs8","previousOperationId":"1wh0io9zvcgmd4y"}
{"type":"operationStart","subtype":"engine","name":"handlebars","timestamp":1771377013574,"id":"2sxhtnkul4nwjz4","previousEventId":"p84n3l05q856hqy","operationId":"88in3art1h41hwn","previousOperationId":"1wh0io9zvcgmd4y"}
{"type":"log","timestamp":1771377013574,"level":"debug","message":"Rendering engine handlebars","meta":{"rootId":"e78u5o9kvj37ldy","id":"e78u5o9kvj37ldy"},"id":"oodfcf9qsg7uf2l","previousOperationId":"88in3art1h41hwn"}
{"type":"operationEnd","operationId":"88in3art1h41hwn","timestamp":1771377013791,"id":"qspgvkxfsusgzn0","previousEventId":"2sxhtnkul4nwjz4","previousOperationId":"88in3art1h41hwn"}
{"type":"operationStart","subtype":"recipe","name":"chrome-pdf","timestamp":1771377013792,"id":"yhgudqy7yjd9zct","previousEventId":"qspgvkxfsusgzn0","operationId":"tlmlt2y5bppqpwz","previousOperationId":"88in3art1h41hwn"}
{"type":"log","timestamp":1771377013792,"level":"debug","message":"Executing recipe chrome-pdf","meta":{"rootId":"e78u5o9kvj37ldy","id":"e78u5o9kvj37ldy"},"id":"q1g1k970z348b2f","previousOperationId":"tlmlt2y5bppqpwz"}
{"type":"log","timestamp":1771377013822,"level":"debug","message":"Converting with chrome Chrome/142.0.7444.175 using chrome-pool strategy","meta":{"rootId":"e78u5o9kvj37ldy","id":"e78u5o9kvj37ldy"},"id":"xm2qclsh1fhimk1","previousOperationId":"tlmlt2y5bppqpwz"}
{"type":"log","timestamp":1771377014286,"level":"debug","message":"Page request: GET (document) file:///tmp/jsreport/autocleanup/0375415a-7d4c-4497-89d7-011c229f2a46-chrome-pdf.html","meta":{"rootId":"e78u5o9kvj37ldy","id":"e78u5o9kvj37ldy"},"id":"udhevgwgu3rvx7j","previousOperationId":"tlmlt2y5bppqpwz"}
{"type":"log","timestamp":1771377014325,"level":"debug","message":"Page request finished: GET (document) 200 file:///tmp/jsreport/autocleanup/0375415a-7d4c-4497-89d7-011c229f2a46-chrome-pdf.html","meta":{"rootId":"e78u5o9kvj37ldy","id":"e78u5o9kvj37ldy"},"id":"idi0xybyi7fkfmj","previousOperationId":"tlmlt2y5bppqpwz"}
{"type":"log","timestamp":1771377014326,"level":"debug","message":"Page request: GET (image) https://paciolibucket.s3.us-east-2.amazonaws.com/orgs/c64b69f6759a43a1bc0ae31961876751/companies/logos/e9767ff4-7186-447f-a397-208ea6bbfdb8_ninosfelices.png?X-Amz-Expires=600&X-Amz-Algorithm=AWS4-HMAC-SHA256&X-Amz-Credential=AKIAVYV5Z6T6UQ4ARWOC%2F20260218%2Fus-east-2%2Fs3%2Faws4_request&X-Amz-Date=20260218T011013Z&X-Amz-SignedHeaders=host&X-Amz-Signature=6902c1bc90e3325f1ece11ff4e10e52e9d6d2755d48fbef3a22689cd64372adf","meta":{"rootId":"e78u5o9kvj37ldy","id":"e78u5o9kvj37ldy"},"id":"72jgvf4t694qfui","previousOperationId":"tlmlt2y5bppqpwz"}
{"type":"log","timestamp":1771377014878,"level":"debug","message":"Page request finished: GET (image) 200 https://paciolibucket.s3.us-east-2.amazonaws.com/orgs/c64b69f6759a43a1bc0ae31961876751/companies/logos/e9767ff4-7186-447f-a397-208ea6bbfdb8_ninosfelices.png?X-Amz-Expires=600&X-Amz-Algorithm=AWS4-HMAC-SHA256&X-Amz-Credential=AKIAVYV5Z6T6UQ4ARWOC%2F20260218%2Fus-east-2%2Fs3%2Faws4_request&X-Amz-Date=20260218T011013Z&X-Amz-SignedHeaders=host&X-Amz-Signature=6902c1bc90e3325f1ece11ff4e10e52e9d6d2755d48fbef3a22689cd64372adf","meta":{"rootId":"e78u5o9kvj37ldy","id":"e78u5o9kvj37ldy"},"id":"6jdvaq97lnddwt5","previousOperationId":"tlmlt2y5bppqpwz"}
{"type":"log","timestamp":1771377014882,"level":"debug","message":"Running chrome with params {\"printBackground\":true,\"timeout\":59626,\"margin\":{}}","meta":{"rootId":"e78u5o9kvj37ldy","id":"e78u5o9kvj37ldy"},"id":"kyd545av8u2wd43","previousOperationId":"tlmlt2y5bppqpwz"}
{"type":"operationEnd","operationId":"tlmlt2y5bppqpwz","timestamp":1771377015008,"id":"g8xlw5prqa8ukiy","previousEventId":"yhgudqy7yjd9zct","previousOperationId":"tlmlt2y5bppqpwz"}
{"type":"log","timestamp":1771377015008,"level":"debug","message":"Skipping storing report.","meta":{"rootId":"e78u5o9kvj37ldy","id":"e78u5o9kvj37ldy"},"id":"8dr4mx2367lqml6","previousOperationId":"tlmlt2y5bppqpwz"}
{"type":"log","timestamp":1771377015008,"level":"info","message":"Rendering request 6 finished in 1582 ms","meta":{"rootId":"e78u5o9kvj37ldy","id":"e78u5o9kvj37ldy"},"id":"4prs0p5la0de5eq","previousOperationId":"tlmlt2y5bppqpwz"}
{"type":"operationEnd","subtype":"render","operationId":"1wh0io9zvcgmd4y","timestamp":1771377015008,"id":"ivvqikoaf8xvsvb","previousEventId":"g8xlw5prqa8ukiy","previousOperationId":"tlmlt2y5bppqpwz"}
{"type":"operationEnd","doDiffs":false,"previousEventId":"tpyyl5kcgxim12p","previousOperationId":"apdeyuj8on984x6","operationId":"apdeyuj8on984x6","timestamp":1771377015015,"id":"kvy1few2awih7lt"}
