{"type":"operationStart","subtype":"profile","data":{"_id":"JV8XeHNvoqWLYXYJ","timestamp":"2026-02-17T15:05:03.375Z","state":"queued","mode":"standard","creationDate":"2026-02-17T15:05:03.377Z","modificationDate":"2026-02-17T15:05:03.377Z","shortid":"DPyNRAO","$entitySet":"profiles"},"doDiffs":false,"timestamp":1771340703376,"id":"cips3jkbswr5hr1","previousOperationId":null,"operationId":"am3umv1j3403ls5"}
{"type":"log","level":"info","message":"Render request 1 queued for execution and waiting for available worker","previousOperationId":"am3umv1j3403ls5","timestamp":1771340703376,"id":"mqebjjtadc6bk06"}
{"type":"operationStart","subtype":"render","name":"general-ledger-v2","previousOperationId":"am3umv1j3403ls5","timestamp":1771340703456,"id":"cx5i1qkeat5n7nr","previousEventId":"cips3jkbswr5hr1","operationId":"jo531nsscf69s52"}
{"type":"log","timestamp":1771340703457,"level":"info","message":"Starting rendering request 1","meta":{"rootId":"ecsi8rrc3tuveb8","id":"ecsi8rrc3tuveb8"},"id":"hhgqkj3th0qla67","previousOperationId":"jo531nsscf69s52"}
{"type":"log","timestamp":1771340703457,"level":"info","message":"Rendering template { name: general-ledger-v2, recipe: chrome-pdf, engine: handlebars, preview: false }","meta":{"rootId":"ecsi8rrc3tuveb8","id":"ecsi8rrc3tuveb8"},"id":"32ox2lin7owokyn","previousOperationId":"jo531nsscf69s52"}
{"type":"log","timestamp":1771340703459,"level":"debug","message":"Inline data specified.","meta":{"rootId":"ecsi8rrc3tuveb8","id":"ecsi8rrc3tuveb8"},"id":"e6vdxiwezf88o3q","previousOperationId":"jo531nsscf69s52"}
{"type":"log","timestamp":1771340703462,"level":"debug","message":"Base url not specified, skipping its injection.","meta":{"rootId":"ecsi8rrc3tuveb8","id":"ecsi8rrc3tuveb8"},"id":"po23b4yr3b3h8r6","previousOperationId":"jo531nsscf69s52"}
{"type":"operationStart","subtype":"engine","name":"handlebars","timestamp":1771340703462,"id":"0yhaxnkmbh0tn6p","previousEventId":"cx5i1qkeat5n7nr","operationId":"5d1f9uohsdq5xih","previousOperationId":"jo531nsscf69s52"}
{"type":"log","timestamp":1771340703462,"level":"debug","message":"Rendering engine handlebars","meta":{"rootId":"ecsi8rrc3tuveb8","id":"ecsi8rrc3tuveb8"},"id":"8u999ii7s7tkhe0","previousOperationId":"5d1f9uohsdq5xih"}
{"type":"operationEnd","operationId":"5d1f9uohsdq5xih","timestamp":1771340704006,"id":"2tgtalkycfg6k18","previousEventId":"0yhaxnkmbh0tn6p","previousOperationId":"5d1f9uohsdq5xih"}
{"type":"operationStart","subtype":"recipe","name":"chrome-pdf","timestamp":1771340704007,"id":"zyaaf6s98qh58kg","previousEventId":"2tgtalkycfg6k18","operationId":"c8r8aurzj6fgvoh","previousOperationId":"5d1f9uohsdq5xih"}
{"type":"log","timestamp":1771340704007,"level":"debug","message":"Executing recipe chrome-pdf","meta":{"rootId":"ecsi8rrc3tuveb8","id":"ecsi8rrc3tuveb8"},"id":"oil9ejz29ruzpbz","previousOperationId":"c8r8aurzj6fgvoh"}
{"type":"log","timestamp":1771340704919,"level":"debug","message":"Converting with chrome Chrome/142.0.7444.175 using chrome-pool strategy","meta":{"rootId":"ecsi8rrc3tuveb8","id":"ecsi8rrc3tuveb8"},"id":"gjvlp6b6gk7ets0","previousOperationId":"c8r8aurzj6fgvoh"}
{"type":"log","timestamp":1771340705040,"level":"debug","message":"Page request: GET (document) file:///tmp/jsreport/autocleanup/355ee3bc-dfbc-43e4-a586-cdc034616b3a-chrome-pdf.html","meta":{"rootId":"ecsi8rrc3tuveb8","id":"ecsi8rrc3tuveb8"},"id":"crdc8e8wpm9v1w7","previousOperationId":"c8r8aurzj6fgvoh"}
{"type":"log","timestamp":1771340705055,"level":"debug","message":"Page request: GET (image) https://paciolibucket.s3.us-east-2.amazonaws.com/orgs/c64b69f6759a43a1bc0ae31961876751/companies/logos/e9767ff4-7186-447f-a397-208ea6bbfdb8_ninosfelices.png?X-Amz-Expires=600&X-Amz-Algorithm=AWS4-HMAC-SHA256&X-Amz-Credential=AKIAVYV5Z6T6UQ4ARWOC%2F20260217%2Fus-east-2%2Fs3%2Faws4_request&X-Amz-Date=20260217T150503Z&X-Amz-SignedHeaders=host&X-Amz-Signature=aa6f2277a0f5516f44b7489f736406e45c0cf99d1cf3c5a336e3e523179020ed","meta":{"rootId":"ecsi8rrc3tuveb8","id":"ecsi8rrc3tuveb8"},"id":"wsp8wk8vfr46pei","previousOperationId":"c8r8aurzj6fgvoh"}
{"type":"log","timestamp":1771340705059,"level":"debug","message":"Page request finished: GET (document) 200 file:///tmp/jsreport/autocleanup/355ee3bc-dfbc-43e4-a586-cdc034616b3a-chrome-pdf.html","meta":{"rootId":"ecsi8rrc3tuveb8","id":"ecsi8rrc3tuveb8"},"id":"jb9wfo87iwjlusp","previousOperationId":"c8r8aurzj6fgvoh"}
{"type":"log","timestamp":1771340705585,"level":"debug","message":"Page request finished: GET (image) 200 https://paciolibucket.s3.us-east-2.amazonaws.com/orgs/c64b69f6759a43a1bc0ae31961876751/companies/logos/e9767ff4-7186-447f-a397-208ea6bbfdb8_ninosfelices.png?X-Amz-Expires=600&X-Amz-Algorithm=AWS4-HMAC-SHA256&X-Amz-Credential=AKIAVYV5Z6T6UQ4ARWOC%2F20260217%2Fus-east-2%2Fs3%2Faws4_request&X-Amz-Date=20260217T150503Z&X-Amz-SignedHeaders=host&X-Amz-Signature=aa6f2277a0f5516f44b7489f736406e45c0cf99d1cf3c5a336e3e523179020ed","meta":{"rootId":"ecsi8rrc3tuveb8","id":"ecsi8rrc3tuveb8"},"id":"ho9nmcdrhwxbl5z","previousOperationId":"c8r8aurzj6fgvoh"}
{"type":"log","timestamp":1771340705588,"level":"debug","message":"Running chrome with params {\"printBackground\":true,\"timeout\":59361,\"margin\":{}}","meta":{"rootId":"ecsi8rrc3tuveb8","id":"ecsi8rrc3tuveb8"},"id":"dz0qycuiy47rwaq","previousOperationId":"c8r8aurzj6fgvoh"}
{"type":"operationEnd","operationId":"c8r8aurzj6fgvoh","timestamp":1771340705666,"id":"ujzaxqir8y8zjq8","previousEventId":"zyaaf6s98qh58kg","previousOperationId":"c8r8aurzj6fgvoh"}
{"type":"log","timestamp":1771340705667,"level":"debug","message":"Skipping storing report.","meta":{"rootId":"ecsi8rrc3tuveb8","id":"ecsi8rrc3tuveb8"},"id":"0idsknw5p75nxg6","previousOperationId":"c8r8aurzj6fgvoh"}
{"type":"log","timestamp":1771340705667,"level":"info","message":"Rendering request 1 finished in 2293 ms","meta":{"rootId":"ecsi8rrc3tuveb8","id":"ecsi8rrc3tuveb8"},"id":"xt1dt4zojqsftny","previousOperationId":"c8r8aurzj6fgvoh"}
{"type":"operationEnd","subtype":"render","operationId":"jo531nsscf69s52","timestamp":1771340705667,"id":"9zh3y0zkd38hxg2","previousEventId":"ujzaxqir8y8zjq8","previousOperationId":"c8r8aurzj6fgvoh"}
{"type":"operationEnd","doDiffs":false,"previousEventId":"cips3jkbswr5hr1","previousOperationId":"am3umv1j3403ls5","operationId":"am3umv1j3403ls5","timestamp":1771340705669,"id":"j7b4yjslm144yn5"}
