{"type":"operationStart","subtype":"profile","data":{"_id":"YjiGQd2Gk1fKaXqR","timestamp":"2026-02-03T00:57:44.276Z","state":"queued","mode":"standard","creationDate":"2026-02-03T00:57:44.277Z","modificationDate":"2026-02-03T00:57:44.277Z","shortid":"uqUL5qg","$entitySet":"profiles"},"doDiffs":false,"timestamp":1770080264276,"id":"95kwqli0nu8ddia","previousOperationId":null,"operationId":"lcue8ntfv5i2hht"}
{"type":"log","level":"info","message":"Render request 2 queued for execution and waiting for available worker","previousOperationId":"lcue8ntfv5i2hht","timestamp":1770080264277,"id":"eobn3gopwx09jjs"}
{"type":"operationStart","subtype":"render","name":"general-ledger-v2","previousOperationId":"lcue8ntfv5i2hht","timestamp":1770080264348,"id":"bldxhxd67coueer","previousEventId":"95kwqli0nu8ddia","operationId":"3hu90xh2yyyefan"}
{"type":"log","timestamp":1770080264352,"level":"info","message":"Starting rendering request 2","meta":{"rootId":"fb9i8hk3dga4w0e","id":"fb9i8hk3dga4w0e"},"id":"uf0sf52fcgc5w1p","previousOperationId":"3hu90xh2yyyefan"}
{"type":"log","timestamp":1770080264356,"level":"info","message":"Rendering template { name: general-ledger-v2, recipe: chrome-pdf, engine: handlebars, preview: true }","meta":{"rootId":"fb9i8hk3dga4w0e","id":"fb9i8hk3dga4w0e"},"id":"haj0o0jy6rbli3q","previousOperationId":"3hu90xh2yyyefan"}
{"type":"log","timestamp":1770080264362,"level":"debug","message":"Adding sample data YCG3bWhuf","meta":{"rootId":"fb9i8hk3dga4w0e","id":"fb9i8hk3dga4w0e"},"id":"6c3owa2tufk306y","previousOperationId":"3hu90xh2yyyefan"}
{"type":"log","timestamp":1770080264371,"level":"debug","message":"Base url not specified, skipping its injection.","meta":{"rootId":"fb9i8hk3dga4w0e","id":"fb9i8hk3dga4w0e"},"id":"g5jj49t1c18zx1g","previousOperationId":"3hu90xh2yyyefan"}
{"type":"operationStart","subtype":"engine","name":"handlebars","timestamp":1770080264375,"id":"qsnqj2gq1i85m0y","previousEventId":"bldxhxd67coueer","operationId":"25y1ygm948117hv","previousOperationId":"3hu90xh2yyyefan"}
{"type":"log","timestamp":1770080264375,"level":"debug","message":"Rendering engine handlebars","meta":{"rootId":"fb9i8hk3dga4w0e","id":"fb9i8hk3dga4w0e"},"id":"2pnweif7o2h0tjp","previousOperationId":"25y1ygm948117hv"}
{"type":"operationEnd","operationId":"25y1ygm948117hv","timestamp":1770080264806,"id":"l44ys4k67tdtcaw","previousEventId":"qsnqj2gq1i85m0y","previousOperationId":"25y1ygm948117hv"}
{"type":"operationStart","subtype":"recipe","name":"chrome-pdf","timestamp":1770080264807,"id":"7tgxs3509yjii30","previousEventId":"l44ys4k67tdtcaw","operationId":"s2yaour491td56h","previousOperationId":"25y1ygm948117hv"}
{"type":"log","timestamp":1770080264807,"level":"debug","message":"Executing recipe chrome-pdf","meta":{"rootId":"fb9i8hk3dga4w0e","id":"fb9i8hk3dga4w0e"},"id":"dg5by3iklo27t6e","previousOperationId":"s2yaour491td56h"}
{"type":"log","timestamp":1770080265180,"level":"debug","message":"Converting with chrome Chrome/142.0.7444.175 using chrome-pool strategy","meta":{"rootId":"fb9i8hk3dga4w0e","id":"fb9i8hk3dga4w0e"},"id":"4l82kitri4af2p6","previousOperationId":"s2yaour491td56h"}
{"type":"log","timestamp":1770080265259,"level":"debug","message":"Page request: GET (document) file:///tmp/jsreport/autocleanup/e026fc6b-b1e7-4951-906d-bae439a4bfd0-chrome-pdf.html","meta":{"rootId":"fb9i8hk3dga4w0e","id":"fb9i8hk3dga4w0e"},"id":"vg4iyswgo3drfak","previousOperationId":"s2yaour491td56h"}
{"type":"log","timestamp":1770080265275,"level":"debug","message":"Page request finished: GET (document) 200 file:///tmp/jsreport/autocleanup/e026fc6b-b1e7-4951-906d-bae439a4bfd0-chrome-pdf.html","meta":{"rootId":"fb9i8hk3dga4w0e","id":"fb9i8hk3dga4w0e"},"id":"tl2hua8d3qrgog6","previousOperationId":"s2yaour491td56h"}
{"type":"log","timestamp":1770080265275,"level":"debug","message":"Page request: GET (image) https://paciolibucket.s3.us-east-2.amazonaws.com/orgs/c64b69f6759a43a1bc0ae31961876751/companies/logos/e9767ff4-7186-447f-a397-208ea6bbfdb8_ninosfelices.png?X-Amz-Expires=600&X-Amz-Algorithm=AWS4-HMAC-SHA256&X-Amz-Credential=AKIAVYV5Z6T6UQ4ARWOC%2F20260123%2Fus-east-2%2Fs3%2Faws4_request&X-Amz-Date=20260123T040554Z&X-Amz-SignedHeaders=host&X-Amz-Signature=747c15527b5085b1be2ddd3c10637621ec12ad2e785b0bc43d8c81665def75d9","meta":{"rootId":"fb9i8hk3dga4w0e","id":"fb9i8hk3dga4w0e"},"id":"lpivipn905vpmnw","previousOperationId":"s2yaour491td56h"}
{"type":"log","timestamp":1770080265659,"level":"warn","message":"Page request failed: GET (image) https://paciolibucket.s3.us-east-2.amazonaws.com/orgs/c64b69f6759a43a1bc0ae31961876751/companies/logos/e9767ff4-7186-447f-a397-208ea6bbfdb8_ninosfelices.png?X-Amz-Expires=600&X-Amz-Algorithm=AWS4-HMAC-SHA256&X-Amz-Credential=AKIAVYV5Z6T6UQ4ARWOC%2F20260123%2Fus-east-2%2Fs3%2Faws4_request&X-Amz-Date=20260123T040554Z&X-Amz-SignedHeaders=host&X-Amz-Signature=747c15527b5085b1be2ddd3c10637621ec12ad2e785b0bc43d8c81665def75d9, failure: net::ERR_BLOCKED_BY_ORB","meta":{"rootId":"fb9i8hk3dga4w0e","id":"fb9i8hk3dga4w0e"},"id":"q5xkonjkb4bd3l9","previousOperationId":"s2yaour491td56h"}
{"type":"log","timestamp":1770080265664,"level":"debug","message":"Running chrome with params {\"printBackground\":true,\"timeout\":59466,\"margin\":{}}","meta":{"rootId":"fb9i8hk3dga4w0e","id":"fb9i8hk3dga4w0e"},"id":"lm6djln5nqnlzxm","previousOperationId":"s2yaour491td56h"}
{"type":"operationEnd","operationId":"s2yaour491td56h","timestamp":1770080265742,"id":"fa6jjmirslablj4","previousEventId":"7tgxs3509yjii30","previousOperationId":"s2yaour491td56h"}
{"type":"log","timestamp":1770080265743,"level":"debug","message":"Skipping storing report.","meta":{"rootId":"fb9i8hk3dga4w0e","id":"fb9i8hk3dga4w0e"},"id":"mn9gmupwiygrm0n","previousOperationId":"s2yaour491td56h"}
{"type":"log","timestamp":1770080265743,"level":"info","message":"Rendering request 2 finished in 1467 ms","meta":{"rootId":"fb9i8hk3dga4w0e","id":"fb9i8hk3dga4w0e"},"id":"al3yii3yu62clnp","previousOperationId":"s2yaour491td56h"}
{"type":"operationEnd","subtype":"render","operationId":"3hu90xh2yyyefan","timestamp":1770080265743,"id":"m6gvwlnlavan8a0","previousEventId":"fa6jjmirslablj4","previousOperationId":"s2yaour491td56h"}
{"type":"operationEnd","doDiffs":false,"previousEventId":"95kwqli0nu8ddia","previousOperationId":"lcue8ntfv5i2hht","operationId":"lcue8ntfv5i2hht","timestamp":1770080265745,"id":"lqxlfbvkrsw04mn"}
