{"type":"operationStart","subtype":"profile","data":{"_id":"tLK4rZqdd1tj90ia","timestamp":"2026-02-18T01:20:43.998Z","state":"queued","mode":"standard","creationDate":"2026-02-18T01:20:44.000Z","modificationDate":"2026-02-18T01:20:44.000Z","shortid":"RN7OnuL","$entitySet":"profiles"},"doDiffs":false,"timestamp":1771377643999,"id":"mxl7toug21t8kjx","previousOperationId":null,"operationId":"z50aji5qx97fnhb"}
{"type":"log","level":"info","message":"Render request 9 queued for execution and waiting for available worker","previousOperationId":"z50aji5qx97fnhb","timestamp":1771377643999,"id":"6bd8yme3vtei1qv"}
{"type":"operationStart","subtype":"render","name":"general-ledger-v2","previousOperationId":"z50aji5qx97fnhb","timestamp":1771377644075,"id":"7ccqhg2sn0refat","previousEventId":"mxl7toug21t8kjx","operationId":"01xrc4yhw1w4glq"}
{"type":"log","timestamp":1771377644077,"level":"info","message":"Starting rendering request 9","meta":{"rootId":"fmed91i1fc28kn8","id":"fmed91i1fc28kn8"},"id":"1lvow6immidj8h9","previousOperationId":"01xrc4yhw1w4glq"}
{"type":"log","timestamp":1771377644079,"level":"info","message":"Rendering template { name: general-ledger-v2, recipe: chrome-pdf, engine: handlebars, preview: true }","meta":{"rootId":"fmed91i1fc28kn8","id":"fmed91i1fc28kn8"},"id":"4m4evqvk1kd4gyn","previousOperationId":"01xrc4yhw1w4glq"}
{"type":"log","timestamp":1771377644086,"level":"debug","message":"Adding sample data YCG3bWhuf","meta":{"rootId":"fmed91i1fc28kn8","id":"fmed91i1fc28kn8"},"id":"gk8jpkl92hsz4rg","previousOperationId":"01xrc4yhw1w4glq"}
{"type":"log","timestamp":1771377644101,"level":"debug","message":"Base url not specified, skipping its injection.","meta":{"rootId":"fmed91i1fc28kn8","id":"fmed91i1fc28kn8"},"id":"7bxlq92yihhfgiq","previousOperationId":"01xrc4yhw1w4glq"}
{"type":"operationStart","subtype":"engine","name":"handlebars","timestamp":1771377644109,"id":"y9xmltk6l3p8de7","previousEventId":"7ccqhg2sn0refat","operationId":"41pngk577szswd2","previousOperationId":"01xrc4yhw1w4glq"}
{"type":"log","timestamp":1771377644109,"level":"debug","message":"Rendering engine handlebars","meta":{"rootId":"fmed91i1fc28kn8","id":"fmed91i1fc28kn8"},"id":"8h8f5oq3cxwdd66","previousOperationId":"41pngk577szswd2"}
{"type":"operationEnd","operationId":"41pngk577szswd2","timestamp":1771377644240,"id":"f7glqrct8wfshn6","previousEventId":"y9xmltk6l3p8de7","previousOperationId":"41pngk577szswd2"}
{"type":"operationStart","subtype":"recipe","name":"chrome-pdf","timestamp":1771377644241,"id":"msl4jrupn8krlr3","previousEventId":"f7glqrct8wfshn6","operationId":"7b0zcwqksmsv4j6","previousOperationId":"41pngk577szswd2"}
{"type":"log","timestamp":1771377644241,"level":"debug","message":"Executing recipe chrome-pdf","meta":{"rootId":"fmed91i1fc28kn8","id":"fmed91i1fc28kn8"},"id":"vw0bj7lolatowxe","previousOperationId":"7b0zcwqksmsv4j6"}
{"type":"log","timestamp":1771377644261,"level":"debug","message":"Converting with chrome Chrome/142.0.7444.175 using chrome-pool strategy","meta":{"rootId":"fmed91i1fc28kn8","id":"fmed91i1fc28kn8"},"id":"v5ve6yptf7dtt3g","previousOperationId":"7b0zcwqksmsv4j6"}
{"type":"log","timestamp":1771377644444,"level":"debug","message":"Page request: GET (document) file:///tmp/jsreport/autocleanup/c12a67ed-29dd-49c7-91af-ac03066188d9-chrome-pdf.html","meta":{"rootId":"fmed91i1fc28kn8","id":"fmed91i1fc28kn8"},"id":"sqidjvuin6h8b1i","previousOperationId":"7b0zcwqksmsv4j6"}
{"type":"log","timestamp":1771377644474,"level":"debug","message":"Page request finished: GET (document) 200 file:///tmp/jsreport/autocleanup/c12a67ed-29dd-49c7-91af-ac03066188d9-chrome-pdf.html","meta":{"rootId":"fmed91i1fc28kn8","id":"fmed91i1fc28kn8"},"id":"e6mpq0hemsqzdwq","previousOperationId":"7b0zcwqksmsv4j6"}
{"type":"log","timestamp":1771377644475,"level":"debug","message":"Page request: GET (image) https://paciolibucket.s3.us-east-2.amazonaws.com/orgs/c64b69f6759a43a1bc0ae31961876751/companies/logos/e9767ff4-7186-447f-a397-208ea6bbfdb8_ninosfelices.png?X-Amz-Expires=600&X-Amz-Algorithm=AWS4-HMAC-SHA256&X-Amz-Credential=AKIAVYV5Z6T6UQ4ARWOC%2F20260123%2Fus-east-2%2Fs3%2Faws4_request&X-Amz-Date=20260123T040554Z&X-Amz-SignedHeaders=host&X-Amz-Signature=747c15527b5085b1be2ddd3c10637621ec12ad2e785b0bc43d8c81665def75d9","meta":{"rootId":"fmed91i1fc28kn8","id":"fmed91i1fc28kn8"},"id":"irqo3j3joqfv2xu","previousOperationId":"7b0zcwqksmsv4j6"}
{"type":"log","timestamp":1771377644928,"level":"warn","message":"Page request failed: GET (image) https://paciolibucket.s3.us-east-2.amazonaws.com/orgs/c64b69f6759a43a1bc0ae31961876751/companies/logos/e9767ff4-7186-447f-a397-208ea6bbfdb8_ninosfelices.png?X-Amz-Expires=600&X-Amz-Algorithm=AWS4-HMAC-SHA256&X-Amz-Credential=AKIAVYV5Z6T6UQ4ARWOC%2F20260123%2Fus-east-2%2Fs3%2Faws4_request&X-Amz-Date=20260123T040554Z&X-Amz-SignedHeaders=host&X-Amz-Signature=747c15527b5085b1be2ddd3c10637621ec12ad2e785b0bc43d8c81665def75d9, failure: net::ERR_BLOCKED_BY_ORB","meta":{"rootId":"fmed91i1fc28kn8","id":"fmed91i1fc28kn8"},"id":"05nj77js1d5bfq1","previousOperationId":"7b0zcwqksmsv4j6"}
{"type":"log","timestamp":1771377644935,"level":"debug","message":"Running chrome with params {\"printBackground\":true,\"timeout\":59747,\"margin\":{}}","meta":{"rootId":"fmed91i1fc28kn8","id":"fmed91i1fc28kn8"},"id":"21m0vaqjrcnkm5z","previousOperationId":"7b0zcwqksmsv4j6"}
{"type":"operationEnd","operationId":"7b0zcwqksmsv4j6","timestamp":1771377645016,"id":"4c5v3oxvcvh4viv","previousEventId":"msl4jrupn8krlr3","previousOperationId":"7b0zcwqksmsv4j6"}
{"type":"log","timestamp":1771377645016,"level":"debug","message":"Skipping storing report.","meta":{"rootId":"fmed91i1fc28kn8","id":"fmed91i1fc28kn8"},"id":"ri71yqa51rt59xn","previousOperationId":"7b0zcwqksmsv4j6"}
{"type":"log","timestamp":1771377645016,"level":"info","message":"Rendering request 9 finished in 1021 ms","meta":{"rootId":"fmed91i1fc28kn8","id":"fmed91i1fc28kn8"},"id":"ucq6svw0i6nqtb2","previousOperationId":"7b0zcwqksmsv4j6"}
{"type":"operationEnd","subtype":"render","operationId":"01xrc4yhw1w4glq","timestamp":1771377645016,"id":"e4h22ku3u07392n","previousEventId":"4c5v3oxvcvh4viv","previousOperationId":"7b0zcwqksmsv4j6"}
{"type":"operationEnd","doDiffs":false,"previousEventId":"mxl7toug21t8kjx","previousOperationId":"z50aji5qx97fnhb","operationId":"z50aji5qx97fnhb","timestamp":1771377645019,"id":"ihaon2iu8qzke22"}
