{"type":"operationStart","subtype":"profile","data":{"_id":"LQSGSej00NnVJnUs","timestamp":"2026-02-18T01:58:16.632Z","state":"queued","mode":"standard","creationDate":"2026-02-18T01:58:16.633Z","modificationDate":"2026-02-18T01:58:16.633Z","shortid":"c3GgQGh","$entitySet":"profiles"},"doDiffs":false,"timestamp":1771379896633,"id":"z5wwzry93ul65u8","previousOperationId":null,"operationId":"6i5dlcmwou4gch1"}
{"type":"log","level":"info","message":"Render request 30 queued for execution and waiting for available worker","previousOperationId":"6i5dlcmwou4gch1","timestamp":1771379896633,"id":"74hpppwp4seq5wo"}
{"type":"operationStart","subtype":"render","name":"general-ledger-v2","previousOperationId":"6i5dlcmwou4gch1","timestamp":1771379896700,"id":"qce58fy6ltkuye7","previousEventId":"z5wwzry93ul65u8","operationId":"5hkintwlxj110k6"}
{"type":"log","timestamp":1771379896702,"level":"info","message":"Starting rendering request 30","meta":{"rootId":"fmz4ipybrumb2a6","id":"fmz4ipybrumb2a6"},"id":"22rakqffpwate18","previousOperationId":"5hkintwlxj110k6"}
{"type":"log","timestamp":1771379896704,"level":"info","message":"Rendering template { name: general-ledger-v2, recipe: chrome-pdf, engine: handlebars, preview: false }","meta":{"rootId":"fmz4ipybrumb2a6","id":"fmz4ipybrumb2a6"},"id":"b43ay15vq3iwq2t","previousOperationId":"5hkintwlxj110k6"}
{"type":"log","timestamp":1771379896708,"level":"debug","message":"Inline data specified.","meta":{"rootId":"fmz4ipybrumb2a6","id":"fmz4ipybrumb2a6"},"id":"pcbytgsne4gurxx","previousOperationId":"5hkintwlxj110k6"}
{"type":"log","timestamp":1771379896711,"level":"debug","message":"Base url not specified, skipping its injection.","meta":{"rootId":"fmz4ipybrumb2a6","id":"fmz4ipybrumb2a6"},"id":"sktbw1g0ed2i58d","previousOperationId":"5hkintwlxj110k6"}
{"type":"operationStart","subtype":"engine","name":"handlebars","timestamp":1771379896714,"id":"wim21t51oed54db","previousEventId":"qce58fy6ltkuye7","operationId":"m4ptpana2gp0ibd","previousOperationId":"5hkintwlxj110k6"}
{"type":"log","timestamp":1771379896714,"level":"debug","message":"Rendering engine handlebars","meta":{"rootId":"fmz4ipybrumb2a6","id":"fmz4ipybrumb2a6"},"id":"2yf0t855is7tzt0","previousOperationId":"m4ptpana2gp0ibd"}
{"type":"operationEnd","operationId":"m4ptpana2gp0ibd","timestamp":1771379896751,"id":"pyexa4s5ej51f2q","previousEventId":"wim21t51oed54db","previousOperationId":"m4ptpana2gp0ibd"}
{"type":"operationStart","subtype":"recipe","name":"chrome-pdf","timestamp":1771379896757,"id":"264k50te9vylpiv","previousEventId":"pyexa4s5ej51f2q","operationId":"hvfjhmg9ukp0wjb","previousOperationId":"m4ptpana2gp0ibd"}
{"type":"log","timestamp":1771379896757,"level":"debug","message":"Executing recipe chrome-pdf","meta":{"rootId":"fmz4ipybrumb2a6","id":"fmz4ipybrumb2a6"},"id":"cpstjav511kao6n","previousOperationId":"hvfjhmg9ukp0wjb"}
{"type":"log","timestamp":1771379896771,"level":"debug","message":"Converting with chrome Chrome/142.0.7444.175 using chrome-pool strategy","meta":{"rootId":"fmz4ipybrumb2a6","id":"fmz4ipybrumb2a6"},"id":"bqh2577xk8y9asy","previousOperationId":"hvfjhmg9ukp0wjb"}
{"type":"log","timestamp":1771379896865,"level":"debug","message":"Page request: GET (document) file:///tmp/jsreport/autocleanup/323355a9-13fa-431d-b121-4c57ed1b5ffd-chrome-pdf.html","meta":{"rootId":"fmz4ipybrumb2a6","id":"fmz4ipybrumb2a6"},"id":"pfsqk09crspd1ga","previousOperationId":"hvfjhmg9ukp0wjb"}
{"type":"log","timestamp":1771379896879,"level":"debug","message":"Page request finished: GET (document) 200 file:///tmp/jsreport/autocleanup/323355a9-13fa-431d-b121-4c57ed1b5ffd-chrome-pdf.html","meta":{"rootId":"fmz4ipybrumb2a6","id":"fmz4ipybrumb2a6"},"id":"e9dosxz5qyha7e3","previousOperationId":"hvfjhmg9ukp0wjb"}
{"type":"log","timestamp":1771379896880,"level":"debug","message":"Page request: GET (image) https://paciolibucket.s3.us-east-2.amazonaws.com/orgs/c64b69f6759a43a1bc0ae31961876751/companies/logos/e9767ff4-7186-447f-a397-208ea6bbfdb8_ninosfelices.png?X-Amz-Expires=600&X-Amz-Algorithm=AWS4-HMAC-SHA256&X-Amz-Credential=AKIAVYV5Z6T6UQ4ARWOC%2F20260218%2Fus-east-2%2Fs3%2Faws4_request&X-Amz-Date=20260218T015816Z&X-Amz-SignedHeaders=host&X-Amz-Signature=be4eff26886d553a59c46973641a1527e317a1cd25200557bc66676413deaf0a","meta":{"rootId":"fmz4ipybrumb2a6","id":"fmz4ipybrumb2a6"},"id":"eokypcbbk4znwgg","previousOperationId":"hvfjhmg9ukp0wjb"}
{"type":"log","timestamp":1771379897442,"level":"debug","message":"Page request finished: GET (image) 200 https://paciolibucket.s3.us-east-2.amazonaws.com/orgs/c64b69f6759a43a1bc0ae31961876751/companies/logos/e9767ff4-7186-447f-a397-208ea6bbfdb8_ninosfelices.png?X-Amz-Expires=600&X-Amz-Algorithm=AWS4-HMAC-SHA256&X-Amz-Credential=AKIAVYV5Z6T6UQ4ARWOC%2F20260218%2Fus-east-2%2Fs3%2Faws4_request&X-Amz-Date=20260218T015816Z&X-Amz-SignedHeaders=host&X-Amz-Signature=be4eff26886d553a59c46973641a1527e317a1cd25200557bc66676413deaf0a","meta":{"rootId":"fmz4ipybrumb2a6","id":"fmz4ipybrumb2a6"},"id":"9dhz38u5k4mudoy","previousOperationId":"hvfjhmg9ukp0wjb"}
{"type":"log","timestamp":1771379897446,"level":"debug","message":"Running chrome with params {\"printBackground\":true,\"timeout\":59871,\"margin\":{}}","meta":{"rootId":"fmz4ipybrumb2a6","id":"fmz4ipybrumb2a6"},"id":"l8e5bbd57ecictl","previousOperationId":"hvfjhmg9ukp0wjb"}
{"type":"operationEnd","operationId":"hvfjhmg9ukp0wjb","timestamp":1771379897522,"id":"a0sgildqi93q7qx","previousEventId":"264k50te9vylpiv","previousOperationId":"hvfjhmg9ukp0wjb"}
{"type":"log","timestamp":1771379897522,"level":"debug","message":"Skipping storing report.","meta":{"rootId":"fmz4ipybrumb2a6","id":"fmz4ipybrumb2a6"},"id":"ivci73gzxfdjbao","previousOperationId":"hvfjhmg9ukp0wjb"}
{"type":"log","timestamp":1771379897522,"level":"info","message":"Rendering request 30 finished in 890 ms","meta":{"rootId":"fmz4ipybrumb2a6","id":"fmz4ipybrumb2a6"},"id":"mukdblyrsroyvat","previousOperationId":"hvfjhmg9ukp0wjb"}
{"type":"operationEnd","subtype":"render","operationId":"5hkintwlxj110k6","timestamp":1771379897522,"id":"djcydllmnleaqfi","previousEventId":"a0sgildqi93q7qx","previousOperationId":"hvfjhmg9ukp0wjb"}
{"type":"operationEnd","doDiffs":false,"previousEventId":"z5wwzry93ul65u8","previousOperationId":"6i5dlcmwou4gch1","operationId":"6i5dlcmwou4gch1","timestamp":1771379897525,"id":"yb2evld4sbr8bgp"}
