{"type":"operationStart","subtype":"profile","data":{"_id":"bnbgoDvPXEUcKgTP","timestamp":"2026-02-17T20:27:24.743Z","state":"queued","mode":"standard","creationDate":"2026-02-17T20:27:24.744Z","modificationDate":"2026-02-17T20:27:24.744Z","shortid":"42v4nfT","$entitySet":"profiles"},"doDiffs":false,"timestamp":1771360044744,"id":"l2uyh475wrxsoub","previousOperationId":null,"operationId":"y43giq1vd1vepuo"}
{"type":"log","level":"info","message":"Render request 22 queued for execution and waiting for available worker","previousOperationId":"y43giq1vd1vepuo","timestamp":1771360044744,"id":"jxo9pjpn4nmgi30"}
{"type":"operationStart","subtype":"render","name":"general-ledger-v2","previousOperationId":"y43giq1vd1vepuo","timestamp":1771360044803,"id":"85zxcgayyvndz0u","previousEventId":"l2uyh475wrxsoub","operationId":"xmr0q15d9tipdy1"}
{"type":"log","timestamp":1771360044803,"level":"info","message":"Starting rendering request 22","meta":{"rootId":"fzzio3ihjfrqdyb","id":"fzzio3ihjfrqdyb"},"id":"u07rv7fxe8wjdfn","previousOperationId":"xmr0q15d9tipdy1"}
{"type":"log","timestamp":1771360044803,"level":"info","message":"Rendering template { name: general-ledger-v2, recipe: chrome-pdf, engine: handlebars, preview: false }","meta":{"rootId":"fzzio3ihjfrqdyb","id":"fzzio3ihjfrqdyb"},"id":"yqgezbeluiz5rlm","previousOperationId":"xmr0q15d9tipdy1"}
{"type":"log","timestamp":1771360044804,"level":"debug","message":"Inline data specified.","meta":{"rootId":"fzzio3ihjfrqdyb","id":"fzzio3ihjfrqdyb"},"id":"ra9y55875bxbgx1","previousOperationId":"xmr0q15d9tipdy1"}
{"type":"log","timestamp":1771360044808,"level":"debug","message":"Base url not specified, skipping its injection.","meta":{"rootId":"fzzio3ihjfrqdyb","id":"fzzio3ihjfrqdyb"},"id":"vomcgfx1niikj4p","previousOperationId":"xmr0q15d9tipdy1"}
{"type":"operationStart","subtype":"engine","name":"handlebars","timestamp":1771360044809,"id":"zzh9yknm2t9aj96","previousEventId":"85zxcgayyvndz0u","operationId":"m3x3e30lj7nrhyk","previousOperationId":"xmr0q15d9tipdy1"}
{"type":"log","timestamp":1771360044809,"level":"debug","message":"Rendering engine handlebars","meta":{"rootId":"fzzio3ihjfrqdyb","id":"fzzio3ihjfrqdyb"},"id":"v94cymz571b3zij","previousOperationId":"m3x3e30lj7nrhyk"}
{"type":"operationEnd","operationId":"m3x3e30lj7nrhyk","timestamp":1771360044820,"id":"wu4z0xe6obn9x4t","previousEventId":"zzh9yknm2t9aj96","previousOperationId":"m3x3e30lj7nrhyk"}
{"type":"operationStart","subtype":"recipe","name":"chrome-pdf","timestamp":1771360044820,"id":"0z7kmcwxqjvd6uy","previousEventId":"wu4z0xe6obn9x4t","operationId":"5mezgkilbvzeidu","previousOperationId":"m3x3e30lj7nrhyk"}
{"type":"log","timestamp":1771360044822,"level":"debug","message":"Executing recipe chrome-pdf","meta":{"rootId":"fzzio3ihjfrqdyb","id":"fzzio3ihjfrqdyb"},"id":"ol5bxdxcum0x08j","previousOperationId":"5mezgkilbvzeidu"}
{"type":"log","timestamp":1771360044826,"level":"debug","message":"Converting with chrome Chrome/142.0.7444.175 using chrome-pool strategy","meta":{"rootId":"fzzio3ihjfrqdyb","id":"fzzio3ihjfrqdyb"},"id":"ercdeq6p38iaos3","previousOperationId":"5mezgkilbvzeidu"}
{"type":"log","timestamp":1771360044861,"level":"debug","message":"Page request: GET (document) file:///tmp/jsreport/autocleanup/124ba15c-2b26-46e2-954d-97a6ba43635a-chrome-pdf.html","meta":{"rootId":"fzzio3ihjfrqdyb","id":"fzzio3ihjfrqdyb"},"id":"r2c5hayua02jwcj","previousOperationId":"5mezgkilbvzeidu"}
{"type":"log","timestamp":1771360044870,"level":"debug","message":"Page request finished: GET (document) 200 file:///tmp/jsreport/autocleanup/124ba15c-2b26-46e2-954d-97a6ba43635a-chrome-pdf.html","meta":{"rootId":"fzzio3ihjfrqdyb","id":"fzzio3ihjfrqdyb"},"id":"pmyfnnjw1vko9dj","previousOperationId":"5mezgkilbvzeidu"}
{"type":"log","timestamp":1771360044870,"level":"debug","message":"Page request: GET (image) https://paciolibucket.s3.us-east-2.amazonaws.com/orgs/c64b69f6759a43a1bc0ae31961876751/companies/logos/e9767ff4-7186-447f-a397-208ea6bbfdb8_ninosfelices.png?X-Amz-Expires=600&X-Amz-Algorithm=AWS4-HMAC-SHA256&X-Amz-Credential=AKIAVYV5Z6T6UQ4ARWOC%2F20260217%2Fus-east-2%2Fs3%2Faws4_request&X-Amz-Date=20260217T202724Z&X-Amz-SignedHeaders=host&X-Amz-Signature=8e2d4d5914eb36c9c703ca0b75b39855a8ca213e69a8e7cd277bc35b7c881860","meta":{"rootId":"fzzio3ihjfrqdyb","id":"fzzio3ihjfrqdyb"},"id":"jcnudbb1di6sw9x","previousOperationId":"5mezgkilbvzeidu"}
{"type":"log","timestamp":1771360045549,"level":"debug","message":"Page request finished: GET (image) 200 https://paciolibucket.s3.us-east-2.amazonaws.com/orgs/c64b69f6759a43a1bc0ae31961876751/companies/logos/e9767ff4-7186-447f-a397-208ea6bbfdb8_ninosfelices.png?X-Amz-Expires=600&X-Amz-Algorithm=AWS4-HMAC-SHA256&X-Amz-Credential=AKIAVYV5Z6T6UQ4ARWOC%2F20260217%2Fus-east-2%2Fs3%2Faws4_request&X-Amz-Date=20260217T202724Z&X-Amz-SignedHeaders=host&X-Amz-Signature=8e2d4d5914eb36c9c703ca0b75b39855a8ca213e69a8e7cd277bc35b7c881860","meta":{"rootId":"fzzio3ihjfrqdyb","id":"fzzio3ihjfrqdyb"},"id":"hl1ixxpulg273cx","previousOperationId":"5mezgkilbvzeidu"}
{"type":"log","timestamp":1771360045550,"level":"debug","message":"Running chrome with params {\"printBackground\":true,\"timeout\":59917,\"margin\":{}}","meta":{"rootId":"fzzio3ihjfrqdyb","id":"fzzio3ihjfrqdyb"},"id":"6h3bu215m4ld5hx","previousOperationId":"5mezgkilbvzeidu"}
{"type":"operationEnd","operationId":"5mezgkilbvzeidu","timestamp":1771360045640,"id":"3dl2n6papr4j6xu","previousEventId":"0z7kmcwxqjvd6uy","previousOperationId":"5mezgkilbvzeidu"}
{"type":"log","timestamp":1771360045640,"level":"debug","message":"Skipping storing report.","meta":{"rootId":"fzzio3ihjfrqdyb","id":"fzzio3ihjfrqdyb"},"id":"k0dnkwr1n3ut38y","previousOperationId":"5mezgkilbvzeidu"}
{"type":"log","timestamp":1771360045640,"level":"info","message":"Rendering request 22 finished in 898 ms","meta":{"rootId":"fzzio3ihjfrqdyb","id":"fzzio3ihjfrqdyb"},"id":"cdftkofqbpucaus","previousOperationId":"5mezgkilbvzeidu"}
{"type":"operationEnd","subtype":"render","operationId":"xmr0q15d9tipdy1","timestamp":1771360045643,"id":"gsyqaf8vw6uy0xu","previousEventId":"3dl2n6papr4j6xu","previousOperationId":"5mezgkilbvzeidu"}
{"type":"operationEnd","doDiffs":false,"previousEventId":"l2uyh475wrxsoub","previousOperationId":"y43giq1vd1vepuo","operationId":"y43giq1vd1vepuo","timestamp":1771360045644,"id":"uie6ck2dtdyqeuz"}
