{"type":"operationStart","subtype":"profile","data":{"_id":"0mLd6IPapApSgiNc","timestamp":"2026-02-17T23:20:49.519Z","state":"queued","mode":"standard","creationDate":"2026-02-17T23:20:49.524Z","modificationDate":"2026-02-17T23:20:49.524Z","shortid":"cpHvR-i","$entitySet":"profiles"},"doDiffs":false,"timestamp":1771370449522,"id":"4ng0kwrlx137fnk","previousOperationId":null,"operationId":"43hu82wnkqxptxi"}
{"type":"log","level":"info","message":"Render request 41 queued for execution and waiting for available worker","previousOperationId":"43hu82wnkqxptxi","timestamp":1771370449522,"id":"6ipj172b7akg4y1"}
{"type":"operationStart","subtype":"render","name":"general-ledger-v2","previousOperationId":"43hu82wnkqxptxi","timestamp":1771370449591,"id":"22aotrckps2bbrc","previousEventId":"4ng0kwrlx137fnk","operationId":"w78cqqqula9xpgn"}
{"type":"log","timestamp":1771370449593,"level":"info","message":"Starting rendering request 41","meta":{"rootId":"gh71gtle7emp9eb","id":"gh71gtle7emp9eb"},"id":"35m0xydhvl10w6l","previousOperationId":"w78cqqqula9xpgn"}
{"type":"log","timestamp":1771370449596,"level":"info","message":"Rendering template { name: general-ledger-v2, recipe: chrome-pdf, engine: handlebars, preview: false }","meta":{"rootId":"gh71gtle7emp9eb","id":"gh71gtle7emp9eb"},"id":"cwwmbqm7tfo7u4n","previousOperationId":"w78cqqqula9xpgn"}
{"type":"log","timestamp":1771370449598,"level":"debug","message":"Inline data specified.","meta":{"rootId":"gh71gtle7emp9eb","id":"gh71gtle7emp9eb"},"id":"retqtqqbkwfwtz6","previousOperationId":"w78cqqqula9xpgn"}
{"type":"log","timestamp":1771370449601,"level":"debug","message":"Base url not specified, skipping its injection.","meta":{"rootId":"gh71gtle7emp9eb","id":"gh71gtle7emp9eb"},"id":"abgczauvx0oudmq","previousOperationId":"w78cqqqula9xpgn"}
{"type":"operationStart","subtype":"engine","name":"handlebars","timestamp":1771370449606,"id":"rp8rrq9r2s8mlmz","previousEventId":"22aotrckps2bbrc","operationId":"dpdo2n7siprcgcp","previousOperationId":"w78cqqqula9xpgn"}
{"type":"log","timestamp":1771370449606,"level":"debug","message":"Rendering engine handlebars","meta":{"rootId":"gh71gtle7emp9eb","id":"gh71gtle7emp9eb"},"id":"suwih0ljurka4lz","previousOperationId":"dpdo2n7siprcgcp"}
{"type":"operationEnd","operationId":"dpdo2n7siprcgcp","timestamp":1771370449667,"id":"hqycbd2pery7i8d","previousEventId":"rp8rrq9r2s8mlmz","previousOperationId":"dpdo2n7siprcgcp"}
{"type":"operationStart","subtype":"recipe","name":"chrome-pdf","timestamp":1771370449668,"id":"thkau951783b3c2","previousEventId":"hqycbd2pery7i8d","operationId":"oat1o90rwfqz5vy","previousOperationId":"dpdo2n7siprcgcp"}
{"type":"log","timestamp":1771370449668,"level":"debug","message":"Executing recipe chrome-pdf","meta":{"rootId":"gh71gtle7emp9eb","id":"gh71gtle7emp9eb"},"id":"tyvbmgrreb8zgfr","previousOperationId":"oat1o90rwfqz5vy"}
{"type":"log","timestamp":1771370449685,"level":"debug","message":"Converting with chrome Chrome/142.0.7444.175 using chrome-pool strategy","meta":{"rootId":"gh71gtle7emp9eb","id":"gh71gtle7emp9eb"},"id":"vj5zj9hwuhtpdt3","previousOperationId":"oat1o90rwfqz5vy"}
{"type":"log","timestamp":1771370449884,"level":"debug","message":"Page request: GET (document) file:///tmp/jsreport/autocleanup/1536eead-c70c-4df6-a08e-b255e0ed15bd-chrome-pdf.html","meta":{"rootId":"gh71gtle7emp9eb","id":"gh71gtle7emp9eb"},"id":"qq2v62oot47l8wg","previousOperationId":"oat1o90rwfqz5vy"}
{"type":"log","timestamp":1771370449906,"level":"debug","message":"Page request finished: GET (document) 200 file:///tmp/jsreport/autocleanup/1536eead-c70c-4df6-a08e-b255e0ed15bd-chrome-pdf.html","meta":{"rootId":"gh71gtle7emp9eb","id":"gh71gtle7emp9eb"},"id":"b6zymbd58v82hpt","previousOperationId":"oat1o90rwfqz5vy"}
{"type":"log","timestamp":1771370449908,"level":"debug","message":"Page request: GET (image) https://paciolibucket.s3.us-east-2.amazonaws.com/orgs/c64b69f6759a43a1bc0ae31961876751/companies/logos/e9767ff4-7186-447f-a397-208ea6bbfdb8_ninosfelices.png?X-Amz-Expires=600&X-Amz-Algorithm=AWS4-HMAC-SHA256&X-Amz-Credential=AKIAVYV5Z6T6UQ4ARWOC%2F20260217%2Fus-east-2%2Fs3%2Faws4_request&X-Amz-Date=20260217T232049Z&X-Amz-SignedHeaders=host&X-Amz-Signature=9be6a08ad7ba14354990eb5b72466fce853319d7358bb410f8fd04bbf589147c","meta":{"rootId":"gh71gtle7emp9eb","id":"gh71gtle7emp9eb"},"id":"mfne1tdoypinf3h","previousOperationId":"oat1o90rwfqz5vy"}
{"type":"log","timestamp":1771370450434,"level":"debug","message":"Page request finished: GET (image) 200 https://paciolibucket.s3.us-east-2.amazonaws.com/orgs/c64b69f6759a43a1bc0ae31961876751/companies/logos/e9767ff4-7186-447f-a397-208ea6bbfdb8_ninosfelices.png?X-Amz-Expires=600&X-Amz-Algorithm=AWS4-HMAC-SHA256&X-Amz-Credential=AKIAVYV5Z6T6UQ4ARWOC%2F20260217%2Fus-east-2%2Fs3%2Faws4_request&X-Amz-Date=20260217T232049Z&X-Amz-SignedHeaders=host&X-Amz-Signature=9be6a08ad7ba14354990eb5b72466fce853319d7358bb410f8fd04bbf589147c","meta":{"rootId":"gh71gtle7emp9eb","id":"gh71gtle7emp9eb"},"id":"xw3lyhs8aojk3q2","previousOperationId":"oat1o90rwfqz5vy"}
{"type":"log","timestamp":1771370450435,"level":"debug","message":"Running chrome with params {\"printBackground\":true,\"timeout\":59846,\"margin\":{}}","meta":{"rootId":"gh71gtle7emp9eb","id":"gh71gtle7emp9eb"},"id":"943ki107kkii65z","previousOperationId":"oat1o90rwfqz5vy"}
{"type":"operationEnd","operationId":"oat1o90rwfqz5vy","timestamp":1771370450546,"id":"3bjvck7cljobvda","previousEventId":"thkau951783b3c2","previousOperationId":"oat1o90rwfqz5vy"}
{"type":"log","timestamp":1771370450547,"level":"debug","message":"Skipping storing report.","meta":{"rootId":"gh71gtle7emp9eb","id":"gh71gtle7emp9eb"},"id":"u1qvls5svkduomk","previousOperationId":"oat1o90rwfqz5vy"}
{"type":"log","timestamp":1771370450547,"level":"info","message":"Rendering request 41 finished in 1029 ms","meta":{"rootId":"gh71gtle7emp9eb","id":"gh71gtle7emp9eb"},"id":"710bhl0ma7lus15","previousOperationId":"oat1o90rwfqz5vy"}
{"type":"operationEnd","subtype":"render","operationId":"w78cqqqula9xpgn","timestamp":1771370450547,"id":"kjd3fqk681mca9k","previousEventId":"3bjvck7cljobvda","previousOperationId":"oat1o90rwfqz5vy"}
{"type":"operationEnd","doDiffs":false,"previousEventId":"4ng0kwrlx137fnk","previousOperationId":"43hu82wnkqxptxi","operationId":"43hu82wnkqxptxi","timestamp":1771370450551,"id":"cityjqd3gm18tv5"}
