{"type":"operationStart","subtype":"profile","data":{"_id":"sTu7z3YWqqgau7gI","timestamp":"2026-02-19T04:07:59.425Z","state":"queued","mode":"standard","creationDate":"2026-02-19T04:07:59.429Z","modificationDate":"2026-02-19T04:07:59.429Z","shortid":"S2P0gSJ","$entitySet":"profiles"},"doDiffs":false,"timestamp":1771474079429,"id":"6f723jq8b8el6o1","previousOperationId":null,"operationId":"cptqwn4w0ye6x09"}
{"type":"log","level":"info","message":"Render request 10 queued for execution and waiting for available worker","previousOperationId":"cptqwn4w0ye6x09","timestamp":1771474079429,"id":"jfambp2k4r7ysr5"}
{"type":"operationStart","subtype":"render","name":"general-ledger-v2","previousOperationId":"cptqwn4w0ye6x09","timestamp":1771474079513,"id":"p82unrrmjxx5hrf","previousEventId":"6f723jq8b8el6o1","operationId":"gwr56mj64xwlcuw"}
{"type":"log","timestamp":1771474079513,"level":"info","message":"Starting rendering request 10","meta":{"rootId":"glhdg60zdo9ufqu","id":"glhdg60zdo9ufqu"},"id":"dvdbypy36tk478b","previousOperationId":"gwr56mj64xwlcuw"}
{"type":"log","timestamp":1771474079513,"level":"info","message":"Rendering template { name: general-ledger-v2, recipe: chrome-pdf, engine: handlebars, preview: false }","meta":{"rootId":"glhdg60zdo9ufqu","id":"glhdg60zdo9ufqu"},"id":"4d42rwcgnlwwvya","previousOperationId":"gwr56mj64xwlcuw"}
{"type":"log","timestamp":1771474079516,"level":"debug","message":"Inline data specified.","meta":{"rootId":"glhdg60zdo9ufqu","id":"glhdg60zdo9ufqu"},"id":"j3tb24klkoky8bf","previousOperationId":"gwr56mj64xwlcuw"}
{"type":"log","timestamp":1771474079520,"level":"debug","message":"Base url not specified, skipping its injection.","meta":{"rootId":"glhdg60zdo9ufqu","id":"glhdg60zdo9ufqu"},"id":"5wd6hczyaohoeu6","previousOperationId":"gwr56mj64xwlcuw"}
{"type":"operationStart","subtype":"engine","name":"handlebars","timestamp":1771474079520,"id":"nyga9ey8zuhxphk","previousEventId":"p82unrrmjxx5hrf","operationId":"du5to5g7zi1okur","previousOperationId":"gwr56mj64xwlcuw"}
{"type":"log","timestamp":1771474079520,"level":"debug","message":"Rendering engine handlebars","meta":{"rootId":"glhdg60zdo9ufqu","id":"glhdg60zdo9ufqu"},"id":"21d0l7vatyl0zl8","previousOperationId":"du5to5g7zi1okur"}
{"type":"operationEnd","operationId":"du5to5g7zi1okur","timestamp":1771474079596,"id":"mam04ize0381e3z","previousEventId":"nyga9ey8zuhxphk","previousOperationId":"du5to5g7zi1okur"}
{"type":"operationStart","subtype":"recipe","name":"chrome-pdf","timestamp":1771474079622,"id":"8h885fsw4ep5ok9","previousEventId":"mam04ize0381e3z","operationId":"akofmczm9tboels","previousOperationId":"du5to5g7zi1okur"}
{"type":"log","timestamp":1771474079622,"level":"debug","message":"Executing recipe chrome-pdf","meta":{"rootId":"glhdg60zdo9ufqu","id":"glhdg60zdo9ufqu"},"id":"sxj1mrled0p3o32","previousOperationId":"akofmczm9tboels"}
{"type":"log","timestamp":1771474079629,"level":"debug","message":"Converting with chrome Chrome/142.0.7444.175 using chrome-pool strategy","meta":{"rootId":"glhdg60zdo9ufqu","id":"glhdg60zdo9ufqu"},"id":"5kp6f8m6p0y1i5t","previousOperationId":"akofmczm9tboels"}
{"type":"log","timestamp":1771474079672,"level":"debug","message":"Page request: GET (document) file:///tmp/jsreport/autocleanup/1911cb76-d52e-440b-ac28-bb962434cf6a-chrome-pdf.html","meta":{"rootId":"glhdg60zdo9ufqu","id":"glhdg60zdo9ufqu"},"id":"gw40laxcmo4mo6j","previousOperationId":"akofmczm9tboels"}
{"type":"log","timestamp":1771474079690,"level":"debug","message":"Page request: GET (image) https://paciolibucket.s3.us-east-2.amazonaws.com/orgs/c64b69f6759a43a1bc0ae31961876751/companies/logos/b6e6bbb3-4217-4336-88b7-161c9ce34ada_Applicorp%20Logo.png?X-Amz-Expires=600&X-Amz-Algorithm=AWS4-HMAC-SHA256&X-Amz-Credential=AKIAVYV5Z6T6UQ4ARWOC%2F20260219%2Fus-east-2%2Fs3%2Faws4_request&X-Amz-Date=20260219T040759Z&X-Amz-SignedHeaders=host&X-Amz-Signature=d6a31070627acc28f96936f30c9812f828611c7db50e19b5dc52900a5ddbfd4d","meta":{"rootId":"glhdg60zdo9ufqu","id":"glhdg60zdo9ufqu"},"id":"b0clobwmbjk5l7w","previousOperationId":"akofmczm9tboels"}
{"type":"log","timestamp":1771474079837,"level":"debug","message":"Page request finished: GET (document) 200 file:///tmp/jsreport/autocleanup/1911cb76-d52e-440b-ac28-bb962434cf6a-chrome-pdf.html","meta":{"rootId":"glhdg60zdo9ufqu","id":"glhdg60zdo9ufqu"},"id":"v1ghshzeu6zg47t","previousOperationId":"akofmczm9tboels"}
{"type":"log","timestamp":1771474080289,"level":"debug","message":"Page request finished: GET (image) 200 https://paciolibucket.s3.us-east-2.amazonaws.com/orgs/c64b69f6759a43a1bc0ae31961876751/companies/logos/b6e6bbb3-4217-4336-88b7-161c9ce34ada_Applicorp%20Logo.png?X-Amz-Expires=600&X-Amz-Algorithm=AWS4-HMAC-SHA256&X-Amz-Credential=AKIAVYV5Z6T6UQ4ARWOC%2F20260219%2Fus-east-2%2Fs3%2Faws4_request&X-Amz-Date=20260219T040759Z&X-Amz-SignedHeaders=host&X-Amz-Signature=d6a31070627acc28f96936f30c9812f828611c7db50e19b5dc52900a5ddbfd4d","meta":{"rootId":"glhdg60zdo9ufqu","id":"glhdg60zdo9ufqu"},"id":"j24575iawcnc3tz","previousOperationId":"akofmczm9tboels"}
{"type":"log","timestamp":1771474080292,"level":"debug","message":"Running chrome with params {\"printBackground\":true,\"timeout\":59797,\"margin\":{}}","meta":{"rootId":"glhdg60zdo9ufqu","id":"glhdg60zdo9ufqu"},"id":"u9vofhtm67o06oi","previousOperationId":"akofmczm9tboels"}
{"type":"operationEnd","operationId":"akofmczm9tboels","timestamp":1771474083576,"id":"jcrbxaf1wovb0ib","previousEventId":"8h885fsw4ep5ok9","previousOperationId":"akofmczm9tboels"}
{"type":"log","timestamp":1771474083576,"level":"debug","message":"Skipping storing report.","meta":{"rootId":"glhdg60zdo9ufqu","id":"glhdg60zdo9ufqu"},"id":"4mjq4m5lq0opfxw","previousOperationId":"akofmczm9tboels"}
{"type":"log","timestamp":1771474083576,"level":"info","message":"Rendering request 10 finished in 4151 ms","meta":{"rootId":"glhdg60zdo9ufqu","id":"glhdg60zdo9ufqu"},"id":"y40s7p3qmx7b22r","previousOperationId":"akofmczm9tboels"}
{"type":"operationEnd","subtype":"render","operationId":"gwr56mj64xwlcuw","timestamp":1771474083576,"id":"vcob8s3l0opxw6r","previousEventId":"jcrbxaf1wovb0ib","previousOperationId":"akofmczm9tboels"}
{"type":"operationEnd","doDiffs":false,"previousEventId":"6f723jq8b8el6o1","previousOperationId":"cptqwn4w0ye6x09","operationId":"cptqwn4w0ye6x09","timestamp":1771474083578,"id":"xkwrqtebk38as1c"}
