{"type":"operationStart","subtype":"profile","data":{"_id":"7QVNTNECKMhO6sty","timestamp":"2026-02-17T21:24:34.101Z","state":"queued","mode":"standard","creationDate":"2026-02-17T21:24:34.127Z","modificationDate":"2026-02-17T21:24:34.127Z","shortid":"QwWeNTB","$entitySet":"profiles"},"doDiffs":false,"timestamp":1771363474112,"id":"xwu0ainmpwgzzf9","previousOperationId":null,"operationId":"uxeqqawr4xe2zr6"}
{"type":"log","level":"info","message":"Render request 28 queued for execution and waiting for available worker","previousOperationId":"uxeqqawr4xe2zr6","timestamp":1771363474113,"id":"tl8fkupw7rfnnhu"}
{"type":"operationStart","subtype":"render","name":"general-ledger-v2","previousOperationId":"uxeqqawr4xe2zr6","timestamp":1771363474234,"id":"ugb6oovvs1l9ih7","previousEventId":"xwu0ainmpwgzzf9","operationId":"okdjhr0xreobg3s"}
{"type":"log","timestamp":1771363474240,"level":"info","message":"Starting rendering request 28","meta":{"rootId":"h80sres836nku3h","id":"h80sres836nku3h"},"id":"36401d3ghwualvk","previousOperationId":"okdjhr0xreobg3s"}
{"type":"log","timestamp":1771363474248,"level":"info","message":"Rendering template { name: general-ledger-v2, recipe: chrome-pdf, engine: handlebars, preview: false }","meta":{"rootId":"h80sres836nku3h","id":"h80sres836nku3h"},"id":"d03cw9r3pem3jd5","previousOperationId":"okdjhr0xreobg3s"}
{"type":"log","timestamp":1771363474256,"level":"debug","message":"Inline data specified.","meta":{"rootId":"h80sres836nku3h","id":"h80sres836nku3h"},"id":"o8b0ot8nsrlnedk","previousOperationId":"okdjhr0xreobg3s"}
{"type":"log","timestamp":1771363474262,"level":"debug","message":"Base url not specified, skipping its injection.","meta":{"rootId":"h80sres836nku3h","id":"h80sres836nku3h"},"id":"lgt7chhmmpa1efy","previousOperationId":"okdjhr0xreobg3s"}
{"type":"operationStart","subtype":"engine","name":"handlebars","timestamp":1771363474278,"id":"yny7rzg5awhgenm","previousEventId":"ugb6oovvs1l9ih7","operationId":"io2ox2o1tsjfji7","previousOperationId":"okdjhr0xreobg3s"}
{"type":"log","timestamp":1771363474278,"level":"debug","message":"Rendering engine handlebars","meta":{"rootId":"h80sres836nku3h","id":"h80sres836nku3h"},"id":"gkqczh9xnpa3q9m","previousOperationId":"io2ox2o1tsjfji7"}
{"type":"operationEnd","operationId":"io2ox2o1tsjfji7","timestamp":1771363474390,"id":"snyc6atrjhon387","previousEventId":"yny7rzg5awhgenm","previousOperationId":"io2ox2o1tsjfji7"}
{"type":"operationStart","subtype":"recipe","name":"chrome-pdf","timestamp":1771363474392,"id":"p87d059354d7kzk","previousEventId":"snyc6atrjhon387","operationId":"6f2qv43t5enqej5","previousOperationId":"io2ox2o1tsjfji7"}
{"type":"log","timestamp":1771363474392,"level":"debug","message":"Executing recipe chrome-pdf","meta":{"rootId":"h80sres836nku3h","id":"h80sres836nku3h"},"id":"748ql8auh982rmt","previousOperationId":"6f2qv43t5enqej5"}
{"type":"log","timestamp":1771363474452,"level":"debug","message":"Converting with chrome Chrome/142.0.7444.175 using chrome-pool strategy","meta":{"rootId":"h80sres836nku3h","id":"h80sres836nku3h"},"id":"nt5syiyg6ja0zxs","previousOperationId":"6f2qv43t5enqej5"}
{"type":"log","timestamp":1771363475034,"level":"debug","message":"Page request: GET (document) file:///tmp/jsreport/autocleanup/4fe6af43-f9f8-4860-9c00-742b39bdd392-chrome-pdf.html","meta":{"rootId":"h80sres836nku3h","id":"h80sres836nku3h"},"id":"9dqfodjxcb2yzt4","previousOperationId":"6f2qv43t5enqej5"}
{"type":"log","timestamp":1771363475081,"level":"debug","message":"Page request finished: GET (document) 200 file:///tmp/jsreport/autocleanup/4fe6af43-f9f8-4860-9c00-742b39bdd392-chrome-pdf.html","meta":{"rootId":"h80sres836nku3h","id":"h80sres836nku3h"},"id":"tuq8z6n9pl4hs7f","previousOperationId":"6f2qv43t5enqej5"}
{"type":"log","timestamp":1771363475083,"level":"debug","message":"Page request: GET (image) https://paciolibucket.s3.us-east-2.amazonaws.com/orgs/c64b69f6759a43a1bc0ae31961876751/companies/logos/e9767ff4-7186-447f-a397-208ea6bbfdb8_ninosfelices.png?X-Amz-Expires=600&X-Amz-Algorithm=AWS4-HMAC-SHA256&X-Amz-Credential=AKIAVYV5Z6T6UQ4ARWOC%2F20260217%2Fus-east-2%2Fs3%2Faws4_request&X-Amz-Date=20260217T212433Z&X-Amz-SignedHeaders=host&X-Amz-Signature=eb5faed78675d87f581fc80b34b63a14cfbbdd71393745f51bb39fbebdeed0a8","meta":{"rootId":"h80sres836nku3h","id":"h80sres836nku3h"},"id":"qmzavnr5hkkw0ey","previousOperationId":"6f2qv43t5enqej5"}
{"type":"log","timestamp":1771363475917,"level":"debug","message":"Page request finished: GET (image) 200 https://paciolibucket.s3.us-east-2.amazonaws.com/orgs/c64b69f6759a43a1bc0ae31961876751/companies/logos/e9767ff4-7186-447f-a397-208ea6bbfdb8_ninosfelices.png?X-Amz-Expires=600&X-Amz-Algorithm=AWS4-HMAC-SHA256&X-Amz-Credential=AKIAVYV5Z6T6UQ4ARWOC%2F20260217%2Fus-east-2%2Fs3%2Faws4_request&X-Amz-Date=20260217T212433Z&X-Amz-SignedHeaders=host&X-Amz-Signature=eb5faed78675d87f581fc80b34b63a14cfbbdd71393745f51bb39fbebdeed0a8","meta":{"rootId":"h80sres836nku3h","id":"h80sres836nku3h"},"id":"p9jxbdmvnfsctxy","previousOperationId":"6f2qv43t5enqej5"}
{"type":"log","timestamp":1771363475928,"level":"debug","message":"Running chrome with params {\"printBackground\":true,\"timeout\":59682,\"margin\":{}}","meta":{"rootId":"h80sres836nku3h","id":"h80sres836nku3h"},"id":"96itxteqq95kyrb","previousOperationId":"6f2qv43t5enqej5"}
{"type":"operationEnd","operationId":"6f2qv43t5enqej5","timestamp":1771363476061,"id":"o9m9myncqbzf1rg","previousEventId":"p87d059354d7kzk","previousOperationId":"6f2qv43t5enqej5"}
{"type":"log","timestamp":1771363476062,"level":"debug","message":"Skipping storing report.","meta":{"rootId":"h80sres836nku3h","id":"h80sres836nku3h"},"id":"um5pkpmze9rf1mu","previousOperationId":"6f2qv43t5enqej5"}
{"type":"log","timestamp":1771363476062,"level":"info","message":"Rendering request 28 finished in 1971 ms","meta":{"rootId":"h80sres836nku3h","id":"h80sres836nku3h"},"id":"9wf585tkt0ogzvk","previousOperationId":"6f2qv43t5enqej5"}
{"type":"operationEnd","subtype":"render","operationId":"okdjhr0xreobg3s","timestamp":1771363476062,"id":"lhia3mc61uavjfh","previousEventId":"o9m9myncqbzf1rg","previousOperationId":"6f2qv43t5enqej5"}
{"type":"operationEnd","doDiffs":false,"previousEventId":"xwu0ainmpwgzzf9","previousOperationId":"uxeqqawr4xe2zr6","operationId":"uxeqqawr4xe2zr6","timestamp":1771363476065,"id":"hery5dla5mlai1r"}
