{"type":"operationStart","subtype":"profile","data":{"_id":"X4MmpPzC9jwWqdxA","timestamp":"2026-02-17T04:37:07.043Z","state":"queued","mode":"standard","creationDate":"2026-02-17T04:37:07.081Z","modificationDate":"2026-02-17T04:37:07.081Z","shortid":"GlT9FLQ","$entitySet":"profiles"},"doDiffs":false,"timestamp":1771303027056,"id":"aht9i65q0l0orot","previousOperationId":null,"operationId":"9w46wnf5udci3ii"}
{"type":"log","level":"info","message":"Render request 20 queued for execution and waiting for available worker","previousOperationId":"9w46wnf5udci3ii","timestamp":1771303027057,"id":"d2zvixd8t9167vr"}
{"type":"operationStart","subtype":"render","name":"general-ledger-v2","previousOperationId":"9w46wnf5udci3ii","timestamp":1771303027206,"id":"xzt0yn7icsrmzwq","previousEventId":"aht9i65q0l0orot","operationId":"yj38bc3i363td46"}
{"type":"log","timestamp":1771303027212,"level":"info","message":"Starting rendering request 20","meta":{"rootId":"hsxdw5aixhvpjw9","id":"hsxdw5aixhvpjw9"},"id":"wsrelvq7vebsplu","previousOperationId":"yj38bc3i363td46"}
{"type":"log","timestamp":1771303027217,"level":"info","message":"Rendering template { name: general-ledger-v2, recipe: chrome-pdf, engine: handlebars, preview: false }","meta":{"rootId":"hsxdw5aixhvpjw9","id":"hsxdw5aixhvpjw9"},"id":"mu6x8lhe6hney6y","previousOperationId":"yj38bc3i363td46"}
{"type":"log","timestamp":1771303027224,"level":"debug","message":"Inline data specified.","meta":{"rootId":"hsxdw5aixhvpjw9","id":"hsxdw5aixhvpjw9"},"id":"pj4s6mqgydheq50","previousOperationId":"yj38bc3i363td46"}
{"type":"log","timestamp":1771303027260,"level":"debug","message":"Base url not specified, skipping its injection.","meta":{"rootId":"hsxdw5aixhvpjw9","id":"hsxdw5aixhvpjw9"},"id":"sln1s9gnqwhr7x3","previousOperationId":"yj38bc3i363td46"}
{"type":"operationStart","subtype":"engine","name":"handlebars","timestamp":1771303027279,"id":"klmg91nkb1iqm2x","previousEventId":"xzt0yn7icsrmzwq","operationId":"0x5852exmno3ztq","previousOperationId":"yj38bc3i363td46"}
{"type":"log","timestamp":1771303027279,"level":"debug","message":"Rendering engine handlebars","meta":{"rootId":"hsxdw5aixhvpjw9","id":"hsxdw5aixhvpjw9"},"id":"qgjpa4zg5pxs8tz","previousOperationId":"0x5852exmno3ztq"}
{"type":"operationEnd","operationId":"0x5852exmno3ztq","timestamp":1771303027424,"id":"hqdp4a4yezra1uy","previousEventId":"klmg91nkb1iqm2x","previousOperationId":"0x5852exmno3ztq"}
{"type":"operationStart","subtype":"recipe","name":"chrome-pdf","timestamp":1771303027427,"id":"sv9a4j2tijo2i7k","previousEventId":"hqdp4a4yezra1uy","operationId":"pfbqdpn1q71y04h","previousOperationId":"0x5852exmno3ztq"}
{"type":"log","timestamp":1771303027427,"level":"debug","message":"Executing recipe chrome-pdf","meta":{"rootId":"hsxdw5aixhvpjw9","id":"hsxdw5aixhvpjw9"},"id":"cszeyykihscyaoq","previousOperationId":"pfbqdpn1q71y04h"}
{"type":"log","timestamp":1771303027501,"level":"debug","message":"Converting with chrome Chrome/142.0.7444.175 using chrome-pool strategy","meta":{"rootId":"hsxdw5aixhvpjw9","id":"hsxdw5aixhvpjw9"},"id":"u83dbalxfs4904u","previousOperationId":"pfbqdpn1q71y04h"}
{"type":"log","timestamp":1771303028214,"level":"debug","message":"Page request: GET (document) file:///tmp/jsreport/autocleanup/058ce7a1-8227-4135-bb93-69a4dacd3f63-chrome-pdf.html","meta":{"rootId":"hsxdw5aixhvpjw9","id":"hsxdw5aixhvpjw9"},"id":"4maln0hy84q80e3","previousOperationId":"pfbqdpn1q71y04h"}
{"type":"log","timestamp":1771303028271,"level":"debug","message":"Page request finished: GET (document) 200 file:///tmp/jsreport/autocleanup/058ce7a1-8227-4135-bb93-69a4dacd3f63-chrome-pdf.html","meta":{"rootId":"hsxdw5aixhvpjw9","id":"hsxdw5aixhvpjw9"},"id":"fz4n09t6ddcjah8","previousOperationId":"pfbqdpn1q71y04h"}
{"type":"log","timestamp":1771303028278,"level":"debug","message":"Page request: GET (image) https://paciolibucket.s3.us-east-2.amazonaws.com/orgs/c64b69f6759a43a1bc0ae31961876751/companies/logos/e9767ff4-7186-447f-a397-208ea6bbfdb8_ninosfelices.png?X-Amz-Expires=600&X-Amz-Algorithm=AWS4-HMAC-SHA256&X-Amz-Credential=AKIAVYV5Z6T6UQ4ARWOC%2F20260217%2Fus-east-2%2Fs3%2Faws4_request&X-Amz-Date=20260217T043706Z&X-Amz-SignedHeaders=host&X-Amz-Signature=086a5049eb2fab01b0a37978649b64e4fece892854168d4bb385fbe56d9747d8","meta":{"rootId":"hsxdw5aixhvpjw9","id":"hsxdw5aixhvpjw9"},"id":"wg6ozvomqc5du5n","previousOperationId":"pfbqdpn1q71y04h"}
{"type":"log","timestamp":1771303028976,"level":"debug","message":"Page request finished: GET (image) 200 https://paciolibucket.s3.us-east-2.amazonaws.com/orgs/c64b69f6759a43a1bc0ae31961876751/companies/logos/e9767ff4-7186-447f-a397-208ea6bbfdb8_ninosfelices.png?X-Amz-Expires=600&X-Amz-Algorithm=AWS4-HMAC-SHA256&X-Amz-Credential=AKIAVYV5Z6T6UQ4ARWOC%2F20260217%2Fus-east-2%2Fs3%2Faws4_request&X-Amz-Date=20260217T043706Z&X-Amz-SignedHeaders=host&X-Amz-Signature=086a5049eb2fab01b0a37978649b64e4fece892854168d4bb385fbe56d9747d8","meta":{"rootId":"hsxdw5aixhvpjw9","id":"hsxdw5aixhvpjw9"},"id":"cc7i0kz9sz5jdli","previousOperationId":"pfbqdpn1q71y04h"}
{"type":"log","timestamp":1771303028980,"level":"debug","message":"Running chrome with params {\"printBackground\":true,\"timeout\":59578,\"margin\":{}}","meta":{"rootId":"hsxdw5aixhvpjw9","id":"hsxdw5aixhvpjw9"},"id":"53qxdh505kh8mzo","previousOperationId":"pfbqdpn1q71y04h"}
{"type":"operationEnd","operationId":"pfbqdpn1q71y04h","timestamp":1771303029163,"id":"b10b7i6fz7ea32v","previousEventId":"sv9a4j2tijo2i7k","previousOperationId":"pfbqdpn1q71y04h"}
{"type":"log","timestamp":1771303029163,"level":"debug","message":"Skipping storing report.","meta":{"rootId":"hsxdw5aixhvpjw9","id":"hsxdw5aixhvpjw9"},"id":"i0uy5gdjehql3cp","previousOperationId":"pfbqdpn1q71y04h"}
{"type":"log","timestamp":1771303029163,"level":"info","message":"Rendering request 20 finished in 2144 ms","meta":{"rootId":"hsxdw5aixhvpjw9","id":"hsxdw5aixhvpjw9"},"id":"rfwf541ylygmfa1","previousOperationId":"pfbqdpn1q71y04h"}
{"type":"operationEnd","subtype":"render","operationId":"yj38bc3i363td46","timestamp":1771303029163,"id":"moja2ltemw0uakx","previousEventId":"b10b7i6fz7ea32v","previousOperationId":"pfbqdpn1q71y04h"}
{"type":"operationEnd","doDiffs":false,"previousEventId":"aht9i65q0l0orot","previousOperationId":"9w46wnf5udci3ii","operationId":"9w46wnf5udci3ii","timestamp":1771303029166,"id":"zg165vrk9wgso1m"}
