{"type":"operationStart","subtype":"profile","data":{"_id":"7sPNX0JN5rQSmW2V","timestamp":"2026-03-22T01:22:12.762Z","state":"queued","mode":"standard","creationDate":"2026-03-22T01:22:12.763Z","modificationDate":"2026-03-22T01:22:12.763Z","shortid":"Fm2NC6X","$entitySet":"profiles"},"doDiffs":false,"timestamp":1774142532763,"id":"o4brkm6y9opcm3o","previousOperationId":null,"operationId":"cibv1019f3w7z4i"}
{"type":"log","level":"info","message":"Render request 2 queued for execution and waiting for available worker","previousOperationId":"cibv1019f3w7z4i","timestamp":1774142532763,"id":"8wp4yxeywhdgbu4"}
{"type":"operationStart","subtype":"render","name":"general-ledger-v2","previousOperationId":"cibv1019f3w7z4i","timestamp":1774142532817,"id":"xq3258rmixv9r1q","previousEventId":"o4brkm6y9opcm3o","operationId":"dydxbqfzuay7upe"}
{"type":"log","timestamp":1774142532818,"level":"info","message":"Starting rendering request 2","meta":{"rootId":"ie0ipj183gbs4wk","id":"ie0ipj183gbs4wk"},"id":"bozouc2ffbdkjax","previousOperationId":"dydxbqfzuay7upe"}
{"type":"log","timestamp":1774142532819,"level":"info","message":"Rendering template { name: general-ledger-v2, recipe: chrome-pdf, engine: handlebars, preview: false }","meta":{"rootId":"ie0ipj183gbs4wk","id":"ie0ipj183gbs4wk"},"id":"v3bkn8u3nd48plz","previousOperationId":"dydxbqfzuay7upe"}
{"type":"log","timestamp":1774142532821,"level":"debug","message":"Inline data specified.","meta":{"rootId":"ie0ipj183gbs4wk","id":"ie0ipj183gbs4wk"},"id":"sh0vpaimkfq7zqy","previousOperationId":"dydxbqfzuay7upe"}
{"type":"log","timestamp":1774142532826,"level":"debug","message":"Base url not specified, skipping its injection.","meta":{"rootId":"ie0ipj183gbs4wk","id":"ie0ipj183gbs4wk"},"id":"cs8aeckq3ea926z","previousOperationId":"dydxbqfzuay7upe"}
{"type":"operationStart","subtype":"engine","name":"handlebars","timestamp":1774142532827,"id":"6qdyfdu694q8joi","previousEventId":"xq3258rmixv9r1q","operationId":"hn8dmqdk9o9bsri","previousOperationId":"dydxbqfzuay7upe"}
{"type":"log","timestamp":1774142532827,"level":"debug","message":"Rendering engine handlebars","meta":{"rootId":"ie0ipj183gbs4wk","id":"ie0ipj183gbs4wk"},"id":"h31zqrfnawsa2r1","previousOperationId":"hn8dmqdk9o9bsri"}
{"type":"operationEnd","operationId":"hn8dmqdk9o9bsri","timestamp":1774142533197,"id":"lpaebk8rcs7ww6i","previousEventId":"6qdyfdu694q8joi","previousOperationId":"hn8dmqdk9o9bsri"}
{"type":"operationStart","subtype":"recipe","name":"chrome-pdf","timestamp":1774142533198,"id":"ls6v6wj1sj43oxu","previousEventId":"lpaebk8rcs7ww6i","operationId":"ejnlxwwpc43kom1","previousOperationId":"hn8dmqdk9o9bsri"}
{"type":"log","timestamp":1774142533198,"level":"debug","message":"Executing recipe chrome-pdf","meta":{"rootId":"ie0ipj183gbs4wk","id":"ie0ipj183gbs4wk"},"id":"xzgoojzi8hqv722","previousOperationId":"ejnlxwwpc43kom1"}
{"type":"log","timestamp":1774142533547,"level":"debug","message":"Converting with chrome Chrome/144.0.7559.109 using chrome-pool strategy","meta":{"rootId":"ie0ipj183gbs4wk","id":"ie0ipj183gbs4wk"},"id":"ynxsdhozedoby8f","previousOperationId":"ejnlxwwpc43kom1"}
{"type":"log","timestamp":1774142533590,"level":"debug","message":"Page request: GET (document) file:///tmp/jsreport/autocleanup/339b1601-6aac-410c-ad65-06ed324b2778-chrome-pdf.html","meta":{"rootId":"ie0ipj183gbs4wk","id":"ie0ipj183gbs4wk"},"id":"yewxgxamdjrvec3","previousOperationId":"ejnlxwwpc43kom1"}
{"type":"log","timestamp":1774142533600,"level":"debug","message":"Page request finished: GET (document) 200 file:///tmp/jsreport/autocleanup/339b1601-6aac-410c-ad65-06ed324b2778-chrome-pdf.html","meta":{"rootId":"ie0ipj183gbs4wk","id":"ie0ipj183gbs4wk"},"id":"tusyf4k6ng8k69m","previousOperationId":"ejnlxwwpc43kom1"}
{"type":"log","timestamp":1774142533601,"level":"debug","message":"Page request: GET (image) https://paciolibucket.s3.us-east-2.amazonaws.com/orgs/c64b69f6759a43a1bc0ae31961876751/companies/logos/b6e6bbb3-4217-4336-88b7-161c9ce34ada_Applicorp%20Logo.png?X-Amz-Expires=600&X-Amz-Algorithm=AWS4-HMAC-SHA256&X-Amz-Credential=AKIAVYV5Z6T6UQ4ARWOC%2F20260322%2Fus-east-2%2Fs3%2Faws4_request&X-Amz-Date=20260322T012212Z&X-Amz-SignedHeaders=host&X-Amz-Signature=4bc4f359af73201398f1fcd02a504799b9b9c57333d072f9c30baa6b596ee3ab","meta":{"rootId":"ie0ipj183gbs4wk","id":"ie0ipj183gbs4wk"},"id":"7gdxspy8t8vuq0k","previousOperationId":"ejnlxwwpc43kom1"}
{"type":"log","timestamp":1774142533995,"level":"debug","message":"Page request finished: GET (image) 200 https://paciolibucket.s3.us-east-2.amazonaws.com/orgs/c64b69f6759a43a1bc0ae31961876751/companies/logos/b6e6bbb3-4217-4336-88b7-161c9ce34ada_Applicorp%20Logo.png?X-Amz-Expires=600&X-Amz-Algorithm=AWS4-HMAC-SHA256&X-Amz-Credential=AKIAVYV5Z6T6UQ4ARWOC%2F20260322%2Fus-east-2%2Fs3%2Faws4_request&X-Amz-Date=20260322T012212Z&X-Amz-SignedHeaders=host&X-Amz-Signature=4bc4f359af73201398f1fcd02a504799b9b9c57333d072f9c30baa6b596ee3ab","meta":{"rootId":"ie0ipj183gbs4wk","id":"ie0ipj183gbs4wk"},"id":"1l93qwc8lhzyej9","previousOperationId":"ejnlxwwpc43kom1"}
{"type":"log","timestamp":1774142533997,"level":"debug","message":"Running chrome with params {\"printBackground\":true,\"timeout\":59561,\"margin\":{}}","meta":{"rootId":"ie0ipj183gbs4wk","id":"ie0ipj183gbs4wk"},"id":"lp08brgng7r6tqz","previousOperationId":"ejnlxwwpc43kom1"}
{"type":"operationEnd","operationId":"ejnlxwwpc43kom1","timestamp":1774142534095,"id":"tpg6ku48ug8k15y","previousEventId":"ls6v6wj1sj43oxu","previousOperationId":"ejnlxwwpc43kom1"}
{"type":"log","timestamp":1774142534096,"level":"debug","message":"Skipping storing report.","meta":{"rootId":"ie0ipj183gbs4wk","id":"ie0ipj183gbs4wk"},"id":"abbclcnwat1phgy","previousOperationId":"ejnlxwwpc43kom1"}
{"type":"log","timestamp":1774142534096,"level":"info","message":"Rendering request 2 finished in 1334 ms","meta":{"rootId":"ie0ipj183gbs4wk","id":"ie0ipj183gbs4wk"},"id":"5mosl0x6smbstv7","previousOperationId":"ejnlxwwpc43kom1"}
{"type":"operationEnd","subtype":"render","operationId":"dydxbqfzuay7upe","timestamp":1774142534096,"id":"kkixad2sg1str3r","previousEventId":"tpg6ku48ug8k15y","previousOperationId":"ejnlxwwpc43kom1"}
{"type":"operationEnd","doDiffs":false,"previousEventId":"o4brkm6y9opcm3o","previousOperationId":"cibv1019f3w7z4i","operationId":"cibv1019f3w7z4i","timestamp":1774142534100,"id":"fmi2rnw3f01hz87"}
