{"type":"operationStart","subtype":"profile","data":{"_id":"BcnmqSKFQ3uPR401","timestamp":"2026-02-18T01:29:39.794Z","state":"queued","mode":"standard","creationDate":"2026-02-18T01:29:39.795Z","modificationDate":"2026-02-18T01:29:39.795Z","shortid":"tby-iNW","$entitySet":"profiles"},"doDiffs":false,"timestamp":1771378179794,"id":"2kdxwd2hnplvnh3","previousOperationId":null,"operationId":"xyts3lfs1epf16n"}
{"type":"log","level":"info","message":"Render request 16 queued for execution and waiting for available worker","previousOperationId":"xyts3lfs1epf16n","timestamp":1771378179794,"id":"3tj0ds207us4js6"}
{"type":"operationStart","subtype":"render","name":"general-ledger-v2","previousOperationId":"xyts3lfs1epf16n","timestamp":1771378179874,"id":"spkup029nguw8io","previousEventId":"2kdxwd2hnplvnh3","operationId":"jei6y2p7zypceh0"}
{"type":"log","timestamp":1771378179875,"level":"info","message":"Starting rendering request 16","meta":{"rootId":"iuc2gx3tvkc0h55","id":"iuc2gx3tvkc0h55"},"id":"bl07r0aqsf1abqn","previousOperationId":"jei6y2p7zypceh0"}
{"type":"log","timestamp":1771378179876,"level":"info","message":"Rendering template { name: general-ledger-v2, recipe: chrome-pdf, engine: handlebars, preview: true }","meta":{"rootId":"iuc2gx3tvkc0h55","id":"iuc2gx3tvkc0h55"},"id":"1fi125fvmm4732b","previousOperationId":"jei6y2p7zypceh0"}
{"type":"log","timestamp":1771378179882,"level":"debug","message":"Adding sample data YCG3bWhuf","meta":{"rootId":"iuc2gx3tvkc0h55","id":"iuc2gx3tvkc0h55"},"id":"ztmhye3qwib6b2j","previousOperationId":"jei6y2p7zypceh0"}
{"type":"log","timestamp":1771378179888,"level":"debug","message":"Base url not specified, skipping its injection.","meta":{"rootId":"iuc2gx3tvkc0h55","id":"iuc2gx3tvkc0h55"},"id":"5zvean23zvkcx5x","previousOperationId":"jei6y2p7zypceh0"}
{"type":"operationStart","subtype":"engine","name":"handlebars","timestamp":1771378179890,"id":"lvjji9yizru6ofj","previousEventId":"spkup029nguw8io","operationId":"sv679eiiy79uu76","previousOperationId":"jei6y2p7zypceh0"}
{"type":"log","timestamp":1771378179890,"level":"debug","message":"Rendering engine handlebars","meta":{"rootId":"iuc2gx3tvkc0h55","id":"iuc2gx3tvkc0h55"},"id":"mx9dmvg4awdikhw","previousOperationId":"sv679eiiy79uu76"}
{"type":"operationEnd","operationId":"sv679eiiy79uu76","timestamp":1771378179928,"id":"k2safnkbo6kxjxn","previousEventId":"lvjji9yizru6ofj","previousOperationId":"sv679eiiy79uu76"}
{"type":"operationStart","subtype":"recipe","name":"chrome-pdf","timestamp":1771378179929,"id":"axxlsh3exjo330e","previousEventId":"k2safnkbo6kxjxn","operationId":"iwluec9y19ahq4n","previousOperationId":"sv679eiiy79uu76"}
{"type":"log","timestamp":1771378179929,"level":"debug","message":"Executing recipe chrome-pdf","meta":{"rootId":"iuc2gx3tvkc0h55","id":"iuc2gx3tvkc0h55"},"id":"n8j5bnr3rja2b9w","previousOperationId":"iwluec9y19ahq4n"}
{"type":"log","timestamp":1771378179940,"level":"debug","message":"Converting with chrome Chrome/142.0.7444.175 using chrome-pool strategy","meta":{"rootId":"iuc2gx3tvkc0h55","id":"iuc2gx3tvkc0h55"},"id":"ae0u7qtpov533tg","previousOperationId":"iwluec9y19ahq4n"}
{"type":"log","timestamp":1771378180017,"level":"debug","message":"Page request: GET (document) file:///tmp/jsreport/autocleanup/dcb2a0d5-aa59-4804-93b3-2c57b741e1b9-chrome-pdf.html","meta":{"rootId":"iuc2gx3tvkc0h55","id":"iuc2gx3tvkc0h55"},"id":"rt4xbw71okrm6dd","previousOperationId":"iwluec9y19ahq4n"}
{"type":"log","timestamp":1771378180029,"level":"debug","message":"Page request: GET (image) https://paciolibucket.s3.us-east-2.amazonaws.com/orgs/c64b69f6759a43a1bc0ae31961876751/companies/logos/e9767ff4-7186-447f-a397-208ea6bbfdb8_ninosfelices.png?X-Amz-Expires=600&X-Amz-Algorithm=AWS4-HMAC-SHA256&X-Amz-Credential=AKIAVYV5Z6T6UQ4ARWOC%2F20260123%2Fus-east-2%2Fs3%2Faws4_request&X-Amz-Date=20260123T040554Z&X-Amz-SignedHeaders=host&X-Amz-Signature=747c15527b5085b1be2ddd3c10637621ec12ad2e785b0bc43d8c81665def75d9","meta":{"rootId":"iuc2gx3tvkc0h55","id":"iuc2gx3tvkc0h55"},"id":"00w8rddjfe31ss3","previousOperationId":"iwluec9y19ahq4n"}
{"type":"log","timestamp":1771378180030,"level":"debug","message":"Page request finished: GET (document) 200 file:///tmp/jsreport/autocleanup/dcb2a0d5-aa59-4804-93b3-2c57b741e1b9-chrome-pdf.html","meta":{"rootId":"iuc2gx3tvkc0h55","id":"iuc2gx3tvkc0h55"},"id":"polikq9f6rmkqd1","previousOperationId":"iwluec9y19ahq4n"}
{"type":"log","timestamp":1771378180404,"level":"warn","message":"Page request failed: GET (image) https://paciolibucket.s3.us-east-2.amazonaws.com/orgs/c64b69f6759a43a1bc0ae31961876751/companies/logos/e9767ff4-7186-447f-a397-208ea6bbfdb8_ninosfelices.png?X-Amz-Expires=600&X-Amz-Algorithm=AWS4-HMAC-SHA256&X-Amz-Credential=AKIAVYV5Z6T6UQ4ARWOC%2F20260123%2Fus-east-2%2Fs3%2Faws4_request&X-Amz-Date=20260123T040554Z&X-Amz-SignedHeaders=host&X-Amz-Signature=747c15527b5085b1be2ddd3c10637621ec12ad2e785b0bc43d8c81665def75d9, failure: net::ERR_BLOCKED_BY_ORB","meta":{"rootId":"iuc2gx3tvkc0h55","id":"iuc2gx3tvkc0h55"},"id":"q3buo2u8s3hveka","previousOperationId":"iwluec9y19ahq4n"}
{"type":"log","timestamp":1771378180407,"level":"debug","message":"Running chrome with params {\"printBackground\":true,\"timeout\":59859,\"margin\":{}}","meta":{"rootId":"iuc2gx3tvkc0h55","id":"iuc2gx3tvkc0h55"},"id":"n8qqh111s8pniy7","previousOperationId":"iwluec9y19ahq4n"}
{"type":"operationEnd","operationId":"iwluec9y19ahq4n","timestamp":1771378180481,"id":"yfjdlcbyb83zo70","previousEventId":"axxlsh3exjo330e","previousOperationId":"iwluec9y19ahq4n"}
{"type":"log","timestamp":1771378180481,"level":"debug","message":"Skipping storing report.","meta":{"rootId":"iuc2gx3tvkc0h55","id":"iuc2gx3tvkc0h55"},"id":"a7hgff2396zei73","previousOperationId":"iwluec9y19ahq4n"}
{"type":"log","timestamp":1771378180481,"level":"info","message":"Rendering request 16 finished in 687 ms","meta":{"rootId":"iuc2gx3tvkc0h55","id":"iuc2gx3tvkc0h55"},"id":"mxv88ntcuaadsq3","previousOperationId":"iwluec9y19ahq4n"}
{"type":"operationEnd","subtype":"render","operationId":"jei6y2p7zypceh0","timestamp":1771378180481,"id":"k1gg1ug8bzhtgz2","previousEventId":"yfjdlcbyb83zo70","previousOperationId":"iwluec9y19ahq4n"}
{"type":"operationEnd","doDiffs":false,"previousEventId":"2kdxwd2hnplvnh3","previousOperationId":"xyts3lfs1epf16n","operationId":"xyts3lfs1epf16n","timestamp":1771378180488,"id":"g0315rc1lflm1ah"}
