{"type":"operationStart","subtype":"profile","data":{"_id":"LxNCDkbHtKN5elKB","timestamp":"2026-02-17T03:10:44.225Z","state":"queued","mode":"standard","creationDate":"2026-02-17T03:10:44.226Z","modificationDate":"2026-02-17T03:10:44.226Z","shortid":"Noyn6Gv","$entitySet":"profiles"},"doDiffs":false,"timestamp":1771297844226,"id":"g37fx09y1sg25o5","previousOperationId":null,"operationId":"z13xrxqus58lal0"}
{"type":"log","level":"info","message":"Render request 16 queued for execution and waiting for available worker","previousOperationId":"z13xrxqus58lal0","timestamp":1771297844226,"id":"mo5fi9wzbaxavsu"}
{"type":"operationStart","subtype":"render","name":"general-ledger-v2","previousOperationId":"z13xrxqus58lal0","timestamp":1771297844289,"id":"muqdgmgg4y8y8wf","previousEventId":"g37fx09y1sg25o5","operationId":"nmygm2iqcr634iw"}
{"type":"log","timestamp":1771297844289,"level":"info","message":"Starting rendering request 16","meta":{"rootId":"iv3d5wl0md94vkr","id":"iv3d5wl0md94vkr"},"id":"qo31y3049ojxs8o","previousOperationId":"nmygm2iqcr634iw"}
{"type":"log","timestamp":1771297844289,"level":"info","message":"Rendering template { name: general-ledger-v2, recipe: chrome-pdf, engine: handlebars, preview: false }","meta":{"rootId":"iv3d5wl0md94vkr","id":"iv3d5wl0md94vkr"},"id":"qdg7on682pzg4ho","previousOperationId":"nmygm2iqcr634iw"}
{"type":"log","timestamp":1771297844290,"level":"debug","message":"Inline data specified.","meta":{"rootId":"iv3d5wl0md94vkr","id":"iv3d5wl0md94vkr"},"id":"rxw96k1qdrc92zh","previousOperationId":"nmygm2iqcr634iw"}
{"type":"log","timestamp":1771297844292,"level":"debug","message":"Base url not specified, skipping its injection.","meta":{"rootId":"iv3d5wl0md94vkr","id":"iv3d5wl0md94vkr"},"id":"g867qfy4ty37mao","previousOperationId":"nmygm2iqcr634iw"}
{"type":"operationStart","subtype":"engine","name":"handlebars","timestamp":1771297844292,"id":"it8olqg9plazart","previousEventId":"muqdgmgg4y8y8wf","operationId":"ayj44s7h487nps5","previousOperationId":"nmygm2iqcr634iw"}
{"type":"log","timestamp":1771297844292,"level":"debug","message":"Rendering engine handlebars","meta":{"rootId":"iv3d5wl0md94vkr","id":"iv3d5wl0md94vkr"},"id":"cvqpzqlg98z8r2r","previousOperationId":"ayj44s7h487nps5"}
{"type":"operationEnd","operationId":"ayj44s7h487nps5","timestamp":1771297844300,"id":"akiurbapv3fovfq","previousEventId":"it8olqg9plazart","previousOperationId":"ayj44s7h487nps5"}
{"type":"operationStart","subtype":"recipe","name":"chrome-pdf","timestamp":1771297844300,"id":"qab48eenkv7g823","previousEventId":"akiurbapv3fovfq","operationId":"3nst0z4pahxmxrb","previousOperationId":"ayj44s7h487nps5"}
{"type":"log","timestamp":1771297844300,"level":"debug","message":"Executing recipe chrome-pdf","meta":{"rootId":"iv3d5wl0md94vkr","id":"iv3d5wl0md94vkr"},"id":"ke4skw1pf7z32mt","previousOperationId":"3nst0z4pahxmxrb"}
{"type":"log","timestamp":1771297844302,"level":"debug","message":"Converting with chrome Chrome/142.0.7444.175 using chrome-pool strategy","meta":{"rootId":"iv3d5wl0md94vkr","id":"iv3d5wl0md94vkr"},"id":"pe3sao4nt5u19aq","previousOperationId":"3nst0z4pahxmxrb"}
{"type":"log","timestamp":1771297844336,"level":"debug","message":"Page request: GET (document) file:///tmp/jsreport/autocleanup/c48b8f1d-254d-4ecc-b1ec-3a2237b02bb2-chrome-pdf.html","meta":{"rootId":"iv3d5wl0md94vkr","id":"iv3d5wl0md94vkr"},"id":"zglm4dqdh9fw38x","previousOperationId":"3nst0z4pahxmxrb"}
{"type":"log","timestamp":1771297844347,"level":"debug","message":"Page request finished: GET (document) 200 file:///tmp/jsreport/autocleanup/c48b8f1d-254d-4ecc-b1ec-3a2237b02bb2-chrome-pdf.html","meta":{"rootId":"iv3d5wl0md94vkr","id":"iv3d5wl0md94vkr"},"id":"z562vdtiljp89e5","previousOperationId":"3nst0z4pahxmxrb"}
{"type":"log","timestamp":1771297844347,"level":"debug","message":"Page request: GET (image) https://paciolibucket.s3.us-east-2.amazonaws.com/orgs/c64b69f6759a43a1bc0ae31961876751/companies/logos/e9767ff4-7186-447f-a397-208ea6bbfdb8_ninosfelices.png?X-Amz-Expires=600&X-Amz-Algorithm=AWS4-HMAC-SHA256&X-Amz-Credential=AKIAVYV5Z6T6UQ4ARWOC%2F20260217%2Fus-east-2%2Fs3%2Faws4_request&X-Amz-Date=20260217T031044Z&X-Amz-SignedHeaders=host&X-Amz-Signature=07a9b6fcf027ef4ea530bd45c58defba2d9efa039e5aa498cce7d89be90bb1dd","meta":{"rootId":"iv3d5wl0md94vkr","id":"iv3d5wl0md94vkr"},"id":"vz82h75qlw0h501","previousOperationId":"3nst0z4pahxmxrb"}
{"type":"log","timestamp":1771297844755,"level":"debug","message":"Page request finished: GET (image) 200 https://paciolibucket.s3.us-east-2.amazonaws.com/orgs/c64b69f6759a43a1bc0ae31961876751/companies/logos/e9767ff4-7186-447f-a397-208ea6bbfdb8_ninosfelices.png?X-Amz-Expires=600&X-Amz-Algorithm=AWS4-HMAC-SHA256&X-Amz-Credential=AKIAVYV5Z6T6UQ4ARWOC%2F20260217%2Fus-east-2%2Fs3%2Faws4_request&X-Amz-Date=20260217T031044Z&X-Amz-SignedHeaders=host&X-Amz-Signature=07a9b6fcf027ef4ea530bd45c58defba2d9efa039e5aa498cce7d89be90bb1dd","meta":{"rootId":"iv3d5wl0md94vkr","id":"iv3d5wl0md94vkr"},"id":"aepk7m71j742ucx","previousOperationId":"3nst0z4pahxmxrb"}
{"type":"log","timestamp":1771297844756,"level":"debug","message":"Running chrome with params {\"printBackground\":true,\"timeout\":59924,\"margin\":{}}","meta":{"rootId":"iv3d5wl0md94vkr","id":"iv3d5wl0md94vkr"},"id":"ms1urojmtf1obpi","previousOperationId":"3nst0z4pahxmxrb"}
{"type":"operationEnd","operationId":"3nst0z4pahxmxrb","timestamp":1771297844808,"id":"3hp1641afhpax7h","previousEventId":"qab48eenkv7g823","previousOperationId":"3nst0z4pahxmxrb"}
{"type":"log","timestamp":1771297844808,"level":"debug","message":"Skipping storing report.","meta":{"rootId":"iv3d5wl0md94vkr","id":"iv3d5wl0md94vkr"},"id":"tkfhi2lsxemhtb1","previousOperationId":"3nst0z4pahxmxrb"}
{"type":"log","timestamp":1771297844808,"level":"info","message":"Rendering request 16 finished in 583 ms","meta":{"rootId":"iv3d5wl0md94vkr","id":"iv3d5wl0md94vkr"},"id":"6297rg5h0ukwfof","previousOperationId":"3nst0z4pahxmxrb"}
{"type":"operationEnd","subtype":"render","operationId":"nmygm2iqcr634iw","timestamp":1771297844808,"id":"yrs0opf9nnyfun2","previousEventId":"3hp1641afhpax7h","previousOperationId":"3nst0z4pahxmxrb"}
{"type":"operationEnd","doDiffs":false,"previousEventId":"g37fx09y1sg25o5","previousOperationId":"z13xrxqus58lal0","operationId":"z13xrxqus58lal0","timestamp":1771297844809,"id":"7aqcwh62f1q37vk"}
