{"type":"operationStart","subtype":"profile","data":{"_id":"JNOZBkoubvT88Zqg","timestamp":"2026-02-17T23:18:58.899Z","state":"queued","mode":"standard","creationDate":"2026-02-17T23:18:58.902Z","modificationDate":"2026-02-17T23:18:58.902Z","shortid":"yc32Bfp","$entitySet":"profiles"},"doDiffs":false,"timestamp":1771370338901,"id":"25j63yp5gcu8ye1","previousOperationId":null,"operationId":"5lto7o7r2a494uq"}
{"type":"log","level":"info","message":"Render request 38 queued for execution and waiting for available worker","previousOperationId":"5lto7o7r2a494uq","timestamp":1771370338901,"id":"03u7rp78gb430bp"}
{"type":"operationStart","subtype":"render","name":"general-ledger-v2","previousOperationId":"5lto7o7r2a494uq","timestamp":1771370338957,"id":"gair15xh72ra5q6","previousEventId":"25j63yp5gcu8ye1","operationId":"x4li0u7kdya058k"}
{"type":"log","timestamp":1771370338961,"level":"info","message":"Starting rendering request 38","meta":{"rootId":"j1aieae0a7wnm75","id":"j1aieae0a7wnm75"},"id":"6js75dgh5ce4q9y","previousOperationId":"x4li0u7kdya058k"}
{"type":"log","timestamp":1771370338966,"level":"info","message":"Rendering template { name: general-ledger-v2, recipe: chrome-pdf, engine: handlebars, preview: false }","meta":{"rootId":"j1aieae0a7wnm75","id":"j1aieae0a7wnm75"},"id":"sy28ip5fenwetyg","previousOperationId":"x4li0u7kdya058k"}
{"type":"log","timestamp":1771370338970,"level":"debug","message":"Inline data specified.","meta":{"rootId":"j1aieae0a7wnm75","id":"j1aieae0a7wnm75"},"id":"3wv6czxqmgxtn1r","previousOperationId":"x4li0u7kdya058k"}
{"type":"log","timestamp":1771370338974,"level":"debug","message":"Base url not specified, skipping its injection.","meta":{"rootId":"j1aieae0a7wnm75","id":"j1aieae0a7wnm75"},"id":"ozexeh143hfgsgk","previousOperationId":"x4li0u7kdya058k"}
{"type":"operationStart","subtype":"engine","name":"handlebars","timestamp":1771370338986,"id":"cc4no4ahvaa4ex7","previousEventId":"gair15xh72ra5q6","operationId":"4mwquqodv5dkfxi","previousOperationId":"x4li0u7kdya058k"}
{"type":"log","timestamp":1771370338986,"level":"debug","message":"Rendering engine handlebars","meta":{"rootId":"j1aieae0a7wnm75","id":"j1aieae0a7wnm75"},"id":"fwh5ymb2m4bdvlj","previousOperationId":"4mwquqodv5dkfxi"}
{"type":"operationEnd","operationId":"4mwquqodv5dkfxi","timestamp":1771370339080,"id":"fa1notzjbwdgj7d","previousEventId":"cc4no4ahvaa4ex7","previousOperationId":"4mwquqodv5dkfxi"}
{"type":"operationStart","subtype":"recipe","name":"chrome-pdf","timestamp":1771370339082,"id":"jec84bsfv6p0zba","previousEventId":"fa1notzjbwdgj7d","operationId":"i421w9gbxgkyd91","previousOperationId":"4mwquqodv5dkfxi"}
{"type":"log","timestamp":1771370339082,"level":"debug","message":"Executing recipe chrome-pdf","meta":{"rootId":"j1aieae0a7wnm75","id":"j1aieae0a7wnm75"},"id":"yyxt97ygxph574w","previousOperationId":"i421w9gbxgkyd91"}
{"type":"log","timestamp":1771370339119,"level":"debug","message":"Converting with chrome Chrome/142.0.7444.175 using chrome-pool strategy","meta":{"rootId":"j1aieae0a7wnm75","id":"j1aieae0a7wnm75"},"id":"vbf7m2cgsse01mv","previousOperationId":"i421w9gbxgkyd91"}
{"type":"log","timestamp":1771370339364,"level":"debug","message":"Page request: GET (document) file:///tmp/jsreport/autocleanup/285bd0c4-3e47-4224-a6af-d7e870e6a66f-chrome-pdf.html","meta":{"rootId":"j1aieae0a7wnm75","id":"j1aieae0a7wnm75"},"id":"i4m92ryo6rigvjz","previousOperationId":"i421w9gbxgkyd91"}
{"type":"log","timestamp":1771370339384,"level":"debug","message":"Page request finished: GET (document) 200 file:///tmp/jsreport/autocleanup/285bd0c4-3e47-4224-a6af-d7e870e6a66f-chrome-pdf.html","meta":{"rootId":"j1aieae0a7wnm75","id":"j1aieae0a7wnm75"},"id":"c0j2ogq1xqj8cny","previousOperationId":"i421w9gbxgkyd91"}
{"type":"log","timestamp":1771370339385,"level":"debug","message":"Page request: GET (image) https://paciolibucket.s3.us-east-2.amazonaws.com/orgs/c64b69f6759a43a1bc0ae31961876751/companies/logos/e9767ff4-7186-447f-a397-208ea6bbfdb8_ninosfelices.png?X-Amz-Expires=600&X-Amz-Algorithm=AWS4-HMAC-SHA256&X-Amz-Credential=AKIAVYV5Z6T6UQ4ARWOC%2F20260217%2Fus-east-2%2Fs3%2Faws4_request&X-Amz-Date=20260217T231858Z&X-Amz-SignedHeaders=host&X-Amz-Signature=343811f0745a8b14d931cfe6f35d2b161f73be3fd87c77ae31248cd764ed79f7","meta":{"rootId":"j1aieae0a7wnm75","id":"j1aieae0a7wnm75"},"id":"wnp5n5qr9csdthr","previousOperationId":"i421w9gbxgkyd91"}
{"type":"log","timestamp":1771370339899,"level":"debug","message":"Page request finished: GET (image) 200 https://paciolibucket.s3.us-east-2.amazonaws.com/orgs/c64b69f6759a43a1bc0ae31961876751/companies/logos/e9767ff4-7186-447f-a397-208ea6bbfdb8_ninosfelices.png?X-Amz-Expires=600&X-Amz-Algorithm=AWS4-HMAC-SHA256&X-Amz-Credential=AKIAVYV5Z6T6UQ4ARWOC%2F20260217%2Fus-east-2%2Fs3%2Faws4_request&X-Amz-Date=20260217T231858Z&X-Amz-SignedHeaders=host&X-Amz-Signature=343811f0745a8b14d931cfe6f35d2b161f73be3fd87c77ae31248cd764ed79f7","meta":{"rootId":"j1aieae0a7wnm75","id":"j1aieae0a7wnm75"},"id":"c6lyj8qo9p8ra0m","previousOperationId":"i421w9gbxgkyd91"}
{"type":"log","timestamp":1771370339902,"level":"debug","message":"Running chrome with params {\"printBackground\":true,\"timeout\":59806,\"margin\":{}}","meta":{"rootId":"j1aieae0a7wnm75","id":"j1aieae0a7wnm75"},"id":"k1dr35zh1f2n7xw","previousOperationId":"i421w9gbxgkyd91"}
{"type":"operationEnd","operationId":"i421w9gbxgkyd91","timestamp":1771370339994,"id":"cdtuwhljajmxg88","previousEventId":"jec84bsfv6p0zba","previousOperationId":"i421w9gbxgkyd91"}
{"type":"log","timestamp":1771370339995,"level":"debug","message":"Skipping storing report.","meta":{"rootId":"j1aieae0a7wnm75","id":"j1aieae0a7wnm75"},"id":"02v9yjw98vhxash","previousOperationId":"i421w9gbxgkyd91"}
{"type":"log","timestamp":1771370339995,"level":"info","message":"Rendering request 38 finished in 1097 ms","meta":{"rootId":"j1aieae0a7wnm75","id":"j1aieae0a7wnm75"},"id":"s9dtggjn6i5elut","previousOperationId":"i421w9gbxgkyd91"}
{"type":"operationEnd","subtype":"render","operationId":"x4li0u7kdya058k","timestamp":1771370339995,"id":"ayv0llqayk1vrzq","previousEventId":"cdtuwhljajmxg88","previousOperationId":"i421w9gbxgkyd91"}
{"type":"operationEnd","doDiffs":false,"previousEventId":"25j63yp5gcu8ye1","previousOperationId":"5lto7o7r2a494uq","operationId":"5lto7o7r2a494uq","timestamp":1771370339996,"id":"gqrrhu0thaqp0l0"}
