{"type":"operationStart","subtype":"profile","data":{"_id":"d5DYHg8hwnyHOIEn","timestamp":"2026-02-18T02:11:35.345Z","state":"queued","mode":"standard","creationDate":"2026-02-18T02:11:35.347Z","modificationDate":"2026-02-18T02:11:35.347Z","shortid":"tJG-lTi","$entitySet":"profiles"},"doDiffs":false,"timestamp":1771380695346,"id":"iwp547nkrcfftg6","previousOperationId":null,"operationId":"5su5kzf5tkhym3q"}
{"type":"log","level":"info","message":"Render request 36 queued for execution and waiting for available worker","previousOperationId":"5su5kzf5tkhym3q","timestamp":1771380695346,"id":"b98zg55q1bm90p6"}
{"type":"operationStart","subtype":"render","name":"general-ledger-v2","previousOperationId":"5su5kzf5tkhym3q","timestamp":1771380695424,"id":"kqujb2309jhrndj","previousEventId":"iwp547nkrcfftg6","operationId":"dxhgr5uf5ruu95i"}
{"type":"log","timestamp":1771380695425,"level":"info","message":"Starting rendering request 36","meta":{"rootId":"je2kacf4kzm19c3","id":"je2kacf4kzm19c3"},"id":"i19joiri6ik7tpk","previousOperationId":"dxhgr5uf5ruu95i"}
{"type":"log","timestamp":1771380695426,"level":"info","message":"Rendering template { name: general-ledger-v2, recipe: chrome-pdf, engine: handlebars, preview: false }","meta":{"rootId":"je2kacf4kzm19c3","id":"je2kacf4kzm19c3"},"id":"gw9edpui3bmwkjw","previousOperationId":"dxhgr5uf5ruu95i"}
{"type":"log","timestamp":1771380695428,"level":"debug","message":"Inline data specified.","meta":{"rootId":"je2kacf4kzm19c3","id":"je2kacf4kzm19c3"},"id":"td7drq9jobyq107","previousOperationId":"dxhgr5uf5ruu95i"}
{"type":"log","timestamp":1771380695431,"level":"debug","message":"Base url not specified, skipping its injection.","meta":{"rootId":"je2kacf4kzm19c3","id":"je2kacf4kzm19c3"},"id":"syjzfjqm03hz7tc","previousOperationId":"dxhgr5uf5ruu95i"}
{"type":"operationStart","subtype":"engine","name":"handlebars","timestamp":1771380695433,"id":"uxwvi3l4kk19rkh","previousEventId":"kqujb2309jhrndj","operationId":"hpwsbioysb928wg","previousOperationId":"dxhgr5uf5ruu95i"}
{"type":"log","timestamp":1771380695433,"level":"debug","message":"Rendering engine handlebars","meta":{"rootId":"je2kacf4kzm19c3","id":"je2kacf4kzm19c3"},"id":"7j9lxchq8z1qbud","previousOperationId":"hpwsbioysb928wg"}
{"type":"operationEnd","operationId":"hpwsbioysb928wg","timestamp":1771380695456,"id":"v6exnt2swqjghk9","previousEventId":"uxwvi3l4kk19rkh","previousOperationId":"hpwsbioysb928wg"}
{"type":"operationStart","subtype":"recipe","name":"chrome-pdf","timestamp":1771380695456,"id":"pbqyadgt1r5tvem","previousEventId":"v6exnt2swqjghk9","operationId":"d563p8row7urx1s","previousOperationId":"hpwsbioysb928wg"}
{"type":"log","timestamp":1771380695456,"level":"debug","message":"Executing recipe chrome-pdf","meta":{"rootId":"je2kacf4kzm19c3","id":"je2kacf4kzm19c3"},"id":"dd1bkc2znuukfa8","previousOperationId":"d563p8row7urx1s"}
{"type":"log","timestamp":1771380695464,"level":"debug","message":"Converting with chrome Chrome/142.0.7444.175 using chrome-pool strategy","meta":{"rootId":"je2kacf4kzm19c3","id":"je2kacf4kzm19c3"},"id":"2ke7g0nk209q0ar","previousOperationId":"d563p8row7urx1s"}
{"type":"log","timestamp":1771380695533,"level":"debug","message":"Page request: GET (document) file:///tmp/jsreport/autocleanup/7206bf3d-b33e-42c1-ac67-e5e1825f0c74-chrome-pdf.html","meta":{"rootId":"je2kacf4kzm19c3","id":"je2kacf4kzm19c3"},"id":"yv841ldqhi68sg1","previousOperationId":"d563p8row7urx1s"}
{"type":"log","timestamp":1771380695544,"level":"debug","message":"Page request finished: GET (document) 200 file:///tmp/jsreport/autocleanup/7206bf3d-b33e-42c1-ac67-e5e1825f0c74-chrome-pdf.html","meta":{"rootId":"je2kacf4kzm19c3","id":"je2kacf4kzm19c3"},"id":"l3wvjhqqdslm1gx","previousOperationId":"d563p8row7urx1s"}
{"type":"log","timestamp":1771380695545,"level":"debug","message":"Page request: GET (image) https://paciolibucket.s3.us-east-2.amazonaws.com/orgs/c64b69f6759a43a1bc0ae31961876751/companies/logos/e9767ff4-7186-447f-a397-208ea6bbfdb8_ninosfelices.png?X-Amz-Expires=600&X-Amz-Algorithm=AWS4-HMAC-SHA256&X-Amz-Credential=AKIAVYV5Z6T6UQ4ARWOC%2F20260218%2Fus-east-2%2Fs3%2Faws4_request&X-Amz-Date=20260218T021135Z&X-Amz-SignedHeaders=host&X-Amz-Signature=6a91e15c3396b2eeda8542268b81876706459ad22ad295780f8131dc4fec291c","meta":{"rootId":"je2kacf4kzm19c3","id":"je2kacf4kzm19c3"},"id":"q4g0gjo44pfue4x","previousOperationId":"d563p8row7urx1s"}
{"type":"log","timestamp":1771380696103,"level":"debug","message":"Page request finished: GET (image) 200 https://paciolibucket.s3.us-east-2.amazonaws.com/orgs/c64b69f6759a43a1bc0ae31961876751/companies/logos/e9767ff4-7186-447f-a397-208ea6bbfdb8_ninosfelices.png?X-Amz-Expires=600&X-Amz-Algorithm=AWS4-HMAC-SHA256&X-Amz-Credential=AKIAVYV5Z6T6UQ4ARWOC%2F20260218%2Fus-east-2%2Fs3%2Faws4_request&X-Amz-Date=20260218T021135Z&X-Amz-SignedHeaders=host&X-Amz-Signature=6a91e15c3396b2eeda8542268b81876706459ad22ad295780f8131dc4fec291c","meta":{"rootId":"je2kacf4kzm19c3","id":"je2kacf4kzm19c3"},"id":"okpsbc5xy1szlls","previousOperationId":"d563p8row7urx1s"}
{"type":"log","timestamp":1771380696105,"level":"debug","message":"Running chrome with params {\"printBackground\":true,\"timeout\":59885,\"margin\":{}}","meta":{"rootId":"je2kacf4kzm19c3","id":"je2kacf4kzm19c3"},"id":"hq6efwwlhhrttts","previousOperationId":"d563p8row7urx1s"}
{"type":"operationEnd","operationId":"d563p8row7urx1s","timestamp":1771380696181,"id":"b6f2ijfegzsp3cr","previousEventId":"pbqyadgt1r5tvem","previousOperationId":"d563p8row7urx1s"}
{"type":"log","timestamp":1771380696181,"level":"debug","message":"Skipping storing report.","meta":{"rootId":"je2kacf4kzm19c3","id":"je2kacf4kzm19c3"},"id":"38msmz51cmeetb0","previousOperationId":"d563p8row7urx1s"}
{"type":"log","timestamp":1771380696181,"level":"info","message":"Rendering request 36 finished in 837 ms","meta":{"rootId":"je2kacf4kzm19c3","id":"je2kacf4kzm19c3"},"id":"wujsli7ik1nqmou","previousOperationId":"d563p8row7urx1s"}
{"type":"operationEnd","subtype":"render","operationId":"dxhgr5uf5ruu95i","timestamp":1771380696181,"id":"pn90fy9hee3e9ab","previousEventId":"b6f2ijfegzsp3cr","previousOperationId":"d563p8row7urx1s"}
{"type":"operationEnd","doDiffs":false,"previousEventId":"iwp547nkrcfftg6","previousOperationId":"5su5kzf5tkhym3q","operationId":"5su5kzf5tkhym3q","timestamp":1771380696182,"id":"x7fw445kbmwwqcz"}
