{"type":"operationStart","subtype":"profile","data":{"_id":"HhQvPmHPVJzza0W8","timestamp":"2026-02-19T04:08:19.514Z","state":"queued","mode":"standard","creationDate":"2026-02-19T04:08:19.517Z","modificationDate":"2026-02-19T04:08:19.517Z","shortid":"0FVHLsd","$entitySet":"profiles"},"doDiffs":false,"timestamp":1771474099516,"id":"huzmxafscq7yblx","previousOperationId":null,"operationId":"fece0q1rxtyc5p4"}
{"type":"log","level":"info","message":"Render request 11 queued for execution and waiting for available worker","previousOperationId":"fece0q1rxtyc5p4","timestamp":1771474099516,"id":"tizjnkzy1eqo5ti"}
{"type":"operationStart","subtype":"render","name":"general-ledger-v2","previousOperationId":"fece0q1rxtyc5p4","timestamp":1771474099617,"id":"os1wzxp3e7i6dwh","previousEventId":"huzmxafscq7yblx","operationId":"41fexpk1045awjw"}
{"type":"log","timestamp":1771474099617,"level":"info","message":"Starting rendering request 11","meta":{"rootId":"jg811421xpd2ff9","id":"jg811421xpd2ff9"},"id":"lgri20q0cofmrba","previousOperationId":"41fexpk1045awjw"}
{"type":"log","timestamp":1771474099617,"level":"info","message":"Rendering template { name: general-ledger-v2, recipe: chrome-pdf, engine: handlebars, preview: false }","meta":{"rootId":"jg811421xpd2ff9","id":"jg811421xpd2ff9"},"id":"t3ffxx2lcso23zy","previousOperationId":"41fexpk1045awjw"}
{"type":"log","timestamp":1771474099619,"level":"debug","message":"Inline data specified.","meta":{"rootId":"jg811421xpd2ff9","id":"jg811421xpd2ff9"},"id":"iv63l1uoafbbpm1","previousOperationId":"41fexpk1045awjw"}
{"type":"log","timestamp":1771474099622,"level":"debug","message":"Base url not specified, skipping its injection.","meta":{"rootId":"jg811421xpd2ff9","id":"jg811421xpd2ff9"},"id":"9j1uswso0d0jsuv","previousOperationId":"41fexpk1045awjw"}
{"type":"operationStart","subtype":"engine","name":"handlebars","timestamp":1771474099622,"id":"rugk1qfm4vvchc7","previousEventId":"os1wzxp3e7i6dwh","operationId":"xna4493ezzicgvv","previousOperationId":"41fexpk1045awjw"}
{"type":"log","timestamp":1771474099624,"level":"debug","message":"Rendering engine handlebars","meta":{"rootId":"jg811421xpd2ff9","id":"jg811421xpd2ff9"},"id":"fofcim36bcfwubx","previousOperationId":"xna4493ezzicgvv"}
{"type":"operationEnd","operationId":"xna4493ezzicgvv","timestamp":1771474099687,"id":"6fohlo0aoh3lv73","previousEventId":"rugk1qfm4vvchc7","previousOperationId":"xna4493ezzicgvv"}
{"type":"operationStart","subtype":"recipe","name":"chrome-pdf","timestamp":1771474099713,"id":"4pked6ktkvxik3b","previousEventId":"6fohlo0aoh3lv73","operationId":"j59xu5zjrg5bwgw","previousOperationId":"xna4493ezzicgvv"}
{"type":"log","timestamp":1771474099713,"level":"debug","message":"Executing recipe chrome-pdf","meta":{"rootId":"jg811421xpd2ff9","id":"jg811421xpd2ff9"},"id":"1d435ks0tnxwtkt","previousOperationId":"j59xu5zjrg5bwgw"}
{"type":"log","timestamp":1771474099721,"level":"debug","message":"Converting with chrome Chrome/142.0.7444.175 using chrome-pool strategy","meta":{"rootId":"jg811421xpd2ff9","id":"jg811421xpd2ff9"},"id":"yu0if57zjhhnzk1","previousOperationId":"j59xu5zjrg5bwgw"}
{"type":"log","timestamp":1771474099783,"level":"debug","message":"Page request: GET (document) file:///tmp/jsreport/autocleanup/3f16509c-c9ea-4609-a46f-072ca5318ec6-chrome-pdf.html","meta":{"rootId":"jg811421xpd2ff9","id":"jg811421xpd2ff9"},"id":"v3lyy47xmn10peq","previousOperationId":"j59xu5zjrg5bwgw"}
{"type":"log","timestamp":1771474099802,"level":"debug","message":"Page request: GET (image) https://paciolibucket.s3.us-east-2.amazonaws.com/orgs/c64b69f6759a43a1bc0ae31961876751/companies/logos/b6e6bbb3-4217-4336-88b7-161c9ce34ada_Applicorp%20Logo.png?X-Amz-Expires=600&X-Amz-Algorithm=AWS4-HMAC-SHA256&X-Amz-Credential=AKIAVYV5Z6T6UQ4ARWOC%2F20260219%2Fus-east-2%2Fs3%2Faws4_request&X-Amz-Date=20260219T040819Z&X-Amz-SignedHeaders=host&X-Amz-Signature=5fa826f97364b14596d1411eb25478dda04bd2530be2012deaeb10df9700b2b5","meta":{"rootId":"jg811421xpd2ff9","id":"jg811421xpd2ff9"},"id":"ifsbch3b4fohfbe","previousOperationId":"j59xu5zjrg5bwgw"}
{"type":"log","timestamp":1771474099960,"level":"debug","message":"Page request finished: GET (document) 200 file:///tmp/jsreport/autocleanup/3f16509c-c9ea-4609-a46f-072ca5318ec6-chrome-pdf.html","meta":{"rootId":"jg811421xpd2ff9","id":"jg811421xpd2ff9"},"id":"uzdyfixwr8o0k4b","previousOperationId":"j59xu5zjrg5bwgw"}
{"type":"log","timestamp":1771474100304,"level":"debug","message":"Page request finished: GET (image) 200 https://paciolibucket.s3.us-east-2.amazonaws.com/orgs/c64b69f6759a43a1bc0ae31961876751/companies/logos/b6e6bbb3-4217-4336-88b7-161c9ce34ada_Applicorp%20Logo.png?X-Amz-Expires=600&X-Amz-Algorithm=AWS4-HMAC-SHA256&X-Amz-Credential=AKIAVYV5Z6T6UQ4ARWOC%2F20260219%2Fus-east-2%2Fs3%2Faws4_request&X-Amz-Date=20260219T040819Z&X-Amz-SignedHeaders=host&X-Amz-Signature=5fa826f97364b14596d1411eb25478dda04bd2530be2012deaeb10df9700b2b5","meta":{"rootId":"jg811421xpd2ff9","id":"jg811421xpd2ff9"},"id":"nwfs3lsy4xzmt45","previousOperationId":"j59xu5zjrg5bwgw"}
{"type":"log","timestamp":1771474100409,"level":"debug","message":"Running chrome with params {\"printBackground\":true,\"timeout\":59795,\"margin\":{}}","meta":{"rootId":"jg811421xpd2ff9","id":"jg811421xpd2ff9"},"id":"nh7yongdrziz6bp","previousOperationId":"j59xu5zjrg5bwgw"}
{"type":"operationEnd","operationId":"j59xu5zjrg5bwgw","timestamp":1771474103259,"id":"narp5guknd1i1vh","previousEventId":"4pked6ktkvxik3b","previousOperationId":"j59xu5zjrg5bwgw"}
{"type":"log","timestamp":1771474103260,"level":"debug","message":"Skipping storing report.","meta":{"rootId":"jg811421xpd2ff9","id":"jg811421xpd2ff9"},"id":"ms1ap7jszhzlwdg","previousOperationId":"j59xu5zjrg5bwgw"}
{"type":"log","timestamp":1771474103260,"level":"info","message":"Rendering request 11 finished in 3746 ms","meta":{"rootId":"jg811421xpd2ff9","id":"jg811421xpd2ff9"},"id":"i5llqpxsp82dwjx","previousOperationId":"j59xu5zjrg5bwgw"}
{"type":"operationEnd","subtype":"render","operationId":"41fexpk1045awjw","timestamp":1771474103260,"id":"wn4ecz3o3h98dwc","previousEventId":"narp5guknd1i1vh","previousOperationId":"j59xu5zjrg5bwgw"}
{"type":"operationEnd","doDiffs":false,"previousEventId":"huzmxafscq7yblx","previousOperationId":"fece0q1rxtyc5p4","operationId":"fece0q1rxtyc5p4","timestamp":1771474103263,"id":"hj76xye49zui8ks"}
