{"type":"operationStart","subtype":"profile","data":{"_id":"XRgnvfMMzm2Ni1nW","timestamp":"2026-02-17T21:25:06.663Z","state":"queued","mode":"standard","creationDate":"2026-02-17T21:25:06.665Z","modificationDate":"2026-02-17T21:25:06.665Z","shortid":"8QYo6s2","$entitySet":"profiles"},"doDiffs":false,"timestamp":1771363506664,"id":"gtk13u51y3o22fj","previousOperationId":null,"operationId":"1ifw3tdxe2kgfh0"}
{"type":"log","level":"info","message":"Render request 29 queued for execution and waiting for available worker","previousOperationId":"1ifw3tdxe2kgfh0","timestamp":1771363506664,"id":"icxlv54u6d326od"}
{"type":"operationStart","subtype":"render","name":"general-ledger-v2","previousOperationId":"1ifw3tdxe2kgfh0","timestamp":1771363506722,"id":"2d9m6ahh0g6vkqp","previousEventId":"gtk13u51y3o22fj","operationId":"ca7ntvl219ykqdr"}
{"type":"log","timestamp":1771363506725,"level":"info","message":"Starting rendering request 29","meta":{"rootId":"jkm2tle6rvfv1q9","id":"jkm2tle6rvfv1q9"},"id":"qu6gdam3tgs5gji","previousOperationId":"ca7ntvl219ykqdr"}
{"type":"log","timestamp":1771363506728,"level":"info","message":"Rendering template { name: general-ledger-v2, recipe: chrome-pdf, engine: handlebars, preview: false }","meta":{"rootId":"jkm2tle6rvfv1q9","id":"jkm2tle6rvfv1q9"},"id":"klvekd7er65kok0","previousOperationId":"ca7ntvl219ykqdr"}
{"type":"log","timestamp":1771363506734,"level":"debug","message":"Inline data specified.","meta":{"rootId":"jkm2tle6rvfv1q9","id":"jkm2tle6rvfv1q9"},"id":"mnhnb4jbv9h8gz9","previousOperationId":"ca7ntvl219ykqdr"}
{"type":"log","timestamp":1771363506744,"level":"debug","message":"Base url not specified, skipping its injection.","meta":{"rootId":"jkm2tle6rvfv1q9","id":"jkm2tle6rvfv1q9"},"id":"o0lzdubbvemhf9x","previousOperationId":"ca7ntvl219ykqdr"}
{"type":"operationStart","subtype":"engine","name":"handlebars","timestamp":1771363506750,"id":"oqhfg4lxec15tws","previousEventId":"2d9m6ahh0g6vkqp","operationId":"qmvna85901c5ypw","previousOperationId":"ca7ntvl219ykqdr"}
{"type":"log","timestamp":1771363506750,"level":"debug","message":"Rendering engine handlebars","meta":{"rootId":"jkm2tle6rvfv1q9","id":"jkm2tle6rvfv1q9"},"id":"4abifuoajatxdqz","previousOperationId":"qmvna85901c5ypw"}
{"type":"operationEnd","operationId":"qmvna85901c5ypw","timestamp":1771363506806,"id":"zvqei25zn1oikbx","previousEventId":"oqhfg4lxec15tws","previousOperationId":"qmvna85901c5ypw"}
{"type":"operationStart","subtype":"recipe","name":"chrome-pdf","timestamp":1771363506807,"id":"pdukh5250gu5vrh","previousEventId":"zvqei25zn1oikbx","operationId":"vn1t1uzd0i09bcy","previousOperationId":"qmvna85901c5ypw"}
{"type":"log","timestamp":1771363506807,"level":"debug","message":"Executing recipe chrome-pdf","meta":{"rootId":"jkm2tle6rvfv1q9","id":"jkm2tle6rvfv1q9"},"id":"3m8117fo1gcld5a","previousOperationId":"vn1t1uzd0i09bcy"}
{"type":"log","timestamp":1771363506836,"level":"debug","message":"Converting with chrome Chrome/142.0.7444.175 using chrome-pool strategy","meta":{"rootId":"jkm2tle6rvfv1q9","id":"jkm2tle6rvfv1q9"},"id":"ajn7hseo90uy1tw","previousOperationId":"vn1t1uzd0i09bcy"}
{"type":"log","timestamp":1771363506972,"level":"debug","message":"Page request: GET (document) file:///tmp/jsreport/autocleanup/2b8611b5-202e-41cf-abf6-6a4989272f7b-chrome-pdf.html","meta":{"rootId":"jkm2tle6rvfv1q9","id":"jkm2tle6rvfv1q9"},"id":"pc8c5b7xwgffv6w","previousOperationId":"vn1t1uzd0i09bcy"}
{"type":"log","timestamp":1771363506988,"level":"debug","message":"Page request finished: GET (document) 200 file:///tmp/jsreport/autocleanup/2b8611b5-202e-41cf-abf6-6a4989272f7b-chrome-pdf.html","meta":{"rootId":"jkm2tle6rvfv1q9","id":"jkm2tle6rvfv1q9"},"id":"pud9nihmfdn95su","previousOperationId":"vn1t1uzd0i09bcy"}
{"type":"log","timestamp":1771363506992,"level":"debug","message":"Page request: GET (image) https://paciolibucket.s3.us-east-2.amazonaws.com/orgs/c64b69f6759a43a1bc0ae31961876751/companies/logos/e9767ff4-7186-447f-a397-208ea6bbfdb8_ninosfelices.png?X-Amz-Expires=600&X-Amz-Algorithm=AWS4-HMAC-SHA256&X-Amz-Credential=AKIAVYV5Z6T6UQ4ARWOC%2F20260217%2Fus-east-2%2Fs3%2Faws4_request&X-Amz-Date=20260217T212506Z&X-Amz-SignedHeaders=host&X-Amz-Signature=e7cd75fe1a2e458e7ea4b9a91c0217e60275757081043b3a7a62406b331fd10c","meta":{"rootId":"jkm2tle6rvfv1q9","id":"jkm2tle6rvfv1q9"},"id":"ssk3gvgjlhquw1q","previousOperationId":"vn1t1uzd0i09bcy"}
{"type":"log","timestamp":1771363507547,"level":"debug","message":"Page request finished: GET (image) 200 https://paciolibucket.s3.us-east-2.amazonaws.com/orgs/c64b69f6759a43a1bc0ae31961876751/companies/logos/e9767ff4-7186-447f-a397-208ea6bbfdb8_ninosfelices.png?X-Amz-Expires=600&X-Amz-Algorithm=AWS4-HMAC-SHA256&X-Amz-Credential=AKIAVYV5Z6T6UQ4ARWOC%2F20260217%2Fus-east-2%2Fs3%2Faws4_request&X-Amz-Date=20260217T212506Z&X-Amz-SignedHeaders=host&X-Amz-Signature=e7cd75fe1a2e458e7ea4b9a91c0217e60275757081043b3a7a62406b331fd10c","meta":{"rootId":"jkm2tle6rvfv1q9","id":"jkm2tle6rvfv1q9"},"id":"jmqdt0jrh6pioh3","previousOperationId":"vn1t1uzd0i09bcy"}
{"type":"log","timestamp":1771363507549,"level":"debug","message":"Running chrome with params {\"printBackground\":true,\"timeout\":59840,\"margin\":{}}","meta":{"rootId":"jkm2tle6rvfv1q9","id":"jkm2tle6rvfv1q9"},"id":"ie5x2qd59ds1fmb","previousOperationId":"vn1t1uzd0i09bcy"}
{"type":"operationEnd","operationId":"vn1t1uzd0i09bcy","timestamp":1771363507624,"id":"mr770xpm2zzzt9v","previousEventId":"pdukh5250gu5vrh","previousOperationId":"vn1t1uzd0i09bcy"}
{"type":"log","timestamp":1771363507624,"level":"debug","message":"Skipping storing report.","meta":{"rootId":"jkm2tle6rvfv1q9","id":"jkm2tle6rvfv1q9"},"id":"86qb26wdsc3p9x1","previousOperationId":"vn1t1uzd0i09bcy"}
{"type":"log","timestamp":1771363507624,"level":"info","message":"Rendering request 29 finished in 961 ms","meta":{"rootId":"jkm2tle6rvfv1q9","id":"jkm2tle6rvfv1q9"},"id":"ngqtsst172tbgs8","previousOperationId":"vn1t1uzd0i09bcy"}
{"type":"operationEnd","subtype":"render","operationId":"ca7ntvl219ykqdr","timestamp":1771363507624,"id":"90s9xx99k5bbsxc","previousEventId":"mr770xpm2zzzt9v","previousOperationId":"vn1t1uzd0i09bcy"}
{"type":"operationEnd","doDiffs":false,"previousEventId":"gtk13u51y3o22fj","previousOperationId":"1ifw3tdxe2kgfh0","operationId":"1ifw3tdxe2kgfh0","timestamp":1771363507626,"id":"f8q7bxan1vy6n7q"}
