{"type":"operationStart","subtype":"profile","data":{"_id":"8fxUZqnwekLegqBV","timestamp":"2026-02-17T22:08:32.231Z","state":"queued","mode":"standard","creationDate":"2026-02-17T22:08:32.247Z","modificationDate":"2026-02-17T22:08:32.247Z","shortid":"kj2RBVC","$entitySet":"profiles"},"doDiffs":false,"timestamp":1771366112235,"id":"izr3l5pqn9igt1o","previousOperationId":null,"operationId":"wwjnz6llfov0dwi"}
{"type":"log","level":"info","message":"Render request 34 queued for execution and waiting for available worker","previousOperationId":"wwjnz6llfov0dwi","timestamp":1771366112236,"id":"u1dchu2b5v0m04q"}
{"type":"operationStart","subtype":"render","name":"general-ledger-v2","previousOperationId":"wwjnz6llfov0dwi","timestamp":1771366112332,"id":"ccd3q7me1b9sl15","previousEventId":"izr3l5pqn9igt1o","operationId":"upeow4594ym6v6x"}
{"type":"log","timestamp":1771366112336,"level":"info","message":"Starting rendering request 34","meta":{"rootId":"jli5bevitgmnrlf","id":"jli5bevitgmnrlf"},"id":"5lftt6nf1wajl5b","previousOperationId":"upeow4594ym6v6x"}
{"type":"log","timestamp":1771366112341,"level":"info","message":"Rendering template { name: general-ledger-v2, recipe: chrome-pdf, engine: handlebars, preview: false }","meta":{"rootId":"jli5bevitgmnrlf","id":"jli5bevitgmnrlf"},"id":"1s29chkb8ocbfqv","previousOperationId":"upeow4594ym6v6x"}
{"type":"log","timestamp":1771366112367,"level":"debug","message":"Inline data specified.","meta":{"rootId":"jli5bevitgmnrlf","id":"jli5bevitgmnrlf"},"id":"8ulbtcg59940k7t","previousOperationId":"upeow4594ym6v6x"}
{"type":"log","timestamp":1771366112375,"level":"debug","message":"Base url not specified, skipping its injection.","meta":{"rootId":"jli5bevitgmnrlf","id":"jli5bevitgmnrlf"},"id":"1w0nfu1wjlzrjdh","previousOperationId":"upeow4594ym6v6x"}
{"type":"operationStart","subtype":"engine","name":"handlebars","timestamp":1771366112384,"id":"pq9dxoomtac8hm8","previousEventId":"ccd3q7me1b9sl15","operationId":"r99tnddcdksp2jc","previousOperationId":"upeow4594ym6v6x"}
{"type":"log","timestamp":1771366112384,"level":"debug","message":"Rendering engine handlebars","meta":{"rootId":"jli5bevitgmnrlf","id":"jli5bevitgmnrlf"},"id":"l7vjgg4bbb9pggk","previousOperationId":"r99tnddcdksp2jc"}
{"type":"operationEnd","operationId":"r99tnddcdksp2jc","timestamp":1771366112472,"id":"3h2aoy2nbjsgdyv","previousEventId":"pq9dxoomtac8hm8","previousOperationId":"r99tnddcdksp2jc"}
{"type":"operationStart","subtype":"recipe","name":"chrome-pdf","timestamp":1771366112475,"id":"srnh4ksq12yfkt6","previousEventId":"3h2aoy2nbjsgdyv","operationId":"bfm6631bnqvub1n","previousOperationId":"r99tnddcdksp2jc"}
{"type":"log","timestamp":1771366112475,"level":"debug","message":"Executing recipe chrome-pdf","meta":{"rootId":"jli5bevitgmnrlf","id":"jli5bevitgmnrlf"},"id":"d1tab0sudaksfmh","previousOperationId":"bfm6631bnqvub1n"}
{"type":"log","timestamp":1771366112519,"level":"debug","message":"Converting with chrome Chrome/142.0.7444.175 using chrome-pool strategy","meta":{"rootId":"jli5bevitgmnrlf","id":"jli5bevitgmnrlf"},"id":"7w9nxb2fjkjpwb5","previousOperationId":"bfm6631bnqvub1n"}
{"type":"log","timestamp":1771366112903,"level":"debug","message":"Page request: GET (document) file:///tmp/jsreport/autocleanup/27094b54-a0b7-4465-ba02-0b1edea38bf8-chrome-pdf.html","meta":{"rootId":"jli5bevitgmnrlf","id":"jli5bevitgmnrlf"},"id":"dmr0i1kpoesxfdr","previousOperationId":"bfm6631bnqvub1n"}
{"type":"log","timestamp":1771366112942,"level":"debug","message":"Page request finished: GET (document) 200 file:///tmp/jsreport/autocleanup/27094b54-a0b7-4465-ba02-0b1edea38bf8-chrome-pdf.html","meta":{"rootId":"jli5bevitgmnrlf","id":"jli5bevitgmnrlf"},"id":"kfq0bk3pqtvjt54","previousOperationId":"bfm6631bnqvub1n"}
{"type":"log","timestamp":1771366112948,"level":"debug","message":"Page request: GET (image) https://paciolibucket.s3.us-east-2.amazonaws.com/orgs/c64b69f6759a43a1bc0ae31961876751/companies/logos/e9767ff4-7186-447f-a397-208ea6bbfdb8_ninosfelices.png?X-Amz-Expires=600&X-Amz-Algorithm=AWS4-HMAC-SHA256&X-Amz-Credential=AKIAVYV5Z6T6UQ4ARWOC%2F20260217%2Fus-east-2%2Fs3%2Faws4_request&X-Amz-Date=20260217T220832Z&X-Amz-SignedHeaders=host&X-Amz-Signature=fe446189af592677ecb8a2f26bc8350e8661f23096bf633967f11dc536453a4b","meta":{"rootId":"jli5bevitgmnrlf","id":"jli5bevitgmnrlf"},"id":"avo7f7p7iirpaxd","previousOperationId":"bfm6631bnqvub1n"}
{"type":"log","timestamp":1771366113519,"level":"debug","message":"Page request finished: GET (image) 200 https://paciolibucket.s3.us-east-2.amazonaws.com/orgs/c64b69f6759a43a1bc0ae31961876751/companies/logos/e9767ff4-7186-447f-a397-208ea6bbfdb8_ninosfelices.png?X-Amz-Expires=600&X-Amz-Algorithm=AWS4-HMAC-SHA256&X-Amz-Credential=AKIAVYV5Z6T6UQ4ARWOC%2F20260217%2Fus-east-2%2Fs3%2Faws4_request&X-Amz-Date=20260217T220832Z&X-Amz-SignedHeaders=host&X-Amz-Signature=fe446189af592677ecb8a2f26bc8350e8661f23096bf633967f11dc536453a4b","meta":{"rootId":"jli5bevitgmnrlf","id":"jli5bevitgmnrlf"},"id":"fpb1xj901sb63pl","previousOperationId":"bfm6631bnqvub1n"}
{"type":"log","timestamp":1771366113528,"level":"debug","message":"Running chrome with params {\"printBackground\":true,\"timeout\":59734,\"margin\":{}}","meta":{"rootId":"jli5bevitgmnrlf","id":"jli5bevitgmnrlf"},"id":"fe6k6lfiyz29bkj","previousOperationId":"bfm6631bnqvub1n"}
{"type":"operationEnd","operationId":"bfm6631bnqvub1n","timestamp":1771366113884,"id":"zg6496qd9oc5qg5","previousEventId":"srnh4ksq12yfkt6","previousOperationId":"bfm6631bnqvub1n"}
{"type":"log","timestamp":1771366113884,"level":"debug","message":"Skipping storing report.","meta":{"rootId":"jli5bevitgmnrlf","id":"jli5bevitgmnrlf"},"id":"53piriz0m5hz21n","previousOperationId":"bfm6631bnqvub1n"}
{"type":"log","timestamp":1771366113885,"level":"info","message":"Rendering request 34 finished in 1660 ms","meta":{"rootId":"jli5bevitgmnrlf","id":"jli5bevitgmnrlf"},"id":"1ixx2poe0b2n0ty","previousOperationId":"bfm6631bnqvub1n"}
{"type":"operationEnd","subtype":"render","operationId":"upeow4594ym6v6x","timestamp":1771366113885,"id":"7iurjbsvxqcuwzt","previousEventId":"zg6496qd9oc5qg5","previousOperationId":"bfm6631bnqvub1n"}
{"type":"operationEnd","doDiffs":false,"previousEventId":"izr3l5pqn9igt1o","previousOperationId":"wwjnz6llfov0dwi","operationId":"wwjnz6llfov0dwi","timestamp":1771366113896,"id":"a892q3biiozhcts"}
