{"type":"operationStart","subtype":"profile","data":{"_id":"QoW2jt2LRV2n7l6y","timestamp":"2026-02-17T21:26:08.739Z","state":"queued","mode":"standard","creationDate":"2026-02-17T21:26:08.740Z","modificationDate":"2026-02-17T21:26:08.740Z","shortid":"QWV1zcZ","$entitySet":"profiles"},"doDiffs":false,"timestamp":1771363568740,"id":"0lp0f4eu6qyowl2","previousOperationId":null,"operationId":"cimkdhh6d5cs3qz"}
{"type":"log","level":"info","message":"Render request 31 queued for execution and waiting for available worker","previousOperationId":"cimkdhh6d5cs3qz","timestamp":1771363568740,"id":"n8hespqxix9oowe"}
{"type":"operationStart","subtype":"render","name":"general-ledger-v2","previousOperationId":"cimkdhh6d5cs3qz","timestamp":1771363568797,"id":"3jwh4lgdqrom9uc","previousEventId":"0lp0f4eu6qyowl2","operationId":"uxzl3ko5yxlhs7v"}
{"type":"log","timestamp":1771363568797,"level":"info","message":"Starting rendering request 31","meta":{"rootId":"k0d51qbfa1cmo9y","id":"k0d51qbfa1cmo9y"},"id":"5vxai9052tw6iq3","previousOperationId":"uxzl3ko5yxlhs7v"}
{"type":"log","timestamp":1771363568797,"level":"info","message":"Rendering template { name: general-ledger-v2, recipe: chrome-pdf, engine: handlebars, preview: false }","meta":{"rootId":"k0d51qbfa1cmo9y","id":"k0d51qbfa1cmo9y"},"id":"dj3sic8lidopja3","previousOperationId":"uxzl3ko5yxlhs7v"}
{"type":"log","timestamp":1771363568801,"level":"debug","message":"Inline data specified.","meta":{"rootId":"k0d51qbfa1cmo9y","id":"k0d51qbfa1cmo9y"},"id":"fivata17culcboj","previousOperationId":"uxzl3ko5yxlhs7v"}
{"type":"log","timestamp":1771363568803,"level":"debug","message":"Base url not specified, skipping its injection.","meta":{"rootId":"k0d51qbfa1cmo9y","id":"k0d51qbfa1cmo9y"},"id":"dn61oylb3yh1x0i","previousOperationId":"uxzl3ko5yxlhs7v"}
{"type":"operationStart","subtype":"engine","name":"handlebars","timestamp":1771363568803,"id":"8kga1g6mcnyppfa","previousEventId":"3jwh4lgdqrom9uc","operationId":"iaotm14xg710tv7","previousOperationId":"uxzl3ko5yxlhs7v"}
{"type":"log","timestamp":1771363568803,"level":"debug","message":"Rendering engine handlebars","meta":{"rootId":"k0d51qbfa1cmo9y","id":"k0d51qbfa1cmo9y"},"id":"g35n1uhzrftqxry","previousOperationId":"iaotm14xg710tv7"}
{"type":"operationEnd","operationId":"iaotm14xg710tv7","timestamp":1771363568811,"id":"zqxqmk35y2xphx6","previousEventId":"8kga1g6mcnyppfa","previousOperationId":"iaotm14xg710tv7"}
{"type":"operationStart","subtype":"recipe","name":"chrome-pdf","timestamp":1771363568811,"id":"vq5oe5f50fc6wlu","previousEventId":"zqxqmk35y2xphx6","operationId":"00rhv2fzc9sfriv","previousOperationId":"iaotm14xg710tv7"}
{"type":"log","timestamp":1771363568811,"level":"debug","message":"Executing recipe chrome-pdf","meta":{"rootId":"k0d51qbfa1cmo9y","id":"k0d51qbfa1cmo9y"},"id":"xczy62xn5dwbzkq","previousOperationId":"00rhv2fzc9sfriv"}
{"type":"log","timestamp":1771363568815,"level":"debug","message":"Converting with chrome Chrome/142.0.7444.175 using chrome-pool strategy","meta":{"rootId":"k0d51qbfa1cmo9y","id":"k0d51qbfa1cmo9y"},"id":"44yzyb68srkh7af","previousOperationId":"00rhv2fzc9sfriv"}
{"type":"log","timestamp":1771363568852,"level":"debug","message":"Page request: GET (document) file:///tmp/jsreport/autocleanup/66d96ee2-d15a-4166-9cbc-c112dfb7666a-chrome-pdf.html","meta":{"rootId":"k0d51qbfa1cmo9y","id":"k0d51qbfa1cmo9y"},"id":"d2p6d3dkgemkxcl","previousOperationId":"00rhv2fzc9sfriv"}
{"type":"log","timestamp":1771363568864,"level":"debug","message":"Page request finished: GET (document) 200 file:///tmp/jsreport/autocleanup/66d96ee2-d15a-4166-9cbc-c112dfb7666a-chrome-pdf.html","meta":{"rootId":"k0d51qbfa1cmo9y","id":"k0d51qbfa1cmo9y"},"id":"6a81rdbonqhn5dz","previousOperationId":"00rhv2fzc9sfriv"}
{"type":"log","timestamp":1771363568864,"level":"debug","message":"Page request: GET (image) https://paciolibucket.s3.us-east-2.amazonaws.com/orgs/c64b69f6759a43a1bc0ae31961876751/companies/logos/e9767ff4-7186-447f-a397-208ea6bbfdb8_ninosfelices.png?X-Amz-Expires=600&X-Amz-Algorithm=AWS4-HMAC-SHA256&X-Amz-Credential=AKIAVYV5Z6T6UQ4ARWOC%2F20260217%2Fus-east-2%2Fs3%2Faws4_request&X-Amz-Date=20260217T212608Z&X-Amz-SignedHeaders=host&X-Amz-Signature=634c58f679595c4c434b287ea24fdf58388d831489f1f6693197ea128e9b46ff","meta":{"rootId":"k0d51qbfa1cmo9y","id":"k0d51qbfa1cmo9y"},"id":"j6gsrmghn2p9a85","previousOperationId":"00rhv2fzc9sfriv"}
{"type":"log","timestamp":1771363569332,"level":"debug","message":"Page request finished: GET (image) 200 https://paciolibucket.s3.us-east-2.amazonaws.com/orgs/c64b69f6759a43a1bc0ae31961876751/companies/logos/e9767ff4-7186-447f-a397-208ea6bbfdb8_ninosfelices.png?X-Amz-Expires=600&X-Amz-Algorithm=AWS4-HMAC-SHA256&X-Amz-Credential=AKIAVYV5Z6T6UQ4ARWOC%2F20260217%2Fus-east-2%2Fs3%2Faws4_request&X-Amz-Date=20260217T212608Z&X-Amz-SignedHeaders=host&X-Amz-Signature=634c58f679595c4c434b287ea24fdf58388d831489f1f6693197ea128e9b46ff","meta":{"rootId":"k0d51qbfa1cmo9y","id":"k0d51qbfa1cmo9y"},"id":"v30vjnribqbuq22","previousOperationId":"00rhv2fzc9sfriv"}
{"type":"log","timestamp":1771363569336,"level":"debug","message":"Running chrome with params {\"printBackground\":true,\"timeout\":59925,\"margin\":{}}","meta":{"rootId":"k0d51qbfa1cmo9y","id":"k0d51qbfa1cmo9y"},"id":"toy7wuol4n60cmo","previousOperationId":"00rhv2fzc9sfriv"}
{"type":"operationEnd","operationId":"00rhv2fzc9sfriv","timestamp":1771363569392,"id":"87tznme9my2f546","previousEventId":"vq5oe5f50fc6wlu","previousOperationId":"00rhv2fzc9sfriv"}
{"type":"log","timestamp":1771363569392,"level":"debug","message":"Skipping storing report.","meta":{"rootId":"k0d51qbfa1cmo9y","id":"k0d51qbfa1cmo9y"},"id":"yoxq715hfs0zelg","previousOperationId":"00rhv2fzc9sfriv"}
{"type":"log","timestamp":1771363569392,"level":"info","message":"Rendering request 31 finished in 653 ms","meta":{"rootId":"k0d51qbfa1cmo9y","id":"k0d51qbfa1cmo9y"},"id":"1ovkyfhfn4cmwhd","previousOperationId":"00rhv2fzc9sfriv"}
{"type":"operationEnd","subtype":"render","operationId":"uxzl3ko5yxlhs7v","timestamp":1771363569392,"id":"0ivtbwt9mboybwd","previousEventId":"87tznme9my2f546","previousOperationId":"00rhv2fzc9sfriv"}
{"type":"operationEnd","doDiffs":false,"previousEventId":"0lp0f4eu6qyowl2","previousOperationId":"cimkdhh6d5cs3qz","operationId":"cimkdhh6d5cs3qz","timestamp":1771363569393,"id":"ywxyhtr1cxoufx5"}
