{"type":"operationStart","subtype":"profile","data":{"_id":"2aL41NCz3mWmWbdZ","timestamp":"2026-02-17T23:20:17.157Z","state":"queued","mode":"standard","creationDate":"2026-02-17T23:20:17.169Z","modificationDate":"2026-02-17T23:20:17.169Z","shortid":"OFv6Z_2","$entitySet":"profiles"},"doDiffs":false,"timestamp":1771370417160,"id":"o22jtbwdbbkxm6v","previousOperationId":null,"operationId":"sfwu06w45vf90kx"}
{"type":"log","level":"info","message":"Render request 40 queued for execution and waiting for available worker","previousOperationId":"sfwu06w45vf90kx","timestamp":1771370417160,"id":"jvamrdbeziq1n11"}
{"type":"operationStart","subtype":"render","name":"general-ledger-v2","previousOperationId":"sfwu06w45vf90kx","timestamp":1771370417292,"id":"uyuny63q84a60dw","previousEventId":"o22jtbwdbbkxm6v","operationId":"w0zessw51s5ej07"}
{"type":"log","timestamp":1771370417299,"level":"info","message":"Starting rendering request 40","meta":{"rootId":"kv0qf8jaaf626hl","id":"kv0qf8jaaf626hl"},"id":"wo8uw4h3eypht5r","previousOperationId":"w0zessw51s5ej07"}
{"type":"log","timestamp":1771370417309,"level":"info","message":"Rendering template { name: general-ledger-v2, recipe: chrome-pdf, engine: handlebars, preview: false }","meta":{"rootId":"kv0qf8jaaf626hl","id":"kv0qf8jaaf626hl"},"id":"h2xn9abbgzksmln","previousOperationId":"w0zessw51s5ej07"}
{"type":"log","timestamp":1771370417318,"level":"debug","message":"Inline data specified.","meta":{"rootId":"kv0qf8jaaf626hl","id":"kv0qf8jaaf626hl"},"id":"pfveyls6gy1jdjx","previousOperationId":"w0zessw51s5ej07"}
{"type":"log","timestamp":1771370417358,"level":"debug","message":"Base url not specified, skipping its injection.","meta":{"rootId":"kv0qf8jaaf626hl","id":"kv0qf8jaaf626hl"},"id":"q4dnpjc1oazlbad","previousOperationId":"w0zessw51s5ej07"}
{"type":"operationStart","subtype":"engine","name":"handlebars","timestamp":1771370417371,"id":"gr4yei059mcu4w9","previousEventId":"uyuny63q84a60dw","operationId":"1a9ytnyxm9qycqr","previousOperationId":"w0zessw51s5ej07"}
{"type":"log","timestamp":1771370417371,"level":"debug","message":"Rendering engine handlebars","meta":{"rootId":"kv0qf8jaaf626hl","id":"kv0qf8jaaf626hl"},"id":"3vjj4kz62pa3tm7","previousOperationId":"1a9ytnyxm9qycqr"}
{"type":"operationEnd","operationId":"1a9ytnyxm9qycqr","timestamp":1771370417490,"id":"s80ykz0aya2ch7w","previousEventId":"gr4yei059mcu4w9","previousOperationId":"1a9ytnyxm9qycqr"}
{"type":"operationStart","subtype":"recipe","name":"chrome-pdf","timestamp":1771370417492,"id":"82jd1yq3j5tul7h","previousEventId":"s80ykz0aya2ch7w","operationId":"9iqm86w6dpv19l0","previousOperationId":"1a9ytnyxm9qycqr"}
{"type":"log","timestamp":1771370417492,"level":"debug","message":"Executing recipe chrome-pdf","meta":{"rootId":"kv0qf8jaaf626hl","id":"kv0qf8jaaf626hl"},"id":"wfakxlopehlio03","previousOperationId":"9iqm86w6dpv19l0"}
{"type":"log","timestamp":1771370417545,"level":"debug","message":"Converting with chrome Chrome/142.0.7444.175 using chrome-pool strategy","meta":{"rootId":"kv0qf8jaaf626hl","id":"kv0qf8jaaf626hl"},"id":"lnr0dhl2nvzw2qp","previousOperationId":"9iqm86w6dpv19l0"}
{"type":"log","timestamp":1771370418328,"level":"debug","message":"Page request: GET (document) file:///tmp/jsreport/autocleanup/96e1cab4-6c4d-4078-a4f4-3ee482344027-chrome-pdf.html","meta":{"rootId":"kv0qf8jaaf626hl","id":"kv0qf8jaaf626hl"},"id":"xrqvbiemxktj97q","previousOperationId":"9iqm86w6dpv19l0"}
{"type":"log","timestamp":1771370418436,"level":"debug","message":"Page request finished: GET (document) 200 file:///tmp/jsreport/autocleanup/96e1cab4-6c4d-4078-a4f4-3ee482344027-chrome-pdf.html","meta":{"rootId":"kv0qf8jaaf626hl","id":"kv0qf8jaaf626hl"},"id":"6oqnupief4h6rmb","previousOperationId":"9iqm86w6dpv19l0"}
{"type":"log","timestamp":1771370418437,"level":"debug","message":"Page request: GET (image) https://paciolibucket.s3.us-east-2.amazonaws.com/orgs/c64b69f6759a43a1bc0ae31961876751/companies/logos/e9767ff4-7186-447f-a397-208ea6bbfdb8_ninosfelices.png?X-Amz-Expires=600&X-Amz-Algorithm=AWS4-HMAC-SHA256&X-Amz-Credential=AKIAVYV5Z6T6UQ4ARWOC%2F20260217%2Fus-east-2%2Fs3%2Faws4_request&X-Amz-Date=20260217T232016Z&X-Amz-SignedHeaders=host&X-Amz-Signature=07d568e3825591c8e1e70a7f2a950eb17a8e3280ce48106e7da31fb56909c41c","meta":{"rootId":"kv0qf8jaaf626hl","id":"kv0qf8jaaf626hl"},"id":"9ltjnk7w17fduty","previousOperationId":"9iqm86w6dpv19l0"}
{"type":"log","timestamp":1771370418975,"level":"debug","message":"Page request finished: GET (image) 200 https://paciolibucket.s3.us-east-2.amazonaws.com/orgs/c64b69f6759a43a1bc0ae31961876751/companies/logos/e9767ff4-7186-447f-a397-208ea6bbfdb8_ninosfelices.png?X-Amz-Expires=600&X-Amz-Algorithm=AWS4-HMAC-SHA256&X-Amz-Credential=AKIAVYV5Z6T6UQ4ARWOC%2F20260217%2Fus-east-2%2Fs3%2Faws4_request&X-Amz-Date=20260217T232016Z&X-Amz-SignedHeaders=host&X-Amz-Signature=07d568e3825591c8e1e70a7f2a950eb17a8e3280ce48106e7da31fb56909c41c","meta":{"rootId":"kv0qf8jaaf626hl","id":"kv0qf8jaaf626hl"},"id":"p6qvl3jh6nlvny6","previousOperationId":"9iqm86w6dpv19l0"}
{"type":"log","timestamp":1771370418984,"level":"debug","message":"Running chrome with params {\"printBackground\":true,\"timeout\":59643,\"margin\":{}}","meta":{"rootId":"kv0qf8jaaf626hl","id":"kv0qf8jaaf626hl"},"id":"b8pzy50qz2qcmfb","previousOperationId":"9iqm86w6dpv19l0"}
{"type":"operationEnd","operationId":"9iqm86w6dpv19l0","timestamp":1771370419298,"id":"jbmydx7donj7zhn","previousEventId":"82jd1yq3j5tul7h","previousOperationId":"9iqm86w6dpv19l0"}
{"type":"log","timestamp":1771370419304,"level":"debug","message":"Skipping storing report.","meta":{"rootId":"kv0qf8jaaf626hl","id":"kv0qf8jaaf626hl"},"id":"gq3wf1d9xprf79u","previousOperationId":"9iqm86w6dpv19l0"}
{"type":"log","timestamp":1771370419306,"level":"info","message":"Rendering request 40 finished in 2152 ms","meta":{"rootId":"kv0qf8jaaf626hl","id":"kv0qf8jaaf626hl"},"id":"prw2o0txiz4eeiq","previousOperationId":"9iqm86w6dpv19l0"}
{"type":"operationEnd","subtype":"render","operationId":"w0zessw51s5ej07","timestamp":1771370419306,"id":"aj1h3pq7zop8vdz","previousEventId":"jbmydx7donj7zhn","previousOperationId":"9iqm86w6dpv19l0"}
{"type":"operationEnd","doDiffs":false,"previousEventId":"o22jtbwdbbkxm6v","previousOperationId":"sfwu06w45vf90kx","operationId":"sfwu06w45vf90kx","timestamp":1771370419314,"id":"bi5sardd11j0k6c"}
