{"type":"operationStart","subtype":"profile","data":{"_id":"3bB1h7guCQEvzcUj","timestamp":"2026-02-17T04:39:29.399Z","state":"queued","mode":"standard","creationDate":"2026-02-17T04:39:29.418Z","modificationDate":"2026-02-17T04:39:29.418Z","shortid":"VFbQ6DR","$entitySet":"profiles"},"doDiffs":false,"timestamp":1771303169406,"id":"8y4spbqhb7vb4cw","previousOperationId":null,"operationId":"3u20dfgjvevsamq"}
{"type":"log","level":"info","message":"Render request 21 queued for execution and waiting for available worker","previousOperationId":"3u20dfgjvevsamq","timestamp":1771303169406,"id":"r4m3md9eapelfx1"}
{"type":"operationStart","subtype":"render","name":"general-ledger-v2","previousOperationId":"3u20dfgjvevsamq","timestamp":1771303169526,"id":"kda43lanetntr30","previousEventId":"8y4spbqhb7vb4cw","operationId":"jdpp3lh3r76pi7f"}
{"type":"log","timestamp":1771303169533,"level":"info","message":"Starting rendering request 21","meta":{"rootId":"lvkzbvub0gvppb3","id":"lvkzbvub0gvppb3"},"id":"3p77rutl414dt0v","previousOperationId":"jdpp3lh3r76pi7f"}
{"type":"log","timestamp":1771303169538,"level":"info","message":"Rendering template { name: general-ledger-v2, recipe: chrome-pdf, engine: handlebars, preview: false }","meta":{"rootId":"lvkzbvub0gvppb3","id":"lvkzbvub0gvppb3"},"id":"b010ydrtnwdedvv","previousOperationId":"jdpp3lh3r76pi7f"}
{"type":"log","timestamp":1771303169543,"level":"debug","message":"Inline data specified.","meta":{"rootId":"lvkzbvub0gvppb3","id":"lvkzbvub0gvppb3"},"id":"49kf9fr0wo7e76y","previousOperationId":"jdpp3lh3r76pi7f"}
{"type":"log","timestamp":1771303169551,"level":"debug","message":"Base url not specified, skipping its injection.","meta":{"rootId":"lvkzbvub0gvppb3","id":"lvkzbvub0gvppb3"},"id":"x78w859d6ghvk2j","previousOperationId":"jdpp3lh3r76pi7f"}
{"type":"operationStart","subtype":"engine","name":"handlebars","timestamp":1771303169563,"id":"6xuav0ds6bcugap","previousEventId":"kda43lanetntr30","operationId":"1z2ntk68v42yp61","previousOperationId":"jdpp3lh3r76pi7f"}
{"type":"log","timestamp":1771303169563,"level":"debug","message":"Rendering engine handlebars","meta":{"rootId":"lvkzbvub0gvppb3","id":"lvkzbvub0gvppb3"},"id":"0io62pdny3fyct0","previousOperationId":"1z2ntk68v42yp61"}
{"type":"operationEnd","operationId":"1z2ntk68v42yp61","timestamp":1771303169652,"id":"s71rgql31y5xg4l","previousEventId":"6xuav0ds6bcugap","previousOperationId":"1z2ntk68v42yp61"}
{"type":"operationStart","subtype":"recipe","name":"chrome-pdf","timestamp":1771303169653,"id":"fyups88sokm2gh1","previousEventId":"s71rgql31y5xg4l","operationId":"eb6emwg5hl5flom","previousOperationId":"1z2ntk68v42yp61"}
{"type":"log","timestamp":1771303169655,"level":"debug","message":"Executing recipe chrome-pdf","meta":{"rootId":"lvkzbvub0gvppb3","id":"lvkzbvub0gvppb3"},"id":"zmcsurw5eyqy83f","previousOperationId":"eb6emwg5hl5flom"}
{"type":"log","timestamp":1771303169700,"level":"debug","message":"Converting with chrome Chrome/142.0.7444.175 using chrome-pool strategy","meta":{"rootId":"lvkzbvub0gvppb3","id":"lvkzbvub0gvppb3"},"id":"3t0a2jjapn1h6d4","previousOperationId":"eb6emwg5hl5flom"}
{"type":"log","timestamp":1771303170448,"level":"debug","message":"Page request: GET (document) file:///tmp/jsreport/autocleanup/35ead9a6-c073-45a5-8702-0487d76f3ed2-chrome-pdf.html","meta":{"rootId":"lvkzbvub0gvppb3","id":"lvkzbvub0gvppb3"},"id":"tsil6i2r5zv60kd","previousOperationId":"eb6emwg5hl5flom"}
{"type":"log","timestamp":1771303170707,"level":"debug","message":"Page request finished: GET (document) 200 file:///tmp/jsreport/autocleanup/35ead9a6-c073-45a5-8702-0487d76f3ed2-chrome-pdf.html","meta":{"rootId":"lvkzbvub0gvppb3","id":"lvkzbvub0gvppb3"},"id":"f9xw3frmra1lqju","previousOperationId":"eb6emwg5hl5flom"}
{"type":"log","timestamp":1771303170747,"level":"debug","message":"Page request: GET (image) https://paciolibucket.s3.us-east-2.amazonaws.com/orgs/c64b69f6759a43a1bc0ae31961876751/companies/logos/e9767ff4-7186-447f-a397-208ea6bbfdb8_ninosfelices.png?X-Amz-Expires=600&X-Amz-Algorithm=AWS4-HMAC-SHA256&X-Amz-Credential=AKIAVYV5Z6T6UQ4ARWOC%2F20260217%2Fus-east-2%2Fs3%2Faws4_request&X-Amz-Date=20260217T043929Z&X-Amz-SignedHeaders=host&X-Amz-Signature=e903a919f441bbdaef12250044a7166906bfc401171b049cab30ae372a21371e","meta":{"rootId":"lvkzbvub0gvppb3","id":"lvkzbvub0gvppb3"},"id":"6zhih4x9eqfhvtq","previousOperationId":"eb6emwg5hl5flom"}
{"type":"log","timestamp":1771303172099,"level":"debug","message":"Page request finished: GET (image) 200 https://paciolibucket.s3.us-east-2.amazonaws.com/orgs/c64b69f6759a43a1bc0ae31961876751/companies/logos/e9767ff4-7186-447f-a397-208ea6bbfdb8_ninosfelices.png?X-Amz-Expires=600&X-Amz-Algorithm=AWS4-HMAC-SHA256&X-Amz-Credential=AKIAVYV5Z6T6UQ4ARWOC%2F20260217%2Fus-east-2%2Fs3%2Faws4_request&X-Amz-Date=20260217T043929Z&X-Amz-SignedHeaders=host&X-Amz-Signature=e903a919f441bbdaef12250044a7166906bfc401171b049cab30ae372a21371e","meta":{"rootId":"lvkzbvub0gvppb3","id":"lvkzbvub0gvppb3"},"id":"zl1mer6jiffvhmi","previousOperationId":"eb6emwg5hl5flom"}
{"type":"log","timestamp":1771303172103,"level":"debug","message":"Running chrome with params {\"printBackground\":true,\"timeout\":59723,\"margin\":{}}","meta":{"rootId":"lvkzbvub0gvppb3","id":"lvkzbvub0gvppb3"},"id":"qgnd8w53car9u3m","previousOperationId":"eb6emwg5hl5flom"}
{"type":"operationEnd","operationId":"eb6emwg5hl5flom","timestamp":1771303172250,"id":"tt72od5ytw8902n","previousEventId":"fyups88sokm2gh1","previousOperationId":"eb6emwg5hl5flom"}
{"type":"log","timestamp":1771303172251,"level":"debug","message":"Skipping storing report.","meta":{"rootId":"lvkzbvub0gvppb3","id":"lvkzbvub0gvppb3"},"id":"iw21ge0jfix1wpd","previousOperationId":"eb6emwg5hl5flom"}
{"type":"log","timestamp":1771303172251,"level":"info","message":"Rendering request 21 finished in 2859 ms","meta":{"rootId":"lvkzbvub0gvppb3","id":"lvkzbvub0gvppb3"},"id":"6j23x80ebvxav40","previousOperationId":"eb6emwg5hl5flom"}
{"type":"operationEnd","subtype":"render","operationId":"jdpp3lh3r76pi7f","timestamp":1771303172251,"id":"ystw9xbf5c5lnzz","previousEventId":"tt72od5ytw8902n","previousOperationId":"eb6emwg5hl5flom"}
{"type":"operationEnd","doDiffs":false,"previousEventId":"8y4spbqhb7vb4cw","previousOperationId":"3u20dfgjvevsamq","operationId":"3u20dfgjvevsamq","timestamp":1771303172253,"id":"8ecxbnui2zphn1n"}
