{"type":"operationStart","subtype":"profile","data":{"_id":"lRh1v1s093A1Tc0T","timestamp":"2026-02-19T03:58:56.219Z","state":"queued","mode":"standard","creationDate":"2026-02-19T03:58:56.221Z","modificationDate":"2026-02-19T03:58:56.221Z","shortid":"rmsYk-e","$entitySet":"profiles"},"doDiffs":false,"timestamp":1771473536221,"id":"33xp9iwb9xebcj2","previousOperationId":null,"operationId":"48ig6ou1pknum1c"}
{"type":"log","level":"info","message":"Render request 7 queued for execution and waiting for available worker","previousOperationId":"48ig6ou1pknum1c","timestamp":1771473536221,"id":"dl2w68bghaws6wn"}
{"type":"operationStart","subtype":"render","name":"general-ledger-v2","previousOperationId":"48ig6ou1pknum1c","timestamp":1771473536287,"id":"429tnlswt2fe7ne","previousEventId":"33xp9iwb9xebcj2","operationId":"ktv1w0rljjpgujd"}
{"type":"log","timestamp":1771473536288,"level":"info","message":"Starting rendering request 7","meta":{"rootId":"lya3omiuwg6p2ot","id":"lya3omiuwg6p2ot"},"id":"eck23na2z2cg0h2","previousOperationId":"ktv1w0rljjpgujd"}
{"type":"log","timestamp":1771473536288,"level":"info","message":"Rendering template { name: general-ledger-v2, recipe: chrome-pdf, engine: handlebars, preview: false }","meta":{"rootId":"lya3omiuwg6p2ot","id":"lya3omiuwg6p2ot"},"id":"rk8xw9g6xm9xjpg","previousOperationId":"ktv1w0rljjpgujd"}
{"type":"log","timestamp":1771473536288,"level":"debug","message":"Inline data specified.","meta":{"rootId":"lya3omiuwg6p2ot","id":"lya3omiuwg6p2ot"},"id":"d56yvfv3ts8g0h9","previousOperationId":"ktv1w0rljjpgujd"}
{"type":"log","timestamp":1771473536292,"level":"debug","message":"Base url not specified, skipping its injection.","meta":{"rootId":"lya3omiuwg6p2ot","id":"lya3omiuwg6p2ot"},"id":"8anwoqu2xu6tjx6","previousOperationId":"ktv1w0rljjpgujd"}
{"type":"operationStart","subtype":"engine","name":"handlebars","timestamp":1771473536292,"id":"o1pwb7b58kzhkl1","previousEventId":"429tnlswt2fe7ne","operationId":"htbaihhvhe9r399","previousOperationId":"ktv1w0rljjpgujd"}
{"type":"log","timestamp":1771473536292,"level":"debug","message":"Rendering engine handlebars","meta":{"rootId":"lya3omiuwg6p2ot","id":"lya3omiuwg6p2ot"},"id":"b4qb9y7j0bbn2e2","previousOperationId":"htbaihhvhe9r399"}
{"type":"operationEnd","operationId":"htbaihhvhe9r399","timestamp":1771473536335,"id":"0u37e7oyarjdupj","previousEventId":"o1pwb7b58kzhkl1","previousOperationId":"htbaihhvhe9r399"}
{"type":"operationStart","subtype":"recipe","name":"chrome-pdf","timestamp":1771473536361,"id":"v5877duj380agkz","previousEventId":"0u37e7oyarjdupj","operationId":"2xtf949u3yqqlqz","previousOperationId":"htbaihhvhe9r399"}
{"type":"log","timestamp":1771473536361,"level":"debug","message":"Executing recipe chrome-pdf","meta":{"rootId":"lya3omiuwg6p2ot","id":"lya3omiuwg6p2ot"},"id":"1mur2u926i7g4ff","previousOperationId":"2xtf949u3yqqlqz"}
{"type":"log","timestamp":1771473536366,"level":"debug","message":"Converting with chrome Chrome/142.0.7444.175 using chrome-pool strategy","meta":{"rootId":"lya3omiuwg6p2ot","id":"lya3omiuwg6p2ot"},"id":"a6nj41jpzvh1ayo","previousOperationId":"2xtf949u3yqqlqz"}
{"type":"log","timestamp":1771473536401,"level":"debug","message":"Page request: GET (document) file:///tmp/jsreport/autocleanup/d458cff3-3c54-470d-850f-1942ec847029-chrome-pdf.html","meta":{"rootId":"lya3omiuwg6p2ot","id":"lya3omiuwg6p2ot"},"id":"9rom353k89pgu2l","previousOperationId":"2xtf949u3yqqlqz"}
{"type":"log","timestamp":1771473536417,"level":"debug","message":"Page request: GET (image) https://paciolibucket.s3.us-east-2.amazonaws.com/orgs/c64b69f6759a43a1bc0ae31961876751/companies/logos/b6e6bbb3-4217-4336-88b7-161c9ce34ada_Applicorp%20Logo.png?X-Amz-Expires=600&X-Amz-Algorithm=AWS4-HMAC-SHA256&X-Amz-Credential=AKIAVYV5Z6T6UQ4ARWOC%2F20260219%2Fus-east-2%2Fs3%2Faws4_request&X-Amz-Date=20260219T035856Z&X-Amz-SignedHeaders=host&X-Amz-Signature=69358d7d58bb5bf42b26c5bf97af83e9d68d98b4e659fc9b50cb22d6985c111c","meta":{"rootId":"lya3omiuwg6p2ot","id":"lya3omiuwg6p2ot"},"id":"ohvl0gxfsbsj4n9","previousOperationId":"2xtf949u3yqqlqz"}
{"type":"log","timestamp":1771473536569,"level":"debug","message":"Page request finished: GET (document) 200 file:///tmp/jsreport/autocleanup/d458cff3-3c54-470d-850f-1942ec847029-chrome-pdf.html","meta":{"rootId":"lya3omiuwg6p2ot","id":"lya3omiuwg6p2ot"},"id":"sdgm9kfpwx3st2o","previousOperationId":"2xtf949u3yqqlqz"}
{"type":"log","timestamp":1771473537010,"level":"debug","message":"Page request finished: GET (image) 200 https://paciolibucket.s3.us-east-2.amazonaws.com/orgs/c64b69f6759a43a1bc0ae31961876751/companies/logos/b6e6bbb3-4217-4336-88b7-161c9ce34ada_Applicorp%20Logo.png?X-Amz-Expires=600&X-Amz-Algorithm=AWS4-HMAC-SHA256&X-Amz-Credential=AKIAVYV5Z6T6UQ4ARWOC%2F20260219%2Fus-east-2%2Fs3%2Faws4_request&X-Amz-Date=20260219T035856Z&X-Amz-SignedHeaders=host&X-Amz-Signature=69358d7d58bb5bf42b26c5bf97af83e9d68d98b4e659fc9b50cb22d6985c111c","meta":{"rootId":"lya3omiuwg6p2ot","id":"lya3omiuwg6p2ot"},"id":"5tbkqou9li63t7y","previousOperationId":"2xtf949u3yqqlqz"}
{"type":"log","timestamp":1771473537015,"level":"debug","message":"Running chrome with params {\"printBackground\":true,\"timeout\":59854,\"margin\":{}}","meta":{"rootId":"lya3omiuwg6p2ot","id":"lya3omiuwg6p2ot"},"id":"f2rxqtum3hmpr9d","previousOperationId":"2xtf949u3yqqlqz"}
{"type":"operationEnd","operationId":"2xtf949u3yqqlqz","timestamp":1771473539903,"id":"4k0d6ev13ci6xiq","previousEventId":"v5877duj380agkz","previousOperationId":"2xtf949u3yqqlqz"}
{"type":"log","timestamp":1771473539904,"level":"debug","message":"Skipping storing report.","meta":{"rootId":"lya3omiuwg6p2ot","id":"lya3omiuwg6p2ot"},"id":"spc4lnzvnq7h1zu","previousOperationId":"2xtf949u3yqqlqz"}
{"type":"log","timestamp":1771473539904,"level":"info","message":"Rendering request 7 finished in 3685 ms","meta":{"rootId":"lya3omiuwg6p2ot","id":"lya3omiuwg6p2ot"},"id":"lpnpu5mzguuu0y8","previousOperationId":"2xtf949u3yqqlqz"}
{"type":"operationEnd","subtype":"render","operationId":"ktv1w0rljjpgujd","timestamp":1771473539904,"id":"mi6zqlt3k65v0yv","previousEventId":"4k0d6ev13ci6xiq","previousOperationId":"2xtf949u3yqqlqz"}
{"type":"operationEnd","doDiffs":false,"previousEventId":"33xp9iwb9xebcj2","previousOperationId":"48ig6ou1pknum1c","operationId":"48ig6ou1pknum1c","timestamp":1771473539905,"id":"868ivxp7nmzahki"}
