{"type":"operationStart","subtype":"profile","data":{"_id":"ideMBgFmyuIUeFJX","timestamp":"2026-02-18T02:58:10.411Z","state":"queued","mode":"standard","creationDate":"2026-02-18T02:58:10.414Z","modificationDate":"2026-02-18T02:58:10.414Z","shortid":"JVOhyus","$entitySet":"profiles"},"doDiffs":false,"timestamp":1771383490413,"id":"a747jppmjng1611","previousOperationId":null,"operationId":"g4b2254la2yg4ps"}
{"type":"log","level":"info","message":"Render request 39 queued for execution and waiting for available worker","previousOperationId":"g4b2254la2yg4ps","timestamp":1771383490413,"id":"4zokr3o24gm37at"}
{"type":"operationStart","subtype":"render","name":"general-ledger-v2","previousOperationId":"g4b2254la2yg4ps","timestamp":1771383490494,"id":"5tdq2vcrd46bpep","previousEventId":"a747jppmjng1611","operationId":"8cc948ypwkotrs5"}
{"type":"log","timestamp":1771383490496,"level":"info","message":"Starting rendering request 39","meta":{"rootId":"mr61wzfrtl4n740","id":"mr61wzfrtl4n740"},"id":"i5tch8xxs8vpvbg","previousOperationId":"8cc948ypwkotrs5"}
{"type":"log","timestamp":1771383490498,"level":"info","message":"Rendering template { name: general-ledger-v2, recipe: chrome-pdf, engine: handlebars, preview: false }","meta":{"rootId":"mr61wzfrtl4n740","id":"mr61wzfrtl4n740"},"id":"q0hgyj76p4v53fx","previousOperationId":"8cc948ypwkotrs5"}
{"type":"log","timestamp":1771383490501,"level":"debug","message":"Inline data specified.","meta":{"rootId":"mr61wzfrtl4n740","id":"mr61wzfrtl4n740"},"id":"lb44lf5uqf51f1l","previousOperationId":"8cc948ypwkotrs5"}
{"type":"log","timestamp":1771383490504,"level":"debug","message":"Base url not specified, skipping its injection.","meta":{"rootId":"mr61wzfrtl4n740","id":"mr61wzfrtl4n740"},"id":"8vky06ely49qeh7","previousOperationId":"8cc948ypwkotrs5"}
{"type":"operationStart","subtype":"engine","name":"handlebars","timestamp":1771383490507,"id":"e6u9b2zifqviifs","previousEventId":"5tdq2vcrd46bpep","operationId":"bwwfgx274ihmbl1","previousOperationId":"8cc948ypwkotrs5"}
{"type":"log","timestamp":1771383490507,"level":"debug","message":"Rendering engine handlebars","meta":{"rootId":"mr61wzfrtl4n740","id":"mr61wzfrtl4n740"},"id":"ei0bvr3g6d9b3xt","previousOperationId":"bwwfgx274ihmbl1"}
{"type":"operationEnd","operationId":"bwwfgx274ihmbl1","timestamp":1771383490553,"id":"369y7p9bap1rmls","previousEventId":"e6u9b2zifqviifs","previousOperationId":"bwwfgx274ihmbl1"}
{"type":"operationStart","subtype":"recipe","name":"chrome-pdf","timestamp":1771383490553,"id":"tf5letnito42wxu","previousEventId":"369y7p9bap1rmls","operationId":"tkhnzmasa3jlq4z","previousOperationId":"bwwfgx274ihmbl1"}
{"type":"log","timestamp":1771383490553,"level":"debug","message":"Executing recipe chrome-pdf","meta":{"rootId":"mr61wzfrtl4n740","id":"mr61wzfrtl4n740"},"id":"hv2rj7blg3t30l1","previousOperationId":"tkhnzmasa3jlq4z"}
{"type":"log","timestamp":1771383490574,"level":"debug","message":"Converting with chrome Chrome/142.0.7444.175 using chrome-pool strategy","meta":{"rootId":"mr61wzfrtl4n740","id":"mr61wzfrtl4n740"},"id":"xl1deu9jr52e9de","previousOperationId":"tkhnzmasa3jlq4z"}
{"type":"log","timestamp":1771383490765,"level":"debug","message":"Page request: GET (document) file:///tmp/jsreport/autocleanup/c7a8371c-bdbd-4c60-8d39-c3f346b57620-chrome-pdf.html","meta":{"rootId":"mr61wzfrtl4n740","id":"mr61wzfrtl4n740"},"id":"79xu00jkcd0lx6o","previousOperationId":"tkhnzmasa3jlq4z"}
{"type":"log","timestamp":1771383490783,"level":"debug","message":"Page request finished: GET (document) 200 file:///tmp/jsreport/autocleanup/c7a8371c-bdbd-4c60-8d39-c3f346b57620-chrome-pdf.html","meta":{"rootId":"mr61wzfrtl4n740","id":"mr61wzfrtl4n740"},"id":"s9snvl3zigenq8u","previousOperationId":"tkhnzmasa3jlq4z"}
{"type":"log","timestamp":1771383490783,"level":"debug","message":"Page request: GET (image) https://paciolibucket.s3.us-east-2.amazonaws.com/orgs/c64b69f6759a43a1bc0ae31961876751/companies/logos/e9767ff4-7186-447f-a397-208ea6bbfdb8_ninosfelices.png?X-Amz-Expires=600&X-Amz-Algorithm=AWS4-HMAC-SHA256&X-Amz-Credential=AKIAVYV5Z6T6UQ4ARWOC%2F20260218%2Fus-east-2%2Fs3%2Faws4_request&X-Amz-Date=20260218T025810Z&X-Amz-SignedHeaders=host&X-Amz-Signature=fda1ae0d5cffcefda29d8e8de0443fc4e87f0309d95745b04a4f68e926492a30","meta":{"rootId":"mr61wzfrtl4n740","id":"mr61wzfrtl4n740"},"id":"2ja199lm6fthtvy","previousOperationId":"tkhnzmasa3jlq4z"}
{"type":"log","timestamp":1771383491309,"level":"debug","message":"Page request finished: GET (image) 200 https://paciolibucket.s3.us-east-2.amazonaws.com/orgs/c64b69f6759a43a1bc0ae31961876751/companies/logos/e9767ff4-7186-447f-a397-208ea6bbfdb8_ninosfelices.png?X-Amz-Expires=600&X-Amz-Algorithm=AWS4-HMAC-SHA256&X-Amz-Credential=AKIAVYV5Z6T6UQ4ARWOC%2F20260218%2Fus-east-2%2Fs3%2Faws4_request&X-Amz-Date=20260218T025810Z&X-Amz-SignedHeaders=host&X-Amz-Signature=fda1ae0d5cffcefda29d8e8de0443fc4e87f0309d95745b04a4f68e926492a30","meta":{"rootId":"mr61wzfrtl4n740","id":"mr61wzfrtl4n740"},"id":"0a1n36dm3kr1aby","previousOperationId":"tkhnzmasa3jlq4z"}
{"type":"log","timestamp":1771383491311,"level":"debug","message":"Running chrome with params {\"printBackground\":true,\"timeout\":59848,\"margin\":{}}","meta":{"rootId":"mr61wzfrtl4n740","id":"mr61wzfrtl4n740"},"id":"p02ux9ai21cpb15","previousOperationId":"tkhnzmasa3jlq4z"}
{"type":"operationEnd","operationId":"tkhnzmasa3jlq4z","timestamp":1771383491405,"id":"b61d3q9pg04m2kb","previousEventId":"tf5letnito42wxu","previousOperationId":"tkhnzmasa3jlq4z"}
{"type":"log","timestamp":1771383491405,"level":"debug","message":"Skipping storing report.","meta":{"rootId":"mr61wzfrtl4n740","id":"mr61wzfrtl4n740"},"id":"umsk9fuz7ie56q8","previousOperationId":"tkhnzmasa3jlq4z"}
{"type":"log","timestamp":1771383491405,"level":"info","message":"Rendering request 39 finished in 997 ms","meta":{"rootId":"mr61wzfrtl4n740","id":"mr61wzfrtl4n740"},"id":"k45ic0vkqz0jwwh","previousOperationId":"tkhnzmasa3jlq4z"}
{"type":"operationEnd","subtype":"render","operationId":"8cc948ypwkotrs5","timestamp":1771383491405,"id":"ros9b0p8dmzkovy","previousEventId":"b61d3q9pg04m2kb","previousOperationId":"tkhnzmasa3jlq4z"}
{"type":"operationEnd","doDiffs":false,"previousEventId":"a747jppmjng1611","previousOperationId":"g4b2254la2yg4ps","operationId":"g4b2254la2yg4ps","timestamp":1771383491407,"id":"45sm5bw2mmocmju"}
