{"type":"operationStart","subtype":"profile","data":{"_id":"cn46C9BrVgn54xzs","timestamp":"2026-02-17T03:23:35.451Z","state":"queued","mode":"standard","creationDate":"2026-02-17T03:23:35.475Z","modificationDate":"2026-02-17T03:23:35.475Z","shortid":"NB-6fLk","$entitySet":"profiles"},"doDiffs":false,"timestamp":1771298615457,"id":"54wzjztf4lbrwcu","previousOperationId":null,"operationId":"go3h0zsy4px7emr"}
{"type":"log","level":"info","message":"Render request 19 queued for execution and waiting for available worker","previousOperationId":"go3h0zsy4px7emr","timestamp":1771298615459,"id":"05v7vhhtd5wqh23"}
{"type":"operationStart","subtype":"render","name":"general-ledger-v2","previousOperationId":"go3h0zsy4px7emr","timestamp":1771298615666,"id":"xu4s0p6jg6kafhx","previousEventId":"54wzjztf4lbrwcu","operationId":"agyugfyrl1kqzjm"}
{"type":"log","timestamp":1771298615673,"level":"info","message":"Starting rendering request 19","meta":{"rootId":"nhmcs7gsf76xwzf","id":"nhmcs7gsf76xwzf"},"id":"g3bd265no69m8by","previousOperationId":"agyugfyrl1kqzjm"}
{"type":"log","timestamp":1771298615678,"level":"info","message":"Rendering template { name: general-ledger-v2, recipe: chrome-pdf, engine: handlebars, preview: false }","meta":{"rootId":"nhmcs7gsf76xwzf","id":"nhmcs7gsf76xwzf"},"id":"m8bp6rwqpv2mh0n","previousOperationId":"agyugfyrl1kqzjm"}
{"type":"log","timestamp":1771298615688,"level":"debug","message":"Inline data specified.","meta":{"rootId":"nhmcs7gsf76xwzf","id":"nhmcs7gsf76xwzf"},"id":"nbxnqmifqgk8xu3","previousOperationId":"agyugfyrl1kqzjm"}
{"type":"log","timestamp":1771298615698,"level":"debug","message":"Base url not specified, skipping its injection.","meta":{"rootId":"nhmcs7gsf76xwzf","id":"nhmcs7gsf76xwzf"},"id":"zmf22vx6h64dy8s","previousOperationId":"agyugfyrl1kqzjm"}
{"type":"operationStart","subtype":"engine","name":"handlebars","timestamp":1771298615706,"id":"hcc92nr5y2qd9e7","previousEventId":"xu4s0p6jg6kafhx","operationId":"biusddxnb07cjbe","previousOperationId":"agyugfyrl1kqzjm"}
{"type":"log","timestamp":1771298615706,"level":"debug","message":"Rendering engine handlebars","meta":{"rootId":"nhmcs7gsf76xwzf","id":"nhmcs7gsf76xwzf"},"id":"lnb6t1juorcctkn","previousOperationId":"biusddxnb07cjbe"}
{"type":"operationEnd","operationId":"biusddxnb07cjbe","timestamp":1771298615809,"id":"aqd1ucxib2fgd64","previousEventId":"hcc92nr5y2qd9e7","previousOperationId":"biusddxnb07cjbe"}
{"type":"operationStart","subtype":"recipe","name":"chrome-pdf","timestamp":1771298615817,"id":"99ltwo2nz3pdx4z","previousEventId":"aqd1ucxib2fgd64","operationId":"jryu7nkrlco415v","previousOperationId":"biusddxnb07cjbe"}
{"type":"log","timestamp":1771298615817,"level":"debug","message":"Executing recipe chrome-pdf","meta":{"rootId":"nhmcs7gsf76xwzf","id":"nhmcs7gsf76xwzf"},"id":"so3f4y7agp3cre8","previousOperationId":"jryu7nkrlco415v"}
{"type":"log","timestamp":1771298615866,"level":"debug","message":"Converting with chrome Chrome/142.0.7444.175 using chrome-pool strategy","meta":{"rootId":"nhmcs7gsf76xwzf","id":"nhmcs7gsf76xwzf"},"id":"w7wir5nnwvxd7id","previousOperationId":"jryu7nkrlco415v"}
{"type":"log","timestamp":1771298616388,"level":"debug","message":"Page request: GET (document) file:///tmp/jsreport/autocleanup/9e65eceb-fe6d-4f4d-ad6c-6a12306c8624-chrome-pdf.html","meta":{"rootId":"nhmcs7gsf76xwzf","id":"nhmcs7gsf76xwzf"},"id":"gjm4xarqicnhwai","previousOperationId":"jryu7nkrlco415v"}
{"type":"log","timestamp":1771298616454,"level":"debug","message":"Page request finished: GET (document) 200 file:///tmp/jsreport/autocleanup/9e65eceb-fe6d-4f4d-ad6c-6a12306c8624-chrome-pdf.html","meta":{"rootId":"nhmcs7gsf76xwzf","id":"nhmcs7gsf76xwzf"},"id":"3zdnrbi6l7j5wh6","previousOperationId":"jryu7nkrlco415v"}
{"type":"log","timestamp":1771298616457,"level":"debug","message":"Page request: GET (image) https://paciolibucket.s3.us-east-2.amazonaws.com/orgs/c64b69f6759a43a1bc0ae31961876751/companies/logos/e9767ff4-7186-447f-a397-208ea6bbfdb8_ninosfelices.png?X-Amz-Expires=600&X-Amz-Algorithm=AWS4-HMAC-SHA256&X-Amz-Credential=AKIAVYV5Z6T6UQ4ARWOC%2F20260217%2Fus-east-2%2Fs3%2Faws4_request&X-Amz-Date=20260217T032335Z&X-Amz-SignedHeaders=host&X-Amz-Signature=bb4154ecd436c044aa3c282a06bace93a33ab97dda6ac06d763174249e6394b0","meta":{"rootId":"nhmcs7gsf76xwzf","id":"nhmcs7gsf76xwzf"},"id":"lfdsdoxyoer9v7d","previousOperationId":"jryu7nkrlco415v"}
{"type":"log","timestamp":1771298617050,"level":"debug","message":"Page request finished: GET (image) 200 https://paciolibucket.s3.us-east-2.amazonaws.com/orgs/c64b69f6759a43a1bc0ae31961876751/companies/logos/e9767ff4-7186-447f-a397-208ea6bbfdb8_ninosfelices.png?X-Amz-Expires=600&X-Amz-Algorithm=AWS4-HMAC-SHA256&X-Amz-Credential=AKIAVYV5Z6T6UQ4ARWOC%2F20260217%2Fus-east-2%2Fs3%2Faws4_request&X-Amz-Date=20260217T032335Z&X-Amz-SignedHeaders=host&X-Amz-Signature=bb4154ecd436c044aa3c282a06bace93a33ab97dda6ac06d763174249e6394b0","meta":{"rootId":"nhmcs7gsf76xwzf","id":"nhmcs7gsf76xwzf"},"id":"th9h77ggif2gkh3","previousOperationId":"jryu7nkrlco415v"}
{"type":"log","timestamp":1771298617053,"level":"debug","message":"Running chrome with params {\"printBackground\":true,\"timeout\":59606,\"margin\":{}}","meta":{"rootId":"nhmcs7gsf76xwzf","id":"nhmcs7gsf76xwzf"},"id":"iamwrkexf7gctk3","previousOperationId":"jryu7nkrlco415v"}
{"type":"operationEnd","operationId":"jryu7nkrlco415v","timestamp":1771298617208,"id":"i4tyvl4ma8drayl","previousEventId":"99ltwo2nz3pdx4z","previousOperationId":"jryu7nkrlco415v"}
{"type":"log","timestamp":1771298617208,"level":"debug","message":"Skipping storing report.","meta":{"rootId":"nhmcs7gsf76xwzf","id":"nhmcs7gsf76xwzf"},"id":"0rumipqj18ay9h0","previousOperationId":"jryu7nkrlco415v"}
{"type":"log","timestamp":1771298617208,"level":"info","message":"Rendering request 19 finished in 1772 ms","meta":{"rootId":"nhmcs7gsf76xwzf","id":"nhmcs7gsf76xwzf"},"id":"0ligvd0vz0vuqju","previousOperationId":"jryu7nkrlco415v"}
{"type":"operationEnd","subtype":"render","operationId":"agyugfyrl1kqzjm","timestamp":1771298617208,"id":"m4ztgr5xq0lq0o0","previousEventId":"i4tyvl4ma8drayl","previousOperationId":"jryu7nkrlco415v"}
{"type":"operationEnd","doDiffs":false,"previousEventId":"54wzjztf4lbrwcu","previousOperationId":"go3h0zsy4px7emr","operationId":"go3h0zsy4px7emr","timestamp":1771298617215,"id":"9drp48qrzwa5vvf"}
