{"type":"operationStart","subtype":"profile","data":{"_id":"9F5rMYrTYvaIqVtQ","timestamp":"2026-02-17T03:10:21.650Z","state":"queued","mode":"standard","creationDate":"2026-02-17T03:10:21.653Z","modificationDate":"2026-02-17T03:10:21.653Z","shortid":"A8UJgDH","$entitySet":"profiles"},"doDiffs":false,"timestamp":1771297821653,"id":"ir6rchcxva8t6mt","previousOperationId":null,"operationId":"ppuofy9fkdqcg9l"}
{"type":"log","level":"info","message":"Render request 15 queued for execution and waiting for available worker","previousOperationId":"ppuofy9fkdqcg9l","timestamp":1771297821653,"id":"wwny8j47v13zjm2"}
{"type":"operationStart","subtype":"render","name":"general-ledger-v2","previousOperationId":"ppuofy9fkdqcg9l","timestamp":1771297821747,"id":"4m3ufw098fgf1aw","previousEventId":"ir6rchcxva8t6mt","operationId":"65tfddq92uw2rtq"}
{"type":"log","timestamp":1771297821748,"level":"info","message":"Starting rendering request 15","meta":{"rootId":"q5hy32u3fyjrj4m","id":"q5hy32u3fyjrj4m"},"id":"p7sehpyitcntaia","previousOperationId":"65tfddq92uw2rtq"}
{"type":"log","timestamp":1771297821748,"level":"info","message":"Rendering template { name: general-ledger-v2, recipe: chrome-pdf, engine: handlebars, preview: false }","meta":{"rootId":"q5hy32u3fyjrj4m","id":"q5hy32u3fyjrj4m"},"id":"47sup1kxq3t8rgv","previousOperationId":"65tfddq92uw2rtq"}
{"type":"log","timestamp":1771297821748,"level":"debug","message":"Inline data specified.","meta":{"rootId":"q5hy32u3fyjrj4m","id":"q5hy32u3fyjrj4m"},"id":"7s00pet1zmjmlsy","previousOperationId":"65tfddq92uw2rtq"}
{"type":"log","timestamp":1771297821750,"level":"debug","message":"Base url not specified, skipping its injection.","meta":{"rootId":"q5hy32u3fyjrj4m","id":"q5hy32u3fyjrj4m"},"id":"3l5npd9fx5dd0rf","previousOperationId":"65tfddq92uw2rtq"}
{"type":"operationStart","subtype":"engine","name":"handlebars","timestamp":1771297821750,"id":"c02bk0vhlmnj5x7","previousEventId":"4m3ufw098fgf1aw","operationId":"kctkn7tr5gi4kqh","previousOperationId":"65tfddq92uw2rtq"}
{"type":"log","timestamp":1771297821750,"level":"debug","message":"Rendering engine handlebars","meta":{"rootId":"q5hy32u3fyjrj4m","id":"q5hy32u3fyjrj4m"},"id":"bqejdg73pd2sydk","previousOperationId":"kctkn7tr5gi4kqh"}
{"type":"operationEnd","operationId":"kctkn7tr5gi4kqh","timestamp":1771297821766,"id":"awnmyqfkf7dx0hn","previousEventId":"c02bk0vhlmnj5x7","previousOperationId":"kctkn7tr5gi4kqh"}
{"type":"operationStart","subtype":"recipe","name":"chrome-pdf","timestamp":1771297821767,"id":"7fopvx4l1n7kc7b","previousEventId":"awnmyqfkf7dx0hn","operationId":"ncm9yep9jx3crcc","previousOperationId":"kctkn7tr5gi4kqh"}
{"type":"log","timestamp":1771297821767,"level":"debug","message":"Executing recipe chrome-pdf","meta":{"rootId":"q5hy32u3fyjrj4m","id":"q5hy32u3fyjrj4m"},"id":"xwji6rhzpj4tgay","previousOperationId":"ncm9yep9jx3crcc"}
{"type":"log","timestamp":1771297821772,"level":"debug","message":"Converting with chrome Chrome/142.0.7444.175 using chrome-pool strategy","meta":{"rootId":"q5hy32u3fyjrj4m","id":"q5hy32u3fyjrj4m"},"id":"n5ulejud2jupph2","previousOperationId":"ncm9yep9jx3crcc"}
{"type":"log","timestamp":1771297821812,"level":"debug","message":"Page request: GET (document) file:///tmp/jsreport/autocleanup/854ffcef-78fa-41e5-bea6-a5d2c49093a7-chrome-pdf.html","meta":{"rootId":"q5hy32u3fyjrj4m","id":"q5hy32u3fyjrj4m"},"id":"syb8kn957d439vo","previousOperationId":"ncm9yep9jx3crcc"}
{"type":"log","timestamp":1771297821826,"level":"debug","message":"Page request finished: GET (document) 200 file:///tmp/jsreport/autocleanup/854ffcef-78fa-41e5-bea6-a5d2c49093a7-chrome-pdf.html","meta":{"rootId":"q5hy32u3fyjrj4m","id":"q5hy32u3fyjrj4m"},"id":"t7d8tjis1o853nx","previousOperationId":"ncm9yep9jx3crcc"}
{"type":"log","timestamp":1771297821826,"level":"debug","message":"Page request: GET (image) https://paciolibucket.s3.us-east-2.amazonaws.com/orgs/c64b69f6759a43a1bc0ae31961876751/companies/logos/e9767ff4-7186-447f-a397-208ea6bbfdb8_ninosfelices.png?X-Amz-Expires=600&X-Amz-Algorithm=AWS4-HMAC-SHA256&X-Amz-Credential=AKIAVYV5Z6T6UQ4ARWOC%2F20260217%2Fus-east-2%2Fs3%2Faws4_request&X-Amz-Date=20260217T031021Z&X-Amz-SignedHeaders=host&X-Amz-Signature=e3c0814588b2ee030e06ec4d580645765fa339deb1bb69660dc5cf824733df54","meta":{"rootId":"q5hy32u3fyjrj4m","id":"q5hy32u3fyjrj4m"},"id":"n5c21uosillzrb2","previousOperationId":"ncm9yep9jx3crcc"}
{"type":"log","timestamp":1771297822233,"level":"debug","message":"Page request finished: GET (image) 200 https://paciolibucket.s3.us-east-2.amazonaws.com/orgs/c64b69f6759a43a1bc0ae31961876751/companies/logos/e9767ff4-7186-447f-a397-208ea6bbfdb8_ninosfelices.png?X-Amz-Expires=600&X-Amz-Algorithm=AWS4-HMAC-SHA256&X-Amz-Credential=AKIAVYV5Z6T6UQ4ARWOC%2F20260217%2Fus-east-2%2Fs3%2Faws4_request&X-Amz-Date=20260217T031021Z&X-Amz-SignedHeaders=host&X-Amz-Signature=e3c0814588b2ee030e06ec4d580645765fa339deb1bb69660dc5cf824733df54","meta":{"rootId":"q5hy32u3fyjrj4m","id":"q5hy32u3fyjrj4m"},"id":"p8tfe90ubgthplz","previousOperationId":"ncm9yep9jx3crcc"}
{"type":"log","timestamp":1771297822235,"level":"debug","message":"Running chrome with params {\"printBackground\":true,\"timeout\":59879,\"margin\":{}}","meta":{"rootId":"q5hy32u3fyjrj4m","id":"q5hy32u3fyjrj4m"},"id":"conh8o9h6arrp1z","previousOperationId":"ncm9yep9jx3crcc"}
{"type":"operationEnd","operationId":"ncm9yep9jx3crcc","timestamp":1771297822309,"id":"afsjk1n6sffywvs","previousEventId":"7fopvx4l1n7kc7b","previousOperationId":"ncm9yep9jx3crcc"}
{"type":"log","timestamp":1771297822309,"level":"debug","message":"Skipping storing report.","meta":{"rootId":"q5hy32u3fyjrj4m","id":"q5hy32u3fyjrj4m"},"id":"0mtaof73ztl2b1e","previousOperationId":"ncm9yep9jx3crcc"}
{"type":"log","timestamp":1771297822309,"level":"info","message":"Rendering request 15 finished in 659 ms","meta":{"rootId":"q5hy32u3fyjrj4m","id":"q5hy32u3fyjrj4m"},"id":"rd9hjgr1rd60789","previousOperationId":"ncm9yep9jx3crcc"}
{"type":"operationEnd","subtype":"render","operationId":"65tfddq92uw2rtq","timestamp":1771297822309,"id":"hjl71b2ifqap5z5","previousEventId":"afsjk1n6sffywvs","previousOperationId":"ncm9yep9jx3crcc"}
{"type":"operationEnd","doDiffs":false,"previousEventId":"ir6rchcxva8t6mt","previousOperationId":"ppuofy9fkdqcg9l","operationId":"ppuofy9fkdqcg9l","timestamp":1771297822310,"id":"8vl7i4q4ri1xrhq"}
