{"type":"operationStart","subtype":"profile","data":{"_id":"QMYJIsbv6R2F4krJ","timestamp":"2026-02-18T03:29:19.797Z","state":"queued","mode":"standard","creationDate":"2026-02-18T03:29:19.801Z","modificationDate":"2026-02-18T03:29:19.801Z","shortid":"dmyucAf","$entitySet":"profiles"},"doDiffs":false,"timestamp":1771385359799,"id":"loumteqnckbejno","previousOperationId":null,"operationId":"caieucaxzgn43wb"}
{"type":"log","level":"info","message":"Render request 43 queued for execution and waiting for available worker","previousOperationId":"caieucaxzgn43wb","timestamp":1771385359799,"id":"2vj6mg96y9tnhir"}
{"type":"operationStart","subtype":"render","name":"general-ledger-v2","previousOperationId":"caieucaxzgn43wb","timestamp":1771385359951,"id":"kqa3q2ddx4i4mum","previousEventId":"loumteqnckbejno","operationId":"9scnwkwfbbjxwai"}
{"type":"log","timestamp":1771385359958,"level":"info","message":"Starting rendering request 43","meta":{"rootId":"qoly3k7k7m11ycj","id":"qoly3k7k7m11ycj"},"id":"ra1zekv070jbd76","previousOperationId":"9scnwkwfbbjxwai"}
{"type":"log","timestamp":1771385359962,"level":"info","message":"Rendering template { name: general-ledger-v2, recipe: chrome-pdf, engine: handlebars, preview: false }","meta":{"rootId":"qoly3k7k7m11ycj","id":"qoly3k7k7m11ycj"},"id":"jflt6zc22hq5xlt","previousOperationId":"9scnwkwfbbjxwai"}
{"type":"log","timestamp":1771385359967,"level":"debug","message":"Inline data specified.","meta":{"rootId":"qoly3k7k7m11ycj","id":"qoly3k7k7m11ycj"},"id":"ast9h40k64bblup","previousOperationId":"9scnwkwfbbjxwai"}
{"type":"log","timestamp":1771385359969,"level":"debug","message":"Base url not specified, skipping its injection.","meta":{"rootId":"qoly3k7k7m11ycj","id":"qoly3k7k7m11ycj"},"id":"r7zhp70k17lgxqt","previousOperationId":"9scnwkwfbbjxwai"}
{"type":"operationStart","subtype":"engine","name":"handlebars","timestamp":1771385359976,"id":"1kzlb8i616rhohf","previousEventId":"kqa3q2ddx4i4mum","operationId":"eee19tcv2wlzdal","previousOperationId":"9scnwkwfbbjxwai"}
{"type":"log","timestamp":1771385359976,"level":"debug","message":"Rendering engine handlebars","meta":{"rootId":"qoly3k7k7m11ycj","id":"qoly3k7k7m11ycj"},"id":"9h1b2ehbbgcfzmp","previousOperationId":"eee19tcv2wlzdal"}
{"type":"operationEnd","operationId":"eee19tcv2wlzdal","timestamp":1771385360030,"id":"bggr4cr0jaztq3x","previousEventId":"1kzlb8i616rhohf","previousOperationId":"eee19tcv2wlzdal"}
{"type":"operationStart","subtype":"recipe","name":"chrome-pdf","timestamp":1771385360032,"id":"p6n73g11qrpf9dl","previousEventId":"bggr4cr0jaztq3x","operationId":"3oyaxmw09bouv2w","previousOperationId":"eee19tcv2wlzdal"}
{"type":"log","timestamp":1771385360032,"level":"debug","message":"Executing recipe chrome-pdf","meta":{"rootId":"qoly3k7k7m11ycj","id":"qoly3k7k7m11ycj"},"id":"80f2qzji3uqzs9a","previousOperationId":"3oyaxmw09bouv2w"}
{"type":"log","timestamp":1771385360062,"level":"debug","message":"Converting with chrome Chrome/142.0.7444.175 using chrome-pool strategy","meta":{"rootId":"qoly3k7k7m11ycj","id":"qoly3k7k7m11ycj"},"id":"g6fzzvs0cnyjm9o","previousOperationId":"3oyaxmw09bouv2w"}
{"type":"log","timestamp":1771385360339,"level":"debug","message":"Page request: GET (document) file:///tmp/jsreport/autocleanup/bf167bfe-cfe6-404a-bbd8-b1a5452e04cb-chrome-pdf.html","meta":{"rootId":"qoly3k7k7m11ycj","id":"qoly3k7k7m11ycj"},"id":"uet6g2m34fg4fyw","previousOperationId":"3oyaxmw09bouv2w"}
{"type":"log","timestamp":1771385360365,"level":"debug","message":"Page request finished: GET (document) 200 file:///tmp/jsreport/autocleanup/bf167bfe-cfe6-404a-bbd8-b1a5452e04cb-chrome-pdf.html","meta":{"rootId":"qoly3k7k7m11ycj","id":"qoly3k7k7m11ycj"},"id":"n174fbuh1q8dzps","previousOperationId":"3oyaxmw09bouv2w"}
{"type":"log","timestamp":1771385360369,"level":"debug","message":"Page request: GET (image) https://paciolibucket.s3.us-east-2.amazonaws.com/orgs/c64b69f6759a43a1bc0ae31961876751/companies/logos/e9767ff4-7186-447f-a397-208ea6bbfdb8_ninosfelices.png?X-Amz-Expires=600&X-Amz-Algorithm=AWS4-HMAC-SHA256&X-Amz-Credential=AKIAVYV5Z6T6UQ4ARWOC%2F20260218%2Fus-east-2%2Fs3%2Faws4_request&X-Amz-Date=20260218T032919Z&X-Amz-SignedHeaders=host&X-Amz-Signature=e4e6e2110473953e2ed8265bf6d286e3e26ba6e5be322d520f1ae8344c3f7c77","meta":{"rootId":"qoly3k7k7m11ycj","id":"qoly3k7k7m11ycj"},"id":"w057u8cvzithia8","previousOperationId":"3oyaxmw09bouv2w"}
{"type":"log","timestamp":1771385361094,"level":"debug","message":"Page request finished: GET (image) 200 https://paciolibucket.s3.us-east-2.amazonaws.com/orgs/c64b69f6759a43a1bc0ae31961876751/companies/logos/e9767ff4-7186-447f-a397-208ea6bbfdb8_ninosfelices.png?X-Amz-Expires=600&X-Amz-Algorithm=AWS4-HMAC-SHA256&X-Amz-Credential=AKIAVYV5Z6T6UQ4ARWOC%2F20260218%2Fus-east-2%2Fs3%2Faws4_request&X-Amz-Date=20260218T032919Z&X-Amz-SignedHeaders=host&X-Amz-Signature=e4e6e2110473953e2ed8265bf6d286e3e26ba6e5be322d520f1ae8344c3f7c77","meta":{"rootId":"qoly3k7k7m11ycj","id":"qoly3k7k7m11ycj"},"id":"cr1ky80pi7yum6x","previousOperationId":"3oyaxmw09bouv2w"}
{"type":"log","timestamp":1771385361097,"level":"debug","message":"Running chrome with params {\"printBackground\":true,\"timeout\":59760,\"margin\":{}}","meta":{"rootId":"qoly3k7k7m11ycj","id":"qoly3k7k7m11ycj"},"id":"n5t5mzcdex4r67l","previousOperationId":"3oyaxmw09bouv2w"}
{"type":"operationEnd","operationId":"3oyaxmw09bouv2w","timestamp":1771385361199,"id":"3dacwtmvrsbkpf8","previousEventId":"p6n73g11qrpf9dl","previousOperationId":"3oyaxmw09bouv2w"}
{"type":"log","timestamp":1771385361199,"level":"debug","message":"Skipping storing report.","meta":{"rootId":"qoly3k7k7m11ycj","id":"qoly3k7k7m11ycj"},"id":"lmr44o29o7qvmal","previousOperationId":"3oyaxmw09bouv2w"}
{"type":"log","timestamp":1771385361199,"level":"info","message":"Rendering request 43 finished in 1402 ms","meta":{"rootId":"qoly3k7k7m11ycj","id":"qoly3k7k7m11ycj"},"id":"tb03lts0i44pa5m","previousOperationId":"3oyaxmw09bouv2w"}
{"type":"operationEnd","subtype":"render","operationId":"9scnwkwfbbjxwai","timestamp":1771385361199,"id":"5obdziuv5igyrqg","previousEventId":"3dacwtmvrsbkpf8","previousOperationId":"3oyaxmw09bouv2w"}
{"type":"operationEnd","doDiffs":false,"previousEventId":"loumteqnckbejno","previousOperationId":"caieucaxzgn43wb","operationId":"caieucaxzgn43wb","timestamp":1771385361200,"id":"599igymsdqxgwn4"}
