{"type":"operationStart","subtype":"profile","data":{"_id":"UapKRYWttUS1eE1N","timestamp":"2026-01-23T02:27:55.595Z","state":"queued","mode":"standard","creationDate":"2026-01-23T02:27:55.598Z","modificationDate":"2026-01-23T02:27:55.598Z","shortid":"kkKmOFd","$entitySet":"profiles"},"doDiffs":false,"timestamp":1769135275596,"id":"viq63ekt339puun","previousOperationId":null,"operationId":"7fdmeygrmaz12b7"}
{"type":"log","level":"info","message":"Render request 32 queued for execution and waiting for available worker","previousOperationId":"7fdmeygrmaz12b7","timestamp":1769135275597,"id":"0ytou65jp8bi5xb"}
{"type":"operationStart","subtype":"render","name":"general-ledger-v2","previousOperationId":"7fdmeygrmaz12b7","timestamp":1769135275681,"id":"xhdd38rujfaw7z5","previousEventId":"viq63ekt339puun","operationId":"873dpox96ruyexw"}
{"type":"log","timestamp":1769135275686,"level":"info","message":"Starting rendering request 32","meta":{"rootId":"qrgqbzqsxtsknjg","id":"qrgqbzqsxtsknjg"},"id":"c65juk9s0atu4x0","previousOperationId":"873dpox96ruyexw"}
{"type":"log","timestamp":1769135275692,"level":"info","message":"Rendering template { name: general-ledger-v2, recipe: chrome-pdf, engine: handlebars, preview: true }","meta":{"rootId":"qrgqbzqsxtsknjg","id":"qrgqbzqsxtsknjg"},"id":"nfjmr9fpxf18jyk","previousOperationId":"873dpox96ruyexw"}
{"type":"log","timestamp":1769135275710,"level":"debug","message":"Adding sample data YCG3bWhuf","meta":{"rootId":"qrgqbzqsxtsknjg","id":"qrgqbzqsxtsknjg"},"id":"wyhk393j7qo784p","previousOperationId":"873dpox96ruyexw"}
{"type":"log","timestamp":1769135275722,"level":"debug","message":"Base url not specified, skipping its injection.","meta":{"rootId":"qrgqbzqsxtsknjg","id":"qrgqbzqsxtsknjg"},"id":"y8sm0rtnbxcluyj","previousOperationId":"873dpox96ruyexw"}
{"type":"operationStart","subtype":"engine","name":"handlebars","timestamp":1769135275735,"id":"d0799zsf2ocjk2g","previousEventId":"xhdd38rujfaw7z5","operationId":"10qqt2iktjbbi22","previousOperationId":"873dpox96ruyexw"}
{"type":"log","timestamp":1769135275735,"level":"debug","message":"Rendering engine handlebars","meta":{"rootId":"qrgqbzqsxtsknjg","id":"qrgqbzqsxtsknjg"},"id":"mcismlxoenfxjbo","previousOperationId":"10qqt2iktjbbi22"}
{"type":"operationEnd","operationId":"10qqt2iktjbbi22","timestamp":1769135275989,"id":"i60k1o08m09r5ew","previousEventId":"d0799zsf2ocjk2g","previousOperationId":"10qqt2iktjbbi22"}
{"type":"operationStart","subtype":"recipe","name":"chrome-pdf","timestamp":1769135275992,"id":"w5bfe758wn3zrw2","previousEventId":"i60k1o08m09r5ew","operationId":"dfxw3zlc5v5yyh0","previousOperationId":"10qqt2iktjbbi22"}
{"type":"log","timestamp":1769135275992,"level":"debug","message":"Executing recipe chrome-pdf","meta":{"rootId":"qrgqbzqsxtsknjg","id":"qrgqbzqsxtsknjg"},"id":"m1mt5tj7roicwai","previousOperationId":"dfxw3zlc5v5yyh0"}
{"type":"log","timestamp":1769135276019,"level":"debug","message":"Converting with chrome Chrome/142.0.7444.175 using chrome-pool strategy","meta":{"rootId":"qrgqbzqsxtsknjg","id":"qrgqbzqsxtsknjg"},"id":"67tkngliuwq3v8s","previousOperationId":"dfxw3zlc5v5yyh0"}
{"type":"log","timestamp":1769135276259,"level":"debug","message":"Page request: GET (document) file:///tmp/jsreport/autocleanup/492e8fd3-d2dc-4fd2-9b94-5e1abe8838ba-chrome-pdf.html","meta":{"rootId":"qrgqbzqsxtsknjg","id":"qrgqbzqsxtsknjg"},"id":"w95ukcnckwcfdso","previousOperationId":"dfxw3zlc5v5yyh0"}
{"type":"log","timestamp":1769135276290,"level":"debug","message":"Page request finished: GET (document) 200 file:///tmp/jsreport/autocleanup/492e8fd3-d2dc-4fd2-9b94-5e1abe8838ba-chrome-pdf.html","meta":{"rootId":"qrgqbzqsxtsknjg","id":"qrgqbzqsxtsknjg"},"id":"ebfnly3zxx7un14","previousOperationId":"dfxw3zlc5v5yyh0"}
{"type":"log","timestamp":1769135276296,"level":"debug","message":"Page request: GET (image) https://paciolibucket.s3.us-east-2.amazonaws.com/orgs/c64b69f6759a43a1bc0ae31961876751/companies/logos/e9767ff4-7186-447f-a397-208ea6bbfdb8_ninosfelices.png?X-Amz-Expires=600&X-Amz-Algorithm=AWS4-HMAC-SHA256&X-Amz-Credential=AKIAVYV5Z6T6UQ4ARWOC%2F20260123%2Fus-east-2%2Fs3%2Faws4_request&X-Amz-Date=20260123T021411Z&X-Amz-SignedHeaders=host&X-Amz-Signature=44b9bfc3a8a8b30d8809abd973af26164ce987276c08e15740f2c6ff7208e172","meta":{"rootId":"qrgqbzqsxtsknjg","id":"qrgqbzqsxtsknjg"},"id":"2f46mfz9x93wfcq","previousOperationId":"dfxw3zlc5v5yyh0"}
{"type":"log","timestamp":1769135276356,"level":"debug","message":"Page request finished: GET (image) 200 https://paciolibucket.s3.us-east-2.amazonaws.com/orgs/c64b69f6759a43a1bc0ae31961876751/companies/logos/e9767ff4-7186-447f-a397-208ea6bbfdb8_ninosfelices.png?X-Amz-Expires=600&X-Amz-Algorithm=AWS4-HMAC-SHA256&X-Amz-Credential=AKIAVYV5Z6T6UQ4ARWOC%2F20260123%2Fus-east-2%2Fs3%2Faws4_request&X-Amz-Date=20260123T021411Z&X-Amz-SignedHeaders=host&X-Amz-Signature=44b9bfc3a8a8b30d8809abd973af26164ce987276c08e15740f2c6ff7208e172","meta":{"rootId":"qrgqbzqsxtsknjg","id":"qrgqbzqsxtsknjg"},"id":"klq2gvn5vpgjk6k","previousOperationId":"dfxw3zlc5v5yyh0"}
{"type":"log","timestamp":1769135276360,"level":"debug","message":"Running chrome with params {\"printBackground\":true,\"timeout\":59598,\"margin\":{}}","meta":{"rootId":"qrgqbzqsxtsknjg","id":"qrgqbzqsxtsknjg"},"id":"akazg6wjb2t9vdw","previousOperationId":"dfxw3zlc5v5yyh0"}
{"type":"operationEnd","operationId":"dfxw3zlc5v5yyh0","timestamp":1769135276470,"id":"m6p0j81awrtuewv","previousEventId":"w5bfe758wn3zrw2","previousOperationId":"dfxw3zlc5v5yyh0"}
{"type":"log","timestamp":1769135276471,"level":"debug","message":"Skipping storing report.","meta":{"rootId":"qrgqbzqsxtsknjg","id":"qrgqbzqsxtsknjg"},"id":"5lxag0zkaithrxq","previousOperationId":"dfxw3zlc5v5yyh0"}
{"type":"log","timestamp":1769135276471,"level":"info","message":"Rendering request 32 finished in 876 ms","meta":{"rootId":"qrgqbzqsxtsknjg","id":"qrgqbzqsxtsknjg"},"id":"lp7bie1zxbnsvd4","previousOperationId":"dfxw3zlc5v5yyh0"}
{"type":"operationEnd","subtype":"render","operationId":"873dpox96ruyexw","timestamp":1769135276471,"id":"s80f7homkjj9yqz","previousEventId":"m6p0j81awrtuewv","previousOperationId":"dfxw3zlc5v5yyh0"}
{"type":"operationEnd","doDiffs":false,"previousEventId":"viq63ekt339puun","previousOperationId":"7fdmeygrmaz12b7","operationId":"7fdmeygrmaz12b7","timestamp":1769135276473,"id":"bfmxsny7y6xse9z"}
