{"type":"operationStart","subtype":"profile","data":{"_id":"4SBkwyaitBWw71yn","timestamp":"2026-02-17T18:11:38.520Z","state":"queued","mode":"standard","creationDate":"2026-02-17T18:11:38.522Z","modificationDate":"2026-02-17T18:11:38.522Z","shortid":"5HFdjP_","$entitySet":"profiles"},"doDiffs":false,"timestamp":1771351898522,"id":"timndrmvqhbr4d4","previousOperationId":null,"operationId":"lnoc4u7vdfixjsr"}
{"type":"log","level":"info","message":"Render request 15 queued for execution and waiting for available worker","previousOperationId":"lnoc4u7vdfixjsr","timestamp":1771351898522,"id":"2g50u0j3a02mhha"}
{"type":"operationStart","subtype":"render","name":"general-ledger-v2","previousOperationId":"lnoc4u7vdfixjsr","timestamp":1771351898590,"id":"7eeqb0uxlyovk67","previousEventId":"timndrmvqhbr4d4","operationId":"e43a79pni9ee17j"}
{"type":"log","timestamp":1771351898593,"level":"info","message":"Starting rendering request 15","meta":{"rootId":"rjkaud309p08tdv","id":"rjkaud309p08tdv"},"id":"smfjlpvoxwsovjs","previousOperationId":"e43a79pni9ee17j"}
{"type":"log","timestamp":1771351898594,"level":"info","message":"Rendering template { name: general-ledger-v2, recipe: chrome-pdf, engine: handlebars, preview: false }","meta":{"rootId":"rjkaud309p08tdv","id":"rjkaud309p08tdv"},"id":"bvdfs6wb9z824ny","previousOperationId":"e43a79pni9ee17j"}
{"type":"log","timestamp":1771351898598,"level":"debug","message":"Inline data specified.","meta":{"rootId":"rjkaud309p08tdv","id":"rjkaud309p08tdv"},"id":"fqzb0khxkez6f1t","previousOperationId":"e43a79pni9ee17j"}
{"type":"log","timestamp":1771351898603,"level":"debug","message":"Base url not specified, skipping its injection.","meta":{"rootId":"rjkaud309p08tdv","id":"rjkaud309p08tdv"},"id":"nwa469hlpetp7vg","previousOperationId":"e43a79pni9ee17j"}
{"type":"operationStart","subtype":"engine","name":"handlebars","timestamp":1771351898607,"id":"zj63i61mkpvfqno","previousEventId":"7eeqb0uxlyovk67","operationId":"uf66xv4l3vm4sdr","previousOperationId":"e43a79pni9ee17j"}
{"type":"log","timestamp":1771351898607,"level":"debug","message":"Rendering engine handlebars","meta":{"rootId":"rjkaud309p08tdv","id":"rjkaud309p08tdv"},"id":"mzw124219i53u64","previousOperationId":"uf66xv4l3vm4sdr"}
{"type":"operationEnd","operationId":"uf66xv4l3vm4sdr","timestamp":1771351898631,"id":"r3uk8f4q17xw9ne","previousEventId":"zj63i61mkpvfqno","previousOperationId":"uf66xv4l3vm4sdr"}
{"type":"operationStart","subtype":"recipe","name":"chrome-pdf","timestamp":1771351898632,"id":"ozu06ixxlwigliu","previousEventId":"r3uk8f4q17xw9ne","operationId":"1lu44k1h1ba596k","previousOperationId":"uf66xv4l3vm4sdr"}
{"type":"log","timestamp":1771351898632,"level":"debug","message":"Executing recipe chrome-pdf","meta":{"rootId":"rjkaud309p08tdv","id":"rjkaud309p08tdv"},"id":"qb587y95wor6yb2","previousOperationId":"1lu44k1h1ba596k"}
{"type":"log","timestamp":1771351898652,"level":"debug","message":"Converting with chrome Chrome/142.0.7444.175 using chrome-pool strategy","meta":{"rootId":"rjkaud309p08tdv","id":"rjkaud309p08tdv"},"id":"563r62kfzi6whbw","previousOperationId":"1lu44k1h1ba596k"}
{"type":"log","timestamp":1771351898739,"level":"debug","message":"Page request: GET (document) file:///tmp/jsreport/autocleanup/00ba10b1-e616-42fe-96a5-bc50bd10dfe2-chrome-pdf.html","meta":{"rootId":"rjkaud309p08tdv","id":"rjkaud309p08tdv"},"id":"4n8hptspvggrhnt","previousOperationId":"1lu44k1h1ba596k"}
{"type":"log","timestamp":1771351898753,"level":"debug","message":"Page request finished: GET (document) 200 file:///tmp/jsreport/autocleanup/00ba10b1-e616-42fe-96a5-bc50bd10dfe2-chrome-pdf.html","meta":{"rootId":"rjkaud309p08tdv","id":"rjkaud309p08tdv"},"id":"07logxh49ukgqo4","previousOperationId":"1lu44k1h1ba596k"}
{"type":"log","timestamp":1771351898756,"level":"debug","message":"Page request: GET (image) https://paciolibucket.s3.us-east-2.amazonaws.com/orgs/c64b69f6759a43a1bc0ae31961876751/companies/logos/e9767ff4-7186-447f-a397-208ea6bbfdb8_ninosfelices.png?X-Amz-Expires=600&X-Amz-Algorithm=AWS4-HMAC-SHA256&X-Amz-Credential=AKIAVYV5Z6T6UQ4ARWOC%2F20260217%2Fus-east-2%2Fs3%2Faws4_request&X-Amz-Date=20260217T181138Z&X-Amz-SignedHeaders=host&X-Amz-Signature=a1c0aa96ef619f4207b9ff07de37a77cd032c8fa70f80eca25b4b6998c97a95e","meta":{"rootId":"rjkaud309p08tdv","id":"rjkaud309p08tdv"},"id":"9p4vv41k2xvfv4l","previousOperationId":"1lu44k1h1ba596k"}
{"type":"log","timestamp":1771351899248,"level":"debug","message":"Page request finished: GET (image) 200 https://paciolibucket.s3.us-east-2.amazonaws.com/orgs/c64b69f6759a43a1bc0ae31961876751/companies/logos/e9767ff4-7186-447f-a397-208ea6bbfdb8_ninosfelices.png?X-Amz-Expires=600&X-Amz-Algorithm=AWS4-HMAC-SHA256&X-Amz-Credential=AKIAVYV5Z6T6UQ4ARWOC%2F20260217%2Fus-east-2%2Fs3%2Faws4_request&X-Amz-Date=20260217T181138Z&X-Amz-SignedHeaders=host&X-Amz-Signature=a1c0aa96ef619f4207b9ff07de37a77cd032c8fa70f80eca25b4b6998c97a95e","meta":{"rootId":"rjkaud309p08tdv","id":"rjkaud309p08tdv"},"id":"i64oji7dk9jnd0w","previousOperationId":"1lu44k1h1ba596k"}
{"type":"log","timestamp":1771351899250,"level":"debug","message":"Running chrome with params {\"printBackground\":true,\"timeout\":59879,\"margin\":{}}","meta":{"rootId":"rjkaud309p08tdv","id":"rjkaud309p08tdv"},"id":"vzdmf9zmkclbmhh","previousOperationId":"1lu44k1h1ba596k"}
{"type":"operationEnd","operationId":"1lu44k1h1ba596k","timestamp":1771351899310,"id":"r4cap6xphzwdtsq","previousEventId":"ozu06ixxlwigliu","previousOperationId":"1lu44k1h1ba596k"}
{"type":"log","timestamp":1771351899310,"level":"debug","message":"Skipping storing report.","meta":{"rootId":"rjkaud309p08tdv","id":"rjkaud309p08tdv"},"id":"6t43cw92hx8rgcq","previousOperationId":"1lu44k1h1ba596k"}
{"type":"log","timestamp":1771351899310,"level":"info","message":"Rendering request 15 finished in 791 ms","meta":{"rootId":"rjkaud309p08tdv","id":"rjkaud309p08tdv"},"id":"12z59j8ar7a8a5a","previousOperationId":"1lu44k1h1ba596k"}
{"type":"operationEnd","subtype":"render","operationId":"e43a79pni9ee17j","timestamp":1771351899310,"id":"pkw0wtcg960vd4o","previousEventId":"r4cap6xphzwdtsq","previousOperationId":"1lu44k1h1ba596k"}
{"type":"operationEnd","doDiffs":false,"previousEventId":"timndrmvqhbr4d4","previousOperationId":"lnoc4u7vdfixjsr","operationId":"lnoc4u7vdfixjsr","timestamp":1771351899312,"id":"7o16nryzulef9pr"}
