{"type":"operationStart","subtype":"profile","data":{"_id":"Vb9GWJ38nzTaTvPQ","timestamp":"2026-02-17T22:44:03.478Z","state":"queued","mode":"standard","creationDate":"2026-02-17T22:44:03.503Z","modificationDate":"2026-02-17T22:44:03.503Z","shortid":"Z03PvZm","$entitySet":"profiles"},"doDiffs":false,"timestamp":1771368243488,"id":"e9q4xfb3vlmkqtl","previousOperationId":null,"operationId":"ny8q9nvttkajx0i"}
{"type":"log","level":"info","message":"Render request 36 queued for execution and waiting for available worker","previousOperationId":"ny8q9nvttkajx0i","timestamp":1771368243489,"id":"yls8g14spg4btvf"}
{"type":"operationStart","subtype":"render","name":"general-ledger-v2","previousOperationId":"ny8q9nvttkajx0i","timestamp":1771368243595,"id":"gktmv8ulxv23ijf","previousEventId":"e9q4xfb3vlmkqtl","operationId":"xkj6nit3pnds9hp"}
{"type":"log","timestamp":1771368243601,"level":"info","message":"Starting rendering request 36","meta":{"rootId":"rs13e1pe4dh2xcx","id":"rs13e1pe4dh2xcx"},"id":"l09jpmrfvjwrx5d","previousOperationId":"xkj6nit3pnds9hp"}
{"type":"log","timestamp":1771368243606,"level":"info","message":"Rendering template { name: general-ledger-v2, recipe: chrome-pdf, engine: handlebars, preview: false }","meta":{"rootId":"rs13e1pe4dh2xcx","id":"rs13e1pe4dh2xcx"},"id":"oozgkhkg4ndqclt","previousOperationId":"xkj6nit3pnds9hp"}
{"type":"log","timestamp":1771368243616,"level":"debug","message":"Inline data specified.","meta":{"rootId":"rs13e1pe4dh2xcx","id":"rs13e1pe4dh2xcx"},"id":"lf2lem3w6g0lffv","previousOperationId":"xkj6nit3pnds9hp"}
{"type":"log","timestamp":1771368243622,"level":"debug","message":"Base url not specified, skipping its injection.","meta":{"rootId":"rs13e1pe4dh2xcx","id":"rs13e1pe4dh2xcx"},"id":"b2hwecn2kbm3er6","previousOperationId":"xkj6nit3pnds9hp"}
{"type":"operationStart","subtype":"engine","name":"handlebars","timestamp":1771368243633,"id":"crvyhkkevs6xppx","previousEventId":"gktmv8ulxv23ijf","operationId":"17ht8s2jp7ckl0y","previousOperationId":"xkj6nit3pnds9hp"}
{"type":"log","timestamp":1771368243634,"level":"debug","message":"Rendering engine handlebars","meta":{"rootId":"rs13e1pe4dh2xcx","id":"rs13e1pe4dh2xcx"},"id":"m11bxnv8z7e2bfv","previousOperationId":"17ht8s2jp7ckl0y"}
{"type":"operationEnd","operationId":"17ht8s2jp7ckl0y","timestamp":1771368243767,"id":"qm83qpukyahy0cq","previousEventId":"crvyhkkevs6xppx","previousOperationId":"17ht8s2jp7ckl0y"}
{"type":"operationStart","subtype":"recipe","name":"chrome-pdf","timestamp":1771368243769,"id":"2elz4eig6zfnpau","previousEventId":"qm83qpukyahy0cq","operationId":"yuuj7k0as8j4833","previousOperationId":"17ht8s2jp7ckl0y"}
{"type":"log","timestamp":1771368243769,"level":"debug","message":"Executing recipe chrome-pdf","meta":{"rootId":"rs13e1pe4dh2xcx","id":"rs13e1pe4dh2xcx"},"id":"iac2i787w6ak8nw","previousOperationId":"yuuj7k0as8j4833"}
{"type":"log","timestamp":1771368243831,"level":"debug","message":"Converting with chrome Chrome/142.0.7444.175 using chrome-pool strategy","meta":{"rootId":"rs13e1pe4dh2xcx","id":"rs13e1pe4dh2xcx"},"id":"cr5cafdnqvofnsg","previousOperationId":"yuuj7k0as8j4833"}
{"type":"log","timestamp":1771368244439,"level":"debug","message":"Page request: GET (document) file:///tmp/jsreport/autocleanup/aa62544c-578f-4dc8-9e49-4dd9795e964e-chrome-pdf.html","meta":{"rootId":"rs13e1pe4dh2xcx","id":"rs13e1pe4dh2xcx"},"id":"qr9sn3097t7k7s6","previousOperationId":"yuuj7k0as8j4833"}
{"type":"log","timestamp":1771368244492,"level":"debug","message":"Page request finished: GET (document) 200 file:///tmp/jsreport/autocleanup/aa62544c-578f-4dc8-9e49-4dd9795e964e-chrome-pdf.html","meta":{"rootId":"rs13e1pe4dh2xcx","id":"rs13e1pe4dh2xcx"},"id":"fglk34md0vt563f","previousOperationId":"yuuj7k0as8j4833"}
{"type":"log","timestamp":1771368244497,"level":"debug","message":"Page request: GET (image) https://paciolibucket.s3.us-east-2.amazonaws.com/orgs/c64b69f6759a43a1bc0ae31961876751/companies/logos/e9767ff4-7186-447f-a397-208ea6bbfdb8_ninosfelices.png?X-Amz-Expires=600&X-Amz-Algorithm=AWS4-HMAC-SHA256&X-Amz-Credential=AKIAVYV5Z6T6UQ4ARWOC%2F20260217%2Fus-east-2%2Fs3%2Faws4_request&X-Amz-Date=20260217T224403Z&X-Amz-SignedHeaders=host&X-Amz-Signature=cf49989fa8c740dfed922e7d5b382bd42b3810be12c774cf0e8f4e294cd3d824","meta":{"rootId":"rs13e1pe4dh2xcx","id":"rs13e1pe4dh2xcx"},"id":"jjy8jhqiwd00k3o","previousOperationId":"yuuj7k0as8j4833"}
{"type":"log","timestamp":1771368245288,"level":"debug","message":"Page request finished: GET (image) 200 https://paciolibucket.s3.us-east-2.amazonaws.com/orgs/c64b69f6759a43a1bc0ae31961876751/companies/logos/e9767ff4-7186-447f-a397-208ea6bbfdb8_ninosfelices.png?X-Amz-Expires=600&X-Amz-Algorithm=AWS4-HMAC-SHA256&X-Amz-Credential=AKIAVYV5Z6T6UQ4ARWOC%2F20260217%2Fus-east-2%2Fs3%2Faws4_request&X-Amz-Date=20260217T224403Z&X-Amz-SignedHeaders=host&X-Amz-Signature=cf49989fa8c740dfed922e7d5b382bd42b3810be12c774cf0e8f4e294cd3d824","meta":{"rootId":"rs13e1pe4dh2xcx","id":"rs13e1pe4dh2xcx"},"id":"dxb0sb9tg6v3ghe","previousOperationId":"yuuj7k0as8j4833"}
{"type":"log","timestamp":1771368245293,"level":"debug","message":"Running chrome with params {\"printBackground\":true,\"timeout\":59684,\"margin\":{}}","meta":{"rootId":"rs13e1pe4dh2xcx","id":"rs13e1pe4dh2xcx"},"id":"1qq9pzevv3x5c48","previousOperationId":"yuuj7k0as8j4833"}
{"type":"operationEnd","operationId":"yuuj7k0as8j4833","timestamp":1771368245529,"id":"kubw0wlitpr42yl","previousEventId":"2elz4eig6zfnpau","previousOperationId":"yuuj7k0as8j4833"}
{"type":"log","timestamp":1771368245529,"level":"debug","message":"Skipping storing report.","meta":{"rootId":"rs13e1pe4dh2xcx","id":"rs13e1pe4dh2xcx"},"id":"dpx71u8w0qcpbkq","previousOperationId":"yuuj7k0as8j4833"}
{"type":"log","timestamp":1771368245529,"level":"info","message":"Rendering request 36 finished in 2061 ms","meta":{"rootId":"rs13e1pe4dh2xcx","id":"rs13e1pe4dh2xcx"},"id":"wxcbf7icpi8gg1n","previousOperationId":"yuuj7k0as8j4833"}
{"type":"operationEnd","subtype":"render","operationId":"xkj6nit3pnds9hp","timestamp":1771368245529,"id":"oyi5u48cg7x2arq","previousEventId":"kubw0wlitpr42yl","previousOperationId":"yuuj7k0as8j4833"}
{"type":"operationEnd","doDiffs":false,"previousEventId":"e9q4xfb3vlmkqtl","previousOperationId":"ny8q9nvttkajx0i","operationId":"ny8q9nvttkajx0i","timestamp":1771368245534,"id":"7am579c4jldqpzt"}
