{"type":"operationStart","subtype":"profile","data":{"_id":"8cG1QUgzGvSUOtPO","timestamp":"2026-02-17T03:11:18.754Z","state":"queued","mode":"standard","creationDate":"2026-02-17T03:11:18.755Z","modificationDate":"2026-02-17T03:11:18.755Z","shortid":"7u0RDkZ","$entitySet":"profiles"},"doDiffs":false,"timestamp":1771297878755,"id":"kv3vha2r32zosxy","previousOperationId":null,"operationId":"4madpiizugdo0rc"}
{"type":"log","level":"info","message":"Render request 17 queued for execution and waiting for available worker","previousOperationId":"4madpiizugdo0rc","timestamp":1771297878755,"id":"wkhy35l62etnjux"}
{"type":"operationStart","subtype":"render","name":"general-ledger-v2","previousOperationId":"4madpiizugdo0rc","timestamp":1771297878809,"id":"79vuwnt2wg33vze","previousEventId":"kv3vha2r32zosxy","operationId":"8njgt9yp66be0b5"}
{"type":"log","timestamp":1771297878809,"level":"info","message":"Starting rendering request 17","meta":{"rootId":"s3c5cu4yccix9d4","id":"s3c5cu4yccix9d4"},"id":"ogkw33rucdcr13p","previousOperationId":"8njgt9yp66be0b5"}
{"type":"log","timestamp":1771297878809,"level":"info","message":"Rendering template { name: general-ledger-v2, recipe: chrome-pdf, engine: handlebars, preview: false }","meta":{"rootId":"s3c5cu4yccix9d4","id":"s3c5cu4yccix9d4"},"id":"mjv3emyqjmy6hlh","previousOperationId":"8njgt9yp66be0b5"}
{"type":"log","timestamp":1771297878815,"level":"debug","message":"Inline data specified.","meta":{"rootId":"s3c5cu4yccix9d4","id":"s3c5cu4yccix9d4"},"id":"vi2o4cyvb3l3ixk","previousOperationId":"8njgt9yp66be0b5"}
{"type":"log","timestamp":1771297878816,"level":"debug","message":"Base url not specified, skipping its injection.","meta":{"rootId":"s3c5cu4yccix9d4","id":"s3c5cu4yccix9d4"},"id":"pppwqdlrh7vu7lc","previousOperationId":"8njgt9yp66be0b5"}
{"type":"operationStart","subtype":"engine","name":"handlebars","timestamp":1771297878817,"id":"18d3ws9iuddyskj","previousEventId":"79vuwnt2wg33vze","operationId":"541xsuucyso6r1o","previousOperationId":"8njgt9yp66be0b5"}
{"type":"log","timestamp":1771297878817,"level":"debug","message":"Rendering engine handlebars","meta":{"rootId":"s3c5cu4yccix9d4","id":"s3c5cu4yccix9d4"},"id":"3necd7r9d3lg7vk","previousOperationId":"541xsuucyso6r1o"}
{"type":"operationEnd","operationId":"541xsuucyso6r1o","timestamp":1771297878829,"id":"kn03hr4wycod6ed","previousEventId":"18d3ws9iuddyskj","previousOperationId":"541xsuucyso6r1o"}
{"type":"operationStart","subtype":"recipe","name":"chrome-pdf","timestamp":1771297878829,"id":"5leo0ne9fx9plhn","previousEventId":"kn03hr4wycod6ed","operationId":"hs0ri0s47beict0","previousOperationId":"541xsuucyso6r1o"}
{"type":"log","timestamp":1771297878829,"level":"debug","message":"Executing recipe chrome-pdf","meta":{"rootId":"s3c5cu4yccix9d4","id":"s3c5cu4yccix9d4"},"id":"isqf4ddq1vtxsh2","previousOperationId":"hs0ri0s47beict0"}
{"type":"log","timestamp":1771297878833,"level":"debug","message":"Converting with chrome Chrome/142.0.7444.175 using chrome-pool strategy","meta":{"rootId":"s3c5cu4yccix9d4","id":"s3c5cu4yccix9d4"},"id":"57hmduye9ge9rjx","previousOperationId":"hs0ri0s47beict0"}
{"type":"log","timestamp":1771297878871,"level":"debug","message":"Page request: GET (document) file:///tmp/jsreport/autocleanup/072176ef-2ce3-4992-93e9-0c19100c7663-chrome-pdf.html","meta":{"rootId":"s3c5cu4yccix9d4","id":"s3c5cu4yccix9d4"},"id":"83l3g4zb1dfksm1","previousOperationId":"hs0ri0s47beict0"}
{"type":"log","timestamp":1771297878882,"level":"debug","message":"Page request finished: GET (document) 200 file:///tmp/jsreport/autocleanup/072176ef-2ce3-4992-93e9-0c19100c7663-chrome-pdf.html","meta":{"rootId":"s3c5cu4yccix9d4","id":"s3c5cu4yccix9d4"},"id":"fdupxyco1ua5zd5","previousOperationId":"hs0ri0s47beict0"}
{"type":"log","timestamp":1771297878882,"level":"debug","message":"Page request: GET (image) https://paciolibucket.s3.us-east-2.amazonaws.com/orgs/c64b69f6759a43a1bc0ae31961876751/companies/logos/e9767ff4-7186-447f-a397-208ea6bbfdb8_ninosfelices.png?X-Amz-Expires=600&X-Amz-Algorithm=AWS4-HMAC-SHA256&X-Amz-Credential=AKIAVYV5Z6T6UQ4ARWOC%2F20260217%2Fus-east-2%2Fs3%2Faws4_request&X-Amz-Date=20260217T031118Z&X-Amz-SignedHeaders=host&X-Amz-Signature=d9dad8825b0ee39ad560ff258dec1ec7a55f467cbb15a7fd19fef5698153bc87","meta":{"rootId":"s3c5cu4yccix9d4","id":"s3c5cu4yccix9d4"},"id":"to67sdmlq2ccjmk","previousOperationId":"hs0ri0s47beict0"}
{"type":"log","timestamp":1771297879378,"level":"debug","message":"Page request finished: GET (image) 200 https://paciolibucket.s3.us-east-2.amazonaws.com/orgs/c64b69f6759a43a1bc0ae31961876751/companies/logos/e9767ff4-7186-447f-a397-208ea6bbfdb8_ninosfelices.png?X-Amz-Expires=600&X-Amz-Algorithm=AWS4-HMAC-SHA256&X-Amz-Credential=AKIAVYV5Z6T6UQ4ARWOC%2F20260217%2Fus-east-2%2Fs3%2Faws4_request&X-Amz-Date=20260217T031118Z&X-Amz-SignedHeaders=host&X-Amz-Signature=d9dad8825b0ee39ad560ff258dec1ec7a55f467cbb15a7fd19fef5698153bc87","meta":{"rootId":"s3c5cu4yccix9d4","id":"s3c5cu4yccix9d4"},"id":"tdxn01nnjsitf0w","previousOperationId":"hs0ri0s47beict0"}
{"type":"log","timestamp":1771297879379,"level":"debug","message":"Running chrome with params {\"printBackground\":true,\"timeout\":59921,\"margin\":{}}","meta":{"rootId":"s3c5cu4yccix9d4","id":"s3c5cu4yccix9d4"},"id":"wc348xuj366h5o6","previousOperationId":"hs0ri0s47beict0"}
{"type":"operationEnd","operationId":"hs0ri0s47beict0","timestamp":1771297879426,"id":"j6zdqjn0dh2tr23","previousEventId":"5leo0ne9fx9plhn","previousOperationId":"hs0ri0s47beict0"}
{"type":"log","timestamp":1771297879426,"level":"debug","message":"Skipping storing report.","meta":{"rootId":"s3c5cu4yccix9d4","id":"s3c5cu4yccix9d4"},"id":"l7t64g7ra2fmaeb","previousOperationId":"hs0ri0s47beict0"}
{"type":"log","timestamp":1771297879426,"level":"info","message":"Rendering request 17 finished in 673 ms","meta":{"rootId":"s3c5cu4yccix9d4","id":"s3c5cu4yccix9d4"},"id":"x8l9uuacef6rygh","previousOperationId":"hs0ri0s47beict0"}
{"type":"operationEnd","subtype":"render","operationId":"8njgt9yp66be0b5","timestamp":1771297879426,"id":"01etpwyqcb3dfvj","previousEventId":"j6zdqjn0dh2tr23","previousOperationId":"hs0ri0s47beict0"}
{"type":"operationEnd","doDiffs":false,"previousEventId":"kv3vha2r32zosxy","previousOperationId":"4madpiizugdo0rc","operationId":"4madpiizugdo0rc","timestamp":1771297879427,"id":"m1zfv29ckk9iyn7"}
