{"type":"operationStart","subtype":"profile","data":{"_id":"bjYJ2bskJlxfpVvW","timestamp":"2026-03-29T23:37:02.653Z","state":"queued","mode":"standard","creationDate":"2026-03-29T23:37:02.654Z","modificationDate":"2026-03-29T23:37:02.654Z","shortid":"34NE_Tk","$entitySet":"profiles"},"doDiffs":false,"timestamp":1774827422653,"id":"26mcju1y75qz6d8","previousOperationId":null,"operationId":"j349l9iwiavxvcj"}
{"type":"log","level":"info","message":"Render request 1 queued for execution and waiting for available worker","previousOperationId":"j349l9iwiavxvcj","timestamp":1774827422653,"id":"wkuep5frpv2f3q3"}
{"type":"operationStart","subtype":"render","name":"general-ledger-v2","previousOperationId":"j349l9iwiavxvcj","timestamp":1774827422707,"id":"aj83urgj457dpdv","previousEventId":"26mcju1y75qz6d8","operationId":"kmi9n4hrkn20cdb"}
{"type":"log","timestamp":1774827422707,"level":"info","message":"Starting rendering request 1","meta":{"rootId":"s4b7c60znx3zqau","id":"s4b7c60znx3zqau"},"id":"xvf2gnbt2ag7yba","previousOperationId":"kmi9n4hrkn20cdb"}
{"type":"log","timestamp":1774827422707,"level":"info","message":"Rendering template { name: general-ledger-v2, recipe: chrome-pdf, engine: handlebars, preview: false }","meta":{"rootId":"s4b7c60znx3zqau","id":"s4b7c60znx3zqau"},"id":"ji4wz4goj6hcgfc","previousOperationId":"kmi9n4hrkn20cdb"}
{"type":"log","timestamp":1774827422709,"level":"debug","message":"Inline data specified.","meta":{"rootId":"s4b7c60znx3zqau","id":"s4b7c60znx3zqau"},"id":"ycnp4s98tedcmqm","previousOperationId":"kmi9n4hrkn20cdb"}
{"type":"log","timestamp":1774827422711,"level":"debug","message":"Base url not specified, skipping its injection.","meta":{"rootId":"s4b7c60znx3zqau","id":"s4b7c60znx3zqau"},"id":"riqpy7xbc0wm4y5","previousOperationId":"kmi9n4hrkn20cdb"}
{"type":"operationStart","subtype":"engine","name":"handlebars","timestamp":1774827422712,"id":"7ykz5vphzfmsgxp","previousEventId":"aj83urgj457dpdv","operationId":"lzqfr4hhzjcqjw9","previousOperationId":"kmi9n4hrkn20cdb"}
{"type":"log","timestamp":1774827422712,"level":"debug","message":"Rendering engine handlebars","meta":{"rootId":"s4b7c60znx3zqau","id":"s4b7c60znx3zqau"},"id":"nr8qrtc9f5a0g1u","previousOperationId":"lzqfr4hhzjcqjw9"}
{"type":"operationEnd","operationId":"lzqfr4hhzjcqjw9","timestamp":1774827423240,"id":"xs4rlukd3f2otwz","previousEventId":"7ykz5vphzfmsgxp","previousOperationId":"lzqfr4hhzjcqjw9"}
{"type":"operationStart","subtype":"recipe","name":"chrome-pdf","timestamp":1774827423241,"id":"tsw94a0ya3s6fgn","previousEventId":"xs4rlukd3f2otwz","operationId":"c3zh1oy4dr7k7ra","previousOperationId":"lzqfr4hhzjcqjw9"}
{"type":"log","timestamp":1774827423241,"level":"debug","message":"Executing recipe chrome-pdf","meta":{"rootId":"s4b7c60znx3zqau","id":"s4b7c60znx3zqau"},"id":"szc99zixamrm1fj","previousOperationId":"c3zh1oy4dr7k7ra"}
{"type":"log","timestamp":1774827424398,"level":"debug","message":"Converting with chrome Chrome/144.0.7559.109 using chrome-pool strategy","meta":{"rootId":"s4b7c60znx3zqau","id":"s4b7c60znx3zqau"},"id":"krjgbsn8bd8hcjg","previousOperationId":"c3zh1oy4dr7k7ra"}
{"type":"log","timestamp":1774827424482,"level":"debug","message":"Page request: GET (document) file:///tmp/jsreport/autocleanup/9845001d-b5cd-4153-bf7d-1c88383407e1-chrome-pdf.html","meta":{"rootId":"s4b7c60znx3zqau","id":"s4b7c60znx3zqau"},"id":"er5znwy8w0ci05y","previousOperationId":"c3zh1oy4dr7k7ra"}
{"type":"log","timestamp":1774827424498,"level":"debug","message":"Page request: GET (image) https://paciolibucket.s3.us-east-2.amazonaws.com/orgs/c64b69f6759a43a1bc0ae31961876751/companies/logos/b6e6bbb3-4217-4336-88b7-161c9ce34ada_Applicorp%20Logo.png?X-Amz-Expires=600&X-Amz-Algorithm=AWS4-HMAC-SHA256&X-Amz-Credential=AKIAVYV5Z6T6UQ4ARWOC%2F20260329%2Fus-east-2%2Fs3%2Faws4_request&X-Amz-Date=20260329T233702Z&X-Amz-SignedHeaders=host&X-Amz-Signature=bc81737d00a42fe85f51da42811bfde23c819b028904cdc4e07c902de4a2cd45","meta":{"rootId":"s4b7c60znx3zqau","id":"s4b7c60znx3zqau"},"id":"5juvaq6h0m3q00i","previousOperationId":"c3zh1oy4dr7k7ra"}
{"type":"log","timestamp":1774827424499,"level":"debug","message":"Page request finished: GET (document) 200 file:///tmp/jsreport/autocleanup/9845001d-b5cd-4153-bf7d-1c88383407e1-chrome-pdf.html","meta":{"rootId":"s4b7c60znx3zqau","id":"s4b7c60znx3zqau"},"id":"kav0uuqh4i7wxo8","previousOperationId":"c3zh1oy4dr7k7ra"}
{"type":"log","timestamp":1774827424952,"level":"debug","message":"Page request finished: GET (image) 200 https://paciolibucket.s3.us-east-2.amazonaws.com/orgs/c64b69f6759a43a1bc0ae31961876751/companies/logos/b6e6bbb3-4217-4336-88b7-161c9ce34ada_Applicorp%20Logo.png?X-Amz-Expires=600&X-Amz-Algorithm=AWS4-HMAC-SHA256&X-Amz-Credential=AKIAVYV5Z6T6UQ4ARWOC%2F20260329%2Fus-east-2%2Fs3%2Faws4_request&X-Amz-Date=20260329T233702Z&X-Amz-SignedHeaders=host&X-Amz-Signature=bc81737d00a42fe85f51da42811bfde23c819b028904cdc4e07c902de4a2cd45","meta":{"rootId":"s4b7c60znx3zqau","id":"s4b7c60znx3zqau"},"id":"368qipwb6ff95o7","previousOperationId":"c3zh1oy4dr7k7ra"}
{"type":"log","timestamp":1774827424954,"level":"debug","message":"Running chrome with params {\"printBackground\":true,\"timeout\":59403,\"margin\":{}}","meta":{"rootId":"s4b7c60znx3zqau","id":"s4b7c60znx3zqau"},"id":"eu19nhr221s7w8e","previousOperationId":"c3zh1oy4dr7k7ra"}
{"type":"operationEnd","operationId":"c3zh1oy4dr7k7ra","timestamp":1774827425023,"id":"shf5hp4qd5cugy5","previousEventId":"tsw94a0ya3s6fgn","previousOperationId":"c3zh1oy4dr7k7ra"}
{"type":"log","timestamp":1774827425024,"level":"debug","message":"Skipping storing report.","meta":{"rootId":"s4b7c60znx3zqau","id":"s4b7c60znx3zqau"},"id":"s76nsmgxxp3yc3e","previousOperationId":"c3zh1oy4dr7k7ra"}
{"type":"log","timestamp":1774827425024,"level":"info","message":"Rendering request 1 finished in 2373 ms","meta":{"rootId":"s4b7c60znx3zqau","id":"s4b7c60znx3zqau"},"id":"wiblwniou3x5zg0","previousOperationId":"c3zh1oy4dr7k7ra"}
{"type":"operationEnd","subtype":"render","operationId":"kmi9n4hrkn20cdb","timestamp":1774827425024,"id":"4jmayr25l2ewud6","previousEventId":"shf5hp4qd5cugy5","previousOperationId":"c3zh1oy4dr7k7ra"}
{"type":"operationEnd","doDiffs":false,"previousEventId":"26mcju1y75qz6d8","previousOperationId":"j349l9iwiavxvcj","operationId":"j349l9iwiavxvcj","timestamp":1774827425026,"id":"onduqmvxdmmfg98"}
