{"type":"operationStart","subtype":"profile","data":{"_id":"GOhyVi1Kky0VJYu8","timestamp":"2026-02-17T05:06:45.972Z","state":"queued","mode":"standard","creationDate":"2026-02-17T05:06:46.011Z","modificationDate":"2026-02-17T05:06:46.011Z","shortid":"pFSoNEZ","$entitySet":"profiles"},"doDiffs":false,"timestamp":1771304805987,"id":"hcqe7orck2tm2m4","previousOperationId":null,"operationId":"xxfao9r90f9ats3"}
{"type":"log","level":"info","message":"Render request 23 queued for execution and waiting for available worker","previousOperationId":"xxfao9r90f9ats3","timestamp":1771304805988,"id":"3qw6l39tvfgxm6x"}
{"type":"operationStart","subtype":"render","name":"general-ledger-v2","previousOperationId":"xxfao9r90f9ats3","timestamp":1771304806147,"id":"0mdzocb3x22qn55","previousEventId":"hcqe7orck2tm2m4","operationId":"kbu94uqzgn67i77"}
{"type":"log","timestamp":1771304806153,"level":"info","message":"Starting rendering request 23","meta":{"rootId":"u0kjirqkesrp9mw","id":"u0kjirqkesrp9mw"},"id":"kdx0takf1bkn03i","previousOperationId":"kbu94uqzgn67i77"}
{"type":"log","timestamp":1771304806158,"level":"info","message":"Rendering template { name: general-ledger-v2, recipe: chrome-pdf, engine: handlebars, preview: false }","meta":{"rootId":"u0kjirqkesrp9mw","id":"u0kjirqkesrp9mw"},"id":"sfjlap2f51oo01l","previousOperationId":"kbu94uqzgn67i77"}
{"type":"log","timestamp":1771304806167,"level":"debug","message":"Inline data specified.","meta":{"rootId":"u0kjirqkesrp9mw","id":"u0kjirqkesrp9mw"},"id":"0mpssnctm1aidhx","previousOperationId":"kbu94uqzgn67i77"}
{"type":"log","timestamp":1771304806176,"level":"debug","message":"Base url not specified, skipping its injection.","meta":{"rootId":"u0kjirqkesrp9mw","id":"u0kjirqkesrp9mw"},"id":"64nkd5wrpow2oco","previousOperationId":"kbu94uqzgn67i77"}
{"type":"operationStart","subtype":"engine","name":"handlebars","timestamp":1771304806185,"id":"hnm4n859oqtv0pj","previousEventId":"0mdzocb3x22qn55","operationId":"3hdpitbk7jwy59r","previousOperationId":"kbu94uqzgn67i77"}
{"type":"log","timestamp":1771304806186,"level":"debug","message":"Rendering engine handlebars","meta":{"rootId":"u0kjirqkesrp9mw","id":"u0kjirqkesrp9mw"},"id":"huv7iwigj9dlefv","previousOperationId":"3hdpitbk7jwy59r"}
{"type":"operationEnd","operationId":"3hdpitbk7jwy59r","timestamp":1771304806315,"id":"1w2s94k7eug2fdp","previousEventId":"hnm4n859oqtv0pj","previousOperationId":"3hdpitbk7jwy59r"}
{"type":"operationStart","subtype":"recipe","name":"chrome-pdf","timestamp":1771304806319,"id":"m3qxrxq7v1no00i","previousEventId":"1w2s94k7eug2fdp","operationId":"a5o5vc8kydmhet5","previousOperationId":"3hdpitbk7jwy59r"}
{"type":"log","timestamp":1771304806319,"level":"debug","message":"Executing recipe chrome-pdf","meta":{"rootId":"u0kjirqkesrp9mw","id":"u0kjirqkesrp9mw"},"id":"d5thm0m8esqb9vv","previousOperationId":"a5o5vc8kydmhet5"}
{"type":"log","timestamp":1771304806385,"level":"debug","message":"Converting with chrome Chrome/142.0.7444.175 using chrome-pool strategy","meta":{"rootId":"u0kjirqkesrp9mw","id":"u0kjirqkesrp9mw"},"id":"96z4v7hy1lqo9ty","previousOperationId":"a5o5vc8kydmhet5"}
{"type":"log","timestamp":1771304806967,"level":"debug","message":"Page request: GET (document) file:///tmp/jsreport/autocleanup/757fa36d-54de-455f-9243-e169968981b4-chrome-pdf.html","meta":{"rootId":"u0kjirqkesrp9mw","id":"u0kjirqkesrp9mw"},"id":"l137h88xr3ztqf5","previousOperationId":"a5o5vc8kydmhet5"}
{"type":"log","timestamp":1771304807008,"level":"debug","message":"Page request finished: GET (document) 200 file:///tmp/jsreport/autocleanup/757fa36d-54de-455f-9243-e169968981b4-chrome-pdf.html","meta":{"rootId":"u0kjirqkesrp9mw","id":"u0kjirqkesrp9mw"},"id":"8gb1cmubc2znmag","previousOperationId":"a5o5vc8kydmhet5"}
{"type":"log","timestamp":1771304807017,"level":"debug","message":"Page request: GET (image) https://paciolibucket.s3.us-east-2.amazonaws.com/orgs/c64b69f6759a43a1bc0ae31961876751/companies/logos/e9767ff4-7186-447f-a397-208ea6bbfdb8_ninosfelices.png?X-Amz-Expires=600&X-Amz-Algorithm=AWS4-HMAC-SHA256&X-Amz-Credential=AKIAVYV5Z6T6UQ4ARWOC%2F20260217%2Fus-east-2%2Fs3%2Faws4_request&X-Amz-Date=20260217T050645Z&X-Amz-SignedHeaders=host&X-Amz-Signature=fbe7808be325116bb9a18685a4d9b9ff81781473de510375102111cac5f44313","meta":{"rootId":"u0kjirqkesrp9mw","id":"u0kjirqkesrp9mw"},"id":"xolruwesukwuy5g","previousOperationId":"a5o5vc8kydmhet5"}
{"type":"log","timestamp":1771304807883,"level":"debug","message":"Page request finished: GET (image) 200 https://paciolibucket.s3.us-east-2.amazonaws.com/orgs/c64b69f6759a43a1bc0ae31961876751/companies/logos/e9767ff4-7186-447f-a397-208ea6bbfdb8_ninosfelices.png?X-Amz-Expires=600&X-Amz-Algorithm=AWS4-HMAC-SHA256&X-Amz-Credential=AKIAVYV5Z6T6UQ4ARWOC%2F20260217%2Fus-east-2%2Fs3%2Faws4_request&X-Amz-Date=20260217T050645Z&X-Amz-SignedHeaders=host&X-Amz-Signature=fbe7808be325116bb9a18685a4d9b9ff81781473de510375102111cac5f44313","meta":{"rootId":"u0kjirqkesrp9mw","id":"u0kjirqkesrp9mw"},"id":"g0l5n0r37wrbt27","previousOperationId":"a5o5vc8kydmhet5"}
{"type":"log","timestamp":1771304807931,"level":"debug","message":"Running chrome with params {\"printBackground\":true,\"timeout\":59620,\"margin\":{}}","meta":{"rootId":"u0kjirqkesrp9mw","id":"u0kjirqkesrp9mw"},"id":"mcdyrkzont011qh","previousOperationId":"a5o5vc8kydmhet5"}
{"type":"operationEnd","operationId":"a5o5vc8kydmhet5","timestamp":1771304808607,"id":"f5msyo3afpj4ly1","previousEventId":"m3qxrxq7v1no00i","previousOperationId":"a5o5vc8kydmhet5"}
{"type":"log","timestamp":1771304808608,"level":"debug","message":"Skipping storing report.","meta":{"rootId":"u0kjirqkesrp9mw","id":"u0kjirqkesrp9mw"},"id":"b015g7rnv1638zm","previousOperationId":"a5o5vc8kydmhet5"}
{"type":"log","timestamp":1771304808609,"level":"info","message":"Rendering request 23 finished in 2652 ms","meta":{"rootId":"u0kjirqkesrp9mw","id":"u0kjirqkesrp9mw"},"id":"3ooo3hb4rjz6wdr","previousOperationId":"a5o5vc8kydmhet5"}
{"type":"operationEnd","subtype":"render","operationId":"kbu94uqzgn67i77","timestamp":1771304808609,"id":"gsnrec0f890rble","previousEventId":"f5msyo3afpj4ly1","previousOperationId":"a5o5vc8kydmhet5"}
{"type":"operationEnd","doDiffs":false,"previousEventId":"hcqe7orck2tm2m4","previousOperationId":"xxfao9r90f9ats3","operationId":"xxfao9r90f9ats3","timestamp":1771304808611,"id":"i7muwjwqzhm962m"}
