{"type":"operationStart","subtype":"profile","data":{"_id":"YHjANvaJAksmuOMP","timestamp":"2026-02-18T03:17:28.095Z","state":"queued","mode":"standard","creationDate":"2026-02-18T03:17:28.111Z","modificationDate":"2026-02-18T03:17:28.111Z","shortid":"kly96IW","$entitySet":"profiles"},"doDiffs":false,"timestamp":1771384648100,"id":"8aslbjuhxwgr3xo","previousOperationId":null,"operationId":"bhsc4rdl9zbg0n1"}
{"type":"log","level":"info","message":"Render request 40 queued for execution and waiting for available worker","previousOperationId":"bhsc4rdl9zbg0n1","timestamp":1771384648100,"id":"9dgr4j8unzmqcjh"}
{"type":"operationStart","subtype":"render","name":"general-ledger-v2","previousOperationId":"bhsc4rdl9zbg0n1","timestamp":1771384648252,"id":"fj74t91c0khhm7m","previousEventId":"8aslbjuhxwgr3xo","operationId":"bdvcomxf29fahvf"}
{"type":"log","timestamp":1771384648257,"level":"info","message":"Starting rendering request 40","meta":{"rootId":"u5nxd7m4d1rdw08","id":"u5nxd7m4d1rdw08"},"id":"u5t18imgyhkdx43","previousOperationId":"bdvcomxf29fahvf"}
{"type":"log","timestamp":1771384648260,"level":"info","message":"Rendering template { name: general-ledger-v2, recipe: chrome-pdf, engine: handlebars, preview: false }","meta":{"rootId":"u5nxd7m4d1rdw08","id":"u5nxd7m4d1rdw08"},"id":"bkxu2b7ale2fdlv","previousOperationId":"bdvcomxf29fahvf"}
{"type":"log","timestamp":1771384648269,"level":"debug","message":"Inline data specified.","meta":{"rootId":"u5nxd7m4d1rdw08","id":"u5nxd7m4d1rdw08"},"id":"y6zcrjnamvfta1x","previousOperationId":"bdvcomxf29fahvf"}
{"type":"log","timestamp":1771384648282,"level":"debug","message":"Base url not specified, skipping its injection.","meta":{"rootId":"u5nxd7m4d1rdw08","id":"u5nxd7m4d1rdw08"},"id":"zxf4y7oimk9zj0o","previousOperationId":"bdvcomxf29fahvf"}
{"type":"operationStart","subtype":"engine","name":"handlebars","timestamp":1771384648293,"id":"cp3llg71wigwmhr","previousEventId":"fj74t91c0khhm7m","operationId":"mwq0bgxow362e93","previousOperationId":"bdvcomxf29fahvf"}
{"type":"log","timestamp":1771384648293,"level":"debug","message":"Rendering engine handlebars","meta":{"rootId":"u5nxd7m4d1rdw08","id":"u5nxd7m4d1rdw08"},"id":"oajh9bw98stxuzv","previousOperationId":"mwq0bgxow362e93"}
{"type":"operationEnd","operationId":"mwq0bgxow362e93","timestamp":1771384648366,"id":"8aw0hejuuk418x4","previousEventId":"cp3llg71wigwmhr","previousOperationId":"mwq0bgxow362e93"}
{"type":"operationStart","subtype":"recipe","name":"chrome-pdf","timestamp":1771384648369,"id":"oaka5brpwqgbsa3","previousEventId":"8aw0hejuuk418x4","operationId":"2nhuik7jca0so0x","previousOperationId":"mwq0bgxow362e93"}
{"type":"log","timestamp":1771384648369,"level":"debug","message":"Executing recipe chrome-pdf","meta":{"rootId":"u5nxd7m4d1rdw08","id":"u5nxd7m4d1rdw08"},"id":"sbrcjemtc65dgml","previousOperationId":"2nhuik7jca0so0x"}
{"type":"log","timestamp":1771384648397,"level":"debug","message":"Converting with chrome Chrome/142.0.7444.175 using chrome-pool strategy","meta":{"rootId":"u5nxd7m4d1rdw08","id":"u5nxd7m4d1rdw08"},"id":"gwmqxk2izhs4atj","previousOperationId":"2nhuik7jca0so0x"}
{"type":"log","timestamp":1771384648626,"level":"debug","message":"Page request: GET (document) file:///tmp/jsreport/autocleanup/3b897b22-919f-4a0c-9e47-59203eba341c-chrome-pdf.html","meta":{"rootId":"u5nxd7m4d1rdw08","id":"u5nxd7m4d1rdw08"},"id":"q14284eyoeq50v5","previousOperationId":"2nhuik7jca0so0x"}
{"type":"log","timestamp":1771384648658,"level":"debug","message":"Page request finished: GET (document) 200 file:///tmp/jsreport/autocleanup/3b897b22-919f-4a0c-9e47-59203eba341c-chrome-pdf.html","meta":{"rootId":"u5nxd7m4d1rdw08","id":"u5nxd7m4d1rdw08"},"id":"fcoqvvg82tx50uy","previousOperationId":"2nhuik7jca0so0x"}
{"type":"log","timestamp":1771384648658,"level":"debug","message":"Page request: GET (image) https://paciolibucket.s3.us-east-2.amazonaws.com/orgs/c64b69f6759a43a1bc0ae31961876751/companies/logos/e9767ff4-7186-447f-a397-208ea6bbfdb8_ninosfelices.png?X-Amz-Expires=600&X-Amz-Algorithm=AWS4-HMAC-SHA256&X-Amz-Credential=AKIAVYV5Z6T6UQ4ARWOC%2F20260218%2Fus-east-2%2Fs3%2Faws4_request&X-Amz-Date=20260218T031727Z&X-Amz-SignedHeaders=host&X-Amz-Signature=8d506207c32f11eadb822d11977e7372d388c335a4cb7cb0a55199d473b4c165","meta":{"rootId":"u5nxd7m4d1rdw08","id":"u5nxd7m4d1rdw08"},"id":"iobk1qcskrl7ez6","previousOperationId":"2nhuik7jca0so0x"}
{"type":"log","timestamp":1771384649283,"level":"debug","message":"Page request finished: GET (image) 200 https://paciolibucket.s3.us-east-2.amazonaws.com/orgs/c64b69f6759a43a1bc0ae31961876751/companies/logos/e9767ff4-7186-447f-a397-208ea6bbfdb8_ninosfelices.png?X-Amz-Expires=600&X-Amz-Algorithm=AWS4-HMAC-SHA256&X-Amz-Credential=AKIAVYV5Z6T6UQ4ARWOC%2F20260218%2Fus-east-2%2Fs3%2Faws4_request&X-Amz-Date=20260218T031727Z&X-Amz-SignedHeaders=host&X-Amz-Signature=8d506207c32f11eadb822d11977e7372d388c335a4cb7cb0a55199d473b4c165","meta":{"rootId":"u5nxd7m4d1rdw08","id":"u5nxd7m4d1rdw08"},"id":"7dydq61z9k1id0b","previousOperationId":"2nhuik7jca0so0x"}
{"type":"log","timestamp":1771384649285,"level":"debug","message":"Running chrome with params {\"printBackground\":true,\"timeout\":59712,\"margin\":{}}","meta":{"rootId":"u5nxd7m4d1rdw08","id":"u5nxd7m4d1rdw08"},"id":"fpx20ent60htb2o","previousOperationId":"2nhuik7jca0so0x"}
{"type":"operationEnd","operationId":"2nhuik7jca0so0x","timestamp":1771384649401,"id":"u188akc44bk52gb","previousEventId":"oaka5brpwqgbsa3","previousOperationId":"2nhuik7jca0so0x"}
{"type":"log","timestamp":1771384649401,"level":"debug","message":"Skipping storing report.","meta":{"rootId":"u5nxd7m4d1rdw08","id":"u5nxd7m4d1rdw08"},"id":"n2wa53v61n4xv32","previousOperationId":"2nhuik7jca0so0x"}
{"type":"log","timestamp":1771384649401,"level":"info","message":"Rendering request 40 finished in 1314 ms","meta":{"rootId":"u5nxd7m4d1rdw08","id":"u5nxd7m4d1rdw08"},"id":"ncrbgp1hbjv2ykb","previousOperationId":"2nhuik7jca0so0x"}
{"type":"operationEnd","subtype":"render","operationId":"bdvcomxf29fahvf","timestamp":1771384649401,"id":"6tgcxr4hzv4r8h4","previousEventId":"u188akc44bk52gb","previousOperationId":"2nhuik7jca0so0x"}
{"type":"operationEnd","doDiffs":false,"previousEventId":"8aslbjuhxwgr3xo","previousOperationId":"bhsc4rdl9zbg0n1","operationId":"bhsc4rdl9zbg0n1","timestamp":1771384649403,"id":"rgd0va9kx31lblt"}
