{"type":"operationStart","subtype":"profile","data":{"_id":"9UTf1wo6MQpB066c","timestamp":"2026-02-17T17:59:13.009Z","state":"queued","mode":"standard","creationDate":"2026-02-17T17:59:13.032Z","modificationDate":"2026-02-17T17:59:13.032Z","shortid":"1FltstL","$entitySet":"profiles"},"doDiffs":false,"timestamp":1771351153019,"id":"3ib9zm4aop6wj48","previousOperationId":null,"operationId":"0hjtjame3x7onl7"}
{"type":"log","level":"info","message":"Render request 13 queued for execution and waiting for available worker","previousOperationId":"0hjtjame3x7onl7","timestamp":1771351153019,"id":"amas1q8n7201odo"}
{"type":"operationStart","subtype":"render","name":"general-ledger-v2","previousOperationId":"0hjtjame3x7onl7","timestamp":1771351153135,"id":"9u9404pp697d755","previousEventId":"3ib9zm4aop6wj48","operationId":"g6uwdqvarrh0cuh"}
{"type":"log","timestamp":1771351153140,"level":"info","message":"Starting rendering request 13","meta":{"rootId":"up1rnph1uizn7lq","id":"up1rnph1uizn7lq"},"id":"882vopyey09s7jc","previousOperationId":"g6uwdqvarrh0cuh"}
{"type":"log","timestamp":1771351153143,"level":"info","message":"Rendering template { name: general-ledger-v2, recipe: chrome-pdf, engine: handlebars, preview: false }","meta":{"rootId":"up1rnph1uizn7lq","id":"up1rnph1uizn7lq"},"id":"mrp17iz3lwktuor","previousOperationId":"g6uwdqvarrh0cuh"}
{"type":"log","timestamp":1771351153151,"level":"debug","message":"Inline data specified.","meta":{"rootId":"up1rnph1uizn7lq","id":"up1rnph1uizn7lq"},"id":"ti4e9npwwxkohay","previousOperationId":"g6uwdqvarrh0cuh"}
{"type":"log","timestamp":1771351153159,"level":"debug","message":"Base url not specified, skipping its injection.","meta":{"rootId":"up1rnph1uizn7lq","id":"up1rnph1uizn7lq"},"id":"7q6i9kxa1rdq2jd","previousOperationId":"g6uwdqvarrh0cuh"}
{"type":"operationStart","subtype":"engine","name":"handlebars","timestamp":1771351153168,"id":"p1549gjydjr3ks5","previousEventId":"9u9404pp697d755","operationId":"1vuhmkjuyrqv7zz","previousOperationId":"g6uwdqvarrh0cuh"}
{"type":"log","timestamp":1771351153168,"level":"debug","message":"Rendering engine handlebars","meta":{"rootId":"up1rnph1uizn7lq","id":"up1rnph1uizn7lq"},"id":"056ri7ascgeoram","previousOperationId":"1vuhmkjuyrqv7zz"}
{"type":"operationEnd","operationId":"1vuhmkjuyrqv7zz","timestamp":1771351153267,"id":"qq4sv6jbqsejugu","previousEventId":"p1549gjydjr3ks5","previousOperationId":"1vuhmkjuyrqv7zz"}
{"type":"operationStart","subtype":"recipe","name":"chrome-pdf","timestamp":1771351153270,"id":"7ln9y1bes7a9ur6","previousEventId":"qq4sv6jbqsejugu","operationId":"k4mlsjru360rvxd","previousOperationId":"1vuhmkjuyrqv7zz"}
{"type":"log","timestamp":1771351153270,"level":"debug","message":"Executing recipe chrome-pdf","meta":{"rootId":"up1rnph1uizn7lq","id":"up1rnph1uizn7lq"},"id":"8nyintmxboz2dda","previousOperationId":"k4mlsjru360rvxd"}
{"type":"log","timestamp":1771351153328,"level":"debug","message":"Converting with chrome Chrome/142.0.7444.175 using chrome-pool strategy","meta":{"rootId":"up1rnph1uizn7lq","id":"up1rnph1uizn7lq"},"id":"4u7czitr20jzb35","previousOperationId":"k4mlsjru360rvxd"}
{"type":"log","timestamp":1771351153834,"level":"debug","message":"Page request: GET (document) file:///tmp/jsreport/autocleanup/1e30e00e-f719-4703-b043-063dc90bb7e5-chrome-pdf.html","meta":{"rootId":"up1rnph1uizn7lq","id":"up1rnph1uizn7lq"},"id":"mvf0l0l6dwyiivr","previousOperationId":"k4mlsjru360rvxd"}
{"type":"log","timestamp":1771351153870,"level":"debug","message":"Page request finished: GET (document) 200 file:///tmp/jsreport/autocleanup/1e30e00e-f719-4703-b043-063dc90bb7e5-chrome-pdf.html","meta":{"rootId":"up1rnph1uizn7lq","id":"up1rnph1uizn7lq"},"id":"4iv90fmx7kcsp3x","previousOperationId":"k4mlsjru360rvxd"}
{"type":"log","timestamp":1771351153873,"level":"debug","message":"Page request: GET (image) https://paciolibucket.s3.us-east-2.amazonaws.com/orgs/c64b69f6759a43a1bc0ae31961876751/companies/logos/e9767ff4-7186-447f-a397-208ea6bbfdb8_ninosfelices.png?X-Amz-Expires=600&X-Amz-Algorithm=AWS4-HMAC-SHA256&X-Amz-Credential=AKIAVYV5Z6T6UQ4ARWOC%2F20260217%2Fus-east-2%2Fs3%2Faws4_request&X-Amz-Date=20260217T175912Z&X-Amz-SignedHeaders=host&X-Amz-Signature=8e6e2283c9ee923bb51fdf50039f1eaf2ccb72a092d1055ffe2a5bddbf5b3b61","meta":{"rootId":"up1rnph1uizn7lq","id":"up1rnph1uizn7lq"},"id":"yidk92e9xlandaf","previousOperationId":"k4mlsjru360rvxd"}
{"type":"log","timestamp":1771351154466,"level":"debug","message":"Page request finished: GET (image) 200 https://paciolibucket.s3.us-east-2.amazonaws.com/orgs/c64b69f6759a43a1bc0ae31961876751/companies/logos/e9767ff4-7186-447f-a397-208ea6bbfdb8_ninosfelices.png?X-Amz-Expires=600&X-Amz-Algorithm=AWS4-HMAC-SHA256&X-Amz-Credential=AKIAVYV5Z6T6UQ4ARWOC%2F20260217%2Fus-east-2%2Fs3%2Faws4_request&X-Amz-Date=20260217T175912Z&X-Amz-SignedHeaders=host&X-Amz-Signature=8e6e2283c9ee923bb51fdf50039f1eaf2ccb72a092d1055ffe2a5bddbf5b3b61","meta":{"rootId":"up1rnph1uizn7lq","id":"up1rnph1uizn7lq"},"id":"n78m1ta3noob6em","previousOperationId":"k4mlsjru360rvxd"}
{"type":"log","timestamp":1771351154469,"level":"debug","message":"Running chrome with params {\"printBackground\":true,\"timeout\":59703,\"margin\":{}}","meta":{"rootId":"up1rnph1uizn7lq","id":"up1rnph1uizn7lq"},"id":"7zdpyki7h816r0m","previousOperationId":"k4mlsjru360rvxd"}
{"type":"operationEnd","operationId":"k4mlsjru360rvxd","timestamp":1771351154585,"id":"2ordbpoxt61u2kh","previousEventId":"7ln9y1bes7a9ur6","previousOperationId":"k4mlsjru360rvxd"}
{"type":"log","timestamp":1771351154585,"level":"debug","message":"Skipping storing report.","meta":{"rootId":"up1rnph1uizn7lq","id":"up1rnph1uizn7lq"},"id":"wy17xshgjvk367n","previousOperationId":"k4mlsjru360rvxd"}
{"type":"log","timestamp":1771351154585,"level":"info","message":"Rendering request 13 finished in 1591 ms","meta":{"rootId":"up1rnph1uizn7lq","id":"up1rnph1uizn7lq"},"id":"aoyw4ijd2xqwvj8","previousOperationId":"k4mlsjru360rvxd"}
{"type":"operationEnd","subtype":"render","operationId":"g6uwdqvarrh0cuh","timestamp":1771351154585,"id":"ovy4wm8gq0xbx31","previousEventId":"2ordbpoxt61u2kh","previousOperationId":"k4mlsjru360rvxd"}
{"type":"operationEnd","doDiffs":false,"previousEventId":"3ib9zm4aop6wj48","previousOperationId":"0hjtjame3x7onl7","operationId":"0hjtjame3x7onl7","timestamp":1771351154587,"id":"8bkd2f0arsiniy4"}
