{"type":"operationStart","subtype":"profile","data":{"_id":"07ALsyZ0j5Jrwswn","timestamp":"2026-02-19T03:54:50.011Z","state":"queued","mode":"standard","creationDate":"2026-02-19T03:54:50.013Z","modificationDate":"2026-02-19T03:54:50.013Z","shortid":"iJ_rb7l","$entitySet":"profiles"},"doDiffs":false,"timestamp":1771473290013,"id":"noqqkg7dqrdsbhp","previousOperationId":null,"operationId":"flzdmr6dwj9s09x"}
{"type":"log","level":"info","message":"Render request 5 queued for execution and waiting for available worker","previousOperationId":"flzdmr6dwj9s09x","timestamp":1771473290013,"id":"pcip5royie7hfe5"}
{"type":"operationStart","subtype":"render","name":"general-ledger-v2","previousOperationId":"flzdmr6dwj9s09x","timestamp":1771473290076,"id":"3dq17mukqv1t0zw","previousEventId":"noqqkg7dqrdsbhp","operationId":"8t082qa39udg5u7"}
{"type":"log","timestamp":1771473290076,"level":"info","message":"Starting rendering request 5","meta":{"rootId":"vm454dasrggcuz2","id":"vm454dasrggcuz2"},"id":"77ca22b6lg1pj21","previousOperationId":"8t082qa39udg5u7"}
{"type":"log","timestamp":1771473290076,"level":"info","message":"Rendering template { name: general-ledger-v2, recipe: chrome-pdf, engine: handlebars, preview: false }","meta":{"rootId":"vm454dasrggcuz2","id":"vm454dasrggcuz2"},"id":"cmkl8hincvhnoy4","previousOperationId":"8t082qa39udg5u7"}
{"type":"log","timestamp":1771473290077,"level":"debug","message":"Inline data specified.","meta":{"rootId":"vm454dasrggcuz2","id":"vm454dasrggcuz2"},"id":"y8m216c8958b3xf","previousOperationId":"8t082qa39udg5u7"}
{"type":"log","timestamp":1771473290078,"level":"debug","message":"Base url not specified, skipping its injection.","meta":{"rootId":"vm454dasrggcuz2","id":"vm454dasrggcuz2"},"id":"ch0m6oi1ubykytz","previousOperationId":"8t082qa39udg5u7"}
{"type":"operationStart","subtype":"engine","name":"handlebars","timestamp":1771473290079,"id":"md5180psf7fof5s","previousEventId":"3dq17mukqv1t0zw","operationId":"9d7r7l6a2vuaj3l","previousOperationId":"8t082qa39udg5u7"}
{"type":"log","timestamp":1771473290079,"level":"debug","message":"Rendering engine handlebars","meta":{"rootId":"vm454dasrggcuz2","id":"vm454dasrggcuz2"},"id":"sazfjnfzn9fem6w","previousOperationId":"9d7r7l6a2vuaj3l"}
{"type":"operationEnd","operationId":"9d7r7l6a2vuaj3l","timestamp":1771473290150,"id":"fjuylun9edkghga","previousEventId":"md5180psf7fof5s","previousOperationId":"9d7r7l6a2vuaj3l"}
{"type":"operationStart","subtype":"recipe","name":"chrome-pdf","timestamp":1771473290172,"id":"docsoj1f1uf592s","previousEventId":"fjuylun9edkghga","operationId":"2llfzt1a97ely8t","previousOperationId":"9d7r7l6a2vuaj3l"}
{"type":"log","timestamp":1771473290172,"level":"debug","message":"Executing recipe chrome-pdf","meta":{"rootId":"vm454dasrggcuz2","id":"vm454dasrggcuz2"},"id":"sef1z4z34jrs5nl","previousOperationId":"2llfzt1a97ely8t"}
{"type":"log","timestamp":1771473290176,"level":"debug","message":"Converting with chrome Chrome/142.0.7444.175 using chrome-pool strategy","meta":{"rootId":"vm454dasrggcuz2","id":"vm454dasrggcuz2"},"id":"tojri22gsyuenas","previousOperationId":"2llfzt1a97ely8t"}
{"type":"log","timestamp":1771473290205,"level":"debug","message":"Page request: GET (document) file:///tmp/jsreport/autocleanup/6cce1627-3045-4ee8-9283-b4086181e779-chrome-pdf.html","meta":{"rootId":"vm454dasrggcuz2","id":"vm454dasrggcuz2"},"id":"un46bgimbq3h0sj","previousOperationId":"2llfzt1a97ely8t"}
{"type":"log","timestamp":1771473290221,"level":"debug","message":"Page request: GET (image) https://paciolibucket.s3.us-east-2.amazonaws.com/orgs/c64b69f6759a43a1bc0ae31961876751/companies/logos/b6e6bbb3-4217-4336-88b7-161c9ce34ada_Applicorp%20Logo.png?X-Amz-Expires=600&X-Amz-Algorithm=AWS4-HMAC-SHA256&X-Amz-Credential=AKIAVYV5Z6T6UQ4ARWOC%2F20260219%2Fus-east-2%2Fs3%2Faws4_request&X-Amz-Date=20260219T035449Z&X-Amz-SignedHeaders=host&X-Amz-Signature=eb7ca42a155ee8688191e59d5439c96756f7e2acadcef19ef9496a405a81ac47","meta":{"rootId":"vm454dasrggcuz2","id":"vm454dasrggcuz2"},"id":"jr709kblah5lhtj","previousOperationId":"2llfzt1a97ely8t"}
{"type":"log","timestamp":1771473290366,"level":"debug","message":"Page request finished: GET (document) 200 file:///tmp/jsreport/autocleanup/6cce1627-3045-4ee8-9283-b4086181e779-chrome-pdf.html","meta":{"rootId":"vm454dasrggcuz2","id":"vm454dasrggcuz2"},"id":"51p2r9lxxcwn6u2","previousOperationId":"2llfzt1a97ely8t"}
{"type":"log","timestamp":1771473290698,"level":"debug","message":"Page request finished: GET (image) 200 https://paciolibucket.s3.us-east-2.amazonaws.com/orgs/c64b69f6759a43a1bc0ae31961876751/companies/logos/b6e6bbb3-4217-4336-88b7-161c9ce34ada_Applicorp%20Logo.png?X-Amz-Expires=600&X-Amz-Algorithm=AWS4-HMAC-SHA256&X-Amz-Credential=AKIAVYV5Z6T6UQ4ARWOC%2F20260219%2Fus-east-2%2Fs3%2Faws4_request&X-Amz-Date=20260219T035449Z&X-Amz-SignedHeaders=host&X-Amz-Signature=eb7ca42a155ee8688191e59d5439c96756f7e2acadcef19ef9496a405a81ac47","meta":{"rootId":"vm454dasrggcuz2","id":"vm454dasrggcuz2"},"id":"vyezvgz5kjypv0v","previousOperationId":"2llfzt1a97ely8t"}
{"type":"log","timestamp":1771473290794,"level":"debug","message":"Running chrome with params {\"printBackground\":true,\"timeout\":59835,\"margin\":{}}","meta":{"rootId":"vm454dasrggcuz2","id":"vm454dasrggcuz2"},"id":"z5wkkpq1inzsbvj","previousOperationId":"2llfzt1a97ely8t"}
{"type":"operationEnd","operationId":"2llfzt1a97ely8t","timestamp":1771473293698,"id":"tt1p6hjlzyek9un","previousEventId":"docsoj1f1uf592s","previousOperationId":"2llfzt1a97ely8t"}
{"type":"log","timestamp":1771473293699,"level":"debug","message":"Skipping storing report.","meta":{"rootId":"vm454dasrggcuz2","id":"vm454dasrggcuz2"},"id":"38c1doynvscjtw2","previousOperationId":"2llfzt1a97ely8t"}
{"type":"log","timestamp":1771473293699,"level":"info","message":"Rendering request 5 finished in 3688 ms","meta":{"rootId":"vm454dasrggcuz2","id":"vm454dasrggcuz2"},"id":"mhmrslhj9l5v922","previousOperationId":"2llfzt1a97ely8t"}
{"type":"operationEnd","subtype":"render","operationId":"8t082qa39udg5u7","timestamp":1771473293699,"id":"eobipi3qemadv3v","previousEventId":"tt1p6hjlzyek9un","previousOperationId":"2llfzt1a97ely8t"}
{"type":"operationEnd","doDiffs":false,"previousEventId":"noqqkg7dqrdsbhp","previousOperationId":"flzdmr6dwj9s09x","operationId":"flzdmr6dwj9s09x","timestamp":1771473293700,"id":"vgl1tgowuobka1x"}
