{"type":"operationStart","subtype":"profile","data":{"_id":"43ZiJBuckoZcjjMk","timestamp":"2026-02-17T18:11:12.861Z","state":"queued","mode":"standard","creationDate":"2026-02-17T18:11:12.878Z","modificationDate":"2026-02-17T18:11:12.878Z","shortid":"Qixis4W","$entitySet":"profiles"},"doDiffs":false,"timestamp":1771351872868,"id":"ec9o8sf20cnzdzx","previousOperationId":null,"operationId":"sqdc7u93i1c2iya"}
{"type":"log","level":"info","message":"Render request 14 queued for execution and waiting for available worker","previousOperationId":"sqdc7u93i1c2iya","timestamp":1771351872868,"id":"d97h7bi71wmhps0"}
{"type":"operationStart","subtype":"render","name":"general-ledger-v2","previousOperationId":"sqdc7u93i1c2iya","timestamp":1771351872947,"id":"78529ocgiduvfbr","previousEventId":"ec9o8sf20cnzdzx","operationId":"2twd1g8skmyibb0"}
{"type":"log","timestamp":1771351872949,"level":"info","message":"Starting rendering request 14","meta":{"rootId":"vp3orstvizn7n96","id":"vp3orstvizn7n96"},"id":"fwzeclnh03lbmww","previousOperationId":"2twd1g8skmyibb0"}
{"type":"log","timestamp":1771351872957,"level":"info","message":"Rendering template { name: general-ledger-v2, recipe: chrome-pdf, engine: handlebars, preview: false }","meta":{"rootId":"vp3orstvizn7n96","id":"vp3orstvizn7n96"},"id":"7ytdi6nqv8e25xt","previousOperationId":"2twd1g8skmyibb0"}
{"type":"log","timestamp":1771351872961,"level":"debug","message":"Inline data specified.","meta":{"rootId":"vp3orstvizn7n96","id":"vp3orstvizn7n96"},"id":"xay97sp73c7zxay","previousOperationId":"2twd1g8skmyibb0"}
{"type":"log","timestamp":1771351872966,"level":"debug","message":"Base url not specified, skipping its injection.","meta":{"rootId":"vp3orstvizn7n96","id":"vp3orstvizn7n96"},"id":"wkmrq0s14tpu1lb","previousOperationId":"2twd1g8skmyibb0"}
{"type":"operationStart","subtype":"engine","name":"handlebars","timestamp":1771351872973,"id":"uus7ogtghqo9zu0","previousEventId":"78529ocgiduvfbr","operationId":"ia4nik1uhe9xp5e","previousOperationId":"2twd1g8skmyibb0"}
{"type":"log","timestamp":1771351872973,"level":"debug","message":"Rendering engine handlebars","meta":{"rootId":"vp3orstvizn7n96","id":"vp3orstvizn7n96"},"id":"nii3yrwwda2rm20","previousOperationId":"ia4nik1uhe9xp5e"}
{"type":"operationEnd","operationId":"ia4nik1uhe9xp5e","timestamp":1771351873040,"id":"j5gp52zsrmdl8z4","previousEventId":"uus7ogtghqo9zu0","previousOperationId":"ia4nik1uhe9xp5e"}
{"type":"operationStart","subtype":"recipe","name":"chrome-pdf","timestamp":1771351873043,"id":"5ti73svmf8xwjgh","previousEventId":"j5gp52zsrmdl8z4","operationId":"ahq65j9axfv53m0","previousOperationId":"ia4nik1uhe9xp5e"}
{"type":"log","timestamp":1771351873043,"level":"debug","message":"Executing recipe chrome-pdf","meta":{"rootId":"vp3orstvizn7n96","id":"vp3orstvizn7n96"},"id":"833ue9kvqsabo0d","previousOperationId":"ahq65j9axfv53m0"}
{"type":"log","timestamp":1771351873080,"level":"debug","message":"Converting with chrome Chrome/142.0.7444.175 using chrome-pool strategy","meta":{"rootId":"vp3orstvizn7n96","id":"vp3orstvizn7n96"},"id":"sp8pmqk1x03zf7k","previousOperationId":"ahq65j9axfv53m0"}
{"type":"log","timestamp":1771351873492,"level":"debug","message":"Page request: GET (document) file:///tmp/jsreport/autocleanup/7a875827-0198-4fa4-917f-a3e6d26c65ca-chrome-pdf.html","meta":{"rootId":"vp3orstvizn7n96","id":"vp3orstvizn7n96"},"id":"09qpm3yicw9vunr","previousOperationId":"ahq65j9axfv53m0"}
{"type":"log","timestamp":1771351873525,"level":"debug","message":"Page request finished: GET (document) 200 file:///tmp/jsreport/autocleanup/7a875827-0198-4fa4-917f-a3e6d26c65ca-chrome-pdf.html","meta":{"rootId":"vp3orstvizn7n96","id":"vp3orstvizn7n96"},"id":"pkc715ysh5wmzjw","previousOperationId":"ahq65j9axfv53m0"}
{"type":"log","timestamp":1771351873531,"level":"debug","message":"Page request: GET (image) https://paciolibucket.s3.us-east-2.amazonaws.com/orgs/c64b69f6759a43a1bc0ae31961876751/companies/logos/e9767ff4-7186-447f-a397-208ea6bbfdb8_ninosfelices.png?X-Amz-Expires=600&X-Amz-Algorithm=AWS4-HMAC-SHA256&X-Amz-Credential=AKIAVYV5Z6T6UQ4ARWOC%2F20260217%2Fus-east-2%2Fs3%2Faws4_request&X-Amz-Date=20260217T181112Z&X-Amz-SignedHeaders=host&X-Amz-Signature=db94fb44273c4bed2605b7c0f886fad9511868f1ed2f16b051e6033ef3714a6b","meta":{"rootId":"vp3orstvizn7n96","id":"vp3orstvizn7n96"},"id":"mik7axx90mmrpwk","previousOperationId":"ahq65j9axfv53m0"}
{"type":"log","timestamp":1771351874152,"level":"debug","message":"Page request finished: GET (image) 200 https://paciolibucket.s3.us-east-2.amazonaws.com/orgs/c64b69f6759a43a1bc0ae31961876751/companies/logos/e9767ff4-7186-447f-a397-208ea6bbfdb8_ninosfelices.png?X-Amz-Expires=600&X-Amz-Algorithm=AWS4-HMAC-SHA256&X-Amz-Credential=AKIAVYV5Z6T6UQ4ARWOC%2F20260217%2Fus-east-2%2Fs3%2Faws4_request&X-Amz-Date=20260217T181112Z&X-Amz-SignedHeaders=host&X-Amz-Signature=db94fb44273c4bed2605b7c0f886fad9511868f1ed2f16b051e6033ef3714a6b","meta":{"rootId":"vp3orstvizn7n96","id":"vp3orstvizn7n96"},"id":"g46n7fgnhrww714","previousOperationId":"ahq65j9axfv53m0"}
{"type":"log","timestamp":1771351874156,"level":"debug","message":"Running chrome with params {\"printBackground\":true,\"timeout\":59798,\"margin\":{}}","meta":{"rootId":"vp3orstvizn7n96","id":"vp3orstvizn7n96"},"id":"0zn4pbwkgijvdyg","previousOperationId":"ahq65j9axfv53m0"}
{"type":"operationEnd","operationId":"ahq65j9axfv53m0","timestamp":1771351874281,"id":"eqx8ukry1wwmjv5","previousEventId":"5ti73svmf8xwjgh","previousOperationId":"ahq65j9axfv53m0"}
{"type":"log","timestamp":1771351874282,"level":"debug","message":"Skipping storing report.","meta":{"rootId":"vp3orstvizn7n96","id":"vp3orstvizn7n96"},"id":"io7ce4576ci1u1t","previousOperationId":"ahq65j9axfv53m0"}
{"type":"log","timestamp":1771351874282,"level":"info","message":"Rendering request 14 finished in 1429 ms","meta":{"rootId":"vp3orstvizn7n96","id":"vp3orstvizn7n96"},"id":"wn9n4py9ypa55gx","previousOperationId":"ahq65j9axfv53m0"}
{"type":"operationEnd","subtype":"render","operationId":"2twd1g8skmyibb0","timestamp":1771351874282,"id":"8j8j35ucf3iwubk","previousEventId":"eqx8ukry1wwmjv5","previousOperationId":"ahq65j9axfv53m0"}
{"type":"operationEnd","doDiffs":false,"previousEventId":"ec9o8sf20cnzdzx","previousOperationId":"sqdc7u93i1c2iya","operationId":"sqdc7u93i1c2iya","timestamp":1771351874284,"id":"ndlkqrg1sezzaii"}
