{"type":"operationStart","subtype":"profile","data":{"_id":"wIvWpSSHhnRIYSZv","timestamp":"2026-03-22T03:53:14.601Z","state":"queued","mode":"standard","creationDate":"2026-03-22T03:53:14.614Z","modificationDate":"2026-03-22T03:53:14.614Z","shortid":"SqeskO0","$entitySet":"profiles"},"doDiffs":false,"timestamp":1774151594607,"id":"cikgapy70cpgfgz","previousOperationId":null,"operationId":"m96o0ze6fqdb9c3"}
{"type":"log","level":"info","message":"Render request 14 queued for execution and waiting for available worker","previousOperationId":"m96o0ze6fqdb9c3","timestamp":1774151594607,"id":"knztfh1w77f05sf"}
{"type":"operationStart","subtype":"render","name":"general-ledger-v2","previousOperationId":"m96o0ze6fqdb9c3","timestamp":1774151594719,"id":"thnwd4cn2asom9z","previousEventId":"cikgapy70cpgfgz","operationId":"o2b6tfi2kudjxwr"}
{"type":"log","timestamp":1774151594723,"level":"info","message":"Starting rendering request 14","meta":{"rootId":"xrp5auyz9w25d9x","id":"xrp5auyz9w25d9x"},"id":"uq5fkte8g60rogy","previousOperationId":"o2b6tfi2kudjxwr"}
{"type":"log","timestamp":1774151594725,"level":"info","message":"Rendering template { name: general-ledger-v2, recipe: chrome-pdf, engine: handlebars, preview: false }","meta":{"rootId":"xrp5auyz9w25d9x","id":"xrp5auyz9w25d9x"},"id":"z7d74nny4lwaf81","previousOperationId":"o2b6tfi2kudjxwr"}
{"type":"log","timestamp":1774151594731,"level":"debug","message":"Inline data specified.","meta":{"rootId":"xrp5auyz9w25d9x","id":"xrp5auyz9w25d9x"},"id":"wn0jikfb55r0tu1","previousOperationId":"o2b6tfi2kudjxwr"}
{"type":"log","timestamp":1774151594739,"level":"debug","message":"Base url not specified, skipping its injection.","meta":{"rootId":"xrp5auyz9w25d9x","id":"xrp5auyz9w25d9x"},"id":"d8ppux5ogg5p66x","previousOperationId":"o2b6tfi2kudjxwr"}
{"type":"operationStart","subtype":"engine","name":"handlebars","timestamp":1774151594754,"id":"tmbtx1hzaathpam","previousEventId":"thnwd4cn2asom9z","operationId":"xv0s3e6pw4vmk2x","previousOperationId":"o2b6tfi2kudjxwr"}
{"type":"log","timestamp":1774151594754,"level":"debug","message":"Rendering engine handlebars","meta":{"rootId":"xrp5auyz9w25d9x","id":"xrp5auyz9w25d9x"},"id":"k6aje537qjsvib3","previousOperationId":"xv0s3e6pw4vmk2x"}
{"type":"operationEnd","operationId":"xv0s3e6pw4vmk2x","timestamp":1774151594837,"id":"1wale5l44fmn7aa","previousEventId":"tmbtx1hzaathpam","previousOperationId":"xv0s3e6pw4vmk2x"}
{"type":"operationStart","subtype":"recipe","name":"chrome-pdf","timestamp":1774151594838,"id":"asfdnlgmoat0asm","previousEventId":"1wale5l44fmn7aa","operationId":"v913s9wli4mnmmm","previousOperationId":"xv0s3e6pw4vmk2x"}
{"type":"log","timestamp":1774151594838,"level":"debug","message":"Executing recipe chrome-pdf","meta":{"rootId":"xrp5auyz9w25d9x","id":"xrp5auyz9w25d9x"},"id":"mq6gi280xg2j2vy","previousOperationId":"v913s9wli4mnmmm"}
{"type":"log","timestamp":1774151594876,"level":"debug","message":"Converting with chrome Chrome/144.0.7559.109 using chrome-pool strategy","meta":{"rootId":"xrp5auyz9w25d9x","id":"xrp5auyz9w25d9x"},"id":"yme0qccy6xsysfo","previousOperationId":"v913s9wli4mnmmm"}
{"type":"log","timestamp":1774151595144,"level":"debug","message":"Page request: GET (document) file:///tmp/jsreport/autocleanup/b6838c63-294e-4a07-81c8-9f743610ccb3-chrome-pdf.html","meta":{"rootId":"xrp5auyz9w25d9x","id":"xrp5auyz9w25d9x"},"id":"e3zdm914kdwbda6","previousOperationId":"v913s9wli4mnmmm"}
{"type":"log","timestamp":1774151595181,"level":"debug","message":"Page request finished: GET (document) 200 file:///tmp/jsreport/autocleanup/b6838c63-294e-4a07-81c8-9f743610ccb3-chrome-pdf.html","meta":{"rootId":"xrp5auyz9w25d9x","id":"xrp5auyz9w25d9x"},"id":"k5nzpc6dmp96xvc","previousOperationId":"v913s9wli4mnmmm"}
{"type":"log","timestamp":1774151595181,"level":"debug","message":"Page request: GET (image) https://paciolibucket.s3.us-east-2.amazonaws.com/orgs/c64b69f6759a43a1bc0ae31961876751/companies/logos/b6e6bbb3-4217-4336-88b7-161c9ce34ada_Applicorp%20Logo.png?X-Amz-Expires=600&X-Amz-Algorithm=AWS4-HMAC-SHA256&X-Amz-Credential=AKIAVYV5Z6T6UQ4ARWOC%2F20260322%2Fus-east-2%2Fs3%2Faws4_request&X-Amz-Date=20260322T035314Z&X-Amz-SignedHeaders=host&X-Amz-Signature=7788c4786b069b96f4ef88727a61591feff88aa750237ba0f106d7362bb06b76","meta":{"rootId":"xrp5auyz9w25d9x","id":"xrp5auyz9w25d9x"},"id":"x995rxvc5pfbqac","previousOperationId":"v913s9wli4mnmmm"}
{"type":"log","timestamp":1774151595643,"level":"debug","message":"Page request finished: GET (image) 200 https://paciolibucket.s3.us-east-2.amazonaws.com/orgs/c64b69f6759a43a1bc0ae31961876751/companies/logos/b6e6bbb3-4217-4336-88b7-161c9ce34ada_Applicorp%20Logo.png?X-Amz-Expires=600&X-Amz-Algorithm=AWS4-HMAC-SHA256&X-Amz-Credential=AKIAVYV5Z6T6UQ4ARWOC%2F20260322%2Fus-east-2%2Fs3%2Faws4_request&X-Amz-Date=20260322T035314Z&X-Amz-SignedHeaders=host&X-Amz-Signature=7788c4786b069b96f4ef88727a61591feff88aa750237ba0f106d7362bb06b76","meta":{"rootId":"xrp5auyz9w25d9x","id":"xrp5auyz9w25d9x"},"id":"28oiwsypmxh2q8p","previousOperationId":"v913s9wli4mnmmm"}
{"type":"log","timestamp":1774151595647,"level":"debug","message":"Running chrome with params {\"printBackground\":true,\"timeout\":59747,\"margin\":{}}","meta":{"rootId":"xrp5auyz9w25d9x","id":"xrp5auyz9w25d9x"},"id":"pqpg467j3uj1h7y","previousOperationId":"v913s9wli4mnmmm"}
{"type":"operationEnd","operationId":"v913s9wli4mnmmm","timestamp":1774151595782,"id":"mp0lyzu8vpsl1c7","previousEventId":"asfdnlgmoat0asm","previousOperationId":"v913s9wli4mnmmm"}
{"type":"log","timestamp":1774151595782,"level":"debug","message":"Skipping storing report.","meta":{"rootId":"xrp5auyz9w25d9x","id":"xrp5auyz9w25d9x"},"id":"cbs0d4ebvb21yk1","previousOperationId":"v913s9wli4mnmmm"}
{"type":"log","timestamp":1774151595782,"level":"info","message":"Rendering request 14 finished in 1189 ms","meta":{"rootId":"xrp5auyz9w25d9x","id":"xrp5auyz9w25d9x"},"id":"x6qxi0zfzde97yp","previousOperationId":"v913s9wli4mnmmm"}
{"type":"operationEnd","subtype":"render","operationId":"o2b6tfi2kudjxwr","timestamp":1774151595782,"id":"b4ex79op6zx4vzl","previousEventId":"mp0lyzu8vpsl1c7","previousOperationId":"v913s9wli4mnmmm"}
{"type":"operationEnd","doDiffs":false,"previousEventId":"cikgapy70cpgfgz","previousOperationId":"m96o0ze6fqdb9c3","operationId":"m96o0ze6fqdb9c3","timestamp":1774151595784,"id":"c7n7eb4ht483v9u"}
