{"type":"operationStart","subtype":"profile","data":{"_id":"Okaws7gk1TJrY1id","timestamp":"2026-02-17T04:49:26.207Z","state":"queued","mode":"standard","creationDate":"2026-02-17T04:49:26.254Z","modificationDate":"2026-02-17T04:49:26.254Z","shortid":"Py9KYXD","$entitySet":"profiles"},"doDiffs":false,"timestamp":1771303766225,"id":"qc5w8wjghni2ec4","previousOperationId":null,"operationId":"l46oz00b7rtwbit"}
{"type":"log","level":"info","message":"Render request 22 queued for execution and waiting for available worker","previousOperationId":"l46oz00b7rtwbit","timestamp":1771303766226,"id":"3hnzq6ieqzlfqar"}
{"type":"operationStart","subtype":"render","name":"general-ledger-v2","previousOperationId":"l46oz00b7rtwbit","timestamp":1771303766429,"id":"tctdhct0ebxvd5w","previousEventId":"qc5w8wjghni2ec4","operationId":"rtpde88nfj6ezyd"}
{"type":"log","timestamp":1771303766436,"level":"info","message":"Starting rendering request 22","meta":{"rootId":"yfktny4x5afqoco","id":"yfktny4x5afqoco"},"id":"hgznm7lzi810tdq","previousOperationId":"rtpde88nfj6ezyd"}
{"type":"log","timestamp":1771303766443,"level":"info","message":"Rendering template { name: general-ledger-v2, recipe: chrome-pdf, engine: handlebars, preview: false }","meta":{"rootId":"yfktny4x5afqoco","id":"yfktny4x5afqoco"},"id":"lvvdwmw8qg8lfhr","previousOperationId":"rtpde88nfj6ezyd"}
{"type":"log","timestamp":1771303766452,"level":"debug","message":"Inline data specified.","meta":{"rootId":"yfktny4x5afqoco","id":"yfktny4x5afqoco"},"id":"n0fgpnjsfnbjgh8","previousOperationId":"rtpde88nfj6ezyd"}
{"type":"log","timestamp":1771303766457,"level":"debug","message":"Base url not specified, skipping its injection.","meta":{"rootId":"yfktny4x5afqoco","id":"yfktny4x5afqoco"},"id":"xhbhdradxrrsrlx","previousOperationId":"rtpde88nfj6ezyd"}
{"type":"operationStart","subtype":"engine","name":"handlebars","timestamp":1771303766468,"id":"dujsaoufhsjq72m","previousEventId":"tctdhct0ebxvd5w","operationId":"ba0mj8od858oc3u","previousOperationId":"rtpde88nfj6ezyd"}
{"type":"log","timestamp":1771303766468,"level":"debug","message":"Rendering engine handlebars","meta":{"rootId":"yfktny4x5afqoco","id":"yfktny4x5afqoco"},"id":"tdi14or6t6dvhm9","previousOperationId":"ba0mj8od858oc3u"}
{"type":"operationEnd","operationId":"ba0mj8od858oc3u","timestamp":1771303766635,"id":"6yh9g61vtr0jpve","previousEventId":"dujsaoufhsjq72m","previousOperationId":"ba0mj8od858oc3u"}
{"type":"operationStart","subtype":"recipe","name":"chrome-pdf","timestamp":1771303766640,"id":"cwawt3ok1eysrf2","previousEventId":"6yh9g61vtr0jpve","operationId":"trvthudvvj9lso7","previousOperationId":"ba0mj8od858oc3u"}
{"type":"log","timestamp":1771303766642,"level":"debug","message":"Executing recipe chrome-pdf","meta":{"rootId":"yfktny4x5afqoco","id":"yfktny4x5afqoco"},"id":"jcx5qqpnkm48c1g","previousOperationId":"trvthudvvj9lso7"}
{"type":"log","timestamp":1771303766718,"level":"debug","message":"Converting with chrome Chrome/142.0.7444.175 using chrome-pool strategy","meta":{"rootId":"yfktny4x5afqoco","id":"yfktny4x5afqoco"},"id":"emj0tomirl3z8sj","previousOperationId":"trvthudvvj9lso7"}
{"type":"log","timestamp":1771303767349,"level":"debug","message":"Page request: GET (document) file:///tmp/jsreport/autocleanup/16796863-169d-4ba1-99c9-f306efe40e72-chrome-pdf.html","meta":{"rootId":"yfktny4x5afqoco","id":"yfktny4x5afqoco"},"id":"71h437ao5hkasqb","previousOperationId":"trvthudvvj9lso7"}
{"type":"log","timestamp":1771303767403,"level":"debug","message":"Page request finished: GET (document) 200 file:///tmp/jsreport/autocleanup/16796863-169d-4ba1-99c9-f306efe40e72-chrome-pdf.html","meta":{"rootId":"yfktny4x5afqoco","id":"yfktny4x5afqoco"},"id":"9pjzf1xqqlizyiu","previousOperationId":"trvthudvvj9lso7"}
{"type":"log","timestamp":1771303767404,"level":"debug","message":"Page request: GET (image) https://paciolibucket.s3.us-east-2.amazonaws.com/orgs/c64b69f6759a43a1bc0ae31961876751/companies/logos/e9767ff4-7186-447f-a397-208ea6bbfdb8_ninosfelices.png?X-Amz-Expires=600&X-Amz-Algorithm=AWS4-HMAC-SHA256&X-Amz-Credential=AKIAVYV5Z6T6UQ4ARWOC%2F20260217%2Fus-east-2%2Fs3%2Faws4_request&X-Amz-Date=20260217T044925Z&X-Amz-SignedHeaders=host&X-Amz-Signature=99051988bea1b6d18d1a75babb4a96e73f60b2ab9abbc13e2659ff606e1a8e1c","meta":{"rootId":"yfktny4x5afqoco","id":"yfktny4x5afqoco"},"id":"po24veljrthclng","previousOperationId":"trvthudvvj9lso7"}
{"type":"log","timestamp":1771303768218,"level":"debug","message":"Page request finished: GET (image) 200 https://paciolibucket.s3.us-east-2.amazonaws.com/orgs/c64b69f6759a43a1bc0ae31961876751/companies/logos/e9767ff4-7186-447f-a397-208ea6bbfdb8_ninosfelices.png?X-Amz-Expires=600&X-Amz-Algorithm=AWS4-HMAC-SHA256&X-Amz-Credential=AKIAVYV5Z6T6UQ4ARWOC%2F20260217%2Fus-east-2%2Fs3%2Faws4_request&X-Amz-Date=20260217T044925Z&X-Amz-SignedHeaders=host&X-Amz-Signature=99051988bea1b6d18d1a75babb4a96e73f60b2ab9abbc13e2659ff606e1a8e1c","meta":{"rootId":"yfktny4x5afqoco","id":"yfktny4x5afqoco"},"id":"63m60mqpjef0yzx","previousOperationId":"trvthudvvj9lso7"}
{"type":"log","timestamp":1771303768224,"level":"debug","message":"Running chrome with params {\"printBackground\":true,\"timeout\":59524,\"margin\":{}}","meta":{"rootId":"yfktny4x5afqoco","id":"yfktny4x5afqoco"},"id":"447qjkqejum08mt","previousOperationId":"trvthudvvj9lso7"}
{"type":"operationEnd","operationId":"trvthudvvj9lso7","timestamp":1771303768428,"id":"ilp9fkoc1qcoh07","previousEventId":"cwawt3ok1eysrf2","previousOperationId":"trvthudvvj9lso7"}
{"type":"log","timestamp":1771303768429,"level":"debug","message":"Skipping storing report.","meta":{"rootId":"yfktny4x5afqoco","id":"yfktny4x5afqoco"},"id":"u7a8ypzn93747dq","previousOperationId":"trvthudvvj9lso7"}
{"type":"log","timestamp":1771303768429,"level":"info","message":"Rendering request 22 finished in 2245 ms","meta":{"rootId":"yfktny4x5afqoco","id":"yfktny4x5afqoco"},"id":"ina5zew7uk71rz4","previousOperationId":"trvthudvvj9lso7"}
{"type":"operationEnd","subtype":"render","operationId":"rtpde88nfj6ezyd","timestamp":1771303768429,"id":"se30wl7neflie19","previousEventId":"ilp9fkoc1qcoh07","previousOperationId":"trvthudvvj9lso7"}
{"type":"operationEnd","doDiffs":false,"previousEventId":"qc5w8wjghni2ec4","previousOperationId":"l46oz00b7rtwbit","operationId":"l46oz00b7rtwbit","timestamp":1771303768435,"id":"w9211rbzywrl68m"}
