{"type":"operationStart","subtype":"profile","data":{"_id":"WNUEDB65ftVAUHxv","timestamp":"2026-02-17T20:48:04.322Z","state":"queued","mode":"standard","creationDate":"2026-02-17T20:48:04.328Z","modificationDate":"2026-02-17T20:48:04.328Z","shortid":"B84KY6f","$entitySet":"profiles"},"doDiffs":false,"timestamp":1771361284325,"id":"jdebgpv3tf8a8j4","previousOperationId":null,"operationId":"r6xbw52akzun10p"}
{"type":"log","level":"info","message":"Render request 24 queued for execution and waiting for available worker","previousOperationId":"r6xbw52akzun10p","timestamp":1771361284325,"id":"df2qr9a2une5czb"}
{"type":"operationStart","subtype":"render","name":"general-ledger-v2","previousOperationId":"r6xbw52akzun10p","timestamp":1771361284440,"id":"v7hat8o02xq28ly","previousEventId":"jdebgpv3tf8a8j4","operationId":"bmgjtz0vfwpliy1"}
{"type":"log","timestamp":1771361284443,"level":"info","message":"Starting rendering request 24","meta":{"rootId":"yplgw85atwm2rb0","id":"yplgw85atwm2rb0"},"id":"luhnbqjc70xr53f","previousOperationId":"bmgjtz0vfwpliy1"}
{"type":"log","timestamp":1771361284448,"level":"info","message":"Rendering template { name: general-ledger-v2, recipe: chrome-pdf, engine: handlebars, preview: false }","meta":{"rootId":"yplgw85atwm2rb0","id":"yplgw85atwm2rb0"},"id":"0xi2obxkrgmgyxy","previousOperationId":"bmgjtz0vfwpliy1"}
{"type":"log","timestamp":1771361284459,"level":"debug","message":"Inline data specified.","meta":{"rootId":"yplgw85atwm2rb0","id":"yplgw85atwm2rb0"},"id":"x3dal4cid6g4sjl","previousOperationId":"bmgjtz0vfwpliy1"}
{"type":"log","timestamp":1771361284473,"level":"debug","message":"Base url not specified, skipping its injection.","meta":{"rootId":"yplgw85atwm2rb0","id":"yplgw85atwm2rb0"},"id":"wd7bti97hj8bakr","previousOperationId":"bmgjtz0vfwpliy1"}
{"type":"operationStart","subtype":"engine","name":"handlebars","timestamp":1771361284482,"id":"nbwbgfkinrdykqp","previousEventId":"v7hat8o02xq28ly","operationId":"klrdjv7dp7hfb44","previousOperationId":"bmgjtz0vfwpliy1"}
{"type":"log","timestamp":1771361284482,"level":"debug","message":"Rendering engine handlebars","meta":{"rootId":"yplgw85atwm2rb0","id":"yplgw85atwm2rb0"},"id":"tkw20othlboezjw","previousOperationId":"klrdjv7dp7hfb44"}
{"type":"operationEnd","operationId":"klrdjv7dp7hfb44","timestamp":1771361284557,"id":"r5dgp9bwbo2paam","previousEventId":"nbwbgfkinrdykqp","previousOperationId":"klrdjv7dp7hfb44"}
{"type":"operationStart","subtype":"recipe","name":"chrome-pdf","timestamp":1771361284559,"id":"ow1e2l67adbsx3a","previousEventId":"r5dgp9bwbo2paam","operationId":"2df58ui4wihkxpb","previousOperationId":"klrdjv7dp7hfb44"}
{"type":"log","timestamp":1771361284559,"level":"debug","message":"Executing recipe chrome-pdf","meta":{"rootId":"yplgw85atwm2rb0","id":"yplgw85atwm2rb0"},"id":"l6ez1mhmta8hgy2","previousOperationId":"2df58ui4wihkxpb"}
{"type":"log","timestamp":1771361284582,"level":"debug","message":"Converting with chrome Chrome/142.0.7444.175 using chrome-pool strategy","meta":{"rootId":"yplgw85atwm2rb0","id":"yplgw85atwm2rb0"},"id":"226onid6g62rzq1","previousOperationId":"2df58ui4wihkxpb"}
{"type":"log","timestamp":1771361284834,"level":"debug","message":"Page request: GET (document) file:///tmp/jsreport/autocleanup/ead486cd-8086-4bf0-82de-52345f498289-chrome-pdf.html","meta":{"rootId":"yplgw85atwm2rb0","id":"yplgw85atwm2rb0"},"id":"59fnyfxcu7yf8ch","previousOperationId":"2df58ui4wihkxpb"}
{"type":"log","timestamp":1771361284868,"level":"debug","message":"Page request finished: GET (document) 200 file:///tmp/jsreport/autocleanup/ead486cd-8086-4bf0-82de-52345f498289-chrome-pdf.html","meta":{"rootId":"yplgw85atwm2rb0","id":"yplgw85atwm2rb0"},"id":"0de885ejl4ia0p3","previousOperationId":"2df58ui4wihkxpb"}
{"type":"log","timestamp":1771361284869,"level":"debug","message":"Page request: GET (image) https://paciolibucket.s3.us-east-2.amazonaws.com/orgs/c64b69f6759a43a1bc0ae31961876751/companies/logos/e9767ff4-7186-447f-a397-208ea6bbfdb8_ninosfelices.png?X-Amz-Expires=600&X-Amz-Algorithm=AWS4-HMAC-SHA256&X-Amz-Credential=AKIAVYV5Z6T6UQ4ARWOC%2F20260217%2Fus-east-2%2Fs3%2Faws4_request&X-Amz-Date=20260217T204804Z&X-Amz-SignedHeaders=host&X-Amz-Signature=59fa13878e9c76b97385ea4ca49be072bc05424a676d87c77fcaad994a47608f","meta":{"rootId":"yplgw85atwm2rb0","id":"yplgw85atwm2rb0"},"id":"57d948a0bqx87qu","previousOperationId":"2df58ui4wihkxpb"}
{"type":"log","timestamp":1771361285412,"level":"debug","message":"Page request finished: GET (image) 200 https://paciolibucket.s3.us-east-2.amazonaws.com/orgs/c64b69f6759a43a1bc0ae31961876751/companies/logos/e9767ff4-7186-447f-a397-208ea6bbfdb8_ninosfelices.png?X-Amz-Expires=600&X-Amz-Algorithm=AWS4-HMAC-SHA256&X-Amz-Credential=AKIAVYV5Z6T6UQ4ARWOC%2F20260217%2Fus-east-2%2Fs3%2Faws4_request&X-Amz-Date=20260217T204804Z&X-Amz-SignedHeaders=host&X-Amz-Signature=59fa13878e9c76b97385ea4ca49be072bc05424a676d87c77fcaad994a47608f","meta":{"rootId":"yplgw85atwm2rb0","id":"yplgw85atwm2rb0"},"id":"m52o9fpwfumds7g","previousOperationId":"2df58ui4wihkxpb"}
{"type":"log","timestamp":1771361285415,"level":"debug","message":"Running chrome with params {\"printBackground\":true,\"timeout\":59752,\"margin\":{}}","meta":{"rootId":"yplgw85atwm2rb0","id":"yplgw85atwm2rb0"},"id":"dg4a7p1z4ht9ljy","previousOperationId":"2df58ui4wihkxpb"}
{"type":"operationEnd","operationId":"2df58ui4wihkxpb","timestamp":1771361285525,"id":"xswivvzfxahtclm","previousEventId":"ow1e2l67adbsx3a","previousOperationId":"2df58ui4wihkxpb"}
{"type":"log","timestamp":1771361285525,"level":"debug","message":"Skipping storing report.","meta":{"rootId":"yplgw85atwm2rb0","id":"yplgw85atwm2rb0"},"id":"80avu708dr1tvh1","previousOperationId":"2df58ui4wihkxpb"}
{"type":"log","timestamp":1771361285525,"level":"info","message":"Rendering request 24 finished in 1207 ms","meta":{"rootId":"yplgw85atwm2rb0","id":"yplgw85atwm2rb0"},"id":"na4yu11n8kiz8rs","previousOperationId":"2df58ui4wihkxpb"}
{"type":"operationEnd","subtype":"render","operationId":"bmgjtz0vfwpliy1","timestamp":1771361285526,"id":"4qtuh7abzb55ns0","previousEventId":"xswivvzfxahtclm","previousOperationId":"2df58ui4wihkxpb"}
{"type":"operationEnd","doDiffs":false,"previousEventId":"jdebgpv3tf8a8j4","previousOperationId":"r6xbw52akzun10p","operationId":"r6xbw52akzun10p","timestamp":1771361285527,"id":"so5k7s3gciyi522"}
