{"type":"operationStart","subtype":"profile","data":{"_id":"4RVUd2pjXffh2Hyf","timestamp":"2026-01-22T01:49:17.662Z","state":"queued","mode":"standard","creationDate":"2026-01-22T01:49:17.691Z","modificationDate":"2026-01-22T01:49:17.691Z","shortid":"MJUr2k1","$entitySet":"profiles"},"doDiffs":false,"timestamp":1769046557670,"id":"kal7o6g7915on1l","previousOperationId":null,"operationId":"aakw06wi24k6jzk"}
{"type":"log","level":"info","message":"Render request 46 queued for execution and waiting for available worker","previousOperationId":"aakw06wi24k6jzk","timestamp":1769046557677,"id":"m92jifmts14d5av"}
{"type":"operationStart","subtype":"render","name":"journal-entry-v1","previousOperationId":"aakw06wi24k6jzk","timestamp":1769046557821,"id":"isbvulhz32evii5","previousEventId":"kal7o6g7915on1l","operationId":"rflrajqxrvmy816"}
{"type":"log","timestamp":1769046557826,"level":"info","message":"Starting rendering request 46","meta":{"rootId":"010otxqyyqvifbd","id":"010otxqyyqvifbd"},"id":"218177vtxbz7pzx","previousOperationId":"rflrajqxrvmy816"}
{"type":"log","timestamp":1769046557833,"level":"info","message":"Rendering template { name: journal-entry-v1, recipe: chrome-pdf, engine: handlebars, preview: true }","meta":{"rootId":"010otxqyyqvifbd","id":"010otxqyyqvifbd"},"id":"sf1e9lggoo3dfph","previousOperationId":"rflrajqxrvmy816"}
{"type":"log","timestamp":1769046557843,"level":"debug","message":"Inline data specified.","meta":{"rootId":"010otxqyyqvifbd","id":"010otxqyyqvifbd"},"id":"a9c60xoy383qxbl","previousOperationId":"rflrajqxrvmy816"}
{"type":"log","timestamp":1769046557850,"level":"debug","message":"Base url not specified, skipping its injection.","meta":{"rootId":"010otxqyyqvifbd","id":"010otxqyyqvifbd"},"id":"fcpzz7o0jldquxh","previousOperationId":"rflrajqxrvmy816"}
{"type":"operationStart","subtype":"engine","name":"handlebars","timestamp":1769046557863,"id":"8inn16ome8ysq49","previousEventId":"isbvulhz32evii5","operationId":"pg5gefhczoxcg49","previousOperationId":"rflrajqxrvmy816"}
{"type":"log","timestamp":1769046557863,"level":"debug","message":"Rendering engine handlebars","meta":{"rootId":"010otxqyyqvifbd","id":"010otxqyyqvifbd"},"id":"g1rdu63ia7ul67c","previousOperationId":"pg5gefhczoxcg49"}
{"type":"operationEnd","operationId":"pg5gefhczoxcg49","timestamp":1769046557995,"id":"rqcask9b43lxw2h","previousEventId":"8inn16ome8ysq49","previousOperationId":"pg5gefhczoxcg49"}
{"type":"operationStart","subtype":"recipe","name":"chrome-pdf","timestamp":1769046558001,"id":"yxofay1n60c1wlz","previousEventId":"rqcask9b43lxw2h","operationId":"zaedomyfm53465d","previousOperationId":"pg5gefhczoxcg49"}
{"type":"log","timestamp":1769046558001,"level":"debug","message":"Executing recipe chrome-pdf","meta":{"rootId":"010otxqyyqvifbd","id":"010otxqyyqvifbd"},"id":"wq2fe6uu6a5vaf2","previousOperationId":"zaedomyfm53465d"}
{"type":"log","timestamp":1769046558048,"level":"debug","message":"Converting with chrome Chrome/142.0.7444.175 using chrome-pool strategy","meta":{"rootId":"010otxqyyqvifbd","id":"010otxqyyqvifbd"},"id":"fd27keu8gxi5267","previousOperationId":"zaedomyfm53465d"}
{"type":"log","timestamp":1769046558544,"level":"debug","message":"Page request: GET (document) file:///tmp/jsreport/autocleanup/3027277d-6d24-465b-81e5-a932b8dc2dab-chrome-pdf.html","meta":{"rootId":"010otxqyyqvifbd","id":"010otxqyyqvifbd"},"id":"mgypjitajgnqi5m","previousOperationId":"zaedomyfm53465d"}
{"type":"log","timestamp":1769046558593,"level":"debug","message":"Page request finished: GET (document) 200 file:///tmp/jsreport/autocleanup/3027277d-6d24-465b-81e5-a932b8dc2dab-chrome-pdf.html","meta":{"rootId":"010otxqyyqvifbd","id":"010otxqyyqvifbd"},"id":"okeuob3rxle8eku","previousOperationId":"zaedomyfm53465d"}
{"type":"log","timestamp":1769046558678,"level":"debug","message":"Running chrome with params {\"printBackground\":true,\"timeout\":59637,\"margin\":{}}","meta":{"rootId":"010otxqyyqvifbd","id":"010otxqyyqvifbd"},"id":"d7wqn2pmqbqtaw2","previousOperationId":"zaedomyfm53465d"}
{"type":"operationEnd","operationId":"zaedomyfm53465d","timestamp":1769046558817,"id":"d2ofiepbb5ctyal","previousEventId":"yxofay1n60c1wlz","previousOperationId":"zaedomyfm53465d"}
{"type":"log","timestamp":1769046558818,"level":"debug","message":"Skipping storing report.","meta":{"rootId":"010otxqyyqvifbd","id":"010otxqyyqvifbd"},"id":"tppw5twx2r80v5n","previousOperationId":"zaedomyfm53465d"}
{"type":"log","timestamp":1769046558818,"level":"info","message":"Rendering request 46 finished in 1167 ms","meta":{"rootId":"010otxqyyqvifbd","id":"010otxqyyqvifbd"},"id":"07ukgcw76ggdhzb","previousOperationId":"zaedomyfm53465d"}
{"type":"operationEnd","subtype":"render","operationId":"rflrajqxrvmy816","timestamp":1769046558818,"id":"taab8btdhwhtitn","previousEventId":"d2ofiepbb5ctyal","previousOperationId":"zaedomyfm53465d"}
{"type":"operationEnd","doDiffs":false,"previousEventId":"kal7o6g7915on1l","previousOperationId":"aakw06wi24k6jzk","operationId":"aakw06wi24k6jzk","timestamp":1769046558822,"id":"rkwkc44kmqda0gv"}
