{"type":"operationStart","subtype":"profile","data":{"_id":"mYQ9a3xaIpxaPFMk","timestamp":"2026-01-16T04:20:54.777Z","state":"running","mode":"standard","creationDate":"2026-01-16T04:20:54.781Z","modificationDate":"2026-01-16T04:20:54.781Z","shortid":"wYHndxv","$entitySet":"profiles","timeout":60000,"templateShortid":"kYiLmEiiNm"},"doDiffs":false,"timestamp":1768537254779,"id":"8bybhtrwaj6ok8p","previousOperationId":null,"operationId":"gx16o6rdwz7l76b"}
{"type":"log","level":"info","message":"Render request 3 queued for execution and waiting for available worker","previousOperationId":"gx16o6rdwz7l76b","timestamp":1768537254780,"id":"191q6e97euni7gu"}
{"type":"operationStart","subtype":"render","name":"journal-entry-v1","previousOperationId":"gx16o6rdwz7l76b","timestamp":1768537254844,"id":"on93ugi27yydzaw","previousEventId":"8bybhtrwaj6ok8p","operationId":"x8kh53kx3hkhrer"}
{"type":"log","timestamp":1768537254850,"level":"info","message":"Starting rendering request 3","meta":{"rootId":"11nb8152pvlrjuy","id":"11nb8152pvlrjuy"},"id":"vf5e5o9vsglutp9","previousOperationId":"x8kh53kx3hkhrer"}
{"type":"log","timestamp":1768537254859,"level":"info","message":"Rendering template { name: journal-entry-v1, recipe: chrome-pdf, engine: handlebars, preview: false }","meta":{"rootId":"11nb8152pvlrjuy","id":"11nb8152pvlrjuy"},"id":"vyhzhng34l4dvun","previousOperationId":"x8kh53kx3hkhrer"}
{"type":"log","timestamp":1768537254869,"level":"debug","message":"Adding sample data 1aIVzc9G4","meta":{"rootId":"11nb8152pvlrjuy","id":"11nb8152pvlrjuy"},"id":"55qbekzg90kle1s","previousOperationId":"x8kh53kx3hkhrer"}
{"type":"log","timestamp":1768537254879,"level":"debug","message":"Base url not specified, skipping its injection.","meta":{"rootId":"11nb8152pvlrjuy","id":"11nb8152pvlrjuy"},"id":"nkdy8dcq1yv62l6","previousOperationId":"x8kh53kx3hkhrer"}
{"type":"operationStart","subtype":"engine","name":"handlebars","timestamp":1768537254885,"id":"5mzpjvqjk90vrdf","previousEventId":"on93ugi27yydzaw","operationId":"w9cu5m0e7ioag5o","previousOperationId":"x8kh53kx3hkhrer"}
{"type":"log","timestamp":1768537254885,"level":"debug","message":"Rendering engine handlebars","meta":{"rootId":"11nb8152pvlrjuy","id":"11nb8152pvlrjuy"},"id":"bk57ju940i7ozun","previousOperationId":"w9cu5m0e7ioag5o"}
{"type":"operationEnd","operationId":"w9cu5m0e7ioag5o","timestamp":1768537254955,"id":"nv4buwnrfx6htj4","previousEventId":"5mzpjvqjk90vrdf","previousOperationId":"w9cu5m0e7ioag5o"}
{"type":"operationStart","subtype":"recipe","name":"chrome-pdf","timestamp":1768537254955,"id":"sartu2d879j5zs2","previousEventId":"nv4buwnrfx6htj4","operationId":"54rzulqml2kcg57","previousOperationId":"w9cu5m0e7ioag5o"}
{"type":"log","timestamp":1768537254955,"level":"debug","message":"Executing recipe chrome-pdf","meta":{"rootId":"11nb8152pvlrjuy","id":"11nb8152pvlrjuy"},"id":"0ch11c9jkzbajat","previousOperationId":"54rzulqml2kcg57"}
{"type":"log","timestamp":1768537254981,"level":"debug","message":"Converting with chrome Chrome/142.0.7444.175 using chrome-pool strategy","meta":{"rootId":"11nb8152pvlrjuy","id":"11nb8152pvlrjuy"},"id":"7kfq66eez4v8o1u","previousOperationId":"54rzulqml2kcg57"}
{"type":"log","timestamp":1768537255228,"level":"debug","message":"Page request: GET (document) file:///tmp/jsreport/autocleanup/9ebcc204-bf76-4efc-8127-5d858fac9b26-chrome-pdf.html","meta":{"rootId":"11nb8152pvlrjuy","id":"11nb8152pvlrjuy"},"id":"2lq375z7mbcfwib","previousOperationId":"54rzulqml2kcg57"}
{"type":"log","timestamp":1768537255250,"level":"debug","message":"Page request finished: GET (document) 200 file:///tmp/jsreport/autocleanup/9ebcc204-bf76-4efc-8127-5d858fac9b26-chrome-pdf.html","meta":{"rootId":"11nb8152pvlrjuy","id":"11nb8152pvlrjuy"},"id":"1045w4ptilmgdx5","previousOperationId":"54rzulqml2kcg57"}
{"type":"log","timestamp":1768537255255,"level":"warn","message":"Page request failed: GET (stylesheet) file:///tmp/jsreport/autocleanup/styles.css, failure: net::ERR_ACCESS_DENIED","meta":{"rootId":"11nb8152pvlrjuy","id":"11nb8152pvlrjuy"},"id":"mnlyd5mj3kpo0jy","previousOperationId":"54rzulqml2kcg57"}
{"type":"log","timestamp":1768537255255,"level":"debug","message":"(console:error) Failed to load resource: net::ERR_ACCESS_DENIED","meta":{"userLevel":true,"rootId":"11nb8152pvlrjuy","id":"11nb8152pvlrjuy"},"id":"iyxpqw8u10cyal5","previousOperationId":"54rzulqml2kcg57"}
{"type":"log","timestamp":1768537255266,"level":"debug","message":"Running chrome with params {\"printBackground\":true,\"timeout\":59810,\"margin\":{}}","meta":{"rootId":"11nb8152pvlrjuy","id":"11nb8152pvlrjuy"},"id":"k8kh7flphfi8feh","previousOperationId":"54rzulqml2kcg57"}
{"type":"operationEnd","operationId":"54rzulqml2kcg57","timestamp":1768537255315,"id":"fk64wor4413uo8k","previousEventId":"sartu2d879j5zs2","previousOperationId":"54rzulqml2kcg57"}
{"type":"log","timestamp":1768537255315,"level":"debug","message":"Skipping storing report.","meta":{"rootId":"11nb8152pvlrjuy","id":"11nb8152pvlrjuy"},"id":"dv949sqfev8frwk","previousOperationId":"54rzulqml2kcg57"}
{"type":"log","timestamp":1768537255315,"level":"info","message":"Rendering request 3 finished in 544 ms","meta":{"rootId":"11nb8152pvlrjuy","id":"11nb8152pvlrjuy"},"id":"ogvuu71ssr32qr8","previousOperationId":"54rzulqml2kcg57"}
{"type":"operationEnd","subtype":"render","operationId":"x8kh53kx3hkhrer","timestamp":1768537255315,"id":"qfqtu51jxopi7j0","previousEventId":"fk64wor4413uo8k","previousOperationId":"54rzulqml2kcg57"}
{"type":"operationEnd","doDiffs":false,"previousEventId":"8bybhtrwaj6ok8p","previousOperationId":"gx16o6rdwz7l76b","operationId":"gx16o6rdwz7l76b","timestamp":1768537255316,"id":"biee4bcolfaflsh"}
