{"type":"operationStart","subtype":"profile","data":{"_id":"6wsvu9bcIKZ5I16h","timestamp":"2026-01-21T02:13:39.086Z","state":"queued","mode":"standard","creationDate":"2026-01-21T02:13:39.087Z","modificationDate":"2026-01-21T02:13:39.087Z","shortid":"UF6pCRk","$entitySet":"profiles"},"doDiffs":false,"timestamp":1768961619087,"id":"qg2wbyv5w5qf86f","previousOperationId":null,"operationId":"vki0k7w5v86sq0z"}
{"type":"log","level":"info","message":"Render request 3 queued for execution and waiting for available worker","previousOperationId":"vki0k7w5v86sq0z","timestamp":1768961619087,"id":"9y2o0jg8e65vz90"}
{"type":"operationStart","subtype":"render","name":"journal-entry-v1","previousOperationId":"vki0k7w5v86sq0z","timestamp":1768961619144,"id":"xot7tukyfznrz3h","previousEventId":"qg2wbyv5w5qf86f","operationId":"z8mhq8u9jdmwxho"}
{"type":"log","timestamp":1768961619145,"level":"info","message":"Starting rendering request 3","meta":{"rootId":"12lyoji8ggbwyez","id":"12lyoji8ggbwyez"},"id":"3g7tb5mggkbm6ar","previousOperationId":"z8mhq8u9jdmwxho"}
{"type":"log","timestamp":1768961619147,"level":"info","message":"Rendering template { name: journal-entry-v1, recipe: chrome-pdf, engine: handlebars, preview: false }","meta":{"rootId":"12lyoji8ggbwyez","id":"12lyoji8ggbwyez"},"id":"68fi4fqek3kw160","previousOperationId":"z8mhq8u9jdmwxho"}
{"type":"log","timestamp":1768961619154,"level":"debug","message":"Inline data specified.","meta":{"rootId":"12lyoji8ggbwyez","id":"12lyoji8ggbwyez"},"id":"ysr4wqdx8ecttkp","previousOperationId":"z8mhq8u9jdmwxho"}
{"type":"log","timestamp":1768961619159,"level":"debug","message":"Base url not specified, skipping its injection.","meta":{"rootId":"12lyoji8ggbwyez","id":"12lyoji8ggbwyez"},"id":"nnizl2tlo0yygzx","previousOperationId":"z8mhq8u9jdmwxho"}
{"type":"operationStart","subtype":"engine","name":"handlebars","timestamp":1768961619160,"id":"nffb1xd2arh1z1k","previousEventId":"xot7tukyfznrz3h","operationId":"pevebnpds8uubn6","previousOperationId":"z8mhq8u9jdmwxho"}
{"type":"log","timestamp":1768961619160,"level":"debug","message":"Rendering engine handlebars","meta":{"rootId":"12lyoji8ggbwyez","id":"12lyoji8ggbwyez"},"id":"ws4pbqw4ddqfsib","previousOperationId":"pevebnpds8uubn6"}
{"type":"operationEnd","operationId":"pevebnpds8uubn6","timestamp":1768961619199,"id":"tlhlsd3lwbsl4s0","previousEventId":"nffb1xd2arh1z1k","previousOperationId":"pevebnpds8uubn6"}
{"type":"operationStart","subtype":"recipe","name":"chrome-pdf","timestamp":1768961619200,"id":"nb5p99gqux8qb8e","previousEventId":"tlhlsd3lwbsl4s0","operationId":"fu1w217fwcmt5ez","previousOperationId":"pevebnpds8uubn6"}
{"type":"log","timestamp":1768961619200,"level":"debug","message":"Executing recipe chrome-pdf","meta":{"rootId":"12lyoji8ggbwyez","id":"12lyoji8ggbwyez"},"id":"az1wpdg4zqe51f9","previousOperationId":"fu1w217fwcmt5ez"}
{"type":"log","timestamp":1768961619210,"level":"debug","message":"Converting with chrome Chrome/142.0.7444.175 using chrome-pool strategy","meta":{"rootId":"12lyoji8ggbwyez","id":"12lyoji8ggbwyez"},"id":"zjb9qtil13rwuz9","previousOperationId":"fu1w217fwcmt5ez"}
{"type":"log","timestamp":1768961619288,"level":"debug","message":"Page request: GET (document) file:///tmp/jsreport/autocleanup/0a322a94-152a-4719-a4ee-38ea66c1e3ad-chrome-pdf.html","meta":{"rootId":"12lyoji8ggbwyez","id":"12lyoji8ggbwyez"},"id":"cym4v32wbu0eqm6","previousOperationId":"fu1w217fwcmt5ez"}
{"type":"log","timestamp":1768961619300,"level":"debug","message":"Page request finished: GET (document) 200 file:///tmp/jsreport/autocleanup/0a322a94-152a-4719-a4ee-38ea66c1e3ad-chrome-pdf.html","meta":{"rootId":"12lyoji8ggbwyez","id":"12lyoji8ggbwyez"},"id":"hmzuobymfxybcel","previousOperationId":"fu1w217fwcmt5ez"}
{"type":"log","timestamp":1768961619304,"level":"warn","message":"Page request failed: GET (stylesheet) file:///tmp/jsreport/autocleanup/styles.css, failure: net::ERR_ACCESS_DENIED","meta":{"rootId":"12lyoji8ggbwyez","id":"12lyoji8ggbwyez"},"id":"mb1s1ebpo6cid0v","previousOperationId":"fu1w217fwcmt5ez"}
{"type":"log","timestamp":1768961619305,"level":"debug","message":"(console:error) Failed to load resource: net::ERR_ACCESS_DENIED","meta":{"userLevel":true,"rootId":"12lyoji8ggbwyez","id":"12lyoji8ggbwyez"},"id":"myfgmy4v5tzp7q0","previousOperationId":"fu1w217fwcmt5ez"}
{"type":"log","timestamp":1768961619313,"level":"debug","message":"Running chrome with params {\"printBackground\":true,\"timeout\":59880,\"margin\":{}}","meta":{"rootId":"12lyoji8ggbwyez","id":"12lyoji8ggbwyez"},"id":"56s2h8lp7hquccj","previousOperationId":"fu1w217fwcmt5ez"}
{"type":"operationEnd","operationId":"fu1w217fwcmt5ez","timestamp":1768961619346,"id":"tk42zmceg2hw9xj","previousEventId":"nb5p99gqux8qb8e","previousOperationId":"fu1w217fwcmt5ez"}
{"type":"log","timestamp":1768961619347,"level":"debug","message":"Skipping storing report.","meta":{"rootId":"12lyoji8ggbwyez","id":"12lyoji8ggbwyez"},"id":"u1569171iw27445","previousOperationId":"fu1w217fwcmt5ez"}
{"type":"log","timestamp":1768961619347,"level":"info","message":"Rendering request 3 finished in 263 ms","meta":{"rootId":"12lyoji8ggbwyez","id":"12lyoji8ggbwyez"},"id":"keq0qzsef9kem59","previousOperationId":"fu1w217fwcmt5ez"}
{"type":"operationEnd","subtype":"render","operationId":"z8mhq8u9jdmwxho","timestamp":1768961619347,"id":"5ipwq3neaa1pqfs","previousEventId":"tk42zmceg2hw9xj","previousOperationId":"fu1w217fwcmt5ez"}
{"type":"operationEnd","doDiffs":false,"previousEventId":"qg2wbyv5w5qf86f","previousOperationId":"vki0k7w5v86sq0z","operationId":"vki0k7w5v86sq0z","timestamp":1768961619348,"id":"5i3rel75omepzms"}
