{"type":"operationStart","subtype":"profile","data":{"_id":"iK9ctaZz2FKgT4St","timestamp":"2026-01-21T03:11:19.910Z","state":"queued","mode":"standard","creationDate":"2026-01-21T03:11:19.911Z","modificationDate":"2026-01-21T03:11:19.911Z","shortid":"-10kq0I","$entitySet":"profiles"},"doDiffs":false,"timestamp":1768965079911,"id":"wc76qi5azqketlg","previousOperationId":null,"operationId":"ngxh1htaxseoe9t"}
{"type":"log","level":"info","message":"Render request 18 queued for execution and waiting for available worker","previousOperationId":"ngxh1htaxseoe9t","timestamp":1768965079911,"id":"w3pivwd70itecav"}
{"type":"operationStart","subtype":"render","name":"journal-entry-v1","previousOperationId":"ngxh1htaxseoe9t","timestamp":1768965079953,"id":"r35kxfuyu7zlyrk","previousEventId":"wc76qi5azqketlg","operationId":"7ng4ddndicd4jl0"}
{"type":"log","timestamp":1768965079955,"level":"info","message":"Starting rendering request 18","meta":{"rootId":"1bzmt0o01h0caaf","id":"1bzmt0o01h0caaf"},"id":"m6inp045d7vewk1","previousOperationId":"7ng4ddndicd4jl0"}
{"type":"log","timestamp":1768965079956,"level":"info","message":"Rendering template { name: journal-entry-v1, recipe: chrome-pdf, engine: handlebars, preview: false }","meta":{"rootId":"1bzmt0o01h0caaf","id":"1bzmt0o01h0caaf"},"id":"nl4t3tr0r65gc3f","previousOperationId":"7ng4ddndicd4jl0"}
{"type":"log","timestamp":1768965079962,"level":"debug","message":"Inline data specified.","meta":{"rootId":"1bzmt0o01h0caaf","id":"1bzmt0o01h0caaf"},"id":"1byilj3hk7rq9nn","previousOperationId":"7ng4ddndicd4jl0"}
{"type":"log","timestamp":1768965079969,"level":"debug","message":"Base url not specified, skipping its injection.","meta":{"rootId":"1bzmt0o01h0caaf","id":"1bzmt0o01h0caaf"},"id":"colymemzt3kb0tg","previousOperationId":"7ng4ddndicd4jl0"}
{"type":"operationStart","subtype":"engine","name":"handlebars","timestamp":1768965079973,"id":"mlf540zq8ua0656","previousEventId":"r35kxfuyu7zlyrk","operationId":"z78bf1l0u3gat6h","previousOperationId":"7ng4ddndicd4jl0"}
{"type":"log","timestamp":1768965079973,"level":"debug","message":"Rendering engine handlebars","meta":{"rootId":"1bzmt0o01h0caaf","id":"1bzmt0o01h0caaf"},"id":"kxvbzfzbfzmlm6h","previousOperationId":"z78bf1l0u3gat6h"}
{"type":"operationEnd","operationId":"z78bf1l0u3gat6h","timestamp":1768965080009,"id":"shr8rr470gp7h6f","previousEventId":"mlf540zq8ua0656","previousOperationId":"z78bf1l0u3gat6h"}
{"type":"operationStart","subtype":"recipe","name":"chrome-pdf","timestamp":1768965080010,"id":"nkafozhwz73dhvq","previousEventId":"shr8rr470gp7h6f","operationId":"i2cvrx7inqmy0uq","previousOperationId":"z78bf1l0u3gat6h"}
{"type":"log","timestamp":1768965080010,"level":"debug","message":"Executing recipe chrome-pdf","meta":{"rootId":"1bzmt0o01h0caaf","id":"1bzmt0o01h0caaf"},"id":"5gbpwxufgnogq00","previousOperationId":"i2cvrx7inqmy0uq"}
{"type":"log","timestamp":1768965080025,"level":"debug","message":"Converting with chrome Chrome/142.0.7444.175 using chrome-pool strategy","meta":{"rootId":"1bzmt0o01h0caaf","id":"1bzmt0o01h0caaf"},"id":"48noac5ercpepki","previousOperationId":"i2cvrx7inqmy0uq"}
{"type":"log","timestamp":1768965080135,"level":"debug","message":"Page request: GET (document) file:///tmp/jsreport/autocleanup/b7f31eb2-8ce5-4483-887b-c554d56b0ca5-chrome-pdf.html","meta":{"rootId":"1bzmt0o01h0caaf","id":"1bzmt0o01h0caaf"},"id":"yrcpcns7c1g9zhl","previousOperationId":"i2cvrx7inqmy0uq"}
{"type":"log","timestamp":1768965080155,"level":"debug","message":"Page request finished: GET (document) 200 file:///tmp/jsreport/autocleanup/b7f31eb2-8ce5-4483-887b-c554d56b0ca5-chrome-pdf.html","meta":{"rootId":"1bzmt0o01h0caaf","id":"1bzmt0o01h0caaf"},"id":"rwh1v3rplpg7wqi","previousOperationId":"i2cvrx7inqmy0uq"}
{"type":"log","timestamp":1768965080159,"level":"warn","message":"Page request failed: GET (stylesheet) file:///tmp/jsreport/autocleanup/styles.css, failure: net::ERR_ACCESS_DENIED","meta":{"rootId":"1bzmt0o01h0caaf","id":"1bzmt0o01h0caaf"},"id":"ucc0oc0fu9iryw2","previousOperationId":"i2cvrx7inqmy0uq"}
{"type":"log","timestamp":1768965080161,"level":"debug","message":"(console:error) Failed to load resource: net::ERR_ACCESS_DENIED","meta":{"userLevel":true,"rootId":"1bzmt0o01h0caaf","id":"1bzmt0o01h0caaf"},"id":"l3ed010vroqhm2h","previousOperationId":"i2cvrx7inqmy0uq"}
{"type":"log","timestamp":1768965080174,"level":"debug","message":"Running chrome with params {\"printBackground\":true,\"timeout\":59894,\"margin\":{}}","meta":{"rootId":"1bzmt0o01h0caaf","id":"1bzmt0o01h0caaf"},"id":"z0wsrsyny1lmvb4","previousOperationId":"i2cvrx7inqmy0uq"}
{"type":"operationEnd","operationId":"i2cvrx7inqmy0uq","timestamp":1768965080265,"id":"ygf8cs109tx4k3c","previousEventId":"nkafozhwz73dhvq","previousOperationId":"i2cvrx7inqmy0uq"}
{"type":"log","timestamp":1768965080265,"level":"debug","message":"Skipping storing report.","meta":{"rootId":"1bzmt0o01h0caaf","id":"1bzmt0o01h0caaf"},"id":"230ulwo99ug53v3","previousOperationId":"i2cvrx7inqmy0uq"}
{"type":"log","timestamp":1768965080265,"level":"info","message":"Rendering request 18 finished in 355 ms","meta":{"rootId":"1bzmt0o01h0caaf","id":"1bzmt0o01h0caaf"},"id":"6p71a5lshnfq2dl","previousOperationId":"i2cvrx7inqmy0uq"}
{"type":"operationEnd","subtype":"render","operationId":"7ng4ddndicd4jl0","timestamp":1768965080265,"id":"m6brrwlzzdws0px","previousEventId":"ygf8cs109tx4k3c","previousOperationId":"i2cvrx7inqmy0uq"}
{"type":"operationEnd","doDiffs":false,"previousEventId":"wc76qi5azqketlg","previousOperationId":"ngxh1htaxseoe9t","operationId":"ngxh1htaxseoe9t","timestamp":1768965080266,"id":"77hh7mexb9p5jqw"}
