{"type":"operationStart","subtype":"profile","data":{"_id":"6gmc4upiGRPbWvuo","timestamp":"2026-02-03T01:03:35.078Z","state":"queued","mode":"standard","creationDate":"2026-02-03T01:03:35.088Z","modificationDate":"2026-02-03T01:03:35.088Z","shortid":"0_3Jnud","$entitySet":"profiles"},"doDiffs":false,"timestamp":1770080615081,"id":"kqbsykf0w30pwub","previousOperationId":null,"operationId":"anjdqhgvbzx9nmd"}
{"type":"log","level":"info","message":"Render request 3 queued for execution and waiting for available worker","previousOperationId":"anjdqhgvbzx9nmd","timestamp":1770080615082,"id":"lr52mfzsuth5fze"}
{"type":"operationStart","subtype":"render","name":"journal-entry-v1","previousOperationId":"anjdqhgvbzx9nmd","timestamp":1770080615160,"id":"nwmbcev5wl6g45j","previousEventId":"kqbsykf0w30pwub","operationId":"01jtmgprj6ymlcv"}
{"type":"log","timestamp":1770080615163,"level":"info","message":"Starting rendering request 3","meta":{"rootId":"1ibpu2u0qietq9y","id":"1ibpu2u0qietq9y"},"id":"oko0xnz6t1t0902","previousOperationId":"01jtmgprj6ymlcv"}
{"type":"log","timestamp":1770080615165,"level":"info","message":"Rendering template { name: journal-entry-v1, recipe: chrome-pdf, engine: handlebars, preview: false }","meta":{"rootId":"1ibpu2u0qietq9y","id":"1ibpu2u0qietq9y"},"id":"e589xjxhrbyksc5","previousOperationId":"01jtmgprj6ymlcv"}
{"type":"log","timestamp":1770080615168,"level":"debug","message":"Inline data specified.","meta":{"rootId":"1ibpu2u0qietq9y","id":"1ibpu2u0qietq9y"},"id":"jhea93zjitd69o8","previousOperationId":"01jtmgprj6ymlcv"}
{"type":"log","timestamp":1770080615175,"level":"debug","message":"Base url not specified, skipping its injection.","meta":{"rootId":"1ibpu2u0qietq9y","id":"1ibpu2u0qietq9y"},"id":"idnfc18t2ilrwzm","previousOperationId":"01jtmgprj6ymlcv"}
{"type":"operationStart","subtype":"engine","name":"handlebars","timestamp":1770080615180,"id":"kqraoqfq7r35mon","previousEventId":"nwmbcev5wl6g45j","operationId":"9zyrgg95t0zsglw","previousOperationId":"01jtmgprj6ymlcv"}
{"type":"log","timestamp":1770080615180,"level":"debug","message":"Rendering engine handlebars","meta":{"rootId":"1ibpu2u0qietq9y","id":"1ibpu2u0qietq9y"},"id":"veaob2wgac4ij5g","previousOperationId":"9zyrgg95t0zsglw"}
{"type":"operationEnd","operationId":"9zyrgg95t0zsglw","timestamp":1770080615305,"id":"oaebm1yvaje76co","previousEventId":"kqraoqfq7r35mon","previousOperationId":"9zyrgg95t0zsglw"}
{"type":"operationStart","subtype":"recipe","name":"chrome-pdf","timestamp":1770080615305,"id":"evb6kn2vngwlg99","previousEventId":"oaebm1yvaje76co","operationId":"t5jydz3y57gsuyg","previousOperationId":"9zyrgg95t0zsglw"}
{"type":"log","timestamp":1770080615305,"level":"debug","message":"Executing recipe chrome-pdf","meta":{"rootId":"1ibpu2u0qietq9y","id":"1ibpu2u0qietq9y"},"id":"s7ny1pxymp0z8fk","previousOperationId":"t5jydz3y57gsuyg"}
{"type":"log","timestamp":1770080615329,"level":"debug","message":"Converting with chrome Chrome/142.0.7444.175 using chrome-pool strategy","meta":{"rootId":"1ibpu2u0qietq9y","id":"1ibpu2u0qietq9y"},"id":"wc1df25fraj0o06","previousOperationId":"t5jydz3y57gsuyg"}
{"type":"log","timestamp":1770080615726,"level":"debug","message":"Page request: GET (document) file:///tmp/jsreport/autocleanup/a8244637-3390-485b-801a-46b9a88460c9-chrome-pdf.html","meta":{"rootId":"1ibpu2u0qietq9y","id":"1ibpu2u0qietq9y"},"id":"q7t2x8uol7m93ow","previousOperationId":"t5jydz3y57gsuyg"}
{"type":"log","timestamp":1770080615761,"level":"debug","message":"Page request finished: GET (document) 200 file:///tmp/jsreport/autocleanup/a8244637-3390-485b-801a-46b9a88460c9-chrome-pdf.html","meta":{"rootId":"1ibpu2u0qietq9y","id":"1ibpu2u0qietq9y"},"id":"2a315ujzbuyptuk","previousOperationId":"t5jydz3y57gsuyg"}
{"type":"log","timestamp":1770080615766,"level":"debug","message":"Page request: GET (image) https://paciolibucket.s3.us-east-2.amazonaws.com/orgs/c64b69f6759a43a1bc0ae31961876751/companies/logos/e9767ff4-7186-447f-a397-208ea6bbfdb8_ninosfelices.png?X-Amz-Expires=600&X-Amz-Algorithm=AWS4-HMAC-SHA256&X-Amz-Credential=AKIAVYV5Z6T6UQ4ARWOC%2F20260203%2Fus-east-2%2Fs3%2Faws4_request&X-Amz-Date=20260203T010334Z&X-Amz-SignedHeaders=host&X-Amz-Signature=9b378683fab6c29b87dee746e93c310246cde36d88978bbafc2f2c3753762bb0","meta":{"rootId":"1ibpu2u0qietq9y","id":"1ibpu2u0qietq9y"},"id":"9hagu62lk34e7qe","previousOperationId":"t5jydz3y57gsuyg"}
{"type":"log","timestamp":1770080616962,"level":"debug","message":"Page request finished: GET (image) 200 https://paciolibucket.s3.us-east-2.amazonaws.com/orgs/c64b69f6759a43a1bc0ae31961876751/companies/logos/e9767ff4-7186-447f-a397-208ea6bbfdb8_ninosfelices.png?X-Amz-Expires=600&X-Amz-Algorithm=AWS4-HMAC-SHA256&X-Amz-Credential=AKIAVYV5Z6T6UQ4ARWOC%2F20260203%2Fus-east-2%2Fs3%2Faws4_request&X-Amz-Date=20260203T010334Z&X-Amz-SignedHeaders=host&X-Amz-Signature=9b378683fab6c29b87dee746e93c310246cde36d88978bbafc2f2c3753762bb0","meta":{"rootId":"1ibpu2u0qietq9y","id":"1ibpu2u0qietq9y"},"id":"h52uju0r549hsuo","previousOperationId":"t5jydz3y57gsuyg"}
{"type":"log","timestamp":1770080616965,"level":"debug","message":"Running chrome with params {\"printBackground\":true,\"timeout\":59760,\"margin\":{}}","meta":{"rootId":"1ibpu2u0qietq9y","id":"1ibpu2u0qietq9y"},"id":"wdydmm9cmb0ohch","previousOperationId":"t5jydz3y57gsuyg"}
{"type":"operationEnd","operationId":"t5jydz3y57gsuyg","timestamp":1770080617057,"id":"s0yj4h5hxsikz1g","previousEventId":"evb6kn2vngwlg99","previousOperationId":"t5jydz3y57gsuyg"}
{"type":"log","timestamp":1770080617057,"level":"debug","message":"Skipping storing report.","meta":{"rootId":"1ibpu2u0qietq9y","id":"1ibpu2u0qietq9y"},"id":"ljf0ia9uz0b58l6","previousOperationId":"t5jydz3y57gsuyg"}
{"type":"log","timestamp":1770080617058,"level":"info","message":"Rendering request 3 finished in 1988 ms","meta":{"rootId":"1ibpu2u0qietq9y","id":"1ibpu2u0qietq9y"},"id":"olhuxrrpuun5e4h","previousOperationId":"t5jydz3y57gsuyg"}
{"type":"operationEnd","subtype":"render","operationId":"01jtmgprj6ymlcv","timestamp":1770080617058,"id":"z9onhr1hfjaly9z","previousEventId":"s0yj4h5hxsikz1g","previousOperationId":"t5jydz3y57gsuyg"}
{"type":"operationEnd","doDiffs":false,"previousEventId":"kqbsykf0w30pwub","previousOperationId":"anjdqhgvbzx9nmd","operationId":"anjdqhgvbzx9nmd","timestamp":1770080617060,"id":"3jmt60muxta4jai"}
