{"type":"operationStart","subtype":"profile","data":{"_id":"d7AGNYXWXG9K8Qs4","timestamp":"2026-01-22T03:41:50.487Z","state":"queued","mode":"standard","creationDate":"2026-01-22T03:41:50.516Z","modificationDate":"2026-01-22T03:41:50.516Z","shortid":"eUXKBQe","$entitySet":"profiles"},"doDiffs":false,"timestamp":1769053310492,"id":"9gyj8xeo5s64ruv","previousOperationId":null,"operationId":"w58q5vvjd7fy5j2"}
{"type":"log","level":"info","message":"Render request 95 queued for execution and waiting for available worker","previousOperationId":"w58q5vvjd7fy5j2","timestamp":1769053310493,"id":"1txfjdangn6ja3n"}
{"type":"operationStart","subtype":"render","name":"journal-entry-v1","previousOperationId":"w58q5vvjd7fy5j2","timestamp":1769053310619,"id":"493v1jrwekch6nc","previousEventId":"9gyj8xeo5s64ruv","operationId":"ujppxyy8a464gq7"}
{"type":"log","timestamp":1769053310625,"level":"info","message":"Starting rendering request 95","meta":{"rootId":"1nlzcm32aiymfsr","id":"1nlzcm32aiymfsr"},"id":"v930iqm5166rc4k","previousOperationId":"ujppxyy8a464gq7"}
{"type":"log","timestamp":1769053310630,"level":"info","message":"Rendering template { name: journal-entry-v1, recipe: chrome-pdf, engine: handlebars, preview: false }","meta":{"rootId":"1nlzcm32aiymfsr","id":"1nlzcm32aiymfsr"},"id":"bg3no5wuhdrwb1x","previousOperationId":"ujppxyy8a464gq7"}
{"type":"log","timestamp":1769053310646,"level":"debug","message":"Inline data specified.","meta":{"rootId":"1nlzcm32aiymfsr","id":"1nlzcm32aiymfsr"},"id":"rc3itc3xiqy1x7z","previousOperationId":"ujppxyy8a464gq7"}
{"type":"log","timestamp":1769053310658,"level":"debug","message":"Base url not specified, skipping its injection.","meta":{"rootId":"1nlzcm32aiymfsr","id":"1nlzcm32aiymfsr"},"id":"yrziofa3q7i5ev1","previousOperationId":"ujppxyy8a464gq7"}
{"type":"operationStart","subtype":"engine","name":"handlebars","timestamp":1769053310667,"id":"f3p12b93qxxzxls","previousEventId":"493v1jrwekch6nc","operationId":"ap5ub5zvdvw4b8i","previousOperationId":"ujppxyy8a464gq7"}
{"type":"log","timestamp":1769053310668,"level":"debug","message":"Rendering engine handlebars","meta":{"rootId":"1nlzcm32aiymfsr","id":"1nlzcm32aiymfsr"},"id":"lhy8qvjl6o8mtkn","previousOperationId":"ap5ub5zvdvw4b8i"}
{"type":"operationEnd","operationId":"ap5ub5zvdvw4b8i","timestamp":1769053310797,"id":"t8bvv9ivwp47vhl","previousEventId":"f3p12b93qxxzxls","previousOperationId":"ap5ub5zvdvw4b8i"}
{"type":"operationStart","subtype":"recipe","name":"chrome-pdf","timestamp":1769053310801,"id":"ixrc1uiet09ek51","previousEventId":"t8bvv9ivwp47vhl","operationId":"86lo5nhxhmnlnks","previousOperationId":"ap5ub5zvdvw4b8i"}
{"type":"log","timestamp":1769053310801,"level":"debug","message":"Executing recipe chrome-pdf","meta":{"rootId":"1nlzcm32aiymfsr","id":"1nlzcm32aiymfsr"},"id":"maqakjraqapofmb","previousOperationId":"86lo5nhxhmnlnks"}
{"type":"log","timestamp":1769053310854,"level":"debug","message":"Converting with chrome Chrome/142.0.7444.175 using chrome-pool strategy","meta":{"rootId":"1nlzcm32aiymfsr","id":"1nlzcm32aiymfsr"},"id":"7c5dpiftbqf09oo","previousOperationId":"86lo5nhxhmnlnks"}
{"type":"log","timestamp":1769053311238,"level":"debug","message":"Page request: GET (document) file:///tmp/jsreport/autocleanup/871ae223-ee4a-42bd-ac03-c8d5d7b92469-chrome-pdf.html","meta":{"rootId":"1nlzcm32aiymfsr","id":"1nlzcm32aiymfsr"},"id":"l8buaufagcaowv5","previousOperationId":"86lo5nhxhmnlnks"}
{"type":"log","timestamp":1769053311274,"level":"debug","message":"Page request finished: GET (document) 200 file:///tmp/jsreport/autocleanup/871ae223-ee4a-42bd-ac03-c8d5d7b92469-chrome-pdf.html","meta":{"rootId":"1nlzcm32aiymfsr","id":"1nlzcm32aiymfsr"},"id":"keb1dgogdqqv9ch","previousOperationId":"86lo5nhxhmnlnks"}
{"type":"log","timestamp":1769053311275,"level":"debug","message":"Page request: GET (image) https://paciolibucket.s3.us-east-2.amazonaws.com/orgs/c64b69f6759a43a1bc0ae31961876751/companies/logos/e9767ff4-7186-447f-a397-208ea6bbfdb8_ninosfelices.png?X-Amz-Expires=600&X-Amz-Algorithm=AWS4-HMAC-SHA256&X-Amz-Credential=AKIAVYV5Z6T6UQ4ARWOC%2F20260122%2Fus-east-2%2Fs3%2Faws4_request&X-Amz-Date=20260122T034148Z&X-Amz-SignedHeaders=host&X-Amz-Signature=12df641b3b69e73a5c73da774fc3a147b51d6142cb627ac87bc254bca954572d","meta":{"rootId":"1nlzcm32aiymfsr","id":"1nlzcm32aiymfsr"},"id":"stectrsk4pektq7","previousOperationId":"86lo5nhxhmnlnks"}
{"type":"log","timestamp":1769053311803,"level":"debug","message":"Page request finished: GET (image) 200 https://paciolibucket.s3.us-east-2.amazonaws.com/orgs/c64b69f6759a43a1bc0ae31961876751/companies/logos/e9767ff4-7186-447f-a397-208ea6bbfdb8_ninosfelices.png?X-Amz-Expires=600&X-Amz-Algorithm=AWS4-HMAC-SHA256&X-Amz-Credential=AKIAVYV5Z6T6UQ4ARWOC%2F20260122%2Fus-east-2%2Fs3%2Faws4_request&X-Amz-Date=20260122T034148Z&X-Amz-SignedHeaders=host&X-Amz-Signature=12df641b3b69e73a5c73da774fc3a147b51d6142cb627ac87bc254bca954572d","meta":{"rootId":"1nlzcm32aiymfsr","id":"1nlzcm32aiymfsr"},"id":"bv6md88weo2lih5","previousOperationId":"86lo5nhxhmnlnks"}
{"type":"log","timestamp":1769053311807,"level":"debug","message":"Running chrome with params {\"printBackground\":true,\"timeout\":59656,\"margin\":{}}","meta":{"rootId":"1nlzcm32aiymfsr","id":"1nlzcm32aiymfsr"},"id":"ro9kxoptxsvmqc8","previousOperationId":"86lo5nhxhmnlnks"}
{"type":"operationEnd","operationId":"86lo5nhxhmnlnks","timestamp":1769053311955,"id":"uzi5lti0puqzjuq","previousEventId":"ixrc1uiet09ek51","previousOperationId":"86lo5nhxhmnlnks"}
{"type":"log","timestamp":1769053311955,"level":"debug","message":"Skipping storing report.","meta":{"rootId":"1nlzcm32aiymfsr","id":"1nlzcm32aiymfsr"},"id":"9zqemsmmfy8ttj8","previousOperationId":"86lo5nhxhmnlnks"}
{"type":"log","timestamp":1769053311955,"level":"info","message":"Rendering request 95 finished in 1480 ms","meta":{"rootId":"1nlzcm32aiymfsr","id":"1nlzcm32aiymfsr"},"id":"ye3st65ev9l2h5u","previousOperationId":"86lo5nhxhmnlnks"}
{"type":"operationEnd","subtype":"render","operationId":"ujppxyy8a464gq7","timestamp":1769053311956,"id":"jdnrtwjps22k54p","previousEventId":"uzi5lti0puqzjuq","previousOperationId":"86lo5nhxhmnlnks"}
{"type":"operationEnd","doDiffs":false,"previousEventId":"9gyj8xeo5s64ruv","previousOperationId":"w58q5vvjd7fy5j2","operationId":"w58q5vvjd7fy5j2","timestamp":1769053311958,"id":"pyhu1xz573pcmv4"}
