{"type":"operationStart","subtype":"profile","data":{"_id":"aAWH5YbDXQ2yB9Sa","timestamp":"2026-02-21T06:14:43.216Z","state":"queued","mode":"standard","creationDate":"2026-02-21T06:14:43.218Z","modificationDate":"2026-02-21T06:14:43.218Z","shortid":"wGveG-5","$entitySet":"profiles"},"doDiffs":false,"timestamp":1771654483217,"id":"9dbslbhvck4wwot","previousOperationId":null,"operationId":"whigzetjr6fntu0"}
{"type":"log","level":"info","message":"Render request 1 queued for execution and waiting for available worker","previousOperationId":"whigzetjr6fntu0","timestamp":1771654483217,"id":"kx464zkspvsm8av"}
{"type":"operationStart","subtype":"render","name":"journal-entry-v1","previousOperationId":"whigzetjr6fntu0","timestamp":1771654483279,"id":"slk39rjr9pk1pdz","previousEventId":"9dbslbhvck4wwot","operationId":"jiy0iw0onk7uueh"}
{"type":"log","timestamp":1771654483279,"level":"info","message":"Starting rendering request 1","meta":{"rootId":"1pgwegn8keb5icj","id":"1pgwegn8keb5icj"},"id":"e6j6j275irnj0lt","previousOperationId":"jiy0iw0onk7uueh"}
{"type":"log","timestamp":1771654483279,"level":"info","message":"Rendering template { name: journal-entry-v1, recipe: chrome-pdf, engine: handlebars, preview: false }","meta":{"rootId":"1pgwegn8keb5icj","id":"1pgwegn8keb5icj"},"id":"qrqzljutx85fz99","previousOperationId":"jiy0iw0onk7uueh"}
{"type":"log","timestamp":1771654483281,"level":"debug","message":"Inline data specified.","meta":{"rootId":"1pgwegn8keb5icj","id":"1pgwegn8keb5icj"},"id":"n84p0toqo3x4s9x","previousOperationId":"jiy0iw0onk7uueh"}
{"type":"log","timestamp":1771654483285,"level":"debug","message":"Base url not specified, skipping its injection.","meta":{"rootId":"1pgwegn8keb5icj","id":"1pgwegn8keb5icj"},"id":"uy4lxy9q9d63xzo","previousOperationId":"jiy0iw0onk7uueh"}
{"type":"operationStart","subtype":"engine","name":"handlebars","timestamp":1771654483285,"id":"l5vq2740w33k67l","previousEventId":"slk39rjr9pk1pdz","operationId":"kxiayfkpugobf9m","previousOperationId":"jiy0iw0onk7uueh"}
{"type":"log","timestamp":1771654483285,"level":"debug","message":"Rendering engine handlebars","meta":{"rootId":"1pgwegn8keb5icj","id":"1pgwegn8keb5icj"},"id":"z1mka3nzhhauztm","previousOperationId":"kxiayfkpugobf9m"}
{"type":"operationEnd","operationId":"kxiayfkpugobf9m","timestamp":1771654483784,"id":"lsh3n0xbsvcoi1u","previousEventId":"l5vq2740w33k67l","previousOperationId":"kxiayfkpugobf9m"}
{"type":"operationStart","subtype":"recipe","name":"chrome-pdf","timestamp":1771654483784,"id":"hafrz7xgu7r8pf2","previousEventId":"lsh3n0xbsvcoi1u","operationId":"qob5cdufkezondf","previousOperationId":"kxiayfkpugobf9m"}
{"type":"log","timestamp":1771654483785,"level":"debug","message":"Executing recipe chrome-pdf","meta":{"rootId":"1pgwegn8keb5icj","id":"1pgwegn8keb5icj"},"id":"78t473hklfyfotf","previousOperationId":"qob5cdufkezondf"}
{"type":"log","timestamp":1771654484709,"level":"debug","message":"Converting with chrome Chrome/142.0.7444.175 using chrome-pool strategy","meta":{"rootId":"1pgwegn8keb5icj","id":"1pgwegn8keb5icj"},"id":"6aae5ld4jfto9n9","previousOperationId":"qob5cdufkezondf"}
{"type":"log","timestamp":1771654484809,"level":"debug","message":"Page request: GET (document) file:///tmp/jsreport/autocleanup/3fab0a1b-d974-465b-b4cd-e5a50939bc9d-chrome-pdf.html","meta":{"rootId":"1pgwegn8keb5icj","id":"1pgwegn8keb5icj"},"id":"3k2g4a3hshhqp5r","previousOperationId":"qob5cdufkezondf"}
{"type":"log","timestamp":1771654484823,"level":"debug","message":"Page request finished: GET (document) 200 file:///tmp/jsreport/autocleanup/3fab0a1b-d974-465b-b4cd-e5a50939bc9d-chrome-pdf.html","meta":{"rootId":"1pgwegn8keb5icj","id":"1pgwegn8keb5icj"},"id":"9755echb6utht1m","previousOperationId":"qob5cdufkezondf"}
{"type":"log","timestamp":1771654484824,"level":"debug","message":"Page request: GET (image) https://paciolibucket.s3.us-east-2.amazonaws.com/orgs/c64b69f6759a43a1bc0ae31961876751/companies/logos/b6e6bbb3-4217-4336-88b7-161c9ce34ada_Applicorp%20Logo.png?X-Amz-Expires=600&X-Amz-Algorithm=AWS4-HMAC-SHA256&X-Amz-Credential=AKIAVYV5Z6T6UQ4ARWOC%2F20260221%2Fus-east-2%2Fs3%2Faws4_request&X-Amz-Date=20260221T061443Z&X-Amz-SignedHeaders=host&X-Amz-Signature=3dcbdb5156995ba7314cec41c44718b392aa26b81d6ce52eea49e1e3161fe117","meta":{"rootId":"1pgwegn8keb5icj","id":"1pgwegn8keb5icj"},"id":"x7kouve9oqa1njx","previousOperationId":"qob5cdufkezondf"}
{"type":"log","timestamp":1771654485259,"level":"debug","message":"Page request finished: GET (image) 200 https://paciolibucket.s3.us-east-2.amazonaws.com/orgs/c64b69f6759a43a1bc0ae31961876751/companies/logos/b6e6bbb3-4217-4336-88b7-161c9ce34ada_Applicorp%20Logo.png?X-Amz-Expires=600&X-Amz-Algorithm=AWS4-HMAC-SHA256&X-Amz-Credential=AKIAVYV5Z6T6UQ4ARWOC%2F20260221%2Fus-east-2%2Fs3%2Faws4_request&X-Amz-Date=20260221T061443Z&X-Amz-SignedHeaders=host&X-Amz-Signature=3dcbdb5156995ba7314cec41c44718b392aa26b81d6ce52eea49e1e3161fe117","meta":{"rootId":"1pgwegn8keb5icj","id":"1pgwegn8keb5icj"},"id":"5uwvcmgjay51g4j","previousOperationId":"qob5cdufkezondf"}
{"type":"log","timestamp":1771654485262,"level":"debug","message":"Running chrome with params {\"printBackground\":true,\"timeout\":59424,\"margin\":{}}","meta":{"rootId":"1pgwegn8keb5icj","id":"1pgwegn8keb5icj"},"id":"u7hjkp04vfa6ir6","previousOperationId":"qob5cdufkezondf"}
{"type":"operationEnd","operationId":"qob5cdufkezondf","timestamp":1771654485318,"id":"7pgz7a1orxu58u0","previousEventId":"hafrz7xgu7r8pf2","previousOperationId":"qob5cdufkezondf"}
{"type":"log","timestamp":1771654485318,"level":"debug","message":"Skipping storing report.","meta":{"rootId":"1pgwegn8keb5icj","id":"1pgwegn8keb5icj"},"id":"0tm1grhdsrhwmd4","previousOperationId":"qob5cdufkezondf"}
{"type":"log","timestamp":1771654485318,"level":"info","message":"Rendering request 1 finished in 2104 ms","meta":{"rootId":"1pgwegn8keb5icj","id":"1pgwegn8keb5icj"},"id":"6i0czlowfeh5wpi","previousOperationId":"qob5cdufkezondf"}
{"type":"operationEnd","subtype":"render","operationId":"jiy0iw0onk7uueh","timestamp":1771654485318,"id":"aqlpz3d69i94h4m","previousEventId":"7pgz7a1orxu58u0","previousOperationId":"qob5cdufkezondf"}
{"type":"operationEnd","doDiffs":false,"previousEventId":"9dbslbhvck4wwot","previousOperationId":"whigzetjr6fntu0","operationId":"whigzetjr6fntu0","timestamp":1771654485320,"id":"b67mai1kb5ju9jl"}
