{"type":"operationStart","subtype":"profile","data":{"_id":"3w6sDjrYfKSDGVVO","timestamp":"2026-01-22T03:34:49.016Z","state":"queued","mode":"standard","creationDate":"2026-01-22T03:34:49.018Z","modificationDate":"2026-01-22T03:34:49.018Z","shortid":"RsQ9aIA","$entitySet":"profiles"},"doDiffs":false,"timestamp":1769052889017,"id":"9twbu6w2z6hcc1n","previousOperationId":null,"operationId":"8q6x119z508bten"}
{"type":"log","level":"info","message":"Render request 91 queued for execution and waiting for available worker","previousOperationId":"8q6x119z508bten","timestamp":1769052889017,"id":"r0aw8sgtnu7u4h7"}
{"type":"operationStart","subtype":"render","name":"journal-entry-v1","previousOperationId":"8q6x119z508bten","timestamp":1769052889075,"id":"cudg15z1d3d1ahf","previousEventId":"9twbu6w2z6hcc1n","operationId":"53ipud4ktjn4757"}
{"type":"log","timestamp":1769052889077,"level":"info","message":"Starting rendering request 91","meta":{"rootId":"203vnfzb64tn11e","id":"203vnfzb64tn11e"},"id":"5gl2oub7a47cj36","previousOperationId":"53ipud4ktjn4757"}
{"type":"log","timestamp":1769052889080,"level":"info","message":"Rendering template { name: journal-entry-v1, recipe: chrome-pdf, engine: handlebars, preview: false }","meta":{"rootId":"203vnfzb64tn11e","id":"203vnfzb64tn11e"},"id":"73cwi9oclwu6x0b","previousOperationId":"53ipud4ktjn4757"}
{"type":"log","timestamp":1769052889083,"level":"debug","message":"Inline data specified.","meta":{"rootId":"203vnfzb64tn11e","id":"203vnfzb64tn11e"},"id":"ow6exq364d1yscx","previousOperationId":"53ipud4ktjn4757"}
{"type":"log","timestamp":1769052889087,"level":"debug","message":"Base url not specified, skipping its injection.","meta":{"rootId":"203vnfzb64tn11e","id":"203vnfzb64tn11e"},"id":"kyuxaoq4g3a9h4y","previousOperationId":"53ipud4ktjn4757"}
{"type":"operationStart","subtype":"engine","name":"handlebars","timestamp":1769052889093,"id":"1bexgtapcnjeb13","previousEventId":"cudg15z1d3d1ahf","operationId":"185t7bros9lkpi2","previousOperationId":"53ipud4ktjn4757"}
{"type":"log","timestamp":1769052889093,"level":"debug","message":"Rendering engine handlebars","meta":{"rootId":"203vnfzb64tn11e","id":"203vnfzb64tn11e"},"id":"by0ubt4k9ny3zbn","previousOperationId":"185t7bros9lkpi2"}
{"type":"operationEnd","operationId":"185t7bros9lkpi2","timestamp":1769052889163,"id":"y2d15bfprzw3ph1","previousEventId":"1bexgtapcnjeb13","previousOperationId":"185t7bros9lkpi2"}
{"type":"operationStart","subtype":"recipe","name":"chrome-pdf","timestamp":1769052889165,"id":"1sqhigxdpt0sw7b","previousEventId":"y2d15bfprzw3ph1","operationId":"x6ukik62n4wxlvb","previousOperationId":"185t7bros9lkpi2"}
{"type":"log","timestamp":1769052889165,"level":"debug","message":"Executing recipe chrome-pdf","meta":{"rootId":"203vnfzb64tn11e","id":"203vnfzb64tn11e"},"id":"of3k3cztmla63vl","previousOperationId":"x6ukik62n4wxlvb"}
{"type":"log","timestamp":1769052889186,"level":"debug","message":"Converting with chrome Chrome/142.0.7444.175 using chrome-pool strategy","meta":{"rootId":"203vnfzb64tn11e","id":"203vnfzb64tn11e"},"id":"03qo93ltnzvvc8v","previousOperationId":"x6ukik62n4wxlvb"}
{"type":"log","timestamp":1769052889340,"level":"debug","message":"Page request: GET (document) file:///tmp/jsreport/autocleanup/dd10a9a6-6852-4212-ba82-24292d4de7eb-chrome-pdf.html","meta":{"rootId":"203vnfzb64tn11e","id":"203vnfzb64tn11e"},"id":"2n22yux27k4fjkz","previousOperationId":"x6ukik62n4wxlvb"}
{"type":"log","timestamp":1769052889372,"level":"debug","message":"Page request: GET (image) https://paciolibucket.s3.us-east-2.amazonaws.com/orgs/c64b69f6759a43a1bc0ae31961876751/companies/logos/e9767ff4-7186-447f-a397-208ea6bbfdb8_ninosfelices.png?X-Amz-Expires=600&X-Amz-Algorithm=AWS4-HMAC-SHA256&X-Amz-Credential=AKIAVYV5Z6T6UQ4ARWOC%2F20260122%2Fus-east-2%2Fs3%2Faws4_request&X-Amz-Date=20260122T033448Z&X-Amz-SignedHeaders=host&X-Amz-Signature=77d5ddb9911982d448b1906864e049d22adca2f257788f4f44d2dd22641ba3b4","meta":{"rootId":"203vnfzb64tn11e","id":"203vnfzb64tn11e"},"id":"kwz7mfemolpekl5","previousOperationId":"x6ukik62n4wxlvb"}
{"type":"log","timestamp":1769052889373,"level":"debug","message":"Page request finished: GET (document) 200 file:///tmp/jsreport/autocleanup/dd10a9a6-6852-4212-ba82-24292d4de7eb-chrome-pdf.html","meta":{"rootId":"203vnfzb64tn11e","id":"203vnfzb64tn11e"},"id":"vby2ew01hjalziq","previousOperationId":"x6ukik62n4wxlvb"}
{"type":"log","timestamp":1769052889857,"level":"debug","message":"Page request finished: GET (image) 200 https://paciolibucket.s3.us-east-2.amazonaws.com/orgs/c64b69f6759a43a1bc0ae31961876751/companies/logos/e9767ff4-7186-447f-a397-208ea6bbfdb8_ninosfelices.png?X-Amz-Expires=600&X-Amz-Algorithm=AWS4-HMAC-SHA256&X-Amz-Credential=AKIAVYV5Z6T6UQ4ARWOC%2F20260122%2Fus-east-2%2Fs3%2Faws4_request&X-Amz-Date=20260122T033448Z&X-Amz-SignedHeaders=host&X-Amz-Signature=77d5ddb9911982d448b1906864e049d22adca2f257788f4f44d2dd22641ba3b4","meta":{"rootId":"203vnfzb64tn11e","id":"203vnfzb64tn11e"},"id":"cz2dxhayxd1o788","previousOperationId":"x6ukik62n4wxlvb"}
{"type":"log","timestamp":1769052889861,"level":"debug","message":"Running chrome with params {\"printBackground\":true,\"timeout\":59844,\"margin\":{}}","meta":{"rootId":"203vnfzb64tn11e","id":"203vnfzb64tn11e"},"id":"gi655ok0oddxhbu","previousOperationId":"x6ukik62n4wxlvb"}
{"type":"operationEnd","operationId":"x6ukik62n4wxlvb","timestamp":1769052890015,"id":"qxw6lobub3gf3ir","previousEventId":"1sqhigxdpt0sw7b","previousOperationId":"x6ukik62n4wxlvb"}
{"type":"log","timestamp":1769052890016,"level":"debug","message":"Skipping storing report.","meta":{"rootId":"203vnfzb64tn11e","id":"203vnfzb64tn11e"},"id":"cl1aqbtc8bm7pkf","previousOperationId":"x6ukik62n4wxlvb"}
{"type":"log","timestamp":1769052890016,"level":"info","message":"Rendering request 91 finished in 1000 ms","meta":{"rootId":"203vnfzb64tn11e","id":"203vnfzb64tn11e"},"id":"unwax24k8qjkkpq","previousOperationId":"x6ukik62n4wxlvb"}
{"type":"operationEnd","subtype":"render","operationId":"53ipud4ktjn4757","timestamp":1769052890016,"id":"1wyjkooz7rwe5c8","previousEventId":"qxw6lobub3gf3ir","previousOperationId":"x6ukik62n4wxlvb"}
{"type":"operationEnd","doDiffs":false,"previousEventId":"9twbu6w2z6hcc1n","previousOperationId":"8q6x119z508bten","operationId":"8q6x119z508bten","timestamp":1769052890017,"id":"azaa0cigifnujz6"}
