{"type":"operationStart","subtype":"profile","data":{"_id":"QNHaFDSjLmTdlhr0","timestamp":"2026-01-22T02:49:06.443Z","state":"queued","mode":"standard","creationDate":"2026-01-22T02:49:06.449Z","modificationDate":"2026-01-22T02:49:06.449Z","shortid":"LQOvzOr","$entitySet":"profiles"},"doDiffs":false,"timestamp":1769050146446,"id":"1xatnkj18385o0d","previousOperationId":null,"operationId":"mdwzpiujxzvap49"}
{"type":"log","level":"info","message":"Render request 68 queued for execution and waiting for available worker","previousOperationId":"mdwzpiujxzvap49","timestamp":1769050146446,"id":"znurqyhq1uztr7s"}
{"type":"operationStart","subtype":"render","name":"journal-entry-v1","previousOperationId":"mdwzpiujxzvap49","timestamp":1769050146558,"id":"ukju2rk9dglq2e2","previousEventId":"1xatnkj18385o0d","operationId":"18bec1xrq4jrxtt"}
{"type":"log","timestamp":1769050146562,"level":"info","message":"Starting rendering request 68","meta":{"rootId":"2259h72ceub4vss","id":"2259h72ceub4vss"},"id":"kehhcosdvmhe7bt","previousOperationId":"18bec1xrq4jrxtt"}
{"type":"log","timestamp":1769050146566,"level":"info","message":"Rendering template { name: journal-entry-v1, recipe: chrome-pdf, engine: handlebars, preview: false }","meta":{"rootId":"2259h72ceub4vss","id":"2259h72ceub4vss"},"id":"f7d02qsqrmoy3jt","previousOperationId":"18bec1xrq4jrxtt"}
{"type":"log","timestamp":1769050146572,"level":"debug","message":"Inline data specified.","meta":{"rootId":"2259h72ceub4vss","id":"2259h72ceub4vss"},"id":"tn0jne8vtwfvwp1","previousOperationId":"18bec1xrq4jrxtt"}
{"type":"log","timestamp":1769050146578,"level":"debug","message":"Base url not specified, skipping its injection.","meta":{"rootId":"2259h72ceub4vss","id":"2259h72ceub4vss"},"id":"h43k5pjkw9ixo7q","previousOperationId":"18bec1xrq4jrxtt"}
{"type":"operationStart","subtype":"engine","name":"handlebars","timestamp":1769050146585,"id":"jcfh0hddabguk68","previousEventId":"ukju2rk9dglq2e2","operationId":"pmhs79hi99dsvzc","previousOperationId":"18bec1xrq4jrxtt"}
{"type":"log","timestamp":1769050146585,"level":"debug","message":"Rendering engine handlebars","meta":{"rootId":"2259h72ceub4vss","id":"2259h72ceub4vss"},"id":"7c050547lw8pvl6","previousOperationId":"pmhs79hi99dsvzc"}
{"type":"operationEnd","operationId":"pmhs79hi99dsvzc","timestamp":1769050146694,"id":"czewdxelxu0t6wk","previousEventId":"jcfh0hddabguk68","previousOperationId":"pmhs79hi99dsvzc"}
{"type":"operationStart","subtype":"recipe","name":"chrome-pdf","timestamp":1769050146696,"id":"dhdsfohuoqr0ujl","previousEventId":"czewdxelxu0t6wk","operationId":"u9gvk1w7vnrqogq","previousOperationId":"pmhs79hi99dsvzc"}
{"type":"log","timestamp":1769050146696,"level":"debug","message":"Executing recipe chrome-pdf","meta":{"rootId":"2259h72ceub4vss","id":"2259h72ceub4vss"},"id":"hc91sm4ioj1uzpy","previousOperationId":"u9gvk1w7vnrqogq"}
{"type":"log","timestamp":1769050146748,"level":"debug","message":"Converting with chrome Chrome/142.0.7444.175 using chrome-pool strategy","meta":{"rootId":"2259h72ceub4vss","id":"2259h72ceub4vss"},"id":"f1y8i4rjeyucd1k","previousOperationId":"u9gvk1w7vnrqogq"}
{"type":"log","timestamp":1769050147090,"level":"debug","message":"Page request: GET (document) file:///tmp/jsreport/autocleanup/e7ba4618-e13a-4aea-a773-0cd740d9ce90-chrome-pdf.html","meta":{"rootId":"2259h72ceub4vss","id":"2259h72ceub4vss"},"id":"eaib7dqcwpds2od","previousOperationId":"u9gvk1w7vnrqogq"}
{"type":"log","timestamp":1769050147123,"level":"debug","message":"Page request finished: GET (document) 200 file:///tmp/jsreport/autocleanup/e7ba4618-e13a-4aea-a773-0cd740d9ce90-chrome-pdf.html","meta":{"rootId":"2259h72ceub4vss","id":"2259h72ceub4vss"},"id":"ishu3l29o4z7mrq","previousOperationId":"u9gvk1w7vnrqogq"}
{"type":"log","timestamp":1769050147179,"level":"debug","message":"Running chrome with params {\"printBackground\":true,\"timeout\":59720,\"margin\":{}}","meta":{"rootId":"2259h72ceub4vss","id":"2259h72ceub4vss"},"id":"r323o07vmvxs53y","previousOperationId":"u9gvk1w7vnrqogq"}
{"type":"operationEnd","operationId":"u9gvk1w7vnrqogq","timestamp":1769050147292,"id":"4mwzizbju2xbe60","previousEventId":"dhdsfohuoqr0ujl","previousOperationId":"u9gvk1w7vnrqogq"}
{"type":"log","timestamp":1769050147292,"level":"debug","message":"Skipping storing report.","meta":{"rootId":"2259h72ceub4vss","id":"2259h72ceub4vss"},"id":"ohtc9mtgaffmu0h","previousOperationId":"u9gvk1w7vnrqogq"}
{"type":"log","timestamp":1769050147293,"level":"info","message":"Rendering request 68 finished in 854 ms","meta":{"rootId":"2259h72ceub4vss","id":"2259h72ceub4vss"},"id":"ke4ks7j0qw0mn9m","previousOperationId":"u9gvk1w7vnrqogq"}
{"type":"operationEnd","subtype":"render","operationId":"18bec1xrq4jrxtt","timestamp":1769050147293,"id":"1ogh2ocw740uwax","previousEventId":"4mwzizbju2xbe60","previousOperationId":"u9gvk1w7vnrqogq"}
{"type":"operationEnd","doDiffs":false,"previousEventId":"1xatnkj18385o0d","previousOperationId":"mdwzpiujxzvap49","operationId":"mdwzpiujxzvap49","timestamp":1769050147295,"id":"aybhd2zw3yyg9ub"}
