{"type":"operationStart","subtype":"profile","data":{"_id":"586jRFnqi40n42NU","timestamp":"2026-02-16T18:13:16.646Z","state":"queued","mode":"standard","creationDate":"2026-02-16T18:13:16.647Z","modificationDate":"2026-02-16T18:13:16.647Z","shortid":"JTydGbO","$entitySet":"profiles"},"doDiffs":false,"timestamp":1771265596646,"id":"bz1n7fs0ppoz4za","previousOperationId":null,"operationId":"iqjah501sqcfpbx"}
{"type":"log","level":"info","message":"Render request 1 queued for execution and waiting for available worker","previousOperationId":"iqjah501sqcfpbx","timestamp":1771265596647,"id":"hxdai22swh929f5"}
{"type":"operationStart","subtype":"render","name":"journal-entry-v1","previousOperationId":"iqjah501sqcfpbx","timestamp":1771265596761,"id":"68fknwnajlzosuv","previousEventId":"bz1n7fs0ppoz4za","operationId":"q42izfbnmwse13t"}
{"type":"log","timestamp":1771265596761,"level":"info","message":"Starting rendering request 1","meta":{"rootId":"24dm189d4sn1axf","id":"24dm189d4sn1axf"},"id":"ch4ex5rgydyby82","previousOperationId":"q42izfbnmwse13t"}
{"type":"log","timestamp":1771265596762,"level":"info","message":"Rendering template { name: journal-entry-v1, recipe: chrome-pdf, engine: handlebars, preview: false }","meta":{"rootId":"24dm189d4sn1axf","id":"24dm189d4sn1axf"},"id":"6pyl4p5xho5pphz","previousOperationId":"q42izfbnmwse13t"}
{"type":"log","timestamp":1771265596765,"level":"debug","message":"Inline data specified.","meta":{"rootId":"24dm189d4sn1axf","id":"24dm189d4sn1axf"},"id":"2ncig8anp53v2zn","previousOperationId":"q42izfbnmwse13t"}
{"type":"log","timestamp":1771265596769,"level":"debug","message":"Base url not specified, skipping its injection.","meta":{"rootId":"24dm189d4sn1axf","id":"24dm189d4sn1axf"},"id":"yay4kyvh6er9zc7","previousOperationId":"q42izfbnmwse13t"}
{"type":"operationStart","subtype":"engine","name":"handlebars","timestamp":1771265596770,"id":"01yjstc7b32o6wt","previousEventId":"68fknwnajlzosuv","operationId":"9r9xfvr50m0z6ya","previousOperationId":"q42izfbnmwse13t"}
{"type":"log","timestamp":1771265596770,"level":"debug","message":"Rendering engine handlebars","meta":{"rootId":"24dm189d4sn1axf","id":"24dm189d4sn1axf"},"id":"ohfelkwg4ss9q20","previousOperationId":"9r9xfvr50m0z6ya"}
{"type":"operationEnd","operationId":"9r9xfvr50m0z6ya","timestamp":1771265597242,"id":"v18xgjgadatn216","previousEventId":"01yjstc7b32o6wt","previousOperationId":"9r9xfvr50m0z6ya"}
{"type":"operationStart","subtype":"recipe","name":"chrome-pdf","timestamp":1771265597243,"id":"cl9ysb6c16gtvqu","previousEventId":"v18xgjgadatn216","operationId":"mktp310g5t7aqzl","previousOperationId":"9r9xfvr50m0z6ya"}
{"type":"log","timestamp":1771265597243,"level":"debug","message":"Executing recipe chrome-pdf","meta":{"rootId":"24dm189d4sn1axf","id":"24dm189d4sn1axf"},"id":"8wa46i01svud8tt","previousOperationId":"mktp310g5t7aqzl"}
{"type":"log","timestamp":1771265598354,"level":"debug","message":"Converting with chrome Chrome/142.0.7444.175 using chrome-pool strategy","meta":{"rootId":"24dm189d4sn1axf","id":"24dm189d4sn1axf"},"id":"n5bf58rlefqgorr","previousOperationId":"mktp310g5t7aqzl"}
{"type":"log","timestamp":1771265598605,"level":"debug","message":"Page request: GET (document) file:///tmp/jsreport/autocleanup/0d544b80-6d3a-4e57-a20b-9111120532c9-chrome-pdf.html","meta":{"rootId":"24dm189d4sn1axf","id":"24dm189d4sn1axf"},"id":"yom8pk3mrci4rfh","previousOperationId":"mktp310g5t7aqzl"}
{"type":"log","timestamp":1771265598617,"level":"debug","message":"Page request finished: GET (document) 200 file:///tmp/jsreport/autocleanup/0d544b80-6d3a-4e57-a20b-9111120532c9-chrome-pdf.html","meta":{"rootId":"24dm189d4sn1axf","id":"24dm189d4sn1axf"},"id":"x9vzhh4qcro2uia","previousOperationId":"mktp310g5t7aqzl"}
{"type":"log","timestamp":1771265598617,"level":"debug","message":"Page request: GET (image) https://paciolibucket.s3.us-east-2.amazonaws.com/orgs/c64b69f6759a43a1bc0ae31961876751/companies/logos/e9767ff4-7186-447f-a397-208ea6bbfdb8_ninosfelices.png?X-Amz-Expires=600&X-Amz-Algorithm=AWS4-HMAC-SHA256&X-Amz-Credential=AKIAVYV5Z6T6UQ4ARWOC%2F20260216%2Fus-east-2%2Fs3%2Faws4_request&X-Amz-Date=20260216T181316Z&X-Amz-SignedHeaders=host&X-Amz-Signature=6b8d94cf82da2b378a3de447e75a844c66521a7e2cd1762ee40ac1bd338bfc7e","meta":{"rootId":"24dm189d4sn1axf","id":"24dm189d4sn1axf"},"id":"zfttuqwrx4t35va","previousOperationId":"mktp310g5t7aqzl"}
{"type":"log","timestamp":1771265599168,"level":"debug","message":"Page request finished: GET (image) 200 https://paciolibucket.s3.us-east-2.amazonaws.com/orgs/c64b69f6759a43a1bc0ae31961876751/companies/logos/e9767ff4-7186-447f-a397-208ea6bbfdb8_ninosfelices.png?X-Amz-Expires=600&X-Amz-Algorithm=AWS4-HMAC-SHA256&X-Amz-Credential=AKIAVYV5Z6T6UQ4ARWOC%2F20260216%2Fus-east-2%2Fs3%2Faws4_request&X-Amz-Date=20260216T181316Z&X-Amz-SignedHeaders=host&X-Amz-Signature=6b8d94cf82da2b378a3de447e75a844c66521a7e2cd1762ee40ac1bd338bfc7e","meta":{"rootId":"24dm189d4sn1axf","id":"24dm189d4sn1axf"},"id":"h20l3aok8fzv4nn","previousOperationId":"mktp310g5t7aqzl"}
{"type":"log","timestamp":1771265599170,"level":"debug","message":"Running chrome with params {\"printBackground\":true,\"timeout\":59398,\"margin\":{}}","meta":{"rootId":"24dm189d4sn1axf","id":"24dm189d4sn1axf"},"id":"pd9rpfxzzj38zlm","previousOperationId":"mktp310g5t7aqzl"}
{"type":"operationEnd","operationId":"mktp310g5t7aqzl","timestamp":1771265599229,"id":"ef5qr7h68g3h51r","previousEventId":"cl9ysb6c16gtvqu","previousOperationId":"mktp310g5t7aqzl"}
{"type":"log","timestamp":1771265599230,"level":"debug","message":"Skipping storing report.","meta":{"rootId":"24dm189d4sn1axf","id":"24dm189d4sn1axf"},"id":"bgjvotyyxd7a92d","previousOperationId":"mktp310g5t7aqzl"}
{"type":"log","timestamp":1771265599230,"level":"info","message":"Rendering request 1 finished in 2585 ms","meta":{"rootId":"24dm189d4sn1axf","id":"24dm189d4sn1axf"},"id":"jdcliojn6z4iwba","previousOperationId":"mktp310g5t7aqzl"}
{"type":"operationEnd","subtype":"render","operationId":"q42izfbnmwse13t","timestamp":1771265599230,"id":"g51k569w9nu8t5v","previousEventId":"ef5qr7h68g3h51r","previousOperationId":"mktp310g5t7aqzl"}
{"type":"operationEnd","doDiffs":false,"previousEventId":"bz1n7fs0ppoz4za","previousOperationId":"iqjah501sqcfpbx","operationId":"iqjah501sqcfpbx","timestamp":1771265599232,"id":"bmbhwmrun9rv3zy"}
