{"type":"operationStart","subtype":"profile","data":{"_id":"s60WV2QV3nWwn2po","timestamp":"2026-02-17T22:38:54.873Z","state":"queued","mode":"standard","creationDate":"2026-02-17T22:38:54.911Z","modificationDate":"2026-02-17T22:38:54.911Z","shortid":"J0jhVN1","$entitySet":"profiles"},"doDiffs":false,"timestamp":1771367934892,"id":"i1fbwel2qcr9zpr","previousOperationId":null,"operationId":"xj0thsm1tain26h"}
{"type":"log","level":"info","message":"Render request 35 queued for execution and waiting for available worker","previousOperationId":"xj0thsm1tain26h","timestamp":1771367934892,"id":"9di2azpltgg0umk"}
{"type":"operationStart","subtype":"render","name":"journal-entry-v1","previousOperationId":"xj0thsm1tain26h","timestamp":1771367935026,"id":"41ph8stl8tsh1d6","previousEventId":"i1fbwel2qcr9zpr","operationId":"mry20v0orskwv8t"}
{"type":"log","timestamp":1771367935034,"level":"info","message":"Starting rendering request 35","meta":{"rootId":"2er7d7hdefy5wmu","id":"2er7d7hdefy5wmu"},"id":"ynvq93rdfqluptw","previousOperationId":"mry20v0orskwv8t"}
{"type":"log","timestamp":1771367935042,"level":"info","message":"Rendering template { name: journal-entry-v1, recipe: chrome-pdf, engine: handlebars, preview: false }","meta":{"rootId":"2er7d7hdefy5wmu","id":"2er7d7hdefy5wmu"},"id":"birl1uj0pwku48f","previousOperationId":"mry20v0orskwv8t"}
{"type":"log","timestamp":1771367935051,"level":"debug","message":"Inline data specified.","meta":{"rootId":"2er7d7hdefy5wmu","id":"2er7d7hdefy5wmu"},"id":"nij84be8rkhb5tz","previousOperationId":"mry20v0orskwv8t"}
{"type":"log","timestamp":1771367935059,"level":"debug","message":"Base url not specified, skipping its injection.","meta":{"rootId":"2er7d7hdefy5wmu","id":"2er7d7hdefy5wmu"},"id":"s93znak9vi1secr","previousOperationId":"mry20v0orskwv8t"}
{"type":"operationStart","subtype":"engine","name":"handlebars","timestamp":1771367935070,"id":"qv55e6zinmt3eju","previousEventId":"41ph8stl8tsh1d6","operationId":"f6wjqrhhwokcsew","previousOperationId":"mry20v0orskwv8t"}
{"type":"log","timestamp":1771367935070,"level":"debug","message":"Rendering engine handlebars","meta":{"rootId":"2er7d7hdefy5wmu","id":"2er7d7hdefy5wmu"},"id":"4lt2nd2r0pcyy4q","previousOperationId":"f6wjqrhhwokcsew"}
{"type":"operationEnd","operationId":"f6wjqrhhwokcsew","timestamp":1771367935206,"id":"sryo7s3ipt6vy0g","previousEventId":"qv55e6zinmt3eju","previousOperationId":"f6wjqrhhwokcsew"}
{"type":"operationStart","subtype":"recipe","name":"chrome-pdf","timestamp":1771367935207,"id":"rv9eax7pcr7397c","previousEventId":"sryo7s3ipt6vy0g","operationId":"ny4jxg6gacsw5mt","previousOperationId":"f6wjqrhhwokcsew"}
{"type":"log","timestamp":1771367935207,"level":"debug","message":"Executing recipe chrome-pdf","meta":{"rootId":"2er7d7hdefy5wmu","id":"2er7d7hdefy5wmu"},"id":"t5pzww4puafgxf6","previousOperationId":"ny4jxg6gacsw5mt"}
{"type":"log","timestamp":1771367935271,"level":"debug","message":"Converting with chrome Chrome/142.0.7444.175 using chrome-pool strategy","meta":{"rootId":"2er7d7hdefy5wmu","id":"2er7d7hdefy5wmu"},"id":"l1wdzxhmo7qtbuy","previousOperationId":"ny4jxg6gacsw5mt"}
{"type":"log","timestamp":1771367936392,"level":"debug","message":"Page request: GET (document) file:///tmp/jsreport/autocleanup/7d92492b-d734-4b93-9f41-c74a3d18adec-chrome-pdf.html","meta":{"rootId":"2er7d7hdefy5wmu","id":"2er7d7hdefy5wmu"},"id":"u6f56agwax5duw1","previousOperationId":"ny4jxg6gacsw5mt"}
{"type":"log","timestamp":1771367936453,"level":"debug","message":"Page request finished: GET (document) 200 file:///tmp/jsreport/autocleanup/7d92492b-d734-4b93-9f41-c74a3d18adec-chrome-pdf.html","meta":{"rootId":"2er7d7hdefy5wmu","id":"2er7d7hdefy5wmu"},"id":"a717rwlbdc1buj2","previousOperationId":"ny4jxg6gacsw5mt"}
{"type":"log","timestamp":1771367936457,"level":"debug","message":"Page request: GET (image) https://paciolibucket.s3.us-east-2.amazonaws.com/orgs/c64b69f6759a43a1bc0ae31961876751/companies/logos/e9767ff4-7186-447f-a397-208ea6bbfdb8_ninosfelices.png?X-Amz-Expires=600&X-Amz-Algorithm=AWS4-HMAC-SHA256&X-Amz-Credential=AKIAVYV5Z6T6UQ4ARWOC%2F20260217%2Fus-east-2%2Fs3%2Faws4_request&X-Amz-Date=20260217T223854Z&X-Amz-SignedHeaders=host&X-Amz-Signature=775453555eac2a997605164d11491b9c287e0ebe8f66d68f636bb656560a09bb","meta":{"rootId":"2er7d7hdefy5wmu","id":"2er7d7hdefy5wmu"},"id":"dd5zouvimoa85am","previousOperationId":"ny4jxg6gacsw5mt"}
{"type":"log","timestamp":1771367937141,"level":"debug","message":"Page request finished: GET (image) 200 https://paciolibucket.s3.us-east-2.amazonaws.com/orgs/c64b69f6759a43a1bc0ae31961876751/companies/logos/e9767ff4-7186-447f-a397-208ea6bbfdb8_ninosfelices.png?X-Amz-Expires=600&X-Amz-Algorithm=AWS4-HMAC-SHA256&X-Amz-Credential=AKIAVYV5Z6T6UQ4ARWOC%2F20260217%2Fus-east-2%2Fs3%2Faws4_request&X-Amz-Date=20260217T223854Z&X-Amz-SignedHeaders=host&X-Amz-Signature=775453555eac2a997605164d11491b9c287e0ebe8f66d68f636bb656560a09bb","meta":{"rootId":"2er7d7hdefy5wmu","id":"2er7d7hdefy5wmu"},"id":"282pou7zz0elwo5","previousOperationId":"ny4jxg6gacsw5mt"}
{"type":"log","timestamp":1771367937149,"level":"debug","message":"Running chrome with params {\"printBackground\":true,\"timeout\":59632,\"margin\":{}}","meta":{"rootId":"2er7d7hdefy5wmu","id":"2er7d7hdefy5wmu"},"id":"12yoj9i1knlwfpo","previousOperationId":"ny4jxg6gacsw5mt"}
{"type":"operationEnd","operationId":"ny4jxg6gacsw5mt","timestamp":1771367937318,"id":"ht7z4v7wvk1vhg8","previousEventId":"rv9eax7pcr7397c","previousOperationId":"ny4jxg6gacsw5mt"}
{"type":"log","timestamp":1771367937319,"level":"debug","message":"Skipping storing report.","meta":{"rootId":"2er7d7hdefy5wmu","id":"2er7d7hdefy5wmu"},"id":"moltihu248p0xtw","previousOperationId":"ny4jxg6gacsw5mt"}
{"type":"log","timestamp":1771367937319,"level":"info","message":"Rendering request 35 finished in 2464 ms","meta":{"rootId":"2er7d7hdefy5wmu","id":"2er7d7hdefy5wmu"},"id":"f6brtc9nl5o6r6p","previousOperationId":"ny4jxg6gacsw5mt"}
{"type":"operationEnd","subtype":"render","operationId":"mry20v0orskwv8t","timestamp":1771367937319,"id":"qcvsod6zwa4wbyk","previousEventId":"ht7z4v7wvk1vhg8","previousOperationId":"ny4jxg6gacsw5mt"}
{"type":"operationEnd","doDiffs":false,"previousEventId":"i1fbwel2qcr9zpr","previousOperationId":"xj0thsm1tain26h","operationId":"xj0thsm1tain26h","timestamp":1771367937322,"id":"bi9um5dv78si6hr"}
