{"type":"operationStart","subtype":"profile","data":{"_id":"OYbBB63nezpnJ6gy","timestamp":"2026-01-23T00:35:36.040Z","state":"queued","mode":"standard","creationDate":"2026-01-23T00:35:36.041Z","modificationDate":"2026-01-23T00:35:36.041Z","shortid":"aMFaJfk","$entitySet":"profiles"},"doDiffs":false,"timestamp":1769128536040,"id":"r5ywuzxmavkfun2","previousOperationId":null,"operationId":"u8zg6j7rrwap15r"}
{"type":"log","level":"info","message":"Render request 4 queued for execution and waiting for available worker","previousOperationId":"u8zg6j7rrwap15r","timestamp":1769128536041,"id":"7kvh8eztcjt51d2"}
{"type":"operationStart","subtype":"render","name":"journal-entry-v1","previousOperationId":"u8zg6j7rrwap15r","timestamp":1769128536102,"id":"8my1notunv3sceu","previousEventId":"r5ywuzxmavkfun2","operationId":"wenhsq8lq3md8bd"}
{"type":"log","timestamp":1769128536105,"level":"info","message":"Starting rendering request 4","meta":{"rootId":"2qvwz92thsg093i","id":"2qvwz92thsg093i"},"id":"7nlyb3dnlc9ybch","previousOperationId":"wenhsq8lq3md8bd"}
{"type":"log","timestamp":1769128536108,"level":"info","message":"Rendering template { name: journal-entry-v1, recipe: chrome-pdf, engine: handlebars, preview: true }","meta":{"rootId":"2qvwz92thsg093i","id":"2qvwz92thsg093i"},"id":"1lonln8qwa6wii3","previousOperationId":"wenhsq8lq3md8bd"}
{"type":"log","timestamp":1769128536122,"level":"debug","message":"Adding sample data 1aIVzc9G4","meta":{"rootId":"2qvwz92thsg093i","id":"2qvwz92thsg093i"},"id":"syislznund3gkxx","previousOperationId":"wenhsq8lq3md8bd"}
{"type":"log","timestamp":1769128536140,"level":"debug","message":"Base url not specified, skipping its injection.","meta":{"rootId":"2qvwz92thsg093i","id":"2qvwz92thsg093i"},"id":"cahocg11nmrywn9","previousOperationId":"wenhsq8lq3md8bd"}
{"type":"operationStart","subtype":"engine","name":"handlebars","timestamp":1769128536144,"id":"3k077sun0ior2gi","previousEventId":"8my1notunv3sceu","operationId":"96gttntvdy9vl2j","previousOperationId":"wenhsq8lq3md8bd"}
{"type":"log","timestamp":1769128536144,"level":"debug","message":"Rendering engine handlebars","meta":{"rootId":"2qvwz92thsg093i","id":"2qvwz92thsg093i"},"id":"0g7pynhkvb0s8x6","previousOperationId":"96gttntvdy9vl2j"}
{"type":"operationEnd","operationId":"96gttntvdy9vl2j","timestamp":1769128536325,"id":"s3y0g1d4ehhztzf","previousEventId":"3k077sun0ior2gi","previousOperationId":"96gttntvdy9vl2j"}
{"type":"operationStart","subtype":"recipe","name":"chrome-pdf","timestamp":1769128536326,"id":"13lczznwa3k1sm2","previousEventId":"s3y0g1d4ehhztzf","operationId":"woixni3728mazxs","previousOperationId":"96gttntvdy9vl2j"}
{"type":"log","timestamp":1769128536326,"level":"debug","message":"Executing recipe chrome-pdf","meta":{"rootId":"2qvwz92thsg093i","id":"2qvwz92thsg093i"},"id":"b34iadz6tqfmcos","previousOperationId":"woixni3728mazxs"}
{"type":"log","timestamp":1769128536340,"level":"debug","message":"Converting with chrome Chrome/142.0.7444.175 using chrome-pool strategy","meta":{"rootId":"2qvwz92thsg093i","id":"2qvwz92thsg093i"},"id":"l1btr29mlywem1s","previousOperationId":"woixni3728mazxs"}
{"type":"log","timestamp":1769128536444,"level":"debug","message":"Page request: GET (document) file:///tmp/jsreport/autocleanup/15077f73-015e-4df2-8fa7-73585abf433e-chrome-pdf.html","meta":{"rootId":"2qvwz92thsg093i","id":"2qvwz92thsg093i"},"id":"xlzy73t11l3qay9","previousOperationId":"woixni3728mazxs"}
{"type":"log","timestamp":1769128536460,"level":"debug","message":"Page request finished: GET (document) 200 file:///tmp/jsreport/autocleanup/15077f73-015e-4df2-8fa7-73585abf433e-chrome-pdf.html","meta":{"rootId":"2qvwz92thsg093i","id":"2qvwz92thsg093i"},"id":"hpj3e9x9jhd8i1d","previousOperationId":"woixni3728mazxs"}
{"type":"log","timestamp":1769128536461,"level":"debug","message":"Page request: GET (image) https://paciolibucket.s3.us-east-2.amazonaws.com/orgs/c64b69f6759a43a1bc0ae31961876751/companies/logos/e9767ff4-7186-447f-a397-208ea6bbfdb8_ninosfelices.png?X-Amz-Expires=600&X-Amz-Algorithm=AWS4-HMAC-SHA256&X-Amz-Credential=AKIAVYV5Z6T6UQ4ARWOC%2F20260122%2Fus-east-2%2Fs3%2Faws4_request&X-Amz-Date=20260122T033528Z&X-Amz-SignedHeaders=host&X-Amz-Signature=9b633606df821d9898111391bdf513f485b895efcc031a2d8642978865590d15","meta":{"rootId":"2qvwz92thsg093i","id":"2qvwz92thsg093i"},"id":"qw0opfim7ruuh45","previousOperationId":"woixni3728mazxs"}
{"type":"log","timestamp":1769128536842,"level":"warn","message":"Page request failed: GET (image) https://paciolibucket.s3.us-east-2.amazonaws.com/orgs/c64b69f6759a43a1bc0ae31961876751/companies/logos/e9767ff4-7186-447f-a397-208ea6bbfdb8_ninosfelices.png?X-Amz-Expires=600&X-Amz-Algorithm=AWS4-HMAC-SHA256&X-Amz-Credential=AKIAVYV5Z6T6UQ4ARWOC%2F20260122%2Fus-east-2%2Fs3%2Faws4_request&X-Amz-Date=20260122T033528Z&X-Amz-SignedHeaders=host&X-Amz-Signature=9b633606df821d9898111391bdf513f485b895efcc031a2d8642978865590d15, failure: net::ERR_BLOCKED_BY_ORB","meta":{"rootId":"2qvwz92thsg093i","id":"2qvwz92thsg093i"},"id":"2hofxbdm0qsbyns","previousOperationId":"woixni3728mazxs"}
{"type":"log","timestamp":1769128536846,"level":"debug","message":"Running chrome with params {\"printBackground\":true,\"timeout\":59710,\"margin\":{}}","meta":{"rootId":"2qvwz92thsg093i","id":"2qvwz92thsg093i"},"id":"fd484nimfk6usr9","previousOperationId":"woixni3728mazxs"}
{"type":"operationEnd","operationId":"woixni3728mazxs","timestamp":1769128536906,"id":"srkjxi4kmc21ytb","previousEventId":"13lczznwa3k1sm2","previousOperationId":"woixni3728mazxs"}
{"type":"log","timestamp":1769128536907,"level":"debug","message":"Skipping storing report.","meta":{"rootId":"2qvwz92thsg093i","id":"2qvwz92thsg093i"},"id":"76mlhbvf6c57asi","previousOperationId":"woixni3728mazxs"}
{"type":"log","timestamp":1769128536907,"level":"info","message":"Rendering request 4 finished in 868 ms","meta":{"rootId":"2qvwz92thsg093i","id":"2qvwz92thsg093i"},"id":"2p8mxl9y68fawwx","previousOperationId":"woixni3728mazxs"}
{"type":"operationEnd","subtype":"render","operationId":"wenhsq8lq3md8bd","timestamp":1769128536907,"id":"9jw9o6aafw6ta1c","previousEventId":"srkjxi4kmc21ytb","previousOperationId":"woixni3728mazxs"}
{"type":"operationEnd","doDiffs":false,"previousEventId":"r5ywuzxmavkfun2","previousOperationId":"u8zg6j7rrwap15r","operationId":"u8zg6j7rrwap15r","timestamp":1769128536910,"id":"sbj7xqb32625wgv"}
