{"type":"operationStart","subtype":"profile","data":{"_id":"9hBTcha0mDFZ0moP","timestamp":"2026-02-16T18:45:23.219Z","state":"queued","mode":"standard","creationDate":"2026-02-16T18:45:23.237Z","modificationDate":"2026-02-16T18:45:23.237Z","shortid":"XoZ2jlz","$entitySet":"profiles"},"doDiffs":false,"timestamp":1771267523228,"id":"wwh81lmj2rvqb7x","previousOperationId":null,"operationId":"7iy9q1367fnnvfk"}
{"type":"log","level":"info","message":"Render request 5 queued for execution and waiting for available worker","previousOperationId":"7iy9q1367fnnvfk","timestamp":1771267523228,"id":"aqkgr33rz8y1oou"}
{"type":"operationStart","subtype":"render","name":"journal-entry-v1","previousOperationId":"7iy9q1367fnnvfk","timestamp":1771267523341,"id":"rjzxgekxixepn1r","previousEventId":"wwh81lmj2rvqb7x","operationId":"5c2pf8kd6zuwreu"}
{"type":"log","timestamp":1771267523348,"level":"info","message":"Starting rendering request 5","meta":{"rootId":"2tguke8c3yw6atm","id":"2tguke8c3yw6atm"},"id":"gcfkkughs27khoq","previousOperationId":"5c2pf8kd6zuwreu"}
{"type":"log","timestamp":1771267523350,"level":"info","message":"Rendering template { name: journal-entry-v1, recipe: chrome-pdf, engine: handlebars, preview: false }","meta":{"rootId":"2tguke8c3yw6atm","id":"2tguke8c3yw6atm"},"id":"8dpye1rdxxg2j3z","previousOperationId":"5c2pf8kd6zuwreu"}
{"type":"log","timestamp":1771267523354,"level":"debug","message":"Inline data specified.","meta":{"rootId":"2tguke8c3yw6atm","id":"2tguke8c3yw6atm"},"id":"3bfpnyidg90l34w","previousOperationId":"5c2pf8kd6zuwreu"}
{"type":"log","timestamp":1771267523359,"level":"debug","message":"Base url not specified, skipping its injection.","meta":{"rootId":"2tguke8c3yw6atm","id":"2tguke8c3yw6atm"},"id":"flbr5tvolnfe9yb","previousOperationId":"5c2pf8kd6zuwreu"}
{"type":"operationStart","subtype":"engine","name":"handlebars","timestamp":1771267523365,"id":"5oiv4tz2z96z4r9","previousEventId":"rjzxgekxixepn1r","operationId":"754d6r1lbuv0l0o","previousOperationId":"5c2pf8kd6zuwreu"}
{"type":"log","timestamp":1771267523365,"level":"debug","message":"Rendering engine handlebars","meta":{"rootId":"2tguke8c3yw6atm","id":"2tguke8c3yw6atm"},"id":"y06pupur502nxj3","previousOperationId":"754d6r1lbuv0l0o"}
{"type":"operationEnd","operationId":"754d6r1lbuv0l0o","timestamp":1771267523446,"id":"d0pl69hbh5gaqtf","previousEventId":"5oiv4tz2z96z4r9","previousOperationId":"754d6r1lbuv0l0o"}
{"type":"operationStart","subtype":"recipe","name":"chrome-pdf","timestamp":1771267523448,"id":"pfls8x0ash70op7","previousEventId":"d0pl69hbh5gaqtf","operationId":"8ac81bwzgzhqvqs","previousOperationId":"754d6r1lbuv0l0o"}
{"type":"log","timestamp":1771267523448,"level":"debug","message":"Executing recipe chrome-pdf","meta":{"rootId":"2tguke8c3yw6atm","id":"2tguke8c3yw6atm"},"id":"sz1fe7mxe0gpt2h","previousOperationId":"8ac81bwzgzhqvqs"}
{"type":"log","timestamp":1771267523490,"level":"debug","message":"Converting with chrome Chrome/142.0.7444.175 using chrome-pool strategy","meta":{"rootId":"2tguke8c3yw6atm","id":"2tguke8c3yw6atm"},"id":"2o25dfav51zv8pg","previousOperationId":"8ac81bwzgzhqvqs"}
{"type":"log","timestamp":1771267523962,"level":"debug","message":"Page request: GET (document) file:///tmp/jsreport/autocleanup/fb953d2a-5164-4c54-9a76-fc381eae953d-chrome-pdf.html","meta":{"rootId":"2tguke8c3yw6atm","id":"2tguke8c3yw6atm"},"id":"otfil389cv1oq4b","previousOperationId":"8ac81bwzgzhqvqs"}
{"type":"log","timestamp":1771267524002,"level":"debug","message":"Page request finished: GET (document) 200 file:///tmp/jsreport/autocleanup/fb953d2a-5164-4c54-9a76-fc381eae953d-chrome-pdf.html","meta":{"rootId":"2tguke8c3yw6atm","id":"2tguke8c3yw6atm"},"id":"vzs0az3b3k35alv","previousOperationId":"8ac81bwzgzhqvqs"}
{"type":"log","timestamp":1771267524005,"level":"debug","message":"Page request: GET (image) https://paciolibucket.s3.us-east-2.amazonaws.com/orgs/c64b69f6759a43a1bc0ae31961876751/companies/logos/e9767ff4-7186-447f-a397-208ea6bbfdb8_ninosfelices.png?X-Amz-Expires=600&X-Amz-Algorithm=AWS4-HMAC-SHA256&X-Amz-Credential=AKIAVYV5Z6T6UQ4ARWOC%2F20260216%2Fus-east-2%2Fs3%2Faws4_request&X-Amz-Date=20260216T184522Z&X-Amz-SignedHeaders=host&X-Amz-Signature=649cdc6566a42cc14bd9695093ee0c25c2f5c728b3be2de2bbe752a79746685c","meta":{"rootId":"2tguke8c3yw6atm","id":"2tguke8c3yw6atm"},"id":"p78p3okfraxdsei","previousOperationId":"8ac81bwzgzhqvqs"}
{"type":"log","timestamp":1771267524683,"level":"debug","message":"Page request finished: GET (image) 200 https://paciolibucket.s3.us-east-2.amazonaws.com/orgs/c64b69f6759a43a1bc0ae31961876751/companies/logos/e9767ff4-7186-447f-a397-208ea6bbfdb8_ninosfelices.png?X-Amz-Expires=600&X-Amz-Algorithm=AWS4-HMAC-SHA256&X-Amz-Credential=AKIAVYV5Z6T6UQ4ARWOC%2F20260216%2Fus-east-2%2Fs3%2Faws4_request&X-Amz-Date=20260216T184522Z&X-Amz-SignedHeaders=host&X-Amz-Signature=649cdc6566a42cc14bd9695093ee0c25c2f5c728b3be2de2bbe752a79746685c","meta":{"rootId":"2tguke8c3yw6atm","id":"2tguke8c3yw6atm"},"id":"jsv2f5c45i35njd","previousOperationId":"8ac81bwzgzhqvqs"}
{"type":"log","timestamp":1771267524687,"level":"debug","message":"Running chrome with params {\"printBackground\":true,\"timeout\":59749,\"margin\":{}}","meta":{"rootId":"2tguke8c3yw6atm","id":"2tguke8c3yw6atm"},"id":"9wfi6309dc5r34t","previousOperationId":"8ac81bwzgzhqvqs"}
{"type":"operationEnd","operationId":"8ac81bwzgzhqvqs","timestamp":1771267524812,"id":"b52dqwbnn67bd85","previousEventId":"pfls8x0ash70op7","previousOperationId":"8ac81bwzgzhqvqs"}
{"type":"log","timestamp":1771267524814,"level":"debug","message":"Skipping storing report.","meta":{"rootId":"2tguke8c3yw6atm","id":"2tguke8c3yw6atm"},"id":"o0tifeg77bylemk","previousOperationId":"8ac81bwzgzhqvqs"}
{"type":"log","timestamp":1771267524814,"level":"info","message":"Rendering request 5 finished in 1607 ms","meta":{"rootId":"2tguke8c3yw6atm","id":"2tguke8c3yw6atm"},"id":"k59vpw16ren3wiq","previousOperationId":"8ac81bwzgzhqvqs"}
{"type":"operationEnd","subtype":"render","operationId":"5c2pf8kd6zuwreu","timestamp":1771267524814,"id":"ow04zv51fwidxgq","previousEventId":"b52dqwbnn67bd85","previousOperationId":"8ac81bwzgzhqvqs"}
{"type":"operationEnd","doDiffs":false,"previousEventId":"wwh81lmj2rvqb7x","previousOperationId":"7iy9q1367fnnvfk","operationId":"7iy9q1367fnnvfk","timestamp":1771267524817,"id":"ve7ocv8jbr5hr2z"}
