{"type":"operationStart","subtype":"profile","data":{"_id":"QpY3njXsoMosk1Sr","timestamp":"2026-01-22T01:46:22.135Z","state":"queued","mode":"standard","creationDate":"2026-01-22T01:46:22.154Z","modificationDate":"2026-01-22T01:46:22.154Z","shortid":"9xshnJj","$entitySet":"profiles"},"doDiffs":false,"timestamp":1769046382140,"id":"a85kwdl5ckih00d","previousOperationId":null,"operationId":"065rt2uzv9v8nga"}
{"type":"log","level":"info","message":"Render request 45 queued for execution and waiting for available worker","previousOperationId":"065rt2uzv9v8nga","timestamp":1769046382141,"id":"l5cyfhrw9xvs4us"}
{"type":"operationStart","subtype":"render","name":"journal-entry-v1","previousOperationId":"065rt2uzv9v8nga","timestamp":1769046382247,"id":"tdd9r5telybqod2","previousEventId":"a85kwdl5ckih00d","operationId":"ksmwbvugk1bgtt0"}
{"type":"log","timestamp":1769046382252,"level":"info","message":"Starting rendering request 45","meta":{"rootId":"35z9cej02tevgoo","id":"35z9cej02tevgoo"},"id":"l02pb8znycxybmc","previousOperationId":"ksmwbvugk1bgtt0"}
{"type":"log","timestamp":1769046382257,"level":"info","message":"Rendering template { name: journal-entry-v1, recipe: chrome-pdf, engine: handlebars, preview: false }","meta":{"rootId":"35z9cej02tevgoo","id":"35z9cej02tevgoo"},"id":"b9x18jafjrbario","previousOperationId":"ksmwbvugk1bgtt0"}
{"type":"log","timestamp":1769046382263,"level":"debug","message":"Inline data specified.","meta":{"rootId":"35z9cej02tevgoo","id":"35z9cej02tevgoo"},"id":"9gtiszzdsdklhiy","previousOperationId":"ksmwbvugk1bgtt0"}
{"type":"log","timestamp":1769046382269,"level":"debug","message":"Base url not specified, skipping its injection.","meta":{"rootId":"35z9cej02tevgoo","id":"35z9cej02tevgoo"},"id":"ioe4s2613oi8212","previousOperationId":"ksmwbvugk1bgtt0"}
{"type":"operationStart","subtype":"engine","name":"handlebars","timestamp":1769046382279,"id":"ewp0bvrmzf2uaum","previousEventId":"tdd9r5telybqod2","operationId":"fun8r1yaonhil1f","previousOperationId":"ksmwbvugk1bgtt0"}
{"type":"log","timestamp":1769046382279,"level":"debug","message":"Rendering engine handlebars","meta":{"rootId":"35z9cej02tevgoo","id":"35z9cej02tevgoo"},"id":"vdj3rm4uvhz3gw0","previousOperationId":"fun8r1yaonhil1f"}
{"type":"operationEnd","operationId":"fun8r1yaonhil1f","timestamp":1769046382462,"id":"uqkj2eip4civ0ab","previousEventId":"ewp0bvrmzf2uaum","previousOperationId":"fun8r1yaonhil1f"}
{"type":"operationStart","subtype":"recipe","name":"chrome-pdf","timestamp":1769046382464,"id":"abqx9uwayry77v0","previousEventId":"uqkj2eip4civ0ab","operationId":"roth5mzl2qistda","previousOperationId":"fun8r1yaonhil1f"}
{"type":"log","timestamp":1769046382464,"level":"debug","message":"Executing recipe chrome-pdf","meta":{"rootId":"35z9cej02tevgoo","id":"35z9cej02tevgoo"},"id":"r9dkwcta7z0sode","previousOperationId":"roth5mzl2qistda"}
{"type":"log","timestamp":1769046382494,"level":"debug","message":"Converting with chrome Chrome/142.0.7444.175 using chrome-pool strategy","meta":{"rootId":"35z9cej02tevgoo","id":"35z9cej02tevgoo"},"id":"qlsy5u1axny3a93","previousOperationId":"roth5mzl2qistda"}
{"type":"log","timestamp":1769046382833,"level":"debug","message":"Page request: GET (document) file:///tmp/jsreport/autocleanup/3ea9a56f-4b85-4047-80bc-d38c7f691c91-chrome-pdf.html","meta":{"rootId":"35z9cej02tevgoo","id":"35z9cej02tevgoo"},"id":"3mts4dij25dd0mn","previousOperationId":"roth5mzl2qistda"}
{"type":"log","timestamp":1769046382864,"level":"debug","message":"Page request finished: GET (document) 200 file:///tmp/jsreport/autocleanup/3ea9a56f-4b85-4047-80bc-d38c7f691c91-chrome-pdf.html","meta":{"rootId":"35z9cej02tevgoo","id":"35z9cej02tevgoo"},"id":"vj7cro0il288qyf","previousOperationId":"roth5mzl2qistda"}
{"type":"log","timestamp":1769046382905,"level":"debug","message":"Running chrome with params {\"printBackground\":true,\"timeout\":59649,\"margin\":{}}","meta":{"rootId":"35z9cej02tevgoo","id":"35z9cej02tevgoo"},"id":"9fofe6ixt37va9y","previousOperationId":"roth5mzl2qistda"}
{"type":"operationEnd","operationId":"roth5mzl2qistda","timestamp":1769046382981,"id":"erhgq1bylevrw4q","previousEventId":"abqx9uwayry77v0","previousOperationId":"roth5mzl2qistda"}
{"type":"log","timestamp":1769046382981,"level":"debug","message":"Skipping storing report.","meta":{"rootId":"35z9cej02tevgoo","id":"35z9cej02tevgoo"},"id":"6rwq3q6e4ycwytr","previousOperationId":"roth5mzl2qistda"}
{"type":"log","timestamp":1769046382981,"level":"info","message":"Rendering request 45 finished in 858 ms","meta":{"rootId":"35z9cej02tevgoo","id":"35z9cej02tevgoo"},"id":"0ncgxjtzqogdy0d","previousOperationId":"roth5mzl2qistda"}
{"type":"operationEnd","subtype":"render","operationId":"ksmwbvugk1bgtt0","timestamp":1769046382981,"id":"57zmgpqtedwibjw","previousEventId":"erhgq1bylevrw4q","previousOperationId":"roth5mzl2qistda"}
{"type":"operationEnd","doDiffs":false,"previousEventId":"a85kwdl5ckih00d","previousOperationId":"065rt2uzv9v8nga","operationId":"065rt2uzv9v8nga","timestamp":1769046382983,"id":"oib6yzkbrkpcbxk"}
