{"type":"operationStart","subtype":"profile","data":{"_id":"ZUUCjuea4sYzWwgY","timestamp":"2026-01-22T03:32:27.009Z","state":"queued","mode":"standard","creationDate":"2026-01-22T03:32:27.011Z","modificationDate":"2026-01-22T03:32:27.011Z","shortid":"XBiCKWZ","$entitySet":"profiles"},"doDiffs":false,"timestamp":1769052747011,"id":"nbrk54mw0drstyu","previousOperationId":null,"operationId":"vhd4jp14burlzyt"}
{"type":"log","level":"info","message":"Render request 88 queued for execution and waiting for available worker","previousOperationId":"vhd4jp14burlzyt","timestamp":1769052747011,"id":"dcbea8xd9rqa3t3"}
{"type":"operationStart","subtype":"render","name":"journal-entry-v1","previousOperationId":"vhd4jp14burlzyt","timestamp":1769052747087,"id":"ubv63dvqi71tpci","previousEventId":"nbrk54mw0drstyu","operationId":"1ddhhg6i17krya7"}
{"type":"log","timestamp":1769052747095,"level":"info","message":"Starting rendering request 88","meta":{"rootId":"3lvwsfymxm6hcvw","id":"3lvwsfymxm6hcvw"},"id":"qq9sqx6rh4lbhbw","previousOperationId":"1ddhhg6i17krya7"}
{"type":"log","timestamp":1769052747103,"level":"info","message":"Rendering template { name: journal-entry-v1, recipe: chrome-pdf, engine: handlebars, preview: false }","meta":{"rootId":"3lvwsfymxm6hcvw","id":"3lvwsfymxm6hcvw"},"id":"r55s7e0sq07c1v4","previousOperationId":"1ddhhg6i17krya7"}
{"type":"log","timestamp":1769052747110,"level":"debug","message":"Inline data specified.","meta":{"rootId":"3lvwsfymxm6hcvw","id":"3lvwsfymxm6hcvw"},"id":"tfvg2vt8u5memo2","previousOperationId":"1ddhhg6i17krya7"}
{"type":"log","timestamp":1769052747116,"level":"debug","message":"Base url not specified, skipping its injection.","meta":{"rootId":"3lvwsfymxm6hcvw","id":"3lvwsfymxm6hcvw"},"id":"no1r4z8273lbjk3","previousOperationId":"1ddhhg6i17krya7"}
{"type":"operationStart","subtype":"engine","name":"handlebars","timestamp":1769052747126,"id":"0mr9dby3lwv3mq5","previousEventId":"ubv63dvqi71tpci","operationId":"w4bjvroi11fdopn","previousOperationId":"1ddhhg6i17krya7"}
{"type":"log","timestamp":1769052747126,"level":"debug","message":"Rendering engine handlebars","meta":{"rootId":"3lvwsfymxm6hcvw","id":"3lvwsfymxm6hcvw"},"id":"wxn5ebkos4o5066","previousOperationId":"w4bjvroi11fdopn"}
{"type":"operationEnd","operationId":"w4bjvroi11fdopn","timestamp":1769052747210,"id":"ckjznx12p6dfe7h","previousEventId":"0mr9dby3lwv3mq5","previousOperationId":"w4bjvroi11fdopn"}
{"type":"operationStart","subtype":"recipe","name":"chrome-pdf","timestamp":1769052747212,"id":"yovepjz2gyr2oqm","previousEventId":"ckjznx12p6dfe7h","operationId":"1j8mbx2klkqlma5","previousOperationId":"w4bjvroi11fdopn"}
{"type":"log","timestamp":1769052747212,"level":"debug","message":"Executing recipe chrome-pdf","meta":{"rootId":"3lvwsfymxm6hcvw","id":"3lvwsfymxm6hcvw"},"id":"r9629b2h7hdxqi3","previousOperationId":"1j8mbx2klkqlma5"}
{"type":"log","timestamp":1769052747247,"level":"debug","message":"Converting with chrome Chrome/142.0.7444.175 using chrome-pool strategy","meta":{"rootId":"3lvwsfymxm6hcvw","id":"3lvwsfymxm6hcvw"},"id":"fs226a56rw2cmt9","previousOperationId":"1j8mbx2klkqlma5"}
{"type":"log","timestamp":1769052747469,"level":"debug","message":"Page request: GET (document) file:///tmp/jsreport/autocleanup/413269e6-95ff-44e2-a242-f1f2158691c9-chrome-pdf.html","meta":{"rootId":"3lvwsfymxm6hcvw","id":"3lvwsfymxm6hcvw"},"id":"73pa2b6679v8eva","previousOperationId":"1j8mbx2klkqlma5"}
{"type":"log","timestamp":1769052747499,"level":"debug","message":"Page request finished: GET (document) 200 file:///tmp/jsreport/autocleanup/413269e6-95ff-44e2-a242-f1f2158691c9-chrome-pdf.html","meta":{"rootId":"3lvwsfymxm6hcvw","id":"3lvwsfymxm6hcvw"},"id":"497fqxzu4qjs5tt","previousOperationId":"1j8mbx2klkqlma5"}
{"type":"log","timestamp":1769052747500,"level":"debug","message":"Page request: GET (image) https://paciolibucket.s3.us-east-2.amazonaws.com/orgs/c64b69f6759a43a1bc0ae31961876751/companies/logos/e9767ff4-7186-447f-a397-208ea6bbfdb8_ninosfelices.png?X-Amz-Expires=600&X-Amz-Algorithm=AWS4-HMAC-SHA256&X-Amz-Credential=AKIAVYV5Z6T6UQ4ARWOC%2F20260122%2Fus-east-2%2Fs3%2Faws4_request&X-Amz-Date=20260122T033226Z&X-Amz-SignedHeaders=host&X-Amz-Signature=2079c8df235a16920ebf12d2ec4245b2d4b4e639ebeb34a82f6af8efdebd442f","meta":{"rootId":"3lvwsfymxm6hcvw","id":"3lvwsfymxm6hcvw"},"id":"pfdd3mmoranb8jv","previousOperationId":"1j8mbx2klkqlma5"}
{"type":"log","timestamp":1769052748095,"level":"debug","message":"Page request finished: GET (image) 200 https://paciolibucket.s3.us-east-2.amazonaws.com/orgs/c64b69f6759a43a1bc0ae31961876751/companies/logos/e9767ff4-7186-447f-a397-208ea6bbfdb8_ninosfelices.png?X-Amz-Expires=600&X-Amz-Algorithm=AWS4-HMAC-SHA256&X-Amz-Credential=AKIAVYV5Z6T6UQ4ARWOC%2F20260122%2Fus-east-2%2Fs3%2Faws4_request&X-Amz-Date=20260122T033226Z&X-Amz-SignedHeaders=host&X-Amz-Signature=2079c8df235a16920ebf12d2ec4245b2d4b4e639ebeb34a82f6af8efdebd442f","meta":{"rootId":"3lvwsfymxm6hcvw","id":"3lvwsfymxm6hcvw"},"id":"9q7fnk4cusj1kfl","previousOperationId":"1j8mbx2klkqlma5"}
{"type":"log","timestamp":1769052748099,"level":"debug","message":"Running chrome with params {\"printBackground\":true,\"timeout\":59785,\"margin\":{}}","meta":{"rootId":"3lvwsfymxm6hcvw","id":"3lvwsfymxm6hcvw"},"id":"38wlt7fgtlkjcaj","previousOperationId":"1j8mbx2klkqlma5"}
{"type":"operationEnd","operationId":"1j8mbx2klkqlma5","timestamp":1769052748204,"id":"62qveka0s0h515v","previousEventId":"yovepjz2gyr2oqm","previousOperationId":"1j8mbx2klkqlma5"}
{"type":"log","timestamp":1769052748205,"level":"debug","message":"Skipping storing report.","meta":{"rootId":"3lvwsfymxm6hcvw","id":"3lvwsfymxm6hcvw"},"id":"ek3nxv381on5vlr","previousOperationId":"1j8mbx2klkqlma5"}
{"type":"log","timestamp":1769052748205,"level":"info","message":"Rendering request 88 finished in 1196 ms","meta":{"rootId":"3lvwsfymxm6hcvw","id":"3lvwsfymxm6hcvw"},"id":"vztbs3ee0z0erzw","previousOperationId":"1j8mbx2klkqlma5"}
{"type":"operationEnd","subtype":"render","operationId":"1ddhhg6i17krya7","timestamp":1769052748205,"id":"dush3wazgpmvebv","previousEventId":"62qveka0s0h515v","previousOperationId":"1j8mbx2klkqlma5"}
{"type":"operationEnd","doDiffs":false,"previousEventId":"nbrk54mw0drstyu","previousOperationId":"vhd4jp14burlzyt","operationId":"vhd4jp14burlzyt","timestamp":1769052748209,"id":"fv2d14u93c4yg8q"}
