{"type":"operationStart","subtype":"profile","data":{"_id":"UBdbaBZUaqp01o7n","timestamp":"2026-01-22T02:40:29.656Z","state":"queued","mode":"standard","creationDate":"2026-01-22T02:40:29.694Z","modificationDate":"2026-01-22T02:40:29.694Z","shortid":"CkSnVJC","$entitySet":"profiles"},"doDiffs":false,"timestamp":1769049629668,"id":"cf6g8th1rbhiv7f","previousOperationId":null,"operationId":"ij44kcgd0qo2rdb"}
{"type":"log","level":"info","message":"Render request 65 queued for execution and waiting for available worker","previousOperationId":"ij44kcgd0qo2rdb","timestamp":1769049629668,"id":"13cix8khjnc40gm"}
{"type":"operationStart","subtype":"render","name":"journal-entry-v1","previousOperationId":"ij44kcgd0qo2rdb","timestamp":1769049629860,"id":"0yrirmkvfbgss3v","previousEventId":"cf6g8th1rbhiv7f","operationId":"1wqa9zcqy2bnib0"}
{"type":"log","timestamp":1769049629872,"level":"info","message":"Starting rendering request 65","meta":{"rootId":"3t24sx4ig6q1nsa","id":"3t24sx4ig6q1nsa"},"id":"i0r3elm7va64ca9","previousOperationId":"1wqa9zcqy2bnib0"}
{"type":"log","timestamp":1769049629886,"level":"info","message":"Rendering template { name: journal-entry-v1, recipe: chrome-pdf, engine: handlebars, preview: false }","meta":{"rootId":"3t24sx4ig6q1nsa","id":"3t24sx4ig6q1nsa"},"id":"sc6x0qax3cb3n6j","previousOperationId":"1wqa9zcqy2bnib0"}
{"type":"log","timestamp":1769049629928,"level":"debug","message":"Inline data specified.","meta":{"rootId":"3t24sx4ig6q1nsa","id":"3t24sx4ig6q1nsa"},"id":"f8q0zl4xg6iyc8u","previousOperationId":"1wqa9zcqy2bnib0"}
{"type":"log","timestamp":1769049629944,"level":"debug","message":"Base url not specified, skipping its injection.","meta":{"rootId":"3t24sx4ig6q1nsa","id":"3t24sx4ig6q1nsa"},"id":"hbjnju6cusjyvz1","previousOperationId":"1wqa9zcqy2bnib0"}
{"type":"operationStart","subtype":"engine","name":"handlebars","timestamp":1769049629957,"id":"zdircot69pxzo5g","previousEventId":"0yrirmkvfbgss3v","operationId":"po81e02st1724ll","previousOperationId":"1wqa9zcqy2bnib0"}
{"type":"log","timestamp":1769049629958,"level":"debug","message":"Rendering engine handlebars","meta":{"rootId":"3t24sx4ig6q1nsa","id":"3t24sx4ig6q1nsa"},"id":"05x36i1uxemwj8s","previousOperationId":"po81e02st1724ll"}
{"type":"operationEnd","operationId":"po81e02st1724ll","timestamp":1769049630100,"id":"sl7jzvqb2rf6duq","previousEventId":"zdircot69pxzo5g","previousOperationId":"po81e02st1724ll"}
{"type":"operationStart","subtype":"recipe","name":"chrome-pdf","timestamp":1769049630104,"id":"5bbmz52tksktrxz","previousEventId":"sl7jzvqb2rf6duq","operationId":"pu6l2bgj9syv0g2","previousOperationId":"po81e02st1724ll"}
{"type":"log","timestamp":1769049630104,"level":"debug","message":"Executing recipe chrome-pdf","meta":{"rootId":"3t24sx4ig6q1nsa","id":"3t24sx4ig6q1nsa"},"id":"sejboux4h0mxkzv","previousOperationId":"pu6l2bgj9syv0g2"}
{"type":"log","timestamp":1769049630172,"level":"debug","message":"Converting with chrome Chrome/142.0.7444.175 using chrome-pool strategy","meta":{"rootId":"3t24sx4ig6q1nsa","id":"3t24sx4ig6q1nsa"},"id":"0jyi2aw2zxb8h7k","previousOperationId":"pu6l2bgj9syv0g2"}
{"type":"log","timestamp":1769049630851,"level":"debug","message":"Page request: GET (document) file:///tmp/jsreport/autocleanup/1608d304-6fe8-408d-b28d-f750dcbd0d95-chrome-pdf.html","meta":{"rootId":"3t24sx4ig6q1nsa","id":"3t24sx4ig6q1nsa"},"id":"z2zi3aflp02yof0","previousOperationId":"pu6l2bgj9syv0g2"}
{"type":"log","timestamp":1769049630917,"level":"debug","message":"Page request finished: GET (document) 200 file:///tmp/jsreport/autocleanup/1608d304-6fe8-408d-b28d-f750dcbd0d95-chrome-pdf.html","meta":{"rootId":"3t24sx4ig6q1nsa","id":"3t24sx4ig6q1nsa"},"id":"liegioj9nj8f345","previousOperationId":"pu6l2bgj9syv0g2"}
{"type":"log","timestamp":1769049630997,"level":"debug","message":"Running chrome with params {\"printBackground\":true,\"timeout\":59515,\"margin\":{}}","meta":{"rootId":"3t24sx4ig6q1nsa","id":"3t24sx4ig6q1nsa"},"id":"7ktoiv8jxo94es4","previousOperationId":"pu6l2bgj9syv0g2"}
{"type":"operationEnd","operationId":"pu6l2bgj9syv0g2","timestamp":1769049631171,"id":"3fjr063iq1peg4p","previousEventId":"5bbmz52tksktrxz","previousOperationId":"pu6l2bgj9syv0g2"}
{"type":"log","timestamp":1769049631172,"level":"debug","message":"Skipping storing report.","meta":{"rootId":"3t24sx4ig6q1nsa","id":"3t24sx4ig6q1nsa"},"id":"zsuh3vope8g17ji","previousOperationId":"pu6l2bgj9syv0g2"}
{"type":"log","timestamp":1769049631172,"level":"info","message":"Rendering request 65 finished in 1534 ms","meta":{"rootId":"3t24sx4ig6q1nsa","id":"3t24sx4ig6q1nsa"},"id":"8tf97b0gpenotw3","previousOperationId":"pu6l2bgj9syv0g2"}
{"type":"operationEnd","subtype":"render","operationId":"1wqa9zcqy2bnib0","timestamp":1769049631172,"id":"k7zpb7zxhjvq64b","previousEventId":"3fjr063iq1peg4p","previousOperationId":"pu6l2bgj9syv0g2"}
{"type":"operationEnd","doDiffs":false,"previousEventId":"cf6g8th1rbhiv7f","previousOperationId":"ij44kcgd0qo2rdb","operationId":"ij44kcgd0qo2rdb","timestamp":1769049631176,"id":"aa842wuh7t90joy"}
