{"type":"operationStart","subtype":"profile","data":{"_id":"LCgwS5tBo47LkpXC","timestamp":"2026-02-16T18:45:31.411Z","state":"queued","mode":"standard","creationDate":"2026-02-16T18:45:31.413Z","modificationDate":"2026-02-16T18:45:31.413Z","shortid":"2WZP3gh","$entitySet":"profiles"},"doDiffs":false,"timestamp":1771267531412,"id":"vbzylrmvl7yt7wj","previousOperationId":null,"operationId":"4b86ia4aqirkm3n"}
{"type":"log","level":"info","message":"Render request 6 queued for execution and waiting for available worker","previousOperationId":"4b86ia4aqirkm3n","timestamp":1771267531412,"id":"613lg91pkstp2wd"}
{"type":"operationStart","subtype":"render","name":"journal-entry-v1","previousOperationId":"4b86ia4aqirkm3n","timestamp":1771267531500,"id":"4wvpnfjmnf67qxt","previousEventId":"vbzylrmvl7yt7wj","operationId":"oo1tq2jev3iwe5x"}
{"type":"log","timestamp":1771267531506,"level":"info","message":"Starting rendering request 6","meta":{"rootId":"431k89ie8vbn8xm","id":"431k89ie8vbn8xm"},"id":"2k3g9p06qe2f8u7","previousOperationId":"oo1tq2jev3iwe5x"}
{"type":"log","timestamp":1771267531509,"level":"info","message":"Rendering template { name: journal-entry-v1, recipe: chrome-pdf, engine: handlebars, preview: false }","meta":{"rootId":"431k89ie8vbn8xm","id":"431k89ie8vbn8xm"},"id":"fok1goqu7v3bq01","previousOperationId":"oo1tq2jev3iwe5x"}
{"type":"log","timestamp":1771267531513,"level":"debug","message":"Inline data specified.","meta":{"rootId":"431k89ie8vbn8xm","id":"431k89ie8vbn8xm"},"id":"8hvu9xo1fz6y09w","previousOperationId":"oo1tq2jev3iwe5x"}
{"type":"log","timestamp":1771267531518,"level":"debug","message":"Base url not specified, skipping its injection.","meta":{"rootId":"431k89ie8vbn8xm","id":"431k89ie8vbn8xm"},"id":"64ebkk9soqzh79z","previousOperationId":"oo1tq2jev3iwe5x"}
{"type":"operationStart","subtype":"engine","name":"handlebars","timestamp":1771267531525,"id":"6nwkshiny0j5j4f","previousEventId":"4wvpnfjmnf67qxt","operationId":"2otbb8vbzbbb3c7","previousOperationId":"oo1tq2jev3iwe5x"}
{"type":"log","timestamp":1771267531525,"level":"debug","message":"Rendering engine handlebars","meta":{"rootId":"431k89ie8vbn8xm","id":"431k89ie8vbn8xm"},"id":"m7hkcayqptua8dg","previousOperationId":"2otbb8vbzbbb3c7"}
{"type":"operationEnd","operationId":"2otbb8vbzbbb3c7","timestamp":1771267531583,"id":"f79e6vsv4e3nl7k","previousEventId":"6nwkshiny0j5j4f","previousOperationId":"2otbb8vbzbbb3c7"}
{"type":"operationStart","subtype":"recipe","name":"chrome-pdf","timestamp":1771267531584,"id":"i4ran70tt1s8py6","previousEventId":"f79e6vsv4e3nl7k","operationId":"f96ilp91ypzqlya","previousOperationId":"2otbb8vbzbbb3c7"}
{"type":"log","timestamp":1771267531584,"level":"debug","message":"Executing recipe chrome-pdf","meta":{"rootId":"431k89ie8vbn8xm","id":"431k89ie8vbn8xm"},"id":"r2elri0cfibkghb","previousOperationId":"f96ilp91ypzqlya"}
{"type":"log","timestamp":1771267531610,"level":"debug","message":"Converting with chrome Chrome/142.0.7444.175 using chrome-pool strategy","meta":{"rootId":"431k89ie8vbn8xm","id":"431k89ie8vbn8xm"},"id":"2jfoztc1z6fe6ld","previousOperationId":"f96ilp91ypzqlya"}
{"type":"log","timestamp":1771267531715,"level":"debug","message":"Page request: GET (document) file:///tmp/jsreport/autocleanup/b1cc9acd-be01-4ef8-a4b0-90881c1c5677-chrome-pdf.html","meta":{"rootId":"431k89ie8vbn8xm","id":"431k89ie8vbn8xm"},"id":"90i6s1m7sn1he85","previousOperationId":"f96ilp91ypzqlya"}
{"type":"log","timestamp":1771267531729,"level":"debug","message":"Page request finished: GET (document) 200 file:///tmp/jsreport/autocleanup/b1cc9acd-be01-4ef8-a4b0-90881c1c5677-chrome-pdf.html","meta":{"rootId":"431k89ie8vbn8xm","id":"431k89ie8vbn8xm"},"id":"3kbf17ful8d146i","previousOperationId":"f96ilp91ypzqlya"}
{"type":"log","timestamp":1771267531730,"level":"debug","message":"Page request: GET (image) https://paciolibucket.s3.us-east-2.amazonaws.com/orgs/c64b69f6759a43a1bc0ae31961876751/companies/logos/e9767ff4-7186-447f-a397-208ea6bbfdb8_ninosfelices.png?X-Amz-Expires=600&X-Amz-Algorithm=AWS4-HMAC-SHA256&X-Amz-Credential=AKIAVYV5Z6T6UQ4ARWOC%2F20260216%2Fus-east-2%2Fs3%2Faws4_request&X-Amz-Date=20260216T184531Z&X-Amz-SignedHeaders=host&X-Amz-Signature=68df350ee677d5fba50a7debaeca5a23d70687eb8d18232f66a2aedca7ba158c","meta":{"rootId":"431k89ie8vbn8xm","id":"431k89ie8vbn8xm"},"id":"hli9mxg4y2c9leh","previousOperationId":"f96ilp91ypzqlya"}
{"type":"log","timestamp":1771267532304,"level":"debug","message":"Page request finished: GET (image) 200 https://paciolibucket.s3.us-east-2.amazonaws.com/orgs/c64b69f6759a43a1bc0ae31961876751/companies/logos/e9767ff4-7186-447f-a397-208ea6bbfdb8_ninosfelices.png?X-Amz-Expires=600&X-Amz-Algorithm=AWS4-HMAC-SHA256&X-Amz-Credential=AKIAVYV5Z6T6UQ4ARWOC%2F20260216%2Fus-east-2%2Fs3%2Faws4_request&X-Amz-Date=20260216T184531Z&X-Amz-SignedHeaders=host&X-Amz-Signature=68df350ee677d5fba50a7debaeca5a23d70687eb8d18232f66a2aedca7ba158c","meta":{"rootId":"431k89ie8vbn8xm","id":"431k89ie8vbn8xm"},"id":"ij8titu072ifqme","previousOperationId":"f96ilp91ypzqlya"}
{"type":"log","timestamp":1771267532308,"level":"debug","message":"Running chrome with params {\"printBackground\":true,\"timeout\":59820,\"margin\":{}}","meta":{"rootId":"431k89ie8vbn8xm","id":"431k89ie8vbn8xm"},"id":"uqj6ahc03r4bc2a","previousOperationId":"f96ilp91ypzqlya"}
{"type":"operationEnd","operationId":"f96ilp91ypzqlya","timestamp":1771267532376,"id":"nldfor0tc24smsd","previousEventId":"i4ran70tt1s8py6","previousOperationId":"f96ilp91ypzqlya"}
{"type":"log","timestamp":1771267532376,"level":"debug","message":"Skipping storing report.","meta":{"rootId":"431k89ie8vbn8xm","id":"431k89ie8vbn8xm"},"id":"900atl4brz88j3a","previousOperationId":"f96ilp91ypzqlya"}
{"type":"log","timestamp":1771267532376,"level":"info","message":"Rendering request 6 finished in 965 ms","meta":{"rootId":"431k89ie8vbn8xm","id":"431k89ie8vbn8xm"},"id":"l4qnw7ddebuw0ih","previousOperationId":"f96ilp91ypzqlya"}
{"type":"operationEnd","subtype":"render","operationId":"oo1tq2jev3iwe5x","timestamp":1771267532376,"id":"oh9tm5deup3ad04","previousEventId":"nldfor0tc24smsd","previousOperationId":"f96ilp91ypzqlya"}
{"type":"operationEnd","doDiffs":false,"previousEventId":"vbzylrmvl7yt7wj","previousOperationId":"4b86ia4aqirkm3n","operationId":"4b86ia4aqirkm3n","timestamp":1771267532377,"id":"17qvqh0hgdprc9z"}
