{"type":"operationStart","subtype":"profile","data":{"_id":"wa7U9iiagRuee6Ah","timestamp":"2026-01-21T02:20:20.104Z","state":"queued","mode":"standard","creationDate":"2026-01-21T02:20:20.105Z","modificationDate":"2026-01-21T02:20:20.105Z","shortid":"mB-T9dQ","$entitySet":"profiles"},"doDiffs":false,"timestamp":1768962020105,"id":"zajux4vaepsjml3","previousOperationId":null,"operationId":"fy8xhgk6d7x8eeu"}
{"type":"log","level":"info","message":"Render request 7 queued for execution and waiting for available worker","previousOperationId":"fy8xhgk6d7x8eeu","timestamp":1768962020105,"id":"m8i71i56bfhd3i5"}
{"type":"operationStart","subtype":"render","name":"journal-entry-v1","previousOperationId":"fy8xhgk6d7x8eeu","timestamp":1768962020145,"id":"swufn6fw0rfhnte","previousEventId":"zajux4vaepsjml3","operationId":"sanjawkh3twr18e"}
{"type":"log","timestamp":1768962020148,"level":"info","message":"Starting rendering request 7","meta":{"rootId":"4ayv5smbw8za3qt","id":"4ayv5smbw8za3qt"},"id":"5v9y93j5lx5tzy5","previousOperationId":"sanjawkh3twr18e"}
{"type":"log","timestamp":1768962020150,"level":"info","message":"Rendering template { name: journal-entry-v1, recipe: chrome-pdf, engine: handlebars, preview: false }","meta":{"rootId":"4ayv5smbw8za3qt","id":"4ayv5smbw8za3qt"},"id":"x3122szvxmmusza","previousOperationId":"sanjawkh3twr18e"}
{"type":"log","timestamp":1768962020154,"level":"debug","message":"Inline data specified.","meta":{"rootId":"4ayv5smbw8za3qt","id":"4ayv5smbw8za3qt"},"id":"0fl46ts8l87ojs3","previousOperationId":"sanjawkh3twr18e"}
{"type":"log","timestamp":1768962020160,"level":"debug","message":"Base url not specified, skipping its injection.","meta":{"rootId":"4ayv5smbw8za3qt","id":"4ayv5smbw8za3qt"},"id":"hyim06nwle6lcml","previousOperationId":"sanjawkh3twr18e"}
{"type":"operationStart","subtype":"engine","name":"handlebars","timestamp":1768962020165,"id":"ej09xbm04gb6fgj","previousEventId":"swufn6fw0rfhnte","operationId":"ku4k0xycbgfmxmj","previousOperationId":"sanjawkh3twr18e"}
{"type":"log","timestamp":1768962020165,"level":"debug","message":"Rendering engine handlebars","meta":{"rootId":"4ayv5smbw8za3qt","id":"4ayv5smbw8za3qt"},"id":"2nfi4odfpywnymt","previousOperationId":"ku4k0xycbgfmxmj"}
{"type":"operationEnd","operationId":"ku4k0xycbgfmxmj","timestamp":1768962020206,"id":"lo49w2hfwbncse4","previousEventId":"ej09xbm04gb6fgj","previousOperationId":"ku4k0xycbgfmxmj"}
{"type":"operationStart","subtype":"recipe","name":"chrome-pdf","timestamp":1768962020207,"id":"0csqcf64ugsy93i","previousEventId":"lo49w2hfwbncse4","operationId":"85evtkvt3z2t5iv","previousOperationId":"ku4k0xycbgfmxmj"}
{"type":"log","timestamp":1768962020207,"level":"debug","message":"Executing recipe chrome-pdf","meta":{"rootId":"4ayv5smbw8za3qt","id":"4ayv5smbw8za3qt"},"id":"zqspyafzl8keu7k","previousOperationId":"85evtkvt3z2t5iv"}
{"type":"log","timestamp":1768962020228,"level":"debug","message":"Converting with chrome Chrome/142.0.7444.175 using chrome-pool strategy","meta":{"rootId":"4ayv5smbw8za3qt","id":"4ayv5smbw8za3qt"},"id":"734ru72m8bq4eol","previousOperationId":"85evtkvt3z2t5iv"}
{"type":"log","timestamp":1768962020336,"level":"debug","message":"Page request: GET (document) file:///tmp/jsreport/autocleanup/2b8917b4-8119-4e82-9e6c-363772c4838c-chrome-pdf.html","meta":{"rootId":"4ayv5smbw8za3qt","id":"4ayv5smbw8za3qt"},"id":"toha7sxdg5ii900","previousOperationId":"85evtkvt3z2t5iv"}
{"type":"log","timestamp":1768962020350,"level":"debug","message":"Page request finished: GET (document) 200 file:///tmp/jsreport/autocleanup/2b8917b4-8119-4e82-9e6c-363772c4838c-chrome-pdf.html","meta":{"rootId":"4ayv5smbw8za3qt","id":"4ayv5smbw8za3qt"},"id":"uc7qu08owpt3v8p","previousOperationId":"85evtkvt3z2t5iv"}
{"type":"log","timestamp":1768962020351,"level":"warn","message":"Page request failed: GET (stylesheet) file:///tmp/jsreport/autocleanup/styles.css, failure: net::ERR_ACCESS_DENIED","meta":{"rootId":"4ayv5smbw8za3qt","id":"4ayv5smbw8za3qt"},"id":"un8uxgwtd3pyiga","previousOperationId":"85evtkvt3z2t5iv"}
{"type":"log","timestamp":1768962020352,"level":"debug","message":"(console:error) Failed to load resource: net::ERR_ACCESS_DENIED","meta":{"userLevel":true,"rootId":"4ayv5smbw8za3qt","id":"4ayv5smbw8za3qt"},"id":"nfda6ca14nkwrk9","previousOperationId":"85evtkvt3z2t5iv"}
{"type":"log","timestamp":1768962020359,"level":"debug","message":"Running chrome with params {\"printBackground\":true,\"timeout\":59889,\"margin\":{}}","meta":{"rootId":"4ayv5smbw8za3qt","id":"4ayv5smbw8za3qt"},"id":"ckohoowaglok5yi","previousOperationId":"85evtkvt3z2t5iv"}
{"type":"operationEnd","operationId":"85evtkvt3z2t5iv","timestamp":1768962020401,"id":"yi482bbyfwpufr5","previousEventId":"0csqcf64ugsy93i","previousOperationId":"85evtkvt3z2t5iv"}
{"type":"log","timestamp":1768962020401,"level":"debug","message":"Skipping storing report.","meta":{"rootId":"4ayv5smbw8za3qt","id":"4ayv5smbw8za3qt"},"id":"v37msfgrigo6175","previousOperationId":"85evtkvt3z2t5iv"}
{"type":"log","timestamp":1768962020401,"level":"info","message":"Rendering request 7 finished in 297 ms","meta":{"rootId":"4ayv5smbw8za3qt","id":"4ayv5smbw8za3qt"},"id":"k163fkm74dc3w1l","previousOperationId":"85evtkvt3z2t5iv"}
{"type":"operationEnd","subtype":"render","operationId":"sanjawkh3twr18e","timestamp":1768962020401,"id":"1nmb2au6ms2z1ob","previousEventId":"yi482bbyfwpufr5","previousOperationId":"85evtkvt3z2t5iv"}
{"type":"operationEnd","doDiffs":false,"previousEventId":"zajux4vaepsjml3","previousOperationId":"fy8xhgk6d7x8eeu","operationId":"fy8xhgk6d7x8eeu","timestamp":1768962020403,"id":"j88zz41yzkj3aid"}
