{"type":"operationStart","subtype":"profile","data":{"_id":"7XVutIeBW5iy23Fl","timestamp":"2026-01-22T02:51:06.339Z","state":"queued","mode":"standard","creationDate":"2026-01-22T02:51:06.341Z","modificationDate":"2026-01-22T02:51:06.341Z","shortid":"33JxIbY","$entitySet":"profiles"},"doDiffs":false,"timestamp":1769050266340,"id":"44iivdd9b9dx3a9","previousOperationId":null,"operationId":"r2a54so03309m21"}
{"type":"log","level":"info","message":"Render request 71 queued for execution and waiting for available worker","previousOperationId":"r2a54so03309m21","timestamp":1769050266340,"id":"tnxt0xful4n9kdk"}
{"type":"operationStart","subtype":"render","name":"journal-entry-v1","previousOperationId":"r2a54so03309m21","timestamp":1769050266415,"id":"fv2nhnrbqk2ou4h","previousEventId":"44iivdd9b9dx3a9","operationId":"64izfx3dmc00wq1"}
{"type":"log","timestamp":1769050266415,"level":"info","message":"Starting rendering request 71","meta":{"rootId":"4gqbav18suq833o","id":"4gqbav18suq833o"},"id":"l24tzkmbwk3k6iq","previousOperationId":"64izfx3dmc00wq1"}
{"type":"log","timestamp":1769050266416,"level":"info","message":"Rendering template { name: journal-entry-v1, recipe: chrome-pdf, engine: handlebars, preview: false }","meta":{"rootId":"4gqbav18suq833o","id":"4gqbav18suq833o"},"id":"yce875uiffx2deg","previousOperationId":"64izfx3dmc00wq1"}
{"type":"log","timestamp":1769050266417,"level":"debug","message":"Inline data specified.","meta":{"rootId":"4gqbav18suq833o","id":"4gqbav18suq833o"},"id":"sv9do31bax9v3zm","previousOperationId":"64izfx3dmc00wq1"}
{"type":"log","timestamp":1769050266419,"level":"debug","message":"Base url not specified, skipping its injection.","meta":{"rootId":"4gqbav18suq833o","id":"4gqbav18suq833o"},"id":"ikxxl0scr11ed60","previousOperationId":"64izfx3dmc00wq1"}
{"type":"operationStart","subtype":"engine","name":"handlebars","timestamp":1769050266420,"id":"yot504fjhv96q35","previousEventId":"fv2nhnrbqk2ou4h","operationId":"ysxu7q350gp79g8","previousOperationId":"64izfx3dmc00wq1"}
{"type":"log","timestamp":1769050266420,"level":"debug","message":"Rendering engine handlebars","meta":{"rootId":"4gqbav18suq833o","id":"4gqbav18suq833o"},"id":"s3kzy1uco8ikhbs","previousOperationId":"ysxu7q350gp79g8"}
{"type":"operationEnd","operationId":"ysxu7q350gp79g8","timestamp":1769050266443,"id":"id5wkq09ufafzb8","previousEventId":"yot504fjhv96q35","previousOperationId":"ysxu7q350gp79g8"}
{"type":"operationStart","subtype":"recipe","name":"chrome-pdf","timestamp":1769050266444,"id":"njexmkgrot6ixxs","previousEventId":"id5wkq09ufafzb8","operationId":"7t1b1y7ghmtskke","previousOperationId":"ysxu7q350gp79g8"}
{"type":"log","timestamp":1769050266444,"level":"debug","message":"Executing recipe chrome-pdf","meta":{"rootId":"4gqbav18suq833o","id":"4gqbav18suq833o"},"id":"acvftnudbfdxk99","previousOperationId":"7t1b1y7ghmtskke"}
{"type":"log","timestamp":1769050266449,"level":"debug","message":"Converting with chrome Chrome/142.0.7444.175 using chrome-pool strategy","meta":{"rootId":"4gqbav18suq833o","id":"4gqbav18suq833o"},"id":"xrm675riwssdehc","previousOperationId":"7t1b1y7ghmtskke"}
{"type":"log","timestamp":1769050266504,"level":"debug","message":"Page request: GET (document) file:///tmp/jsreport/autocleanup/12b98e20-a466-4292-82d3-85ad28dc90eb-chrome-pdf.html","meta":{"rootId":"4gqbav18suq833o","id":"4gqbav18suq833o"},"id":"u4cxn4uueth2303","previousOperationId":"7t1b1y7ghmtskke"}
{"type":"log","timestamp":1769050266514,"level":"debug","message":"Page request finished: GET (document) 200 file:///tmp/jsreport/autocleanup/12b98e20-a466-4292-82d3-85ad28dc90eb-chrome-pdf.html","meta":{"rootId":"4gqbav18suq833o","id":"4gqbav18suq833o"},"id":"zw0yhbx7amh22nt","previousOperationId":"7t1b1y7ghmtskke"}
{"type":"log","timestamp":1769050266538,"level":"debug","message":"Running chrome with params {\"printBackground\":true,\"timeout\":59893,\"margin\":{}}","meta":{"rootId":"4gqbav18suq833o","id":"4gqbav18suq833o"},"id":"f5qbxw0i0cwabik","previousOperationId":"7t1b1y7ghmtskke"}
{"type":"operationEnd","operationId":"7t1b1y7ghmtskke","timestamp":1769050266596,"id":"xl94vb168j9qm7i","previousEventId":"njexmkgrot6ixxs","previousOperationId":"7t1b1y7ghmtskke"}
{"type":"log","timestamp":1769050266596,"level":"debug","message":"Skipping storing report.","meta":{"rootId":"4gqbav18suq833o","id":"4gqbav18suq833o"},"id":"upwubi2hoisty54","previousOperationId":"7t1b1y7ghmtskke"}
{"type":"log","timestamp":1769050266596,"level":"info","message":"Rendering request 71 finished in 257 ms","meta":{"rootId":"4gqbav18suq833o","id":"4gqbav18suq833o"},"id":"6mzwlqy50zb0p1u","previousOperationId":"7t1b1y7ghmtskke"}
{"type":"operationEnd","subtype":"render","operationId":"64izfx3dmc00wq1","timestamp":1769050266596,"id":"1h9fzkcu0gtyl4q","previousEventId":"xl94vb168j9qm7i","previousOperationId":"7t1b1y7ghmtskke"}
{"type":"operationEnd","doDiffs":false,"previousEventId":"44iivdd9b9dx3a9","previousOperationId":"r2a54so03309m21","operationId":"r2a54so03309m21","timestamp":1769050266597,"id":"4wi5qaqlrqg0938"}
