{"type":"operationStart","subtype":"profile","data":{"_id":"AFFyxw9fLz0367N9","timestamp":"2026-02-17T20:48:26.861Z","state":"queued","mode":"standard","creationDate":"2026-02-17T20:48:26.863Z","modificationDate":"2026-02-17T20:48:26.863Z","shortid":"X_0gBwB","$entitySet":"profiles"},"doDiffs":false,"timestamp":1771361306862,"id":"dupipcafbdrqsqb","previousOperationId":null,"operationId":"v11cn2qsfuctk9q"}
{"type":"log","level":"info","message":"Render request 25 queued for execution and waiting for available worker","previousOperationId":"v11cn2qsfuctk9q","timestamp":1771361306862,"id":"ol44rm7ukrbwyfz"}
{"type":"operationStart","subtype":"render","name":"journal-entry-v1","previousOperationId":"v11cn2qsfuctk9q","timestamp":1771361306937,"id":"4f150y98pj65pay","previousEventId":"dupipcafbdrqsqb","operationId":"1z0epnmznrpbg56"}
{"type":"log","timestamp":1771361306939,"level":"info","message":"Starting rendering request 25","meta":{"rootId":"4oprc6ewm40223d","id":"4oprc6ewm40223d"},"id":"yfxtv6x8v3kmdxd","previousOperationId":"1z0epnmznrpbg56"}
{"type":"log","timestamp":1771361306941,"level":"info","message":"Rendering template { name: journal-entry-v1, recipe: chrome-pdf, engine: handlebars, preview: false }","meta":{"rootId":"4oprc6ewm40223d","id":"4oprc6ewm40223d"},"id":"pfzybkcsju8hvau","previousOperationId":"1z0epnmznrpbg56"}
{"type":"log","timestamp":1771361306943,"level":"debug","message":"Inline data specified.","meta":{"rootId":"4oprc6ewm40223d","id":"4oprc6ewm40223d"},"id":"vkzosmptajxz4ni","previousOperationId":"1z0epnmznrpbg56"}
{"type":"log","timestamp":1771361306946,"level":"debug","message":"Base url not specified, skipping its injection.","meta":{"rootId":"4oprc6ewm40223d","id":"4oprc6ewm40223d"},"id":"0vjuugkf13nyrob","previousOperationId":"1z0epnmznrpbg56"}
{"type":"operationStart","subtype":"engine","name":"handlebars","timestamp":1771361306951,"id":"k8bk9br8544yh27","previousEventId":"4f150y98pj65pay","operationId":"o1svohbdxoa2wkk","previousOperationId":"1z0epnmznrpbg56"}
{"type":"log","timestamp":1771361306951,"level":"debug","message":"Rendering engine handlebars","meta":{"rootId":"4oprc6ewm40223d","id":"4oprc6ewm40223d"},"id":"23okkw1ops6w0ad","previousOperationId":"o1svohbdxoa2wkk"}
{"type":"operationEnd","operationId":"o1svohbdxoa2wkk","timestamp":1771361306995,"id":"pkva9q97xdda6ro","previousEventId":"k8bk9br8544yh27","previousOperationId":"o1svohbdxoa2wkk"}
{"type":"operationStart","subtype":"recipe","name":"chrome-pdf","timestamp":1771361306996,"id":"4nx2821t5usixal","previousEventId":"pkva9q97xdda6ro","operationId":"vz2p5dfhi1nw75j","previousOperationId":"o1svohbdxoa2wkk"}
{"type":"log","timestamp":1771361306996,"level":"debug","message":"Executing recipe chrome-pdf","meta":{"rootId":"4oprc6ewm40223d","id":"4oprc6ewm40223d"},"id":"5el2ofvco74mheu","previousOperationId":"vz2p5dfhi1nw75j"}
{"type":"log","timestamp":1771361307011,"level":"debug","message":"Converting with chrome Chrome/142.0.7444.175 using chrome-pool strategy","meta":{"rootId":"4oprc6ewm40223d","id":"4oprc6ewm40223d"},"id":"fc9efyzai8p1vtv","previousOperationId":"vz2p5dfhi1nw75j"}
{"type":"log","timestamp":1771361307101,"level":"debug","message":"Page request: GET (document) file:///tmp/jsreport/autocleanup/b426b3d2-16cf-4c74-9311-aad33a14ccc4-chrome-pdf.html","meta":{"rootId":"4oprc6ewm40223d","id":"4oprc6ewm40223d"},"id":"tfoizxkjrnctgl6","previousOperationId":"vz2p5dfhi1nw75j"}
{"type":"log","timestamp":1771361307118,"level":"debug","message":"Page request finished: GET (document) 200 file:///tmp/jsreport/autocleanup/b426b3d2-16cf-4c74-9311-aad33a14ccc4-chrome-pdf.html","meta":{"rootId":"4oprc6ewm40223d","id":"4oprc6ewm40223d"},"id":"m2ruu309klhl4us","previousOperationId":"vz2p5dfhi1nw75j"}
{"type":"log","timestamp":1771361307119,"level":"debug","message":"Page request: GET (image) https://paciolibucket.s3.us-east-2.amazonaws.com/orgs/c64b69f6759a43a1bc0ae31961876751/companies/logos/e9767ff4-7186-447f-a397-208ea6bbfdb8_ninosfelices.png?X-Amz-Expires=600&X-Amz-Algorithm=AWS4-HMAC-SHA256&X-Amz-Credential=AKIAVYV5Z6T6UQ4ARWOC%2F20260217%2Fus-east-2%2Fs3%2Faws4_request&X-Amz-Date=20260217T204826Z&X-Amz-SignedHeaders=host&X-Amz-Signature=c4a0bf54f96385e619f27a40ca99d3611b07342f2aa5a64c8bf08c75b0c64806","meta":{"rootId":"4oprc6ewm40223d","id":"4oprc6ewm40223d"},"id":"ghafhwz30xke1f5","previousOperationId":"vz2p5dfhi1nw75j"}
{"type":"log","timestamp":1771361307603,"level":"debug","message":"Page request finished: GET (image) 200 https://paciolibucket.s3.us-east-2.amazonaws.com/orgs/c64b69f6759a43a1bc0ae31961876751/companies/logos/e9767ff4-7186-447f-a397-208ea6bbfdb8_ninosfelices.png?X-Amz-Expires=600&X-Amz-Algorithm=AWS4-HMAC-SHA256&X-Amz-Credential=AKIAVYV5Z6T6UQ4ARWOC%2F20260217%2Fus-east-2%2Fs3%2Faws4_request&X-Amz-Date=20260217T204826Z&X-Amz-SignedHeaders=host&X-Amz-Signature=c4a0bf54f96385e619f27a40ca99d3611b07342f2aa5a64c8bf08c75b0c64806","meta":{"rootId":"4oprc6ewm40223d","id":"4oprc6ewm40223d"},"id":"euhiagj5d934tmv","previousOperationId":"vz2p5dfhi1nw75j"}
{"type":"log","timestamp":1771361307604,"level":"debug","message":"Running chrome with params {\"printBackground\":true,\"timeout\":59859,\"margin\":{}}","meta":{"rootId":"4oprc6ewm40223d","id":"4oprc6ewm40223d"},"id":"9s1jb5xeqpcvjoj","previousOperationId":"vz2p5dfhi1nw75j"}
{"type":"operationEnd","operationId":"vz2p5dfhi1nw75j","timestamp":1771361307675,"id":"jfvdvsb89fc26i2","previousEventId":"4nx2821t5usixal","previousOperationId":"vz2p5dfhi1nw75j"}
{"type":"log","timestamp":1771361307675,"level":"debug","message":"Skipping storing report.","meta":{"rootId":"4oprc6ewm40223d","id":"4oprc6ewm40223d"},"id":"w3us1m7y12vxi7x","previousOperationId":"vz2p5dfhi1nw75j"}
{"type":"log","timestamp":1771361307675,"level":"info","message":"Rendering request 25 finished in 814 ms","meta":{"rootId":"4oprc6ewm40223d","id":"4oprc6ewm40223d"},"id":"3aqny0d5wmdb82c","previousOperationId":"vz2p5dfhi1nw75j"}
{"type":"operationEnd","subtype":"render","operationId":"1z0epnmznrpbg56","timestamp":1771361307675,"id":"yu9tk16ut452c4w","previousEventId":"jfvdvsb89fc26i2","previousOperationId":"vz2p5dfhi1nw75j"}
{"type":"operationEnd","doDiffs":false,"previousEventId":"dupipcafbdrqsqb","previousOperationId":"v11cn2qsfuctk9q","operationId":"v11cn2qsfuctk9q","timestamp":1771361307677,"id":"1hj1o05zwbgntwg"}
