{"type":"operationStart","subtype":"profile","data":{"_id":"BJFTQlPvLOZyNVHm","timestamp":"2026-01-22T03:31:57.800Z","state":"queued","mode":"standard","creationDate":"2026-01-22T03:31:57.804Z","modificationDate":"2026-01-22T03:31:57.804Z","shortid":"Zt_WRky","$entitySet":"profiles"},"doDiffs":false,"timestamp":1769052717802,"id":"cg6ce9ixqdzvwdj","previousOperationId":null,"operationId":"36w0jskdz88tpya"}
{"type":"log","level":"info","message":"Render request 87 queued for execution and waiting for available worker","previousOperationId":"36w0jskdz88tpya","timestamp":1769052717802,"id":"k9iha6mmizguntw"}
{"type":"operationStart","subtype":"render","name":"journal-entry-v1","previousOperationId":"36w0jskdz88tpya","timestamp":1769052717872,"id":"wgdg8e81g4y0lnq","previousEventId":"cg6ce9ixqdzvwdj","operationId":"bfrovdm72j81bwd"}
{"type":"log","timestamp":1769052717877,"level":"info","message":"Starting rendering request 87","meta":{"rootId":"4svhhrdthpozf8t","id":"4svhhrdthpozf8t"},"id":"xsff1hauudsclhl","previousOperationId":"bfrovdm72j81bwd"}
{"type":"log","timestamp":1769052717882,"level":"info","message":"Rendering template { name: journal-entry-v1, recipe: chrome-pdf, engine: handlebars, preview: false }","meta":{"rootId":"4svhhrdthpozf8t","id":"4svhhrdthpozf8t"},"id":"wis2yjm0l3qjisi","previousOperationId":"bfrovdm72j81bwd"}
{"type":"log","timestamp":1769052717888,"level":"debug","message":"Inline data specified.","meta":{"rootId":"4svhhrdthpozf8t","id":"4svhhrdthpozf8t"},"id":"5gzrmxtq3twh20x","previousOperationId":"bfrovdm72j81bwd"}
{"type":"log","timestamp":1769052717893,"level":"debug","message":"Base url not specified, skipping its injection.","meta":{"rootId":"4svhhrdthpozf8t","id":"4svhhrdthpozf8t"},"id":"20ey1cjsx9epl9v","previousOperationId":"bfrovdm72j81bwd"}
{"type":"operationStart","subtype":"engine","name":"handlebars","timestamp":1769052717902,"id":"0ps81ko89erikjr","previousEventId":"wgdg8e81g4y0lnq","operationId":"n76ssja8tbfed8p","previousOperationId":"bfrovdm72j81bwd"}
{"type":"log","timestamp":1769052717902,"level":"debug","message":"Rendering engine handlebars","meta":{"rootId":"4svhhrdthpozf8t","id":"4svhhrdthpozf8t"},"id":"wtoq2wtgg075gby","previousOperationId":"n76ssja8tbfed8p"}
{"type":"operationEnd","operationId":"n76ssja8tbfed8p","timestamp":1769052718008,"id":"y240d9lyux3d70r","previousEventId":"0ps81ko89erikjr","previousOperationId":"n76ssja8tbfed8p"}
{"type":"operationStart","subtype":"recipe","name":"chrome-pdf","timestamp":1769052718012,"id":"gxocvs78735vxyk","previousEventId":"y240d9lyux3d70r","operationId":"4a18i8w4t9tgriv","previousOperationId":"n76ssja8tbfed8p"}
{"type":"log","timestamp":1769052718012,"level":"debug","message":"Executing recipe chrome-pdf","meta":{"rootId":"4svhhrdthpozf8t","id":"4svhhrdthpozf8t"},"id":"sypxyetetor02s8","previousOperationId":"4a18i8w4t9tgriv"}
{"type":"log","timestamp":1769052718052,"level":"debug","message":"Converting with chrome Chrome/142.0.7444.175 using chrome-pool strategy","meta":{"rootId":"4svhhrdthpozf8t","id":"4svhhrdthpozf8t"},"id":"suz0k44mwkoodf2","previousOperationId":"4a18i8w4t9tgriv"}
{"type":"log","timestamp":1769052718231,"level":"debug","message":"Page request: GET (document) file:///tmp/jsreport/autocleanup/4573a9c8-cfdb-44e0-8ee3-2a20c7085bb4-chrome-pdf.html","meta":{"rootId":"4svhhrdthpozf8t","id":"4svhhrdthpozf8t"},"id":"l75fqhdpwumtq7o","previousOperationId":"4a18i8w4t9tgriv"}
{"type":"log","timestamp":1769052718253,"level":"debug","message":"Page request finished: GET (document) 200 file:///tmp/jsreport/autocleanup/4573a9c8-cfdb-44e0-8ee3-2a20c7085bb4-chrome-pdf.html","meta":{"rootId":"4svhhrdthpozf8t","id":"4svhhrdthpozf8t"},"id":"8ff4vambhm1evxf","previousOperationId":"4a18i8w4t9tgriv"}
{"type":"log","timestamp":1769052718255,"level":"debug","message":"Page request: GET (image) https://paciolibucket.s3.us-east-2.amazonaws.com/orgs/c64b69f6759a43a1bc0ae31961876751/companies/logos/e9767ff4-7186-447f-a397-208ea6bbfdb8_ninosfelices.png?X-Amz-Expires=600&X-Amz-Algorithm=AWS4-HMAC-SHA256&X-Amz-Credential=AKIAVYV5Z6T6UQ4ARWOC%2F20260122%2Fus-east-2%2Fs3%2Faws4_request&X-Amz-Date=20260122T033157Z&X-Amz-SignedHeaders=host&X-Amz-Signature=5e9ea01f3361d37b547676fb3c9937002ea2c8feffa3b78f109a558086947c2c","meta":{"rootId":"4svhhrdthpozf8t","id":"4svhhrdthpozf8t"},"id":"sl9wtbwtq4i519z","previousOperationId":"4a18i8w4t9tgriv"}
{"type":"log","timestamp":1769052718811,"level":"debug","message":"Page request finished: GET (image) 200 https://paciolibucket.s3.us-east-2.amazonaws.com/orgs/c64b69f6759a43a1bc0ae31961876751/companies/logos/e9767ff4-7186-447f-a397-208ea6bbfdb8_ninosfelices.png?X-Amz-Expires=600&X-Amz-Algorithm=AWS4-HMAC-SHA256&X-Amz-Credential=AKIAVYV5Z6T6UQ4ARWOC%2F20260122%2Fus-east-2%2Fs3%2Faws4_request&X-Amz-Date=20260122T033157Z&X-Amz-SignedHeaders=host&X-Amz-Signature=5e9ea01f3361d37b547676fb3c9937002ea2c8feffa3b78f109a558086947c2c","meta":{"rootId":"4svhhrdthpozf8t","id":"4svhhrdthpozf8t"},"id":"tbrjnk93dqmt0es","previousOperationId":"4a18i8w4t9tgriv"}
{"type":"log","timestamp":1769052718813,"level":"debug","message":"Running chrome with params {\"printBackground\":true,\"timeout\":59768,\"margin\":{}}","meta":{"rootId":"4svhhrdthpozf8t","id":"4svhhrdthpozf8t"},"id":"oydoc2c8gygeew1","previousOperationId":"4a18i8w4t9tgriv"}
{"type":"operationEnd","operationId":"4a18i8w4t9tgriv","timestamp":1769052718899,"id":"20cm226riouo57w","previousEventId":"gxocvs78735vxyk","previousOperationId":"4a18i8w4t9tgriv"}
{"type":"log","timestamp":1769052718900,"level":"debug","message":"Skipping storing report.","meta":{"rootId":"4svhhrdthpozf8t","id":"4svhhrdthpozf8t"},"id":"5ffcxmbrzfct9so","previousOperationId":"4a18i8w4t9tgriv"}
{"type":"log","timestamp":1769052718900,"level":"info","message":"Rendering request 87 finished in 1103 ms","meta":{"rootId":"4svhhrdthpozf8t","id":"4svhhrdthpozf8t"},"id":"bl253h1v14nhlc5","previousOperationId":"4a18i8w4t9tgriv"}
{"type":"operationEnd","subtype":"render","operationId":"bfrovdm72j81bwd","timestamp":1769052718900,"id":"coxxlebtbofryqw","previousEventId":"20cm226riouo57w","previousOperationId":"4a18i8w4t9tgriv"}
{"type":"operationEnd","doDiffs":false,"previousEventId":"cg6ce9ixqdzvwdj","previousOperationId":"36w0jskdz88tpya","operationId":"36w0jskdz88tpya","timestamp":1769052718902,"id":"tx90074fh5okdgq"}
