{"type":"operationStart","subtype":"profile","data":{"_id":"l6ULJm22xRvaMtVq","timestamp":"2026-02-17T20:25:20.180Z","state":"queued","mode":"standard","creationDate":"2026-02-17T20:25:20.203Z","modificationDate":"2026-02-17T20:25:20.203Z","shortid":"ZCquD7o","$entitySet":"profiles"},"doDiffs":false,"timestamp":1771359920189,"id":"pr6g6hbb1ux7gez","previousOperationId":null,"operationId":"01y5hazmmrb03jd"}
{"type":"log","level":"info","message":"Render request 19 queued for execution and waiting for available worker","previousOperationId":"01y5hazmmrb03jd","timestamp":1771359920190,"id":"bmz7wzv9bj1j4iz"}
{"type":"operationStart","subtype":"render","name":"journal-entry-v1","previousOperationId":"01y5hazmmrb03jd","timestamp":1771359920290,"id":"9k7wihl36cas4kn","previousEventId":"pr6g6hbb1ux7gez","operationId":"kvmsu5d70hbtzcn"}
{"type":"log","timestamp":1771359920294,"level":"info","message":"Starting rendering request 19","meta":{"rootId":"50ft608ftupl8jw","id":"50ft608ftupl8jw"},"id":"l40c0vho9nteuwy","previousOperationId":"kvmsu5d70hbtzcn"}
{"type":"log","timestamp":1771359920297,"level":"info","message":"Rendering template { name: journal-entry-v1, recipe: chrome-pdf, engine: handlebars, preview: false }","meta":{"rootId":"50ft608ftupl8jw","id":"50ft608ftupl8jw"},"id":"v9emwr0ufum5r79","previousOperationId":"kvmsu5d70hbtzcn"}
{"type":"log","timestamp":1771359920302,"level":"debug","message":"Inline data specified.","meta":{"rootId":"50ft608ftupl8jw","id":"50ft608ftupl8jw"},"id":"ov9ma7xi0jttkc7","previousOperationId":"kvmsu5d70hbtzcn"}
{"type":"log","timestamp":1771359920310,"level":"debug","message":"Base url not specified, skipping its injection.","meta":{"rootId":"50ft608ftupl8jw","id":"50ft608ftupl8jw"},"id":"mu43kfcr5bf1c3u","previousOperationId":"kvmsu5d70hbtzcn"}
{"type":"operationStart","subtype":"engine","name":"handlebars","timestamp":1771359920317,"id":"bndc5nelgd67a8b","previousEventId":"9k7wihl36cas4kn","operationId":"fa3xavtp8zv1n10","previousOperationId":"kvmsu5d70hbtzcn"}
{"type":"log","timestamp":1771359920317,"level":"debug","message":"Rendering engine handlebars","meta":{"rootId":"50ft608ftupl8jw","id":"50ft608ftupl8jw"},"id":"oxhiv6yt48jcv98","previousOperationId":"fa3xavtp8zv1n10"}
{"type":"operationEnd","operationId":"fa3xavtp8zv1n10","timestamp":1771359920559,"id":"vxxpll1rb6iyuki","previousEventId":"bndc5nelgd67a8b","previousOperationId":"fa3xavtp8zv1n10"}
{"type":"operationStart","subtype":"recipe","name":"chrome-pdf","timestamp":1771359920559,"id":"6z4fp2nv6ce7foo","previousEventId":"vxxpll1rb6iyuki","operationId":"zb2ll6ovkz97lj0","previousOperationId":"fa3xavtp8zv1n10"}
{"type":"log","timestamp":1771359920559,"level":"debug","message":"Executing recipe chrome-pdf","meta":{"rootId":"50ft608ftupl8jw","id":"50ft608ftupl8jw"},"id":"qyxvqwj6lkoj57f","previousOperationId":"zb2ll6ovkz97lj0"}
{"type":"log","timestamp":1771359920602,"level":"debug","message":"Converting with chrome Chrome/142.0.7444.175 using chrome-pool strategy","meta":{"rootId":"50ft608ftupl8jw","id":"50ft608ftupl8jw"},"id":"b5frz7s3dzs5ek3","previousOperationId":"zb2ll6ovkz97lj0"}
{"type":"log","timestamp":1771359921171,"level":"debug","message":"Page request: GET (document) file:///tmp/jsreport/autocleanup/cadb8de8-a57a-453c-9933-7365582e9fdc-chrome-pdf.html","meta":{"rootId":"50ft608ftupl8jw","id":"50ft608ftupl8jw"},"id":"3hcr3nqgob9thya","previousOperationId":"zb2ll6ovkz97lj0"}
{"type":"log","timestamp":1771359921221,"level":"debug","message":"Page request finished: GET (document) 200 file:///tmp/jsreport/autocleanup/cadb8de8-a57a-453c-9933-7365582e9fdc-chrome-pdf.html","meta":{"rootId":"50ft608ftupl8jw","id":"50ft608ftupl8jw"},"id":"k2hrg3vb260etet","previousOperationId":"zb2ll6ovkz97lj0"}
{"type":"log","timestamp":1771359921225,"level":"debug","message":"Page request: GET (image) https://paciolibucket.s3.us-east-2.amazonaws.com/orgs/c64b69f6759a43a1bc0ae31961876751/companies/logos/e9767ff4-7186-447f-a397-208ea6bbfdb8_ninosfelices.png?X-Amz-Expires=600&X-Amz-Algorithm=AWS4-HMAC-SHA256&X-Amz-Credential=AKIAVYV5Z6T6UQ4ARWOC%2F20260217%2Fus-east-2%2Fs3%2Faws4_request&X-Amz-Date=20260217T202519Z&X-Amz-SignedHeaders=host&X-Amz-Signature=90af745428e15fff0738ff59939f046be843dca7217eec37187447a39de373c1","meta":{"rootId":"50ft608ftupl8jw","id":"50ft608ftupl8jw"},"id":"ffgxw1ukexpase2","previousOperationId":"zb2ll6ovkz97lj0"}
{"type":"log","timestamp":1771359921843,"level":"debug","message":"Page request finished: GET (image) 200 https://paciolibucket.s3.us-east-2.amazonaws.com/orgs/c64b69f6759a43a1bc0ae31961876751/companies/logos/e9767ff4-7186-447f-a397-208ea6bbfdb8_ninosfelices.png?X-Amz-Expires=600&X-Amz-Algorithm=AWS4-HMAC-SHA256&X-Amz-Credential=AKIAVYV5Z6T6UQ4ARWOC%2F20260217%2Fus-east-2%2Fs3%2Faws4_request&X-Amz-Date=20260217T202519Z&X-Amz-SignedHeaders=host&X-Amz-Signature=90af745428e15fff0738ff59939f046be843dca7217eec37187447a39de373c1","meta":{"rootId":"50ft608ftupl8jw","id":"50ft608ftupl8jw"},"id":"zxuw6vd5hcomfzz","previousOperationId":"zb2ll6ovkz97lj0"}
{"type":"log","timestamp":1771359921846,"level":"debug","message":"Running chrome with params {\"printBackground\":true,\"timeout\":59598,\"margin\":{}}","meta":{"rootId":"50ft608ftupl8jw","id":"50ft608ftupl8jw"},"id":"qs014attbiu77a8","previousOperationId":"zb2ll6ovkz97lj0"}
{"type":"operationEnd","operationId":"zb2ll6ovkz97lj0","timestamp":1771359921960,"id":"53oqaseseixjque","previousEventId":"6z4fp2nv6ce7foo","previousOperationId":"zb2ll6ovkz97lj0"}
{"type":"log","timestamp":1771359921960,"level":"debug","message":"Skipping storing report.","meta":{"rootId":"50ft608ftupl8jw","id":"50ft608ftupl8jw"},"id":"stmti3691u217q2","previousOperationId":"zb2ll6ovkz97lj0"}
{"type":"log","timestamp":1771359921960,"level":"info","message":"Rendering request 19 finished in 1789 ms","meta":{"rootId":"50ft608ftupl8jw","id":"50ft608ftupl8jw"},"id":"nix57dj29luzjd5","previousOperationId":"zb2ll6ovkz97lj0"}
{"type":"operationEnd","subtype":"render","operationId":"kvmsu5d70hbtzcn","timestamp":1771359921960,"id":"zwmg2yymz3f96qa","previousEventId":"53oqaseseixjque","previousOperationId":"zb2ll6ovkz97lj0"}
{"type":"operationEnd","doDiffs":false,"previousEventId":"pr6g6hbb1ux7gez","previousOperationId":"01y5hazmmrb03jd","operationId":"01y5hazmmrb03jd","timestamp":1771359921963,"id":"7bez9v6gy5u1ewb"}
