{"type":"operationStart","subtype":"profile","data":{"_id":"RTp2Cq7NbIvGws4P","timestamp":"2026-02-17T00:52:48.788Z","state":"queued","mode":"standard","creationDate":"2026-02-17T00:52:48.819Z","modificationDate":"2026-02-17T00:52:48.819Z","shortid":"ysVdA6e","$entitySet":"profiles"},"doDiffs":false,"timestamp":1771289568801,"id":"9mz42de0bb9nznz","previousOperationId":null,"operationId":"rdbgiuu6689vlek"}
{"type":"log","level":"info","message":"Render request 9 queued for execution and waiting for available worker","previousOperationId":"rdbgiuu6689vlek","timestamp":1771289568802,"id":"lu1wyagx5s9hdwi"}
{"type":"operationStart","subtype":"render","name":"journal-entry-v1","previousOperationId":"rdbgiuu6689vlek","timestamp":1771289568938,"id":"brhzpowhun9vnu0","previousEventId":"9mz42de0bb9nznz","operationId":"gf3zui3c1kxoe26"}
{"type":"log","timestamp":1771289568947,"level":"info","message":"Starting rendering request 9","meta":{"rootId":"54jcjnulecfidzl","id":"54jcjnulecfidzl"},"id":"tu1ip1xhvyyrm9r","previousOperationId":"gf3zui3c1kxoe26"}
{"type":"log","timestamp":1771289568950,"level":"info","message":"Rendering template { name: journal-entry-v1, recipe: chrome-pdf, engine: handlebars, preview: false }","meta":{"rootId":"54jcjnulecfidzl","id":"54jcjnulecfidzl"},"id":"komzmelddeelm2w","previousOperationId":"gf3zui3c1kxoe26"}
{"type":"log","timestamp":1771289568972,"level":"debug","message":"Inline data specified.","meta":{"rootId":"54jcjnulecfidzl","id":"54jcjnulecfidzl"},"id":"0mcb5eqrk5yoh0u","previousOperationId":"gf3zui3c1kxoe26"}
{"type":"log","timestamp":1771289568986,"level":"debug","message":"Base url not specified, skipping its injection.","meta":{"rootId":"54jcjnulecfidzl","id":"54jcjnulecfidzl"},"id":"5ffxb6ke0fmv6le","previousOperationId":"gf3zui3c1kxoe26"}
{"type":"operationStart","subtype":"engine","name":"handlebars","timestamp":1771289568997,"id":"rvas3f7bb1z4otd","previousEventId":"brhzpowhun9vnu0","operationId":"h52amvnds5k7x1s","previousOperationId":"gf3zui3c1kxoe26"}
{"type":"log","timestamp":1771289568997,"level":"debug","message":"Rendering engine handlebars","meta":{"rootId":"54jcjnulecfidzl","id":"54jcjnulecfidzl"},"id":"l4pkg9oywrzbw6t","previousOperationId":"h52amvnds5k7x1s"}
{"type":"operationEnd","operationId":"h52amvnds5k7x1s","timestamp":1771289569070,"id":"darkg55btarpuap","previousEventId":"rvas3f7bb1z4otd","previousOperationId":"h52amvnds5k7x1s"}
{"type":"operationStart","subtype":"recipe","name":"chrome-pdf","timestamp":1771289569071,"id":"9nvu5r6k544rzd8","previousEventId":"darkg55btarpuap","operationId":"crj99av6044t55o","previousOperationId":"h52amvnds5k7x1s"}
{"type":"log","timestamp":1771289569071,"level":"debug","message":"Executing recipe chrome-pdf","meta":{"rootId":"54jcjnulecfidzl","id":"54jcjnulecfidzl"},"id":"zqisx80e7ya11lo","previousOperationId":"crj99av6044t55o"}
{"type":"log","timestamp":1771289569114,"level":"debug","message":"Converting with chrome Chrome/142.0.7444.175 using chrome-pool strategy","meta":{"rootId":"54jcjnulecfidzl","id":"54jcjnulecfidzl"},"id":"pze0wawkulfkyg7","previousOperationId":"crj99av6044t55o"}
{"type":"log","timestamp":1771289569713,"level":"debug","message":"Page request: GET (document) file:///tmp/jsreport/autocleanup/f94151b8-4241-441c-b99d-ca96a7cd7a44-chrome-pdf.html","meta":{"rootId":"54jcjnulecfidzl","id":"54jcjnulecfidzl"},"id":"47obt0nq664jhe7","previousOperationId":"crj99av6044t55o"}
{"type":"log","timestamp":1771289569758,"level":"debug","message":"Page request finished: GET (document) 200 file:///tmp/jsreport/autocleanup/f94151b8-4241-441c-b99d-ca96a7cd7a44-chrome-pdf.html","meta":{"rootId":"54jcjnulecfidzl","id":"54jcjnulecfidzl"},"id":"hxqautdvvl4hjh7","previousOperationId":"crj99av6044t55o"}
{"type":"log","timestamp":1771289569767,"level":"debug","message":"Page request: GET (image) https://paciolibucket.s3.us-east-2.amazonaws.com/orgs/c64b69f6759a43a1bc0ae31961876751/companies/logos/e9767ff4-7186-447f-a397-208ea6bbfdb8_ninosfelices.png?X-Amz-Expires=600&X-Amz-Algorithm=AWS4-HMAC-SHA256&X-Amz-Credential=AKIAVYV5Z6T6UQ4ARWOC%2F20260217%2Fus-east-2%2Fs3%2Faws4_request&X-Amz-Date=20260217T005248Z&X-Amz-SignedHeaders=host&X-Amz-Signature=1a6881222d878a528e48e4b229963bc6022fd761754e52bc8d6e4df5bcfcd4f6","meta":{"rootId":"54jcjnulecfidzl","id":"54jcjnulecfidzl"},"id":"4dxpxlfn45s3cb2","previousOperationId":"crj99av6044t55o"}
{"type":"log","timestamp":1771289570537,"level":"debug","message":"Page request finished: GET (image) 200 https://paciolibucket.s3.us-east-2.amazonaws.com/orgs/c64b69f6759a43a1bc0ae31961876751/companies/logos/e9767ff4-7186-447f-a397-208ea6bbfdb8_ninosfelices.png?X-Amz-Expires=600&X-Amz-Algorithm=AWS4-HMAC-SHA256&X-Amz-Credential=AKIAVYV5Z6T6UQ4ARWOC%2F20260217%2Fus-east-2%2Fs3%2Faws4_request&X-Amz-Date=20260217T005248Z&X-Amz-SignedHeaders=host&X-Amz-Signature=1a6881222d878a528e48e4b229963bc6022fd761754e52bc8d6e4df5bcfcd4f6","meta":{"rootId":"54jcjnulecfidzl","id":"54jcjnulecfidzl"},"id":"owpkbn7wytcguqb","previousOperationId":"crj99av6044t55o"}
{"type":"log","timestamp":1771289570539,"level":"debug","message":"Running chrome with params {\"printBackground\":true,\"timeout\":59691,\"margin\":{}}","meta":{"rootId":"54jcjnulecfidzl","id":"54jcjnulecfidzl"},"id":"1skkopv6niebqaf","previousOperationId":"crj99av6044t55o"}
{"type":"operationEnd","operationId":"crj99av6044t55o","timestamp":1771289570666,"id":"a07iftyhzg8ohaw","previousEventId":"9nvu5r6k544rzd8","previousOperationId":"crj99av6044t55o"}
{"type":"log","timestamp":1771289570666,"level":"debug","message":"Skipping storing report.","meta":{"rootId":"54jcjnulecfidzl","id":"54jcjnulecfidzl"},"id":"k7kkkauci6klrpw","previousOperationId":"crj99av6044t55o"}
{"type":"log","timestamp":1771289570666,"level":"info","message":"Rendering request 9 finished in 1891 ms","meta":{"rootId":"54jcjnulecfidzl","id":"54jcjnulecfidzl"},"id":"ztisj1oktsbpw8d","previousOperationId":"crj99av6044t55o"}
{"type":"operationEnd","subtype":"render","operationId":"gf3zui3c1kxoe26","timestamp":1771289570666,"id":"2m77o0zme07vzur","previousEventId":"a07iftyhzg8ohaw","previousOperationId":"crj99av6044t55o"}
{"type":"operationEnd","doDiffs":false,"previousEventId":"9mz42de0bb9nznz","previousOperationId":"rdbgiuu6689vlek","operationId":"rdbgiuu6689vlek","timestamp":1771289570672,"id":"otz48glqd19eoug"}
