{"type":"operationStart","subtype":"profile","data":{"_id":"hroP0dQ2w4jPhdMy","timestamp":"2026-01-22T02:10:37.556Z","state":"queued","mode":"standard","creationDate":"2026-01-22T02:10:37.574Z","modificationDate":"2026-01-22T02:10:37.574Z","shortid":"Q_jC-Gx","$entitySet":"profiles"},"doDiffs":false,"timestamp":1769047837560,"id":"3vv8t6hiofty9dd","previousOperationId":null,"operationId":"mu0xax9kvdvzzaq"}
{"type":"log","level":"info","message":"Render request 56 queued for execution and waiting for available worker","previousOperationId":"mu0xax9kvdvzzaq","timestamp":1769047837561,"id":"lq0mtn5ud19vl51"}
{"type":"operationStart","subtype":"render","name":"journal-entry-v1","previousOperationId":"mu0xax9kvdvzzaq","timestamp":1769047837655,"id":"s5bo7ie07tr0er6","previousEventId":"3vv8t6hiofty9dd","operationId":"p35jrc1swwdgu3u"}
{"type":"log","timestamp":1769047837660,"level":"info","message":"Starting rendering request 56","meta":{"rootId":"65r8e0zjxyixuqr","id":"65r8e0zjxyixuqr"},"id":"d4aho98z2hco2j6","previousOperationId":"p35jrc1swwdgu3u"}
{"type":"log","timestamp":1769047837665,"level":"info","message":"Rendering template { name: journal-entry-v1, recipe: chrome-pdf, engine: handlebars, preview: false }","meta":{"rootId":"65r8e0zjxyixuqr","id":"65r8e0zjxyixuqr"},"id":"0f10lv2tvlkzt5d","previousOperationId":"p35jrc1swwdgu3u"}
{"type":"log","timestamp":1769047837671,"level":"debug","message":"Inline data specified.","meta":{"rootId":"65r8e0zjxyixuqr","id":"65r8e0zjxyixuqr"},"id":"l2u5048rq8ogq4t","previousOperationId":"p35jrc1swwdgu3u"}
{"type":"log","timestamp":1769047837682,"level":"debug","message":"Base url not specified, skipping its injection.","meta":{"rootId":"65r8e0zjxyixuqr","id":"65r8e0zjxyixuqr"},"id":"m4t5eb29e1f466u","previousOperationId":"p35jrc1swwdgu3u"}
{"type":"operationStart","subtype":"engine","name":"handlebars","timestamp":1769047837692,"id":"djh2btugcge5yzy","previousEventId":"s5bo7ie07tr0er6","operationId":"cng7tta947p52oe","previousOperationId":"p35jrc1swwdgu3u"}
{"type":"log","timestamp":1769047837692,"level":"debug","message":"Rendering engine handlebars","meta":{"rootId":"65r8e0zjxyixuqr","id":"65r8e0zjxyixuqr"},"id":"t1hbmsxa911eyia","previousOperationId":"cng7tta947p52oe"}
{"type":"operationEnd","operationId":"cng7tta947p52oe","timestamp":1769047837795,"id":"j3u3iy5salmlu1r","previousEventId":"djh2btugcge5yzy","previousOperationId":"cng7tta947p52oe"}
{"type":"operationStart","subtype":"recipe","name":"chrome-pdf","timestamp":1769047837798,"id":"0qno0ibl6ddjxal","previousEventId":"j3u3iy5salmlu1r","operationId":"8v66xq0x166m3tf","previousOperationId":"cng7tta947p52oe"}
{"type":"log","timestamp":1769047837798,"level":"debug","message":"Executing recipe chrome-pdf","meta":{"rootId":"65r8e0zjxyixuqr","id":"65r8e0zjxyixuqr"},"id":"2cnb3lk8cxn10cd","previousOperationId":"8v66xq0x166m3tf"}
{"type":"log","timestamp":1769047837841,"level":"debug","message":"Converting with chrome Chrome/142.0.7444.175 using chrome-pool strategy","meta":{"rootId":"65r8e0zjxyixuqr","id":"65r8e0zjxyixuqr"},"id":"ebasq05c23ulcq1","previousOperationId":"8v66xq0x166m3tf"}
{"type":"log","timestamp":1769047838232,"level":"debug","message":"Page request: GET (document) file:///tmp/jsreport/autocleanup/71eb8741-d1fe-46f3-a76a-9f57febc8787-chrome-pdf.html","meta":{"rootId":"65r8e0zjxyixuqr","id":"65r8e0zjxyixuqr"},"id":"6najvcy4hjs34pr","previousOperationId":"8v66xq0x166m3tf"}
{"type":"log","timestamp":1769047838266,"level":"debug","message":"Page request finished: GET (document) 200 file:///tmp/jsreport/autocleanup/71eb8741-d1fe-46f3-a76a-9f57febc8787-chrome-pdf.html","meta":{"rootId":"65r8e0zjxyixuqr","id":"65r8e0zjxyixuqr"},"id":"q37xfkdlm07egmn","previousOperationId":"8v66xq0x166m3tf"}
{"type":"log","timestamp":1769047838314,"level":"debug","message":"Running chrome with params {\"printBackground\":true,\"timeout\":59737,\"margin\":{}}","meta":{"rootId":"65r8e0zjxyixuqr","id":"65r8e0zjxyixuqr"},"id":"mxu4bqhx83onm8w","previousOperationId":"8v66xq0x166m3tf"}
{"type":"operationEnd","operationId":"8v66xq0x166m3tf","timestamp":1769047838442,"id":"3okgtbr3qzfh7ea","previousEventId":"0qno0ibl6ddjxal","previousOperationId":"8v66xq0x166m3tf"}
{"type":"log","timestamp":1769047838443,"level":"debug","message":"Skipping storing report.","meta":{"rootId":"65r8e0zjxyixuqr","id":"65r8e0zjxyixuqr"},"id":"7qgilcbkxhksomb","previousOperationId":"8v66xq0x166m3tf"}
{"type":"log","timestamp":1769047838443,"level":"info","message":"Rendering request 56 finished in 897 ms","meta":{"rootId":"65r8e0zjxyixuqr","id":"65r8e0zjxyixuqr"},"id":"s2s0n3t5shr8uxs","previousOperationId":"8v66xq0x166m3tf"}
{"type":"operationEnd","subtype":"render","operationId":"p35jrc1swwdgu3u","timestamp":1769047838443,"id":"ncfrpmdgq5hf126","previousEventId":"3okgtbr3qzfh7ea","previousOperationId":"8v66xq0x166m3tf"}
{"type":"operationEnd","doDiffs":false,"previousEventId":"3vv8t6hiofty9dd","previousOperationId":"mu0xax9kvdvzzaq","operationId":"mu0xax9kvdvzzaq","timestamp":1769047838445,"id":"syw8edjrxgq7gbi"}
