{"type":"operationStart","subtype":"profile","data":{"_id":"wrbH48HrHmNDkr3X","timestamp":"2026-01-22T03:01:56.139Z","state":"queued","mode":"standard","creationDate":"2026-01-22T03:01:56.169Z","modificationDate":"2026-01-22T03:01:56.170Z","shortid":"mKLSxHk","$entitySet":"profiles"},"doDiffs":false,"timestamp":1769050916147,"id":"0x3u4obzjjbjtst","previousOperationId":null,"operationId":"iqbyuswa4vypcjg"}
{"type":"log","level":"info","message":"Render request 74 queued for execution and waiting for available worker","previousOperationId":"iqbyuswa4vypcjg","timestamp":1769050916148,"id":"p5olp1hjuhwpl6d"}
{"type":"operationStart","subtype":"render","name":"journal-entry-v1","previousOperationId":"iqbyuswa4vypcjg","timestamp":1769050916285,"id":"a1za0jyo7mpflix","previousEventId":"0x3u4obzjjbjtst","operationId":"veqsbdo0mh5h2kd"}
{"type":"log","timestamp":1769050916293,"level":"info","message":"Starting rendering request 74","meta":{"rootId":"66vuftw35esgvud","id":"66vuftw35esgvud"},"id":"2eiqs2pomm7k40d","previousOperationId":"veqsbdo0mh5h2kd"}
{"type":"log","timestamp":1769050916300,"level":"info","message":"Rendering template { name: journal-entry-v1, recipe: chrome-pdf, engine: handlebars, preview: false }","meta":{"rootId":"66vuftw35esgvud","id":"66vuftw35esgvud"},"id":"de9kmw4fkomtci7","previousOperationId":"veqsbdo0mh5h2kd"}
{"type":"log","timestamp":1769050916311,"level":"debug","message":"Inline data specified.","meta":{"rootId":"66vuftw35esgvud","id":"66vuftw35esgvud"},"id":"hi9jw9hauyvve47","previousOperationId":"veqsbdo0mh5h2kd"}
{"type":"log","timestamp":1769050916323,"level":"debug","message":"Base url not specified, skipping its injection.","meta":{"rootId":"66vuftw35esgvud","id":"66vuftw35esgvud"},"id":"u0s174tb0kmqauq","previousOperationId":"veqsbdo0mh5h2kd"}
{"type":"operationStart","subtype":"engine","name":"handlebars","timestamp":1769050916334,"id":"htkcsch4dwae729","previousEventId":"a1za0jyo7mpflix","operationId":"bencld5krovx6ry","previousOperationId":"veqsbdo0mh5h2kd"}
{"type":"log","timestamp":1769050916334,"level":"debug","message":"Rendering engine handlebars","meta":{"rootId":"66vuftw35esgvud","id":"66vuftw35esgvud"},"id":"ugkhxai13j8pvua","previousOperationId":"bencld5krovx6ry"}
{"type":"operationEnd","operationId":"bencld5krovx6ry","timestamp":1769050916463,"id":"pc1ytaw3i38b2dy","previousEventId":"htkcsch4dwae729","previousOperationId":"bencld5krovx6ry"}
{"type":"operationStart","subtype":"recipe","name":"chrome-pdf","timestamp":1769050916466,"id":"9m7kqzwl5443sm8","previousEventId":"pc1ytaw3i38b2dy","operationId":"woo332ixyfdd15e","previousOperationId":"bencld5krovx6ry"}
{"type":"log","timestamp":1769050916466,"level":"debug","message":"Executing recipe chrome-pdf","meta":{"rootId":"66vuftw35esgvud","id":"66vuftw35esgvud"},"id":"no6ayn2g0i5cf13","previousOperationId":"woo332ixyfdd15e"}
{"type":"log","timestamp":1769050916519,"level":"debug","message":"Converting with chrome Chrome/142.0.7444.175 using chrome-pool strategy","meta":{"rootId":"66vuftw35esgvud","id":"66vuftw35esgvud"},"id":"ijxcxafutsbbeym","previousOperationId":"woo332ixyfdd15e"}
{"type":"log","timestamp":1769050916951,"level":"debug","message":"Page request: GET (document) file:///tmp/jsreport/autocleanup/ae68fa1e-4adb-4ffe-91f4-8c1437894431-chrome-pdf.html","meta":{"rootId":"66vuftw35esgvud","id":"66vuftw35esgvud"},"id":"lktjnfvkogj7ewy","previousOperationId":"woo332ixyfdd15e"}
{"type":"log","timestamp":1769050916989,"level":"debug","message":"Page request finished: GET (document) 200 file:///tmp/jsreport/autocleanup/ae68fa1e-4adb-4ffe-91f4-8c1437894431-chrome-pdf.html","meta":{"rootId":"66vuftw35esgvud","id":"66vuftw35esgvud"},"id":"69rlydak1qy0fr4","previousOperationId":"woo332ixyfdd15e"}
{"type":"log","timestamp":1769050917060,"level":"debug","message":"Running chrome with params {\"printBackground\":true,\"timeout\":59643,\"margin\":{}}","meta":{"rootId":"66vuftw35esgvud","id":"66vuftw35esgvud"},"id":"mb97igjwhg48xz3","previousOperationId":"woo332ixyfdd15e"}
{"type":"operationEnd","operationId":"woo332ixyfdd15e","timestamp":1769050917183,"id":"26ex4p4w0sdyles","previousEventId":"9m7kqzwl5443sm8","previousOperationId":"woo332ixyfdd15e"}
{"type":"log","timestamp":1769050917183,"level":"debug","message":"Skipping storing report.","meta":{"rootId":"66vuftw35esgvud","id":"66vuftw35esgvud"},"id":"9o5q4oof8404737","previousOperationId":"woo332ixyfdd15e"}
{"type":"log","timestamp":1769050917183,"level":"info","message":"Rendering request 74 finished in 1059 ms","meta":{"rootId":"66vuftw35esgvud","id":"66vuftw35esgvud"},"id":"mqm6h124xd4ckyp","previousOperationId":"woo332ixyfdd15e"}
{"type":"operationEnd","subtype":"render","operationId":"veqsbdo0mh5h2kd","timestamp":1769050917183,"id":"vcjk8dzwaqnnsvb","previousEventId":"26ex4p4w0sdyles","previousOperationId":"woo332ixyfdd15e"}
{"type":"operationEnd","doDiffs":false,"previousEventId":"0x3u4obzjjbjtst","previousOperationId":"iqbyuswa4vypcjg","operationId":"iqbyuswa4vypcjg","timestamp":1769050917186,"id":"cd9oqa4xz6n6vww"}
