{"type":"operationStart","subtype":"profile","data":{"_id":"zFyf7EAANuDsuDp5","timestamp":"2026-01-21T02:15:26.958Z","state":"queued","mode":"standard","creationDate":"2026-01-21T02:15:26.964Z","modificationDate":"2026-01-21T02:15:26.964Z","shortid":"dQzGqdz","$entitySet":"profiles"},"doDiffs":false,"timestamp":1768961726960,"id":"58xf42vcqii8wf3","previousOperationId":null,"operationId":"drp3ygty8ov2m10"}
{"type":"log","level":"info","message":"Render request 5 queued for execution and waiting for available worker","previousOperationId":"drp3ygty8ov2m10","timestamp":1768961726960,"id":"pk2klczihe62f99"}
{"type":"operationStart","subtype":"render","name":"journal-entry-v1","previousOperationId":"drp3ygty8ov2m10","timestamp":1768961727011,"id":"9ruh6tgqb1digjc","previousEventId":"58xf42vcqii8wf3","operationId":"y816y0c7sgln5bn"}
{"type":"log","timestamp":1768961727014,"level":"info","message":"Starting rendering request 5","meta":{"rootId":"6es4jeqeo7ywi16","id":"6es4jeqeo7ywi16"},"id":"4ka39tl2rn77y7d","previousOperationId":"y816y0c7sgln5bn"}
{"type":"log","timestamp":1768961727016,"level":"info","message":"Rendering template { name: journal-entry-v1, recipe: chrome-pdf, engine: handlebars, preview: false }","meta":{"rootId":"6es4jeqeo7ywi16","id":"6es4jeqeo7ywi16"},"id":"kfwl90gkk4zo68l","previousOperationId":"y816y0c7sgln5bn"}
{"type":"log","timestamp":1768961727020,"level":"debug","message":"Inline data specified.","meta":{"rootId":"6es4jeqeo7ywi16","id":"6es4jeqeo7ywi16"},"id":"vj3p6rbezq4mvjy","previousOperationId":"y816y0c7sgln5bn"}
{"type":"log","timestamp":1768961727025,"level":"debug","message":"Base url not specified, skipping its injection.","meta":{"rootId":"6es4jeqeo7ywi16","id":"6es4jeqeo7ywi16"},"id":"ksenpa5so7xrh5w","previousOperationId":"y816y0c7sgln5bn"}
{"type":"operationStart","subtype":"engine","name":"handlebars","timestamp":1768961727027,"id":"471a0ii93y8ld6e","previousEventId":"9ruh6tgqb1digjc","operationId":"tehd0cumxsyfnzn","previousOperationId":"y816y0c7sgln5bn"}
{"type":"log","timestamp":1768961727027,"level":"debug","message":"Rendering engine handlebars","meta":{"rootId":"6es4jeqeo7ywi16","id":"6es4jeqeo7ywi16"},"id":"al31l4esn6bhdpf","previousOperationId":"tehd0cumxsyfnzn"}
{"type":"operationEnd","operationId":"tehd0cumxsyfnzn","timestamp":1768961727073,"id":"6k1my34duw738sl","previousEventId":"471a0ii93y8ld6e","previousOperationId":"tehd0cumxsyfnzn"}
{"type":"operationStart","subtype":"recipe","name":"chrome-pdf","timestamp":1768961727074,"id":"sfpoxqp2xhr7c9k","previousEventId":"6k1my34duw738sl","operationId":"9xabps8njqgc73e","previousOperationId":"tehd0cumxsyfnzn"}
{"type":"log","timestamp":1768961727074,"level":"debug","message":"Executing recipe chrome-pdf","meta":{"rootId":"6es4jeqeo7ywi16","id":"6es4jeqeo7ywi16"},"id":"ml0mmwqjotdccde","previousOperationId":"9xabps8njqgc73e"}
{"type":"log","timestamp":1768961727091,"level":"debug","message":"Converting with chrome Chrome/142.0.7444.175 using chrome-pool strategy","meta":{"rootId":"6es4jeqeo7ywi16","id":"6es4jeqeo7ywi16"},"id":"01sb3yg234j79m3","previousOperationId":"9xabps8njqgc73e"}
{"type":"log","timestamp":1768961727249,"level":"debug","message":"Page request: GET (document) file:///tmp/jsreport/autocleanup/d164189f-3862-428f-bfde-ce0c0cd4bef2-chrome-pdf.html","meta":{"rootId":"6es4jeqeo7ywi16","id":"6es4jeqeo7ywi16"},"id":"ttcf3apkci1f41z","previousOperationId":"9xabps8njqgc73e"}
{"type":"log","timestamp":1768961727270,"level":"debug","message":"Page request finished: GET (document) 200 file:///tmp/jsreport/autocleanup/d164189f-3862-428f-bfde-ce0c0cd4bef2-chrome-pdf.html","meta":{"rootId":"6es4jeqeo7ywi16","id":"6es4jeqeo7ywi16"},"id":"kwrienzk1e12zme","previousOperationId":"9xabps8njqgc73e"}
{"type":"log","timestamp":1768961727275,"level":"warn","message":"Page request failed: GET (stylesheet) file:///tmp/jsreport/autocleanup/styles.css, failure: net::ERR_ACCESS_DENIED","meta":{"rootId":"6es4jeqeo7ywi16","id":"6es4jeqeo7ywi16"},"id":"8ve8m4w9yfk2usx","previousOperationId":"9xabps8njqgc73e"}
{"type":"log","timestamp":1768961727282,"level":"debug","message":"(console:error) Failed to load resource: net::ERR_ACCESS_DENIED","meta":{"userLevel":true,"rootId":"6es4jeqeo7ywi16","id":"6es4jeqeo7ywi16"},"id":"mmqsty1dwuzgv7m","previousOperationId":"9xabps8njqgc73e"}
{"type":"log","timestamp":1768961727287,"level":"debug","message":"Running chrome with params {\"printBackground\":true,\"timeout\":59872,\"margin\":{}}","meta":{"rootId":"6es4jeqeo7ywi16","id":"6es4jeqeo7ywi16"},"id":"fzt5hkpui6pztuu","previousOperationId":"9xabps8njqgc73e"}
{"type":"operationEnd","operationId":"9xabps8njqgc73e","timestamp":1768961727342,"id":"lddgtbhabb3gxft","previousEventId":"sfpoxqp2xhr7c9k","previousOperationId":"9xabps8njqgc73e"}
{"type":"log","timestamp":1768961727343,"level":"debug","message":"Skipping storing report.","meta":{"rootId":"6es4jeqeo7ywi16","id":"6es4jeqeo7ywi16"},"id":"zy8isoraslo2wb9","previousOperationId":"9xabps8njqgc73e"}
{"type":"log","timestamp":1768961727343,"level":"info","message":"Rendering request 5 finished in 391 ms","meta":{"rootId":"6es4jeqeo7ywi16","id":"6es4jeqeo7ywi16"},"id":"x9p7l43a78i6fgz","previousOperationId":"9xabps8njqgc73e"}
{"type":"operationEnd","subtype":"render","operationId":"y816y0c7sgln5bn","timestamp":1768961727343,"id":"exh1vpnpeimc6ol","previousEventId":"lddgtbhabb3gxft","previousOperationId":"9xabps8njqgc73e"}
{"type":"operationEnd","doDiffs":false,"previousEventId":"58xf42vcqii8wf3","previousOperationId":"drp3ygty8ov2m10","operationId":"drp3ygty8ov2m10","timestamp":1768961727344,"id":"7otq4tuh511e4v7"}
