{"type":"operationStart","subtype":"profile","data":{"_id":"Oyu22FpRCxOsUK5P","timestamp":"2026-02-19T15:25:49.599Z","state":"queued","mode":"standard","creationDate":"2026-02-19T15:25:49.607Z","modificationDate":"2026-02-19T15:25:49.607Z","shortid":"9gCPjhg","$entitySet":"profiles"},"doDiffs":false,"timestamp":1771514749603,"id":"m6ilkjg1y2uxzdc","previousOperationId":null,"operationId":"q99njgst7itpmlz"}
{"type":"log","level":"info","message":"Render request 3 queued for execution and waiting for available worker","previousOperationId":"q99njgst7itpmlz","timestamp":1771514749603,"id":"xx8wo320ruvwcu6"}
{"type":"operationStart","subtype":"render","name":"journal-entry-v1","previousOperationId":"q99njgst7itpmlz","timestamp":1771514749685,"id":"tj6k2p9ti5seexp","previousEventId":"m6ilkjg1y2uxzdc","operationId":"srwis5zg15objub"}
{"type":"log","timestamp":1771514749688,"level":"info","message":"Starting rendering request 3","meta":{"rootId":"6mx3uqdr4rf11bg","id":"6mx3uqdr4rf11bg"},"id":"p65jl8pks0ar14j","previousOperationId":"srwis5zg15objub"}
{"type":"log","timestamp":1771514749691,"level":"info","message":"Rendering template { name: journal-entry-v1, recipe: chrome-pdf, engine: handlebars, preview: false }","meta":{"rootId":"6mx3uqdr4rf11bg","id":"6mx3uqdr4rf11bg"},"id":"blo5om5xdo5yy50","previousOperationId":"srwis5zg15objub"}
{"type":"log","timestamp":1771514749696,"level":"debug","message":"Inline data specified.","meta":{"rootId":"6mx3uqdr4rf11bg","id":"6mx3uqdr4rf11bg"},"id":"wi6b72dv7zepd4a","previousOperationId":"srwis5zg15objub"}
{"type":"log","timestamp":1771514749700,"level":"debug","message":"Base url not specified, skipping its injection.","meta":{"rootId":"6mx3uqdr4rf11bg","id":"6mx3uqdr4rf11bg"},"id":"rybdsahizsoso07","previousOperationId":"srwis5zg15objub"}
{"type":"operationStart","subtype":"engine","name":"handlebars","timestamp":1771514749707,"id":"32z3yilnsw6a0tk","previousEventId":"tj6k2p9ti5seexp","operationId":"yi4973p189rjvim","previousOperationId":"srwis5zg15objub"}
{"type":"log","timestamp":1771514749707,"level":"debug","message":"Rendering engine handlebars","meta":{"rootId":"6mx3uqdr4rf11bg","id":"6mx3uqdr4rf11bg"},"id":"h4ydibf4u01eetz","previousOperationId":"yi4973p189rjvim"}
{"type":"operationEnd","operationId":"yi4973p189rjvim","timestamp":1771514749778,"id":"fgby4a0llq5hx7j","previousEventId":"32z3yilnsw6a0tk","previousOperationId":"yi4973p189rjvim"}
{"type":"operationStart","subtype":"recipe","name":"chrome-pdf","timestamp":1771514749780,"id":"loklnp94wvzxzko","previousEventId":"fgby4a0llq5hx7j","operationId":"b2u3a3scekxejdf","previousOperationId":"yi4973p189rjvim"}
{"type":"log","timestamp":1771514749780,"level":"debug","message":"Executing recipe chrome-pdf","meta":{"rootId":"6mx3uqdr4rf11bg","id":"6mx3uqdr4rf11bg"},"id":"3gtbh632wheytq9","previousOperationId":"b2u3a3scekxejdf"}
{"type":"log","timestamp":1771514749806,"level":"debug","message":"Converting with chrome Chrome/142.0.7444.175 using chrome-pool strategy","meta":{"rootId":"6mx3uqdr4rf11bg","id":"6mx3uqdr4rf11bg"},"id":"vuig6q3n6m8mm9g","previousOperationId":"b2u3a3scekxejdf"}
{"type":"log","timestamp":1771514750114,"level":"debug","message":"Page request: GET (document) file:///tmp/jsreport/autocleanup/da7b9ec3-6f3f-4aec-bb36-50d086f30901-chrome-pdf.html","meta":{"rootId":"6mx3uqdr4rf11bg","id":"6mx3uqdr4rf11bg"},"id":"4xt02zfpx8geyx7","previousOperationId":"b2u3a3scekxejdf"}
{"type":"log","timestamp":1771514750135,"level":"debug","message":"Page request finished: GET (document) 200 file:///tmp/jsreport/autocleanup/da7b9ec3-6f3f-4aec-bb36-50d086f30901-chrome-pdf.html","meta":{"rootId":"6mx3uqdr4rf11bg","id":"6mx3uqdr4rf11bg"},"id":"pnb8rlqhivgeqpb","previousOperationId":"b2u3a3scekxejdf"}
{"type":"log","timestamp":1771514750138,"level":"debug","message":"Page request: GET (image) https://paciolibucket.s3.us-east-2.amazonaws.com/orgs/c64b69f6759a43a1bc0ae31961876751/companies/logos/b6e6bbb3-4217-4336-88b7-161c9ce34ada_Applicorp%20Logo.png?X-Amz-Expires=600&X-Amz-Algorithm=AWS4-HMAC-SHA256&X-Amz-Credential=AKIAVYV5Z6T6UQ4ARWOC%2F20260219%2Fus-east-2%2Fs3%2Faws4_request&X-Amz-Date=20260219T152549Z&X-Amz-SignedHeaders=host&X-Amz-Signature=a5d4344875bf4d27757072c3272e0d277b1d4d6cc8ceaff68b7f0a68ba17f2ef","meta":{"rootId":"6mx3uqdr4rf11bg","id":"6mx3uqdr4rf11bg"},"id":"90of69l25tguh8u","previousOperationId":"b2u3a3scekxejdf"}
{"type":"log","timestamp":1771514750749,"level":"debug","message":"Page request finished: GET (image) 200 https://paciolibucket.s3.us-east-2.amazonaws.com/orgs/c64b69f6759a43a1bc0ae31961876751/companies/logos/b6e6bbb3-4217-4336-88b7-161c9ce34ada_Applicorp%20Logo.png?X-Amz-Expires=600&X-Amz-Algorithm=AWS4-HMAC-SHA256&X-Amz-Credential=AKIAVYV5Z6T6UQ4ARWOC%2F20260219%2Fus-east-2%2Fs3%2Faws4_request&X-Amz-Date=20260219T152549Z&X-Amz-SignedHeaders=host&X-Amz-Signature=a5d4344875bf4d27757072c3272e0d277b1d4d6cc8ceaff68b7f0a68ba17f2ef","meta":{"rootId":"6mx3uqdr4rf11bg","id":"6mx3uqdr4rf11bg"},"id":"n09w8cc7xtgg18c","previousOperationId":"b2u3a3scekxejdf"}
{"type":"log","timestamp":1771514750752,"level":"debug","message":"Running chrome with params {\"printBackground\":true,\"timeout\":59806,\"margin\":{}}","meta":{"rootId":"6mx3uqdr4rf11bg","id":"6mx3uqdr4rf11bg"},"id":"hi2g1uy0hqp5xt9","previousOperationId":"b2u3a3scekxejdf"}
{"type":"operationEnd","operationId":"b2u3a3scekxejdf","timestamp":1771514750837,"id":"u3sqsuo1s7u6s4u","previousEventId":"loklnp94wvzxzko","previousOperationId":"b2u3a3scekxejdf"}
{"type":"log","timestamp":1771514750837,"level":"debug","message":"Skipping storing report.","meta":{"rootId":"6mx3uqdr4rf11bg","id":"6mx3uqdr4rf11bg"},"id":"2nlr7dt6hgzxsvt","previousOperationId":"b2u3a3scekxejdf"}
{"type":"log","timestamp":1771514750837,"level":"info","message":"Rendering request 3 finished in 1244 ms","meta":{"rootId":"6mx3uqdr4rf11bg","id":"6mx3uqdr4rf11bg"},"id":"o1gwxswxxtdh6nd","previousOperationId":"b2u3a3scekxejdf"}
{"type":"operationEnd","subtype":"render","operationId":"srwis5zg15objub","timestamp":1771514750837,"id":"se0b458fr8xutz9","previousEventId":"u3sqsuo1s7u6s4u","previousOperationId":"b2u3a3scekxejdf"}
{"type":"operationEnd","doDiffs":false,"previousEventId":"m6ilkjg1y2uxzdc","previousOperationId":"q99njgst7itpmlz","operationId":"q99njgst7itpmlz","timestamp":1771514750843,"id":"uc08v7xnz6grdqo"}
