{"type":"operationStart","subtype":"profile","data":{"_id":"T2nUfHhq58GINP2I","timestamp":"2026-01-22T03:38:06.781Z","state":"queued","mode":"standard","creationDate":"2026-01-22T03:38:06.783Z","modificationDate":"2026-01-22T03:38:06.783Z","shortid":"O4C-gI7","$entitySet":"profiles"},"doDiffs":false,"timestamp":1769053086782,"id":"hbe6zbkmicfimqn","previousOperationId":null,"operationId":"h9vb55qezjw37vh"}
{"type":"log","level":"info","message":"Render request 94 queued for execution and waiting for available worker","previousOperationId":"h9vb55qezjw37vh","timestamp":1769053086782,"id":"8060k0diq6llcdv"}
{"type":"operationStart","subtype":"render","name":"journal-entry-v1","previousOperationId":"h9vb55qezjw37vh","timestamp":1769053086826,"id":"cb0cvlijphj64k1","previousEventId":"hbe6zbkmicfimqn","operationId":"upei3hitiakktxi"}
{"type":"log","timestamp":1769053086826,"level":"info","message":"Starting rendering request 94","meta":{"rootId":"742kg72mri8oavf","id":"742kg72mri8oavf"},"id":"g49b75qdimrbxac","previousOperationId":"upei3hitiakktxi"}
{"type":"log","timestamp":1769053086827,"level":"info","message":"Rendering template { name: journal-entry-v1, recipe: chrome-pdf, engine: handlebars, preview: false }","meta":{"rootId":"742kg72mri8oavf","id":"742kg72mri8oavf"},"id":"n3wn1t9owppbmcv","previousOperationId":"upei3hitiakktxi"}
{"type":"log","timestamp":1769053086828,"level":"debug","message":"Inline data specified.","meta":{"rootId":"742kg72mri8oavf","id":"742kg72mri8oavf"},"id":"cs8nd3969i6c42t","previousOperationId":"upei3hitiakktxi"}
{"type":"log","timestamp":1769053086837,"level":"debug","message":"Base url not specified, skipping its injection.","meta":{"rootId":"742kg72mri8oavf","id":"742kg72mri8oavf"},"id":"hae1usawnikrdip","previousOperationId":"upei3hitiakktxi"}
{"type":"operationStart","subtype":"engine","name":"handlebars","timestamp":1769053086837,"id":"8hi4ty1o0snnbae","previousEventId":"cb0cvlijphj64k1","operationId":"s6bzawup35sm07h","previousOperationId":"upei3hitiakktxi"}
{"type":"log","timestamp":1769053086837,"level":"debug","message":"Rendering engine handlebars","meta":{"rootId":"742kg72mri8oavf","id":"742kg72mri8oavf"},"id":"eyip48bqm3s130k","previousOperationId":"s6bzawup35sm07h"}
{"type":"operationEnd","operationId":"s6bzawup35sm07h","timestamp":1769053086957,"id":"vdmf91erokhmcct","previousEventId":"8hi4ty1o0snnbae","previousOperationId":"s6bzawup35sm07h"}
{"type":"operationStart","subtype":"recipe","name":"chrome-pdf","timestamp":1769053086958,"id":"pjjyzwtmxbj3ssv","previousEventId":"vdmf91erokhmcct","operationId":"0szmq75z7mjeh2d","previousOperationId":"s6bzawup35sm07h"}
{"type":"log","timestamp":1769053086958,"level":"debug","message":"Executing recipe chrome-pdf","meta":{"rootId":"742kg72mri8oavf","id":"742kg72mri8oavf"},"id":"xb6idr8g4480wtn","previousOperationId":"0szmq75z7mjeh2d"}
{"type":"log","timestamp":1769053086968,"level":"debug","message":"Converting with chrome Chrome/142.0.7444.175 using chrome-pool strategy","meta":{"rootId":"742kg72mri8oavf","id":"742kg72mri8oavf"},"id":"3azioekr5aa0ebb","previousOperationId":"0szmq75z7mjeh2d"}
{"type":"log","timestamp":1769053087031,"level":"debug","message":"Page request: GET (document) file:///tmp/jsreport/autocleanup/c06a5af0-7e09-4559-91eb-c61a980709d8-chrome-pdf.html","meta":{"rootId":"742kg72mri8oavf","id":"742kg72mri8oavf"},"id":"5fn54mv674ayz1q","previousOperationId":"0szmq75z7mjeh2d"}
{"type":"log","timestamp":1769053087047,"level":"debug","message":"Page request finished: GET (document) 200 file:///tmp/jsreport/autocleanup/c06a5af0-7e09-4559-91eb-c61a980709d8-chrome-pdf.html","meta":{"rootId":"742kg72mri8oavf","id":"742kg72mri8oavf"},"id":"xb7scr037xomd7s","previousOperationId":"0szmq75z7mjeh2d"}
{"type":"log","timestamp":1769053087048,"level":"debug","message":"Page request: GET (image) https://paciolibucket.s3.us-east-2.amazonaws.com/orgs/c64b69f6759a43a1bc0ae31961876751/companies/logos/e9767ff4-7186-447f-a397-208ea6bbfdb8_ninosfelices.png?X-Amz-Expires=600&X-Amz-Algorithm=AWS4-HMAC-SHA256&X-Amz-Credential=AKIAVYV5Z6T6UQ4ARWOC%2F20260122%2Fus-east-2%2Fs3%2Faws4_request&X-Amz-Date=20260122T033805Z&X-Amz-SignedHeaders=host&X-Amz-Signature=c88a35ff695cf55b0e4d4a7dc47d26defe794c8582046d9850b4f26da9aeb4b5","meta":{"rootId":"742kg72mri8oavf","id":"742kg72mri8oavf"},"id":"ezf6l9i81ak0zxf","previousOperationId":"0szmq75z7mjeh2d"}
{"type":"log","timestamp":1769053087502,"level":"debug","message":"Page request finished: GET (image) 200 https://paciolibucket.s3.us-east-2.amazonaws.com/orgs/c64b69f6759a43a1bc0ae31961876751/companies/logos/e9767ff4-7186-447f-a397-208ea6bbfdb8_ninosfelices.png?X-Amz-Expires=600&X-Amz-Algorithm=AWS4-HMAC-SHA256&X-Amz-Credential=AKIAVYV5Z6T6UQ4ARWOC%2F20260122%2Fus-east-2%2Fs3%2Faws4_request&X-Amz-Date=20260122T033805Z&X-Amz-SignedHeaders=host&X-Amz-Signature=c88a35ff695cf55b0e4d4a7dc47d26defe794c8582046d9850b4f26da9aeb4b5","meta":{"rootId":"742kg72mri8oavf","id":"742kg72mri8oavf"},"id":"jg3c901ixspa7ol","previousOperationId":"0szmq75z7mjeh2d"}
{"type":"log","timestamp":1769053087504,"level":"debug","message":"Running chrome with params {\"printBackground\":true,\"timeout\":59815,\"margin\":{}}","meta":{"rootId":"742kg72mri8oavf","id":"742kg72mri8oavf"},"id":"wd6hax0yigd4f9s","previousOperationId":"0szmq75z7mjeh2d"}
{"type":"operationEnd","operationId":"0szmq75z7mjeh2d","timestamp":1769053087573,"id":"wvg2s4bgrt7try0","previousEventId":"pjjyzwtmxbj3ssv","previousOperationId":"0szmq75z7mjeh2d"}
{"type":"log","timestamp":1769053087573,"level":"debug","message":"Skipping storing report.","meta":{"rootId":"742kg72mri8oavf","id":"742kg72mri8oavf"},"id":"bdqyn1fbe8znaea","previousOperationId":"0szmq75z7mjeh2d"}
{"type":"log","timestamp":1769053087574,"level":"info","message":"Rendering request 94 finished in 793 ms","meta":{"rootId":"742kg72mri8oavf","id":"742kg72mri8oavf"},"id":"3hfv2dzs2qlgc3g","previousOperationId":"0szmq75z7mjeh2d"}
{"type":"operationEnd","subtype":"render","operationId":"upei3hitiakktxi","timestamp":1769053087574,"id":"ru9w0nq7l349cm6","previousEventId":"wvg2s4bgrt7try0","previousOperationId":"0szmq75z7mjeh2d"}
{"type":"operationEnd","doDiffs":false,"previousEventId":"hbe6zbkmicfimqn","previousOperationId":"h9vb55qezjw37vh","operationId":"h9vb55qezjw37vh","timestamp":1769053087576,"id":"0k02gy63j7z0phz"}
