{"type":"operationStart","subtype":"profile","data":{"_id":"RkLb42VUATlv4ghg","timestamp":"2026-01-22T02:01:55.827Z","state":"queued","mode":"standard","creationDate":"2026-01-22T02:01:55.830Z","modificationDate":"2026-01-22T02:01:55.830Z","shortid":"DsnWeZc","$entitySet":"profiles"},"doDiffs":false,"timestamp":1769047315828,"id":"orqpkslbj7az2nl","previousOperationId":null,"operationId":"323u2gnrnc7fpof"}
{"type":"log","level":"info","message":"Render request 52 queued for execution and waiting for available worker","previousOperationId":"323u2gnrnc7fpof","timestamp":1769047315828,"id":"neti5s7j902t5rm"}
{"type":"operationStart","subtype":"render","name":"journal-entry-v1","previousOperationId":"323u2gnrnc7fpof","timestamp":1769047315918,"id":"t1jcu8v868m3db3","previousEventId":"orqpkslbj7az2nl","operationId":"d2i7j617wnoox9t"}
{"type":"log","timestamp":1769047315922,"level":"info","message":"Starting rendering request 52","meta":{"rootId":"7f281sj8m4hvz2r","id":"7f281sj8m4hvz2r"},"id":"n3ge4tk786ivkg9","previousOperationId":"d2i7j617wnoox9t"}
{"type":"log","timestamp":1769047315926,"level":"info","message":"Rendering template { name: journal-entry-v1, recipe: chrome-pdf, engine: handlebars, preview: false }","meta":{"rootId":"7f281sj8m4hvz2r","id":"7f281sj8m4hvz2r"},"id":"7yjk6xjxa3z98dz","previousOperationId":"d2i7j617wnoox9t"}
{"type":"log","timestamp":1769047315937,"level":"debug","message":"Inline data specified.","meta":{"rootId":"7f281sj8m4hvz2r","id":"7f281sj8m4hvz2r"},"id":"his8aiy9gatvei5","previousOperationId":"d2i7j617wnoox9t"}
{"type":"log","timestamp":1769047315941,"level":"debug","message":"Base url not specified, skipping its injection.","meta":{"rootId":"7f281sj8m4hvz2r","id":"7f281sj8m4hvz2r"},"id":"hmgtnlitlud46ab","previousOperationId":"d2i7j617wnoox9t"}
{"type":"operationStart","subtype":"engine","name":"handlebars","timestamp":1769047315948,"id":"u2nfw2ntuqdi934","previousEventId":"t1jcu8v868m3db3","operationId":"6rlbfc1lc2ge56l","previousOperationId":"d2i7j617wnoox9t"}
{"type":"log","timestamp":1769047315948,"level":"debug","message":"Rendering engine handlebars","meta":{"rootId":"7f281sj8m4hvz2r","id":"7f281sj8m4hvz2r"},"id":"5oibx1ja2apcw0r","previousOperationId":"6rlbfc1lc2ge56l"}
{"type":"operationEnd","operationId":"6rlbfc1lc2ge56l","timestamp":1769047316028,"id":"w8ppf70ovz4sfvg","previousEventId":"u2nfw2ntuqdi934","previousOperationId":"6rlbfc1lc2ge56l"}
{"type":"operationStart","subtype":"recipe","name":"chrome-pdf","timestamp":1769047316030,"id":"6c8kyuw0vqhrbzk","previousEventId":"w8ppf70ovz4sfvg","operationId":"52l4hn0es25kye4","previousOperationId":"6rlbfc1lc2ge56l"}
{"type":"log","timestamp":1769047316030,"level":"debug","message":"Executing recipe chrome-pdf","meta":{"rootId":"7f281sj8m4hvz2r","id":"7f281sj8m4hvz2r"},"id":"dydrqmewamtaoxd","previousOperationId":"52l4hn0es25kye4"}
{"type":"log","timestamp":1769047316065,"level":"debug","message":"Converting with chrome Chrome/142.0.7444.175 using chrome-pool strategy","meta":{"rootId":"7f281sj8m4hvz2r","id":"7f281sj8m4hvz2r"},"id":"dqhiwu8rrre1w9h","previousOperationId":"52l4hn0es25kye4"}
{"type":"log","timestamp":1769047316199,"level":"debug","message":"Page request: GET (document) file:///tmp/jsreport/autocleanup/de69e039-f9d5-4660-b94c-64e6a27720fa-chrome-pdf.html","meta":{"rootId":"7f281sj8m4hvz2r","id":"7f281sj8m4hvz2r"},"id":"hb78sv1fc6ka6wh","previousOperationId":"52l4hn0es25kye4"}
{"type":"log","timestamp":1769047316212,"level":"debug","message":"Page request finished: GET (document) 200 file:///tmp/jsreport/autocleanup/de69e039-f9d5-4660-b94c-64e6a27720fa-chrome-pdf.html","meta":{"rootId":"7f281sj8m4hvz2r","id":"7f281sj8m4hvz2r"},"id":"3ye2t1xfj99r69t","previousOperationId":"52l4hn0es25kye4"}
{"type":"log","timestamp":1769047316236,"level":"debug","message":"Running chrome with params {\"printBackground\":true,\"timeout\":59784,\"margin\":{}}","meta":{"rootId":"7f281sj8m4hvz2r","id":"7f281sj8m4hvz2r"},"id":"dmpin7v5f3lz1ap","previousOperationId":"52l4hn0es25kye4"}
{"type":"operationEnd","operationId":"52l4hn0es25kye4","timestamp":1769047316295,"id":"j525bb0nzn0r3ru","previousEventId":"6c8kyuw0vqhrbzk","previousOperationId":"52l4hn0es25kye4"}
{"type":"log","timestamp":1769047316296,"level":"debug","message":"Skipping storing report.","meta":{"rootId":"7f281sj8m4hvz2r","id":"7f281sj8m4hvz2r"},"id":"en17r3gnw53r9uy","previousOperationId":"52l4hn0es25kye4"}
{"type":"log","timestamp":1769047316296,"level":"info","message":"Rendering request 52 finished in 471 ms","meta":{"rootId":"7f281sj8m4hvz2r","id":"7f281sj8m4hvz2r"},"id":"q1e3g3j62j5efjv","previousOperationId":"52l4hn0es25kye4"}
{"type":"operationEnd","subtype":"render","operationId":"d2i7j617wnoox9t","timestamp":1769047316296,"id":"ruwsmybbj2im0ug","previousEventId":"j525bb0nzn0r3ru","previousOperationId":"52l4hn0es25kye4"}
{"type":"operationEnd","doDiffs":false,"previousEventId":"orqpkslbj7az2nl","previousOperationId":"323u2gnrnc7fpof","operationId":"323u2gnrnc7fpof","timestamp":1769047316297,"id":"nb0j0xvs3oxi7qm"}
