{"type":"operationStart","subtype":"profile","data":{"_id":"hNh0RC9k95Fs1kQC","timestamp":"2026-01-22T04:08:33.801Z","state":"queued","mode":"standard","creationDate":"2026-01-22T04:08:33.808Z","modificationDate":"2026-01-22T04:08:33.808Z","shortid":"UwVyYmj","$entitySet":"profiles"},"doDiffs":false,"timestamp":1769054913805,"id":"2xdl2c02tw69u2y","previousOperationId":null,"operationId":"u75pbxkdtq3jbfq"}
{"type":"log","level":"info","message":"Render request 106 queued for execution and waiting for available worker","previousOperationId":"u75pbxkdtq3jbfq","timestamp":1769054913805,"id":"fqgih0g7k1k8y7f"}
{"type":"operationStart","subtype":"render","name":"journal-entry-v1","previousOperationId":"u75pbxkdtq3jbfq","timestamp":1769054913902,"id":"gbmul6fodm563ss","previousEventId":"2xdl2c02tw69u2y","operationId":"dzhley8d03e0v25"}
{"type":"log","timestamp":1769054913905,"level":"info","message":"Starting rendering request 106","meta":{"rootId":"8asthnrzia5rcyv","id":"8asthnrzia5rcyv"},"id":"jqlhc9fxbsg5imw","previousOperationId":"dzhley8d03e0v25"}
{"type":"log","timestamp":1769054913908,"level":"info","message":"Rendering template { name: journal-entry-v1, recipe: chrome-pdf, engine: handlebars, preview: false }","meta":{"rootId":"8asthnrzia5rcyv","id":"8asthnrzia5rcyv"},"id":"qud1peod1ezzusq","previousOperationId":"dzhley8d03e0v25"}
{"type":"log","timestamp":1769054913913,"level":"debug","message":"Inline data specified.","meta":{"rootId":"8asthnrzia5rcyv","id":"8asthnrzia5rcyv"},"id":"n0xs1gjvll8x85o","previousOperationId":"dzhley8d03e0v25"}
{"type":"log","timestamp":1769054913918,"level":"debug","message":"Base url not specified, skipping its injection.","meta":{"rootId":"8asthnrzia5rcyv","id":"8asthnrzia5rcyv"},"id":"5hugrshvxzxkrts","previousOperationId":"dzhley8d03e0v25"}
{"type":"operationStart","subtype":"engine","name":"handlebars","timestamp":1769054913923,"id":"5ol13tjscp2632t","previousEventId":"gbmul6fodm563ss","operationId":"ps6n6gu7geqca5j","previousOperationId":"dzhley8d03e0v25"}
{"type":"log","timestamp":1769054913923,"level":"debug","message":"Rendering engine handlebars","meta":{"rootId":"8asthnrzia5rcyv","id":"8asthnrzia5rcyv"},"id":"eqppaqy47u95931","previousOperationId":"ps6n6gu7geqca5j"}
{"type":"operationEnd","operationId":"ps6n6gu7geqca5j","timestamp":1769054914081,"id":"ewffh8uj4u0ah8l","previousEventId":"5ol13tjscp2632t","previousOperationId":"ps6n6gu7geqca5j"}
{"type":"operationStart","subtype":"recipe","name":"chrome-pdf","timestamp":1769054914083,"id":"vtexggzct7b3l39","previousEventId":"ewffh8uj4u0ah8l","operationId":"wqd2te1i39guecx","previousOperationId":"ps6n6gu7geqca5j"}
{"type":"log","timestamp":1769054914083,"level":"debug","message":"Executing recipe chrome-pdf","meta":{"rootId":"8asthnrzia5rcyv","id":"8asthnrzia5rcyv"},"id":"9wse8d5m4peym2n","previousOperationId":"wqd2te1i39guecx"}
{"type":"log","timestamp":1769054914113,"level":"debug","message":"Converting with chrome Chrome/142.0.7444.175 using chrome-pool strategy","meta":{"rootId":"8asthnrzia5rcyv","id":"8asthnrzia5rcyv"},"id":"obzadlrblxd2rb9","previousOperationId":"wqd2te1i39guecx"}
{"type":"log","timestamp":1769054914389,"level":"debug","message":"Page request: GET (document) file:///tmp/jsreport/autocleanup/edc1d0f1-1888-4d00-bcc1-2839c8d306f5-chrome-pdf.html","meta":{"rootId":"8asthnrzia5rcyv","id":"8asthnrzia5rcyv"},"id":"kblbl6hp52y1x1n","previousOperationId":"wqd2te1i39guecx"}
{"type":"log","timestamp":1769054914450,"level":"debug","message":"Page request finished: GET (document) 200 file:///tmp/jsreport/autocleanup/edc1d0f1-1888-4d00-bcc1-2839c8d306f5-chrome-pdf.html","meta":{"rootId":"8asthnrzia5rcyv","id":"8asthnrzia5rcyv"},"id":"03be2mfpqvrnpd9","previousOperationId":"wqd2te1i39guecx"}
{"type":"log","timestamp":1769054914452,"level":"debug","message":"Page request: GET (image) https://paciolibucket.s3.us-east-2.amazonaws.com/orgs/c64b69f6759a43a1bc0ae31961876751/companies/logos/e9767ff4-7186-447f-a397-208ea6bbfdb8_ninosfelices.png?X-Amz-Expires=600&X-Amz-Algorithm=AWS4-HMAC-SHA256&X-Amz-Credential=AKIAVYV5Z6T6UQ4ARWOC%2F20260122%2Fus-east-2%2Fs3%2Faws4_request&X-Amz-Date=20260122T040833Z&X-Amz-SignedHeaders=host&X-Amz-Signature=c7cb26d4703fe80353b5304cc2ecbce8e06f9359630849ce5caf991e5a55ece7","meta":{"rootId":"8asthnrzia5rcyv","id":"8asthnrzia5rcyv"},"id":"03thvbcpz3bo8bs","previousOperationId":"wqd2te1i39guecx"}
{"type":"log","timestamp":1769054915064,"level":"debug","message":"Page request finished: GET (image) 200 https://paciolibucket.s3.us-east-2.amazonaws.com/orgs/c64b69f6759a43a1bc0ae31961876751/companies/logos/e9767ff4-7186-447f-a397-208ea6bbfdb8_ninosfelices.png?X-Amz-Expires=600&X-Amz-Algorithm=AWS4-HMAC-SHA256&X-Amz-Credential=AKIAVYV5Z6T6UQ4ARWOC%2F20260122%2Fus-east-2%2Fs3%2Faws4_request&X-Amz-Date=20260122T040833Z&X-Amz-SignedHeaders=host&X-Amz-Signature=c7cb26d4703fe80353b5304cc2ecbce8e06f9359630849ce5caf991e5a55ece7","meta":{"rootId":"8asthnrzia5rcyv","id":"8asthnrzia5rcyv"},"id":"vplgn0tu178pjbj","previousOperationId":"wqd2te1i39guecx"}
{"type":"log","timestamp":1769054915066,"level":"debug","message":"Running chrome with params {\"printBackground\":true,\"timeout\":59699,\"margin\":{}}","meta":{"rootId":"8asthnrzia5rcyv","id":"8asthnrzia5rcyv"},"id":"vp5kepdt4y2ngn2","previousOperationId":"wqd2te1i39guecx"}
{"type":"operationEnd","operationId":"wqd2te1i39guecx","timestamp":1769054915305,"id":"s0653dnlr1vjmqf","previousEventId":"vtexggzct7b3l39","previousOperationId":"wqd2te1i39guecx"}
{"type":"log","timestamp":1769054915306,"level":"debug","message":"Skipping storing report.","meta":{"rootId":"8asthnrzia5rcyv","id":"8asthnrzia5rcyv"},"id":"vle4wnn919ndlfq","previousOperationId":"wqd2te1i39guecx"}
{"type":"log","timestamp":1769054915306,"level":"info","message":"Rendering request 106 finished in 1514 ms","meta":{"rootId":"8asthnrzia5rcyv","id":"8asthnrzia5rcyv"},"id":"ke90wlbkdq5uh7y","previousOperationId":"wqd2te1i39guecx"}
{"type":"operationEnd","subtype":"render","operationId":"dzhley8d03e0v25","timestamp":1769054915306,"id":"sd7i6atuvq85i0l","previousEventId":"s0653dnlr1vjmqf","previousOperationId":"wqd2te1i39guecx"}
{"type":"operationEnd","doDiffs":false,"previousEventId":"2xdl2c02tw69u2y","previousOperationId":"u75pbxkdtq3jbfq","operationId":"u75pbxkdtq3jbfq","timestamp":1769054915307,"id":"5qfltyy1hgrelfp"}
