{"type":"operationStart","subtype":"profile","data":{"_id":"XzaLMWg1A9yQovrX","timestamp":"2026-01-23T02:11:59.520Z","state":"queued","mode":"standard","creationDate":"2026-01-23T02:11:59.530Z","modificationDate":"2026-01-23T02:11:59.530Z","shortid":"iO3DlSX","$entitySet":"profiles"},"doDiffs":false,"timestamp":1769134319523,"id":"nhxy96oy3ccpgew","previousOperationId":null,"operationId":"zyhvfdvemjoazxe"}
{"type":"log","level":"info","message":"Render request 25 queued for execution and waiting for available worker","previousOperationId":"zyhvfdvemjoazxe","timestamp":1769134319523,"id":"wowwipmwsrhwq1w"}
{"type":"operationStart","subtype":"render","name":"journal-entry-v1","previousOperationId":"zyhvfdvemjoazxe","timestamp":1769134319644,"id":"cjpp8b7lkkgalzy","previousEventId":"nhxy96oy3ccpgew","operationId":"fwywaix8in7j3hd"}
{"type":"log","timestamp":1769134319651,"level":"info","message":"Starting rendering request 25","meta":{"rootId":"8h4yo70v3i4vhn5","id":"8h4yo70v3i4vhn5"},"id":"jgxrr76dhy8pgao","previousOperationId":"fwywaix8in7j3hd"}
{"type":"log","timestamp":1769134319659,"level":"info","message":"Rendering template { name: journal-entry-v1, recipe: chrome-pdf, engine: handlebars, preview: false }","meta":{"rootId":"8h4yo70v3i4vhn5","id":"8h4yo70v3i4vhn5"},"id":"b3oaui1dd45t1mh","previousOperationId":"fwywaix8in7j3hd"}
{"type":"log","timestamp":1769134319680,"level":"debug","message":"Inline data specified.","meta":{"rootId":"8h4yo70v3i4vhn5","id":"8h4yo70v3i4vhn5"},"id":"e5tixph80u6fsgb","previousOperationId":"fwywaix8in7j3hd"}
{"type":"log","timestamp":1769134319722,"level":"debug","message":"Base url not specified, skipping its injection.","meta":{"rootId":"8h4yo70v3i4vhn5","id":"8h4yo70v3i4vhn5"},"id":"vik2vnyfkhfwx9a","previousOperationId":"fwywaix8in7j3hd"}
{"type":"operationStart","subtype":"engine","name":"handlebars","timestamp":1769134319735,"id":"hryo07m3t2tkeei","previousEventId":"cjpp8b7lkkgalzy","operationId":"rpg5f7ugxkcr9rv","previousOperationId":"fwywaix8in7j3hd"}
{"type":"log","timestamp":1769134319735,"level":"debug","message":"Rendering engine handlebars","meta":{"rootId":"8h4yo70v3i4vhn5","id":"8h4yo70v3i4vhn5"},"id":"3et0ta26lx3e44f","previousOperationId":"rpg5f7ugxkcr9rv"}
{"type":"operationEnd","operationId":"rpg5f7ugxkcr9rv","timestamp":1769134319814,"id":"gpwg3ymmi2fjc5q","previousEventId":"hryo07m3t2tkeei","previousOperationId":"rpg5f7ugxkcr9rv"}
{"type":"operationStart","subtype":"recipe","name":"chrome-pdf","timestamp":1769134319818,"id":"z4hu8b5q86kcbgx","previousEventId":"gpwg3ymmi2fjc5q","operationId":"zoj602soxdto274","previousOperationId":"rpg5f7ugxkcr9rv"}
{"type":"log","timestamp":1769134319818,"level":"debug","message":"Executing recipe chrome-pdf","meta":{"rootId":"8h4yo70v3i4vhn5","id":"8h4yo70v3i4vhn5"},"id":"8mmwx7sfclcgkz2","previousOperationId":"zoj602soxdto274"}
{"type":"log","timestamp":1769134319859,"level":"debug","message":"Converting with chrome Chrome/142.0.7444.175 using chrome-pool strategy","meta":{"rootId":"8h4yo70v3i4vhn5","id":"8h4yo70v3i4vhn5"},"id":"ap2tj12oxuedq3r","previousOperationId":"zoj602soxdto274"}
{"type":"log","timestamp":1769134320519,"level":"debug","message":"Page request: GET (document) file:///tmp/jsreport/autocleanup/c23290e4-7351-4246-9d3d-1d8e7c4ddff3-chrome-pdf.html","meta":{"rootId":"8h4yo70v3i4vhn5","id":"8h4yo70v3i4vhn5"},"id":"xcnn0kcmm4s5kuy","previousOperationId":"zoj602soxdto274"}
{"type":"log","timestamp":1769134320565,"level":"debug","message":"Page request finished: GET (document) 200 file:///tmp/jsreport/autocleanup/c23290e4-7351-4246-9d3d-1d8e7c4ddff3-chrome-pdf.html","meta":{"rootId":"8h4yo70v3i4vhn5","id":"8h4yo70v3i4vhn5"},"id":"144xc10xh2q6sov","previousOperationId":"zoj602soxdto274"}
{"type":"log","timestamp":1769134320566,"level":"debug","message":"Page request: GET (image) https://paciolibucket.s3.us-east-2.amazonaws.com/orgs/c64b69f6759a43a1bc0ae31961876751/companies/logos/e9767ff4-7186-447f-a397-208ea6bbfdb8_ninosfelices.png?X-Amz-Expires=600&X-Amz-Algorithm=AWS4-HMAC-SHA256&X-Amz-Credential=AKIAVYV5Z6T6UQ4ARWOC%2F20260123%2Fus-east-2%2Fs3%2Faws4_request&X-Amz-Date=20260123T021159Z&X-Amz-SignedHeaders=host&X-Amz-Signature=f4003c8bfef150567a1c8eec937a528743ff24635959ef977a67c582f98302ce","meta":{"rootId":"8h4yo70v3i4vhn5","id":"8h4yo70v3i4vhn5"},"id":"w88t6uotl8o38yy","previousOperationId":"zoj602soxdto274"}
{"type":"log","timestamp":1769134321127,"level":"debug","message":"Page request finished: GET (image) 200 https://paciolibucket.s3.us-east-2.amazonaws.com/orgs/c64b69f6759a43a1bc0ae31961876751/companies/logos/e9767ff4-7186-447f-a397-208ea6bbfdb8_ninosfelices.png?X-Amz-Expires=600&X-Amz-Algorithm=AWS4-HMAC-SHA256&X-Amz-Credential=AKIAVYV5Z6T6UQ4ARWOC%2F20260123%2Fus-east-2%2Fs3%2Faws4_request&X-Amz-Date=20260123T021159Z&X-Amz-SignedHeaders=host&X-Amz-Signature=f4003c8bfef150567a1c8eec937a528743ff24635959ef977a67c582f98302ce","meta":{"rootId":"8h4yo70v3i4vhn5","id":"8h4yo70v3i4vhn5"},"id":"p5gzhjurnfls3yy","previousOperationId":"zoj602soxdto274"}
{"type":"log","timestamp":1769134321132,"level":"debug","message":"Running chrome with params {\"printBackground\":true,\"timeout\":59691,\"margin\":{}}","meta":{"rootId":"8h4yo70v3i4vhn5","id":"8h4yo70v3i4vhn5"},"id":"nad2hlb2yfta9ag","previousOperationId":"zoj602soxdto274"}
{"type":"operationEnd","operationId":"zoj602soxdto274","timestamp":1769134321286,"id":"ba3ptzvdpcs22yp","previousEventId":"z4hu8b5q86kcbgx","previousOperationId":"zoj602soxdto274"}
{"type":"log","timestamp":1769134321286,"level":"debug","message":"Skipping storing report.","meta":{"rootId":"8h4yo70v3i4vhn5","id":"8h4yo70v3i4vhn5"},"id":"welexr8wq4f6ls5","previousOperationId":"zoj602soxdto274"}
{"type":"log","timestamp":1769134321286,"level":"info","message":"Rendering request 25 finished in 1770 ms","meta":{"rootId":"8h4yo70v3i4vhn5","id":"8h4yo70v3i4vhn5"},"id":"rf6amb5gzqcddfk","previousOperationId":"zoj602soxdto274"}
{"type":"operationEnd","subtype":"render","operationId":"fwywaix8in7j3hd","timestamp":1769134321287,"id":"6qgf1g7y430k7sl","previousEventId":"ba3ptzvdpcs22yp","previousOperationId":"zoj602soxdto274"}
{"type":"operationEnd","doDiffs":false,"previousEventId":"nhxy96oy3ccpgew","previousOperationId":"zyhvfdvemjoazxe","operationId":"zyhvfdvemjoazxe","timestamp":1769134321298,"id":"o58dnjztgnzind4"}
