{"type":"operationStart","subtype":"profile","data":{"_id":"raKxoWNorio0xOP1","timestamp":"2026-01-22T04:03:43.930Z","state":"queued","mode":"standard","creationDate":"2026-01-22T04:03:43.965Z","modificationDate":"2026-01-22T04:03:43.965Z","shortid":"j-15xhb","$entitySet":"profiles"},"doDiffs":false,"timestamp":1769054623939,"id":"5nu8dw50uedfp7y","previousOperationId":null,"operationId":"3fswmwjst5cfkge"}
{"type":"log","level":"info","message":"Render request 98 queued for execution and waiting for available worker","previousOperationId":"3fswmwjst5cfkge","timestamp":1769054623940,"id":"1uhunzevboov1ia"}
{"type":"operationStart","subtype":"render","name":"journal-entry-v1","previousOperationId":"3fswmwjst5cfkge","timestamp":1769054624083,"id":"8jvcf3f1uhlo7fo","previousEventId":"5nu8dw50uedfp7y","operationId":"xtvs5nb0afvyf2z"}
{"type":"log","timestamp":1769054624089,"level":"info","message":"Starting rendering request 98","meta":{"rootId":"8nphvcx0g7v7m3g","id":"8nphvcx0g7v7m3g"},"id":"odkzzx9w5wib5g0","previousOperationId":"xtvs5nb0afvyf2z"}
{"type":"log","timestamp":1769054624095,"level":"info","message":"Rendering template { name: journal-entry-v1, recipe: chrome-pdf, engine: handlebars, preview: false }","meta":{"rootId":"8nphvcx0g7v7m3g","id":"8nphvcx0g7v7m3g"},"id":"rrlwnyfx6uchu0i","previousOperationId":"xtvs5nb0afvyf2z"}
{"type":"log","timestamp":1769054624108,"level":"debug","message":"Inline data specified.","meta":{"rootId":"8nphvcx0g7v7m3g","id":"8nphvcx0g7v7m3g"},"id":"rp469bcz3u4film","previousOperationId":"xtvs5nb0afvyf2z"}
{"type":"log","timestamp":1769054624123,"level":"debug","message":"Base url not specified, skipping its injection.","meta":{"rootId":"8nphvcx0g7v7m3g","id":"8nphvcx0g7v7m3g"},"id":"ep040q00yjnuen5","previousOperationId":"xtvs5nb0afvyf2z"}
{"type":"operationStart","subtype":"engine","name":"handlebars","timestamp":1769054624137,"id":"x5lw62wjfvuas55","previousEventId":"8jvcf3f1uhlo7fo","operationId":"1hkoybudkmhqyyy","previousOperationId":"xtvs5nb0afvyf2z"}
{"type":"log","timestamp":1769054624137,"level":"debug","message":"Rendering engine handlebars","meta":{"rootId":"8nphvcx0g7v7m3g","id":"8nphvcx0g7v7m3g"},"id":"unih94rxvaw1u8l","previousOperationId":"1hkoybudkmhqyyy"}
{"type":"operationEnd","operationId":"1hkoybudkmhqyyy","timestamp":1769054624273,"id":"ep4qpxqwx4swubh","previousEventId":"x5lw62wjfvuas55","previousOperationId":"1hkoybudkmhqyyy"}
{"type":"operationStart","subtype":"recipe","name":"chrome-pdf","timestamp":1769054624277,"id":"sk13ri5zgizi29s","previousEventId":"ep4qpxqwx4swubh","operationId":"1y0vf0ownz2pytr","previousOperationId":"1hkoybudkmhqyyy"}
{"type":"log","timestamp":1769054624277,"level":"debug","message":"Executing recipe chrome-pdf","meta":{"rootId":"8nphvcx0g7v7m3g","id":"8nphvcx0g7v7m3g"},"id":"bzuetxlstfdhtg0","previousOperationId":"1y0vf0ownz2pytr"}
{"type":"log","timestamp":1769054624343,"level":"debug","message":"Converting with chrome Chrome/142.0.7444.175 using chrome-pool strategy","meta":{"rootId":"8nphvcx0g7v7m3g","id":"8nphvcx0g7v7m3g"},"id":"f3exkdf1ja8dx36","previousOperationId":"1y0vf0ownz2pytr"}
{"type":"log","timestamp":1769054624838,"level":"debug","message":"Page request: GET (document) file:///tmp/jsreport/autocleanup/f456e4ce-3ef0-4877-8c58-c7c84da0bc77-chrome-pdf.html","meta":{"rootId":"8nphvcx0g7v7m3g","id":"8nphvcx0g7v7m3g"},"id":"ywy2yc7dp0a55ep","previousOperationId":"1y0vf0ownz2pytr"}
{"type":"log","timestamp":1769054624890,"level":"debug","message":"Page request finished: GET (document) 200 file:///tmp/jsreport/autocleanup/f456e4ce-3ef0-4877-8c58-c7c84da0bc77-chrome-pdf.html","meta":{"rootId":"8nphvcx0g7v7m3g","id":"8nphvcx0g7v7m3g"},"id":"wfqux14l3ntdsd8","previousOperationId":"1y0vf0ownz2pytr"}
{"type":"log","timestamp":1769054624897,"level":"debug","message":"Page request: GET (image) https://paciolibucket.s3.us-east-2.amazonaws.com/orgs/c64b69f6759a43a1bc0ae31961876751/companies/logos/e9767ff4-7186-447f-a397-208ea6bbfdb8_ninosfelices.png?X-Amz-Expires=600&X-Amz-Algorithm=AWS4-HMAC-SHA256&X-Amz-Credential=AKIAVYV5Z6T6UQ4ARWOC%2F20260122%2Fus-east-2%2Fs3%2Faws4_request&X-Amz-Date=20260122T040343Z&X-Amz-SignedHeaders=host&X-Amz-Signature=93ea7c4fb5a76003a9cf7974fa5e43292d195603a55c671b2cdd8c805ecedab6","meta":{"rootId":"8nphvcx0g7v7m3g","id":"8nphvcx0g7v7m3g"},"id":"unpe34fdn6056oq","previousOperationId":"1y0vf0ownz2pytr"}
{"type":"log","timestamp":1769054625556,"level":"debug","message":"Page request finished: GET (image) 200 https://paciolibucket.s3.us-east-2.amazonaws.com/orgs/c64b69f6759a43a1bc0ae31961876751/companies/logos/e9767ff4-7186-447f-a397-208ea6bbfdb8_ninosfelices.png?X-Amz-Expires=600&X-Amz-Algorithm=AWS4-HMAC-SHA256&X-Amz-Credential=AKIAVYV5Z6T6UQ4ARWOC%2F20260122%2Fus-east-2%2Fs3%2Faws4_request&X-Amz-Date=20260122T040343Z&X-Amz-SignedHeaders=host&X-Amz-Signature=93ea7c4fb5a76003a9cf7974fa5e43292d195603a55c671b2cdd8c805ecedab6","meta":{"rootId":"8nphvcx0g7v7m3g","id":"8nphvcx0g7v7m3g"},"id":"n5h2d9iccuvdhdp","previousOperationId":"1y0vf0ownz2pytr"}
{"type":"log","timestamp":1769054625564,"level":"debug","message":"Running chrome with params {\"printBackground\":true,\"timeout\":59615,\"margin\":{}}","meta":{"rootId":"8nphvcx0g7v7m3g","id":"8nphvcx0g7v7m3g"},"id":"0gh08hulutxkao1","previousOperationId":"1y0vf0ownz2pytr"}
{"type":"operationEnd","operationId":"1y0vf0ownz2pytr","timestamp":1769054625741,"id":"j5xlor6y0gi6nn1","previousEventId":"sk13ri5zgizi29s","previousOperationId":"1y0vf0ownz2pytr"}
{"type":"log","timestamp":1769054625743,"level":"debug","message":"Skipping storing report.","meta":{"rootId":"8nphvcx0g7v7m3g","id":"8nphvcx0g7v7m3g"},"id":"wogsrh693pnqmi4","previousOperationId":"1y0vf0ownz2pytr"}
{"type":"log","timestamp":1769054625744,"level":"info","message":"Rendering request 98 finished in 1832 ms","meta":{"rootId":"8nphvcx0g7v7m3g","id":"8nphvcx0g7v7m3g"},"id":"t1tfbzm1vs5ko7l","previousOperationId":"1y0vf0ownz2pytr"}
{"type":"operationEnd","subtype":"render","operationId":"xtvs5nb0afvyf2z","timestamp":1769054625744,"id":"8d8mh7td40odjvh","previousEventId":"j5xlor6y0gi6nn1","previousOperationId":"1y0vf0ownz2pytr"}
{"type":"operationEnd","doDiffs":false,"previousEventId":"5nu8dw50uedfp7y","previousOperationId":"3fswmwjst5cfkge","operationId":"3fswmwjst5cfkge","timestamp":1769054625750,"id":"szt0khqhdsh5xpv"}
