{"type":"operationStart","subtype":"profile","data":{"_id":"DI8b739wEVqv4csL","timestamp":"2026-01-22T03:30:53.299Z","state":"queued","mode":"standard","creationDate":"2026-01-22T03:30:53.330Z","modificationDate":"2026-01-22T03:30:53.330Z","shortid":"gm5F_dB","$entitySet":"profiles"},"doDiffs":false,"timestamp":1769052653308,"id":"t7qet84lewzkcd7","previousOperationId":null,"operationId":"jdrygg4bnsaeb25"}
{"type":"log","level":"info","message":"Render request 86 queued for execution and waiting for available worker","previousOperationId":"jdrygg4bnsaeb25","timestamp":1769052653310,"id":"bw17ilrhaixnnnt"}
{"type":"operationStart","subtype":"render","name":"journal-entry-v1","previousOperationId":"jdrygg4bnsaeb25","timestamp":1769052653441,"id":"vwmxrzpodupb2yi","previousEventId":"t7qet84lewzkcd7","operationId":"n4e8gh5waf2hr5x"}
{"type":"log","timestamp":1769052653446,"level":"info","message":"Starting rendering request 86","meta":{"rootId":"943xizhfll0zdwp","id":"943xizhfll0zdwp"},"id":"48sn84yx9xq9f8v","previousOperationId":"n4e8gh5waf2hr5x"}
{"type":"log","timestamp":1769052653451,"level":"info","message":"Rendering template { name: journal-entry-v1, recipe: chrome-pdf, engine: handlebars, preview: false }","meta":{"rootId":"943xizhfll0zdwp","id":"943xizhfll0zdwp"},"id":"6iqzf1v1hs9uhdi","previousOperationId":"n4e8gh5waf2hr5x"}
{"type":"log","timestamp":1769052653465,"level":"debug","message":"Inline data specified.","meta":{"rootId":"943xizhfll0zdwp","id":"943xizhfll0zdwp"},"id":"381vzoshmjd0cel","previousOperationId":"n4e8gh5waf2hr5x"}
{"type":"log","timestamp":1769052653475,"level":"debug","message":"Base url not specified, skipping its injection.","meta":{"rootId":"943xizhfll0zdwp","id":"943xizhfll0zdwp"},"id":"srhvfohi03ud2e3","previousOperationId":"n4e8gh5waf2hr5x"}
{"type":"operationStart","subtype":"engine","name":"handlebars","timestamp":1769052653487,"id":"m6ahjn5ll04i1rc","previousEventId":"vwmxrzpodupb2yi","operationId":"u06tue04t4k56rq","previousOperationId":"n4e8gh5waf2hr5x"}
{"type":"log","timestamp":1769052653487,"level":"debug","message":"Rendering engine handlebars","meta":{"rootId":"943xizhfll0zdwp","id":"943xizhfll0zdwp"},"id":"734k549yn7dtaq4","previousOperationId":"u06tue04t4k56rq"}
{"type":"operationEnd","operationId":"u06tue04t4k56rq","timestamp":1769052653606,"id":"dyqnbhuizb431qf","previousEventId":"m6ahjn5ll04i1rc","previousOperationId":"u06tue04t4k56rq"}
{"type":"operationStart","subtype":"recipe","name":"chrome-pdf","timestamp":1769052653608,"id":"glsfv0mvvgdqgp2","previousEventId":"dyqnbhuizb431qf","operationId":"3585xq6drzsywkc","previousOperationId":"u06tue04t4k56rq"}
{"type":"log","timestamp":1769052653608,"level":"debug","message":"Executing recipe chrome-pdf","meta":{"rootId":"943xizhfll0zdwp","id":"943xizhfll0zdwp"},"id":"31qg5deksvtw4u0","previousOperationId":"3585xq6drzsywkc"}
{"type":"log","timestamp":1769052653654,"level":"debug","message":"Converting with chrome Chrome/142.0.7444.175 using chrome-pool strategy","meta":{"rootId":"943xizhfll0zdwp","id":"943xizhfll0zdwp"},"id":"hbss4y96p1g4l20","previousOperationId":"3585xq6drzsywkc"}
{"type":"log","timestamp":1769052654151,"level":"debug","message":"Page request: GET (document) file:///tmp/jsreport/autocleanup/757f33d8-ebf4-40a3-b552-4400778668da-chrome-pdf.html","meta":{"rootId":"943xizhfll0zdwp","id":"943xizhfll0zdwp"},"id":"h39kzave8jer4be","previousOperationId":"3585xq6drzsywkc"}
{"type":"log","timestamp":1769052654207,"level":"debug","message":"Page request finished: GET (document) 200 file:///tmp/jsreport/autocleanup/757f33d8-ebf4-40a3-b552-4400778668da-chrome-pdf.html","meta":{"rootId":"943xizhfll0zdwp","id":"943xizhfll0zdwp"},"id":"hy7pdoqi677e7me","previousOperationId":"3585xq6drzsywkc"}
{"type":"log","timestamp":1769052654213,"level":"debug","message":"Page request: GET (image) https://paciolibucket.s3.us-east-2.amazonaws.com/orgs/c64b69f6759a43a1bc0ae31961876751/companies/logos/e9767ff4-7186-447f-a397-208ea6bbfdb8_ninosfelices.png?X-Amz-Expires=600&X-Amz-Algorithm=AWS4-HMAC-SHA256&X-Amz-Credential=AKIAVYV5Z6T6UQ4ARWOC%2F20260122%2Fus-east-2%2Fs3%2Faws4_request&X-Amz-Date=20260122T033052Z&X-Amz-SignedHeaders=host&X-Amz-Signature=b11520e571687ad2037faeb9b89f05acc4c1e851be6c626d95abf9f5e99f08c5","meta":{"rootId":"943xizhfll0zdwp","id":"943xizhfll0zdwp"},"id":"xmiinc9mu53y9ee","previousOperationId":"3585xq6drzsywkc"}
{"type":"log","timestamp":1769052654811,"level":"debug","message":"Page request finished: GET (image) 200 https://paciolibucket.s3.us-east-2.amazonaws.com/orgs/c64b69f6759a43a1bc0ae31961876751/companies/logos/e9767ff4-7186-447f-a397-208ea6bbfdb8_ninosfelices.png?X-Amz-Expires=600&X-Amz-Algorithm=AWS4-HMAC-SHA256&X-Amz-Credential=AKIAVYV5Z6T6UQ4ARWOC%2F20260122%2Fus-east-2%2Fs3%2Faws4_request&X-Amz-Date=20260122T033052Z&X-Amz-SignedHeaders=host&X-Amz-Signature=b11520e571687ad2037faeb9b89f05acc4c1e851be6c626d95abf9f5e99f08c5","meta":{"rootId":"943xizhfll0zdwp","id":"943xizhfll0zdwp"},"id":"10wdzft3la8ille","previousOperationId":"3585xq6drzsywkc"}
{"type":"log","timestamp":1769052654815,"level":"debug","message":"Running chrome with params {\"printBackground\":true,\"timeout\":59662,\"margin\":{}}","meta":{"rootId":"943xizhfll0zdwp","id":"943xizhfll0zdwp"},"id":"6igb0w63e4yjsg0","previousOperationId":"3585xq6drzsywkc"}
{"type":"operationEnd","operationId":"3585xq6drzsywkc","timestamp":1769052654963,"id":"norr49ti258933w","previousEventId":"glsfv0mvvgdqgp2","previousOperationId":"3585xq6drzsywkc"}
{"type":"log","timestamp":1769052654964,"level":"debug","message":"Skipping storing report.","meta":{"rootId":"943xizhfll0zdwp","id":"943xizhfll0zdwp"},"id":"yl97ta23fngyafo","previousOperationId":"3585xq6drzsywkc"}
{"type":"log","timestamp":1769052654964,"level":"info","message":"Rendering request 86 finished in 1679 ms","meta":{"rootId":"943xizhfll0zdwp","id":"943xizhfll0zdwp"},"id":"atgonpw2y0poirf","previousOperationId":"3585xq6drzsywkc"}
{"type":"operationEnd","subtype":"render","operationId":"n4e8gh5waf2hr5x","timestamp":1769052654964,"id":"x7npb5mxkr3vboo","previousEventId":"norr49ti258933w","previousOperationId":"3585xq6drzsywkc"}
{"type":"operationEnd","doDiffs":false,"previousEventId":"t7qet84lewzkcd7","previousOperationId":"jdrygg4bnsaeb25","operationId":"jdrygg4bnsaeb25","timestamp":1769052654968,"id":"zo3d4zut7c36o2h"}
