{"type":"operationStart","subtype":"profile","data":{"_id":"fvhNWmQq1eNnaKqK","timestamp":"2026-01-22T01:53:31.134Z","state":"queued","mode":"standard","creationDate":"2026-01-22T01:53:31.136Z","modificationDate":"2026-01-22T01:53:31.136Z","shortid":"astX3_f","$entitySet":"profiles"},"doDiffs":false,"timestamp":1769046811135,"id":"garnhj3s51kobwp","previousOperationId":null,"operationId":"1m5wnfkvs5qwllu"}
{"type":"log","level":"info","message":"Render request 50 queued for execution and waiting for available worker","previousOperationId":"1m5wnfkvs5qwllu","timestamp":1769046811135,"id":"ztkwmfdxxvlmpfa"}
{"type":"operationStart","subtype":"render","name":"journal-entry-v1","previousOperationId":"1m5wnfkvs5qwllu","timestamp":1769046811206,"id":"56wbbd3p2pv0y1r","previousEventId":"garnhj3s51kobwp","operationId":"op7e4ndi9ctd3yv"}
{"type":"log","timestamp":1769046811206,"level":"info","message":"Starting rendering request 50","meta":{"rootId":"97byi444p7a8680","id":"97byi444p7a8680"},"id":"s9ym26rbvwj65xa","previousOperationId":"op7e4ndi9ctd3yv"}
{"type":"log","timestamp":1769046811207,"level":"info","message":"Rendering template { name: journal-entry-v1, recipe: chrome-pdf, engine: handlebars, preview: true }","meta":{"rootId":"97byi444p7a8680","id":"97byi444p7a8680"},"id":"f7frmacwp8duupy","previousOperationId":"op7e4ndi9ctd3yv"}
{"type":"log","timestamp":1769046811207,"level":"debug","message":"Inline data specified.","meta":{"rootId":"97byi444p7a8680","id":"97byi444p7a8680"},"id":"wvqbeafulvs4j5a","previousOperationId":"op7e4ndi9ctd3yv"}
{"type":"log","timestamp":1769046811209,"level":"debug","message":"Base url not specified, skipping its injection.","meta":{"rootId":"97byi444p7a8680","id":"97byi444p7a8680"},"id":"5hlr5xox6dqtehq","previousOperationId":"op7e4ndi9ctd3yv"}
{"type":"operationStart","subtype":"engine","name":"handlebars","timestamp":1769046811209,"id":"hmdoit0zxnz6vj3","previousEventId":"56wbbd3p2pv0y1r","operationId":"vrv0pj9pv19abcb","previousOperationId":"op7e4ndi9ctd3yv"}
{"type":"log","timestamp":1769046811209,"level":"debug","message":"Rendering engine handlebars","meta":{"rootId":"97byi444p7a8680","id":"97byi444p7a8680"},"id":"ik7pgma90h1f38n","previousOperationId":"vrv0pj9pv19abcb"}
{"type":"operationEnd","operationId":"vrv0pj9pv19abcb","timestamp":1769046811254,"id":"i0876zuxtj65cqt","previousEventId":"hmdoit0zxnz6vj3","previousOperationId":"vrv0pj9pv19abcb"}
{"type":"operationStart","subtype":"recipe","name":"chrome-pdf","timestamp":1769046811254,"id":"jclcxrs5t70iso7","previousEventId":"i0876zuxtj65cqt","operationId":"4jxc6d7bn7f2d8e","previousOperationId":"vrv0pj9pv19abcb"}
{"type":"log","timestamp":1769046811254,"level":"debug","message":"Executing recipe chrome-pdf","meta":{"rootId":"97byi444p7a8680","id":"97byi444p7a8680"},"id":"x7opk1f1xrgj1zr","previousOperationId":"4jxc6d7bn7f2d8e"}
{"type":"log","timestamp":1769046811258,"level":"debug","message":"Converting with chrome Chrome/142.0.7444.175 using chrome-pool strategy","meta":{"rootId":"97byi444p7a8680","id":"97byi444p7a8680"},"id":"cioia59ruedurvk","previousOperationId":"4jxc6d7bn7f2d8e"}
{"type":"log","timestamp":1769046811326,"level":"debug","message":"Page request: GET (document) file:///tmp/jsreport/autocleanup/36471345-f185-4902-94d7-6cf330365cbd-chrome-pdf.html","meta":{"rootId":"97byi444p7a8680","id":"97byi444p7a8680"},"id":"hfaw9zmw1vkfp8x","previousOperationId":"4jxc6d7bn7f2d8e"}
{"type":"log","timestamp":1769046811338,"level":"debug","message":"Page request finished: GET (document) 200 file:///tmp/jsreport/autocleanup/36471345-f185-4902-94d7-6cf330365cbd-chrome-pdf.html","meta":{"rootId":"97byi444p7a8680","id":"97byi444p7a8680"},"id":"cqzjvk6qw5dgy9i","previousOperationId":"4jxc6d7bn7f2d8e"}
{"type":"log","timestamp":1769046811376,"level":"debug","message":"Running chrome with params {\"printBackground\":true,\"timeout\":59877,\"margin\":{}}","meta":{"rootId":"97byi444p7a8680","id":"97byi444p7a8680"},"id":"cnkh3wzz375ffoi","previousOperationId":"4jxc6d7bn7f2d8e"}
{"type":"operationEnd","operationId":"4jxc6d7bn7f2d8e","timestamp":1769046811438,"id":"ov838cehvlw6nzb","previousEventId":"jclcxrs5t70iso7","previousOperationId":"4jxc6d7bn7f2d8e"}
{"type":"log","timestamp":1769046811438,"level":"debug","message":"Skipping storing report.","meta":{"rootId":"97byi444p7a8680","id":"97byi444p7a8680"},"id":"m7ozlye4uttmznb","previousOperationId":"4jxc6d7bn7f2d8e"}
{"type":"log","timestamp":1769046811438,"level":"info","message":"Rendering request 50 finished in 305 ms","meta":{"rootId":"97byi444p7a8680","id":"97byi444p7a8680"},"id":"nvy5l953hucdilq","previousOperationId":"4jxc6d7bn7f2d8e"}
{"type":"operationEnd","subtype":"render","operationId":"op7e4ndi9ctd3yv","timestamp":1769046811438,"id":"3q46zrfznww75yh","previousEventId":"ov838cehvlw6nzb","previousOperationId":"4jxc6d7bn7f2d8e"}
{"type":"operationEnd","doDiffs":false,"previousEventId":"garnhj3s51kobwp","previousOperationId":"1m5wnfkvs5qwllu","operationId":"1m5wnfkvs5qwllu","timestamp":1769046811441,"id":"35ir0l6ivy02aan"}
