{"type":"operationStart","subtype":"profile","data":{"_id":"612XJjv3dbkayzAP","timestamp":"2026-03-03T00:38:31.992Z","state":"queued","mode":"standard","creationDate":"2026-03-03T00:38:31.994Z","modificationDate":"2026-03-03T00:38:31.994Z","shortid":"31ASxlP","$entitySet":"profiles"},"doDiffs":false,"timestamp":1772498311993,"id":"1g3cek09e0b7rla","previousOperationId":null,"operationId":"pkh2wdt1h2x2sep"}
{"type":"log","level":"info","message":"Render request 1 queued for execution and waiting for available worker","previousOperationId":"pkh2wdt1h2x2sep","timestamp":1772498311993,"id":"essxzrd7xdx515w"}
{"type":"operationStart","subtype":"render","name":"journal-entry-v1","previousOperationId":"pkh2wdt1h2x2sep","timestamp":1772498312069,"id":"f9cji41dwmh34ot","previousEventId":"1g3cek09e0b7rla","operationId":"3x8pit016cy5t56"}
{"type":"log","timestamp":1772498312070,"level":"info","message":"Starting rendering request 1","meta":{"rootId":"a9zpjcrvdyhs21y","id":"a9zpjcrvdyhs21y"},"id":"701dohwdqndbg7i","previousOperationId":"3x8pit016cy5t56"}
{"type":"log","timestamp":1772498312070,"level":"info","message":"Rendering template { name: journal-entry-v1, recipe: chrome-pdf, engine: handlebars, preview: false }","meta":{"rootId":"a9zpjcrvdyhs21y","id":"a9zpjcrvdyhs21y"},"id":"9j5adhjjzfpf54x","previousOperationId":"3x8pit016cy5t56"}
{"type":"log","timestamp":1772498312072,"level":"debug","message":"Inline data specified.","meta":{"rootId":"a9zpjcrvdyhs21y","id":"a9zpjcrvdyhs21y"},"id":"ozoxq8gelu4cnpz","previousOperationId":"3x8pit016cy5t56"}
{"type":"log","timestamp":1772498312075,"level":"debug","message":"Base url not specified, skipping its injection.","meta":{"rootId":"a9zpjcrvdyhs21y","id":"a9zpjcrvdyhs21y"},"id":"9d8z1g3lj3e0rgb","previousOperationId":"3x8pit016cy5t56"}
{"type":"operationStart","subtype":"engine","name":"handlebars","timestamp":1772498312075,"id":"2ycjiuiw87uwdt2","previousEventId":"f9cji41dwmh34ot","operationId":"z3dbu3x0r2c4tss","previousOperationId":"3x8pit016cy5t56"}
{"type":"log","timestamp":1772498312075,"level":"debug","message":"Rendering engine handlebars","meta":{"rootId":"a9zpjcrvdyhs21y","id":"a9zpjcrvdyhs21y"},"id":"eeq7vuz6nr8ronj","previousOperationId":"z3dbu3x0r2c4tss"}
{"type":"operationEnd","operationId":"z3dbu3x0r2c4tss","timestamp":1772498312592,"id":"y1cd0y5dal3uwml","previousEventId":"2ycjiuiw87uwdt2","previousOperationId":"z3dbu3x0r2c4tss"}
{"type":"operationStart","subtype":"recipe","name":"chrome-pdf","timestamp":1772498312593,"id":"9w4tcqs16ty9h5n","previousEventId":"y1cd0y5dal3uwml","operationId":"qp31kc947qmawsu","previousOperationId":"z3dbu3x0r2c4tss"}
{"type":"log","timestamp":1772498312593,"level":"debug","message":"Executing recipe chrome-pdf","meta":{"rootId":"a9zpjcrvdyhs21y","id":"a9zpjcrvdyhs21y"},"id":"w4iyvj4c4hssz0m","previousOperationId":"qp31kc947qmawsu"}
{"type":"log","timestamp":1772498313750,"level":"debug","message":"Converting with chrome Chrome/142.0.7444.175 using chrome-pool strategy","meta":{"rootId":"a9zpjcrvdyhs21y","id":"a9zpjcrvdyhs21y"},"id":"6m2v4izmxvrxajp","previousOperationId":"qp31kc947qmawsu"}
{"type":"log","timestamp":1772498313937,"level":"debug","message":"Page request: GET (document) file:///tmp/jsreport/autocleanup/17d26f8a-0efd-4d87-8444-203a39863e47-chrome-pdf.html","meta":{"rootId":"a9zpjcrvdyhs21y","id":"a9zpjcrvdyhs21y"},"id":"sw8t7ubcpfxrynp","previousOperationId":"qp31kc947qmawsu"}
{"type":"log","timestamp":1772498313967,"level":"debug","message":"Page request: GET (image) https://paciolibucket.s3.us-east-2.amazonaws.com/orgs/c64b69f6759a43a1bc0ae31961876751/companies/logos/b6e6bbb3-4217-4336-88b7-161c9ce34ada_Applicorp%20Logo.png?X-Amz-Expires=600&X-Amz-Algorithm=AWS4-HMAC-SHA256&X-Amz-Credential=AKIAVYV5Z6T6UQ4ARWOC%2F20260303%2Fus-east-2%2Fs3%2Faws4_request&X-Amz-Date=20260303T003831Z&X-Amz-SignedHeaders=host&X-Amz-Signature=a0805f3c9321102012877bffb8f8cee44f1fe0733f4d4c37958d639f33ceb2c0","meta":{"rootId":"a9zpjcrvdyhs21y","id":"a9zpjcrvdyhs21y"},"id":"2cvjxt9jzyxz0oj","previousOperationId":"qp31kc947qmawsu"}
{"type":"log","timestamp":1772498313967,"level":"debug","message":"Page request finished: GET (document) 200 file:///tmp/jsreport/autocleanup/17d26f8a-0efd-4d87-8444-203a39863e47-chrome-pdf.html","meta":{"rootId":"a9zpjcrvdyhs21y","id":"a9zpjcrvdyhs21y"},"id":"2dxtuhm8p8xpux4","previousOperationId":"qp31kc947qmawsu"}
{"type":"log","timestamp":1772498314542,"level":"debug","message":"Page request finished: GET (image) 200 https://paciolibucket.s3.us-east-2.amazonaws.com/orgs/c64b69f6759a43a1bc0ae31961876751/companies/logos/b6e6bbb3-4217-4336-88b7-161c9ce34ada_Applicorp%20Logo.png?X-Amz-Expires=600&X-Amz-Algorithm=AWS4-HMAC-SHA256&X-Amz-Credential=AKIAVYV5Z6T6UQ4ARWOC%2F20260303%2Fus-east-2%2Fs3%2Faws4_request&X-Amz-Date=20260303T003831Z&X-Amz-SignedHeaders=host&X-Amz-Signature=a0805f3c9321102012877bffb8f8cee44f1fe0733f4d4c37958d639f33ceb2c0","meta":{"rootId":"a9zpjcrvdyhs21y","id":"a9zpjcrvdyhs21y"},"id":"koosxeisrvdm2ll","previousOperationId":"qp31kc947qmawsu"}
{"type":"log","timestamp":1772498314545,"level":"debug","message":"Running chrome with params {\"printBackground\":true,\"timeout\":59392,\"margin\":{}}","meta":{"rootId":"a9zpjcrvdyhs21y","id":"a9zpjcrvdyhs21y"},"id":"09b5z2l40wtr5g2","previousOperationId":"qp31kc947qmawsu"}
{"type":"operationEnd","operationId":"qp31kc947qmawsu","timestamp":1772498314654,"id":"c59wlt1003bvtaq","previousEventId":"9w4tcqs16ty9h5n","previousOperationId":"qp31kc947qmawsu"}
{"type":"log","timestamp":1772498314655,"level":"debug","message":"Skipping storing report.","meta":{"rootId":"a9zpjcrvdyhs21y","id":"a9zpjcrvdyhs21y"},"id":"p7b98v9eom0v8cv","previousOperationId":"qp31kc947qmawsu"}
{"type":"log","timestamp":1772498314655,"level":"info","message":"Rendering request 1 finished in 2664 ms","meta":{"rootId":"a9zpjcrvdyhs21y","id":"a9zpjcrvdyhs21y"},"id":"64w68zcrnm582s3","previousOperationId":"qp31kc947qmawsu"}
{"type":"operationEnd","subtype":"render","operationId":"3x8pit016cy5t56","timestamp":1772498314655,"id":"hqj14jq58whksrp","previousEventId":"c59wlt1003bvtaq","previousOperationId":"qp31kc947qmawsu"}
{"type":"operationEnd","doDiffs":false,"previousEventId":"1g3cek09e0b7rla","previousOperationId":"pkh2wdt1h2x2sep","operationId":"pkh2wdt1h2x2sep","timestamp":1772498314657,"id":"5x3z65d6h2baabe"}
