{"type":"operationStart","subtype":"profile","data":{"_id":"qgJ36bRIyCTKn6lS","timestamp":"2026-01-21T02:13:18.364Z","state":"queued","mode":"standard","creationDate":"2026-01-21T02:13:18.370Z","modificationDate":"2026-01-21T02:13:18.370Z","shortid":"w7BVuVP","$entitySet":"profiles"},"doDiffs":false,"timestamp":1768961598367,"id":"qkzf3hvcmh3h6c2","previousOperationId":null,"operationId":"5bm4fgn7qnieozn"}
{"type":"log","level":"info","message":"Render request 2 queued for execution and waiting for available worker","previousOperationId":"5bm4fgn7qnieozn","timestamp":1768961598367,"id":"vt4nmwto9eu8ydi"}
{"type":"operationStart","subtype":"render","name":"journal-entry-v1","previousOperationId":"5bm4fgn7qnieozn","timestamp":1768961598488,"id":"tr91wyutzjmnerh","previousEventId":"qkzf3hvcmh3h6c2","operationId":"0ggh5gzo0egom8p"}
{"type":"log","timestamp":1768961598492,"level":"info","message":"Starting rendering request 2","meta":{"rootId":"aa6pjo8tqwzvylf","id":"aa6pjo8tqwzvylf"},"id":"q1t4f4wtfo6nv8u","previousOperationId":"0ggh5gzo0egom8p"}
{"type":"log","timestamp":1768961598497,"level":"info","message":"Rendering template { name: journal-entry-v1, recipe: chrome-pdf, engine: handlebars, preview: false }","meta":{"rootId":"aa6pjo8tqwzvylf","id":"aa6pjo8tqwzvylf"},"id":"pf162rpofptwhec","previousOperationId":"0ggh5gzo0egom8p"}
{"type":"log","timestamp":1768961598503,"level":"debug","message":"Inline data specified.","meta":{"rootId":"aa6pjo8tqwzvylf","id":"aa6pjo8tqwzvylf"},"id":"uljd5i6cevrzzru","previousOperationId":"0ggh5gzo0egom8p"}
{"type":"log","timestamp":1768961598511,"level":"debug","message":"Base url not specified, skipping its injection.","meta":{"rootId":"aa6pjo8tqwzvylf","id":"aa6pjo8tqwzvylf"},"id":"f1b4dsf9ww96361","previousOperationId":"0ggh5gzo0egom8p"}
{"type":"operationStart","subtype":"engine","name":"handlebars","timestamp":1768961598517,"id":"t2zv41fnvwbtz5l","previousEventId":"tr91wyutzjmnerh","operationId":"7xc0rigi4z2gjjr","previousOperationId":"0ggh5gzo0egom8p"}
{"type":"log","timestamp":1768961598517,"level":"debug","message":"Rendering engine handlebars","meta":{"rootId":"aa6pjo8tqwzvylf","id":"aa6pjo8tqwzvylf"},"id":"eq6d2g4lc3p1gpf","previousOperationId":"7xc0rigi4z2gjjr"}
{"type":"operationEnd","operationId":"7xc0rigi4z2gjjr","timestamp":1768961599055,"id":"bljxzsvrergs9vx","previousEventId":"t2zv41fnvwbtz5l","previousOperationId":"7xc0rigi4z2gjjr"}
{"type":"operationStart","subtype":"recipe","name":"chrome-pdf","timestamp":1768961599056,"id":"cn04qrucizyn4wt","previousEventId":"bljxzsvrergs9vx","operationId":"juhjh7yy4mztlt7","previousOperationId":"7xc0rigi4z2gjjr"}
{"type":"log","timestamp":1768961599056,"level":"debug","message":"Executing recipe chrome-pdf","meta":{"rootId":"aa6pjo8tqwzvylf","id":"aa6pjo8tqwzvylf"},"id":"k1g0taqqajf0piv","previousOperationId":"juhjh7yy4mztlt7"}
{"type":"log","timestamp":1768961600393,"level":"debug","message":"Converting with chrome Chrome/142.0.7444.175 using chrome-pool strategy","meta":{"rootId":"aa6pjo8tqwzvylf","id":"aa6pjo8tqwzvylf"},"id":"f6cjdz4mn3yde4e","previousOperationId":"juhjh7yy4mztlt7"}
{"type":"log","timestamp":1768961600506,"level":"debug","message":"Page request: GET (document) file:///tmp/jsreport/autocleanup/1aa8e6dd-f8a2-4d44-81bf-8fe86f69c24e-chrome-pdf.html","meta":{"rootId":"aa6pjo8tqwzvylf","id":"aa6pjo8tqwzvylf"},"id":"liuf2z7bpmkx3re","previousOperationId":"juhjh7yy4mztlt7"}
{"type":"log","timestamp":1768961600522,"level":"debug","message":"Page request finished: GET (document) 200 file:///tmp/jsreport/autocleanup/1aa8e6dd-f8a2-4d44-81bf-8fe86f69c24e-chrome-pdf.html","meta":{"rootId":"aa6pjo8tqwzvylf","id":"aa6pjo8tqwzvylf"},"id":"4e552kpmzdobkdk","previousOperationId":"juhjh7yy4mztlt7"}
{"type":"log","timestamp":1768961600525,"level":"warn","message":"Page request failed: GET (stylesheet) file:///tmp/jsreport/autocleanup/styles.css, failure: net::ERR_ACCESS_DENIED","meta":{"rootId":"aa6pjo8tqwzvylf","id":"aa6pjo8tqwzvylf"},"id":"a8j61w3rfoxkdu3","previousOperationId":"juhjh7yy4mztlt7"}
{"type":"log","timestamp":1768961600526,"level":"debug","message":"(console:error) Failed to load resource: net::ERR_ACCESS_DENIED","meta":{"userLevel":true,"rootId":"aa6pjo8tqwzvylf","id":"aa6pjo8tqwzvylf"},"id":"ivi2d6jgxs2xkot","previousOperationId":"juhjh7yy4mztlt7"}
{"type":"log","timestamp":1768961600542,"level":"debug","message":"Running chrome with params {\"printBackground\":true,\"timeout\":59295,\"margin\":{}}","meta":{"rootId":"aa6pjo8tqwzvylf","id":"aa6pjo8tqwzvylf"},"id":"d9v91r1jverk9sv","previousOperationId":"juhjh7yy4mztlt7"}
{"type":"operationEnd","operationId":"juhjh7yy4mztlt7","timestamp":1768961600592,"id":"9z5v244q42aon2l","previousEventId":"cn04qrucizyn4wt","previousOperationId":"juhjh7yy4mztlt7"}
{"type":"log","timestamp":1768961600592,"level":"debug","message":"Skipping storing report.","meta":{"rootId":"aa6pjo8tqwzvylf","id":"aa6pjo8tqwzvylf"},"id":"dvplloarce1sfww","previousOperationId":"juhjh7yy4mztlt7"}
{"type":"log","timestamp":1768961600592,"level":"info","message":"Rendering request 2 finished in 2233 ms","meta":{"rootId":"aa6pjo8tqwzvylf","id":"aa6pjo8tqwzvylf"},"id":"x3t2b6vcsn77va5","previousOperationId":"juhjh7yy4mztlt7"}
{"type":"operationEnd","subtype":"render","operationId":"0ggh5gzo0egom8p","timestamp":1768961600592,"id":"765ofrvd89i32rh","previousEventId":"9z5v244q42aon2l","previousOperationId":"juhjh7yy4mztlt7"}
{"type":"operationEnd","doDiffs":false,"previousEventId":"qkzf3hvcmh3h6c2","previousOperationId":"5bm4fgn7qnieozn","operationId":"5bm4fgn7qnieozn","timestamp":1768961600594,"id":"fju066nll1h9qbi"}
