{"type":"operationStart","subtype":"profile","data":{"_id":"WJO6lEH77n5GV6ug","timestamp":"2026-01-22T03:03:29.081Z","state":"queued","mode":"standard","creationDate":"2026-01-22T03:03:29.112Z","modificationDate":"2026-01-22T03:03:29.112Z","shortid":"kyShjzH","$entitySet":"profiles"},"doDiffs":false,"timestamp":1769051009091,"id":"h3hw72bj8ypk5ng","previousOperationId":null,"operationId":"ujexcqkr128dywu"}
{"type":"log","level":"info","message":"Render request 75 queued for execution and waiting for available worker","previousOperationId":"ujexcqkr128dywu","timestamp":1769051009092,"id":"k4k08c5hjh4s71b"}
{"type":"operationStart","subtype":"render","name":"journal-entry-v1","previousOperationId":"ujexcqkr128dywu","timestamp":1769051009251,"id":"iky88qvuludbzzv","previousEventId":"h3hw72bj8ypk5ng","operationId":"8yk7h4evnffxb3w"}
{"type":"log","timestamp":1769051009257,"level":"info","message":"Starting rendering request 75","meta":{"rootId":"al2r9d4hvp9ltu9","id":"al2r9d4hvp9ltu9"},"id":"3ntzv21gu5dahd1","previousOperationId":"8yk7h4evnffxb3w"}
{"type":"log","timestamp":1769051009264,"level":"info","message":"Rendering template { name: journal-entry-v1, recipe: chrome-pdf, engine: handlebars, preview: false }","meta":{"rootId":"al2r9d4hvp9ltu9","id":"al2r9d4hvp9ltu9"},"id":"56olsgs2selx7bt","previousOperationId":"8yk7h4evnffxb3w"}
{"type":"log","timestamp":1769051009295,"level":"debug","message":"Inline data specified.","meta":{"rootId":"al2r9d4hvp9ltu9","id":"al2r9d4hvp9ltu9"},"id":"ylulbd3beutq5qb","previousOperationId":"8yk7h4evnffxb3w"}
{"type":"log","timestamp":1769051009310,"level":"debug","message":"Base url not specified, skipping its injection.","meta":{"rootId":"al2r9d4hvp9ltu9","id":"al2r9d4hvp9ltu9"},"id":"09fobnsmn3wp5hy","previousOperationId":"8yk7h4evnffxb3w"}
{"type":"operationStart","subtype":"engine","name":"handlebars","timestamp":1769051009320,"id":"rsgfd1erbnvi89h","previousEventId":"iky88qvuludbzzv","operationId":"29m2qpzshfm5ogc","previousOperationId":"8yk7h4evnffxb3w"}
{"type":"log","timestamp":1769051009320,"level":"debug","message":"Rendering engine handlebars","meta":{"rootId":"al2r9d4hvp9ltu9","id":"al2r9d4hvp9ltu9"},"id":"h8hmp4e4gqq0oly","previousOperationId":"29m2qpzshfm5ogc"}
{"type":"operationEnd","operationId":"29m2qpzshfm5ogc","timestamp":1769051009452,"id":"xp7as64pwk7kk1f","previousEventId":"rsgfd1erbnvi89h","previousOperationId":"29m2qpzshfm5ogc"}
{"type":"operationStart","subtype":"recipe","name":"chrome-pdf","timestamp":1769051009456,"id":"cjz5ym0k178on1y","previousEventId":"xp7as64pwk7kk1f","operationId":"insfo37tkwl8zkp","previousOperationId":"29m2qpzshfm5ogc"}
{"type":"log","timestamp":1769051009456,"level":"debug","message":"Executing recipe chrome-pdf","meta":{"rootId":"al2r9d4hvp9ltu9","id":"al2r9d4hvp9ltu9"},"id":"42lccqq2x4s4354","previousOperationId":"insfo37tkwl8zkp"}
{"type":"log","timestamp":1769051009509,"level":"debug","message":"Converting with chrome Chrome/142.0.7444.175 using chrome-pool strategy","meta":{"rootId":"al2r9d4hvp9ltu9","id":"al2r9d4hvp9ltu9"},"id":"hhk0jt4vwxovh1x","previousOperationId":"insfo37tkwl8zkp"}
{"type":"log","timestamp":1769051009969,"level":"debug","message":"Page request: GET (document) file:///tmp/jsreport/autocleanup/2de31302-9f73-4dff-ad25-fd5fd4ae86cf-chrome-pdf.html","meta":{"rootId":"al2r9d4hvp9ltu9","id":"al2r9d4hvp9ltu9"},"id":"tdsvyar8fgwrqnv","previousOperationId":"insfo37tkwl8zkp"}
{"type":"log","timestamp":1769051010008,"level":"debug","message":"Page request finished: GET (document) 200 file:///tmp/jsreport/autocleanup/2de31302-9f73-4dff-ad25-fd5fd4ae86cf-chrome-pdf.html","meta":{"rootId":"al2r9d4hvp9ltu9","id":"al2r9d4hvp9ltu9"},"id":"74gp3ipqljflu97","previousOperationId":"insfo37tkwl8zkp"}
{"type":"log","timestamp":1769051010084,"level":"debug","message":"Running chrome with params {\"printBackground\":true,\"timeout\":59590,\"margin\":{}}","meta":{"rootId":"al2r9d4hvp9ltu9","id":"al2r9d4hvp9ltu9"},"id":"auc3axaa4ma2ndf","previousOperationId":"insfo37tkwl8zkp"}
{"type":"operationEnd","operationId":"insfo37tkwl8zkp","timestamp":1769051010233,"id":"0gvyf9h1q5oelsf","previousEventId":"cjz5ym0k178on1y","previousOperationId":"insfo37tkwl8zkp"}
{"type":"log","timestamp":1769051010233,"level":"debug","message":"Skipping storing report.","meta":{"rootId":"al2r9d4hvp9ltu9","id":"al2r9d4hvp9ltu9"},"id":"ki987ly9tefwzxr","previousOperationId":"insfo37tkwl8zkp"}
{"type":"log","timestamp":1769051010234,"level":"info","message":"Rendering request 75 finished in 1171 ms","meta":{"rootId":"al2r9d4hvp9ltu9","id":"al2r9d4hvp9ltu9"},"id":"euxfkgp5o1by6ff","previousOperationId":"insfo37tkwl8zkp"}
{"type":"operationEnd","subtype":"render","operationId":"8yk7h4evnffxb3w","timestamp":1769051010234,"id":"nekiiedbhcviyr2","previousEventId":"0gvyf9h1q5oelsf","previousOperationId":"insfo37tkwl8zkp"}
{"type":"operationEnd","doDiffs":false,"previousEventId":"h3hw72bj8ypk5ng","previousOperationId":"ujexcqkr128dywu","operationId":"ujexcqkr128dywu","timestamp":1769051010238,"id":"tj5xn4badawkqui"}
