{"type":"operationStart","subtype":"profile","data":{"_id":"slCOMQ1Wwb9YaY1u","timestamp":"2026-01-22T03:04:26.788Z","state":"queued","mode":"standard","creationDate":"2026-01-22T03:04:26.791Z","modificationDate":"2026-01-22T03:04:26.791Z","shortid":"dT4UlOy","$entitySet":"profiles"},"doDiffs":false,"timestamp":1769051066790,"id":"thu1nke6qlqb55x","previousOperationId":null,"operationId":"dqjnk7ala46d4hh"}
{"type":"log","level":"info","message":"Render request 77 queued for execution and waiting for available worker","previousOperationId":"dqjnk7ala46d4hh","timestamp":1769051066790,"id":"fpig6yf1ty2gmih"}
{"type":"operationStart","subtype":"render","name":"journal-entry-v1","previousOperationId":"dqjnk7ala46d4hh","timestamp":1769051066845,"id":"n1e4sz9q1drp1gb","previousEventId":"thu1nke6qlqb55x","operationId":"snvxc080cyjga58"}
{"type":"log","timestamp":1769051066845,"level":"info","message":"Starting rendering request 77","meta":{"rootId":"ascfg2abfvibuou","id":"ascfg2abfvibuou"},"id":"joyb8ba2t1fg28v","previousOperationId":"snvxc080cyjga58"}
{"type":"log","timestamp":1769051066846,"level":"info","message":"Rendering template { name: journal-entry-v1, recipe: chrome-pdf, engine: handlebars, preview: true }","meta":{"rootId":"ascfg2abfvibuou","id":"ascfg2abfvibuou"},"id":"iq5baqzuphrvov7","previousOperationId":"snvxc080cyjga58"}
{"type":"log","timestamp":1769051066857,"level":"debug","message":"Inline data specified.","meta":{"rootId":"ascfg2abfvibuou","id":"ascfg2abfvibuou"},"id":"r86ga6ml396mn1a","previousOperationId":"snvxc080cyjga58"}
{"type":"log","timestamp":1769051066862,"level":"debug","message":"Base url not specified, skipping its injection.","meta":{"rootId":"ascfg2abfvibuou","id":"ascfg2abfvibuou"},"id":"ti3nwx22qlk8nq5","previousOperationId":"snvxc080cyjga58"}
{"type":"operationStart","subtype":"engine","name":"handlebars","timestamp":1769051066863,"id":"zfwl2eho9rdhjk2","previousEventId":"n1e4sz9q1drp1gb","operationId":"5y1rx7l2fv2fub5","previousOperationId":"snvxc080cyjga58"}
{"type":"log","timestamp":1769051066863,"level":"debug","message":"Rendering engine handlebars","meta":{"rootId":"ascfg2abfvibuou","id":"ascfg2abfvibuou"},"id":"c3oda2x69m1jive","previousOperationId":"5y1rx7l2fv2fub5"}
{"type":"operationEnd","operationId":"5y1rx7l2fv2fub5","timestamp":1769051066890,"id":"bl9conn0pbjsb4p","previousEventId":"zfwl2eho9rdhjk2","previousOperationId":"5y1rx7l2fv2fub5"}
{"type":"operationStart","subtype":"recipe","name":"chrome-pdf","timestamp":1769051066891,"id":"wc0p7exd5jzkols","previousEventId":"bl9conn0pbjsb4p","operationId":"r8m2xrzicmiki05","previousOperationId":"5y1rx7l2fv2fub5"}
{"type":"log","timestamp":1769051066891,"level":"debug","message":"Executing recipe chrome-pdf","meta":{"rootId":"ascfg2abfvibuou","id":"ascfg2abfvibuou"},"id":"j5jk95co2yn0nhr","previousOperationId":"r8m2xrzicmiki05"}
{"type":"log","timestamp":1769051066905,"level":"debug","message":"Converting with chrome Chrome/142.0.7444.175 using chrome-pool strategy","meta":{"rootId":"ascfg2abfvibuou","id":"ascfg2abfvibuou"},"id":"bh67j6imkhs21gw","previousOperationId":"r8m2xrzicmiki05"}
{"type":"log","timestamp":1769051066972,"level":"debug","message":"Page request: GET (document) file:///tmp/jsreport/autocleanup/4b7623a7-847b-4c86-abdf-bb6bcff8a671-chrome-pdf.html","meta":{"rootId":"ascfg2abfvibuou","id":"ascfg2abfvibuou"},"id":"lj4evjuyezrb7g0","previousOperationId":"r8m2xrzicmiki05"}
{"type":"log","timestamp":1769051066986,"level":"debug","message":"Page request finished: GET (document) 200 file:///tmp/jsreport/autocleanup/4b7623a7-847b-4c86-abdf-bb6bcff8a671-chrome-pdf.html","meta":{"rootId":"ascfg2abfvibuou","id":"ascfg2abfvibuou"},"id":"jg11htum3nmyfha","previousOperationId":"r8m2xrzicmiki05"}
{"type":"log","timestamp":1769051066988,"level":"debug","message":"Page request: GET (image) https://paciolibucket.s3.us-east-2.amazonaws.com/orgs/c64b69f6759a43a1bc0ae31961876751/companies/logos/e9767ff4-7186-447f-a397-208ea6bbfdb8_ninosfelices.png?X-Amz-Expires=600&X-Amz-Algorithm=AWS4-HMAC-SHA256&X-Amz-Credential=AKIAVYV5Z6T6UQ4ARWOC%2F20260122%2Fus-east-2%2Fs3%2Faws4_request&X-Amz-Date=20260122T030318Z&X-Amz-SignedHeaders=host&X-Amz-Signature=4851f1e7a803d5d23fccdb8bc0bf68881b7747266f0c871a333036053ff7d0f6","meta":{"rootId":"ascfg2abfvibuou","id":"ascfg2abfvibuou"},"id":"8dcgmsgc74myqm7","previousOperationId":"r8m2xrzicmiki05"}
{"type":"log","timestamp":1769051067452,"level":"debug","message":"Page request finished: GET (image) 200 https://paciolibucket.s3.us-east-2.amazonaws.com/orgs/c64b69f6759a43a1bc0ae31961876751/companies/logos/e9767ff4-7186-447f-a397-208ea6bbfdb8_ninosfelices.png?X-Amz-Expires=600&X-Amz-Algorithm=AWS4-HMAC-SHA256&X-Amz-Credential=AKIAVYV5Z6T6UQ4ARWOC%2F20260122%2Fus-east-2%2Fs3%2Faws4_request&X-Amz-Date=20260122T030318Z&X-Amz-SignedHeaders=host&X-Amz-Signature=4851f1e7a803d5d23fccdb8bc0bf68881b7747266f0c871a333036053ff7d0f6","meta":{"rootId":"ascfg2abfvibuou","id":"ascfg2abfvibuou"},"id":"of81cby52bogsio","previousOperationId":"r8m2xrzicmiki05"}
{"type":"log","timestamp":1769051067453,"level":"debug","message":"Running chrome with params {\"printBackground\":true,\"timeout\":59886,\"margin\":{}}","meta":{"rootId":"ascfg2abfvibuou","id":"ascfg2abfvibuou"},"id":"gqzgfpce86k4wov","previousOperationId":"r8m2xrzicmiki05"}
{"type":"operationEnd","operationId":"r8m2xrzicmiki05","timestamp":1769051067536,"id":"spvoiz558npylqn","previousEventId":"wc0p7exd5jzkols","previousOperationId":"r8m2xrzicmiki05"}
{"type":"log","timestamp":1769051067536,"level":"debug","message":"Skipping storing report.","meta":{"rootId":"ascfg2abfvibuou","id":"ascfg2abfvibuou"},"id":"qej9nyarebmt724","previousOperationId":"r8m2xrzicmiki05"}
{"type":"log","timestamp":1769051067536,"level":"info","message":"Rendering request 77 finished in 749 ms","meta":{"rootId":"ascfg2abfvibuou","id":"ascfg2abfvibuou"},"id":"vuhhov004k2xef9","previousOperationId":"r8m2xrzicmiki05"}
{"type":"operationEnd","subtype":"render","operationId":"snvxc080cyjga58","timestamp":1769051067536,"id":"jgf1y8gfvzt7z13","previousEventId":"spvoiz558npylqn","previousOperationId":"r8m2xrzicmiki05"}
{"type":"operationEnd","doDiffs":false,"previousEventId":"thu1nke6qlqb55x","previousOperationId":"dqjnk7ala46d4hh","operationId":"dqjnk7ala46d4hh","timestamp":1769051067540,"id":"uq0du5e04zbdb33"}
