{"type":"operationStart","subtype":"profile","data":{"_id":"EVWOawJo6KGzo3Xu","timestamp":"2026-01-23T02:11:15.249Z","state":"queued","mode":"standard","creationDate":"2026-01-23T02:11:15.306Z","modificationDate":"2026-01-23T02:11:15.306Z","shortid":"jL1MOKS","$entitySet":"profiles"},"doDiffs":false,"timestamp":1769134275272,"id":"vuyazshjexrdh0f","previousOperationId":null,"operationId":"jmy36hkqyg4gd5s"}
{"type":"log","level":"info","message":"Render request 24 queued for execution and waiting for available worker","previousOperationId":"jmy36hkqyg4gd5s","timestamp":1769134275273,"id":"wwvo582x57wiw9h"}
{"type":"operationStart","subtype":"render","name":"journal-entry-v1","previousOperationId":"jmy36hkqyg4gd5s","timestamp":1769134275415,"id":"9f6x6gz6o1vk4lh","previousEventId":"vuyazshjexrdh0f","operationId":"lfcsvskzwqy663g"}
{"type":"log","timestamp":1769134275419,"level":"info","message":"Starting rendering request 24","meta":{"rootId":"ay3sl5fp6nlrw6e","id":"ay3sl5fp6nlrw6e"},"id":"qrpimlg8t0wcznl","previousOperationId":"lfcsvskzwqy663g"}
{"type":"log","timestamp":1769134275426,"level":"info","message":"Rendering template { name: journal-entry-v1, recipe: chrome-pdf, engine: handlebars, preview: false }","meta":{"rootId":"ay3sl5fp6nlrw6e","id":"ay3sl5fp6nlrw6e"},"id":"e2ya32h1xoty0nl","previousOperationId":"lfcsvskzwqy663g"}
{"type":"log","timestamp":1769134275434,"level":"debug","message":"Inline data specified.","meta":{"rootId":"ay3sl5fp6nlrw6e","id":"ay3sl5fp6nlrw6e"},"id":"8ipo9sek8sagqui","previousOperationId":"lfcsvskzwqy663g"}
{"type":"log","timestamp":1769134275442,"level":"debug","message":"Base url not specified, skipping its injection.","meta":{"rootId":"ay3sl5fp6nlrw6e","id":"ay3sl5fp6nlrw6e"},"id":"uvgk65ukouhn5qk","previousOperationId":"lfcsvskzwqy663g"}
{"type":"operationStart","subtype":"engine","name":"handlebars","timestamp":1769134275453,"id":"tgj0vcsi5cahcqg","previousEventId":"9f6x6gz6o1vk4lh","operationId":"o1betbrhaihayb6","previousOperationId":"lfcsvskzwqy663g"}
{"type":"log","timestamp":1769134275453,"level":"debug","message":"Rendering engine handlebars","meta":{"rootId":"ay3sl5fp6nlrw6e","id":"ay3sl5fp6nlrw6e"},"id":"8c2q0bt72kwkqhx","previousOperationId":"o1betbrhaihayb6"}
{"type":"operationEnd","operationId":"o1betbrhaihayb6","timestamp":1769134275567,"id":"p8i1hywmg717xvm","previousEventId":"tgj0vcsi5cahcqg","previousOperationId":"o1betbrhaihayb6"}
{"type":"operationStart","subtype":"recipe","name":"chrome-pdf","timestamp":1769134275570,"id":"1us4o0ffv4jxstr","previousEventId":"p8i1hywmg717xvm","operationId":"yfth5txc541i9ps","previousOperationId":"o1betbrhaihayb6"}
{"type":"log","timestamp":1769134275570,"level":"debug","message":"Executing recipe chrome-pdf","meta":{"rootId":"ay3sl5fp6nlrw6e","id":"ay3sl5fp6nlrw6e"},"id":"34p0ggwnjpuutx6","previousOperationId":"yfth5txc541i9ps"}
{"type":"log","timestamp":1769134275629,"level":"debug","message":"Converting with chrome Chrome/142.0.7444.175 using chrome-pool strategy","meta":{"rootId":"ay3sl5fp6nlrw6e","id":"ay3sl5fp6nlrw6e"},"id":"skbavnizp0o11pi","previousOperationId":"yfth5txc541i9ps"}
{"type":"log","timestamp":1769134276240,"level":"debug","message":"Page request: GET (document) file:///tmp/jsreport/autocleanup/88784c4e-8a2c-42d0-aff3-bd746db4d7c0-chrome-pdf.html","meta":{"rootId":"ay3sl5fp6nlrw6e","id":"ay3sl5fp6nlrw6e"},"id":"nvxep8lx3ut3z9t","previousOperationId":"yfth5txc541i9ps"}
{"type":"log","timestamp":1769134276309,"level":"debug","message":"Page request finished: GET (document) 200 file:///tmp/jsreport/autocleanup/88784c4e-8a2c-42d0-aff3-bd746db4d7c0-chrome-pdf.html","meta":{"rootId":"ay3sl5fp6nlrw6e","id":"ay3sl5fp6nlrw6e"},"id":"bupsamk2853bv38","previousOperationId":"yfth5txc541i9ps"}
{"type":"log","timestamp":1769134276321,"level":"debug","message":"Page request: GET (image) https://paciolibucket.s3.us-east-2.amazonaws.com/orgs/c64b69f6759a43a1bc0ae31961876751/companies/logos/e9767ff4-7186-447f-a397-208ea6bbfdb8_ninosfelices.png?X-Amz-Expires=600&X-Amz-Algorithm=AWS4-HMAC-SHA256&X-Amz-Credential=AKIAVYV5Z6T6UQ4ARWOC%2F20260123%2Fus-east-2%2Fs3%2Faws4_request&X-Amz-Date=20260123T021114Z&X-Amz-SignedHeaders=host&X-Amz-Signature=215be245bbb923a41581e58fba47137b5f86f5d4d475561c12eaf9b4081b1e1f","meta":{"rootId":"ay3sl5fp6nlrw6e","id":"ay3sl5fp6nlrw6e"},"id":"70yfxb0023t9jj2","previousOperationId":"yfth5txc541i9ps"}
{"type":"log","timestamp":1769134277069,"level":"debug","message":"Page request finished: GET (image) 200 https://paciolibucket.s3.us-east-2.amazonaws.com/orgs/c64b69f6759a43a1bc0ae31961876751/companies/logos/e9767ff4-7186-447f-a397-208ea6bbfdb8_ninosfelices.png?X-Amz-Expires=600&X-Amz-Algorithm=AWS4-HMAC-SHA256&X-Amz-Credential=AKIAVYV5Z6T6UQ4ARWOC%2F20260123%2Fus-east-2%2Fs3%2Faws4_request&X-Amz-Date=20260123T021114Z&X-Amz-SignedHeaders=host&X-Amz-Signature=215be245bbb923a41581e58fba47137b5f86f5d4d475561c12eaf9b4081b1e1f","meta":{"rootId":"ay3sl5fp6nlrw6e","id":"ay3sl5fp6nlrw6e"},"id":"mxyle4g49j3wf7z","previousOperationId":"yfth5txc541i9ps"}
{"type":"log","timestamp":1769134277077,"level":"debug","message":"Running chrome with params {\"printBackground\":true,\"timeout\":59644,\"margin\":{}}","meta":{"rootId":"ay3sl5fp6nlrw6e","id":"ay3sl5fp6nlrw6e"},"id":"sdjw9lh957tbfco","previousOperationId":"yfth5txc541i9ps"}
{"type":"operationEnd","operationId":"yfth5txc541i9ps","timestamp":1769134277504,"id":"enipaxyzx34cvaz","previousEventId":"1us4o0ffv4jxstr","previousOperationId":"yfth5txc541i9ps"}
{"type":"log","timestamp":1769134277505,"level":"debug","message":"Skipping storing report.","meta":{"rootId":"ay3sl5fp6nlrw6e","id":"ay3sl5fp6nlrw6e"},"id":"zrsquwedxxqmwze","previousOperationId":"yfth5txc541i9ps"}
{"type":"log","timestamp":1769134277505,"level":"info","message":"Rendering request 24 finished in 2278 ms","meta":{"rootId":"ay3sl5fp6nlrw6e","id":"ay3sl5fp6nlrw6e"},"id":"q32fd4whm0e7auv","previousOperationId":"yfth5txc541i9ps"}
{"type":"operationEnd","subtype":"render","operationId":"lfcsvskzwqy663g","timestamp":1769134277505,"id":"j6160bd84wxouyg","previousEventId":"enipaxyzx34cvaz","previousOperationId":"yfth5txc541i9ps"}
{"type":"operationEnd","doDiffs":false,"previousEventId":"vuyazshjexrdh0f","previousOperationId":"jmy36hkqyg4gd5s","operationId":"jmy36hkqyg4gd5s","timestamp":1769134277509,"id":"vs118btkwbtf98r"}
