{"type":"operationStart","subtype":"profile","data":{"_id":"pUAeeULFsPHE1FXt","timestamp":"2026-02-16T18:15:15.130Z","state":"queued","mode":"standard","creationDate":"2026-02-16T18:15:15.131Z","modificationDate":"2026-02-16T18:15:15.131Z","shortid":"CqGNmnV","$entitySet":"profiles"},"doDiffs":false,"timestamp":1771265715131,"id":"vfgetls8nx8sxqx","previousOperationId":null,"operationId":"0q9lqiegnio7q4r"}
{"type":"log","level":"info","message":"Render request 4 queued for execution and waiting for available worker","previousOperationId":"0q9lqiegnio7q4r","timestamp":1771265715131,"id":"vq4lduod5sfd7b5"}
{"type":"operationStart","subtype":"render","name":"journal-entry-v1","previousOperationId":"0q9lqiegnio7q4r","timestamp":1771265715201,"id":"4zek6frt8wkrf5e","previousEventId":"vfgetls8nx8sxqx","operationId":"oto6u7wb5y740wy"}
{"type":"log","timestamp":1771265715201,"level":"info","message":"Starting rendering request 4","meta":{"rootId":"c0zmljnznenogyi","id":"c0zmljnznenogyi"},"id":"ln1auc6smw0eyaw","previousOperationId":"oto6u7wb5y740wy"}
{"type":"log","timestamp":1771265715201,"level":"info","message":"Rendering template { name: journal-entry-v1, recipe: chrome-pdf, engine: handlebars, preview: false }","meta":{"rootId":"c0zmljnznenogyi","id":"c0zmljnznenogyi"},"id":"9cylqqux6uk7xcb","previousOperationId":"oto6u7wb5y740wy"}
{"type":"log","timestamp":1771265715203,"level":"debug","message":"Inline data specified.","meta":{"rootId":"c0zmljnznenogyi","id":"c0zmljnznenogyi"},"id":"nz8l89rn8rtbh6o","previousOperationId":"oto6u7wb5y740wy"}
{"type":"log","timestamp":1771265715206,"level":"debug","message":"Base url not specified, skipping its injection.","meta":{"rootId":"c0zmljnznenogyi","id":"c0zmljnznenogyi"},"id":"4ydjdasird7rdtz","previousOperationId":"oto6u7wb5y740wy"}
{"type":"operationStart","subtype":"engine","name":"handlebars","timestamp":1771265715207,"id":"dyyelu23ee2lchx","previousEventId":"4zek6frt8wkrf5e","operationId":"o98y05oqfy6h977","previousOperationId":"oto6u7wb5y740wy"}
{"type":"log","timestamp":1771265715207,"level":"debug","message":"Rendering engine handlebars","meta":{"rootId":"c0zmljnznenogyi","id":"c0zmljnznenogyi"},"id":"4ngnl5anybfqnes","previousOperationId":"o98y05oqfy6h977"}
{"type":"operationEnd","operationId":"o98y05oqfy6h977","timestamp":1771265715219,"id":"317zornwxuma5fe","previousEventId":"dyyelu23ee2lchx","previousOperationId":"o98y05oqfy6h977"}
{"type":"operationStart","subtype":"recipe","name":"chrome-pdf","timestamp":1771265715219,"id":"t87ig5uzbjuzreg","previousEventId":"317zornwxuma5fe","operationId":"z93mfo3t7ilzo78","previousOperationId":"o98y05oqfy6h977"}
{"type":"log","timestamp":1771265715219,"level":"debug","message":"Executing recipe chrome-pdf","meta":{"rootId":"c0zmljnznenogyi","id":"c0zmljnznenogyi"},"id":"brmo1wh89yra9ui","previousOperationId":"z93mfo3t7ilzo78"}
{"type":"log","timestamp":1771265715221,"level":"debug","message":"Converting with chrome Chrome/142.0.7444.175 using chrome-pool strategy","meta":{"rootId":"c0zmljnznenogyi","id":"c0zmljnznenogyi"},"id":"z4t5uwmol4ritlq","previousOperationId":"z93mfo3t7ilzo78"}
{"type":"log","timestamp":1771265715258,"level":"debug","message":"Page request: GET (document) file:///tmp/jsreport/autocleanup/46e2ee5c-5e15-4432-8666-f6d1aee0f1dc-chrome-pdf.html","meta":{"rootId":"c0zmljnznenogyi","id":"c0zmljnznenogyi"},"id":"52jew7jvieae3l0","previousOperationId":"z93mfo3t7ilzo78"}
{"type":"log","timestamp":1771265715270,"level":"debug","message":"Page request finished: GET (document) 200 file:///tmp/jsreport/autocleanup/46e2ee5c-5e15-4432-8666-f6d1aee0f1dc-chrome-pdf.html","meta":{"rootId":"c0zmljnznenogyi","id":"c0zmljnznenogyi"},"id":"8enbrqeaetc6brl","previousOperationId":"z93mfo3t7ilzo78"}
{"type":"log","timestamp":1771265715270,"level":"debug","message":"Page request: GET (image) https://paciolibucket.s3.us-east-2.amazonaws.com/orgs/c64b69f6759a43a1bc0ae31961876751/companies/logos/e9767ff4-7186-447f-a397-208ea6bbfdb8_ninosfelices.png?X-Amz-Expires=600&X-Amz-Algorithm=AWS4-HMAC-SHA256&X-Amz-Credential=AKIAVYV5Z6T6UQ4ARWOC%2F20260216%2Fus-east-2%2Fs3%2Faws4_request&X-Amz-Date=20260216T181515Z&X-Amz-SignedHeaders=host&X-Amz-Signature=7e20146096762370c26900bef6c71bcd8ef8fbc33dbd6624ab8e66019c624090","meta":{"rootId":"c0zmljnznenogyi","id":"c0zmljnznenogyi"},"id":"43b5wnq4377oq8l","previousOperationId":"z93mfo3t7ilzo78"}
{"type":"log","timestamp":1771265715904,"level":"debug","message":"Page request finished: GET (image) 200 https://paciolibucket.s3.us-east-2.amazonaws.com/orgs/c64b69f6759a43a1bc0ae31961876751/companies/logos/e9767ff4-7186-447f-a397-208ea6bbfdb8_ninosfelices.png?X-Amz-Expires=600&X-Amz-Algorithm=AWS4-HMAC-SHA256&X-Amz-Credential=AKIAVYV5Z6T6UQ4ARWOC%2F20260216%2Fus-east-2%2Fs3%2Faws4_request&X-Amz-Date=20260216T181515Z&X-Amz-SignedHeaders=host&X-Amz-Signature=7e20146096762370c26900bef6c71bcd8ef8fbc33dbd6624ab8e66019c624090","meta":{"rootId":"c0zmljnznenogyi","id":"c0zmljnznenogyi"},"id":"wochkbnscd5if3c","previousOperationId":"z93mfo3t7ilzo78"}
{"type":"log","timestamp":1771265715905,"level":"debug","message":"Running chrome with params {\"printBackground\":true,\"timeout\":59910,\"margin\":{}}","meta":{"rootId":"c0zmljnznenogyi","id":"c0zmljnznenogyi"},"id":"fsmy96ezbsjglja","previousOperationId":"z93mfo3t7ilzo78"}
{"type":"operationEnd","operationId":"z93mfo3t7ilzo78","timestamp":1771265715998,"id":"atsj6s6a1rzqq8y","previousEventId":"t87ig5uzbjuzreg","previousOperationId":"z93mfo3t7ilzo78"}
{"type":"log","timestamp":1771265715998,"level":"debug","message":"Skipping storing report.","meta":{"rootId":"c0zmljnznenogyi","id":"c0zmljnznenogyi"},"id":"sx8bg32l0hgfo59","previousOperationId":"z93mfo3t7ilzo78"}
{"type":"log","timestamp":1771265715998,"level":"info","message":"Rendering request 4 finished in 868 ms","meta":{"rootId":"c0zmljnznenogyi","id":"c0zmljnznenogyi"},"id":"nc7e5t7u9oaglpd","previousOperationId":"z93mfo3t7ilzo78"}
{"type":"operationEnd","subtype":"render","operationId":"oto6u7wb5y740wy","timestamp":1771265715998,"id":"b2wn42h471l7r92","previousEventId":"atsj6s6a1rzqq8y","previousOperationId":"z93mfo3t7ilzo78"}
{"type":"operationEnd","doDiffs":false,"previousEventId":"vfgetls8nx8sxqx","previousOperationId":"0q9lqiegnio7q4r","operationId":"0q9lqiegnio7q4r","timestamp":1771265716000,"id":"jw6v117nuj82y5s"}
