{"type":"operationStart","subtype":"profile","data":{"_id":"DmQPkClbZXUAZuRk","timestamp":"2026-01-16T03:12:53.954Z","state":"queued","mode":"standard","creationDate":"2026-01-16T03:12:53.957Z","modificationDate":"2026-01-16T03:12:53.957Z","shortid":"QX6K7nH","$entitySet":"profiles"},"doDiffs":false,"timestamp":1768533173956,"id":"j6hcceb1qli12hm","previousOperationId":null,"operationId":"l76o7xj5cyi5xa1"}
{"type":"log","level":"info","message":"Render request 1 queued for execution and waiting for available worker","previousOperationId":"l76o7xj5cyi5xa1","timestamp":1768533173957,"id":"de57qf04yqvwone"}
{"type":"operationStart","subtype":"render","name":"journal-entry-v1","previousOperationId":"l76o7xj5cyi5xa1","timestamp":1768533174029,"id":"0ccfgry53dqz2uo","previousEventId":"j6hcceb1qli12hm","operationId":"373uivllcyr8gd6"}
{"type":"log","timestamp":1768533174031,"level":"info","message":"Starting rendering request 1","meta":{"rootId":"c48cjksejmvnxwg","id":"c48cjksejmvnxwg"},"id":"xa4h8b7k1govqf4","previousOperationId":"373uivllcyr8gd6"}
{"type":"log","timestamp":1768533174032,"level":"info","message":"Rendering template { name: journal-entry-v1, recipe: chrome-pdf, engine: handlebars, preview: true }","meta":{"rootId":"c48cjksejmvnxwg","id":"c48cjksejmvnxwg"},"id":"fpx6qmo4zh6bbzk","previousOperationId":"373uivllcyr8gd6"}
{"type":"log","timestamp":1768533174035,"level":"debug","message":"Adding sample data 1aIVzc9G4","meta":{"rootId":"c48cjksejmvnxwg","id":"c48cjksejmvnxwg"},"id":"401g2o52sf2dclb","previousOperationId":"373uivllcyr8gd6"}
{"type":"log","timestamp":1768533174038,"level":"debug","message":"Base url not specified, skipping its injection.","meta":{"rootId":"c48cjksejmvnxwg","id":"c48cjksejmvnxwg"},"id":"ugksb3xig9bmxlc","previousOperationId":"373uivllcyr8gd6"}
{"type":"operationStart","subtype":"engine","name":"handlebars","timestamp":1768533174040,"id":"hkgmaq9um23eius","previousEventId":"0ccfgry53dqz2uo","operationId":"ryb2aq3a10b8mhk","previousOperationId":"373uivllcyr8gd6"}
{"type":"log","timestamp":1768533174040,"level":"debug","message":"Rendering engine handlebars","meta":{"rootId":"c48cjksejmvnxwg","id":"c48cjksejmvnxwg"},"id":"zbijinyky9mkqgf","previousOperationId":"ryb2aq3a10b8mhk"}
{"type":"operationEnd","operationId":"ryb2aq3a10b8mhk","timestamp":1768533174545,"id":"h75xpz1a30liki5","previousEventId":"hkgmaq9um23eius","previousOperationId":"ryb2aq3a10b8mhk"}
{"type":"operationStart","subtype":"recipe","name":"chrome-pdf","timestamp":1768533174545,"id":"7topmgq5b7ipttm","previousEventId":"h75xpz1a30liki5","operationId":"fl0ynf2wpsvcreo","previousOperationId":"ryb2aq3a10b8mhk"}
{"type":"log","timestamp":1768533174545,"level":"debug","message":"Executing recipe chrome-pdf","meta":{"rootId":"c48cjksejmvnxwg","id":"c48cjksejmvnxwg"},"id":"ddx5bwdf31ur9a0","previousOperationId":"fl0ynf2wpsvcreo"}
{"type":"log","timestamp":1768533175500,"level":"debug","message":"Converting with chrome Chrome/142.0.7444.175 using chrome-pool strategy","meta":{"rootId":"c48cjksejmvnxwg","id":"c48cjksejmvnxwg"},"id":"fpn2gju3t861kln","previousOperationId":"fl0ynf2wpsvcreo"}
{"type":"log","timestamp":1768533175595,"level":"debug","message":"Page request: GET (document) file:///tmp/jsreport/autocleanup/3277210c-3c4a-4213-aecd-ce52c8384650-chrome-pdf.html","meta":{"rootId":"c48cjksejmvnxwg","id":"c48cjksejmvnxwg"},"id":"2kgfk831b5f6wj6","previousOperationId":"fl0ynf2wpsvcreo"}
{"type":"log","timestamp":1768533175608,"level":"debug","message":"Page request finished: GET (document) 200 file:///tmp/jsreport/autocleanup/3277210c-3c4a-4213-aecd-ce52c8384650-chrome-pdf.html","meta":{"rootId":"c48cjksejmvnxwg","id":"c48cjksejmvnxwg"},"id":"mqyl0ffe7pb9xwp","previousOperationId":"fl0ynf2wpsvcreo"}
{"type":"log","timestamp":1768533175611,"level":"warn","message":"Page request failed: GET (stylesheet) file:///tmp/jsreport/autocleanup/styles.css, failure: net::ERR_ACCESS_DENIED","meta":{"rootId":"c48cjksejmvnxwg","id":"c48cjksejmvnxwg"},"id":"0evqwrh5gu0ivof","previousOperationId":"fl0ynf2wpsvcreo"}
{"type":"log","timestamp":1768533175611,"level":"debug","message":"(console:error) Failed to load resource: net::ERR_ACCESS_DENIED","meta":{"userLevel":true,"rootId":"c48cjksejmvnxwg","id":"c48cjksejmvnxwg"},"id":"8m0pctflv79zhul","previousOperationId":"fl0ynf2wpsvcreo"}
{"type":"log","timestamp":1768533175618,"level":"debug","message":"Running chrome with params {\"printBackground\":true,\"timeout\":59401,\"margin\":{}}","meta":{"rootId":"c48cjksejmvnxwg","id":"c48cjksejmvnxwg"},"id":"oszvkq4p19e76y7","previousOperationId":"fl0ynf2wpsvcreo"}
{"type":"operationEnd","operationId":"fl0ynf2wpsvcreo","timestamp":1768533175651,"id":"dpuggz87m4hxdt8","previousEventId":"7topmgq5b7ipttm","previousOperationId":"fl0ynf2wpsvcreo"}
{"type":"log","timestamp":1768533175652,"level":"debug","message":"Skipping storing report.","meta":{"rootId":"c48cjksejmvnxwg","id":"c48cjksejmvnxwg"},"id":"oioy51x5fice6j6","previousOperationId":"fl0ynf2wpsvcreo"}
{"type":"log","timestamp":1768533175652,"level":"info","message":"Rendering request 1 finished in 1698 ms","meta":{"rootId":"c48cjksejmvnxwg","id":"c48cjksejmvnxwg"},"id":"0wcdblbkdarknbm","previousOperationId":"fl0ynf2wpsvcreo"}
{"type":"operationEnd","subtype":"render","operationId":"373uivllcyr8gd6","timestamp":1768533175652,"id":"7gfaznu7dvym07f","previousEventId":"dpuggz87m4hxdt8","previousOperationId":"fl0ynf2wpsvcreo"}
{"type":"operationEnd","doDiffs":false,"previousEventId":"j6hcceb1qli12hm","previousOperationId":"l76o7xj5cyi5xa1","operationId":"l76o7xj5cyi5xa1","timestamp":1768533175655,"id":"bpjekxwnmqhaghb"}
