{"type":"operationStart","subtype":"profile","data":{"_id":"ZoklusltuCJFsw6z","timestamp":"2026-01-22T03:04:33.773Z","state":"queued","mode":"standard","creationDate":"2026-01-22T03:04:33.775Z","modificationDate":"2026-01-22T03:04:33.775Z","shortid":"xE_cRdl","$entitySet":"profiles"},"doDiffs":false,"timestamp":1769051073775,"id":"wvxrk1a72zvnivk","previousOperationId":null,"operationId":"enliunthb6sfkt5"}
{"type":"log","level":"info","message":"Render request 78 queued for execution and waiting for available worker","previousOperationId":"enliunthb6sfkt5","timestamp":1769051073775,"id":"5sxyo1fvo4h18g9"}
{"type":"operationStart","subtype":"render","name":"journal-entry-v1","previousOperationId":"enliunthb6sfkt5","timestamp":1769051073820,"id":"ru1gcbexkwhqk6y","previousEventId":"wvxrk1a72zvnivk","operationId":"aiwm3njqunezund"}
{"type":"log","timestamp":1769051073820,"level":"info","message":"Starting rendering request 78","meta":{"rootId":"cq3jsd1g6bs89bd","id":"cq3jsd1g6bs89bd"},"id":"hyvbyh29v5ny7e1","previousOperationId":"aiwm3njqunezund"}
{"type":"log","timestamp":1769051073820,"level":"info","message":"Rendering template { name: journal-entry-v1, recipe: chrome-pdf, engine: handlebars, preview: true }","meta":{"rootId":"cq3jsd1g6bs89bd","id":"cq3jsd1g6bs89bd"},"id":"9co8r3cjv8zifo4","previousOperationId":"aiwm3njqunezund"}
{"type":"log","timestamp":1769051073822,"level":"debug","message":"Inline data specified.","meta":{"rootId":"cq3jsd1g6bs89bd","id":"cq3jsd1g6bs89bd"},"id":"npica22svgra0fa","previousOperationId":"aiwm3njqunezund"}
{"type":"log","timestamp":1769051073827,"level":"debug","message":"Base url not specified, skipping its injection.","meta":{"rootId":"cq3jsd1g6bs89bd","id":"cq3jsd1g6bs89bd"},"id":"sa6y19ar86vmxtc","previousOperationId":"aiwm3njqunezund"}
{"type":"operationStart","subtype":"engine","name":"handlebars","timestamp":1769051073827,"id":"upq0mfjtefd1xdg","previousEventId":"ru1gcbexkwhqk6y","operationId":"p44i3cuo64gnwms","previousOperationId":"aiwm3njqunezund"}
{"type":"log","timestamp":1769051073827,"level":"debug","message":"Rendering engine handlebars","meta":{"rootId":"cq3jsd1g6bs89bd","id":"cq3jsd1g6bs89bd"},"id":"zc4dpxpgxe3xnne","previousOperationId":"p44i3cuo64gnwms"}
{"type":"operationEnd","operationId":"p44i3cuo64gnwms","timestamp":1769051073853,"id":"w7niai6zszlhu06","previousEventId":"upq0mfjtefd1xdg","previousOperationId":"p44i3cuo64gnwms"}
{"type":"operationStart","subtype":"recipe","name":"chrome-pdf","timestamp":1769051073853,"id":"rpg3nq4ntp1n2mq","previousEventId":"w7niai6zszlhu06","operationId":"4svrb880r14uxlb","previousOperationId":"p44i3cuo64gnwms"}
{"type":"log","timestamp":1769051073853,"level":"debug","message":"Executing recipe chrome-pdf","meta":{"rootId":"cq3jsd1g6bs89bd","id":"cq3jsd1g6bs89bd"},"id":"71t801nq026q4sh","previousOperationId":"4svrb880r14uxlb"}
{"type":"log","timestamp":1769051073863,"level":"debug","message":"Converting with chrome Chrome/142.0.7444.175 using chrome-pool strategy","meta":{"rootId":"cq3jsd1g6bs89bd","id":"cq3jsd1g6bs89bd"},"id":"gp1qqdj48e6u9gz","previousOperationId":"4svrb880r14uxlb"}
{"type":"log","timestamp":1769051073925,"level":"debug","message":"Page request: GET (document) file:///tmp/jsreport/autocleanup/40c999bb-71ab-407e-9f83-a9a8abdc313f-chrome-pdf.html","meta":{"rootId":"cq3jsd1g6bs89bd","id":"cq3jsd1g6bs89bd"},"id":"orva5anw5odkeze","previousOperationId":"4svrb880r14uxlb"}
{"type":"log","timestamp":1769051073943,"level":"debug","message":"Page request: GET (image) https://paciolibucket.s3.us-east-2.amazonaws.com/orgs/c64b69f6759a43a1bc0ae31961876751/companies/logos/e9767ff4-7186-447f-a397-208ea6bbfdb8_ninosfelices.png?X-Amz-Expires=600&X-Amz-Algorithm=AWS4-HMAC-SHA256&X-Amz-Credential=AKIAVYV5Z6T6UQ4ARWOC%2F20260122%2Fus-east-2%2Fs3%2Faws4_request&X-Amz-Date=20260122T030318Z&X-Amz-SignedHeaders=host&X-Amz-Signature=4851f1e7a803d5d23fccdb8bc0bf68881b7747266f0c871a333036053ff7d0f6","meta":{"rootId":"cq3jsd1g6bs89bd","id":"cq3jsd1g6bs89bd"},"id":"zh83ohvh6g7fnva","previousOperationId":"4svrb880r14uxlb"}
{"type":"log","timestamp":1769051073943,"level":"debug","message":"Page request finished: GET (document) 200 file:///tmp/jsreport/autocleanup/40c999bb-71ab-407e-9f83-a9a8abdc313f-chrome-pdf.html","meta":{"rootId":"cq3jsd1g6bs89bd","id":"cq3jsd1g6bs89bd"},"id":"men4ppp24weply9","previousOperationId":"4svrb880r14uxlb"}
{"type":"log","timestamp":1769051073951,"level":"debug","message":"Page request finished: GET (image) 200 https://paciolibucket.s3.us-east-2.amazonaws.com/orgs/c64b69f6759a43a1bc0ae31961876751/companies/logos/e9767ff4-7186-447f-a397-208ea6bbfdb8_ninosfelices.png?X-Amz-Expires=600&X-Amz-Algorithm=AWS4-HMAC-SHA256&X-Amz-Credential=AKIAVYV5Z6T6UQ4ARWOC%2F20260122%2Fus-east-2%2Fs3%2Faws4_request&X-Amz-Date=20260122T030318Z&X-Amz-SignedHeaders=host&X-Amz-Signature=4851f1e7a803d5d23fccdb8bc0bf68881b7747266f0c871a333036053ff7d0f6","meta":{"rootId":"cq3jsd1g6bs89bd","id":"cq3jsd1g6bs89bd"},"id":"64e05lzvc1kg8g7","previousOperationId":"4svrb880r14uxlb"}
{"type":"log","timestamp":1769051073994,"level":"debug","message":"Running chrome with params {\"printBackground\":true,\"timeout\":59911,\"margin\":{}}","meta":{"rootId":"cq3jsd1g6bs89bd","id":"cq3jsd1g6bs89bd"},"id":"8zuob3oy68pu5pc","previousOperationId":"4svrb880r14uxlb"}
{"type":"operationEnd","operationId":"4svrb880r14uxlb","timestamp":1769051074084,"id":"h0zcnmm65rkgz1w","previousEventId":"rpg3nq4ntp1n2mq","previousOperationId":"4svrb880r14uxlb"}
{"type":"log","timestamp":1769051074084,"level":"debug","message":"Skipping storing report.","meta":{"rootId":"cq3jsd1g6bs89bd","id":"cq3jsd1g6bs89bd"},"id":"anghf6wwgyk1xe4","previousOperationId":"4svrb880r14uxlb"}
{"type":"log","timestamp":1769051074085,"level":"info","message":"Rendering request 78 finished in 311 ms","meta":{"rootId":"cq3jsd1g6bs89bd","id":"cq3jsd1g6bs89bd"},"id":"hfat2o2uffhyz8n","previousOperationId":"4svrb880r14uxlb"}
{"type":"operationEnd","subtype":"render","operationId":"aiwm3njqunezund","timestamp":1769051074085,"id":"ymsuhiq8a8bq57j","previousEventId":"h0zcnmm65rkgz1w","previousOperationId":"4svrb880r14uxlb"}
{"type":"operationEnd","doDiffs":false,"previousEventId":"wvxrk1a72zvnivk","previousOperationId":"enliunthb6sfkt5","operationId":"enliunthb6sfkt5","timestamp":1769051074088,"id":"apu2lstf4mbtkk3"}
