{"type":"operationStart","subtype":"profile","data":{"_id":"BBlDLiYthmfBcX14","timestamp":"2026-01-22T02:00:54.513Z","state":"queued","mode":"standard","creationDate":"2026-01-22T02:00:54.540Z","modificationDate":"2026-01-22T02:00:54.540Z","shortid":"n8AnaHF","$entitySet":"profiles"},"doDiffs":false,"timestamp":1769047254521,"id":"3v327nkqwlobqvw","previousOperationId":null,"operationId":"fg2d16zguv5merx"}
{"type":"log","level":"info","message":"Render request 51 queued for execution and waiting for available worker","previousOperationId":"fg2d16zguv5merx","timestamp":1769047254522,"id":"scg2tbefwvcgr9u"}
{"type":"operationStart","subtype":"render","name":"journal-entry-v1","previousOperationId":"fg2d16zguv5merx","timestamp":1769047254645,"id":"zpycfxw5954gh0i","previousEventId":"3v327nkqwlobqvw","operationId":"bic7b3p25xhxsb9"}
{"type":"log","timestamp":1769047254651,"level":"info","message":"Starting rendering request 51","meta":{"rootId":"d6hbzikr5keuf60","id":"d6hbzikr5keuf60"},"id":"1snuxwh0nleyr5f","previousOperationId":"bic7b3p25xhxsb9"}
{"type":"log","timestamp":1769047254656,"level":"info","message":"Rendering template { name: journal-entry-v1, recipe: chrome-pdf, engine: handlebars, preview: false }","meta":{"rootId":"d6hbzikr5keuf60","id":"d6hbzikr5keuf60"},"id":"mwxfnyg1vd1d8mp","previousOperationId":"bic7b3p25xhxsb9"}
{"type":"log","timestamp":1769047254662,"level":"debug","message":"Inline data specified.","meta":{"rootId":"d6hbzikr5keuf60","id":"d6hbzikr5keuf60"},"id":"qal86xluzo3z655","previousOperationId":"bic7b3p25xhxsb9"}
{"type":"log","timestamp":1769047254671,"level":"debug","message":"Base url not specified, skipping its injection.","meta":{"rootId":"d6hbzikr5keuf60","id":"d6hbzikr5keuf60"},"id":"leeq5czuga51rju","previousOperationId":"bic7b3p25xhxsb9"}
{"type":"operationStart","subtype":"engine","name":"handlebars","timestamp":1769047254683,"id":"9qvk1buy866hbr3","previousEventId":"zpycfxw5954gh0i","operationId":"k9tw9ujrdgvcl8a","previousOperationId":"bic7b3p25xhxsb9"}
{"type":"log","timestamp":1769047254683,"level":"debug","message":"Rendering engine handlebars","meta":{"rootId":"d6hbzikr5keuf60","id":"d6hbzikr5keuf60"},"id":"oxgoabtah9rx81e","previousOperationId":"k9tw9ujrdgvcl8a"}
{"type":"operationEnd","operationId":"k9tw9ujrdgvcl8a","timestamp":1769047254915,"id":"ar7bcswphtuwt9r","previousEventId":"9qvk1buy866hbr3","previousOperationId":"k9tw9ujrdgvcl8a"}
{"type":"operationStart","subtype":"recipe","name":"chrome-pdf","timestamp":1769047254916,"id":"ln4lo3yl7v0mx1g","previousEventId":"ar7bcswphtuwt9r","operationId":"irggtvi55d42uap","previousOperationId":"k9tw9ujrdgvcl8a"}
{"type":"log","timestamp":1769047254916,"level":"debug","message":"Executing recipe chrome-pdf","meta":{"rootId":"d6hbzikr5keuf60","id":"d6hbzikr5keuf60"},"id":"7u1p3dwy24nez0w","previousOperationId":"irggtvi55d42uap"}
{"type":"log","timestamp":1769047254949,"level":"debug","message":"Converting with chrome Chrome/142.0.7444.175 using chrome-pool strategy","meta":{"rootId":"d6hbzikr5keuf60","id":"d6hbzikr5keuf60"},"id":"9chmflx6e9zwa2o","previousOperationId":"irggtvi55d42uap"}
{"type":"log","timestamp":1769047255443,"level":"debug","message":"Page request: GET (document) file:///tmp/jsreport/autocleanup/93412081-d0aa-48ea-9352-50cbfb3a99f1-chrome-pdf.html","meta":{"rootId":"d6hbzikr5keuf60","id":"d6hbzikr5keuf60"},"id":"6r5d5a2qk1t92qz","previousOperationId":"irggtvi55d42uap"}
{"type":"log","timestamp":1769047255489,"level":"debug","message":"Page request finished: GET (document) 200 file:///tmp/jsreport/autocleanup/93412081-d0aa-48ea-9352-50cbfb3a99f1-chrome-pdf.html","meta":{"rootId":"d6hbzikr5keuf60","id":"d6hbzikr5keuf60"},"id":"e8i4ltvu8bbtxps","previousOperationId":"irggtvi55d42uap"}
{"type":"log","timestamp":1769047255554,"level":"debug","message":"Running chrome with params {\"printBackground\":true,\"timeout\":59573,\"margin\":{}}","meta":{"rootId":"d6hbzikr5keuf60","id":"d6hbzikr5keuf60"},"id":"neet896gbu2zj65","previousOperationId":"irggtvi55d42uap"}
{"type":"operationEnd","operationId":"irggtvi55d42uap","timestamp":1769047255662,"id":"kljodroqey64x8n","previousEventId":"ln4lo3yl7v0mx1g","previousOperationId":"irggtvi55d42uap"}
{"type":"log","timestamp":1769047255662,"level":"debug","message":"Skipping storing report.","meta":{"rootId":"d6hbzikr5keuf60","id":"d6hbzikr5keuf60"},"id":"mdt013vow5wl9n1","previousOperationId":"irggtvi55d42uap"}
{"type":"log","timestamp":1769047255662,"level":"info","message":"Rendering request 51 finished in 1163 ms","meta":{"rootId":"d6hbzikr5keuf60","id":"d6hbzikr5keuf60"},"id":"n6eku7cbz65i9hl","previousOperationId":"irggtvi55d42uap"}
{"type":"operationEnd","subtype":"render","operationId":"bic7b3p25xhxsb9","timestamp":1769047255662,"id":"ihnzhqeapufmz9g","previousEventId":"kljodroqey64x8n","previousOperationId":"irggtvi55d42uap"}
{"type":"operationEnd","doDiffs":false,"previousEventId":"3v327nkqwlobqvw","previousOperationId":"fg2d16zguv5merx","operationId":"fg2d16zguv5merx","timestamp":1769047255666,"id":"flx2ausffm86a99"}
