{"type":"operationStart","subtype":"profile","data":{"_id":"q5jzohJYX2PEi92r","timestamp":"2026-01-22T03:11:07.618Z","state":"queued","mode":"standard","creationDate":"2026-01-22T03:11:07.620Z","modificationDate":"2026-01-22T03:11:07.620Z","shortid":"ywdb04C","$entitySet":"profiles"},"doDiffs":false,"timestamp":1769051467619,"id":"s7p4bf1cuep2pik","previousOperationId":null,"operationId":"ulnbdkfou84rbdo"}
{"type":"log","level":"info","message":"Render request 83 queued for execution and waiting for available worker","previousOperationId":"ulnbdkfou84rbdo","timestamp":1769051467619,"id":"m3lhmrhxerizi76"}
{"type":"operationStart","subtype":"render","name":"journal-entry-v1","previousOperationId":"ulnbdkfou84rbdo","timestamp":1769051467694,"id":"1i1mqptggu0bmdp","previousEventId":"s7p4bf1cuep2pik","operationId":"3wwak0aegf9hnjh"}
{"type":"log","timestamp":1769051467699,"level":"info","message":"Starting rendering request 83","meta":{"rootId":"d6wi70v0f4y7s3y","id":"d6wi70v0f4y7s3y"},"id":"nehocbt38gcw496","previousOperationId":"3wwak0aegf9hnjh"}
{"type":"log","timestamp":1769051467706,"level":"info","message":"Rendering template { name: journal-entry-v1, recipe: chrome-pdf, engine: handlebars, preview: false }","meta":{"rootId":"d6wi70v0f4y7s3y","id":"d6wi70v0f4y7s3y"},"id":"upf1ibnv4ej7qhl","previousOperationId":"3wwak0aegf9hnjh"}
{"type":"log","timestamp":1769051467718,"level":"debug","message":"Inline data specified.","meta":{"rootId":"d6wi70v0f4y7s3y","id":"d6wi70v0f4y7s3y"},"id":"pppg3160wj7gu8n","previousOperationId":"3wwak0aegf9hnjh"}
{"type":"log","timestamp":1769051467727,"level":"debug","message":"Base url not specified, skipping its injection.","meta":{"rootId":"d6wi70v0f4y7s3y","id":"d6wi70v0f4y7s3y"},"id":"s1ncfybu3re7t1m","previousOperationId":"3wwak0aegf9hnjh"}
{"type":"operationStart","subtype":"engine","name":"handlebars","timestamp":1769051467739,"id":"9eptb8gcto33d90","previousEventId":"1i1mqptggu0bmdp","operationId":"0v5eyrj35uwf4e7","previousOperationId":"3wwak0aegf9hnjh"}
{"type":"log","timestamp":1769051467739,"level":"debug","message":"Rendering engine handlebars","meta":{"rootId":"d6wi70v0f4y7s3y","id":"d6wi70v0f4y7s3y"},"id":"bp2ijil7vd3e3ej","previousOperationId":"0v5eyrj35uwf4e7"}
{"type":"operationEnd","operationId":"0v5eyrj35uwf4e7","timestamp":1769051467832,"id":"p0h8y7jmjaaugsu","previousEventId":"9eptb8gcto33d90","previousOperationId":"0v5eyrj35uwf4e7"}
{"type":"operationStart","subtype":"recipe","name":"chrome-pdf","timestamp":1769051467835,"id":"fads3aa0i07y88w","previousEventId":"p0h8y7jmjaaugsu","operationId":"j633nz3unubuaix","previousOperationId":"0v5eyrj35uwf4e7"}
{"type":"log","timestamp":1769051467835,"level":"debug","message":"Executing recipe chrome-pdf","meta":{"rootId":"d6wi70v0f4y7s3y","id":"d6wi70v0f4y7s3y"},"id":"zkuzrr3tykr69r1","previousOperationId":"j633nz3unubuaix"}
{"type":"log","timestamp":1769051467875,"level":"debug","message":"Converting with chrome Chrome/142.0.7444.175 using chrome-pool strategy","meta":{"rootId":"d6wi70v0f4y7s3y","id":"d6wi70v0f4y7s3y"},"id":"yg8d9fxjdsztzz1","previousOperationId":"j633nz3unubuaix"}
{"type":"log","timestamp":1769051468060,"level":"debug","message":"Page request: GET (document) file:///tmp/jsreport/autocleanup/3abcc2a1-e9ee-4cbc-bea3-a5a5ad7d355f-chrome-pdf.html","meta":{"rootId":"d6wi70v0f4y7s3y","id":"d6wi70v0f4y7s3y"},"id":"cvzqjx3v9zj0tsl","previousOperationId":"j633nz3unubuaix"}
{"type":"log","timestamp":1769051468082,"level":"debug","message":"Page request finished: GET (document) 200 file:///tmp/jsreport/autocleanup/3abcc2a1-e9ee-4cbc-bea3-a5a5ad7d355f-chrome-pdf.html","meta":{"rootId":"d6wi70v0f4y7s3y","id":"d6wi70v0f4y7s3y"},"id":"24morj07uhdku40","previousOperationId":"j633nz3unubuaix"}
{"type":"log","timestamp":1769051468120,"level":"debug","message":"Running chrome with params {\"printBackground\":true,\"timeout\":59772,\"margin\":{}}","meta":{"rootId":"d6wi70v0f4y7s3y","id":"d6wi70v0f4y7s3y"},"id":"u1xpn84nqohslmg","previousOperationId":"j633nz3unubuaix"}
{"type":"operationEnd","operationId":"j633nz3unubuaix","timestamp":1769051468205,"id":"i92snqyy4pnppjb","previousEventId":"fads3aa0i07y88w","previousOperationId":"j633nz3unubuaix"}
{"type":"log","timestamp":1769051468205,"level":"debug","message":"Skipping storing report.","meta":{"rootId":"d6wi70v0f4y7s3y","id":"d6wi70v0f4y7s3y"},"id":"qu71y6ij1m8ctuw","previousOperationId":"j633nz3unubuaix"}
{"type":"log","timestamp":1769051468206,"level":"info","message":"Rendering request 83 finished in 588 ms","meta":{"rootId":"d6wi70v0f4y7s3y","id":"d6wi70v0f4y7s3y"},"id":"n733e4z1gu1gf8z","previousOperationId":"j633nz3unubuaix"}
{"type":"operationEnd","subtype":"render","operationId":"3wwak0aegf9hnjh","timestamp":1769051468206,"id":"sr4lti91k70c6pk","previousEventId":"i92snqyy4pnppjb","previousOperationId":"j633nz3unubuaix"}
{"type":"operationEnd","doDiffs":false,"previousEventId":"s7p4bf1cuep2pik","previousOperationId":"ulnbdkfou84rbdo","operationId":"ulnbdkfou84rbdo","timestamp":1769051468207,"id":"3809046oef4ii8w"}
