{"type":"operationStart","subtype":"profile","data":{"_id":"RQKATjkLY4owOGZD","timestamp":"2026-02-17T20:59:05.792Z","state":"queued","mode":"standard","creationDate":"2026-02-17T20:59:05.822Z","modificationDate":"2026-02-17T20:59:05.822Z","shortid":"NvsP7eS","$entitySet":"profiles"},"doDiffs":false,"timestamp":1771361945803,"id":"bns4l2txba4w5og","previousOperationId":null,"operationId":"f3jn0d804445uqp"}
{"type":"log","level":"info","message":"Render request 26 queued for execution and waiting for available worker","previousOperationId":"f3jn0d804445uqp","timestamp":1771361945804,"id":"74artirym7j9nc7"}
{"type":"operationStart","subtype":"render","name":"journal-entry-v1","previousOperationId":"f3jn0d804445uqp","timestamp":1771361945929,"id":"ycph0vxnk76fh05","previousEventId":"bns4l2txba4w5og","operationId":"uf5uv9xqtc8f7ix"}
{"type":"log","timestamp":1771361945938,"level":"info","message":"Starting rendering request 26","meta":{"rootId":"dblvqhyv13s2x9s","id":"dblvqhyv13s2x9s"},"id":"a1hbjvpghw7qf7x","previousOperationId":"uf5uv9xqtc8f7ix"}
{"type":"log","timestamp":1771361945943,"level":"info","message":"Rendering template { name: journal-entry-v1, recipe: chrome-pdf, engine: handlebars, preview: false }","meta":{"rootId":"dblvqhyv13s2x9s","id":"dblvqhyv13s2x9s"},"id":"bb8b7i1jh8q6jcr","previousOperationId":"uf5uv9xqtc8f7ix"}
{"type":"log","timestamp":1771361945951,"level":"debug","message":"Inline data specified.","meta":{"rootId":"dblvqhyv13s2x9s","id":"dblvqhyv13s2x9s"},"id":"ukxdn7izs7bndk0","previousOperationId":"uf5uv9xqtc8f7ix"}
{"type":"log","timestamp":1771361945959,"level":"debug","message":"Base url not specified, skipping its injection.","meta":{"rootId":"dblvqhyv13s2x9s","id":"dblvqhyv13s2x9s"},"id":"8eyzizjocdf8nnw","previousOperationId":"uf5uv9xqtc8f7ix"}
{"type":"operationStart","subtype":"engine","name":"handlebars","timestamp":1771361945975,"id":"7wqnx6xbpt1qki4","previousEventId":"ycph0vxnk76fh05","operationId":"kkq3binsal0p67q","previousOperationId":"uf5uv9xqtc8f7ix"}
{"type":"log","timestamp":1771361945975,"level":"debug","message":"Rendering engine handlebars","meta":{"rootId":"dblvqhyv13s2x9s","id":"dblvqhyv13s2x9s"},"id":"lqamuv2bo94qh2z","previousOperationId":"kkq3binsal0p67q"}
{"type":"operationEnd","operationId":"kkq3binsal0p67q","timestamp":1771361946094,"id":"q797kvf1ipzsr49","previousEventId":"7wqnx6xbpt1qki4","previousOperationId":"kkq3binsal0p67q"}
{"type":"operationStart","subtype":"recipe","name":"chrome-pdf","timestamp":1771361946098,"id":"4fdnnozqv9e80rb","previousEventId":"q797kvf1ipzsr49","operationId":"zbvwzy4t25q5go7","previousOperationId":"kkq3binsal0p67q"}
{"type":"log","timestamp":1771361946098,"level":"debug","message":"Executing recipe chrome-pdf","meta":{"rootId":"dblvqhyv13s2x9s","id":"dblvqhyv13s2x9s"},"id":"stf8clecozkux4j","previousOperationId":"zbvwzy4t25q5go7"}
{"type":"log","timestamp":1771361946153,"level":"debug","message":"Converting with chrome Chrome/142.0.7444.175 using chrome-pool strategy","meta":{"rootId":"dblvqhyv13s2x9s","id":"dblvqhyv13s2x9s"},"id":"eevn8ewjh7ehafj","previousOperationId":"zbvwzy4t25q5go7"}
{"type":"log","timestamp":1771361946841,"level":"debug","message":"Page request: GET (document) file:///tmp/jsreport/autocleanup/bb66c3a6-5b60-47fa-9082-48bfbdd8abb7-chrome-pdf.html","meta":{"rootId":"dblvqhyv13s2x9s","id":"dblvqhyv13s2x9s"},"id":"vzkdxca8mtvz1sj","previousOperationId":"zbvwzy4t25q5go7"}
{"type":"log","timestamp":1771361946892,"level":"debug","message":"Page request finished: GET (document) 200 file:///tmp/jsreport/autocleanup/bb66c3a6-5b60-47fa-9082-48bfbdd8abb7-chrome-pdf.html","meta":{"rootId":"dblvqhyv13s2x9s","id":"dblvqhyv13s2x9s"},"id":"r6fkrhvj4igy672","previousOperationId":"zbvwzy4t25q5go7"}
{"type":"log","timestamp":1771361946896,"level":"debug","message":"Page request: GET (image) https://paciolibucket.s3.us-east-2.amazonaws.com/orgs/c64b69f6759a43a1bc0ae31961876751/companies/logos/e9767ff4-7186-447f-a397-208ea6bbfdb8_ninosfelices.png?X-Amz-Expires=600&X-Amz-Algorithm=AWS4-HMAC-SHA256&X-Amz-Credential=AKIAVYV5Z6T6UQ4ARWOC%2F20260217%2Fus-east-2%2Fs3%2Faws4_request&X-Amz-Date=20260217T205905Z&X-Amz-SignedHeaders=host&X-Amz-Signature=505159d78c88e948427ab32c92cba7362ab770d567b2331a8bdbeaa07242aa06","meta":{"rootId":"dblvqhyv13s2x9s","id":"dblvqhyv13s2x9s"},"id":"dmijfks1mmjz7b7","previousOperationId":"zbvwzy4t25q5go7"}
{"type":"log","timestamp":1771361947632,"level":"debug","message":"Page request finished: GET (image) 200 https://paciolibucket.s3.us-east-2.amazonaws.com/orgs/c64b69f6759a43a1bc0ae31961876751/companies/logos/e9767ff4-7186-447f-a397-208ea6bbfdb8_ninosfelices.png?X-Amz-Expires=600&X-Amz-Algorithm=AWS4-HMAC-SHA256&X-Amz-Credential=AKIAVYV5Z6T6UQ4ARWOC%2F20260217%2Fus-east-2%2Fs3%2Faws4_request&X-Amz-Date=20260217T205905Z&X-Amz-SignedHeaders=host&X-Amz-Signature=505159d78c88e948427ab32c92cba7362ab770d567b2331a8bdbeaa07242aa06","meta":{"rootId":"dblvqhyv13s2x9s","id":"dblvqhyv13s2x9s"},"id":"nja9d7vkxm26d9l","previousOperationId":"zbvwzy4t25q5go7"}
{"type":"log","timestamp":1771361947637,"level":"debug","message":"Running chrome with params {\"printBackground\":true,\"timeout\":59667,\"margin\":{}}","meta":{"rootId":"dblvqhyv13s2x9s","id":"dblvqhyv13s2x9s"},"id":"zxsp9xu23h6a4tr","previousOperationId":"zbvwzy4t25q5go7"}
{"type":"operationEnd","operationId":"zbvwzy4t25q5go7","timestamp":1771361947787,"id":"ve8hsoxcvu45iae","previousEventId":"4fdnnozqv9e80rb","previousOperationId":"zbvwzy4t25q5go7"}
{"type":"log","timestamp":1771361947788,"level":"debug","message":"Skipping storing report.","meta":{"rootId":"dblvqhyv13s2x9s","id":"dblvqhyv13s2x9s"},"id":"txk9iiqivrpfw7w","previousOperationId":"zbvwzy4t25q5go7"}
{"type":"log","timestamp":1771361947788,"level":"info","message":"Rendering request 26 finished in 2006 ms","meta":{"rootId":"dblvqhyv13s2x9s","id":"dblvqhyv13s2x9s"},"id":"t8bxno9iiuibo1z","previousOperationId":"zbvwzy4t25q5go7"}
{"type":"operationEnd","subtype":"render","operationId":"uf5uv9xqtc8f7ix","timestamp":1771361947788,"id":"la6afvaxkzf8jig","previousEventId":"ve8hsoxcvu45iae","previousOperationId":"zbvwzy4t25q5go7"}
{"type":"operationEnd","doDiffs":false,"previousEventId":"bns4l2txba4w5og","previousOperationId":"f3jn0d804445uqp","operationId":"f3jn0d804445uqp","timestamp":1771361947791,"id":"1abvatxxg9e6gky"}
