{"type":"operationStart","subtype":"profile","data":{"_id":"SDbbnuwehDSeZazD","timestamp":"2026-03-01T15:51:16.117Z","state":"queued","mode":"standard","creationDate":"2026-03-01T15:51:16.121Z","modificationDate":"2026-03-01T15:51:16.121Z","shortid":"3FQTR3W","$entitySet":"profiles"},"doDiffs":false,"timestamp":1772380276120,"id":"k8iw4kahux1z5s5","previousOperationId":null,"operationId":"9ibxt3we90uxr5m"}
{"type":"log","level":"info","message":"Render request 2 queued for execution and waiting for available worker","previousOperationId":"9ibxt3we90uxr5m","timestamp":1772380276120,"id":"eyvclhagmcak628"}
{"type":"operationStart","subtype":"render","name":"journal-entry-v1","previousOperationId":"9ibxt3we90uxr5m","timestamp":1772380276182,"id":"ozqfqn888w97ac5","previousEventId":"k8iw4kahux1z5s5","operationId":"kyxdjp2fgkw4ode"}
{"type":"log","timestamp":1772380276184,"level":"info","message":"Starting rendering request 2","meta":{"rootId":"dko3xdbzlt6iwpu","id":"dko3xdbzlt6iwpu"},"id":"kujdkrqfo6fg6hr","previousOperationId":"kyxdjp2fgkw4ode"}
{"type":"log","timestamp":1772380276187,"level":"info","message":"Rendering template { name: journal-entry-v1, recipe: chrome-pdf, engine: handlebars, preview: false }","meta":{"rootId":"dko3xdbzlt6iwpu","id":"dko3xdbzlt6iwpu"},"id":"9nlbk0b98twuzau","previousOperationId":"kyxdjp2fgkw4ode"}
{"type":"log","timestamp":1772380276192,"level":"debug","message":"Inline data specified.","meta":{"rootId":"dko3xdbzlt6iwpu","id":"dko3xdbzlt6iwpu"},"id":"eyzwegka9k5ygvz","previousOperationId":"kyxdjp2fgkw4ode"}
{"type":"log","timestamp":1772380276197,"level":"debug","message":"Base url not specified, skipping its injection.","meta":{"rootId":"dko3xdbzlt6iwpu","id":"dko3xdbzlt6iwpu"},"id":"trdef14hp5nv7wv","previousOperationId":"kyxdjp2fgkw4ode"}
{"type":"operationStart","subtype":"engine","name":"handlebars","timestamp":1772380276199,"id":"yzv2rf322s96tt8","previousEventId":"ozqfqn888w97ac5","operationId":"ltiml9aa3en963v","previousOperationId":"kyxdjp2fgkw4ode"}
{"type":"log","timestamp":1772380276199,"level":"debug","message":"Rendering engine handlebars","meta":{"rootId":"dko3xdbzlt6iwpu","id":"dko3xdbzlt6iwpu"},"id":"xt4b0ehgiewwsx8","previousOperationId":"ltiml9aa3en963v"}
{"type":"operationEnd","operationId":"ltiml9aa3en963v","timestamp":1772380276999,"id":"cdsjqnh5xox8k39","previousEventId":"yzv2rf322s96tt8","previousOperationId":"ltiml9aa3en963v"}
{"type":"operationStart","subtype":"recipe","name":"chrome-pdf","timestamp":1772380276999,"id":"dymllfmo7sse4so","previousEventId":"cdsjqnh5xox8k39","operationId":"6ucio6cp6aksy7m","previousOperationId":"ltiml9aa3en963v"}
{"type":"log","timestamp":1772380277000,"level":"debug","message":"Executing recipe chrome-pdf","meta":{"rootId":"dko3xdbzlt6iwpu","id":"dko3xdbzlt6iwpu"},"id":"hzfweh7o05o307h","previousOperationId":"6ucio6cp6aksy7m"}
{"type":"log","timestamp":1772380277551,"level":"debug","message":"Converting with chrome Chrome/142.0.7444.175 using chrome-pool strategy","meta":{"rootId":"dko3xdbzlt6iwpu","id":"dko3xdbzlt6iwpu"},"id":"x4150o5wm4ra19o","previousOperationId":"6ucio6cp6aksy7m"}
{"type":"log","timestamp":1772380277652,"level":"debug","message":"Page request: GET (document) file:///tmp/jsreport/autocleanup/b71924ab-8274-403a-b2b7-d301419387e7-chrome-pdf.html","meta":{"rootId":"dko3xdbzlt6iwpu","id":"dko3xdbzlt6iwpu"},"id":"7bexyk00khlg4pt","previousOperationId":"6ucio6cp6aksy7m"}
{"type":"log","timestamp":1772380277665,"level":"debug","message":"Page request finished: GET (document) 200 file:///tmp/jsreport/autocleanup/b71924ab-8274-403a-b2b7-d301419387e7-chrome-pdf.html","meta":{"rootId":"dko3xdbzlt6iwpu","id":"dko3xdbzlt6iwpu"},"id":"mhprdle7ux4q8sa","previousOperationId":"6ucio6cp6aksy7m"}
{"type":"log","timestamp":1772380277666,"level":"debug","message":"Page request: GET (image) https://paciolibucket.s3.us-east-2.amazonaws.com/orgs/c64b69f6759a43a1bc0ae31961876751/companies/logos/b6e6bbb3-4217-4336-88b7-161c9ce34ada_Applicorp%20Logo.png?X-Amz-Expires=600&X-Amz-Algorithm=AWS4-HMAC-SHA256&X-Amz-Credential=AKIAVYV5Z6T6UQ4ARWOC%2F20260301%2Fus-east-2%2Fs3%2Faws4_request&X-Amz-Date=20260301T155115Z&X-Amz-SignedHeaders=host&X-Amz-Signature=dbf9504e96905378c79bc76363c689c2c556c7e434d4d9c1b8741b6a1fd5ea55","meta":{"rootId":"dko3xdbzlt6iwpu","id":"dko3xdbzlt6iwpu"},"id":"w8vnxyskrd5xnf3","previousOperationId":"6ucio6cp6aksy7m"}
{"type":"log","timestamp":1772380278134,"level":"debug","message":"Page request finished: GET (image) 200 https://paciolibucket.s3.us-east-2.amazonaws.com/orgs/c64b69f6759a43a1bc0ae31961876751/companies/logos/b6e6bbb3-4217-4336-88b7-161c9ce34ada_Applicorp%20Logo.png?X-Amz-Expires=600&X-Amz-Algorithm=AWS4-HMAC-SHA256&X-Amz-Credential=AKIAVYV5Z6T6UQ4ARWOC%2F20260301%2Fus-east-2%2Fs3%2Faws4_request&X-Amz-Date=20260301T155115Z&X-Amz-SignedHeaders=host&X-Amz-Signature=dbf9504e96905378c79bc76363c689c2c556c7e434d4d9c1b8741b6a1fd5ea55","meta":{"rootId":"dko3xdbzlt6iwpu","id":"dko3xdbzlt6iwpu"},"id":"5ztg2fv6q3qsj7d","previousOperationId":"6ucio6cp6aksy7m"}
{"type":"log","timestamp":1772380278137,"level":"debug","message":"Running chrome with params {\"printBackground\":true,\"timeout\":59110,\"margin\":{}}","meta":{"rootId":"dko3xdbzlt6iwpu","id":"dko3xdbzlt6iwpu"},"id":"st0geg2mb24qklr","previousOperationId":"6ucio6cp6aksy7m"}
{"type":"operationEnd","operationId":"6ucio6cp6aksy7m","timestamp":1772380278198,"id":"fapt9ywwfh6b7bb","previousEventId":"dymllfmo7sse4so","previousOperationId":"6ucio6cp6aksy7m"}
{"type":"log","timestamp":1772380278199,"level":"debug","message":"Skipping storing report.","meta":{"rootId":"dko3xdbzlt6iwpu","id":"dko3xdbzlt6iwpu"},"id":"eo1vhhc3fm44q08","previousOperationId":"6ucio6cp6aksy7m"}
{"type":"log","timestamp":1772380278199,"level":"info","message":"Rendering request 2 finished in 2083 ms","meta":{"rootId":"dko3xdbzlt6iwpu","id":"dko3xdbzlt6iwpu"},"id":"0e753sibpq6p1rx","previousOperationId":"6ucio6cp6aksy7m"}
{"type":"operationEnd","subtype":"render","operationId":"kyxdjp2fgkw4ode","timestamp":1772380278199,"id":"rd0jrsbb2ovmztt","previousEventId":"fapt9ywwfh6b7bb","previousOperationId":"6ucio6cp6aksy7m"}
{"type":"operationEnd","doDiffs":false,"previousEventId":"k8iw4kahux1z5s5","previousOperationId":"9ibxt3we90uxr5m","operationId":"9ibxt3we90uxr5m","timestamp":1772380278200,"id":"ujpd1pm7r6fbi3j"}
