{"type":"operationStart","subtype":"profile","data":{"_id":"KOwJZXYTzRhB5oKL","timestamp":"2026-01-22T02:31:49.878Z","state":"queued","mode":"standard","creationDate":"2026-01-22T02:31:49.888Z","modificationDate":"2026-01-22T02:31:49.888Z","shortid":"UTnY_SZ","$entitySet":"profiles"},"doDiffs":false,"timestamp":1769049109881,"id":"kavdrmf1z1xsj5c","previousOperationId":null,"operationId":"10jnk6y6w6tj0ib"}
{"type":"log","level":"info","message":"Render request 62 queued for execution and waiting for available worker","previousOperationId":"10jnk6y6w6tj0ib","timestamp":1769049109882,"id":"6qn1xhvkh7iwwn7"}
{"type":"operationStart","subtype":"render","name":"journal-entry-v1","previousOperationId":"10jnk6y6w6tj0ib","timestamp":1769049109953,"id":"saqirjr4dmsjfj2","previousEventId":"kavdrmf1z1xsj5c","operationId":"8ijbhbswqxw76qq"}
{"type":"log","timestamp":1769049109956,"level":"info","message":"Starting rendering request 62","meta":{"rootId":"dlmbf15i85drr0n","id":"dlmbf15i85drr0n"},"id":"u7ukwicao70g7te","previousOperationId":"8ijbhbswqxw76qq"}
{"type":"log","timestamp":1769049109958,"level":"info","message":"Rendering template { name: journal-entry-v1, recipe: chrome-pdf, engine: handlebars, preview: false }","meta":{"rootId":"dlmbf15i85drr0n","id":"dlmbf15i85drr0n"},"id":"z7ltqcynrwnyeiu","previousOperationId":"8ijbhbswqxw76qq"}
{"type":"log","timestamp":1769049109961,"level":"debug","message":"Inline data specified.","meta":{"rootId":"dlmbf15i85drr0n","id":"dlmbf15i85drr0n"},"id":"6thqj9uaqen3p72","previousOperationId":"8ijbhbswqxw76qq"}
{"type":"log","timestamp":1769049109983,"level":"debug","message":"Base url not specified, skipping its injection.","meta":{"rootId":"dlmbf15i85drr0n","id":"dlmbf15i85drr0n"},"id":"hkyaqlkijxfxezh","previousOperationId":"8ijbhbswqxw76qq"}
{"type":"operationStart","subtype":"engine","name":"handlebars","timestamp":1769049109988,"id":"80u73ryq5124z40","previousEventId":"saqirjr4dmsjfj2","operationId":"9a5ck1q99fqf27s","previousOperationId":"8ijbhbswqxw76qq"}
{"type":"log","timestamp":1769049109988,"level":"debug","message":"Rendering engine handlebars","meta":{"rootId":"dlmbf15i85drr0n","id":"dlmbf15i85drr0n"},"id":"8wcujgo974w2taf","previousOperationId":"9a5ck1q99fqf27s"}
{"type":"operationEnd","operationId":"9a5ck1q99fqf27s","timestamp":1769049110050,"id":"gavqjocjgiyezd4","previousEventId":"80u73ryq5124z40","previousOperationId":"9a5ck1q99fqf27s"}
{"type":"operationStart","subtype":"recipe","name":"chrome-pdf","timestamp":1769049110052,"id":"4f9by4elsk50zyq","previousEventId":"gavqjocjgiyezd4","operationId":"rumtxaselyu8xvm","previousOperationId":"9a5ck1q99fqf27s"}
{"type":"log","timestamp":1769049110052,"level":"debug","message":"Executing recipe chrome-pdf","meta":{"rootId":"dlmbf15i85drr0n","id":"dlmbf15i85drr0n"},"id":"xuz6uy0bs8meqwp","previousOperationId":"rumtxaselyu8xvm"}
{"type":"log","timestamp":1769049110076,"level":"debug","message":"Converting with chrome Chrome/142.0.7444.175 using chrome-pool strategy","meta":{"rootId":"dlmbf15i85drr0n","id":"dlmbf15i85drr0n"},"id":"47887gv6jx9t6eq","previousOperationId":"rumtxaselyu8xvm"}
{"type":"log","timestamp":1769049110250,"level":"debug","message":"Page request: GET (document) file:///tmp/jsreport/autocleanup/9a86a75a-54c8-40b2-9347-62b7116fd703-chrome-pdf.html","meta":{"rootId":"dlmbf15i85drr0n","id":"dlmbf15i85drr0n"},"id":"in25h6ju202yw53","previousOperationId":"rumtxaselyu8xvm"}
{"type":"log","timestamp":1769049110275,"level":"debug","message":"Page request finished: GET (document) 200 file:///tmp/jsreport/autocleanup/9a86a75a-54c8-40b2-9347-62b7116fd703-chrome-pdf.html","meta":{"rootId":"dlmbf15i85drr0n","id":"dlmbf15i85drr0n"},"id":"yi1hg0r666cou98","previousOperationId":"rumtxaselyu8xvm"}
{"type":"log","timestamp":1769049110304,"level":"debug","message":"Running chrome with params {\"printBackground\":true,\"timeout\":59813,\"margin\":{}}","meta":{"rootId":"dlmbf15i85drr0n","id":"dlmbf15i85drr0n"},"id":"hps6sc5fmbdar7n","previousOperationId":"rumtxaselyu8xvm"}
{"type":"operationEnd","operationId":"rumtxaselyu8xvm","timestamp":1769049110389,"id":"aye4snjgu61w5w3","previousEventId":"4f9by4elsk50zyq","previousOperationId":"rumtxaselyu8xvm"}
{"type":"log","timestamp":1769049110390,"level":"debug","message":"Skipping storing report.","meta":{"rootId":"dlmbf15i85drr0n","id":"dlmbf15i85drr0n"},"id":"vh8giaab7rb17jt","previousOperationId":"rumtxaselyu8xvm"}
{"type":"log","timestamp":1769049110390,"level":"info","message":"Rendering request 62 finished in 517 ms","meta":{"rootId":"dlmbf15i85drr0n","id":"dlmbf15i85drr0n"},"id":"3xl92lgtrtinuz0","previousOperationId":"rumtxaselyu8xvm"}
{"type":"operationEnd","subtype":"render","operationId":"8ijbhbswqxw76qq","timestamp":1769049110390,"id":"ol7mid3ln8ffh6n","previousEventId":"aye4snjgu61w5w3","previousOperationId":"rumtxaselyu8xvm"}
{"type":"operationEnd","doDiffs":false,"previousEventId":"kavdrmf1z1xsj5c","previousOperationId":"10jnk6y6w6tj0ib","operationId":"10jnk6y6w6tj0ib","timestamp":1769049110392,"id":"wjy7m0wq42wn0xf"}
