{"type":"operationStart","subtype":"profile","data":{"_id":"AxEJg1pys31y8Hed","timestamp":"2026-01-22T02:30:25.053Z","state":"queued","mode":"standard","creationDate":"2026-01-22T02:30:25.055Z","modificationDate":"2026-01-22T02:30:25.055Z","shortid":"Ojff17e","$entitySet":"profiles"},"doDiffs":false,"timestamp":1769049025055,"id":"s0565hg4di7tiq5","previousOperationId":null,"operationId":"y7p3phyj9024i7e"}
{"type":"log","level":"info","message":"Render request 61 queued for execution and waiting for available worker","previousOperationId":"y7p3phyj9024i7e","timestamp":1769049025055,"id":"9tqeo27oklhk6xi"}
{"type":"operationStart","subtype":"render","name":"journal-entry-v1","previousOperationId":"y7p3phyj9024i7e","timestamp":1769049025125,"id":"h7kdhp6lqnmb958","previousEventId":"s0565hg4di7tiq5","operationId":"zoai145bivz72ch"}
{"type":"log","timestamp":1769049025130,"level":"info","message":"Starting rendering request 61","meta":{"rootId":"e3e2ugdp1tbab24","id":"e3e2ugdp1tbab24"},"id":"fhssb4aaaphg7n5","previousOperationId":"zoai145bivz72ch"}
{"type":"log","timestamp":1769049025134,"level":"info","message":"Rendering template { name: journal-entry-v1, recipe: chrome-pdf, engine: handlebars, preview: false }","meta":{"rootId":"e3e2ugdp1tbab24","id":"e3e2ugdp1tbab24"},"id":"y4iu9eyh9bwelhq","previousOperationId":"zoai145bivz72ch"}
{"type":"log","timestamp":1769049025140,"level":"debug","message":"Inline data specified.","meta":{"rootId":"e3e2ugdp1tbab24","id":"e3e2ugdp1tbab24"},"id":"buk5tcyhew9el9s","previousOperationId":"zoai145bivz72ch"}
{"type":"log","timestamp":1769049025151,"level":"debug","message":"Base url not specified, skipping its injection.","meta":{"rootId":"e3e2ugdp1tbab24","id":"e3e2ugdp1tbab24"},"id":"zo0uck1xtyt0shy","previousOperationId":"zoai145bivz72ch"}
{"type":"operationStart","subtype":"engine","name":"handlebars","timestamp":1769049025163,"id":"nhglceuqq6g5wib","previousEventId":"h7kdhp6lqnmb958","operationId":"r3ugv28veepef3i","previousOperationId":"zoai145bivz72ch"}
{"type":"log","timestamp":1769049025163,"level":"debug","message":"Rendering engine handlebars","meta":{"rootId":"e3e2ugdp1tbab24","id":"e3e2ugdp1tbab24"},"id":"edbqqefvfn8038m","previousOperationId":"r3ugv28veepef3i"}
{"type":"operationEnd","operationId":"r3ugv28veepef3i","timestamp":1769049025259,"id":"vytbrz8uuw9a3e8","previousEventId":"nhglceuqq6g5wib","previousOperationId":"r3ugv28veepef3i"}
{"type":"operationStart","subtype":"recipe","name":"chrome-pdf","timestamp":1769049025262,"id":"yycpfr7hvvc0ymb","previousEventId":"vytbrz8uuw9a3e8","operationId":"2heeirkfjjx8aax","previousOperationId":"r3ugv28veepef3i"}
{"type":"log","timestamp":1769049025262,"level":"debug","message":"Executing recipe chrome-pdf","meta":{"rootId":"e3e2ugdp1tbab24","id":"e3e2ugdp1tbab24"},"id":"xpo3lomjnqintpy","previousOperationId":"2heeirkfjjx8aax"}
{"type":"log","timestamp":1769049025295,"level":"debug","message":"Converting with chrome Chrome/142.0.7444.175 using chrome-pool strategy","meta":{"rootId":"e3e2ugdp1tbab24","id":"e3e2ugdp1tbab24"},"id":"b6u3re8ewi6hszs","previousOperationId":"2heeirkfjjx8aax"}
{"type":"log","timestamp":1769049025497,"level":"debug","message":"Page request: GET (document) file:///tmp/jsreport/autocleanup/abe18b05-d587-4adb-9436-3d87fcd43caf-chrome-pdf.html","meta":{"rootId":"e3e2ugdp1tbab24","id":"e3e2ugdp1tbab24"},"id":"v0rpp4xvhrera6b","previousOperationId":"2heeirkfjjx8aax"}
{"type":"log","timestamp":1769049025514,"level":"debug","message":"Page request finished: GET (document) 200 file:///tmp/jsreport/autocleanup/abe18b05-d587-4adb-9436-3d87fcd43caf-chrome-pdf.html","meta":{"rootId":"e3e2ugdp1tbab24","id":"e3e2ugdp1tbab24"},"id":"xs06dy15sbv1okj","previousOperationId":"2heeirkfjjx8aax"}
{"type":"log","timestamp":1769049025543,"level":"debug","message":"Running chrome with params {\"printBackground\":true,\"timeout\":59780,\"margin\":{}}","meta":{"rootId":"e3e2ugdp1tbab24","id":"e3e2ugdp1tbab24"},"id":"bjfndfk9s8k6kmj","previousOperationId":"2heeirkfjjx8aax"}
{"type":"operationEnd","operationId":"2heeirkfjjx8aax","timestamp":1769049025604,"id":"s3q88h94vdge873","previousEventId":"yycpfr7hvvc0ymb","previousOperationId":"2heeirkfjjx8aax"}
{"type":"log","timestamp":1769049025604,"level":"debug","message":"Skipping storing report.","meta":{"rootId":"e3e2ugdp1tbab24","id":"e3e2ugdp1tbab24"},"id":"8srzgf0242ipsp0","previousOperationId":"2heeirkfjjx8aax"}
{"type":"log","timestamp":1769049025604,"level":"info","message":"Rendering request 61 finished in 551 ms","meta":{"rootId":"e3e2ugdp1tbab24","id":"e3e2ugdp1tbab24"},"id":"6zhgo3iy98zjpyu","previousOperationId":"2heeirkfjjx8aax"}
{"type":"operationEnd","subtype":"render","operationId":"zoai145bivz72ch","timestamp":1769049025604,"id":"2sbrssq4tqmyo4s","previousEventId":"s3q88h94vdge873","previousOperationId":"2heeirkfjjx8aax"}
{"type":"operationEnd","doDiffs":false,"previousEventId":"s0565hg4di7tiq5","previousOperationId":"y7p3phyj9024i7e","operationId":"y7p3phyj9024i7e","timestamp":1769049025614,"id":"78ozl5njxyc3gw5"}
