{"type":"operationStart","subtype":"profile","data":{"_id":"0AuV6rAov8IEy6vE","timestamp":"2026-01-22T02:56:01.594Z","state":"queued","mode":"standard","creationDate":"2026-01-22T02:56:01.607Z","modificationDate":"2026-01-22T02:56:01.607Z","shortid":"zN34f48","$entitySet":"profiles"},"doDiffs":false,"timestamp":1769050561598,"id":"42mbmhzvqq03u19","previousOperationId":null,"operationId":"4tt63bz1qym7qd4"}
{"type":"log","level":"info","message":"Render request 73 queued for execution and waiting for available worker","previousOperationId":"4tt63bz1qym7qd4","timestamp":1769050561599,"id":"9q6x3xsa4xtydbc"}
{"type":"operationStart","subtype":"render","name":"journal-entry-v1","previousOperationId":"4tt63bz1qym7qd4","timestamp":1769050561709,"id":"3de0amksrgn4mur","previousEventId":"42mbmhzvqq03u19","operationId":"3sg9s8svyu6flu3"}
{"type":"log","timestamp":1769050561713,"level":"info","message":"Starting rendering request 73","meta":{"rootId":"e5s0g6yeyy7f097","id":"e5s0g6yeyy7f097"},"id":"kgegg4jzzoyv17l","previousOperationId":"3sg9s8svyu6flu3"}
{"type":"log","timestamp":1769050561720,"level":"info","message":"Rendering template { name: journal-entry-v1, recipe: chrome-pdf, engine: handlebars, preview: false }","meta":{"rootId":"e5s0g6yeyy7f097","id":"e5s0g6yeyy7f097"},"id":"yvovnke6byiunie","previousOperationId":"3sg9s8svyu6flu3"}
{"type":"log","timestamp":1769050561727,"level":"debug","message":"Inline data specified.","meta":{"rootId":"e5s0g6yeyy7f097","id":"e5s0g6yeyy7f097"},"id":"m7eyip5hit2sr0u","previousOperationId":"3sg9s8svyu6flu3"}
{"type":"log","timestamp":1769050561734,"level":"debug","message":"Base url not specified, skipping its injection.","meta":{"rootId":"e5s0g6yeyy7f097","id":"e5s0g6yeyy7f097"},"id":"ciy0x1uapit5pe6","previousOperationId":"3sg9s8svyu6flu3"}
{"type":"operationStart","subtype":"engine","name":"handlebars","timestamp":1769050561743,"id":"8mitn3txa5y39yr","previousEventId":"3de0amksrgn4mur","operationId":"eemu47s2f5c0cqw","previousOperationId":"3sg9s8svyu6flu3"}
{"type":"log","timestamp":1769050561743,"level":"debug","message":"Rendering engine handlebars","meta":{"rootId":"e5s0g6yeyy7f097","id":"e5s0g6yeyy7f097"},"id":"yo6x56pbz7si4z9","previousOperationId":"eemu47s2f5c0cqw"}
{"type":"operationEnd","operationId":"eemu47s2f5c0cqw","timestamp":1769050561842,"id":"0e55j0e88pyxb0t","previousEventId":"8mitn3txa5y39yr","previousOperationId":"eemu47s2f5c0cqw"}
{"type":"operationStart","subtype":"recipe","name":"chrome-pdf","timestamp":1769050561844,"id":"n7vtfq485wfxa7y","previousEventId":"0e55j0e88pyxb0t","operationId":"jq4986t5oz2yt14","previousOperationId":"eemu47s2f5c0cqw"}
{"type":"log","timestamp":1769050561844,"level":"debug","message":"Executing recipe chrome-pdf","meta":{"rootId":"e5s0g6yeyy7f097","id":"e5s0g6yeyy7f097"},"id":"7wivxg37cqahr21","previousOperationId":"jq4986t5oz2yt14"}
{"type":"log","timestamp":1769050561878,"level":"debug","message":"Converting with chrome Chrome/142.0.7444.175 using chrome-pool strategy","meta":{"rootId":"e5s0g6yeyy7f097","id":"e5s0g6yeyy7f097"},"id":"qs1yerkv6vv1zbq","previousOperationId":"jq4986t5oz2yt14"}
{"type":"log","timestamp":1769050562261,"level":"debug","message":"Page request: GET (document) file:///tmp/jsreport/autocleanup/27c3340e-ee58-40fe-90c4-c8ee040f39fb-chrome-pdf.html","meta":{"rootId":"e5s0g6yeyy7f097","id":"e5s0g6yeyy7f097"},"id":"g6oedgzro3stanm","previousOperationId":"jq4986t5oz2yt14"}
{"type":"log","timestamp":1769050562296,"level":"debug","message":"Page request finished: GET (document) 200 file:///tmp/jsreport/autocleanup/27c3340e-ee58-40fe-90c4-c8ee040f39fb-chrome-pdf.html","meta":{"rootId":"e5s0g6yeyy7f097","id":"e5s0g6yeyy7f097"},"id":"7au34ey4vxktmvk","previousOperationId":"jq4986t5oz2yt14"}
{"type":"log","timestamp":1769050562355,"level":"debug","message":"Running chrome with params {\"printBackground\":true,\"timeout\":59731,\"margin\":{}}","meta":{"rootId":"e5s0g6yeyy7f097","id":"e5s0g6yeyy7f097"},"id":"01181mbequi1i6p","previousOperationId":"jq4986t5oz2yt14"}
{"type":"operationEnd","operationId":"jq4986t5oz2yt14","timestamp":1769050562512,"id":"ak14b59iuse050e","previousEventId":"n7vtfq485wfxa7y","previousOperationId":"jq4986t5oz2yt14"}
{"type":"log","timestamp":1769050562512,"level":"debug","message":"Skipping storing report.","meta":{"rootId":"e5s0g6yeyy7f097","id":"e5s0g6yeyy7f097"},"id":"log8o9rxtkdwz6d","previousOperationId":"jq4986t5oz2yt14"}
{"type":"log","timestamp":1769050562513,"level":"info","message":"Rendering request 73 finished in 926 ms","meta":{"rootId":"e5s0g6yeyy7f097","id":"e5s0g6yeyy7f097"},"id":"35l9j7i5o1gfq1a","previousOperationId":"jq4986t5oz2yt14"}
{"type":"operationEnd","subtype":"render","operationId":"3sg9s8svyu6flu3","timestamp":1769050562513,"id":"b0mtpxg1xqmsh6y","previousEventId":"ak14b59iuse050e","previousOperationId":"jq4986t5oz2yt14"}
{"type":"operationEnd","doDiffs":false,"previousEventId":"42mbmhzvqq03u19","previousOperationId":"4tt63bz1qym7qd4","operationId":"4tt63bz1qym7qd4","timestamp":1769050562515,"id":"mkgh28up98xfqnu"}
