{"type":"operationStart","subtype":"profile","data":{"_id":"vFm9YUKTvTdSoInw","timestamp":"2026-01-21T02:48:49.776Z","state":"queued","mode":"standard","creationDate":"2026-01-21T02:48:49.777Z","modificationDate":"2026-01-21T02:48:49.777Z","shortid":"pcz5MCa","$entitySet":"profiles"},"doDiffs":false,"timestamp":1768963729777,"id":"7jw4rmszhq81ikf","previousOperationId":null,"operationId":"09ygqpegdxko0lr"}
{"type":"log","level":"info","message":"Render request 13 queued for execution and waiting for available worker","previousOperationId":"09ygqpegdxko0lr","timestamp":1768963729777,"id":"r8ymjxqo2likae0"}
{"type":"operationStart","subtype":"render","name":"journal-entry-v1","previousOperationId":"09ygqpegdxko0lr","timestamp":1768963729850,"id":"ac1ygr6ueblbh3s","previousEventId":"7jw4rmszhq81ikf","operationId":"ck44qne9gljippx"}
{"type":"log","timestamp":1768963729850,"level":"info","message":"Starting rendering request 13","meta":{"rootId":"e8kig1c2286s3j9","id":"e8kig1c2286s3j9"},"id":"hw50vqhj244a7qh","previousOperationId":"ck44qne9gljippx"}
{"type":"log","timestamp":1768963729850,"level":"info","message":"Rendering template { name: journal-entry-v1, recipe: chrome-pdf, engine: handlebars, preview: false }","meta":{"rootId":"e8kig1c2286s3j9","id":"e8kig1c2286s3j9"},"id":"4ctf3flzm5wbdg8","previousOperationId":"ck44qne9gljippx"}
{"type":"log","timestamp":1768963729854,"level":"debug","message":"Inline data specified.","meta":{"rootId":"e8kig1c2286s3j9","id":"e8kig1c2286s3j9"},"id":"fsyx0g8v4qxyuqs","previousOperationId":"ck44qne9gljippx"}
{"type":"log","timestamp":1768963729858,"level":"debug","message":"Base url not specified, skipping its injection.","meta":{"rootId":"e8kig1c2286s3j9","id":"e8kig1c2286s3j9"},"id":"igqj68oc2olkjc0","previousOperationId":"ck44qne9gljippx"}
{"type":"operationStart","subtype":"engine","name":"handlebars","timestamp":1768963729858,"id":"0kcekj8xj41b9l2","previousEventId":"ac1ygr6ueblbh3s","operationId":"74cj0jfdw0kyvdy","previousOperationId":"ck44qne9gljippx"}
{"type":"log","timestamp":1768963729858,"level":"debug","message":"Rendering engine handlebars","meta":{"rootId":"e8kig1c2286s3j9","id":"e8kig1c2286s3j9"},"id":"32e8kb9d5xk6w86","previousOperationId":"74cj0jfdw0kyvdy"}
{"type":"operationEnd","operationId":"74cj0jfdw0kyvdy","timestamp":1768963729866,"id":"lxpipg1vnycv65j","previousEventId":"0kcekj8xj41b9l2","previousOperationId":"74cj0jfdw0kyvdy"}
{"type":"operationStart","subtype":"recipe","name":"chrome-pdf","timestamp":1768963729866,"id":"1wcinigresrcbjh","previousEventId":"lxpipg1vnycv65j","operationId":"zoifwgysdu3ct01","previousOperationId":"74cj0jfdw0kyvdy"}
{"type":"log","timestamp":1768963729866,"level":"debug","message":"Executing recipe chrome-pdf","meta":{"rootId":"e8kig1c2286s3j9","id":"e8kig1c2286s3j9"},"id":"byfu5oo77sg6rer","previousOperationId":"zoifwgysdu3ct01"}
{"type":"log","timestamp":1768963729869,"level":"debug","message":"Converting with chrome Chrome/142.0.7444.175 using chrome-pool strategy","meta":{"rootId":"e8kig1c2286s3j9","id":"e8kig1c2286s3j9"},"id":"117adukkvd8mg45","previousOperationId":"zoifwgysdu3ct01"}
{"type":"log","timestamp":1768963729904,"level":"debug","message":"Page request: GET (document) file:///tmp/jsreport/autocleanup/9645f57a-6bbc-46b6-a284-401327555b2e-chrome-pdf.html","meta":{"rootId":"e8kig1c2286s3j9","id":"e8kig1c2286s3j9"},"id":"95vp2qb6ezzemdp","previousOperationId":"zoifwgysdu3ct01"}
{"type":"log","timestamp":1768963729917,"level":"debug","message":"Page request finished: GET (document) 200 file:///tmp/jsreport/autocleanup/9645f57a-6bbc-46b6-a284-401327555b2e-chrome-pdf.html","meta":{"rootId":"e8kig1c2286s3j9","id":"e8kig1c2286s3j9"},"id":"a1u9hbs1tyyn6qh","previousOperationId":"zoifwgysdu3ct01"}
{"type":"log","timestamp":1768963729919,"level":"warn","message":"Page request failed: GET (stylesheet) file:///tmp/jsreport/autocleanup/styles.css, failure: net::ERR_ACCESS_DENIED","meta":{"rootId":"e8kig1c2286s3j9","id":"e8kig1c2286s3j9"},"id":"i7oksvcthkwg2zf","previousOperationId":"zoifwgysdu3ct01"}
{"type":"log","timestamp":1768963729919,"level":"debug","message":"(console:error) Failed to load resource: net::ERR_ACCESS_DENIED","meta":{"userLevel":true,"rootId":"e8kig1c2286s3j9","id":"e8kig1c2286s3j9"},"id":"cvg7rhaz1m6msgh","previousOperationId":"zoifwgysdu3ct01"}
{"type":"log","timestamp":1768963729925,"level":"debug","message":"Running chrome with params {\"printBackground\":true,\"timeout\":59908,\"margin\":{}}","meta":{"rootId":"e8kig1c2286s3j9","id":"e8kig1c2286s3j9"},"id":"tvaustgkbpl6d39","previousOperationId":"zoifwgysdu3ct01"}
{"type":"operationEnd","operationId":"zoifwgysdu3ct01","timestamp":1768963729952,"id":"dgb48p1b4bade1w","previousEventId":"1wcinigresrcbjh","previousOperationId":"zoifwgysdu3ct01"}
{"type":"log","timestamp":1768963729952,"level":"debug","message":"Skipping storing report.","meta":{"rootId":"e8kig1c2286s3j9","id":"e8kig1c2286s3j9"},"id":"zvjoa77yhdx60w5","previousOperationId":"zoifwgysdu3ct01"}
{"type":"log","timestamp":1768963729952,"level":"info","message":"Rendering request 13 finished in 176 ms","meta":{"rootId":"e8kig1c2286s3j9","id":"e8kig1c2286s3j9"},"id":"3penol6lhtcc53x","previousOperationId":"zoifwgysdu3ct01"}
{"type":"operationEnd","subtype":"render","operationId":"ck44qne9gljippx","timestamp":1768963729952,"id":"mtp6kt839xc13oy","previousEventId":"dgb48p1b4bade1w","previousOperationId":"zoifwgysdu3ct01"}
{"type":"operationEnd","doDiffs":false,"previousEventId":"7jw4rmszhq81ikf","previousOperationId":"09ygqpegdxko0lr","operationId":"09ygqpegdxko0lr","timestamp":1768963729953,"id":"1x0zzfpwaz69ss2"}
