{"type":"operationStart","subtype":"profile","data":{"_id":"ksimiOjlgI9eFowG","timestamp":"2026-02-16T19:06:15.251Z","state":"queued","mode":"standard","creationDate":"2026-02-16T19:06:15.269Z","modificationDate":"2026-02-16T19:06:15.269Z","shortid":"fgCkSfZ","$entitySet":"profiles"},"doDiffs":false,"timestamp":1771268775259,"id":"8oud3h3qaucjj0s","previousOperationId":null,"operationId":"tevipm0j7hd04qh"}
{"type":"log","level":"info","message":"Render request 8 queued for execution and waiting for available worker","previousOperationId":"tevipm0j7hd04qh","timestamp":1771268775260,"id":"lg16spezkys5mn6"}
{"type":"operationStart","subtype":"render","name":"journal-entry-v1","previousOperationId":"tevipm0j7hd04qh","timestamp":1771268775371,"id":"vcuc1nzkghh6w4h","previousEventId":"8oud3h3qaucjj0s","operationId":"gph1tk38zh2zpbm"}
{"type":"log","timestamp":1771268775376,"level":"info","message":"Starting rendering request 8","meta":{"rootId":"eictelhmk1a4i7k","id":"eictelhmk1a4i7k"},"id":"4uxh2dn1qvt95h2","previousOperationId":"gph1tk38zh2zpbm"}
{"type":"log","timestamp":1771268775381,"level":"info","message":"Rendering template { name: journal-entry-v1, recipe: chrome-pdf, engine: handlebars, preview: false }","meta":{"rootId":"eictelhmk1a4i7k","id":"eictelhmk1a4i7k"},"id":"7ajl1wpa33mac2v","previousOperationId":"gph1tk38zh2zpbm"}
{"type":"log","timestamp":1771268775390,"level":"debug","message":"Inline data specified.","meta":{"rootId":"eictelhmk1a4i7k","id":"eictelhmk1a4i7k"},"id":"5asuch2yi5zssd1","previousOperationId":"gph1tk38zh2zpbm"}
{"type":"log","timestamp":1771268775399,"level":"debug","message":"Base url not specified, skipping its injection.","meta":{"rootId":"eictelhmk1a4i7k","id":"eictelhmk1a4i7k"},"id":"6p7khg3z1fqk6f6","previousOperationId":"gph1tk38zh2zpbm"}
{"type":"operationStart","subtype":"engine","name":"handlebars","timestamp":1771268775406,"id":"fgrgbti3flbrjcm","previousEventId":"vcuc1nzkghh6w4h","operationId":"0vy062z62ex6bjn","previousOperationId":"gph1tk38zh2zpbm"}
{"type":"log","timestamp":1771268775406,"level":"debug","message":"Rendering engine handlebars","meta":{"rootId":"eictelhmk1a4i7k","id":"eictelhmk1a4i7k"},"id":"n3ly3w8q39zu4fg","previousOperationId":"0vy062z62ex6bjn"}
{"type":"operationEnd","operationId":"0vy062z62ex6bjn","timestamp":1771268775483,"id":"gh177f522v06ca3","previousEventId":"fgrgbti3flbrjcm","previousOperationId":"0vy062z62ex6bjn"}
{"type":"operationStart","subtype":"recipe","name":"chrome-pdf","timestamp":1771268775484,"id":"5id5wr1yrx7g5ex","previousEventId":"gh177f522v06ca3","operationId":"ov6fdbft6djr72c","previousOperationId":"0vy062z62ex6bjn"}
{"type":"log","timestamp":1771268775484,"level":"debug","message":"Executing recipe chrome-pdf","meta":{"rootId":"eictelhmk1a4i7k","id":"eictelhmk1a4i7k"},"id":"k2jufhjo2xn1gfb","previousOperationId":"ov6fdbft6djr72c"}
{"type":"log","timestamp":1771268775526,"level":"debug","message":"Converting with chrome Chrome/142.0.7444.175 using chrome-pool strategy","meta":{"rootId":"eictelhmk1a4i7k","id":"eictelhmk1a4i7k"},"id":"fo4aaykz2unw61h","previousOperationId":"ov6fdbft6djr72c"}
{"type":"log","timestamp":1771268775859,"level":"debug","message":"Page request: GET (document) file:///tmp/jsreport/autocleanup/85e07df2-49dc-4d5f-aca3-67acbd67b423-chrome-pdf.html","meta":{"rootId":"eictelhmk1a4i7k","id":"eictelhmk1a4i7k"},"id":"bbux7qesrkcp0vp","previousOperationId":"ov6fdbft6djr72c"}
{"type":"log","timestamp":1771268775891,"level":"debug","message":"Page request finished: GET (document) 200 file:///tmp/jsreport/autocleanup/85e07df2-49dc-4d5f-aca3-67acbd67b423-chrome-pdf.html","meta":{"rootId":"eictelhmk1a4i7k","id":"eictelhmk1a4i7k"},"id":"wy3yk5yxmqf7hvk","previousOperationId":"ov6fdbft6djr72c"}
{"type":"log","timestamp":1771268775893,"level":"debug","message":"Page request: GET (image) https://paciolibucket.s3.us-east-2.amazonaws.com/orgs/c64b69f6759a43a1bc0ae31961876751/companies/logos/e9767ff4-7186-447f-a397-208ea6bbfdb8_ninosfelices.png?X-Amz-Expires=600&X-Amz-Algorithm=AWS4-HMAC-SHA256&X-Amz-Credential=AKIAVYV5Z6T6UQ4ARWOC%2F20260216%2Fus-east-2%2Fs3%2Faws4_request&X-Amz-Date=20260216T190615Z&X-Amz-SignedHeaders=host&X-Amz-Signature=14768b080e48596a87ee7f6456a8ad863e707dd429ce07aedb6161d1298e7d9c","meta":{"rootId":"eictelhmk1a4i7k","id":"eictelhmk1a4i7k"},"id":"po0hfzny07h12wb","previousOperationId":"ov6fdbft6djr72c"}
{"type":"log","timestamp":1771268776552,"level":"debug","message":"Page request finished: GET (image) 200 https://paciolibucket.s3.us-east-2.amazonaws.com/orgs/c64b69f6759a43a1bc0ae31961876751/companies/logos/e9767ff4-7186-447f-a397-208ea6bbfdb8_ninosfelices.png?X-Amz-Expires=600&X-Amz-Algorithm=AWS4-HMAC-SHA256&X-Amz-Credential=AKIAVYV5Z6T6UQ4ARWOC%2F20260216%2Fus-east-2%2Fs3%2Faws4_request&X-Amz-Date=20260216T190615Z&X-Amz-SignedHeaders=host&X-Amz-Signature=14768b080e48596a87ee7f6456a8ad863e707dd429ce07aedb6161d1298e7d9c","meta":{"rootId":"eictelhmk1a4i7k","id":"eictelhmk1a4i7k"},"id":"fee1x7d0k8i0njm","previousOperationId":"ov6fdbft6djr72c"}
{"type":"log","timestamp":1771268776555,"level":"debug","message":"Running chrome with params {\"printBackground\":true,\"timeout\":59744,\"margin\":{}}","meta":{"rootId":"eictelhmk1a4i7k","id":"eictelhmk1a4i7k"},"id":"sdthk6am9h43ghx","previousOperationId":"ov6fdbft6djr72c"}
{"type":"operationEnd","operationId":"ov6fdbft6djr72c","timestamp":1771268776661,"id":"hjdabns8x2i97e2","previousEventId":"5id5wr1yrx7g5ex","previousOperationId":"ov6fdbft6djr72c"}
{"type":"log","timestamp":1771268776662,"level":"debug","message":"Skipping storing report.","meta":{"rootId":"eictelhmk1a4i7k","id":"eictelhmk1a4i7k"},"id":"nfrdpu60s96guz6","previousOperationId":"ov6fdbft6djr72c"}
{"type":"log","timestamp":1771268776662,"level":"info","message":"Rendering request 8 finished in 1423 ms","meta":{"rootId":"eictelhmk1a4i7k","id":"eictelhmk1a4i7k"},"id":"dc9uaq95s1u0p2g","previousOperationId":"ov6fdbft6djr72c"}
{"type":"operationEnd","subtype":"render","operationId":"gph1tk38zh2zpbm","timestamp":1771268776662,"id":"yishqms3mekgbvb","previousEventId":"hjdabns8x2i97e2","previousOperationId":"ov6fdbft6djr72c"}
{"type":"operationEnd","doDiffs":false,"previousEventId":"8oud3h3qaucjj0s","previousOperationId":"tevipm0j7hd04qh","operationId":"tevipm0j7hd04qh","timestamp":1771268776666,"id":"ajcpcga6k5oipyo"}
