{"type":"operationStart","subtype":"profile","data":{"_id":"WEie8UQlLVPSemiY","timestamp":"2026-02-19T16:09:20.945Z","state":"queued","mode":"standard","creationDate":"2026-02-19T16:09:20.957Z","modificationDate":"2026-02-19T16:09:20.957Z","shortid":"NmL7A18","$entitySet":"profiles"},"doDiffs":false,"timestamp":1771517360950,"id":"pv4du617opc0lvw","previousOperationId":null,"operationId":"a4mxktdq176oiq0"}
{"type":"log","level":"info","message":"Render request 15 queued for execution and waiting for available worker","previousOperationId":"a4mxktdq176oiq0","timestamp":1771517360951,"id":"s7007vw8scw7l92"}
{"type":"operationStart","subtype":"render","name":"journal-entry-v1","previousOperationId":"a4mxktdq176oiq0","timestamp":1771517361035,"id":"vmpnhyhs6whar1v","previousEventId":"pv4du617opc0lvw","operationId":"hcra74o3805xnjp"}
{"type":"log","timestamp":1771517361038,"level":"info","message":"Starting rendering request 15","meta":{"rootId":"eu5m0h9ump87rt3","id":"eu5m0h9ump87rt3"},"id":"f3rd3d65c1ipjv6","previousOperationId":"hcra74o3805xnjp"}
{"type":"log","timestamp":1771517361041,"level":"info","message":"Rendering template { name: journal-entry-v1, recipe: chrome-pdf, engine: handlebars, preview: false }","meta":{"rootId":"eu5m0h9ump87rt3","id":"eu5m0h9ump87rt3"},"id":"b3uabf4f0uhn3y2","previousOperationId":"hcra74o3805xnjp"}
{"type":"log","timestamp":1771517361045,"level":"debug","message":"Inline data specified.","meta":{"rootId":"eu5m0h9ump87rt3","id":"eu5m0h9ump87rt3"},"id":"3c8c3xvwyoloe7b","previousOperationId":"hcra74o3805xnjp"}
{"type":"log","timestamp":1771517361048,"level":"debug","message":"Base url not specified, skipping its injection.","meta":{"rootId":"eu5m0h9ump87rt3","id":"eu5m0h9ump87rt3"},"id":"suiygfda7m8shrq","previousOperationId":"hcra74o3805xnjp"}
{"type":"operationStart","subtype":"engine","name":"handlebars","timestamp":1771517361055,"id":"lyuoiucisxi0emv","previousEventId":"vmpnhyhs6whar1v","operationId":"5s1n5vk9chons57","previousOperationId":"hcra74o3805xnjp"}
{"type":"log","timestamp":1771517361055,"level":"debug","message":"Rendering engine handlebars","meta":{"rootId":"eu5m0h9ump87rt3","id":"eu5m0h9ump87rt3"},"id":"5ulcyfssbrpugze","previousOperationId":"5s1n5vk9chons57"}
{"type":"operationEnd","operationId":"5s1n5vk9chons57","timestamp":1771517361117,"id":"ngjkju9vnx84jwk","previousEventId":"lyuoiucisxi0emv","previousOperationId":"5s1n5vk9chons57"}
{"type":"operationStart","subtype":"recipe","name":"chrome-pdf","timestamp":1771517361117,"id":"lp42im8fex2psoz","previousEventId":"ngjkju9vnx84jwk","operationId":"b9o7cse9mlskw3p","previousOperationId":"5s1n5vk9chons57"}
{"type":"log","timestamp":1771517361117,"level":"debug","message":"Executing recipe chrome-pdf","meta":{"rootId":"eu5m0h9ump87rt3","id":"eu5m0h9ump87rt3"},"id":"1c2dfn2ck3xepwy","previousOperationId":"b9o7cse9mlskw3p"}
{"type":"log","timestamp":1771517361148,"level":"debug","message":"Converting with chrome Chrome/142.0.7444.175 using chrome-pool strategy","meta":{"rootId":"eu5m0h9ump87rt3","id":"eu5m0h9ump87rt3"},"id":"9joc3sgietremx4","previousOperationId":"b9o7cse9mlskw3p"}
{"type":"log","timestamp":1771517361400,"level":"debug","message":"Page request: GET (document) file:///tmp/jsreport/autocleanup/0454ef58-d1ee-43fb-8064-25888e5f57f4-chrome-pdf.html","meta":{"rootId":"eu5m0h9ump87rt3","id":"eu5m0h9ump87rt3"},"id":"ahuika45155rx8m","previousOperationId":"b9o7cse9mlskw3p"}
{"type":"log","timestamp":1771517361421,"level":"debug","message":"Page request finished: GET (document) 200 file:///tmp/jsreport/autocleanup/0454ef58-d1ee-43fb-8064-25888e5f57f4-chrome-pdf.html","meta":{"rootId":"eu5m0h9ump87rt3","id":"eu5m0h9ump87rt3"},"id":"g8pix28i1v99zsm","previousOperationId":"b9o7cse9mlskw3p"}
{"type":"log","timestamp":1771517361426,"level":"debug","message":"Page request: GET (image) https://paciolibucket.s3.us-east-2.amazonaws.com/orgs/c64b69f6759a43a1bc0ae31961876751/companies/logos/b6e6bbb3-4217-4336-88b7-161c9ce34ada_Applicorp%20Logo.png?X-Amz-Expires=600&X-Amz-Algorithm=AWS4-HMAC-SHA256&X-Amz-Credential=AKIAVYV5Z6T6UQ4ARWOC%2F20260219%2Fus-east-2%2Fs3%2Faws4_request&X-Amz-Date=20260219T160920Z&X-Amz-SignedHeaders=host&X-Amz-Signature=108a8a30120a173d7d1e29dec9a06cacb65d1515bcda55d44658f301ce8b7395","meta":{"rootId":"eu5m0h9ump87rt3","id":"eu5m0h9ump87rt3"},"id":"m062kqinpyaymi9","previousOperationId":"b9o7cse9mlskw3p"}
{"type":"log","timestamp":1771517361967,"level":"debug","message":"Page request finished: GET (image) 200 https://paciolibucket.s3.us-east-2.amazonaws.com/orgs/c64b69f6759a43a1bc0ae31961876751/companies/logos/b6e6bbb3-4217-4336-88b7-161c9ce34ada_Applicorp%20Logo.png?X-Amz-Expires=600&X-Amz-Algorithm=AWS4-HMAC-SHA256&X-Amz-Credential=AKIAVYV5Z6T6UQ4ARWOC%2F20260219%2Fus-east-2%2Fs3%2Faws4_request&X-Amz-Date=20260219T160920Z&X-Amz-SignedHeaders=host&X-Amz-Signature=108a8a30120a173d7d1e29dec9a06cacb65d1515bcda55d44658f301ce8b7395","meta":{"rootId":"eu5m0h9ump87rt3","id":"eu5m0h9ump87rt3"},"id":"htyxox51r5tf3mc","previousOperationId":"b9o7cse9mlskw3p"}
{"type":"log","timestamp":1771517361970,"level":"debug","message":"Running chrome with params {\"printBackground\":true,\"timeout\":59812,\"margin\":{}}","meta":{"rootId":"eu5m0h9ump87rt3","id":"eu5m0h9ump87rt3"},"id":"u8qrisb8k3d28hn","previousOperationId":"b9o7cse9mlskw3p"}
{"type":"operationEnd","operationId":"b9o7cse9mlskw3p","timestamp":1771517362109,"id":"8s64th1nzb5hylv","previousEventId":"lp42im8fex2psoz","previousOperationId":"b9o7cse9mlskw3p"}
{"type":"log","timestamp":1771517362110,"level":"debug","message":"Skipping storing report.","meta":{"rootId":"eu5m0h9ump87rt3","id":"eu5m0h9ump87rt3"},"id":"ifx9xo9n3wuij51","previousOperationId":"b9o7cse9mlskw3p"}
{"type":"log","timestamp":1771517362110,"level":"info","message":"Rendering request 15 finished in 1173 ms","meta":{"rootId":"eu5m0h9ump87rt3","id":"eu5m0h9ump87rt3"},"id":"k1xe4ea0791vrwl","previousOperationId":"b9o7cse9mlskw3p"}
{"type":"operationEnd","subtype":"render","operationId":"hcra74o3805xnjp","timestamp":1771517362110,"id":"wiu7tlvsjzvgw68","previousEventId":"8s64th1nzb5hylv","previousOperationId":"b9o7cse9mlskw3p"}
{"type":"operationEnd","doDiffs":false,"previousEventId":"pv4du617opc0lvw","previousOperationId":"a4mxktdq176oiq0","operationId":"a4mxktdq176oiq0","timestamp":1771517362111,"id":"vu7kh3gu0m2k9l2"}
