{"type":"operationStart","subtype":"profile","data":{"_id":"utB5CRDOcHZKf3Fw","timestamp":"2026-01-22T03:43:04.848Z","state":"queued","mode":"standard","creationDate":"2026-01-22T03:43:04.884Z","modificationDate":"2026-01-22T03:43:04.884Z","shortid":"uHgoaOk","$entitySet":"profiles"},"doDiffs":false,"timestamp":1769053384856,"id":"h8run1qb51s7vu7","previousOperationId":null,"operationId":"82dkilecfnu8f2i"}
{"type":"log","level":"info","message":"Render request 96 queued for execution and waiting for available worker","previousOperationId":"82dkilecfnu8f2i","timestamp":1769053384857,"id":"oarkj9b705ypjqp"}
{"type":"operationStart","subtype":"render","name":"journal-entry-v1","previousOperationId":"82dkilecfnu8f2i","timestamp":1769053384992,"id":"8ymgl9q015mf0vz","previousEventId":"h8run1qb51s7vu7","operationId":"cj3jkvhgwv15hno"}
{"type":"log","timestamp":1769053384997,"level":"info","message":"Starting rendering request 96","meta":{"rootId":"f73nny2fz0r7olr","id":"f73nny2fz0r7olr"},"id":"7i5otz5qo84hupo","previousOperationId":"cj3jkvhgwv15hno"}
{"type":"log","timestamp":1769053385003,"level":"info","message":"Rendering template { name: journal-entry-v1, recipe: chrome-pdf, engine: handlebars, preview: false }","meta":{"rootId":"f73nny2fz0r7olr","id":"f73nny2fz0r7olr"},"id":"nmafuvlln8kpi7k","previousOperationId":"cj3jkvhgwv15hno"}
{"type":"log","timestamp":1769053385012,"level":"debug","message":"Inline data specified.","meta":{"rootId":"f73nny2fz0r7olr","id":"f73nny2fz0r7olr"},"id":"eq6tdz2bl7yvihk","previousOperationId":"cj3jkvhgwv15hno"}
{"type":"log","timestamp":1769053385034,"level":"debug","message":"Base url not specified, skipping its injection.","meta":{"rootId":"f73nny2fz0r7olr","id":"f73nny2fz0r7olr"},"id":"2whamcgwohypsew","previousOperationId":"cj3jkvhgwv15hno"}
{"type":"operationStart","subtype":"engine","name":"handlebars","timestamp":1769053385043,"id":"5wd140qcxoqhmoj","previousEventId":"8ymgl9q015mf0vz","operationId":"ace2us5wv09qncm","previousOperationId":"cj3jkvhgwv15hno"}
{"type":"log","timestamp":1769053385043,"level":"debug","message":"Rendering engine handlebars","meta":{"rootId":"f73nny2fz0r7olr","id":"f73nny2fz0r7olr"},"id":"qfiia0wbv132z3y","previousOperationId":"ace2us5wv09qncm"}
{"type":"operationEnd","operationId":"ace2us5wv09qncm","timestamp":1769053385190,"id":"cd79lzo7ik1yqco","previousEventId":"5wd140qcxoqhmoj","previousOperationId":"ace2us5wv09qncm"}
{"type":"operationStart","subtype":"recipe","name":"chrome-pdf","timestamp":1769053385193,"id":"yqwgtiypzvhywlt","previousEventId":"cd79lzo7ik1yqco","operationId":"hdj0rv9w7o2h2ux","previousOperationId":"ace2us5wv09qncm"}
{"type":"log","timestamp":1769053385193,"level":"debug","message":"Executing recipe chrome-pdf","meta":{"rootId":"f73nny2fz0r7olr","id":"f73nny2fz0r7olr"},"id":"e34lb9zsfrfx4wb","previousOperationId":"hdj0rv9w7o2h2ux"}
{"type":"log","timestamp":1769053385254,"level":"debug","message":"Converting with chrome Chrome/142.0.7444.175 using chrome-pool strategy","meta":{"rootId":"f73nny2fz0r7olr","id":"f73nny2fz0r7olr"},"id":"xhvtb7580w6xlk2","previousOperationId":"hdj0rv9w7o2h2ux"}
{"type":"log","timestamp":1769053385848,"level":"debug","message":"Page request: GET (document) file:///tmp/jsreport/autocleanup/ee536fbc-9cc2-45c4-83b3-05abdf6e2688-chrome-pdf.html","meta":{"rootId":"f73nny2fz0r7olr","id":"f73nny2fz0r7olr"},"id":"2l4257w8fl3hr2j","previousOperationId":"hdj0rv9w7o2h2ux"}
{"type":"log","timestamp":1769053385912,"level":"debug","message":"Page request finished: GET (document) 200 file:///tmp/jsreport/autocleanup/ee536fbc-9cc2-45c4-83b3-05abdf6e2688-chrome-pdf.html","meta":{"rootId":"f73nny2fz0r7olr","id":"f73nny2fz0r7olr"},"id":"27pq3zrlutalqmu","previousOperationId":"hdj0rv9w7o2h2ux"}
{"type":"log","timestamp":1769053385915,"level":"debug","message":"Page request: GET (image) https://paciolibucket.s3.us-east-2.amazonaws.com/orgs/c64b69f6759a43a1bc0ae31961876751/companies/logos/e9767ff4-7186-447f-a397-208ea6bbfdb8_ninosfelices.png?X-Amz-Expires=600&X-Amz-Algorithm=AWS4-HMAC-SHA256&X-Amz-Credential=AKIAVYV5Z6T6UQ4ARWOC%2F20260122%2Fus-east-2%2Fs3%2Faws4_request&X-Amz-Date=20260122T034304Z&X-Amz-SignedHeaders=host&X-Amz-Signature=5f6b5b9c0ab03364ce9484a392d594410bc33fee9ddae031d0688d6013c90ad6","meta":{"rootId":"f73nny2fz0r7olr","id":"f73nny2fz0r7olr"},"id":"smqywjkrmnoldu3","previousOperationId":"hdj0rv9w7o2h2ux"}
{"type":"log","timestamp":1769053386448,"level":"debug","message":"Page request finished: GET (image) 200 https://paciolibucket.s3.us-east-2.amazonaws.com/orgs/c64b69f6759a43a1bc0ae31961876751/companies/logos/e9767ff4-7186-447f-a397-208ea6bbfdb8_ninosfelices.png?X-Amz-Expires=600&X-Amz-Algorithm=AWS4-HMAC-SHA256&X-Amz-Credential=AKIAVYV5Z6T6UQ4ARWOC%2F20260122%2Fus-east-2%2Fs3%2Faws4_request&X-Amz-Date=20260122T034304Z&X-Amz-SignedHeaders=host&X-Amz-Signature=5f6b5b9c0ab03364ce9484a392d594410bc33fee9ddae031d0688d6013c90ad6","meta":{"rootId":"f73nny2fz0r7olr","id":"f73nny2fz0r7olr"},"id":"4t6oujomc25ydsp","previousOperationId":"hdj0rv9w7o2h2ux"}
{"type":"log","timestamp":1769053386451,"level":"debug","message":"Running chrome with params {\"printBackground\":true,\"timeout\":59625,\"margin\":{}}","meta":{"rootId":"f73nny2fz0r7olr","id":"f73nny2fz0r7olr"},"id":"820fl2fhuzxdiiu","previousOperationId":"hdj0rv9w7o2h2ux"}
{"type":"operationEnd","operationId":"hdj0rv9w7o2h2ux","timestamp":1769053386638,"id":"k08jryj6syqngvu","previousEventId":"yqwgtiypzvhywlt","previousOperationId":"hdj0rv9w7o2h2ux"}
{"type":"log","timestamp":1769053386639,"level":"debug","message":"Skipping storing report.","meta":{"rootId":"f73nny2fz0r7olr","id":"f73nny2fz0r7olr"},"id":"vws30pnr76bcrgg","previousOperationId":"hdj0rv9w7o2h2ux"}
{"type":"log","timestamp":1769053386639,"level":"info","message":"Rendering request 96 finished in 1806 ms","meta":{"rootId":"f73nny2fz0r7olr","id":"f73nny2fz0r7olr"},"id":"13d1lgc09ltuvgt","previousOperationId":"hdj0rv9w7o2h2ux"}
{"type":"operationEnd","subtype":"render","operationId":"cj3jkvhgwv15hno","timestamp":1769053386639,"id":"jf6vgg6kq9ovivs","previousEventId":"k08jryj6syqngvu","previousOperationId":"hdj0rv9w7o2h2ux"}
{"type":"operationEnd","doDiffs":false,"previousEventId":"h8run1qb51s7vu7","previousOperationId":"82dkilecfnu8f2i","operationId":"82dkilecfnu8f2i","timestamp":1769053386644,"id":"d1u4qy05bansre9"}
