{"type":"operationStart","subtype":"profile","data":{"_id":"G7NweZq8o0A1lrB6","timestamp":"2026-01-22T02:29:49.577Z","state":"queued","mode":"standard","creationDate":"2026-01-22T02:29:49.587Z","modificationDate":"2026-01-22T02:29:49.587Z","shortid":"uXM2IUt","$entitySet":"profiles"},"doDiffs":false,"timestamp":1769048989582,"id":"orstb1jolrxrzkz","previousOperationId":null,"operationId":"es9c8df35wd9i0h"}
{"type":"log","level":"info","message":"Render request 60 queued for execution and waiting for available worker","previousOperationId":"es9c8df35wd9i0h","timestamp":1769048989584,"id":"028f07p4tswm8lr"}
{"type":"operationStart","subtype":"render","name":"journal-entry-v1","previousOperationId":"es9c8df35wd9i0h","timestamp":1769048989683,"id":"6ltokrmbshdqa3z","previousEventId":"orstb1jolrxrzkz","operationId":"gck9z3rgqffcrjt"}
{"type":"log","timestamp":1769048989689,"level":"info","message":"Starting rendering request 60","meta":{"rootId":"fbpurhw5sbp8uh4","id":"fbpurhw5sbp8uh4"},"id":"ed5b1ulfu3yhfc1","previousOperationId":"gck9z3rgqffcrjt"}
{"type":"log","timestamp":1769048989695,"level":"info","message":"Rendering template { name: journal-entry-v1, recipe: chrome-pdf, engine: handlebars, preview: true }","meta":{"rootId":"fbpurhw5sbp8uh4","id":"fbpurhw5sbp8uh4"},"id":"8k8xflafg5t6ebi","previousOperationId":"gck9z3rgqffcrjt"}
{"type":"log","timestamp":1769048989701,"level":"debug","message":"Inline data specified.","meta":{"rootId":"fbpurhw5sbp8uh4","id":"fbpurhw5sbp8uh4"},"id":"smr8gqg1pvi5iti","previousOperationId":"gck9z3rgqffcrjt"}
{"type":"log","timestamp":1769048989708,"level":"debug","message":"Base url not specified, skipping its injection.","meta":{"rootId":"fbpurhw5sbp8uh4","id":"fbpurhw5sbp8uh4"},"id":"f45luuy8rdra2fm","previousOperationId":"gck9z3rgqffcrjt"}
{"type":"operationStart","subtype":"engine","name":"handlebars","timestamp":1769048989719,"id":"wg9axj4428w8l85","previousEventId":"6ltokrmbshdqa3z","operationId":"nyolnex11cq65ss","previousOperationId":"gck9z3rgqffcrjt"}
{"type":"log","timestamp":1769048989719,"level":"debug","message":"Rendering engine handlebars","meta":{"rootId":"fbpurhw5sbp8uh4","id":"fbpurhw5sbp8uh4"},"id":"yue00r8ojq3p84p","previousOperationId":"nyolnex11cq65ss"}
{"type":"operationEnd","operationId":"nyolnex11cq65ss","timestamp":1769048989835,"id":"3a5bkibttgkt3uq","previousEventId":"wg9axj4428w8l85","previousOperationId":"nyolnex11cq65ss"}
{"type":"operationStart","subtype":"recipe","name":"chrome-pdf","timestamp":1769048989839,"id":"rnfc9vfnctj93i8","previousEventId":"3a5bkibttgkt3uq","operationId":"r76ghjpgcaud0v7","previousOperationId":"nyolnex11cq65ss"}
{"type":"log","timestamp":1769048989839,"level":"debug","message":"Executing recipe chrome-pdf","meta":{"rootId":"fbpurhw5sbp8uh4","id":"fbpurhw5sbp8uh4"},"id":"9688kkozh6deq5u","previousOperationId":"r76ghjpgcaud0v7"}
{"type":"log","timestamp":1769048989896,"level":"debug","message":"Converting with chrome Chrome/142.0.7444.175 using chrome-pool strategy","meta":{"rootId":"fbpurhw5sbp8uh4","id":"fbpurhw5sbp8uh4"},"id":"b698bfka23mt05f","previousOperationId":"r76ghjpgcaud0v7"}
{"type":"log","timestamp":1769048990464,"level":"debug","message":"Page request: GET (document) file:///tmp/jsreport/autocleanup/bfd3d5de-0f91-4cbd-a16c-cd5e9ae5b985-chrome-pdf.html","meta":{"rootId":"fbpurhw5sbp8uh4","id":"fbpurhw5sbp8uh4"},"id":"dnflgnb7ctl2gk9","previousOperationId":"r76ghjpgcaud0v7"}
{"type":"log","timestamp":1769048990518,"level":"debug","message":"Page request finished: GET (document) 200 file:///tmp/jsreport/autocleanup/bfd3d5de-0f91-4cbd-a16c-cd5e9ae5b985-chrome-pdf.html","meta":{"rootId":"fbpurhw5sbp8uh4","id":"fbpurhw5sbp8uh4"},"id":"5z4gk6ko132l80q","previousOperationId":"r76ghjpgcaud0v7"}
{"type":"log","timestamp":1769048990520,"level":"debug","message":"Page request: GET (image) https://paciolibucket.s3.us-east-2.amazonaws.com/orgs/c64b69f6759a43a1bc0ae31961876751/companies/logos/e9767ff4-7186-447f-a397-208ea6bbfdb8_ninosfelices.png?X-Amz-Expires=600&X-Amz-Algorithm=AWS4-HMAC-SHA256&X-Amz-Credential=AKIAVYV5Z6T6UQ4ARWOC%2F20260122%2Fus-east-2%2Fs3%2Faws4_request&X-Amz-Date=20260122T022932Z&X-Amz-SignedHeaders=host&X-Amz-Signature=88b0f7818d83a5d6d11e00dc2ad68a0be1bc3b830641844ba93518cc9cf77da1","meta":{"rootId":"fbpurhw5sbp8uh4","id":"fbpurhw5sbp8uh4"},"id":"da8as0f4s54ymld","previousOperationId":"r76ghjpgcaud0v7"}
{"type":"log","timestamp":1769048991363,"level":"debug","message":"Page request finished: GET (image) 200 https://paciolibucket.s3.us-east-2.amazonaws.com/orgs/c64b69f6759a43a1bc0ae31961876751/companies/logos/e9767ff4-7186-447f-a397-208ea6bbfdb8_ninosfelices.png?X-Amz-Expires=600&X-Amz-Algorithm=AWS4-HMAC-SHA256&X-Amz-Credential=AKIAVYV5Z6T6UQ4ARWOC%2F20260122%2Fus-east-2%2Fs3%2Faws4_request&X-Amz-Date=20260122T022932Z&X-Amz-SignedHeaders=host&X-Amz-Signature=88b0f7818d83a5d6d11e00dc2ad68a0be1bc3b830641844ba93518cc9cf77da1","meta":{"rootId":"fbpurhw5sbp8uh4","id":"fbpurhw5sbp8uh4"},"id":"upqjyyiyl39oorq","previousOperationId":"r76ghjpgcaud0v7"}
{"type":"log","timestamp":1769048991370,"level":"debug","message":"Running chrome with params {\"printBackground\":true,\"timeout\":59714,\"margin\":{}}","meta":{"rootId":"fbpurhw5sbp8uh4","id":"fbpurhw5sbp8uh4"},"id":"bwqvbl286ax8r4e","previousOperationId":"r76ghjpgcaud0v7"}
{"type":"operationEnd","operationId":"r76ghjpgcaud0v7","timestamp":1769048991506,"id":"m65zxw19j3gi9eg","previousEventId":"rnfc9vfnctj93i8","previousOperationId":"r76ghjpgcaud0v7"}
{"type":"log","timestamp":1769048991507,"level":"debug","message":"Skipping storing report.","meta":{"rootId":"fbpurhw5sbp8uh4","id":"fbpurhw5sbp8uh4"},"id":"q15ofbueasnjge8","previousOperationId":"r76ghjpgcaud0v7"}
{"type":"log","timestamp":1769048991507,"level":"info","message":"Rendering request 60 finished in 1940 ms","meta":{"rootId":"fbpurhw5sbp8uh4","id":"fbpurhw5sbp8uh4"},"id":"s0vq3y7cjxi9yd3","previousOperationId":"r76ghjpgcaud0v7"}
{"type":"operationEnd","subtype":"render","operationId":"gck9z3rgqffcrjt","timestamp":1769048991507,"id":"qr9j7ikyhfnvjn6","previousEventId":"m65zxw19j3gi9eg","previousOperationId":"r76ghjpgcaud0v7"}
{"type":"operationEnd","doDiffs":false,"previousEventId":"orstb1jolrxrzkz","previousOperationId":"es9c8df35wd9i0h","operationId":"es9c8df35wd9i0h","timestamp":1769048991510,"id":"vanel5huvw2vk1h"}
