{"type":"operationStart","subtype":"profile","data":{"_id":"P0WmyItofRQmDkBt","timestamp":"2026-02-12T01:21:09.344Z","state":"queued","mode":"standard","creationDate":"2026-02-12T01:21:09.346Z","modificationDate":"2026-02-12T01:21:09.346Z","shortid":"AoGFwh-","$entitySet":"profiles"},"doDiffs":false,"timestamp":1770859269346,"id":"fr19nbmlrid6a1g","previousOperationId":null,"operationId":"xt9wupd9fscrkg8"}
{"type":"log","level":"info","message":"Render request 1 queued for execution and waiting for available worker","previousOperationId":"xt9wupd9fscrkg8","timestamp":1770859269346,"id":"nhni6ltrba1ipig"}
{"type":"operationStart","subtype":"render","name":"journal-entry-v1","previousOperationId":"xt9wupd9fscrkg8","timestamp":1770859269402,"id":"392pwdqgytwvjw1","previousEventId":"fr19nbmlrid6a1g","operationId":"5tc9civbueusisq"}
{"type":"log","timestamp":1770859269403,"level":"info","message":"Starting rendering request 1","meta":{"rootId":"fg4rud0gdfp5mob","id":"fg4rud0gdfp5mob"},"id":"czzbdrkdyi3tidt","previousOperationId":"5tc9civbueusisq"}
{"type":"log","timestamp":1770859269403,"level":"info","message":"Rendering template { name: journal-entry-v1, recipe: chrome-pdf, engine: handlebars, preview: false }","meta":{"rootId":"fg4rud0gdfp5mob","id":"fg4rud0gdfp5mob"},"id":"9aetoa9i73zy4ps","previousOperationId":"5tc9civbueusisq"}
{"type":"log","timestamp":1770859269405,"level":"debug","message":"Inline data specified.","meta":{"rootId":"fg4rud0gdfp5mob","id":"fg4rud0gdfp5mob"},"id":"9bzbs5sizha6sgi","previousOperationId":"5tc9civbueusisq"}
{"type":"log","timestamp":1770859269409,"level":"debug","message":"Base url not specified, skipping its injection.","meta":{"rootId":"fg4rud0gdfp5mob","id":"fg4rud0gdfp5mob"},"id":"ghg3ffbb6um3a7k","previousOperationId":"5tc9civbueusisq"}
{"type":"operationStart","subtype":"engine","name":"handlebars","timestamp":1770859269409,"id":"sckuajsgozrcjo2","previousEventId":"392pwdqgytwvjw1","operationId":"6gmb9wwop57o842","previousOperationId":"5tc9civbueusisq"}
{"type":"log","timestamp":1770859269409,"level":"debug","message":"Rendering engine handlebars","meta":{"rootId":"fg4rud0gdfp5mob","id":"fg4rud0gdfp5mob"},"id":"kzq1f6q7lklh67t","previousOperationId":"6gmb9wwop57o842"}
{"type":"operationEnd","operationId":"6gmb9wwop57o842","timestamp":1770859269874,"id":"8l52thwm6xzynrx","previousEventId":"sckuajsgozrcjo2","previousOperationId":"6gmb9wwop57o842"}
{"type":"operationStart","subtype":"recipe","name":"chrome-pdf","timestamp":1770859269874,"id":"k15lp5nh48jg5oc","previousEventId":"8l52thwm6xzynrx","operationId":"z4o5cautnwpvy89","previousOperationId":"6gmb9wwop57o842"}
{"type":"log","timestamp":1770859269875,"level":"debug","message":"Executing recipe chrome-pdf","meta":{"rootId":"fg4rud0gdfp5mob","id":"fg4rud0gdfp5mob"},"id":"eawx0bcog0sm2qe","previousOperationId":"z4o5cautnwpvy89"}
{"type":"log","timestamp":1770859270842,"level":"debug","message":"Converting with chrome Chrome/142.0.7444.175 using chrome-pool strategy","meta":{"rootId":"fg4rud0gdfp5mob","id":"fg4rud0gdfp5mob"},"id":"ckpdqd2auxhrd03","previousOperationId":"z4o5cautnwpvy89"}
{"type":"log","timestamp":1770859270962,"level":"debug","message":"Page request: GET (document) file:///tmp/jsreport/autocleanup/223ebb4e-d851-442f-a3ea-86d14b2d7565-chrome-pdf.html","meta":{"rootId":"fg4rud0gdfp5mob","id":"fg4rud0gdfp5mob"},"id":"nym7536esloooxb","previousOperationId":"z4o5cautnwpvy89"}
{"type":"log","timestamp":1770859270979,"level":"debug","message":"Page request finished: GET (document) 200 file:///tmp/jsreport/autocleanup/223ebb4e-d851-442f-a3ea-86d14b2d7565-chrome-pdf.html","meta":{"rootId":"fg4rud0gdfp5mob","id":"fg4rud0gdfp5mob"},"id":"o7d2zfalmlryxyv","previousOperationId":"z4o5cautnwpvy89"}
{"type":"log","timestamp":1770859270980,"level":"debug","message":"Page request: GET (image) https://paciolibucket.s3.us-east-2.amazonaws.com/orgs/c64b69f6759a43a1bc0ae31961876751/companies/logos/e9767ff4-7186-447f-a397-208ea6bbfdb8_ninosfelices.png?X-Amz-Expires=600&X-Amz-Algorithm=AWS4-HMAC-SHA256&X-Amz-Credential=AKIAVYV5Z6T6UQ4ARWOC%2F20260212%2Fus-east-2%2Fs3%2Faws4_request&X-Amz-Date=20260212T012109Z&X-Amz-SignedHeaders=host&X-Amz-Signature=d20f09ade9cc2dc59f4997ee7e3c869a88fe2bd986815689e46bb7336d428e88","meta":{"rootId":"fg4rud0gdfp5mob","id":"fg4rud0gdfp5mob"},"id":"ca7zymsvb3jwmvo","previousOperationId":"z4o5cautnwpvy89"}
{"type":"log","timestamp":1770859271519,"level":"debug","message":"Page request finished: GET (image) 200 https://paciolibucket.s3.us-east-2.amazonaws.com/orgs/c64b69f6759a43a1bc0ae31961876751/companies/logos/e9767ff4-7186-447f-a397-208ea6bbfdb8_ninosfelices.png?X-Amz-Expires=600&X-Amz-Algorithm=AWS4-HMAC-SHA256&X-Amz-Credential=AKIAVYV5Z6T6UQ4ARWOC%2F20260212%2Fus-east-2%2Fs3%2Faws4_request&X-Amz-Date=20260212T012109Z&X-Amz-SignedHeaders=host&X-Amz-Signature=d20f09ade9cc2dc59f4997ee7e3c869a88fe2bd986815689e46bb7336d428e88","meta":{"rootId":"fg4rud0gdfp5mob","id":"fg4rud0gdfp5mob"},"id":"u8fyxe936zhoui9","previousOperationId":"z4o5cautnwpvy89"}
{"type":"log","timestamp":1770859271521,"level":"debug","message":"Running chrome with params {\"printBackground\":true,\"timeout\":59464,\"margin\":{}}","meta":{"rootId":"fg4rud0gdfp5mob","id":"fg4rud0gdfp5mob"},"id":"refuizvqhe6kyme","previousOperationId":"z4o5cautnwpvy89"}
{"type":"operationEnd","operationId":"z4o5cautnwpvy89","timestamp":1770859271615,"id":"2s56a45nu5gkhir","previousEventId":"k15lp5nh48jg5oc","previousOperationId":"z4o5cautnwpvy89"}
{"type":"log","timestamp":1770859271615,"level":"debug","message":"Skipping storing report.","meta":{"rootId":"fg4rud0gdfp5mob","id":"fg4rud0gdfp5mob"},"id":"3tg2a8n53obdiqf","previousOperationId":"z4o5cautnwpvy89"}
{"type":"log","timestamp":1770859271615,"level":"info","message":"Rendering request 1 finished in 2271 ms","meta":{"rootId":"fg4rud0gdfp5mob","id":"fg4rud0gdfp5mob"},"id":"kjahxekaamb0996","previousOperationId":"z4o5cautnwpvy89"}
{"type":"operationEnd","subtype":"render","operationId":"5tc9civbueusisq","timestamp":1770859271615,"id":"z28nl0jmdebgj6e","previousEventId":"2s56a45nu5gkhir","previousOperationId":"z4o5cautnwpvy89"}
{"type":"operationEnd","doDiffs":false,"previousEventId":"fr19nbmlrid6a1g","previousOperationId":"xt9wupd9fscrkg8","operationId":"xt9wupd9fscrkg8","timestamp":1770859271617,"id":"rr76r6z20glfxpz"}
