{"type":"operationStart","subtype":"profile","data":{"_id":"DPOBUOPVVYregSXy","timestamp":"2026-01-21T02:12:07.585Z","state":"queued","mode":"standard","creationDate":"2026-01-21T02:12:07.591Z","modificationDate":"2026-01-21T02:12:07.591Z","shortid":"4xUUvlj","$entitySet":"profiles"},"doDiffs":false,"timestamp":1768961527590,"id":"qhgu26h9kgqdof6","previousOperationId":null,"operationId":"yingfptfyu43dz7"}
{"type":"log","level":"info","message":"Render request 1 queued for execution and waiting for available worker","previousOperationId":"yingfptfyu43dz7","timestamp":1768961527590,"id":"7wj3snizn1h9ups"}
{"type":"operationStart","subtype":"render","name":"journal-entry-v1","previousOperationId":"yingfptfyu43dz7","timestamp":1768961527666,"id":"g0xyvqc6sv163in","previousEventId":"qhgu26h9kgqdof6","operationId":"8mbfi0cq9jkehv6"}
{"type":"log","timestamp":1768961527670,"level":"info","message":"Starting rendering request 1","meta":{"rootId":"g0ih4n2h3izaha3","id":"g0ih4n2h3izaha3"},"id":"z2z2jgs48bc6ar0","previousOperationId":"8mbfi0cq9jkehv6"}
{"type":"log","timestamp":1768961527676,"level":"info","message":"Rendering template { name: journal-entry-v1, recipe: chrome-pdf, engine: handlebars, preview: false }","meta":{"rootId":"g0ih4n2h3izaha3","id":"g0ih4n2h3izaha3"},"id":"e3oxv2wdc5egsvo","previousOperationId":"8mbfi0cq9jkehv6"}
{"type":"log","timestamp":1768961527686,"level":"debug","message":"Inline data specified.","meta":{"rootId":"g0ih4n2h3izaha3","id":"g0ih4n2h3izaha3"},"id":"zwcuzxdg6it0nod","previousOperationId":"8mbfi0cq9jkehv6"}
{"type":"log","timestamp":1768961527693,"level":"debug","message":"Base url not specified, skipping its injection.","meta":{"rootId":"g0ih4n2h3izaha3","id":"g0ih4n2h3izaha3"},"id":"6qmmd5tifgtvba8","previousOperationId":"8mbfi0cq9jkehv6"}
{"type":"operationStart","subtype":"engine","name":"handlebars","timestamp":1768961527698,"id":"yyxhp6zzf5eswgt","previousEventId":"g0xyvqc6sv163in","operationId":"gwczkcvz5ay2dqr","previousOperationId":"8mbfi0cq9jkehv6"}
{"type":"log","timestamp":1768961527698,"level":"debug","message":"Rendering engine handlebars","meta":{"rootId":"g0ih4n2h3izaha3","id":"g0ih4n2h3izaha3"},"id":"l85xy180yn1ztoh","previousOperationId":"gwczkcvz5ay2dqr"}
{"type":"operationEnd","operationId":"gwczkcvz5ay2dqr","timestamp":1768961528330,"id":"50wc701w1w292bq","previousEventId":"yyxhp6zzf5eswgt","previousOperationId":"gwczkcvz5ay2dqr"}
{"type":"operationStart","subtype":"recipe","name":"chrome-pdf","timestamp":1768961528331,"id":"mqg5ttbo86esh15","previousEventId":"50wc701w1w292bq","operationId":"5wvetgxmyznd6jq","previousOperationId":"gwczkcvz5ay2dqr"}
{"type":"log","timestamp":1768961528331,"level":"debug","message":"Executing recipe chrome-pdf","meta":{"rootId":"g0ih4n2h3izaha3","id":"g0ih4n2h3izaha3"},"id":"tbl7fdv63j7nrxx","previousOperationId":"5wvetgxmyznd6jq"}
{"type":"log","timestamp":1768961529457,"level":"debug","message":"Converting with chrome Chrome/142.0.7444.175 using chrome-pool strategy","meta":{"rootId":"g0ih4n2h3izaha3","id":"g0ih4n2h3izaha3"},"id":"8tnutsq0eqvw2id","previousOperationId":"5wvetgxmyznd6jq"}
{"type":"log","timestamp":1768961529617,"level":"debug","message":"Page request: GET (document) file:///tmp/jsreport/autocleanup/4525ee08-7895-43d3-bffd-f2dd72e9c706-chrome-pdf.html","meta":{"rootId":"g0ih4n2h3izaha3","id":"g0ih4n2h3izaha3"},"id":"shsxeoz18q05psj","previousOperationId":"5wvetgxmyznd6jq"}
{"type":"log","timestamp":1768961529637,"level":"debug","message":"Page request finished: GET (document) 200 file:///tmp/jsreport/autocleanup/4525ee08-7895-43d3-bffd-f2dd72e9c706-chrome-pdf.html","meta":{"rootId":"g0ih4n2h3izaha3","id":"g0ih4n2h3izaha3"},"id":"zhjmgfe3clya3n7","previousOperationId":"5wvetgxmyznd6jq"}
{"type":"log","timestamp":1768961529640,"level":"warn","message":"Page request failed: GET (stylesheet) file:///tmp/jsreport/autocleanup/styles.css, failure: net::ERR_ACCESS_DENIED","meta":{"rootId":"g0ih4n2h3izaha3","id":"g0ih4n2h3izaha3"},"id":"qfykafnrihy3hk5","previousOperationId":"5wvetgxmyznd6jq"}
{"type":"log","timestamp":1768961529641,"level":"debug","message":"(console:error) Failed to load resource: net::ERR_ACCESS_DENIED","meta":{"userLevel":true,"rootId":"g0ih4n2h3izaha3","id":"g0ih4n2h3izaha3"},"id":"o1n3w422w8o2mx4","previousOperationId":"5wvetgxmyznd6jq"}
{"type":"log","timestamp":1768961529652,"level":"debug","message":"Running chrome with params {\"printBackground\":true,\"timeout\":59241,\"margin\":{}}","meta":{"rootId":"g0ih4n2h3izaha3","id":"g0ih4n2h3izaha3"},"id":"ig8gbj561kbre1k","previousOperationId":"5wvetgxmyznd6jq"}
{"type":"operationEnd","operationId":"5wvetgxmyznd6jq","timestamp":1768961529703,"id":"2uqczmrazqep8ut","previousEventId":"mqg5ttbo86esh15","previousOperationId":"5wvetgxmyznd6jq"}
{"type":"log","timestamp":1768961529703,"level":"debug","message":"Skipping storing report.","meta":{"rootId":"g0ih4n2h3izaha3","id":"g0ih4n2h3izaha3"},"id":"jte0ocdpahf7syj","previousOperationId":"5wvetgxmyznd6jq"}
{"type":"log","timestamp":1768961529703,"level":"info","message":"Rendering request 1 finished in 2119 ms","meta":{"rootId":"g0ih4n2h3izaha3","id":"g0ih4n2h3izaha3"},"id":"xcczfs9rsy6xohp","previousOperationId":"5wvetgxmyznd6jq"}
{"type":"operationEnd","subtype":"render","operationId":"8mbfi0cq9jkehv6","timestamp":1768961529703,"id":"bc1hk52e2e0ulc7","previousEventId":"2uqczmrazqep8ut","previousOperationId":"5wvetgxmyznd6jq"}
{"type":"operationEnd","doDiffs":false,"previousEventId":"qhgu26h9kgqdof6","previousOperationId":"yingfptfyu43dz7","operationId":"yingfptfyu43dz7","timestamp":1768961529705,"id":"gn77l1ydp0k8qmg"}
