{"type":"operationStart","subtype":"profile","data":{"_id":"30Wi0DYCQ43Ijasv","timestamp":"2026-01-22T03:33:39.262Z","state":"queued","mode":"standard","creationDate":"2026-01-22T03:33:39.307Z","modificationDate":"2026-01-22T03:33:39.307Z","shortid":"OKjGtN8","$entitySet":"profiles"},"doDiffs":false,"timestamp":1769052819271,"id":"m5768hasixgu6dc","previousOperationId":null,"operationId":"tw8o629xmz9wp74"}
{"type":"log","level":"info","message":"Render request 90 queued for execution and waiting for available worker","previousOperationId":"tw8o629xmz9wp74","timestamp":1769052819272,"id":"g1no232qoawcsgi"}
{"type":"operationStart","subtype":"render","name":"journal-entry-v1","previousOperationId":"tw8o629xmz9wp74","timestamp":1769052819419,"id":"o5iufozb73vk6cu","previousEventId":"m5768hasixgu6dc","operationId":"pbpfiesjxong6ky"}
{"type":"log","timestamp":1769052819426,"level":"info","message":"Starting rendering request 90","meta":{"rootId":"g4lqf12x1ve5yl5","id":"g4lqf12x1ve5yl5"},"id":"k5yjodkyt4qrli4","previousOperationId":"pbpfiesjxong6ky"}
{"type":"log","timestamp":1769052819437,"level":"info","message":"Rendering template { name: journal-entry-v1, recipe: chrome-pdf, engine: handlebars, preview: false }","meta":{"rootId":"g4lqf12x1ve5yl5","id":"g4lqf12x1ve5yl5"},"id":"twq3e89xxkx3if1","previousOperationId":"pbpfiesjxong6ky"}
{"type":"log","timestamp":1769052819465,"level":"debug","message":"Inline data specified.","meta":{"rootId":"g4lqf12x1ve5yl5","id":"g4lqf12x1ve5yl5"},"id":"rk5iye1lj0n57x2","previousOperationId":"pbpfiesjxong6ky"}
{"type":"log","timestamp":1769052819489,"level":"debug","message":"Base url not specified, skipping its injection.","meta":{"rootId":"g4lqf12x1ve5yl5","id":"g4lqf12x1ve5yl5"},"id":"wzppbtkhd5t4iyk","previousOperationId":"pbpfiesjxong6ky"}
{"type":"operationStart","subtype":"engine","name":"handlebars","timestamp":1769052819502,"id":"uczivc80zxjcp59","previousEventId":"o5iufozb73vk6cu","operationId":"9hgu86tmzwf40tb","previousOperationId":"pbpfiesjxong6ky"}
{"type":"log","timestamp":1769052819502,"level":"debug","message":"Rendering engine handlebars","meta":{"rootId":"g4lqf12x1ve5yl5","id":"g4lqf12x1ve5yl5"},"id":"3rhjthoswaga500","previousOperationId":"9hgu86tmzwf40tb"}
{"type":"operationEnd","operationId":"9hgu86tmzwf40tb","timestamp":1769052819821,"id":"tsvqy29dlj3iwh0","previousEventId":"uczivc80zxjcp59","previousOperationId":"9hgu86tmzwf40tb"}
{"type":"operationStart","subtype":"recipe","name":"chrome-pdf","timestamp":1769052819823,"id":"m5zozswct2e3way","previousEventId":"tsvqy29dlj3iwh0","operationId":"q7pco0dyfwxrdu0","previousOperationId":"9hgu86tmzwf40tb"}
{"type":"log","timestamp":1769052819823,"level":"debug","message":"Executing recipe chrome-pdf","meta":{"rootId":"g4lqf12x1ve5yl5","id":"g4lqf12x1ve5yl5"},"id":"kz8nqtcdakccjfx","previousOperationId":"q7pco0dyfwxrdu0"}
{"type":"log","timestamp":1769052819986,"level":"debug","message":"Converting with chrome Chrome/142.0.7444.175 using chrome-pool strategy","meta":{"rootId":"g4lqf12x1ve5yl5","id":"g4lqf12x1ve5yl5"},"id":"4hackxl2akewy0t","previousOperationId":"q7pco0dyfwxrdu0"}
{"type":"log","timestamp":1769052820788,"level":"debug","message":"Page request: GET (document) file:///tmp/jsreport/autocleanup/84145975-9c90-4300-9b66-270799937f53-chrome-pdf.html","meta":{"rootId":"g4lqf12x1ve5yl5","id":"g4lqf12x1ve5yl5"},"id":"p4tlo91yptzkl39","previousOperationId":"q7pco0dyfwxrdu0"}
{"type":"log","timestamp":1769052820840,"level":"debug","message":"Page request finished: GET (document) 200 file:///tmp/jsreport/autocleanup/84145975-9c90-4300-9b66-270799937f53-chrome-pdf.html","meta":{"rootId":"g4lqf12x1ve5yl5","id":"g4lqf12x1ve5yl5"},"id":"6q564grnhrgp2hh","previousOperationId":"q7pco0dyfwxrdu0"}
{"type":"log","timestamp":1769052820847,"level":"debug","message":"Page request: GET (image) https://paciolibucket.s3.us-east-2.amazonaws.com/orgs/c64b69f6759a43a1bc0ae31961876751/companies/logos/e9767ff4-7186-447f-a397-208ea6bbfdb8_ninosfelices.png?X-Amz-Expires=600&X-Amz-Algorithm=AWS4-HMAC-SHA256&X-Amz-Credential=AKIAVYV5Z6T6UQ4ARWOC%2F20260122%2Fus-east-2%2Fs3%2Faws4_request&X-Amz-Date=20260122T033338Z&X-Amz-SignedHeaders=host&X-Amz-Signature=de81863ebc35a6f79e969dd5d5d313cc510c7b22b4310eb57b18e7d36ec40b0e","meta":{"rootId":"g4lqf12x1ve5yl5","id":"g4lqf12x1ve5yl5"},"id":"y8xgfm02l1yz9ja","previousOperationId":"q7pco0dyfwxrdu0"}
{"type":"log","timestamp":1769052821675,"level":"debug","message":"Page request finished: GET (image) 200 https://paciolibucket.s3.us-east-2.amazonaws.com/orgs/c64b69f6759a43a1bc0ae31961876751/companies/logos/e9767ff4-7186-447f-a397-208ea6bbfdb8_ninosfelices.png?X-Amz-Expires=600&X-Amz-Algorithm=AWS4-HMAC-SHA256&X-Amz-Credential=AKIAVYV5Z6T6UQ4ARWOC%2F20260122%2Fus-east-2%2Fs3%2Faws4_request&X-Amz-Date=20260122T033338Z&X-Amz-SignedHeaders=host&X-Amz-Signature=de81863ebc35a6f79e969dd5d5d313cc510c7b22b4310eb57b18e7d36ec40b0e","meta":{"rootId":"g4lqf12x1ve5yl5","id":"g4lqf12x1ve5yl5"},"id":"qwtjpq1rr0h2dan","previousOperationId":"q7pco0dyfwxrdu0"}
{"type":"log","timestamp":1769052821680,"level":"debug","message":"Running chrome with params {\"printBackground\":true,\"timeout\":59383,\"margin\":{}}","meta":{"rootId":"g4lqf12x1ve5yl5","id":"g4lqf12x1ve5yl5"},"id":"os0o1cvchcuf1a3","previousOperationId":"q7pco0dyfwxrdu0"}
{"type":"operationEnd","operationId":"q7pco0dyfwxrdu0","timestamp":1769052821884,"id":"xpmtocdbdkqy402","previousEventId":"m5zozswct2e3way","previousOperationId":"q7pco0dyfwxrdu0"}
{"type":"log","timestamp":1769052821885,"level":"debug","message":"Skipping storing report.","meta":{"rootId":"g4lqf12x1ve5yl5","id":"g4lqf12x1ve5yl5"},"id":"j4g505imgrye2rt","previousOperationId":"q7pco0dyfwxrdu0"}
{"type":"log","timestamp":1769052821885,"level":"info","message":"Rendering request 90 finished in 2643 ms","meta":{"rootId":"g4lqf12x1ve5yl5","id":"g4lqf12x1ve5yl5"},"id":"pvza2q3up658rh9","previousOperationId":"q7pco0dyfwxrdu0"}
{"type":"operationEnd","subtype":"render","operationId":"pbpfiesjxong6ky","timestamp":1769052821885,"id":"nr4s6gt9bsvnq88","previousEventId":"xpmtocdbdkqy402","previousOperationId":"q7pco0dyfwxrdu0"}
{"type":"operationEnd","doDiffs":false,"previousEventId":"m5768hasixgu6dc","previousOperationId":"tw8o629xmz9wp74","operationId":"tw8o629xmz9wp74","timestamp":1769052821890,"id":"uu1ni1zpo0i0ati"}
