{"type":"operationStart","subtype":"profile","data":{"_id":"J6kDt6jIzR1NdayQ","timestamp":"2026-02-02T22:46:02.532Z","state":"queued","mode":"standard","creationDate":"2026-02-02T22:46:02.534Z","modificationDate":"2026-02-02T22:46:02.534Z","shortid":"CiHREPd","$entitySet":"profiles"},"doDiffs":false,"timestamp":1770072362533,"id":"ydvywg11bab4rx7","previousOperationId":null,"operationId":"qj1viuhwk5qul61"}
{"type":"log","level":"info","message":"Render request 1 queued for execution and waiting for available worker","previousOperationId":"qj1viuhwk5qul61","timestamp":1770072362533,"id":"hmtaasehbptgwt8"}
{"type":"operationStart","subtype":"render","name":"journal-entry-v1","previousOperationId":"qj1viuhwk5qul61","timestamp":1770072362596,"id":"7zlzh20qvyutwr0","previousEventId":"ydvywg11bab4rx7","operationId":"hrfk75k51flst55"}
{"type":"log","timestamp":1770072362597,"level":"info","message":"Starting rendering request 1","meta":{"rootId":"gefx3hjt2juxv7p","id":"gefx3hjt2juxv7p"},"id":"ksyy44zzvdjfdta","previousOperationId":"hrfk75k51flst55"}
{"type":"log","timestamp":1770072362597,"level":"info","message":"Rendering template { name: journal-entry-v1, recipe: chrome-pdf, engine: handlebars, preview: false }","meta":{"rootId":"gefx3hjt2juxv7p","id":"gefx3hjt2juxv7p"},"id":"ivk1akn2tjkgupx","previousOperationId":"hrfk75k51flst55"}
{"type":"log","timestamp":1770072362600,"level":"debug","message":"Inline data specified.","meta":{"rootId":"gefx3hjt2juxv7p","id":"gefx3hjt2juxv7p"},"id":"ssdeyohxf02015u","previousOperationId":"hrfk75k51flst55"}
{"type":"log","timestamp":1770072362602,"level":"debug","message":"Base url not specified, skipping its injection.","meta":{"rootId":"gefx3hjt2juxv7p","id":"gefx3hjt2juxv7p"},"id":"pur26sqibw2mbbr","previousOperationId":"hrfk75k51flst55"}
{"type":"operationStart","subtype":"engine","name":"handlebars","timestamp":1770072362602,"id":"wrtozejt2prd5br","previousEventId":"7zlzh20qvyutwr0","operationId":"w74q3uqw16m7kyf","previousOperationId":"hrfk75k51flst55"}
{"type":"log","timestamp":1770072362602,"level":"debug","message":"Rendering engine handlebars","meta":{"rootId":"gefx3hjt2juxv7p","id":"gefx3hjt2juxv7p"},"id":"9ydg0x1v4m93t3w","previousOperationId":"w74q3uqw16m7kyf"}
{"type":"operationEnd","operationId":"w74q3uqw16m7kyf","timestamp":1770072363129,"id":"kr1za4e0xfial4y","previousEventId":"wrtozejt2prd5br","previousOperationId":"w74q3uqw16m7kyf"}
{"type":"operationStart","subtype":"recipe","name":"chrome-pdf","timestamp":1770072363129,"id":"ojs1ab5vrvu9iee","previousEventId":"kr1za4e0xfial4y","operationId":"utnkpr3hhnf9vkt","previousOperationId":"w74q3uqw16m7kyf"}
{"type":"log","timestamp":1770072363129,"level":"debug","message":"Executing recipe chrome-pdf","meta":{"rootId":"gefx3hjt2juxv7p","id":"gefx3hjt2juxv7p"},"id":"kmhfvq42ojp6kid","previousOperationId":"utnkpr3hhnf9vkt"}
{"type":"log","timestamp":1770072364123,"level":"debug","message":"Converting with chrome Chrome/142.0.7444.175 using chrome-pool strategy","meta":{"rootId":"gefx3hjt2juxv7p","id":"gefx3hjt2juxv7p"},"id":"3wy0k2qqsnu0woh","previousOperationId":"utnkpr3hhnf9vkt"}
{"type":"log","timestamp":1770072364246,"level":"debug","message":"Page request: GET (document) file:///tmp/jsreport/autocleanup/d9d8766b-1140-4ebd-8b34-2fed9f863a55-chrome-pdf.html","meta":{"rootId":"gefx3hjt2juxv7p","id":"gefx3hjt2juxv7p"},"id":"xhqvdctpfk8uscj","previousOperationId":"utnkpr3hhnf9vkt"}
{"type":"log","timestamp":1770072364261,"level":"debug","message":"Page request: GET (image) https://paciolibucket.s3.us-east-2.amazonaws.com/orgs/c64b69f6759a43a1bc0ae31961876751/companies/logos/e9767ff4-7186-447f-a397-208ea6bbfdb8_ninosfelices.png?X-Amz-Expires=600&X-Amz-Algorithm=AWS4-HMAC-SHA256&X-Amz-Credential=AKIAVYV5Z6T6UQ4ARWOC%2F20260202%2Fus-east-2%2Fs3%2Faws4_request&X-Amz-Date=20260202T224602Z&X-Amz-SignedHeaders=host&X-Amz-Signature=b62d561bc97f68ea9bd0e29ba3e51f90e77d944c5206328b2d2ae45803c4176a","meta":{"rootId":"gefx3hjt2juxv7p","id":"gefx3hjt2juxv7p"},"id":"y60ki1jw26mvl90","previousOperationId":"utnkpr3hhnf9vkt"}
{"type":"log","timestamp":1770072364262,"level":"debug","message":"Page request finished: GET (document) 200 file:///tmp/jsreport/autocleanup/d9d8766b-1140-4ebd-8b34-2fed9f863a55-chrome-pdf.html","meta":{"rootId":"gefx3hjt2juxv7p","id":"gefx3hjt2juxv7p"},"id":"pxjs3wuizzl7w6d","previousOperationId":"utnkpr3hhnf9vkt"}
{"type":"log","timestamp":1770072364819,"level":"debug","message":"Page request finished: GET (image) 200 https://paciolibucket.s3.us-east-2.amazonaws.com/orgs/c64b69f6759a43a1bc0ae31961876751/companies/logos/e9767ff4-7186-447f-a397-208ea6bbfdb8_ninosfelices.png?X-Amz-Expires=600&X-Amz-Algorithm=AWS4-HMAC-SHA256&X-Amz-Credential=AKIAVYV5Z6T6UQ4ARWOC%2F20260202%2Fus-east-2%2Fs3%2Faws4_request&X-Amz-Date=20260202T224602Z&X-Amz-SignedHeaders=host&X-Amz-Signature=b62d561bc97f68ea9bd0e29ba3e51f90e77d944c5206328b2d2ae45803c4176a","meta":{"rootId":"gefx3hjt2juxv7p","id":"gefx3hjt2juxv7p"},"id":"8e9f9vnwg75h8i6","previousOperationId":"utnkpr3hhnf9vkt"}
{"type":"log","timestamp":1770072364822,"level":"debug","message":"Running chrome with params {\"printBackground\":true,\"timeout\":59397,\"margin\":{}}","meta":{"rootId":"gefx3hjt2juxv7p","id":"gefx3hjt2juxv7p"},"id":"224o9utycqc99tt","previousOperationId":"utnkpr3hhnf9vkt"}
{"type":"operationEnd","operationId":"utnkpr3hhnf9vkt","timestamp":1770072364909,"id":"1dxs82s3hysfsn1","previousEventId":"ojs1ab5vrvu9iee","previousOperationId":"utnkpr3hhnf9vkt"}
{"type":"log","timestamp":1770072364909,"level":"debug","message":"Skipping storing report.","meta":{"rootId":"gefx3hjt2juxv7p","id":"gefx3hjt2juxv7p"},"id":"nls50xslacwm4m8","previousOperationId":"utnkpr3hhnf9vkt"}
{"type":"log","timestamp":1770072364909,"level":"info","message":"Rendering request 1 finished in 2377 ms","meta":{"rootId":"gefx3hjt2juxv7p","id":"gefx3hjt2juxv7p"},"id":"oot70xylkhp1byb","previousOperationId":"utnkpr3hhnf9vkt"}
{"type":"operationEnd","subtype":"render","operationId":"hrfk75k51flst55","timestamp":1770072364910,"id":"v5uxd7ac5ebkggc","previousEventId":"1dxs82s3hysfsn1","previousOperationId":"utnkpr3hhnf9vkt"}
{"type":"operationEnd","doDiffs":false,"previousEventId":"ydvywg11bab4rx7","previousOperationId":"qj1viuhwk5qul61","operationId":"qj1viuhwk5qul61","timestamp":1770072364911,"id":"ok695jegxgym2c4"}
