{"type":"operationStart","subtype":"profile","data":{"_id":"JG1fJScL4cZgVwBA","timestamp":"2026-02-17T22:06:06.604Z","state":"queued","mode":"standard","creationDate":"2026-02-17T22:06:06.638Z","modificationDate":"2026-02-17T22:06:06.638Z","shortid":"im-znzM","$entitySet":"profiles"},"doDiffs":false,"timestamp":1771365966615,"id":"p0mezdk1mh34o6c","previousOperationId":null,"operationId":"dkc0f7hidaqrn47"}
{"type":"log","level":"info","message":"Render request 33 queued for execution and waiting for available worker","previousOperationId":"dkc0f7hidaqrn47","timestamp":1771365966616,"id":"j38id60nt648d7c"}
{"type":"operationStart","subtype":"render","name":"journal-entry-v1","previousOperationId":"dkc0f7hidaqrn47","timestamp":1771365966734,"id":"3rn0x18x24th21u","previousEventId":"p0mezdk1mh34o6c","operationId":"650hbgt4bv52x1y"}
{"type":"log","timestamp":1771365966741,"level":"info","message":"Starting rendering request 33","meta":{"rootId":"gqs2oi1bac690tk","id":"gqs2oi1bac690tk"},"id":"m0vu9lgw2kml0as","previousOperationId":"650hbgt4bv52x1y"}
{"type":"log","timestamp":1771365966747,"level":"info","message":"Rendering template { name: journal-entry-v1, recipe: chrome-pdf, engine: handlebars, preview: false }","meta":{"rootId":"gqs2oi1bac690tk","id":"gqs2oi1bac690tk"},"id":"xy60bduihapfkyi","previousOperationId":"650hbgt4bv52x1y"}
{"type":"log","timestamp":1771365966757,"level":"debug","message":"Inline data specified.","meta":{"rootId":"gqs2oi1bac690tk","id":"gqs2oi1bac690tk"},"id":"018gk16gx76hqe3","previousOperationId":"650hbgt4bv52x1y"}
{"type":"log","timestamp":1771365966764,"level":"debug","message":"Base url not specified, skipping its injection.","meta":{"rootId":"gqs2oi1bac690tk","id":"gqs2oi1bac690tk"},"id":"cnaz2qq2y48erzs","previousOperationId":"650hbgt4bv52x1y"}
{"type":"operationStart","subtype":"engine","name":"handlebars","timestamp":1771365966775,"id":"q7w0zfydslzb77x","previousEventId":"3rn0x18x24th21u","operationId":"dukp32ww0uem3ts","previousOperationId":"650hbgt4bv52x1y"}
{"type":"log","timestamp":1771365966775,"level":"debug","message":"Rendering engine handlebars","meta":{"rootId":"gqs2oi1bac690tk","id":"gqs2oi1bac690tk"},"id":"hhich17k0qsbbzs","previousOperationId":"dukp32ww0uem3ts"}
{"type":"operationEnd","operationId":"dukp32ww0uem3ts","timestamp":1771365966872,"id":"y7si64lhqvcvhzj","previousEventId":"q7w0zfydslzb77x","previousOperationId":"dukp32ww0uem3ts"}
{"type":"operationStart","subtype":"recipe","name":"chrome-pdf","timestamp":1771365966874,"id":"lx0l8xoyt0v44uc","previousEventId":"y7si64lhqvcvhzj","operationId":"l6persio4d4krpr","previousOperationId":"dukp32ww0uem3ts"}
{"type":"log","timestamp":1771365966874,"level":"debug","message":"Executing recipe chrome-pdf","meta":{"rootId":"gqs2oi1bac690tk","id":"gqs2oi1bac690tk"},"id":"8cca5jxv65r4ugb","previousOperationId":"l6persio4d4krpr"}
{"type":"log","timestamp":1771365966927,"level":"debug","message":"Converting with chrome Chrome/142.0.7444.175 using chrome-pool strategy","meta":{"rootId":"gqs2oi1bac690tk","id":"gqs2oi1bac690tk"},"id":"g413by8vhos41wa","previousOperationId":"l6persio4d4krpr"}
{"type":"log","timestamp":1771365967530,"level":"debug","message":"Page request: GET (document) file:///tmp/jsreport/autocleanup/d7c36452-5178-4ddd-9817-306a3633770e-chrome-pdf.html","meta":{"rootId":"gqs2oi1bac690tk","id":"gqs2oi1bac690tk"},"id":"xade4ofo4kclo25","previousOperationId":"l6persio4d4krpr"}
{"type":"log","timestamp":1771365967588,"level":"debug","message":"Page request finished: GET (document) 200 file:///tmp/jsreport/autocleanup/d7c36452-5178-4ddd-9817-306a3633770e-chrome-pdf.html","meta":{"rootId":"gqs2oi1bac690tk","id":"gqs2oi1bac690tk"},"id":"bbg26jjs1n1flxi","previousOperationId":"l6persio4d4krpr"}
{"type":"log","timestamp":1771365967596,"level":"debug","message":"Page request: GET (image) https://paciolibucket.s3.us-east-2.amazonaws.com/orgs/c64b69f6759a43a1bc0ae31961876751/companies/logos/e9767ff4-7186-447f-a397-208ea6bbfdb8_ninosfelices.png?X-Amz-Expires=600&X-Amz-Algorithm=AWS4-HMAC-SHA256&X-Amz-Credential=AKIAVYV5Z6T6UQ4ARWOC%2F20260217%2Fus-east-2%2Fs3%2Faws4_request&X-Amz-Date=20260217T220606Z&X-Amz-SignedHeaders=host&X-Amz-Signature=46725ab9d83c21290e55617913f74b471a4057927c3c5389505f2571feae81e9","meta":{"rootId":"gqs2oi1bac690tk","id":"gqs2oi1bac690tk"},"id":"7sr5ozyo6haclp0","previousOperationId":"l6persio4d4krpr"}
{"type":"log","timestamp":1771365968253,"level":"debug","message":"Page request finished: GET (image) 200 https://paciolibucket.s3.us-east-2.amazonaws.com/orgs/c64b69f6759a43a1bc0ae31961876751/companies/logos/e9767ff4-7186-447f-a397-208ea6bbfdb8_ninosfelices.png?X-Amz-Expires=600&X-Amz-Algorithm=AWS4-HMAC-SHA256&X-Amz-Credential=AKIAVYV5Z6T6UQ4ARWOC%2F20260217%2Fus-east-2%2Fs3%2Faws4_request&X-Amz-Date=20260217T220606Z&X-Amz-SignedHeaders=host&X-Amz-Signature=46725ab9d83c21290e55617913f74b471a4057927c3c5389505f2571feae81e9","meta":{"rootId":"gqs2oi1bac690tk","id":"gqs2oi1bac690tk"},"id":"7gsa7i4lw094o22","previousOperationId":"l6persio4d4krpr"}
{"type":"log","timestamp":1771365968259,"level":"debug","message":"Running chrome with params {\"printBackground\":true,\"timeout\":59706,\"margin\":{}}","meta":{"rootId":"gqs2oi1bac690tk","id":"gqs2oi1bac690tk"},"id":"yzxat52cdzho3iw","previousOperationId":"l6persio4d4krpr"}
{"type":"operationEnd","operationId":"l6persio4d4krpr","timestamp":1771365968459,"id":"fjokppcn7gxwi2b","previousEventId":"lx0l8xoyt0v44uc","previousOperationId":"l6persio4d4krpr"}
{"type":"log","timestamp":1771365968460,"level":"debug","message":"Skipping storing report.","meta":{"rootId":"gqs2oi1bac690tk","id":"gqs2oi1bac690tk"},"id":"k87vi68lhhhmsax","previousOperationId":"l6persio4d4krpr"}
{"type":"log","timestamp":1771365968460,"level":"info","message":"Rendering request 33 finished in 1868 ms","meta":{"rootId":"gqs2oi1bac690tk","id":"gqs2oi1bac690tk"},"id":"dyy2cdeageteqs8","previousOperationId":"l6persio4d4krpr"}
{"type":"operationEnd","subtype":"render","operationId":"650hbgt4bv52x1y","timestamp":1771365968460,"id":"9dufv8rs24b220f","previousEventId":"fjokppcn7gxwi2b","previousOperationId":"l6persio4d4krpr"}
{"type":"operationEnd","doDiffs":false,"previousEventId":"p0mezdk1mh34o6c","previousOperationId":"dkc0f7hidaqrn47","operationId":"dkc0f7hidaqrn47","timestamp":1771365968464,"id":"q5rtohes9qbkyb4"}
