{"type":"operationStart","subtype":"profile","data":{"_id":"bYjKRvLMPdIjYLyz","timestamp":"2026-01-22T03:16:15.693Z","state":"queued","mode":"standard","creationDate":"2026-01-22T03:16:15.696Z","modificationDate":"2026-01-22T03:16:15.696Z","shortid":"_IRG9W4","$entitySet":"profiles"},"doDiffs":false,"timestamp":1769051775696,"id":"6auva188ckx5yx3","previousOperationId":null,"operationId":"nb1kes8x2aaros0"}
{"type":"log","level":"info","message":"Render request 85 queued for execution and waiting for available worker","previousOperationId":"nb1kes8x2aaros0","timestamp":1769051775696,"id":"fr0xogrth9sey1p"}
{"type":"operationStart","subtype":"render","name":"journal-entry-v1","previousOperationId":"nb1kes8x2aaros0","timestamp":1769051775771,"id":"1a8395o4tgtfehf","previousEventId":"6auva188ckx5yx3","operationId":"slkgsb1sj4x5jtr"}
{"type":"log","timestamp":1769051775776,"level":"info","message":"Starting rendering request 85","meta":{"rootId":"hgx0pg2xtecru0d","id":"hgx0pg2xtecru0d"},"id":"cosj5w1fhasuku8","previousOperationId":"slkgsb1sj4x5jtr"}
{"type":"log","timestamp":1769051775788,"level":"info","message":"Rendering template { name: journal-entry-v1, recipe: chrome-pdf, engine: handlebars, preview: false }","meta":{"rootId":"hgx0pg2xtecru0d","id":"hgx0pg2xtecru0d"},"id":"fe4v6n8mdc077yj","previousOperationId":"slkgsb1sj4x5jtr"}
{"type":"log","timestamp":1769051775793,"level":"debug","message":"Inline data specified.","meta":{"rootId":"hgx0pg2xtecru0d","id":"hgx0pg2xtecru0d"},"id":"uczlk5sk993ag1m","previousOperationId":"slkgsb1sj4x5jtr"}
{"type":"log","timestamp":1769051775800,"level":"debug","message":"Base url not specified, skipping its injection.","meta":{"rootId":"hgx0pg2xtecru0d","id":"hgx0pg2xtecru0d"},"id":"ok3daaqlp4usz0w","previousOperationId":"slkgsb1sj4x5jtr"}
{"type":"operationStart","subtype":"engine","name":"handlebars","timestamp":1769051775810,"id":"9e68v3eaobxsgcg","previousEventId":"1a8395o4tgtfehf","operationId":"1lt06rwdek8k8vr","previousOperationId":"slkgsb1sj4x5jtr"}
{"type":"log","timestamp":1769051775810,"level":"debug","message":"Rendering engine handlebars","meta":{"rootId":"hgx0pg2xtecru0d","id":"hgx0pg2xtecru0d"},"id":"cji7wt5kk8qfx1g","previousOperationId":"1lt06rwdek8k8vr"}
{"type":"operationEnd","operationId":"1lt06rwdek8k8vr","timestamp":1769051775920,"id":"nzaiso35d9nalex","previousEventId":"9e68v3eaobxsgcg","previousOperationId":"1lt06rwdek8k8vr"}
{"type":"operationStart","subtype":"recipe","name":"chrome-pdf","timestamp":1769051775923,"id":"moqminaig51veke","previousEventId":"nzaiso35d9nalex","operationId":"ma9slhqmyy6eo77","previousOperationId":"1lt06rwdek8k8vr"}
{"type":"log","timestamp":1769051775924,"level":"debug","message":"Executing recipe chrome-pdf","meta":{"rootId":"hgx0pg2xtecru0d","id":"hgx0pg2xtecru0d"},"id":"25hyqc18usxy8hd","previousOperationId":"ma9slhqmyy6eo77"}
{"type":"log","timestamp":1769051775963,"level":"debug","message":"Converting with chrome Chrome/142.0.7444.175 using chrome-pool strategy","meta":{"rootId":"hgx0pg2xtecru0d","id":"hgx0pg2xtecru0d"},"id":"m3p7yb0bamdzgou","previousOperationId":"ma9slhqmyy6eo77"}
{"type":"log","timestamp":1769051776227,"level":"debug","message":"Page request: GET (document) file:///tmp/jsreport/autocleanup/d12be37c-f655-4e3a-b509-fe9fd4abce47-chrome-pdf.html","meta":{"rootId":"hgx0pg2xtecru0d","id":"hgx0pg2xtecru0d"},"id":"il6kty9p5xk7q0w","previousOperationId":"ma9slhqmyy6eo77"}
{"type":"log","timestamp":1769051776259,"level":"debug","message":"Page request finished: GET (document) 200 file:///tmp/jsreport/autocleanup/d12be37c-f655-4e3a-b509-fe9fd4abce47-chrome-pdf.html","meta":{"rootId":"hgx0pg2xtecru0d","id":"hgx0pg2xtecru0d"},"id":"vb6n6s8nldpvi4c","previousOperationId":"ma9slhqmyy6eo77"}
{"type":"log","timestamp":1769051776260,"level":"debug","message":"Page request: GET (image) https://paciolibucket.s3.us-east-2.amazonaws.com/orgs/c64b69f6759a43a1bc0ae31961876751/companies/logos/e9767ff4-7186-447f-a397-208ea6bbfdb8_ninosfelices.png?X-Amz-Expires=600&X-Amz-Algorithm=AWS4-HMAC-SHA256&X-Amz-Credential=AKIAVYV5Z6T6UQ4ARWOC%2F20260122%2Fus-east-2%2Fs3%2Faws4_request&X-Amz-Date=20260122T031611Z&X-Amz-SignedHeaders=host&X-Amz-Signature=5a317a9d785158de147b5c224f28ba34e872f26f7d44be2fd67ee9abc44950b7","meta":{"rootId":"hgx0pg2xtecru0d","id":"hgx0pg2xtecru0d"},"id":"tn7vlllioytc4wq","previousOperationId":"ma9slhqmyy6eo77"}
{"type":"log","timestamp":1769051776845,"level":"debug","message":"Page request finished: GET (image) 200 https://paciolibucket.s3.us-east-2.amazonaws.com/orgs/c64b69f6759a43a1bc0ae31961876751/companies/logos/e9767ff4-7186-447f-a397-208ea6bbfdb8_ninosfelices.png?X-Amz-Expires=600&X-Amz-Algorithm=AWS4-HMAC-SHA256&X-Amz-Credential=AKIAVYV5Z6T6UQ4ARWOC%2F20260122%2Fus-east-2%2Fs3%2Faws4_request&X-Amz-Date=20260122T031611Z&X-Amz-SignedHeaders=host&X-Amz-Signature=5a317a9d785158de147b5c224f28ba34e872f26f7d44be2fd67ee9abc44950b7","meta":{"rootId":"hgx0pg2xtecru0d","id":"hgx0pg2xtecru0d"},"id":"r36vui7pokbzsdy","previousOperationId":"ma9slhqmyy6eo77"}
{"type":"log","timestamp":1769051776848,"level":"debug","message":"Running chrome with params {\"printBackground\":true,\"timeout\":59757,\"margin\":{}}","meta":{"rootId":"hgx0pg2xtecru0d","id":"hgx0pg2xtecru0d"},"id":"yo0qwzpofolvnzm","previousOperationId":"ma9slhqmyy6eo77"}
{"type":"operationEnd","operationId":"ma9slhqmyy6eo77","timestamp":1769051777035,"id":"8c6ra0txuxcfutj","previousEventId":"moqminaig51veke","previousOperationId":"ma9slhqmyy6eo77"}
{"type":"log","timestamp":1769051777035,"level":"debug","message":"Skipping storing report.","meta":{"rootId":"hgx0pg2xtecru0d","id":"hgx0pg2xtecru0d"},"id":"0ktj97x6nnniwt4","previousOperationId":"ma9slhqmyy6eo77"}
{"type":"log","timestamp":1769051777036,"level":"info","message":"Rendering request 85 finished in 1343 ms","meta":{"rootId":"hgx0pg2xtecru0d","id":"hgx0pg2xtecru0d"},"id":"9kdu6wbgxm3n4s5","previousOperationId":"ma9slhqmyy6eo77"}
{"type":"operationEnd","subtype":"render","operationId":"slkgsb1sj4x5jtr","timestamp":1769051777036,"id":"yabtifvjv1ve5fc","previousEventId":"8c6ra0txuxcfutj","previousOperationId":"ma9slhqmyy6eo77"}
{"type":"operationEnd","doDiffs":false,"previousEventId":"6auva188ckx5yx3","previousOperationId":"nb1kes8x2aaros0","operationId":"nb1kes8x2aaros0","timestamp":1769051777039,"id":"zp7y8z25evwa06r"}
