{"type":"operationStart","subtype":"profile","data":{"_id":"VxW4962oLA9DXG5m","timestamp":"2026-01-22T04:04:10.090Z","state":"queued","mode":"standard","creationDate":"2026-01-22T04:04:10.094Z","modificationDate":"2026-01-22T04:04:10.094Z","shortid":"U7XMBQ2","$entitySet":"profiles"},"doDiffs":false,"timestamp":1769054650092,"id":"iq2p39xzxsc9oy5","previousOperationId":null,"operationId":"bbh5whqqu79dk7u"}
{"type":"log","level":"info","message":"Render request 99 queued for execution and waiting for available worker","previousOperationId":"bbh5whqqu79dk7u","timestamp":1769054650093,"id":"ljkz7ad2lmv0736"}
{"type":"operationStart","subtype":"render","name":"journal-entry-v1","previousOperationId":"bbh5whqqu79dk7u","timestamp":1769054650184,"id":"5ll99rbb83s73rf","previousEventId":"iq2p39xzxsc9oy5","operationId":"mh81m0yv9rhgwek"}
{"type":"log","timestamp":1769054650188,"level":"info","message":"Starting rendering request 99","meta":{"rootId":"i59y0gmlc0egyk9","id":"i59y0gmlc0egyk9"},"id":"4gcw698cdivnli9","previousOperationId":"mh81m0yv9rhgwek"}
{"type":"log","timestamp":1769054650194,"level":"info","message":"Rendering template { name: journal-entry-v1, recipe: chrome-pdf, engine: handlebars, preview: true }","meta":{"rootId":"i59y0gmlc0egyk9","id":"i59y0gmlc0egyk9"},"id":"uzpz9p61mbpzzrp","previousOperationId":"mh81m0yv9rhgwek"}
{"type":"log","timestamp":1769054650200,"level":"debug","message":"Inline data specified.","meta":{"rootId":"i59y0gmlc0egyk9","id":"i59y0gmlc0egyk9"},"id":"27bzehy2enx0nkr","previousOperationId":"mh81m0yv9rhgwek"}
{"type":"log","timestamp":1769054650206,"level":"debug","message":"Base url not specified, skipping its injection.","meta":{"rootId":"i59y0gmlc0egyk9","id":"i59y0gmlc0egyk9"},"id":"07wgztg4rw3t702","previousOperationId":"mh81m0yv9rhgwek"}
{"type":"operationStart","subtype":"engine","name":"handlebars","timestamp":1769054650212,"id":"ggs6ow967rek4a9","previousEventId":"5ll99rbb83s73rf","operationId":"xyxc2h9d20o1tdd","previousOperationId":"mh81m0yv9rhgwek"}
{"type":"log","timestamp":1769054650212,"level":"debug","message":"Rendering engine handlebars","meta":{"rootId":"i59y0gmlc0egyk9","id":"i59y0gmlc0egyk9"},"id":"uu7by9eajz9ztai","previousOperationId":"xyxc2h9d20o1tdd"}
{"type":"operationEnd","operationId":"xyxc2h9d20o1tdd","timestamp":1769054650293,"id":"qsdbnhepqd8t8y3","previousEventId":"ggs6ow967rek4a9","previousOperationId":"xyxc2h9d20o1tdd"}
{"type":"operationStart","subtype":"recipe","name":"chrome-pdf","timestamp":1769054650296,"id":"9psyynkn3omotkg","previousEventId":"qsdbnhepqd8t8y3","operationId":"jkgl65l7o2x1gou","previousOperationId":"xyxc2h9d20o1tdd"}
{"type":"log","timestamp":1769054650296,"level":"debug","message":"Executing recipe chrome-pdf","meta":{"rootId":"i59y0gmlc0egyk9","id":"i59y0gmlc0egyk9"},"id":"8yao927a6mk3chp","previousOperationId":"jkgl65l7o2x1gou"}
{"type":"log","timestamp":1769054650328,"level":"debug","message":"Converting with chrome Chrome/142.0.7444.175 using chrome-pool strategy","meta":{"rootId":"i59y0gmlc0egyk9","id":"i59y0gmlc0egyk9"},"id":"hbttfcs44qh6isd","previousOperationId":"jkgl65l7o2x1gou"}
{"type":"log","timestamp":1769054650543,"level":"debug","message":"Page request: GET (document) file:///tmp/jsreport/autocleanup/721255fd-7bb9-4e4d-a014-c4cba763ab89-chrome-pdf.html","meta":{"rootId":"i59y0gmlc0egyk9","id":"i59y0gmlc0egyk9"},"id":"vcwtz4c9i523mi3","previousOperationId":"jkgl65l7o2x1gou"}
{"type":"log","timestamp":1769054650565,"level":"debug","message":"Page request finished: GET (document) 200 file:///tmp/jsreport/autocleanup/721255fd-7bb9-4e4d-a014-c4cba763ab89-chrome-pdf.html","meta":{"rootId":"i59y0gmlc0egyk9","id":"i59y0gmlc0egyk9"},"id":"qsitnpn54c486qz","previousOperationId":"jkgl65l7o2x1gou"}
{"type":"log","timestamp":1769054650568,"level":"debug","message":"Page request: GET (image) https://paciolibucket.s3.us-east-2.amazonaws.com/orgs/c64b69f6759a43a1bc0ae31961876751/companies/logos/e9767ff4-7186-447f-a397-208ea6bbfdb8_ninosfelices.png?X-Amz-Expires=600&X-Amz-Algorithm=AWS4-HMAC-SHA256&X-Amz-Credential=AKIAVYV5Z6T6UQ4ARWOC%2F20260122%2Fus-east-2%2Fs3%2Faws4_request&X-Amz-Date=20260122T033528Z&X-Amz-SignedHeaders=host&X-Amz-Signature=9b633606df821d9898111391bdf513f485b895efcc031a2d8642978865590d15","meta":{"rootId":"i59y0gmlc0egyk9","id":"i59y0gmlc0egyk9"},"id":"tyh3pujvkwkcumm","previousOperationId":"jkgl65l7o2x1gou"}
{"type":"log","timestamp":1769054650636,"level":"debug","message":"Page request finished: GET (image) 200 https://paciolibucket.s3.us-east-2.amazonaws.com/orgs/c64b69f6759a43a1bc0ae31961876751/companies/logos/e9767ff4-7186-447f-a397-208ea6bbfdb8_ninosfelices.png?X-Amz-Expires=600&X-Amz-Algorithm=AWS4-HMAC-SHA256&X-Amz-Credential=AKIAVYV5Z6T6UQ4ARWOC%2F20260122%2Fus-east-2%2Fs3%2Faws4_request&X-Amz-Date=20260122T033528Z&X-Amz-SignedHeaders=host&X-Amz-Signature=9b633606df821d9898111391bdf513f485b895efcc031a2d8642978865590d15","meta":{"rootId":"i59y0gmlc0egyk9","id":"i59y0gmlc0egyk9"},"id":"1tkb7gms3zc2lc9","previousOperationId":"jkgl65l7o2x1gou"}
{"type":"log","timestamp":1769054650638,"level":"debug","message":"Running chrome with params {\"printBackground\":true,\"timeout\":59779,\"margin\":{}}","meta":{"rootId":"i59y0gmlc0egyk9","id":"i59y0gmlc0egyk9"},"id":"006k7qfwa1jrzdy","previousOperationId":"jkgl65l7o2x1gou"}
{"type":"operationEnd","operationId":"jkgl65l7o2x1gou","timestamp":1769054650715,"id":"fc6f5fu4gnjw9cz","previousEventId":"9psyynkn3omotkg","previousOperationId":"jkgl65l7o2x1gou"}
{"type":"log","timestamp":1769054650715,"level":"debug","message":"Skipping storing report.","meta":{"rootId":"i59y0gmlc0egyk9","id":"i59y0gmlc0egyk9"},"id":"csdtpozu4cmujxy","previousOperationId":"jkgl65l7o2x1gou"}
{"type":"log","timestamp":1769054650716,"level":"info","message":"Rendering request 99 finished in 629 ms","meta":{"rootId":"i59y0gmlc0egyk9","id":"i59y0gmlc0egyk9"},"id":"5a6fskrhw74qc3n","previousOperationId":"jkgl65l7o2x1gou"}
{"type":"operationEnd","subtype":"render","operationId":"mh81m0yv9rhgwek","timestamp":1769054650716,"id":"hrn33yfzpjr8e5m","previousEventId":"fc6f5fu4gnjw9cz","previousOperationId":"jkgl65l7o2x1gou"}
{"type":"operationEnd","doDiffs":false,"previousEventId":"iq2p39xzxsc9oy5","previousOperationId":"bbh5whqqu79dk7u","operationId":"bbh5whqqu79dk7u","timestamp":1769054650721,"id":"ls2w7xyqe6gmpyy"}
