{"type":"operationStart","subtype":"profile","data":{"_id":"nyOcVsyoQ5lgLRyC","timestamp":"2026-01-22T04:10:31.675Z","state":"queued","mode":"standard","creationDate":"2026-01-22T04:10:31.677Z","modificationDate":"2026-01-22T04:10:31.677Z","shortid":"3ZI9mJB","$entitySet":"profiles"},"doDiffs":false,"timestamp":1769055031677,"id":"65d71z7lvnkt4ro","previousOperationId":null,"operationId":"2wqv9bpep2so7xz"}
{"type":"log","level":"info","message":"Render request 107 queued for execution and waiting for available worker","previousOperationId":"2wqv9bpep2so7xz","timestamp":1769055031677,"id":"310upb1rz6nam64"}
{"type":"operationStart","subtype":"render","name":"journal-entry-v1","previousOperationId":"2wqv9bpep2so7xz","timestamp":1769055031743,"id":"ya96a7ltqrqxk2s","previousEventId":"65d71z7lvnkt4ro","operationId":"dxszdakattv5o5q"}
{"type":"log","timestamp":1769055031746,"level":"info","message":"Starting rendering request 107","meta":{"rootId":"ij030j33m92s2er","id":"ij030j33m92s2er"},"id":"2vqikq3gceca760","previousOperationId":"dxszdakattv5o5q"}
{"type":"log","timestamp":1769055031750,"level":"info","message":"Rendering template { name: journal-entry-v1, recipe: chrome-pdf, engine: handlebars, preview: false }","meta":{"rootId":"ij030j33m92s2er","id":"ij030j33m92s2er"},"id":"uewztyadwsxt3dw","previousOperationId":"dxszdakattv5o5q"}
{"type":"log","timestamp":1769055031753,"level":"debug","message":"Inline data specified.","meta":{"rootId":"ij030j33m92s2er","id":"ij030j33m92s2er"},"id":"9bmjg9wnensq879","previousOperationId":"dxszdakattv5o5q"}
{"type":"log","timestamp":1769055031758,"level":"debug","message":"Base url not specified, skipping its injection.","meta":{"rootId":"ij030j33m92s2er","id":"ij030j33m92s2er"},"id":"u8nlse66c1rou2z","previousOperationId":"dxszdakattv5o5q"}
{"type":"operationStart","subtype":"engine","name":"handlebars","timestamp":1769055031763,"id":"gytzbba77347e5i","previousEventId":"ya96a7ltqrqxk2s","operationId":"w4fzlo29xcby7bb","previousOperationId":"dxszdakattv5o5q"}
{"type":"log","timestamp":1769055031763,"level":"debug","message":"Rendering engine handlebars","meta":{"rootId":"ij030j33m92s2er","id":"ij030j33m92s2er"},"id":"0l5crhqnf0rlgsq","previousOperationId":"w4fzlo29xcby7bb"}
{"type":"operationEnd","operationId":"w4fzlo29xcby7bb","timestamp":1769055031848,"id":"8ycko9vgeo4h4ek","previousEventId":"gytzbba77347e5i","previousOperationId":"w4fzlo29xcby7bb"}
{"type":"operationStart","subtype":"recipe","name":"chrome-pdf","timestamp":1769055031849,"id":"zc85e9pucvhrgvm","previousEventId":"8ycko9vgeo4h4ek","operationId":"aj0orvlhfftrcz9","previousOperationId":"w4fzlo29xcby7bb"}
{"type":"log","timestamp":1769055031849,"level":"debug","message":"Executing recipe chrome-pdf","meta":{"rootId":"ij030j33m92s2er","id":"ij030j33m92s2er"},"id":"1p38bhxmb51yp85","previousOperationId":"aj0orvlhfftrcz9"}
{"type":"log","timestamp":1769055031870,"level":"debug","message":"Converting with chrome Chrome/142.0.7444.175 using chrome-pool strategy","meta":{"rootId":"ij030j33m92s2er","id":"ij030j33m92s2er"},"id":"f77pccbsrs4yl0i","previousOperationId":"aj0orvlhfftrcz9"}
{"type":"log","timestamp":1769055032002,"level":"debug","message":"Page request: GET (document) file:///tmp/jsreport/autocleanup/e2fb3d1a-62f3-43e8-a7f6-56847cad741b-chrome-pdf.html","meta":{"rootId":"ij030j33m92s2er","id":"ij030j33m92s2er"},"id":"vv0ipmjn039teb5","previousOperationId":"aj0orvlhfftrcz9"}
{"type":"log","timestamp":1769055032022,"level":"debug","message":"Page request finished: GET (document) 200 file:///tmp/jsreport/autocleanup/e2fb3d1a-62f3-43e8-a7f6-56847cad741b-chrome-pdf.html","meta":{"rootId":"ij030j33m92s2er","id":"ij030j33m92s2er"},"id":"darvlx3hej6rf5r","previousOperationId":"aj0orvlhfftrcz9"}
{"type":"log","timestamp":1769055032023,"level":"debug","message":"Page request: GET (image) https://paciolibucket.s3.us-east-2.amazonaws.com/orgs/c64b69f6759a43a1bc0ae31961876751/companies/logos/e9767ff4-7186-447f-a397-208ea6bbfdb8_ninosfelices.png?X-Amz-Expires=600&X-Amz-Algorithm=AWS4-HMAC-SHA256&X-Amz-Credential=AKIAVYV5Z6T6UQ4ARWOC%2F20260122%2Fus-east-2%2Fs3%2Faws4_request&X-Amz-Date=20260122T041031Z&X-Amz-SignedHeaders=host&X-Amz-Signature=778043228f2f095c8fb0d2a7f0be8228a4fdb1f58f5a48670d1856e7d7ad4da2","meta":{"rootId":"ij030j33m92s2er","id":"ij030j33m92s2er"},"id":"h2sr890r02dl1rx","previousOperationId":"aj0orvlhfftrcz9"}
{"type":"log","timestamp":1769055032554,"level":"debug","message":"Page request finished: GET (image) 200 https://paciolibucket.s3.us-east-2.amazonaws.com/orgs/c64b69f6759a43a1bc0ae31961876751/companies/logos/e9767ff4-7186-447f-a397-208ea6bbfdb8_ninosfelices.png?X-Amz-Expires=600&X-Amz-Algorithm=AWS4-HMAC-SHA256&X-Amz-Credential=AKIAVYV5Z6T6UQ4ARWOC%2F20260122%2Fus-east-2%2Fs3%2Faws4_request&X-Amz-Date=20260122T041031Z&X-Amz-SignedHeaders=host&X-Amz-Signature=778043228f2f095c8fb0d2a7f0be8228a4fdb1f58f5a48670d1856e7d7ad4da2","meta":{"rootId":"ij030j33m92s2er","id":"ij030j33m92s2er"},"id":"xnsubfbgh2ngjns","previousOperationId":"aj0orvlhfftrcz9"}
{"type":"log","timestamp":1769055032555,"level":"debug","message":"Running chrome with params {\"printBackground\":true,\"timeout\":59817,\"margin\":{}}","meta":{"rootId":"ij030j33m92s2er","id":"ij030j33m92s2er"},"id":"s7ktizdiboeyfxz","previousOperationId":"aj0orvlhfftrcz9"}
{"type":"operationEnd","operationId":"aj0orvlhfftrcz9","timestamp":1769055032629,"id":"fkajwnok7keek6v","previousEventId":"zc85e9pucvhrgvm","previousOperationId":"aj0orvlhfftrcz9"}
{"type":"log","timestamp":1769055032630,"level":"debug","message":"Skipping storing report.","meta":{"rootId":"ij030j33m92s2er","id":"ij030j33m92s2er"},"id":"hffmb0ql1kwwwln","previousOperationId":"aj0orvlhfftrcz9"}
{"type":"log","timestamp":1769055032630,"level":"info","message":"Rendering request 107 finished in 956 ms","meta":{"rootId":"ij030j33m92s2er","id":"ij030j33m92s2er"},"id":"oexkh53iz20y7ln","previousOperationId":"aj0orvlhfftrcz9"}
{"type":"operationEnd","subtype":"render","operationId":"dxszdakattv5o5q","timestamp":1769055032630,"id":"mm1xc94zbylqt4h","previousEventId":"fkajwnok7keek6v","previousOperationId":"aj0orvlhfftrcz9"}
{"type":"operationEnd","doDiffs":false,"previousEventId":"65d71z7lvnkt4ro","previousOperationId":"2wqv9bpep2so7xz","operationId":"2wqv9bpep2so7xz","timestamp":1769055032631,"id":"zs029whd0a6o29p"}
