{"type":"operationStart","subtype":"profile","data":{"_id":"GjLmr2uYAcqsgYhv","timestamp":"2026-02-16T18:13:28.634Z","state":"queued","mode":"standard","creationDate":"2026-02-16T18:13:28.635Z","modificationDate":"2026-02-16T18:13:28.635Z","shortid":"By_FsUO","$entitySet":"profiles"},"doDiffs":false,"timestamp":1771265608635,"id":"e1rp1631d0trv4b","previousOperationId":null,"operationId":"2dsmigylzi4p70f"}
{"type":"log","level":"info","message":"Render request 2 queued for execution and waiting for available worker","previousOperationId":"2dsmigylzi4p70f","timestamp":1771265608635,"id":"idhn3en3lwr2zlu"}
{"type":"operationStart","subtype":"render","name":"journal-entry-v1","previousOperationId":"2dsmigylzi4p70f","timestamp":1771265608701,"id":"mjqnijip8y4zafu","previousEventId":"e1rp1631d0trv4b","operationId":"mgzeiu08s1s0o2x"}
{"type":"log","timestamp":1771265608702,"level":"info","message":"Starting rendering request 2","meta":{"rootId":"im366ma4gc7ktk8","id":"im366ma4gc7ktk8"},"id":"mvuv551jpuhk2ku","previousOperationId":"mgzeiu08s1s0o2x"}
{"type":"log","timestamp":1771265608702,"level":"info","message":"Rendering template { name: journal-entry-v1, recipe: chrome-pdf, engine: handlebars, preview: false }","meta":{"rootId":"im366ma4gc7ktk8","id":"im366ma4gc7ktk8"},"id":"2rhj1l4oga6xt62","previousOperationId":"mgzeiu08s1s0o2x"}
{"type":"log","timestamp":1771265608704,"level":"debug","message":"Inline data specified.","meta":{"rootId":"im366ma4gc7ktk8","id":"im366ma4gc7ktk8"},"id":"6zx3gmeeaewolih","previousOperationId":"mgzeiu08s1s0o2x"}
{"type":"log","timestamp":1771265608707,"level":"debug","message":"Base url not specified, skipping its injection.","meta":{"rootId":"im366ma4gc7ktk8","id":"im366ma4gc7ktk8"},"id":"eluwrva4c1yylbx","previousOperationId":"mgzeiu08s1s0o2x"}
{"type":"operationStart","subtype":"engine","name":"handlebars","timestamp":1771265608708,"id":"tr27kcxc21c2lhd","previousEventId":"mjqnijip8y4zafu","operationId":"z7wwi83w89ctqjt","previousOperationId":"mgzeiu08s1s0o2x"}
{"type":"log","timestamp":1771265608708,"level":"debug","message":"Rendering engine handlebars","meta":{"rootId":"im366ma4gc7ktk8","id":"im366ma4gc7ktk8"},"id":"xdgtlposkep1iau","previousOperationId":"z7wwi83w89ctqjt"}
{"type":"operationEnd","operationId":"z7wwi83w89ctqjt","timestamp":1771265609040,"id":"a9j07rrjc2maikf","previousEventId":"tr27kcxc21c2lhd","previousOperationId":"z7wwi83w89ctqjt"}
{"type":"operationStart","subtype":"recipe","name":"chrome-pdf","timestamp":1771265609041,"id":"01ti7oixrbehn09","previousEventId":"a9j07rrjc2maikf","operationId":"ln90sei0eywkso9","previousOperationId":"z7wwi83w89ctqjt"}
{"type":"log","timestamp":1771265609041,"level":"debug","message":"Executing recipe chrome-pdf","meta":{"rootId":"im366ma4gc7ktk8","id":"im366ma4gc7ktk8"},"id":"sm3469mtfjsmdds","previousOperationId":"ln90sei0eywkso9"}
{"type":"log","timestamp":1771265609337,"level":"debug","message":"Converting with chrome Chrome/142.0.7444.175 using chrome-pool strategy","meta":{"rootId":"im366ma4gc7ktk8","id":"im366ma4gc7ktk8"},"id":"m4ea1k4wr3d4w5f","previousOperationId":"ln90sei0eywkso9"}
{"type":"log","timestamp":1771265609397,"level":"debug","message":"Page request: GET (document) file:///tmp/jsreport/autocleanup/52bf0507-ed3e-47c4-b8d6-5441b61c2379-chrome-pdf.html","meta":{"rootId":"im366ma4gc7ktk8","id":"im366ma4gc7ktk8"},"id":"ktkylvqmstempcc","previousOperationId":"ln90sei0eywkso9"}
{"type":"log","timestamp":1771265609412,"level":"debug","message":"Page request: GET (image) https://paciolibucket.s3.us-east-2.amazonaws.com/orgs/c64b69f6759a43a1bc0ae31961876751/companies/logos/e9767ff4-7186-447f-a397-208ea6bbfdb8_ninosfelices.png?X-Amz-Expires=600&X-Amz-Algorithm=AWS4-HMAC-SHA256&X-Amz-Credential=AKIAVYV5Z6T6UQ4ARWOC%2F20260216%2Fus-east-2%2Fs3%2Faws4_request&X-Amz-Date=20260216T181328Z&X-Amz-SignedHeaders=host&X-Amz-Signature=abf30deec6774173dd7850472d5ba047b2e98ff01c33c3ab1cfe124080c4e9a9","meta":{"rootId":"im366ma4gc7ktk8","id":"im366ma4gc7ktk8"},"id":"svfqwokgsipqy17","previousOperationId":"ln90sei0eywkso9"}
{"type":"log","timestamp":1771265609413,"level":"debug","message":"Page request finished: GET (document) 200 file:///tmp/jsreport/autocleanup/52bf0507-ed3e-47c4-b8d6-5441b61c2379-chrome-pdf.html","meta":{"rootId":"im366ma4gc7ktk8","id":"im366ma4gc7ktk8"},"id":"krtbyjezdhdvuz6","previousOperationId":"ln90sei0eywkso9"}
{"type":"log","timestamp":1771265609917,"level":"debug","message":"Page request finished: GET (image) 200 https://paciolibucket.s3.us-east-2.amazonaws.com/orgs/c64b69f6759a43a1bc0ae31961876751/companies/logos/e9767ff4-7186-447f-a397-208ea6bbfdb8_ninosfelices.png?X-Amz-Expires=600&X-Amz-Algorithm=AWS4-HMAC-SHA256&X-Amz-Credential=AKIAVYV5Z6T6UQ4ARWOC%2F20260216%2Fus-east-2%2Fs3%2Faws4_request&X-Amz-Date=20260216T181328Z&X-Amz-SignedHeaders=host&X-Amz-Signature=abf30deec6774173dd7850472d5ba047b2e98ff01c33c3ab1cfe124080c4e9a9","meta":{"rootId":"im366ma4gc7ktk8","id":"im366ma4gc7ktk8"},"id":"agpu1c5wt080exb","previousOperationId":"ln90sei0eywkso9"}
{"type":"log","timestamp":1771265609919,"level":"debug","message":"Running chrome with params {\"printBackground\":true,\"timeout\":59591,\"margin\":{}}","meta":{"rootId":"im366ma4gc7ktk8","id":"im366ma4gc7ktk8"},"id":"jh7nmnfh11b7jqy","previousOperationId":"ln90sei0eywkso9"}
{"type":"operationEnd","operationId":"ln90sei0eywkso9","timestamp":1771265609966,"id":"6j9qeasv4zbmjlu","previousEventId":"01ti7oixrbehn09","previousOperationId":"ln90sei0eywkso9"}
{"type":"log","timestamp":1771265609966,"level":"debug","message":"Skipping storing report.","meta":{"rootId":"im366ma4gc7ktk8","id":"im366ma4gc7ktk8"},"id":"miivn6etqpenian","previousOperationId":"ln90sei0eywkso9"}
{"type":"log","timestamp":1771265609966,"level":"info","message":"Rendering request 2 finished in 1332 ms","meta":{"rootId":"im366ma4gc7ktk8","id":"im366ma4gc7ktk8"},"id":"vrkamrr8bnb96id","previousOperationId":"ln90sei0eywkso9"}
{"type":"operationEnd","subtype":"render","operationId":"mgzeiu08s1s0o2x","timestamp":1771265609966,"id":"gwh0ilto0oebazh","previousEventId":"6j9qeasv4zbmjlu","previousOperationId":"ln90sei0eywkso9"}
{"type":"operationEnd","doDiffs":false,"previousEventId":"e1rp1631d0trv4b","previousOperationId":"2dsmigylzi4p70f","operationId":"2dsmigylzi4p70f","timestamp":1771265609968,"id":"w96x1ndd7tgu9wj"}
