{"type":"operationStart","subtype":"profile","data":{"_id":"HEElfo0dLBbKaFqu","timestamp":"2026-01-21T02:48:44.580Z","state":"queued","mode":"standard","creationDate":"2026-01-21T02:48:44.581Z","modificationDate":"2026-01-21T02:48:44.581Z","shortid":"31qzIl3","$entitySet":"profiles"},"doDiffs":false,"timestamp":1768963724581,"id":"0tn2nsk6ck1vxl2","previousOperationId":null,"operationId":"6c3x5nwr6f2qwak"}
{"type":"log","level":"info","message":"Render request 12 queued for execution and waiting for available worker","previousOperationId":"6c3x5nwr6f2qwak","timestamp":1768963724581,"id":"aotzqnjfsxfstjk"}
{"type":"operationStart","subtype":"render","name":"journal-entry-v1","previousOperationId":"6c3x5nwr6f2qwak","timestamp":1768963724641,"id":"j9rwj7ok0hgn792","previousEventId":"0tn2nsk6ck1vxl2","operationId":"d6fy78q9z73bkdh"}
{"type":"log","timestamp":1768963724642,"level":"info","message":"Starting rendering request 12","meta":{"rootId":"iv8zw4aizhr1lsg","id":"iv8zw4aizhr1lsg"},"id":"jdkeisqiaq5w5t9","previousOperationId":"d6fy78q9z73bkdh"}
{"type":"log","timestamp":1768963724642,"level":"info","message":"Rendering template { name: journal-entry-v1, recipe: chrome-pdf, engine: handlebars, preview: false }","meta":{"rootId":"iv8zw4aizhr1lsg","id":"iv8zw4aizhr1lsg"},"id":"0osrffmmakmq9xz","previousOperationId":"d6fy78q9z73bkdh"}
{"type":"log","timestamp":1768963724644,"level":"debug","message":"Inline data specified.","meta":{"rootId":"iv8zw4aizhr1lsg","id":"iv8zw4aizhr1lsg"},"id":"syh5frrapaodoq2","previousOperationId":"d6fy78q9z73bkdh"}
{"type":"log","timestamp":1768963724648,"level":"debug","message":"Base url not specified, skipping its injection.","meta":{"rootId":"iv8zw4aizhr1lsg","id":"iv8zw4aizhr1lsg"},"id":"aj6proifvms1wyd","previousOperationId":"d6fy78q9z73bkdh"}
{"type":"operationStart","subtype":"engine","name":"handlebars","timestamp":1768963724649,"id":"wcwhtd2blll2wc6","previousEventId":"j9rwj7ok0hgn792","operationId":"cbdcy7tolblr9sx","previousOperationId":"d6fy78q9z73bkdh"}
{"type":"log","timestamp":1768963724649,"level":"debug","message":"Rendering engine handlebars","meta":{"rootId":"iv8zw4aizhr1lsg","id":"iv8zw4aizhr1lsg"},"id":"enq87sz20ij6pyu","previousOperationId":"cbdcy7tolblr9sx"}
{"type":"operationEnd","operationId":"cbdcy7tolblr9sx","timestamp":1768963724658,"id":"tzcunsahfrea1j2","previousEventId":"wcwhtd2blll2wc6","previousOperationId":"cbdcy7tolblr9sx"}
{"type":"operationStart","subtype":"recipe","name":"chrome-pdf","timestamp":1768963724658,"id":"ie6pg5ufwjq5s4o","previousEventId":"tzcunsahfrea1j2","operationId":"2wqnx0al1y46x14","previousOperationId":"cbdcy7tolblr9sx"}
{"type":"log","timestamp":1768963724658,"level":"debug","message":"Executing recipe chrome-pdf","meta":{"rootId":"iv8zw4aizhr1lsg","id":"iv8zw4aizhr1lsg"},"id":"hmntl3qnsc8ppwj","previousOperationId":"2wqnx0al1y46x14"}
{"type":"log","timestamp":1768963724660,"level":"debug","message":"Converting with chrome Chrome/142.0.7444.175 using chrome-pool strategy","meta":{"rootId":"iv8zw4aizhr1lsg","id":"iv8zw4aizhr1lsg"},"id":"nrw20y8syl7ubve","previousOperationId":"2wqnx0al1y46x14"}
{"type":"log","timestamp":1768963724698,"level":"debug","message":"Page request: GET (document) file:///tmp/jsreport/autocleanup/839cb78e-a765-4684-9bd9-0b6a8ff2fd77-chrome-pdf.html","meta":{"rootId":"iv8zw4aizhr1lsg","id":"iv8zw4aizhr1lsg"},"id":"70i0urvij7owjj9","previousOperationId":"2wqnx0al1y46x14"}
{"type":"log","timestamp":1768963724711,"level":"debug","message":"Page request finished: GET (document) 200 file:///tmp/jsreport/autocleanup/839cb78e-a765-4684-9bd9-0b6a8ff2fd77-chrome-pdf.html","meta":{"rootId":"iv8zw4aizhr1lsg","id":"iv8zw4aizhr1lsg"},"id":"pq1eyzqxb0lftfm","previousOperationId":"2wqnx0al1y46x14"}
{"type":"log","timestamp":1768963724712,"level":"warn","message":"Page request failed: GET (stylesheet) file:///tmp/jsreport/autocleanup/styles.css, failure: net::ERR_ACCESS_DENIED","meta":{"rootId":"iv8zw4aizhr1lsg","id":"iv8zw4aizhr1lsg"},"id":"1pzj7so0phqwqr5","previousOperationId":"2wqnx0al1y46x14"}
{"type":"log","timestamp":1768963724712,"level":"debug","message":"(console:error) Failed to load resource: net::ERR_ACCESS_DENIED","meta":{"userLevel":true,"rootId":"iv8zw4aizhr1lsg","id":"iv8zw4aizhr1lsg"},"id":"xsw69wcha1fihn1","previousOperationId":"2wqnx0al1y46x14"}
{"type":"log","timestamp":1768963724719,"level":"debug","message":"Running chrome with params {\"printBackground\":true,\"timeout\":59921,\"margin\":{}}","meta":{"rootId":"iv8zw4aizhr1lsg","id":"iv8zw4aizhr1lsg"},"id":"umi9ph9a0jhuqnb","previousOperationId":"2wqnx0al1y46x14"}
{"type":"operationEnd","operationId":"2wqnx0al1y46x14","timestamp":1768963724752,"id":"ufk2kj4wnsitqo7","previousEventId":"ie6pg5ufwjq5s4o","previousOperationId":"2wqnx0al1y46x14"}
{"type":"log","timestamp":1768963724752,"level":"debug","message":"Skipping storing report.","meta":{"rootId":"iv8zw4aizhr1lsg","id":"iv8zw4aizhr1lsg"},"id":"sl7eg2zbv1n282f","previousOperationId":"2wqnx0al1y46x14"}
{"type":"log","timestamp":1768963724753,"level":"info","message":"Rendering request 12 finished in 173 ms","meta":{"rootId":"iv8zw4aizhr1lsg","id":"iv8zw4aizhr1lsg"},"id":"fh92r9bwqnj22q1","previousOperationId":"2wqnx0al1y46x14"}
{"type":"operationEnd","subtype":"render","operationId":"d6fy78q9z73bkdh","timestamp":1768963724753,"id":"ztwyxrpqw0bx4k2","previousEventId":"ufk2kj4wnsitqo7","previousOperationId":"2wqnx0al1y46x14"}
{"type":"operationEnd","doDiffs":false,"previousEventId":"0tn2nsk6ck1vxl2","previousOperationId":"6c3x5nwr6f2qwak","operationId":"6c3x5nwr6f2qwak","timestamp":1768963724754,"id":"oqta3v8l7otvr4x"}
