{"type":"operationStart","subtype":"profile","data":{"_id":"y0pctMkQpHON0Xqs","timestamp":"2026-02-17T18:12:50.335Z","state":"queued","mode":"standard","creationDate":"2026-02-17T18:12:50.336Z","modificationDate":"2026-02-17T18:12:50.336Z","shortid":"HEVW53H","$entitySet":"profiles"},"doDiffs":false,"timestamp":1771351970336,"id":"nqmbpr7x706hykq","previousOperationId":null,"operationId":"oyfzt6r99rl2ezg"}
{"type":"log","level":"info","message":"Render request 16 queued for execution and waiting for available worker","previousOperationId":"oyfzt6r99rl2ezg","timestamp":1771351970336,"id":"p6tw1zwdnidpr9r"}
{"type":"operationStart","subtype":"render","name":"journal-entry-v1","previousOperationId":"oyfzt6r99rl2ezg","timestamp":1771351970394,"id":"dl3f6remjxym51a","previousEventId":"nqmbpr7x706hykq","operationId":"u47o84p9ta62m49"}
{"type":"log","timestamp":1771351970394,"level":"info","message":"Starting rendering request 16","meta":{"rootId":"j0rdtwhkdm99xpa","id":"j0rdtwhkdm99xpa"},"id":"w20txcggy2nnvbo","previousOperationId":"u47o84p9ta62m49"}
{"type":"log","timestamp":1771351970395,"level":"info","message":"Rendering template { name: journal-entry-v1, recipe: chrome-pdf, engine: handlebars, preview: false }","meta":{"rootId":"j0rdtwhkdm99xpa","id":"j0rdtwhkdm99xpa"},"id":"hd8hmpghoznpf4c","previousOperationId":"u47o84p9ta62m49"}
{"type":"log","timestamp":1771351970396,"level":"debug","message":"Inline data specified.","meta":{"rootId":"j0rdtwhkdm99xpa","id":"j0rdtwhkdm99xpa"},"id":"4jfajiv971phmmz","previousOperationId":"u47o84p9ta62m49"}
{"type":"log","timestamp":1771351970398,"level":"debug","message":"Base url not specified, skipping its injection.","meta":{"rootId":"j0rdtwhkdm99xpa","id":"j0rdtwhkdm99xpa"},"id":"is2kri3l6i5b96r","previousOperationId":"u47o84p9ta62m49"}
{"type":"operationStart","subtype":"engine","name":"handlebars","timestamp":1771351970399,"id":"t67iuu46y2pf2wt","previousEventId":"dl3f6remjxym51a","operationId":"9hyph99afwspls1","previousOperationId":"u47o84p9ta62m49"}
{"type":"log","timestamp":1771351970399,"level":"debug","message":"Rendering engine handlebars","meta":{"rootId":"j0rdtwhkdm99xpa","id":"j0rdtwhkdm99xpa"},"id":"6cqkm7mzzejt7p9","previousOperationId":"9hyph99afwspls1"}
{"type":"operationEnd","operationId":"9hyph99afwspls1","timestamp":1771351970569,"id":"3veqp00gu7zmq51","previousEventId":"t67iuu46y2pf2wt","previousOperationId":"9hyph99afwspls1"}
{"type":"operationStart","subtype":"recipe","name":"chrome-pdf","timestamp":1771351970569,"id":"infvwzmhadhof8p","previousEventId":"3veqp00gu7zmq51","operationId":"vmon4mfuf67ba77","previousOperationId":"9hyph99afwspls1"}
{"type":"log","timestamp":1771351970569,"level":"debug","message":"Executing recipe chrome-pdf","meta":{"rootId":"j0rdtwhkdm99xpa","id":"j0rdtwhkdm99xpa"},"id":"r5mehwz26qtb1kk","previousOperationId":"vmon4mfuf67ba77"}
{"type":"log","timestamp":1771351970571,"level":"debug","message":"Converting with chrome Chrome/142.0.7444.175 using chrome-pool strategy","meta":{"rootId":"j0rdtwhkdm99xpa","id":"j0rdtwhkdm99xpa"},"id":"op1vpr1mohrl7hy","previousOperationId":"vmon4mfuf67ba77"}
{"type":"log","timestamp":1771351970630,"level":"debug","message":"Page request: GET (document) file:///tmp/jsreport/autocleanup/aa3e63d8-42e3-470f-828f-026d266ebc10-chrome-pdf.html","meta":{"rootId":"j0rdtwhkdm99xpa","id":"j0rdtwhkdm99xpa"},"id":"4yu2q1vvk68xdf6","previousOperationId":"vmon4mfuf67ba77"}
{"type":"log","timestamp":1771351970641,"level":"debug","message":"Page request finished: GET (document) 200 file:///tmp/jsreport/autocleanup/aa3e63d8-42e3-470f-828f-026d266ebc10-chrome-pdf.html","meta":{"rootId":"j0rdtwhkdm99xpa","id":"j0rdtwhkdm99xpa"},"id":"xl4m25dtsmvyqng","previousOperationId":"vmon4mfuf67ba77"}
{"type":"log","timestamp":1771351970643,"level":"debug","message":"Page request: GET (image) https://paciolibucket.s3.us-east-2.amazonaws.com/orgs/c64b69f6759a43a1bc0ae31961876751/companies/logos/e9767ff4-7186-447f-a397-208ea6bbfdb8_ninosfelices.png?X-Amz-Expires=600&X-Amz-Algorithm=AWS4-HMAC-SHA256&X-Amz-Credential=AKIAVYV5Z6T6UQ4ARWOC%2F20260217%2Fus-east-2%2Fs3%2Faws4_request&X-Amz-Date=20260217T181250Z&X-Amz-SignedHeaders=host&X-Amz-Signature=47c9a700bdad3117134c0918ad2a05120c16827556bb4b59f487ed8123c68bde","meta":{"rootId":"j0rdtwhkdm99xpa","id":"j0rdtwhkdm99xpa"},"id":"iz8u7b0xdrk179q","previousOperationId":"vmon4mfuf67ba77"}
{"type":"log","timestamp":1771351971148,"level":"debug","message":"Page request finished: GET (image) 200 https://paciolibucket.s3.us-east-2.amazonaws.com/orgs/c64b69f6759a43a1bc0ae31961876751/companies/logos/e9767ff4-7186-447f-a397-208ea6bbfdb8_ninosfelices.png?X-Amz-Expires=600&X-Amz-Algorithm=AWS4-HMAC-SHA256&X-Amz-Credential=AKIAVYV5Z6T6UQ4ARWOC%2F20260217%2Fus-east-2%2Fs3%2Faws4_request&X-Amz-Date=20260217T181250Z&X-Amz-SignedHeaders=host&X-Amz-Signature=47c9a700bdad3117134c0918ad2a05120c16827556bb4b59f487ed8123c68bde","meta":{"rootId":"j0rdtwhkdm99xpa","id":"j0rdtwhkdm99xpa"},"id":"aev3jar9rnzwzai","previousOperationId":"vmon4mfuf67ba77"}
{"type":"log","timestamp":1771351971149,"level":"debug","message":"Running chrome with params {\"printBackground\":true,\"timeout\":59764,\"margin\":{}}","meta":{"rootId":"j0rdtwhkdm99xpa","id":"j0rdtwhkdm99xpa"},"id":"zpys9ywbg4qwin5","previousOperationId":"vmon4mfuf67ba77"}
{"type":"operationEnd","operationId":"vmon4mfuf67ba77","timestamp":1771351971213,"id":"cjzp57yfrx64bwp","previousEventId":"infvwzmhadhof8p","previousOperationId":"vmon4mfuf67ba77"}
{"type":"log","timestamp":1771351971214,"level":"debug","message":"Skipping storing report.","meta":{"rootId":"j0rdtwhkdm99xpa","id":"j0rdtwhkdm99xpa"},"id":"k765lssw4nxmi6t","previousOperationId":"vmon4mfuf67ba77"}
{"type":"log","timestamp":1771351971214,"level":"info","message":"Rendering request 16 finished in 880 ms","meta":{"rootId":"j0rdtwhkdm99xpa","id":"j0rdtwhkdm99xpa"},"id":"4equ5vxevwgkm4y","previousOperationId":"vmon4mfuf67ba77"}
{"type":"operationEnd","subtype":"render","operationId":"u47o84p9ta62m49","timestamp":1771351971215,"id":"q2e2qi5qwt9y9gk","previousEventId":"cjzp57yfrx64bwp","previousOperationId":"vmon4mfuf67ba77"}
{"type":"operationEnd","doDiffs":false,"previousEventId":"nqmbpr7x706hykq","previousOperationId":"oyfzt6r99rl2ezg","operationId":"oyfzt6r99rl2ezg","timestamp":1771351971217,"id":"6lcphmd8041wudw"}
