{"type":"operationStart","subtype":"profile","data":{"_id":"TbzqCq74VHY57FNw","timestamp":"2026-01-22T02:54:03.535Z","state":"queued","mode":"standard","creationDate":"2026-01-22T02:54:03.550Z","modificationDate":"2026-01-22T02:54:03.551Z","shortid":"3jQKFXn","$entitySet":"profiles"},"doDiffs":false,"timestamp":1769050443540,"id":"nv1sizwt5s6ouk9","previousOperationId":null,"operationId":"h6w7emn0xgdqd7s"}
{"type":"log","level":"info","message":"Render request 72 queued for execution and waiting for available worker","previousOperationId":"h6w7emn0xgdqd7s","timestamp":1769050443541,"id":"4y68v5oei5a16ay"}
{"type":"operationStart","subtype":"render","name":"journal-entry-v1","previousOperationId":"h6w7emn0xgdqd7s","timestamp":1769050443634,"id":"samkjnjsj0vyedq","previousEventId":"nv1sizwt5s6ouk9","operationId":"c1ug92xcei5rgib"}
{"type":"log","timestamp":1769050443638,"level":"info","message":"Starting rendering request 72","meta":{"rootId":"j4kfw0elxgwll5j","id":"j4kfw0elxgwll5j"},"id":"pxhky369cjrqpr5","previousOperationId":"c1ug92xcei5rgib"}
{"type":"log","timestamp":1769050443642,"level":"info","message":"Rendering template { name: journal-entry-v1, recipe: chrome-pdf, engine: handlebars, preview: false }","meta":{"rootId":"j4kfw0elxgwll5j","id":"j4kfw0elxgwll5j"},"id":"uyce3vi4r8dq2tm","previousOperationId":"c1ug92xcei5rgib"}
{"type":"log","timestamp":1769050443652,"level":"debug","message":"Inline data specified.","meta":{"rootId":"j4kfw0elxgwll5j","id":"j4kfw0elxgwll5j"},"id":"qmd23cqmjw2m6t8","previousOperationId":"c1ug92xcei5rgib"}
{"type":"log","timestamp":1769050443665,"level":"debug","message":"Base url not specified, skipping its injection.","meta":{"rootId":"j4kfw0elxgwll5j","id":"j4kfw0elxgwll5j"},"id":"zks4mwiwpfhvqd5","previousOperationId":"c1ug92xcei5rgib"}
{"type":"operationStart","subtype":"engine","name":"handlebars","timestamp":1769050443675,"id":"fse6ryji31jr2mb","previousEventId":"samkjnjsj0vyedq","operationId":"dqi24na71g1dpjh","previousOperationId":"c1ug92xcei5rgib"}
{"type":"log","timestamp":1769050443675,"level":"debug","message":"Rendering engine handlebars","meta":{"rootId":"j4kfw0elxgwll5j","id":"j4kfw0elxgwll5j"},"id":"6imwko0roi9751k","previousOperationId":"dqi24na71g1dpjh"}
{"type":"operationEnd","operationId":"dqi24na71g1dpjh","timestamp":1769050443783,"id":"bmw9xvmzmfdl0zb","previousEventId":"fse6ryji31jr2mb","previousOperationId":"dqi24na71g1dpjh"}
{"type":"operationStart","subtype":"recipe","name":"chrome-pdf","timestamp":1769050443784,"id":"goiwvwt9lgr1xl3","previousEventId":"bmw9xvmzmfdl0zb","operationId":"v154vhtwzwzqj1p","previousOperationId":"dqi24na71g1dpjh"}
{"type":"log","timestamp":1769050443784,"level":"debug","message":"Executing recipe chrome-pdf","meta":{"rootId":"j4kfw0elxgwll5j","id":"j4kfw0elxgwll5j"},"id":"8jdicue85j3vwo2","previousOperationId":"v154vhtwzwzqj1p"}
{"type":"log","timestamp":1769050443827,"level":"debug","message":"Converting with chrome Chrome/142.0.7444.175 using chrome-pool strategy","meta":{"rootId":"j4kfw0elxgwll5j","id":"j4kfw0elxgwll5j"},"id":"en68uj4weia9gg4","previousOperationId":"v154vhtwzwzqj1p"}
{"type":"log","timestamp":1769050444203,"level":"debug","message":"Page request: GET (document) file:///tmp/jsreport/autocleanup/0f0831e2-7fc0-442c-bd0d-046632f4fc4e-chrome-pdf.html","meta":{"rootId":"j4kfw0elxgwll5j","id":"j4kfw0elxgwll5j"},"id":"v48fep1wt0szkjn","previousOperationId":"v154vhtwzwzqj1p"}
{"type":"log","timestamp":1769050444235,"level":"debug","message":"Page request finished: GET (document) 200 file:///tmp/jsreport/autocleanup/0f0831e2-7fc0-442c-bd0d-046632f4fc4e-chrome-pdf.html","meta":{"rootId":"j4kfw0elxgwll5j","id":"j4kfw0elxgwll5j"},"id":"nll8xgqghm87qsk","previousOperationId":"v154vhtwzwzqj1p"}
{"type":"log","timestamp":1769050444299,"level":"debug","message":"Running chrome with params {\"printBackground\":true,\"timeout\":59729,\"margin\":{}}","meta":{"rootId":"j4kfw0elxgwll5j","id":"j4kfw0elxgwll5j"},"id":"vmbk5jw74wepfc4","previousOperationId":"v154vhtwzwzqj1p"}
{"type":"operationEnd","operationId":"v154vhtwzwzqj1p","timestamp":1769050444438,"id":"z7k7y0y7az16r4o","previousEventId":"goiwvwt9lgr1xl3","previousOperationId":"v154vhtwzwzqj1p"}
{"type":"log","timestamp":1769050444439,"level":"debug","message":"Skipping storing report.","meta":{"rootId":"j4kfw0elxgwll5j","id":"j4kfw0elxgwll5j"},"id":"zds0svlq7xi94us","previousOperationId":"v154vhtwzwzqj1p"}
{"type":"log","timestamp":1769050444439,"level":"info","message":"Rendering request 72 finished in 915 ms","meta":{"rootId":"j4kfw0elxgwll5j","id":"j4kfw0elxgwll5j"},"id":"ruu7cgdhfq5jg41","previousOperationId":"v154vhtwzwzqj1p"}
{"type":"operationEnd","subtype":"render","operationId":"c1ug92xcei5rgib","timestamp":1769050444439,"id":"cawtaebjhy05ymj","previousEventId":"z7k7y0y7az16r4o","previousOperationId":"v154vhtwzwzqj1p"}
{"type":"operationEnd","doDiffs":false,"previousEventId":"nv1sizwt5s6ouk9","previousOperationId":"h6w7emn0xgdqd7s","operationId":"h6w7emn0xgdqd7s","timestamp":1769050444442,"id":"39i9bz4j8og9uom"}
