{"type":"operationStart","subtype":"profile","data":{"_id":"sw2GfxYLZrylvKnN","timestamp":"2026-01-22T02:49:20.824Z","state":"queued","mode":"standard","creationDate":"2026-01-22T02:49:20.827Z","modificationDate":"2026-01-22T02:49:20.827Z","shortid":"IoMmHwV","$entitySet":"profiles"},"doDiffs":false,"timestamp":1769050160826,"id":"sxr3j6wdjz8jk9e","previousOperationId":null,"operationId":"1p21yhwvlxisjr2"}
{"type":"log","level":"info","message":"Render request 69 queued for execution and waiting for available worker","previousOperationId":"1p21yhwvlxisjr2","timestamp":1769050160826,"id":"yvko3h6r2phtq8l"}
{"type":"operationStart","subtype":"render","name":"journal-entry-v1","previousOperationId":"1p21yhwvlxisjr2","timestamp":1769050160907,"id":"4anv8et7qzcfhpa","previousEventId":"sxr3j6wdjz8jk9e","operationId":"maotj5evyklk5cd"}
{"type":"log","timestamp":1769050160908,"level":"info","message":"Starting rendering request 69","meta":{"rootId":"j69lbs84wgd7w67","id":"j69lbs84wgd7w67"},"id":"1g1b715ibv3ogh6","previousOperationId":"maotj5evyklk5cd"}
{"type":"log","timestamp":1769050160910,"level":"info","message":"Rendering template { name: journal-entry-v1, recipe: chrome-pdf, engine: handlebars, preview: false }","meta":{"rootId":"j69lbs84wgd7w67","id":"j69lbs84wgd7w67"},"id":"tc6xqewxgwaiyd2","previousOperationId":"maotj5evyklk5cd"}
{"type":"log","timestamp":1769050160913,"level":"debug","message":"Inline data specified.","meta":{"rootId":"j69lbs84wgd7w67","id":"j69lbs84wgd7w67"},"id":"kss7gdcjs6k10ul","previousOperationId":"maotj5evyklk5cd"}
{"type":"log","timestamp":1769050160922,"level":"debug","message":"Base url not specified, skipping its injection.","meta":{"rootId":"j69lbs84wgd7w67","id":"j69lbs84wgd7w67"},"id":"n3iy75dt4uxjww7","previousOperationId":"maotj5evyklk5cd"}
{"type":"operationStart","subtype":"engine","name":"handlebars","timestamp":1769050160925,"id":"512vrq8y3n1nk0p","previousEventId":"4anv8et7qzcfhpa","operationId":"clafc2mwc6fjs5o","previousOperationId":"maotj5evyklk5cd"}
{"type":"log","timestamp":1769050160926,"level":"debug","message":"Rendering engine handlebars","meta":{"rootId":"j69lbs84wgd7w67","id":"j69lbs84wgd7w67"},"id":"nyg2qibkj5kot16","previousOperationId":"clafc2mwc6fjs5o"}
{"type":"operationEnd","operationId":"clafc2mwc6fjs5o","timestamp":1769050160959,"id":"5opk6cc020er74w","previousEventId":"512vrq8y3n1nk0p","previousOperationId":"clafc2mwc6fjs5o"}
{"type":"operationStart","subtype":"recipe","name":"chrome-pdf","timestamp":1769050160960,"id":"4t1vntylunun6g2","previousEventId":"5opk6cc020er74w","operationId":"hd50742jtwrmf85","previousOperationId":"clafc2mwc6fjs5o"}
{"type":"log","timestamp":1769050160960,"level":"debug","message":"Executing recipe chrome-pdf","meta":{"rootId":"j69lbs84wgd7w67","id":"j69lbs84wgd7w67"},"id":"inoys9vhlhsfdds","previousOperationId":"hd50742jtwrmf85"}
{"type":"log","timestamp":1769050160971,"level":"debug","message":"Converting with chrome Chrome/142.0.7444.175 using chrome-pool strategy","meta":{"rootId":"j69lbs84wgd7w67","id":"j69lbs84wgd7w67"},"id":"40lof94ngo55cai","previousOperationId":"hd50742jtwrmf85"}
{"type":"log","timestamp":1769050161070,"level":"debug","message":"Page request: GET (document) file:///tmp/jsreport/autocleanup/cc5723c1-a0f1-4aad-ab33-35d773fcee29-chrome-pdf.html","meta":{"rootId":"j69lbs84wgd7w67","id":"j69lbs84wgd7w67"},"id":"b3fr9m5i4xkwddf","previousOperationId":"hd50742jtwrmf85"}
{"type":"log","timestamp":1769050161083,"level":"debug","message":"Page request finished: GET (document) 200 file:///tmp/jsreport/autocleanup/cc5723c1-a0f1-4aad-ab33-35d773fcee29-chrome-pdf.html","meta":{"rootId":"j69lbs84wgd7w67","id":"j69lbs84wgd7w67"},"id":"5bsehlifzral3d5","previousOperationId":"hd50742jtwrmf85"}
{"type":"log","timestamp":1769050161112,"level":"debug","message":"Running chrome with params {\"printBackground\":true,\"timeout\":59860,\"margin\":{}}","meta":{"rootId":"j69lbs84wgd7w67","id":"j69lbs84wgd7w67"},"id":"3czoftqbe7sp6yo","previousOperationId":"hd50742jtwrmf85"}
{"type":"operationEnd","operationId":"hd50742jtwrmf85","timestamp":1769050161170,"id":"3kcfvg39sf6mpaa","previousEventId":"4t1vntylunun6g2","previousOperationId":"hd50742jtwrmf85"}
{"type":"log","timestamp":1769050161170,"level":"debug","message":"Skipping storing report.","meta":{"rootId":"j69lbs84wgd7w67","id":"j69lbs84wgd7w67"},"id":"zdhmnp2shqz6aee","previousOperationId":"hd50742jtwrmf85"}
{"type":"log","timestamp":1769050161170,"level":"info","message":"Rendering request 69 finished in 347 ms","meta":{"rootId":"j69lbs84wgd7w67","id":"j69lbs84wgd7w67"},"id":"iq4m5yb700d8kys","previousOperationId":"hd50742jtwrmf85"}
{"type":"operationEnd","subtype":"render","operationId":"maotj5evyklk5cd","timestamp":1769050161171,"id":"f1tjydct28wsbeq","previousEventId":"3kcfvg39sf6mpaa","previousOperationId":"hd50742jtwrmf85"}
{"type":"operationEnd","doDiffs":false,"previousEventId":"sxr3j6wdjz8jk9e","previousOperationId":"1p21yhwvlxisjr2","operationId":"1p21yhwvlxisjr2","timestamp":1769050161174,"id":"yz7mewuix7saq4w"}
