{"type":"operationStart","subtype":"profile","data":{"_id":"v44agoebUY1ZuJtD","timestamp":"2026-01-22T02:11:57.628Z","state":"queued","mode":"standard","creationDate":"2026-01-22T02:11:57.635Z","modificationDate":"2026-01-22T02:11:57.635Z","shortid":"FHnlal8","$entitySet":"profiles"},"doDiffs":false,"timestamp":1769047917630,"id":"83jdg1v3dl83m3g","previousOperationId":null,"operationId":"eihv2o0kcyx3q8z"}
{"type":"log","level":"info","message":"Render request 57 queued for execution and waiting for available worker","previousOperationId":"eihv2o0kcyx3q8z","timestamp":1769047917632,"id":"qqq9xr6q2mleb58"}
{"type":"operationStart","subtype":"render","name":"journal-entry-v1","previousOperationId":"eihv2o0kcyx3q8z","timestamp":1769047917705,"id":"apm82qb5tg78cef","previousEventId":"83jdg1v3dl83m3g","operationId":"kjj0uds8zj40gtw"}
{"type":"log","timestamp":1769047917710,"level":"info","message":"Starting rendering request 57","meta":{"rootId":"ja0svnd84aep1ly","id":"ja0svnd84aep1ly"},"id":"svjio5v3zfxb229","previousOperationId":"kjj0uds8zj40gtw"}
{"type":"log","timestamp":1769047917714,"level":"info","message":"Rendering template { name: journal-entry-v1, recipe: chrome-pdf, engine: handlebars, preview: true }","meta":{"rootId":"ja0svnd84aep1ly","id":"ja0svnd84aep1ly"},"id":"7paiyqvs1yq59dr","previousOperationId":"kjj0uds8zj40gtw"}
{"type":"log","timestamp":1769047917719,"level":"debug","message":"Inline data specified.","meta":{"rootId":"ja0svnd84aep1ly","id":"ja0svnd84aep1ly"},"id":"5wakeln45s78crg","previousOperationId":"kjj0uds8zj40gtw"}
{"type":"log","timestamp":1769047917726,"level":"debug","message":"Base url not specified, skipping its injection.","meta":{"rootId":"ja0svnd84aep1ly","id":"ja0svnd84aep1ly"},"id":"be6ziij7lzqi95z","previousOperationId":"kjj0uds8zj40gtw"}
{"type":"operationStart","subtype":"engine","name":"handlebars","timestamp":1769047917733,"id":"zhyrv10a9gq7aek","previousEventId":"apm82qb5tg78cef","operationId":"e8nstnf96qlvr5z","previousOperationId":"kjj0uds8zj40gtw"}
{"type":"log","timestamp":1769047917733,"level":"debug","message":"Rendering engine handlebars","meta":{"rootId":"ja0svnd84aep1ly","id":"ja0svnd84aep1ly"},"id":"y22htzzk8q888ui","previousOperationId":"e8nstnf96qlvr5z"}
{"type":"operationEnd","operationId":"e8nstnf96qlvr5z","timestamp":1769047917807,"id":"qmpgmqhd2s32ho6","previousEventId":"zhyrv10a9gq7aek","previousOperationId":"e8nstnf96qlvr5z"}
{"type":"operationStart","subtype":"recipe","name":"chrome-pdf","timestamp":1769047917809,"id":"n03z5j9ce1jpbgi","previousEventId":"qmpgmqhd2s32ho6","operationId":"ktpeyn3mmed9q8h","previousOperationId":"e8nstnf96qlvr5z"}
{"type":"log","timestamp":1769047917809,"level":"debug","message":"Executing recipe chrome-pdf","meta":{"rootId":"ja0svnd84aep1ly","id":"ja0svnd84aep1ly"},"id":"ue3dd587ts98wlj","previousOperationId":"ktpeyn3mmed9q8h"}
{"type":"log","timestamp":1769047917842,"level":"debug","message":"Converting with chrome Chrome/142.0.7444.175 using chrome-pool strategy","meta":{"rootId":"ja0svnd84aep1ly","id":"ja0svnd84aep1ly"},"id":"1oxmnr2jrrlxsud","previousOperationId":"ktpeyn3mmed9q8h"}
{"type":"log","timestamp":1769047918058,"level":"debug","message":"Page request: GET (document) file:///tmp/jsreport/autocleanup/3e56ce25-7961-467e-89b1-a1bfd490c4d6-chrome-pdf.html","meta":{"rootId":"ja0svnd84aep1ly","id":"ja0svnd84aep1ly"},"id":"q34wpkm7odtuzqt","previousOperationId":"ktpeyn3mmed9q8h"}
{"type":"log","timestamp":1769047918088,"level":"debug","message":"Page request finished: GET (document) 200 file:///tmp/jsreport/autocleanup/3e56ce25-7961-467e-89b1-a1bfd490c4d6-chrome-pdf.html","meta":{"rootId":"ja0svnd84aep1ly","id":"ja0svnd84aep1ly"},"id":"el1ys8m4piuy225","previousOperationId":"ktpeyn3mmed9q8h"}
{"type":"log","timestamp":1769047918091,"level":"debug","message":"Page request: GET (image) https://paciolibucket.s3.us-east-2.amazonaws.com/orgs/c64b69f6759a43a1bc0ae31961876751/companies/logos/e9767ff4-7186-447f-a397-208ea6bbfdb8_ninosfelices.png?X-Amz-Expires=600&X-Amz-Algorithm=AWS4-HMAC-SHA256&X-Amz-Credential=AKIAVYV5Z6T6UQ4ARWOC%2F20251214%2Fus-east-2%2Fs3%2Faws4_request&X-Amz-Date=20251214T042142Z&X-Amz-SignedHeaders=host&X-Amz-Signature=9bef4cc508bdfbedcab35016f2a1346ef8b73fc4c141ec491169a4e6ee842e03","meta":{"rootId":"ja0svnd84aep1ly","id":"ja0svnd84aep1ly"},"id":"4v212iiyea2ho4n","previousOperationId":"ktpeyn3mmed9q8h"}
{"type":"log","timestamp":1769047918501,"level":"warn","message":"Page request failed: GET (image) https://paciolibucket.s3.us-east-2.amazonaws.com/orgs/c64b69f6759a43a1bc0ae31961876751/companies/logos/e9767ff4-7186-447f-a397-208ea6bbfdb8_ninosfelices.png?X-Amz-Expires=600&X-Amz-Algorithm=AWS4-HMAC-SHA256&X-Amz-Credential=AKIAVYV5Z6T6UQ4ARWOC%2F20251214%2Fus-east-2%2Fs3%2Faws4_request&X-Amz-Date=20251214T042142Z&X-Amz-SignedHeaders=host&X-Amz-Signature=9bef4cc508bdfbedcab35016f2a1346ef8b73fc4c141ec491169a4e6ee842e03, failure: net::ERR_BLOCKED_BY_ORB","meta":{"rootId":"ja0svnd84aep1ly","id":"ja0svnd84aep1ly"},"id":"29xe2ogte4ib3io","previousOperationId":"ktpeyn3mmed9q8h"}
{"type":"log","timestamp":1769047918510,"level":"debug","message":"Running chrome with params {\"printBackground\":true,\"timeout\":59802,\"margin\":{}}","meta":{"rootId":"ja0svnd84aep1ly","id":"ja0svnd84aep1ly"},"id":"olcv5j8w3s7en81","previousOperationId":"ktpeyn3mmed9q8h"}
{"type":"operationEnd","operationId":"ktpeyn3mmed9q8h","timestamp":1769047918620,"id":"nxx36z3e5jaosaz","previousEventId":"n03z5j9ce1jpbgi","previousOperationId":"ktpeyn3mmed9q8h"}
{"type":"log","timestamp":1769047918620,"level":"debug","message":"Skipping storing report.","meta":{"rootId":"ja0svnd84aep1ly","id":"ja0svnd84aep1ly"},"id":"kn4sbtca82wrtsc","previousOperationId":"ktpeyn3mmed9q8h"}
{"type":"log","timestamp":1769047918620,"level":"info","message":"Rendering request 57 finished in 994 ms","meta":{"rootId":"ja0svnd84aep1ly","id":"ja0svnd84aep1ly"},"id":"s4yqrk0h81dzf8a","previousOperationId":"ktpeyn3mmed9q8h"}
{"type":"operationEnd","subtype":"render","operationId":"kjj0uds8zj40gtw","timestamp":1769047918620,"id":"vo3vqv5wdk8i9tu","previousEventId":"nxx36z3e5jaosaz","previousOperationId":"ktpeyn3mmed9q8h"}
{"type":"operationEnd","doDiffs":false,"previousEventId":"83jdg1v3dl83m3g","previousOperationId":"eihv2o0kcyx3q8z","operationId":"eihv2o0kcyx3q8z","timestamp":1769047918623,"id":"duhrefeitvgiddk"}
