{"type":"operationStart","subtype":"profile","data":{"_id":"0krZNSBWJ62WQYpE","timestamp":"2026-01-23T02:09:12.354Z","state":"queued","mode":"standard","creationDate":"2026-01-23T02:09:12.493Z","modificationDate":"2026-01-23T02:09:12.493Z","shortid":"XO9ELdw","$entitySet":"profiles"},"doDiffs":false,"timestamp":1769134152391,"id":"dm3crghn6uwxnrw","previousOperationId":null,"operationId":"ytj1kfel55mx4n9"}
{"type":"log","level":"info","message":"Render request 23 queued for execution and waiting for available worker","previousOperationId":"ytj1kfel55mx4n9","timestamp":1769134152391,"id":"q5hefr99m0249gg"}
{"type":"operationStart","subtype":"render","name":"journal-entry-v1","previousOperationId":"ytj1kfel55mx4n9","timestamp":1769134152800,"id":"rliiehc4f2m0vkj","previousEventId":"dm3crghn6uwxnrw","operationId":"t8ozodgeija9zrb"}
{"type":"log","timestamp":1769134152803,"level":"info","message":"Starting rendering request 23","meta":{"rootId":"jvfhzds2952wiz6","id":"jvfhzds2952wiz6"},"id":"qz3h2dc74z5yniy","previousOperationId":"t8ozodgeija9zrb"}
{"type":"log","timestamp":1769134152808,"level":"info","message":"Rendering template { name: journal-entry-v1, recipe: chrome-pdf, engine: handlebars, preview: false }","meta":{"rootId":"jvfhzds2952wiz6","id":"jvfhzds2952wiz6"},"id":"hpdcpdj9znvkszn","previousOperationId":"t8ozodgeija9zrb"}
{"type":"log","timestamp":1769134152816,"level":"debug","message":"Inline data specified.","meta":{"rootId":"jvfhzds2952wiz6","id":"jvfhzds2952wiz6"},"id":"5mtpy04rbotua21","previousOperationId":"t8ozodgeija9zrb"}
{"type":"log","timestamp":1769134152831,"level":"debug","message":"Base url not specified, skipping its injection.","meta":{"rootId":"jvfhzds2952wiz6","id":"jvfhzds2952wiz6"},"id":"yvfjcg4y20z7g1w","previousOperationId":"t8ozodgeija9zrb"}
{"type":"operationStart","subtype":"engine","name":"handlebars","timestamp":1769134152841,"id":"kd7aknvj07oz2so","previousEventId":"rliiehc4f2m0vkj","operationId":"f6wigczxi2coozo","previousOperationId":"t8ozodgeija9zrb"}
{"type":"log","timestamp":1769134152841,"level":"debug","message":"Rendering engine handlebars","meta":{"rootId":"jvfhzds2952wiz6","id":"jvfhzds2952wiz6"},"id":"d239wi925km6ahm","previousOperationId":"f6wigczxi2coozo"}
{"type":"operationEnd","operationId":"f6wigczxi2coozo","timestamp":1769134152950,"id":"zjawp2hah0hsn0y","previousEventId":"kd7aknvj07oz2so","previousOperationId":"f6wigczxi2coozo"}
{"type":"operationStart","subtype":"recipe","name":"chrome-pdf","timestamp":1769134152952,"id":"27axden0i2w69yl","previousEventId":"zjawp2hah0hsn0y","operationId":"qta4jyrmyngtumh","previousOperationId":"f6wigczxi2coozo"}
{"type":"log","timestamp":1769134152952,"level":"debug","message":"Executing recipe chrome-pdf","meta":{"rootId":"jvfhzds2952wiz6","id":"jvfhzds2952wiz6"},"id":"8kt73do2jpwph98","previousOperationId":"qta4jyrmyngtumh"}
{"type":"log","timestamp":1769134153025,"level":"debug","message":"Converting with chrome Chrome/142.0.7444.175 using chrome-pool strategy","meta":{"rootId":"jvfhzds2952wiz6","id":"jvfhzds2952wiz6"},"id":"9mwt86s7ysm6j16","previousOperationId":"qta4jyrmyngtumh"}
{"type":"log","timestamp":1769134153721,"level":"debug","message":"Page request: GET (document) file:///tmp/jsreport/autocleanup/af4b2d9f-cf56-42d0-9f48-7a4081119cd7-chrome-pdf.html","meta":{"rootId":"jvfhzds2952wiz6","id":"jvfhzds2952wiz6"},"id":"jcef6zckj1tmtcg","previousOperationId":"qta4jyrmyngtumh"}
{"type":"log","timestamp":1769134153771,"level":"debug","message":"Page request finished: GET (document) 200 file:///tmp/jsreport/autocleanup/af4b2d9f-cf56-42d0-9f48-7a4081119cd7-chrome-pdf.html","meta":{"rootId":"jvfhzds2952wiz6","id":"jvfhzds2952wiz6"},"id":"wlrrbe9rjx4tu0b","previousOperationId":"qta4jyrmyngtumh"}
{"type":"log","timestamp":1769134153779,"level":"debug","message":"Page request: GET (image) https://paciolibucket.s3.us-east-2.amazonaws.com/orgs/c64b69f6759a43a1bc0ae31961876751/companies/logos/e9767ff4-7186-447f-a397-208ea6bbfdb8_ninosfelices.png?X-Amz-Expires=600&X-Amz-Algorithm=AWS4-HMAC-SHA256&X-Amz-Credential=AKIAVYV5Z6T6UQ4ARWOC%2F20260123%2Fus-east-2%2Fs3%2Faws4_request&X-Amz-Date=20260123T020910Z&X-Amz-SignedHeaders=host&X-Amz-Signature=2f7465a5fc205790008a075e48a3d06c72909addb5424cad0e9fe4c6d36f6932","meta":{"rootId":"jvfhzds2952wiz6","id":"jvfhzds2952wiz6"},"id":"2kon5os5a12riu3","previousOperationId":"qta4jyrmyngtumh"}
{"type":"log","timestamp":1769134154485,"level":"debug","message":"Page request finished: GET (image) 200 https://paciolibucket.s3.us-east-2.amazonaws.com/orgs/c64b69f6759a43a1bc0ae31961876751/companies/logos/e9767ff4-7186-447f-a397-208ea6bbfdb8_ninosfelices.png?X-Amz-Expires=600&X-Amz-Algorithm=AWS4-HMAC-SHA256&X-Amz-Credential=AKIAVYV5Z6T6UQ4ARWOC%2F20260123%2Fus-east-2%2Fs3%2Faws4_request&X-Amz-Date=20260123T020910Z&X-Amz-SignedHeaders=host&X-Amz-Signature=2f7465a5fc205790008a075e48a3d06c72909addb5424cad0e9fe4c6d36f6932","meta":{"rootId":"jvfhzds2952wiz6","id":"jvfhzds2952wiz6"},"id":"dac9553de626h4z","previousOperationId":"qta4jyrmyngtumh"}
{"type":"log","timestamp":1769134154490,"level":"debug","message":"Running chrome with params {\"printBackground\":true,\"timeout\":59272,\"margin\":{}}","meta":{"rootId":"jvfhzds2952wiz6","id":"jvfhzds2952wiz6"},"id":"0qn7au0k8n2rbo8","previousOperationId":"qta4jyrmyngtumh"}
{"type":"operationEnd","operationId":"qta4jyrmyngtumh","timestamp":1769134154667,"id":"aaak8zjghjcvkm8","previousEventId":"27axden0i2w69yl","previousOperationId":"qta4jyrmyngtumh"}
{"type":"log","timestamp":1769134154667,"level":"debug","message":"Skipping storing report.","meta":{"rootId":"jvfhzds2952wiz6","id":"jvfhzds2952wiz6"},"id":"zpf5ytdb615vi39","previousOperationId":"qta4jyrmyngtumh"}
{"type":"log","timestamp":1769134154667,"level":"info","message":"Rendering request 23 finished in 2423 ms","meta":{"rootId":"jvfhzds2952wiz6","id":"jvfhzds2952wiz6"},"id":"9eckp24j51pos06","previousOperationId":"qta4jyrmyngtumh"}
{"type":"operationEnd","subtype":"render","operationId":"t8ozodgeija9zrb","timestamp":1769134154667,"id":"dru8kuldyd3p8j3","previousEventId":"aaak8zjghjcvkm8","previousOperationId":"qta4jyrmyngtumh"}
{"type":"operationEnd","doDiffs":false,"previousEventId":"dm3crghn6uwxnrw","previousOperationId":"ytj1kfel55mx4n9","operationId":"ytj1kfel55mx4n9","timestamp":1769134154673,"id":"pqvjfx2pdn3viem"}
