{"type":"operationStart","subtype":"profile","data":{"_id":"2VdS203sfKyaOhli","timestamp":"2026-01-22T03:06:54.702Z","state":"queued","mode":"standard","creationDate":"2026-01-22T03:06:54.703Z","modificationDate":"2026-01-22T03:06:54.703Z","shortid":"exPPfud","$entitySet":"profiles"},"doDiffs":false,"timestamp":1769051214703,"id":"v1yixz0uvimavgh","previousOperationId":null,"operationId":"i4dkgp1bbbl2nxt"}
{"type":"log","level":"info","message":"Render request 80 queued for execution and waiting for available worker","previousOperationId":"i4dkgp1bbbl2nxt","timestamp":1769051214703,"id":"12nt1jmihpabgzx"}
{"type":"operationStart","subtype":"render","name":"journal-entry-v1","previousOperationId":"i4dkgp1bbbl2nxt","timestamp":1769051214763,"id":"9iixmxm58kv97f6","previousEventId":"v1yixz0uvimavgh","operationId":"yd944hcbox20ljx"}
{"type":"log","timestamp":1769051214764,"level":"info","message":"Starting rendering request 80","meta":{"rootId":"jw86rt0icrwpzfq","id":"jw86rt0icrwpzfq"},"id":"rch5nzjr38a1hqr","previousOperationId":"yd944hcbox20ljx"}
{"type":"log","timestamp":1769051214764,"level":"info","message":"Rendering template { name: journal-entry-v1, recipe: chrome-pdf, engine: handlebars, preview: true }","meta":{"rootId":"jw86rt0icrwpzfq","id":"jw86rt0icrwpzfq"},"id":"2oejjf7wmhome8k","previousOperationId":"yd944hcbox20ljx"}
{"type":"log","timestamp":1769051214766,"level":"debug","message":"Inline data specified.","meta":{"rootId":"jw86rt0icrwpzfq","id":"jw86rt0icrwpzfq"},"id":"4tixzp5zyjfg524","previousOperationId":"yd944hcbox20ljx"}
{"type":"log","timestamp":1769051214770,"level":"debug","message":"Base url not specified, skipping its injection.","meta":{"rootId":"jw86rt0icrwpzfq","id":"jw86rt0icrwpzfq"},"id":"kzvbw3qi96qxb3z","previousOperationId":"yd944hcbox20ljx"}
{"type":"operationStart","subtype":"engine","name":"handlebars","timestamp":1769051214771,"id":"bqobozhg9xsdnlo","previousEventId":"9iixmxm58kv97f6","operationId":"gww1tof2uztxhsw","previousOperationId":"yd944hcbox20ljx"}
{"type":"log","timestamp":1769051214771,"level":"debug","message":"Rendering engine handlebars","meta":{"rootId":"jw86rt0icrwpzfq","id":"jw86rt0icrwpzfq"},"id":"op4bnvwlzdw8f48","previousOperationId":"gww1tof2uztxhsw"}
{"type":"operationEnd","operationId":"gww1tof2uztxhsw","timestamp":1769051214789,"id":"ys6016g6acc16av","previousEventId":"bqobozhg9xsdnlo","previousOperationId":"gww1tof2uztxhsw"}
{"type":"operationStart","subtype":"recipe","name":"chrome-pdf","timestamp":1769051214789,"id":"mozx6agsswp1jvm","previousEventId":"ys6016g6acc16av","operationId":"787mkyyhbyrghw6","previousOperationId":"gww1tof2uztxhsw"}
{"type":"log","timestamp":1769051214790,"level":"debug","message":"Executing recipe chrome-pdf","meta":{"rootId":"jw86rt0icrwpzfq","id":"jw86rt0icrwpzfq"},"id":"bgf5ysvnnrnffco","previousOperationId":"787mkyyhbyrghw6"}
{"type":"log","timestamp":1769051214801,"level":"debug","message":"Converting with chrome Chrome/142.0.7444.175 using chrome-pool strategy","meta":{"rootId":"jw86rt0icrwpzfq","id":"jw86rt0icrwpzfq"},"id":"6ty65by3npl8bf8","previousOperationId":"787mkyyhbyrghw6"}
{"type":"log","timestamp":1769051214871,"level":"debug","message":"Page request: GET (document) file:///tmp/jsreport/autocleanup/cc6d5157-758b-4bd9-9ba7-217bb996677a-chrome-pdf.html","meta":{"rootId":"jw86rt0icrwpzfq","id":"jw86rt0icrwpzfq"},"id":"rwjrnvnd6uqh43e","previousOperationId":"787mkyyhbyrghw6"}
{"type":"log","timestamp":1769051214883,"level":"debug","message":"Page request finished: GET (document) 200 file:///tmp/jsreport/autocleanup/cc6d5157-758b-4bd9-9ba7-217bb996677a-chrome-pdf.html","meta":{"rootId":"jw86rt0icrwpzfq","id":"jw86rt0icrwpzfq"},"id":"hql8c44q7ixnpg4","previousOperationId":"787mkyyhbyrghw6"}
{"type":"log","timestamp":1769051214884,"level":"debug","message":"Page request: GET (image) https://paciolibucket.s3.us-east-2.amazonaws.com/orgs/c64b69f6759a43a1bc0ae31961876751/companies/logos/e9767ff4-7186-447f-a397-208ea6bbfdb8_ninosfelices.png?X-Amz-Expires=600&X-Amz-Algorithm=AWS4-HMAC-SHA256&X-Amz-Credential=AKIAVYV5Z6T6UQ4ARWOC%2F20260122%2Fus-east-2%2Fs3%2Faws4_request&X-Amz-Date=20260122T030631Z&X-Amz-SignedHeaders=host&X-Amz-Signature=b60e4f9cf8d865d145452997392d0dfb2bd60aedb9af2d4d1a473e3f127974e8","meta":{"rootId":"jw86rt0icrwpzfq","id":"jw86rt0icrwpzfq"},"id":"6qccr2i094g5k8d","previousOperationId":"787mkyyhbyrghw6"}
{"type":"log","timestamp":1769051215384,"level":"debug","message":"Page request finished: GET (image) 200 https://paciolibucket.s3.us-east-2.amazonaws.com/orgs/c64b69f6759a43a1bc0ae31961876751/companies/logos/e9767ff4-7186-447f-a397-208ea6bbfdb8_ninosfelices.png?X-Amz-Expires=600&X-Amz-Algorithm=AWS4-HMAC-SHA256&X-Amz-Credential=AKIAVYV5Z6T6UQ4ARWOC%2F20260122%2Fus-east-2%2Fs3%2Faws4_request&X-Amz-Date=20260122T030631Z&X-Amz-SignedHeaders=host&X-Amz-Signature=b60e4f9cf8d865d145452997392d0dfb2bd60aedb9af2d4d1a473e3f127974e8","meta":{"rootId":"jw86rt0icrwpzfq","id":"jw86rt0icrwpzfq"},"id":"b40gtea5mgppdgf","previousOperationId":"787mkyyhbyrghw6"}
{"type":"log","timestamp":1769051215386,"level":"debug","message":"Running chrome with params {\"printBackground\":true,\"timeout\":59905,\"margin\":{}}","meta":{"rootId":"jw86rt0icrwpzfq","id":"jw86rt0icrwpzfq"},"id":"hyfancid74wqn1u","previousOperationId":"787mkyyhbyrghw6"}
{"type":"operationEnd","operationId":"787mkyyhbyrghw6","timestamp":1769051215469,"id":"d37mnliihfsi9am","previousEventId":"mozx6agsswp1jvm","previousOperationId":"787mkyyhbyrghw6"}
{"type":"log","timestamp":1769051215469,"level":"debug","message":"Skipping storing report.","meta":{"rootId":"jw86rt0icrwpzfq","id":"jw86rt0icrwpzfq"},"id":"rp350a47b7hvr5a","previousOperationId":"787mkyyhbyrghw6"}
{"type":"log","timestamp":1769051215469,"level":"info","message":"Rendering request 80 finished in 767 ms","meta":{"rootId":"jw86rt0icrwpzfq","id":"jw86rt0icrwpzfq"},"id":"pbd713gykgqeuvl","previousOperationId":"787mkyyhbyrghw6"}
{"type":"operationEnd","subtype":"render","operationId":"yd944hcbox20ljx","timestamp":1769051215469,"id":"jb9dbcblu83gfls","previousEventId":"d37mnliihfsi9am","previousOperationId":"787mkyyhbyrghw6"}
{"type":"operationEnd","doDiffs":false,"previousEventId":"v1yixz0uvimavgh","previousOperationId":"i4dkgp1bbbl2nxt","operationId":"i4dkgp1bbbl2nxt","timestamp":1769051215471,"id":"pj28x4ft42fy0yu"}
