{"type":"operationStart","subtype":"profile","data":{"_id":"lb6mwOJcwtqoIUfB","timestamp":"2026-02-19T14:44:55.287Z","state":"queued","mode":"standard","creationDate":"2026-02-19T14:44:55.288Z","modificationDate":"2026-02-19T14:44:55.288Z","shortid":"LPIMBTs","$entitySet":"profiles"},"doDiffs":false,"timestamp":1771512295288,"id":"l8rscjfnbr0b5d8","previousOperationId":null,"operationId":"99e9a9yltd8ehp2"}
{"type":"log","level":"info","message":"Render request 1 queued for execution and waiting for available worker","previousOperationId":"99e9a9yltd8ehp2","timestamp":1771512295288,"id":"l1y49l1lxi3b8y8"}
{"type":"operationStart","subtype":"render","name":"journal-entry-v1","previousOperationId":"99e9a9yltd8ehp2","timestamp":1771512295351,"id":"7sbxkumn9e07atz","previousEventId":"l8rscjfnbr0b5d8","operationId":"o1jo97kuiddvfdb"}
{"type":"log","timestamp":1771512295352,"level":"info","message":"Starting rendering request 1","meta":{"rootId":"kf37xqaz9h7qlhh","id":"kf37xqaz9h7qlhh"},"id":"anjyabkog4ukxm8","previousOperationId":"o1jo97kuiddvfdb"}
{"type":"log","timestamp":1771512295353,"level":"info","message":"Rendering template { name: journal-entry-v1, recipe: chrome-pdf, engine: handlebars, preview: false }","meta":{"rootId":"kf37xqaz9h7qlhh","id":"kf37xqaz9h7qlhh"},"id":"m0tp1j4ujkpl20b","previousOperationId":"o1jo97kuiddvfdb"}
{"type":"log","timestamp":1771512295355,"level":"debug","message":"Inline data specified.","meta":{"rootId":"kf37xqaz9h7qlhh","id":"kf37xqaz9h7qlhh"},"id":"dsyzlqy94ldwgfj","previousOperationId":"o1jo97kuiddvfdb"}
{"type":"log","timestamp":1771512295359,"level":"debug","message":"Base url not specified, skipping its injection.","meta":{"rootId":"kf37xqaz9h7qlhh","id":"kf37xqaz9h7qlhh"},"id":"cowaej7ve45as1y","previousOperationId":"o1jo97kuiddvfdb"}
{"type":"operationStart","subtype":"engine","name":"handlebars","timestamp":1771512295359,"id":"lg5vhdo8on8dmo8","previousEventId":"7sbxkumn9e07atz","operationId":"8kjkbfzvrqrguh9","previousOperationId":"o1jo97kuiddvfdb"}
{"type":"log","timestamp":1771512295359,"level":"debug","message":"Rendering engine handlebars","meta":{"rootId":"kf37xqaz9h7qlhh","id":"kf37xqaz9h7qlhh"},"id":"6cgwrkg3e7wv4er","previousOperationId":"8kjkbfzvrqrguh9"}
{"type":"operationEnd","operationId":"8kjkbfzvrqrguh9","timestamp":1771512295845,"id":"zg8qlj02828am7n","previousEventId":"lg5vhdo8on8dmo8","previousOperationId":"8kjkbfzvrqrguh9"}
{"type":"operationStart","subtype":"recipe","name":"chrome-pdf","timestamp":1771512295846,"id":"51hf0u6asc3d81q","previousEventId":"zg8qlj02828am7n","operationId":"dpscfdl1we5gedn","previousOperationId":"8kjkbfzvrqrguh9"}
{"type":"log","timestamp":1771512295846,"level":"debug","message":"Executing recipe chrome-pdf","meta":{"rootId":"kf37xqaz9h7qlhh","id":"kf37xqaz9h7qlhh"},"id":"aelfkchm4ikxg28","previousOperationId":"dpscfdl1we5gedn"}
{"type":"log","timestamp":1771512296659,"level":"debug","message":"Converting with chrome Chrome/142.0.7444.175 using chrome-pool strategy","meta":{"rootId":"kf37xqaz9h7qlhh","id":"kf37xqaz9h7qlhh"},"id":"7xm3950w627obmd","previousOperationId":"dpscfdl1we5gedn"}
{"type":"log","timestamp":1771512296755,"level":"debug","message":"Page request: GET (document) file:///tmp/jsreport/autocleanup/bd087d5d-96b9-45ee-8df1-c7211a8eac7e-chrome-pdf.html","meta":{"rootId":"kf37xqaz9h7qlhh","id":"kf37xqaz9h7qlhh"},"id":"mautkki0irtlb5v","previousOperationId":"dpscfdl1we5gedn"}
{"type":"log","timestamp":1771512296772,"level":"debug","message":"Page request finished: GET (document) 200 file:///tmp/jsreport/autocleanup/bd087d5d-96b9-45ee-8df1-c7211a8eac7e-chrome-pdf.html","meta":{"rootId":"kf37xqaz9h7qlhh","id":"kf37xqaz9h7qlhh"},"id":"5vaitgeqfy4ltba","previousOperationId":"dpscfdl1we5gedn"}
{"type":"log","timestamp":1771512296772,"level":"debug","message":"Page request: GET (image) https://paciolibucket.s3.us-east-2.amazonaws.com/orgs/c64b69f6759a43a1bc0ae31961876751/companies/logos/b6e6bbb3-4217-4336-88b7-161c9ce34ada_Applicorp%20Logo.png?X-Amz-Expires=600&X-Amz-Algorithm=AWS4-HMAC-SHA256&X-Amz-Credential=AKIAVYV5Z6T6UQ4ARWOC%2F20260219%2Fus-east-2%2Fs3%2Faws4_request&X-Amz-Date=20260219T144455Z&X-Amz-SignedHeaders=host&X-Amz-Signature=0a844a69aab502e1e9053b29a36de5f09156bdbb97203a7a760ff0b7be4cfd9f","meta":{"rootId":"kf37xqaz9h7qlhh","id":"kf37xqaz9h7qlhh"},"id":"ntucz3zd9dvizjv","previousOperationId":"dpscfdl1we5gedn"}
{"type":"log","timestamp":1771512297293,"level":"debug","message":"Page request finished: GET (image) 200 https://paciolibucket.s3.us-east-2.amazonaws.com/orgs/c64b69f6759a43a1bc0ae31961876751/companies/logos/b6e6bbb3-4217-4336-88b7-161c9ce34ada_Applicorp%20Logo.png?X-Amz-Expires=600&X-Amz-Algorithm=AWS4-HMAC-SHA256&X-Amz-Credential=AKIAVYV5Z6T6UQ4ARWOC%2F20260219%2Fus-east-2%2Fs3%2Faws4_request&X-Amz-Date=20260219T144455Z&X-Amz-SignedHeaders=host&X-Amz-Signature=0a844a69aab502e1e9053b29a36de5f09156bdbb97203a7a760ff0b7be4cfd9f","meta":{"rootId":"kf37xqaz9h7qlhh","id":"kf37xqaz9h7qlhh"},"id":"qk0wy32m6omf3zr","previousOperationId":"dpscfdl1we5gedn"}
{"type":"log","timestamp":1771512297295,"level":"debug","message":"Running chrome with params {\"printBackground\":true,\"timeout\":59435,\"margin\":{}}","meta":{"rootId":"kf37xqaz9h7qlhh","id":"kf37xqaz9h7qlhh"},"id":"myvpguo354ec8a1","previousOperationId":"dpscfdl1we5gedn"}
{"type":"operationEnd","operationId":"dpscfdl1we5gedn","timestamp":1771512297356,"id":"uqhyrananyr76w3","previousEventId":"51hf0u6asc3d81q","previousOperationId":"dpscfdl1we5gedn"}
{"type":"log","timestamp":1771512297356,"level":"debug","message":"Skipping storing report.","meta":{"rootId":"kf37xqaz9h7qlhh","id":"kf37xqaz9h7qlhh"},"id":"yf39nl4bumc6sdb","previousOperationId":"dpscfdl1we5gedn"}
{"type":"log","timestamp":1771512297357,"level":"info","message":"Rendering request 1 finished in 2071 ms","meta":{"rootId":"kf37xqaz9h7qlhh","id":"kf37xqaz9h7qlhh"},"id":"gsbyucy7kdvdfl1","previousOperationId":"dpscfdl1we5gedn"}
{"type":"operationEnd","subtype":"render","operationId":"o1jo97kuiddvfdb","timestamp":1771512297357,"id":"iokhoz2vsvcgtp8","previousEventId":"uqhyrananyr76w3","previousOperationId":"dpscfdl1we5gedn"}
{"type":"operationEnd","doDiffs":false,"previousEventId":"l8rscjfnbr0b5d8","previousOperationId":"99e9a9yltd8ehp2","operationId":"99e9a9yltd8ehp2","timestamp":1771512297358,"id":"dqqcv4xtnh7tnzi"}
