{"type":"operationStart","subtype":"profile","data":{"_id":"EqbY0IsB4o5aPgZY","timestamp":"2026-01-22T02:35:38.065Z","state":"queued","mode":"standard","creationDate":"2026-01-22T02:35:38.079Z","modificationDate":"2026-01-22T02:35:38.079Z","shortid":"05rNEIb","$entitySet":"profiles"},"doDiffs":false,"timestamp":1769049338069,"id":"8klmfsgfrg29v3o","previousOperationId":null,"operationId":"0742635iz9n9ojq"}
{"type":"log","level":"info","message":"Render request 63 queued for execution and waiting for available worker","previousOperationId":"0742635iz9n9ojq","timestamp":1769049338073,"id":"fhtc94cd97x68ku"}
{"type":"operationStart","subtype":"render","name":"journal-entry-v1","previousOperationId":"0742635iz9n9ojq","timestamp":1769049338184,"id":"917vsnj2s9a7kx5","previousEventId":"8klmfsgfrg29v3o","operationId":"fthdvjsaj8z4nsq"}
{"type":"log","timestamp":1769049338189,"level":"info","message":"Starting rendering request 63","meta":{"rootId":"l06reidoylo6mwt","id":"l06reidoylo6mwt"},"id":"hwciymt2cm09uec","previousOperationId":"fthdvjsaj8z4nsq"}
{"type":"log","timestamp":1769049338194,"level":"info","message":"Rendering template { name: journal-entry-v1, recipe: chrome-pdf, engine: handlebars, preview: true }","meta":{"rootId":"l06reidoylo6mwt","id":"l06reidoylo6mwt"},"id":"xvg4p3iwohefvda","previousOperationId":"fthdvjsaj8z4nsq"}
{"type":"log","timestamp":1769049338199,"level":"debug","message":"Inline data specified.","meta":{"rootId":"l06reidoylo6mwt","id":"l06reidoylo6mwt"},"id":"3xnyn4oc2kvosvu","previousOperationId":"fthdvjsaj8z4nsq"}
{"type":"log","timestamp":1769049338206,"level":"debug","message":"Base url not specified, skipping its injection.","meta":{"rootId":"l06reidoylo6mwt","id":"l06reidoylo6mwt"},"id":"ator512qn6gstpr","previousOperationId":"fthdvjsaj8z4nsq"}
{"type":"operationStart","subtype":"engine","name":"handlebars","timestamp":1769049338213,"id":"5vg1ok2m5dqgivw","previousEventId":"917vsnj2s9a7kx5","operationId":"ptud1a97lfwa0aq","previousOperationId":"fthdvjsaj8z4nsq"}
{"type":"log","timestamp":1769049338213,"level":"debug","message":"Rendering engine handlebars","meta":{"rootId":"l06reidoylo6mwt","id":"l06reidoylo6mwt"},"id":"7rgklqn0a2043ve","previousOperationId":"ptud1a97lfwa0aq"}
{"type":"operationEnd","operationId":"ptud1a97lfwa0aq","timestamp":1769049338333,"id":"rantdzudqrzyfp6","previousEventId":"5vg1ok2m5dqgivw","previousOperationId":"ptud1a97lfwa0aq"}
{"type":"operationStart","subtype":"recipe","name":"chrome-pdf","timestamp":1769049338336,"id":"w67fsbpw506yw62","previousEventId":"rantdzudqrzyfp6","operationId":"yhctv7scky3p8q9","previousOperationId":"ptud1a97lfwa0aq"}
{"type":"log","timestamp":1769049338336,"level":"debug","message":"Executing recipe chrome-pdf","meta":{"rootId":"l06reidoylo6mwt","id":"l06reidoylo6mwt"},"id":"zz25orhdc2movyd","previousOperationId":"yhctv7scky3p8q9"}
{"type":"log","timestamp":1769049338372,"level":"debug","message":"Converting with chrome Chrome/142.0.7444.175 using chrome-pool strategy","meta":{"rootId":"l06reidoylo6mwt","id":"l06reidoylo6mwt"},"id":"ahap57qugvnlttu","previousOperationId":"yhctv7scky3p8q9"}
{"type":"log","timestamp":1769049338775,"level":"debug","message":"Page request: GET (document) file:///tmp/jsreport/autocleanup/a79b8eb0-a7d5-463f-b8a7-c820668526af-chrome-pdf.html","meta":{"rootId":"l06reidoylo6mwt","id":"l06reidoylo6mwt"},"id":"45gcbisycvejg1h","previousOperationId":"yhctv7scky3p8q9"}
{"type":"log","timestamp":1769049338820,"level":"debug","message":"Page request finished: GET (document) 200 file:///tmp/jsreport/autocleanup/a79b8eb0-a7d5-463f-b8a7-c820668526af-chrome-pdf.html","meta":{"rootId":"l06reidoylo6mwt","id":"l06reidoylo6mwt"},"id":"64ncsm8m0tmcqes","previousOperationId":"yhctv7scky3p8q9"}
{"type":"log","timestamp":1769049338822,"level":"debug","message":"Page request: GET (image) https://paciolibucket.s3.us-east-2.amazonaws.com/orgs/c64b69f6759a43a1bc0ae31961876751/companies/logos/e9767ff4-7186-447f-a397-208ea6bbfdb8_ninosfelices.png?X-Amz-Expires=600&X-Amz-Algorithm=AWS4-HMAC-SHA256&X-Amz-Credential=AKIAVYV5Z6T6UQ4ARWOC%2F20260122%2Fus-east-2%2Fs3%2Faws4_request&X-Amz-Date=20260122T022932Z&X-Amz-SignedHeaders=host&X-Amz-Signature=88b0f7818d83a5d6d11e00dc2ad68a0be1bc3b830641844ba93518cc9cf77da1","meta":{"rootId":"l06reidoylo6mwt","id":"l06reidoylo6mwt"},"id":"qkpetw8qi5fog4j","previousOperationId":"yhctv7scky3p8q9"}
{"type":"log","timestamp":1769049339612,"level":"debug","message":"Page request finished: GET (image) 200 https://paciolibucket.s3.us-east-2.amazonaws.com/orgs/c64b69f6759a43a1bc0ae31961876751/companies/logos/e9767ff4-7186-447f-a397-208ea6bbfdb8_ninosfelices.png?X-Amz-Expires=600&X-Amz-Algorithm=AWS4-HMAC-SHA256&X-Amz-Credential=AKIAVYV5Z6T6UQ4ARWOC%2F20260122%2Fus-east-2%2Fs3%2Faws4_request&X-Amz-Date=20260122T022932Z&X-Amz-SignedHeaders=host&X-Amz-Signature=88b0f7818d83a5d6d11e00dc2ad68a0be1bc3b830641844ba93518cc9cf77da1","meta":{"rootId":"l06reidoylo6mwt","id":"l06reidoylo6mwt"},"id":"883vr1fe2akpu3l","previousOperationId":"yhctv7scky3p8q9"}
{"type":"log","timestamp":1769049339614,"level":"debug","message":"Running chrome with params {\"printBackground\":true,\"timeout\":59711,\"margin\":{}}","meta":{"rootId":"l06reidoylo6mwt","id":"l06reidoylo6mwt"},"id":"8ov02kuu3s4qlm6","previousOperationId":"yhctv7scky3p8q9"}
{"type":"operationEnd","operationId":"yhctv7scky3p8q9","timestamp":1769049339764,"id":"y7rmn4j8e1t0kpy","previousEventId":"w67fsbpw506yw62","previousOperationId":"yhctv7scky3p8q9"}
{"type":"log","timestamp":1769049339765,"level":"debug","message":"Skipping storing report.","meta":{"rootId":"l06reidoylo6mwt","id":"l06reidoylo6mwt"},"id":"f9478q5r30bpjr4","previousOperationId":"yhctv7scky3p8q9"}
{"type":"log","timestamp":1769049339765,"level":"info","message":"Rendering request 63 finished in 1708 ms","meta":{"rootId":"l06reidoylo6mwt","id":"l06reidoylo6mwt"},"id":"bly92j2ar2pf4mw","previousOperationId":"yhctv7scky3p8q9"}
{"type":"operationEnd","subtype":"render","operationId":"fthdvjsaj8z4nsq","timestamp":1769049339765,"id":"jjtcq3gp6e771jb","previousEventId":"y7rmn4j8e1t0kpy","previousOperationId":"yhctv7scky3p8q9"}
{"type":"operationEnd","doDiffs":false,"previousEventId":"8klmfsgfrg29v3o","previousOperationId":"0742635iz9n9ojq","operationId":"0742635iz9n9ojq","timestamp":1769049339769,"id":"mnrxbobsstzwuvk"}
