{"type":"operationStart","subtype":"profile","data":{"_id":"wxuYNRBa6w4m04Fn","timestamp":"2026-01-22T02:08:58.218Z","state":"queued","mode":"standard","creationDate":"2026-01-22T02:08:58.220Z","modificationDate":"2026-01-22T02:08:58.220Z","shortid":"pUTEEgE","$entitySet":"profiles"},"doDiffs":false,"timestamp":1769047738219,"id":"hmjb4neryy282e7","previousOperationId":null,"operationId":"zytriuv9omjcbs6"}
{"type":"log","level":"info","message":"Render request 54 queued for execution and waiting for available worker","previousOperationId":"zytriuv9omjcbs6","timestamp":1769047738220,"id":"z0u82n28sbepwbh"}
{"type":"operationStart","subtype":"render","name":"journal-entry-v1","previousOperationId":"zytriuv9omjcbs6","timestamp":1769047738300,"id":"64s0mqj7hcsj1dr","previousEventId":"hmjb4neryy282e7","operationId":"tl6zbpgwse6xx5n"}
{"type":"log","timestamp":1769047738304,"level":"info","message":"Starting rendering request 54","meta":{"rootId":"li75recsb3u2wd4","id":"li75recsb3u2wd4"},"id":"lmeovknshzuohq5","previousOperationId":"tl6zbpgwse6xx5n"}
{"type":"log","timestamp":1769047738307,"level":"info","message":"Rendering template { name: journal-entry-v1, recipe: chrome-pdf, engine: handlebars, preview: true }","meta":{"rootId":"li75recsb3u2wd4","id":"li75recsb3u2wd4"},"id":"50azsrlnxkmodf1","previousOperationId":"tl6zbpgwse6xx5n"}
{"type":"log","timestamp":1769047738321,"level":"debug","message":"Inline data specified.","meta":{"rootId":"li75recsb3u2wd4","id":"li75recsb3u2wd4"},"id":"1jzjg2ydsnggek4","previousOperationId":"tl6zbpgwse6xx5n"}
{"type":"log","timestamp":1769047738335,"level":"debug","message":"Base url not specified, skipping its injection.","meta":{"rootId":"li75recsb3u2wd4","id":"li75recsb3u2wd4"},"id":"lheg7ks5mw2y87z","previousOperationId":"tl6zbpgwse6xx5n"}
{"type":"operationStart","subtype":"engine","name":"handlebars","timestamp":1769047738347,"id":"qhxrm38vuvbxcy3","previousEventId":"64s0mqj7hcsj1dr","operationId":"o1yeuhqs7r38sv4","previousOperationId":"tl6zbpgwse6xx5n"}
{"type":"log","timestamp":1769047738347,"level":"debug","message":"Rendering engine handlebars","meta":{"rootId":"li75recsb3u2wd4","id":"li75recsb3u2wd4"},"id":"br1cmgw8tkpqwpq","previousOperationId":"o1yeuhqs7r38sv4"}
{"type":"operationEnd","operationId":"o1yeuhqs7r38sv4","timestamp":1769047738422,"id":"sbsz9y812zrv7kx","previousEventId":"qhxrm38vuvbxcy3","previousOperationId":"o1yeuhqs7r38sv4"}
{"type":"operationStart","subtype":"recipe","name":"chrome-pdf","timestamp":1769047738424,"id":"jhruxmtdavtw4em","previousEventId":"sbsz9y812zrv7kx","operationId":"7eu2cbm7cdgxmv2","previousOperationId":"o1yeuhqs7r38sv4"}
{"type":"log","timestamp":1769047738424,"level":"debug","message":"Executing recipe chrome-pdf","meta":{"rootId":"li75recsb3u2wd4","id":"li75recsb3u2wd4"},"id":"m98lmimvcpsedgt","previousOperationId":"7eu2cbm7cdgxmv2"}
{"type":"log","timestamp":1769047738447,"level":"debug","message":"Converting with chrome Chrome/142.0.7444.175 using chrome-pool strategy","meta":{"rootId":"li75recsb3u2wd4","id":"li75recsb3u2wd4"},"id":"hr93mv5pp415gay","previousOperationId":"7eu2cbm7cdgxmv2"}
{"type":"log","timestamp":1769047738624,"level":"debug","message":"Page request: GET (document) file:///tmp/jsreport/autocleanup/44e6185c-a234-4a61-9ecf-49b0858179f9-chrome-pdf.html","meta":{"rootId":"li75recsb3u2wd4","id":"li75recsb3u2wd4"},"id":"an84sr3zu7xbw3a","previousOperationId":"7eu2cbm7cdgxmv2"}
{"type":"log","timestamp":1769047738648,"level":"debug","message":"Page request finished: GET (document) 200 file:///tmp/jsreport/autocleanup/44e6185c-a234-4a61-9ecf-49b0858179f9-chrome-pdf.html","meta":{"rootId":"li75recsb3u2wd4","id":"li75recsb3u2wd4"},"id":"iu7qj5rfxgdiqag","previousOperationId":"7eu2cbm7cdgxmv2"}
{"type":"log","timestamp":1769047738653,"level":"debug","message":"Page request: GET (image) https://paciolibucket.s3.us-east-2.amazonaws.com/orgs/c64b69f6759a43a1bc0ae31961876751/companies/logos/e9767ff4-7186-447f-a397-208ea6bbfdb8_ninosfelices.png?X-Amz-Expires=600&X-Amz-Algorithm=AWS4-HMAC-SHA256&X-Amz-Credential=AKIAVYV5Z6T6UQ4ARWOC%2F20251214%2Fus-east-2%2Fs3%2Faws4_request&X-Amz-Date=20251214T042142Z&X-Amz-SignedHeaders=host&X-Amz-Signature=9bef4cc508bdfbedcab35016f2a1346ef8b73fc4c141ec491169a4e6ee842e03","meta":{"rootId":"li75recsb3u2wd4","id":"li75recsb3u2wd4"},"id":"6xnit0mvp3mfeuy","previousOperationId":"7eu2cbm7cdgxmv2"}
{"type":"log","timestamp":1769047739310,"level":"warn","message":"Page request failed: GET (image) https://paciolibucket.s3.us-east-2.amazonaws.com/orgs/c64b69f6759a43a1bc0ae31961876751/companies/logos/e9767ff4-7186-447f-a397-208ea6bbfdb8_ninosfelices.png?X-Amz-Expires=600&X-Amz-Algorithm=AWS4-HMAC-SHA256&X-Amz-Credential=AKIAVYV5Z6T6UQ4ARWOC%2F20251214%2Fus-east-2%2Fs3%2Faws4_request&X-Amz-Date=20251214T042142Z&X-Amz-SignedHeaders=host&X-Amz-Signature=9bef4cc508bdfbedcab35016f2a1346ef8b73fc4c141ec491169a4e6ee842e03, failure: net::ERR_BLOCKED_BY_ORB","meta":{"rootId":"li75recsb3u2wd4","id":"li75recsb3u2wd4"},"id":"wtqgdqa58ry1xwr","previousOperationId":"7eu2cbm7cdgxmv2"}
{"type":"log","timestamp":1769047739316,"level":"debug","message":"Running chrome with params {\"printBackground\":true,\"timeout\":59781,\"margin\":{}}","meta":{"rootId":"li75recsb3u2wd4","id":"li75recsb3u2wd4"},"id":"oid6ci85fquw07q","previousOperationId":"7eu2cbm7cdgxmv2"}
{"type":"operationEnd","operationId":"7eu2cbm7cdgxmv2","timestamp":1769047739398,"id":"vo416dse302fkjm","previousEventId":"jhruxmtdavtw4em","previousOperationId":"7eu2cbm7cdgxmv2"}
{"type":"log","timestamp":1769047739398,"level":"debug","message":"Skipping storing report.","meta":{"rootId":"li75recsb3u2wd4","id":"li75recsb3u2wd4"},"id":"7wywnet453annvk","previousOperationId":"7eu2cbm7cdgxmv2"}
{"type":"log","timestamp":1769047739399,"level":"info","message":"Rendering request 54 finished in 1186 ms","meta":{"rootId":"li75recsb3u2wd4","id":"li75recsb3u2wd4"},"id":"f5pca5mirnsqwpm","previousOperationId":"7eu2cbm7cdgxmv2"}
{"type":"operationEnd","subtype":"render","operationId":"tl6zbpgwse6xx5n","timestamp":1769047739399,"id":"3kf3sgyqtjn5ftg","previousEventId":"vo416dse302fkjm","previousOperationId":"7eu2cbm7cdgxmv2"}
{"type":"operationEnd","doDiffs":false,"previousEventId":"hmjb4neryy282e7","previousOperationId":"zytriuv9omjcbs6","operationId":"zytriuv9omjcbs6","timestamp":1769047739401,"id":"hdmsoqxv6orahrp"}
