{"type":"operationStart","subtype":"profile","data":{"_id":"0qrf0CTUlp0IB3AM","timestamp":"2026-03-12T17:35:43.722Z","state":"queued","mode":"standard","creationDate":"2026-03-12T17:35:43.723Z","modificationDate":"2026-03-12T17:35:43.723Z","shortid":"TxVLLQP","$entitySet":"profiles"},"doDiffs":false,"timestamp":1773336943722,"id":"ubp2upg5mhw9weg","previousOperationId":null,"operationId":"ovnfqhenmji6jar"}
{"type":"log","level":"info","message":"Render request 1 queued for execution and waiting for available worker","previousOperationId":"ovnfqhenmji6jar","timestamp":1773336943722,"id":"m59kx0unhnwg7m7"}
{"type":"operationStart","subtype":"render","name":"journal-entry-v1","previousOperationId":"ovnfqhenmji6jar","timestamp":1773336943794,"id":"c735u3dz58xengr","previousEventId":"ubp2upg5mhw9weg","operationId":"atlilo645i4xj20"}
{"type":"log","timestamp":1773336943795,"level":"info","message":"Starting rendering request 1","meta":{"rootId":"lou18lszkeuk78s","id":"lou18lszkeuk78s"},"id":"mf92msub7k78upq","previousOperationId":"atlilo645i4xj20"}
{"type":"log","timestamp":1773336943795,"level":"info","message":"Rendering template { name: journal-entry-v1, recipe: chrome-pdf, engine: handlebars, preview: false }","meta":{"rootId":"lou18lszkeuk78s","id":"lou18lszkeuk78s"},"id":"c6l6954re0hnqo3","previousOperationId":"atlilo645i4xj20"}
{"type":"log","timestamp":1773336943797,"level":"debug","message":"Inline data specified.","meta":{"rootId":"lou18lszkeuk78s","id":"lou18lszkeuk78s"},"id":"xdez0xvnyaqqjh1","previousOperationId":"atlilo645i4xj20"}
{"type":"log","timestamp":1773336943800,"level":"debug","message":"Base url not specified, skipping its injection.","meta":{"rootId":"lou18lszkeuk78s","id":"lou18lszkeuk78s"},"id":"gzhqbqilan49619","previousOperationId":"atlilo645i4xj20"}
{"type":"operationStart","subtype":"engine","name":"handlebars","timestamp":1773336943801,"id":"gd91ijgruft75ji","previousEventId":"c735u3dz58xengr","operationId":"9n5gghjfo2apm7x","previousOperationId":"atlilo645i4xj20"}
{"type":"log","timestamp":1773336943801,"level":"debug","message":"Rendering engine handlebars","meta":{"rootId":"lou18lszkeuk78s","id":"lou18lszkeuk78s"},"id":"fwanoxyc88n6zm3","previousOperationId":"9n5gghjfo2apm7x"}
{"type":"operationEnd","operationId":"9n5gghjfo2apm7x","timestamp":1773336944267,"id":"pawtcinvpu099qr","previousEventId":"gd91ijgruft75ji","previousOperationId":"9n5gghjfo2apm7x"}
{"type":"operationStart","subtype":"recipe","name":"chrome-pdf","timestamp":1773336944268,"id":"b0m0os2dfoea4u1","previousEventId":"pawtcinvpu099qr","operationId":"ti2gbqx7tfw676x","previousOperationId":"9n5gghjfo2apm7x"}
{"type":"log","timestamp":1773336944268,"level":"debug","message":"Executing recipe chrome-pdf","meta":{"rootId":"lou18lszkeuk78s","id":"lou18lszkeuk78s"},"id":"n004l0q4tvia38c","previousOperationId":"ti2gbqx7tfw676x"}
{"type":"log","timestamp":1773336945112,"level":"debug","message":"Converting with chrome Chrome/142.0.7444.175 using chrome-pool strategy","meta":{"rootId":"lou18lszkeuk78s","id":"lou18lszkeuk78s"},"id":"o9g2p9k31b0gqlp","previousOperationId":"ti2gbqx7tfw676x"}
{"type":"log","timestamp":1773336945217,"level":"debug","message":"Page request: GET (document) file:///tmp/jsreport/autocleanup/bc6902e8-6ec8-4ef1-bd79-781aa9fb3da0-chrome-pdf.html","meta":{"rootId":"lou18lszkeuk78s","id":"lou18lszkeuk78s"},"id":"7pz511rj0818pt2","previousOperationId":"ti2gbqx7tfw676x"}
{"type":"log","timestamp":1773336945232,"level":"debug","message":"Page request finished: GET (document) 200 file:///tmp/jsreport/autocleanup/bc6902e8-6ec8-4ef1-bd79-781aa9fb3da0-chrome-pdf.html","meta":{"rootId":"lou18lszkeuk78s","id":"lou18lszkeuk78s"},"id":"sw3rpiqioajvgub","previousOperationId":"ti2gbqx7tfw676x"}
{"type":"log","timestamp":1773336945233,"level":"debug","message":"Page request: GET (image) https://paciolibucket.s3.us-east-2.amazonaws.com/orgs/c64b69f6759a43a1bc0ae31961876751/companies/logos/b6e6bbb3-4217-4336-88b7-161c9ce34ada_Applicorp%20Logo.png?X-Amz-Expires=600&X-Amz-Algorithm=AWS4-HMAC-SHA256&X-Amz-Credential=AKIAVYV5Z6T6UQ4ARWOC%2F20260312%2Fus-east-2%2Fs3%2Faws4_request&X-Amz-Date=20260312T173543Z&X-Amz-SignedHeaders=host&X-Amz-Signature=06bfd8b4932c71df2c7e0c98d1ab0ffe0959e4b3adfdb69d4cbc0e97d801dc80","meta":{"rootId":"lou18lszkeuk78s","id":"lou18lszkeuk78s"},"id":"6gz9fqszrincysk","previousOperationId":"ti2gbqx7tfw676x"}
{"type":"log","timestamp":1773336945824,"level":"debug","message":"Page request finished: GET (image) 200 https://paciolibucket.s3.us-east-2.amazonaws.com/orgs/c64b69f6759a43a1bc0ae31961876751/companies/logos/b6e6bbb3-4217-4336-88b7-161c9ce34ada_Applicorp%20Logo.png?X-Amz-Expires=600&X-Amz-Algorithm=AWS4-HMAC-SHA256&X-Amz-Credential=AKIAVYV5Z6T6UQ4ARWOC%2F20260312%2Fus-east-2%2Fs3%2Faws4_request&X-Amz-Date=20260312T173543Z&X-Amz-SignedHeaders=host&X-Amz-Signature=06bfd8b4932c71df2c7e0c98d1ab0ffe0959e4b3adfdb69d4cbc0e97d801dc80","meta":{"rootId":"lou18lszkeuk78s","id":"lou18lszkeuk78s"},"id":"rrpypp173xx5t6v","previousOperationId":"ti2gbqx7tfw676x"}
{"type":"log","timestamp":1773336945827,"level":"debug","message":"Running chrome with params {\"printBackground\":true,\"timeout\":59446,\"margin\":{}}","meta":{"rootId":"lou18lszkeuk78s","id":"lou18lszkeuk78s"},"id":"gb92cvkyxf79qyr","previousOperationId":"ti2gbqx7tfw676x"}
{"type":"operationEnd","operationId":"ti2gbqx7tfw676x","timestamp":1773336945885,"id":"9boks1ic6wdu8ai","previousEventId":"b0m0os2dfoea4u1","previousOperationId":"ti2gbqx7tfw676x"}
{"type":"log","timestamp":1773336945885,"level":"debug","message":"Skipping storing report.","meta":{"rootId":"lou18lszkeuk78s","id":"lou18lszkeuk78s"},"id":"6ql08967j9uas6y","previousOperationId":"ti2gbqx7tfw676x"}
{"type":"log","timestamp":1773336945885,"level":"info","message":"Rendering request 1 finished in 2164 ms","meta":{"rootId":"lou18lszkeuk78s","id":"lou18lszkeuk78s"},"id":"hw4wropmp2f0dvu","previousOperationId":"ti2gbqx7tfw676x"}
{"type":"operationEnd","subtype":"render","operationId":"atlilo645i4xj20","timestamp":1773336945885,"id":"z5legsufbnn8q3h","previousEventId":"9boks1ic6wdu8ai","previousOperationId":"ti2gbqx7tfw676x"}
{"type":"operationEnd","doDiffs":false,"previousEventId":"ubp2upg5mhw9weg","previousOperationId":"ovnfqhenmji6jar","operationId":"ovnfqhenmji6jar","timestamp":1773336945887,"id":"jyvccy38nnndpwe"}
