{"type":"operationStart","subtype":"profile","data":{"_id":"wld6BGP9upQCks2A","timestamp":"2026-02-12T01:27:09.764Z","state":"queued","mode":"standard","creationDate":"2026-02-12T01:27:09.779Z","modificationDate":"2026-02-12T01:27:09.780Z","shortid":"uecpRR-","$entitySet":"profiles"},"doDiffs":false,"timestamp":1770859629768,"id":"43d8gr4bc3o9zsw","previousOperationId":null,"operationId":"zkuxxl25fj0b939"}
{"type":"log","level":"info","message":"Render request 2 queued for execution and waiting for available worker","previousOperationId":"zkuxxl25fj0b939","timestamp":1770859629769,"id":"opaq5o0gu9rmwg7"}
{"type":"operationStart","subtype":"render","name":"journal-entry-v1","previousOperationId":"zkuxxl25fj0b939","timestamp":1770859629861,"id":"nwwuqvgop124nk0","previousEventId":"43d8gr4bc3o9zsw","operationId":"93lbcmkv3nn8wb0"}
{"type":"log","timestamp":1770859629865,"level":"info","message":"Starting rendering request 2","meta":{"rootId":"ltge9hc8t6tkl0a","id":"ltge9hc8t6tkl0a"},"id":"ptmbcfy5fi9wtn9","previousOperationId":"93lbcmkv3nn8wb0"}
{"type":"log","timestamp":1770859629870,"level":"info","message":"Rendering template { name: journal-entry-v1, recipe: chrome-pdf, engine: handlebars, preview: false }","meta":{"rootId":"ltge9hc8t6tkl0a","id":"ltge9hc8t6tkl0a"},"id":"7rqn58tqaawwttz","previousOperationId":"93lbcmkv3nn8wb0"}
{"type":"log","timestamp":1770859629875,"level":"debug","message":"Inline data specified.","meta":{"rootId":"ltge9hc8t6tkl0a","id":"ltge9hc8t6tkl0a"},"id":"2nhu8f0fv446q2v","previousOperationId":"93lbcmkv3nn8wb0"}
{"type":"log","timestamp":1770859629883,"level":"debug","message":"Base url not specified, skipping its injection.","meta":{"rootId":"ltge9hc8t6tkl0a","id":"ltge9hc8t6tkl0a"},"id":"nb4fxhwug51zknj","previousOperationId":"93lbcmkv3nn8wb0"}
{"type":"operationStart","subtype":"engine","name":"handlebars","timestamp":1770859629890,"id":"ntjf1bg0w1f0ava","previousEventId":"nwwuqvgop124nk0","operationId":"jwsrty0qyjhmue1","previousOperationId":"93lbcmkv3nn8wb0"}
{"type":"log","timestamp":1770859629890,"level":"debug","message":"Rendering engine handlebars","meta":{"rootId":"ltge9hc8t6tkl0a","id":"ltge9hc8t6tkl0a"},"id":"52ix6na6n79pg7a","previousOperationId":"jwsrty0qyjhmue1"}
{"type":"operationEnd","operationId":"jwsrty0qyjhmue1","timestamp":1770859630490,"id":"kemhi31ugpnhfcs","previousEventId":"ntjf1bg0w1f0ava","previousOperationId":"jwsrty0qyjhmue1"}
{"type":"operationStart","subtype":"recipe","name":"chrome-pdf","timestamp":1770859630490,"id":"8grkntp905l5khc","previousEventId":"kemhi31ugpnhfcs","operationId":"impx004sa4dzlfu","previousOperationId":"jwsrty0qyjhmue1"}
{"type":"log","timestamp":1770859630490,"level":"debug","message":"Executing recipe chrome-pdf","meta":{"rootId":"ltge9hc8t6tkl0a","id":"ltge9hc8t6tkl0a"},"id":"o090r51384w61ua","previousOperationId":"impx004sa4dzlfu"}
{"type":"log","timestamp":1770859631615,"level":"debug","message":"Converting with chrome Chrome/142.0.7444.175 using chrome-pool strategy","meta":{"rootId":"ltge9hc8t6tkl0a","id":"ltge9hc8t6tkl0a"},"id":"u7mekcnhg2lykvp","previousOperationId":"impx004sa4dzlfu"}
{"type":"log","timestamp":1770859631766,"level":"debug","message":"Page request: GET (document) file:///tmp/jsreport/autocleanup/538e894a-d27e-4c2e-8d25-8f44239f9904-chrome-pdf.html","meta":{"rootId":"ltge9hc8t6tkl0a","id":"ltge9hc8t6tkl0a"},"id":"f1aegnwltp608hu","previousOperationId":"impx004sa4dzlfu"}
{"type":"log","timestamp":1770859631793,"level":"debug","message":"Page request: GET (image) https://paciolibucket.s3.us-east-2.amazonaws.com/orgs/c64b69f6759a43a1bc0ae31961876751/companies/logos/e9767ff4-7186-447f-a397-208ea6bbfdb8_ninosfelices.png?X-Amz-Expires=600&X-Amz-Algorithm=AWS4-HMAC-SHA256&X-Amz-Credential=AKIAVYV5Z6T6UQ4ARWOC%2F20260212%2Fus-east-2%2Fs3%2Faws4_request&X-Amz-Date=20260212T012709Z&X-Amz-SignedHeaders=host&X-Amz-Signature=42742cb3d1ba8782c83bd6c1bf3e8ba95bcdfcbaa47cff3ecdc7178a4b4d1176","meta":{"rootId":"ltge9hc8t6tkl0a","id":"ltge9hc8t6tkl0a"},"id":"wggpshonuo4339s","previousOperationId":"impx004sa4dzlfu"}
{"type":"log","timestamp":1770859631794,"level":"debug","message":"Page request finished: GET (document) 200 file:///tmp/jsreport/autocleanup/538e894a-d27e-4c2e-8d25-8f44239f9904-chrome-pdf.html","meta":{"rootId":"ltge9hc8t6tkl0a","id":"ltge9hc8t6tkl0a"},"id":"k318vbqgj7dh1zu","previousOperationId":"impx004sa4dzlfu"}
{"type":"log","timestamp":1770859632278,"level":"debug","message":"Page request finished: GET (image) 200 https://paciolibucket.s3.us-east-2.amazonaws.com/orgs/c64b69f6759a43a1bc0ae31961876751/companies/logos/e9767ff4-7186-447f-a397-208ea6bbfdb8_ninosfelices.png?X-Amz-Expires=600&X-Amz-Algorithm=AWS4-HMAC-SHA256&X-Amz-Credential=AKIAVYV5Z6T6UQ4ARWOC%2F20260212%2Fus-east-2%2Fs3%2Faws4_request&X-Amz-Date=20260212T012709Z&X-Amz-SignedHeaders=host&X-Amz-Signature=42742cb3d1ba8782c83bd6c1bf3e8ba95bcdfcbaa47cff3ecdc7178a4b4d1176","meta":{"rootId":"ltge9hc8t6tkl0a","id":"ltge9hc8t6tkl0a"},"id":"j8rwlfxrh42tfas","previousOperationId":"impx004sa4dzlfu"}
{"type":"log","timestamp":1770859632281,"level":"debug","message":"Running chrome with params {\"printBackground\":true,\"timeout\":59258,\"margin\":{}}","meta":{"rootId":"ltge9hc8t6tkl0a","id":"ltge9hc8t6tkl0a"},"id":"d4klp8prilheimp","previousOperationId":"impx004sa4dzlfu"}
{"type":"operationEnd","operationId":"impx004sa4dzlfu","timestamp":1770859632370,"id":"d0eouhci4ylgf2j","previousEventId":"8grkntp905l5khc","previousOperationId":"impx004sa4dzlfu"}
{"type":"log","timestamp":1770859632370,"level":"debug","message":"Skipping storing report.","meta":{"rootId":"ltge9hc8t6tkl0a","id":"ltge9hc8t6tkl0a"},"id":"b6j4uuomfarrc7q","previousOperationId":"impx004sa4dzlfu"}
{"type":"log","timestamp":1770859632370,"level":"info","message":"Rendering request 2 finished in 2615 ms","meta":{"rootId":"ltge9hc8t6tkl0a","id":"ltge9hc8t6tkl0a"},"id":"jyctjrlrvb39nm8","previousOperationId":"impx004sa4dzlfu"}
{"type":"operationEnd","subtype":"render","operationId":"93lbcmkv3nn8wb0","timestamp":1770859632370,"id":"7umekxz88gu666w","previousEventId":"d0eouhci4ylgf2j","previousOperationId":"impx004sa4dzlfu"}
{"type":"operationEnd","doDiffs":false,"previousEventId":"43d8gr4bc3o9zsw","previousOperationId":"zkuxxl25fj0b939","operationId":"zkuxxl25fj0b939","timestamp":1770859632372,"id":"ugc133ykkxryn4n"}
