{"type":"operationStart","subtype":"profile","data":{"_id":"FfA0aYIs0ahvkRO7","timestamp":"2026-01-21T02:48:26.007Z","state":"queued","mode":"standard","creationDate":"2026-01-21T02:48:26.008Z","modificationDate":"2026-01-21T02:48:26.008Z","shortid":"deqg_8F","$entitySet":"profiles"},"doDiffs":false,"timestamp":1768963706008,"id":"s2kr9rp7ywrf8t0","previousOperationId":null,"operationId":"efqpmi516awpbal"}
{"type":"log","level":"info","message":"Render request 11 queued for execution and waiting for available worker","previousOperationId":"efqpmi516awpbal","timestamp":1768963706008,"id":"qy5q6om2crprm2v"}
{"type":"operationStart","subtype":"render","name":"journal-entry-v1","previousOperationId":"efqpmi516awpbal","timestamp":1768963706064,"id":"4zftzt2x7ewlofo","previousEventId":"s2kr9rp7ywrf8t0","operationId":"gzjkfvh45l9s6fi"}
{"type":"log","timestamp":1768963706066,"level":"info","message":"Starting rendering request 11","meta":{"rootId":"mfr36agw81ykv6l","id":"mfr36agw81ykv6l"},"id":"2i8l9hi75crlgaw","previousOperationId":"gzjkfvh45l9s6fi"}
{"type":"log","timestamp":1768963706067,"level":"info","message":"Rendering template { name: journal-entry-v1, recipe: chrome-pdf, engine: handlebars, preview: false }","meta":{"rootId":"mfr36agw81ykv6l","id":"mfr36agw81ykv6l"},"id":"zm94kpymm74cdbh","previousOperationId":"gzjkfvh45l9s6fi"}
{"type":"log","timestamp":1768963706069,"level":"debug","message":"Inline data specified.","meta":{"rootId":"mfr36agw81ykv6l","id":"mfr36agw81ykv6l"},"id":"hazy4at6k7xbdk6","previousOperationId":"gzjkfvh45l9s6fi"}
{"type":"log","timestamp":1768963706073,"level":"debug","message":"Base url not specified, skipping its injection.","meta":{"rootId":"mfr36agw81ykv6l","id":"mfr36agw81ykv6l"},"id":"oqnain2i4v2ql90","previousOperationId":"gzjkfvh45l9s6fi"}
{"type":"operationStart","subtype":"engine","name":"handlebars","timestamp":1768963706076,"id":"tmjr54h06dn0var","previousEventId":"4zftzt2x7ewlofo","operationId":"eisgxhitmxpi0fw","previousOperationId":"gzjkfvh45l9s6fi"}
{"type":"log","timestamp":1768963706076,"level":"debug","message":"Rendering engine handlebars","meta":{"rootId":"mfr36agw81ykv6l","id":"mfr36agw81ykv6l"},"id":"h3l19bkmz1zdiep","previousOperationId":"eisgxhitmxpi0fw"}
{"type":"operationEnd","operationId":"eisgxhitmxpi0fw","timestamp":1768963706103,"id":"2u4a5x803auiycg","previousEventId":"tmjr54h06dn0var","previousOperationId":"eisgxhitmxpi0fw"}
{"type":"operationStart","subtype":"recipe","name":"chrome-pdf","timestamp":1768963706104,"id":"y3g5tnokat821b8","previousEventId":"2u4a5x803auiycg","operationId":"qfwo6g24sv3i73s","previousOperationId":"eisgxhitmxpi0fw"}
{"type":"log","timestamp":1768963706104,"level":"debug","message":"Executing recipe chrome-pdf","meta":{"rootId":"mfr36agw81ykv6l","id":"mfr36agw81ykv6l"},"id":"5nbq2keqcutij9c","previousOperationId":"qfwo6g24sv3i73s"}
{"type":"log","timestamp":1768963706130,"level":"debug","message":"Converting with chrome Chrome/142.0.7444.175 using chrome-pool strategy","meta":{"rootId":"mfr36agw81ykv6l","id":"mfr36agw81ykv6l"},"id":"4cnoinawul93e3e","previousOperationId":"qfwo6g24sv3i73s"}
{"type":"log","timestamp":1768963706257,"level":"debug","message":"Page request: GET (document) file:///tmp/jsreport/autocleanup/90079d4c-6b24-4b51-bb27-d9249ed6de8f-chrome-pdf.html","meta":{"rootId":"mfr36agw81ykv6l","id":"mfr36agw81ykv6l"},"id":"4jhk0anvc2vwv9n","previousOperationId":"qfwo6g24sv3i73s"}
{"type":"log","timestamp":1768963706270,"level":"debug","message":"Page request finished: GET (document) 200 file:///tmp/jsreport/autocleanup/90079d4c-6b24-4b51-bb27-d9249ed6de8f-chrome-pdf.html","meta":{"rootId":"mfr36agw81ykv6l","id":"mfr36agw81ykv6l"},"id":"vf320r0s4ax1bhv","previousOperationId":"qfwo6g24sv3i73s"}
{"type":"log","timestamp":1768963706271,"level":"warn","message":"Page request failed: GET (stylesheet) file:///tmp/jsreport/autocleanup/styles.css, failure: net::ERR_ACCESS_DENIED","meta":{"rootId":"mfr36agw81ykv6l","id":"mfr36agw81ykv6l"},"id":"chhmlwuzxluqonp","previousOperationId":"qfwo6g24sv3i73s"}
{"type":"log","timestamp":1768963706272,"level":"debug","message":"(console:error) Failed to load resource: net::ERR_ACCESS_DENIED","meta":{"userLevel":true,"rootId":"mfr36agw81ykv6l","id":"mfr36agw81ykv6l"},"id":"p51k155647ion6q","previousOperationId":"qfwo6g24sv3i73s"}
{"type":"log","timestamp":1768963706280,"level":"debug","message":"Running chrome with params {\"printBackground\":true,\"timeout\":59894,\"margin\":{}}","meta":{"rootId":"mfr36agw81ykv6l","id":"mfr36agw81ykv6l"},"id":"ruxxqtckia0j24y","previousOperationId":"qfwo6g24sv3i73s"}
{"type":"operationEnd","operationId":"qfwo6g24sv3i73s","timestamp":1768963706328,"id":"5xs1n8rrl7klngr","previousEventId":"y3g5tnokat821b8","previousOperationId":"qfwo6g24sv3i73s"}
{"type":"log","timestamp":1768963706328,"level":"debug","message":"Skipping storing report.","meta":{"rootId":"mfr36agw81ykv6l","id":"mfr36agw81ykv6l"},"id":"6q1iqr80a5accxw","previousOperationId":"qfwo6g24sv3i73s"}
{"type":"log","timestamp":1768963706328,"level":"info","message":"Rendering request 11 finished in 322 ms","meta":{"rootId":"mfr36agw81ykv6l","id":"mfr36agw81ykv6l"},"id":"qj5qunjgtfu3tyi","previousOperationId":"qfwo6g24sv3i73s"}
{"type":"operationEnd","subtype":"render","operationId":"gzjkfvh45l9s6fi","timestamp":1768963706329,"id":"16ikwo53ytmupbf","previousEventId":"5xs1n8rrl7klngr","previousOperationId":"qfwo6g24sv3i73s"}
{"type":"operationEnd","doDiffs":false,"previousEventId":"s2kr9rp7ywrf8t0","previousOperationId":"efqpmi516awpbal","operationId":"efqpmi516awpbal","timestamp":1768963706329,"id":"4w0eu3v27p9qkq2"}
