{"type":"operationStart","subtype":"profile","data":{"_id":"3513OugSIeLchOd3","timestamp":"2026-01-16T03:19:22.680Z","state":"queued","mode":"standard","creationDate":"2026-01-16T03:19:22.681Z","modificationDate":"2026-01-16T03:19:22.681Z","shortid":"A-i6eg1","$entitySet":"profiles"},"doDiffs":false,"timestamp":1768533562680,"id":"h8k0o9glzwberjw","previousOperationId":null,"operationId":"81nfmc7adfwro8u"}
{"type":"log","level":"info","message":"Render request 2 queued for execution and waiting for available worker","previousOperationId":"81nfmc7adfwro8u","timestamp":1768533562680,"id":"sgmkv2ls0fc9hpl"}
{"type":"operationStart","subtype":"render","name":"journal-entry-v1","previousOperationId":"81nfmc7adfwro8u","timestamp":1768533562742,"id":"5wf6rfoo88tpbaf","previousEventId":"h8k0o9glzwberjw","operationId":"x43qieu5hjejc07"}
{"type":"log","timestamp":1768533562744,"level":"info","message":"Starting rendering request 2","meta":{"rootId":"mkjayzf5hg62bts","id":"mkjayzf5hg62bts"},"id":"ok00jy1r8mlzr59","previousOperationId":"x43qieu5hjejc07"}
{"type":"log","timestamp":1768533562746,"level":"info","message":"Rendering template { name: journal-entry-v1, recipe: chrome-pdf, engine: handlebars, preview: true }","meta":{"rootId":"mkjayzf5hg62bts","id":"mkjayzf5hg62bts"},"id":"s4tee38ndoebm3y","previousOperationId":"x43qieu5hjejc07"}
{"type":"log","timestamp":1768533562749,"level":"debug","message":"Adding sample data 1aIVzc9G4","meta":{"rootId":"mkjayzf5hg62bts","id":"mkjayzf5hg62bts"},"id":"d0jerxdzq3lk9r5","previousOperationId":"x43qieu5hjejc07"}
{"type":"log","timestamp":1768533562751,"level":"debug","message":"Base url not specified, skipping its injection.","meta":{"rootId":"mkjayzf5hg62bts","id":"mkjayzf5hg62bts"},"id":"l2ap9p37xqr8hf0","previousOperationId":"x43qieu5hjejc07"}
{"type":"operationStart","subtype":"engine","name":"handlebars","timestamp":1768533562753,"id":"wynyxcwij8o8vnx","previousEventId":"5wf6rfoo88tpbaf","operationId":"y6npjof0qzttpf9","previousOperationId":"x43qieu5hjejc07"}
{"type":"log","timestamp":1768533562753,"level":"debug","message":"Rendering engine handlebars","meta":{"rootId":"mkjayzf5hg62bts","id":"mkjayzf5hg62bts"},"id":"4zw4vtjbfr756df","previousOperationId":"y6npjof0qzttpf9"}
{"type":"operationEnd","operationId":"y6npjof0qzttpf9","timestamp":1768533563084,"id":"7hk7a6uj4pt22pr","previousEventId":"wynyxcwij8o8vnx","previousOperationId":"y6npjof0qzttpf9"}
{"type":"operationStart","subtype":"recipe","name":"chrome-pdf","timestamp":1768533563085,"id":"15g83f6kyj33jcb","previousEventId":"7hk7a6uj4pt22pr","operationId":"x12mt24r99joto6","previousOperationId":"y6npjof0qzttpf9"}
{"type":"log","timestamp":1768533563085,"level":"debug","message":"Executing recipe chrome-pdf","meta":{"rootId":"mkjayzf5hg62bts","id":"mkjayzf5hg62bts"},"id":"tnfor45kvp11aa3","previousOperationId":"x12mt24r99joto6"}
{"type":"log","timestamp":1768533563384,"level":"debug","message":"Converting with chrome Chrome/142.0.7444.175 using chrome-pool strategy","meta":{"rootId":"mkjayzf5hg62bts","id":"mkjayzf5hg62bts"},"id":"q1zidorm7q48k0c","previousOperationId":"x12mt24r99joto6"}
{"type":"log","timestamp":1768533563438,"level":"debug","message":"Page request: GET (document) file:///tmp/jsreport/autocleanup/d51d5a37-9f72-40aa-96a6-825d58aed143-chrome-pdf.html","meta":{"rootId":"mkjayzf5hg62bts","id":"mkjayzf5hg62bts"},"id":"opozxr9e9q18vzh","previousOperationId":"x12mt24r99joto6"}
{"type":"log","timestamp":1768533563449,"level":"debug","message":"Page request finished: GET (document) 200 file:///tmp/jsreport/autocleanup/d51d5a37-9f72-40aa-96a6-825d58aed143-chrome-pdf.html","meta":{"rootId":"mkjayzf5hg62bts","id":"mkjayzf5hg62bts"},"id":"s9v3ivprxp7990y","previousOperationId":"x12mt24r99joto6"}
{"type":"log","timestamp":1768533563451,"level":"warn","message":"Page request failed: GET (stylesheet) file:///tmp/jsreport/autocleanup/styles.css, failure: net::ERR_ACCESS_DENIED","meta":{"rootId":"mkjayzf5hg62bts","id":"mkjayzf5hg62bts"},"id":"25y7lv063w1hsuk","previousOperationId":"x12mt24r99joto6"}
{"type":"log","timestamp":1768533563451,"level":"debug","message":"(console:error) Failed to load resource: net::ERR_ACCESS_DENIED","meta":{"userLevel":true,"rootId":"mkjayzf5hg62bts","id":"mkjayzf5hg62bts"},"id":"sx0tze4folow0le","previousOperationId":"x12mt24r99joto6"}
{"type":"log","timestamp":1768533563458,"level":"debug","message":"Running chrome with params {\"printBackground\":true,\"timeout\":59588,\"margin\":{}}","meta":{"rootId":"mkjayzf5hg62bts","id":"mkjayzf5hg62bts"},"id":"bfnjdgcpkfoumul","previousOperationId":"x12mt24r99joto6"}
{"type":"operationEnd","operationId":"x12mt24r99joto6","timestamp":1768533563488,"id":"1pkmn8waan4jn03","previousEventId":"15g83f6kyj33jcb","previousOperationId":"x12mt24r99joto6"}
{"type":"log","timestamp":1768533563489,"level":"debug","message":"Skipping storing report.","meta":{"rootId":"mkjayzf5hg62bts","id":"mkjayzf5hg62bts"},"id":"09i5iq6ilf2y3lo","previousOperationId":"x12mt24r99joto6"}
{"type":"log","timestamp":1768533563489,"level":"info","message":"Rendering request 2 finished in 810 ms","meta":{"rootId":"mkjayzf5hg62bts","id":"mkjayzf5hg62bts"},"id":"hhr6nkehovk1yc1","previousOperationId":"x12mt24r99joto6"}
{"type":"operationEnd","subtype":"render","operationId":"x43qieu5hjejc07","timestamp":1768533563489,"id":"ut51bx1wxslzcxs","previousEventId":"1pkmn8waan4jn03","previousOperationId":"x12mt24r99joto6"}
{"type":"operationEnd","doDiffs":false,"previousEventId":"h8k0o9glzwberjw","previousOperationId":"81nfmc7adfwro8u","operationId":"81nfmc7adfwro8u","timestamp":1768533563492,"id":"unbj7463z3gfoam"}
