{"type":"operationStart","subtype":"profile","data":{"_id":"UHGgRG7iwjI8Ifdy","timestamp":"2026-01-22T03:37:41.474Z","state":"queued","mode":"standard","creationDate":"2026-01-22T03:37:41.476Z","modificationDate":"2026-01-22T03:37:41.476Z","shortid":"GRwzslP","$entitySet":"profiles"},"doDiffs":false,"timestamp":1769053061475,"id":"lafy85slp59lhzi","previousOperationId":null,"operationId":"o4pzjs9642q30iy"}
{"type":"log","level":"info","message":"Render request 93 queued for execution and waiting for available worker","previousOperationId":"o4pzjs9642q30iy","timestamp":1769053061475,"id":"v2ry3efq51ts89m"}
{"type":"operationStart","subtype":"render","name":"journal-entry-v1","previousOperationId":"o4pzjs9642q30iy","timestamp":1769053061574,"id":"v5su0h5d642fl63","previousEventId":"lafy85slp59lhzi","operationId":"n3gcmnoq8yv290u"}
{"type":"log","timestamp":1769053061581,"level":"info","message":"Starting rendering request 93","meta":{"rootId":"mko1uwaanr9te9i","id":"mko1uwaanr9te9i"},"id":"4ldeci3btejapnv","previousOperationId":"n3gcmnoq8yv290u"}
{"type":"log","timestamp":1769053061589,"level":"info","message":"Rendering template { name: journal-entry-v1, recipe: chrome-pdf, engine: handlebars, preview: true }","meta":{"rootId":"mko1uwaanr9te9i","id":"mko1uwaanr9te9i"},"id":"cn8y1pna36d07de","previousOperationId":"n3gcmnoq8yv290u"}
{"type":"log","timestamp":1769053061595,"level":"debug","message":"Inline data specified.","meta":{"rootId":"mko1uwaanr9te9i","id":"mko1uwaanr9te9i"},"id":"fzx7fb0jp2h62vy","previousOperationId":"n3gcmnoq8yv290u"}
{"type":"log","timestamp":1769053061598,"level":"debug","message":"Base url not specified, skipping its injection.","meta":{"rootId":"mko1uwaanr9te9i","id":"mko1uwaanr9te9i"},"id":"r4s9mcgh5o2rq18","previousOperationId":"n3gcmnoq8yv290u"}
{"type":"operationStart","subtype":"engine","name":"handlebars","timestamp":1769053061606,"id":"xeio649bj26gcbm","previousEventId":"v5su0h5d642fl63","operationId":"itai9ky0rh8tdc0","previousOperationId":"n3gcmnoq8yv290u"}
{"type":"log","timestamp":1769053061606,"level":"debug","message":"Rendering engine handlebars","meta":{"rootId":"mko1uwaanr9te9i","id":"mko1uwaanr9te9i"},"id":"g03ehxgylskjqkl","previousOperationId":"itai9ky0rh8tdc0"}
{"type":"operationEnd","operationId":"itai9ky0rh8tdc0","timestamp":1769053061876,"id":"oybm1w917rz7599","previousEventId":"xeio649bj26gcbm","previousOperationId":"itai9ky0rh8tdc0"}
{"type":"operationStart","subtype":"recipe","name":"chrome-pdf","timestamp":1769053061876,"id":"seopqlc4mcgbyki","previousEventId":"oybm1w917rz7599","operationId":"q37a8tsy74nn4u0","previousOperationId":"itai9ky0rh8tdc0"}
{"type":"log","timestamp":1769053061877,"level":"debug","message":"Executing recipe chrome-pdf","meta":{"rootId":"mko1uwaanr9te9i","id":"mko1uwaanr9te9i"},"id":"l1y0n1kxbghfqqs","previousOperationId":"q37a8tsy74nn4u0"}
{"type":"log","timestamp":1769053061892,"level":"debug","message":"Converting with chrome Chrome/142.0.7444.175 using chrome-pool strategy","meta":{"rootId":"mko1uwaanr9te9i","id":"mko1uwaanr9te9i"},"id":"r926sr5qfoyejhf","previousOperationId":"q37a8tsy74nn4u0"}
{"type":"log","timestamp":1769053062036,"level":"debug","message":"Page request: GET (document) file:///tmp/jsreport/autocleanup/7680547d-c552-4a24-9254-63c9c1df3d5a-chrome-pdf.html","meta":{"rootId":"mko1uwaanr9te9i","id":"mko1uwaanr9te9i"},"id":"ne3vpo86raky417","previousOperationId":"q37a8tsy74nn4u0"}
{"type":"log","timestamp":1769053062053,"level":"debug","message":"Page request finished: GET (document) 200 file:///tmp/jsreport/autocleanup/7680547d-c552-4a24-9254-63c9c1df3d5a-chrome-pdf.html","meta":{"rootId":"mko1uwaanr9te9i","id":"mko1uwaanr9te9i"},"id":"1z9i90pbdl5z42w","previousOperationId":"q37a8tsy74nn4u0"}
{"type":"log","timestamp":1769053062057,"level":"debug","message":"Page request: GET (image) https://paciolibucket.s3.us-east-2.amazonaws.com/orgs/c64b69f6759a43a1bc0ae31961876751/companies/logos/e9767ff4-7186-447f-a397-208ea6bbfdb8_ninosfelices.png?X-Amz-Expires=600&X-Amz-Algorithm=AWS4-HMAC-SHA256&X-Amz-Credential=AKIAVYV5Z6T6UQ4ARWOC%2F20260122%2Fus-east-2%2Fs3%2Faws4_request&X-Amz-Date=20260122T033528Z&X-Amz-SignedHeaders=host&X-Amz-Signature=9b633606df821d9898111391bdf513f485b895efcc031a2d8642978865590d15","meta":{"rootId":"mko1uwaanr9te9i","id":"mko1uwaanr9te9i"},"id":"ilvapl9lkcxjy3r","previousOperationId":"q37a8tsy74nn4u0"}
{"type":"log","timestamp":1769053062570,"level":"debug","message":"Page request finished: GET (image) 200 https://paciolibucket.s3.us-east-2.amazonaws.com/orgs/c64b69f6759a43a1bc0ae31961876751/companies/logos/e9767ff4-7186-447f-a397-208ea6bbfdb8_ninosfelices.png?X-Amz-Expires=600&X-Amz-Algorithm=AWS4-HMAC-SHA256&X-Amz-Credential=AKIAVYV5Z6T6UQ4ARWOC%2F20260122%2Fus-east-2%2Fs3%2Faws4_request&X-Amz-Date=20260122T033528Z&X-Amz-SignedHeaders=host&X-Amz-Signature=9b633606df821d9898111391bdf513f485b895efcc031a2d8642978865590d15","meta":{"rootId":"mko1uwaanr9te9i","id":"mko1uwaanr9te9i"},"id":"d47p7p069dnimdy","previousOperationId":"q37a8tsy74nn4u0"}
{"type":"log","timestamp":1769053062572,"level":"debug","message":"Running chrome with params {\"printBackground\":true,\"timeout\":59590,\"margin\":{}}","meta":{"rootId":"mko1uwaanr9te9i","id":"mko1uwaanr9te9i"},"id":"lw7st1votfwy7sy","previousOperationId":"q37a8tsy74nn4u0"}
{"type":"operationEnd","operationId":"q37a8tsy74nn4u0","timestamp":1769053062644,"id":"eym5uw8mqbgusue","previousEventId":"seopqlc4mcgbyki","previousOperationId":"q37a8tsy74nn4u0"}
{"type":"log","timestamp":1769053062644,"level":"debug","message":"Skipping storing report.","meta":{"rootId":"mko1uwaanr9te9i","id":"mko1uwaanr9te9i"},"id":"az801am1o7vp97v","previousOperationId":"q37a8tsy74nn4u0"}
{"type":"log","timestamp":1769053062644,"level":"info","message":"Rendering request 93 finished in 1171 ms","meta":{"rootId":"mko1uwaanr9te9i","id":"mko1uwaanr9te9i"},"id":"wr7uezlv4867ebs","previousOperationId":"q37a8tsy74nn4u0"}
{"type":"operationEnd","subtype":"render","operationId":"n3gcmnoq8yv290u","timestamp":1769053062644,"id":"nl6oi7m1kzf6m10","previousEventId":"eym5uw8mqbgusue","previousOperationId":"q37a8tsy74nn4u0"}
{"type":"operationEnd","doDiffs":false,"previousEventId":"lafy85slp59lhzi","previousOperationId":"o4pzjs9642q30iy","operationId":"o4pzjs9642q30iy","timestamp":1769053062646,"id":"ha96ip1q57oj6xh"}
