{"type":"operationStart","subtype":"profile","data":{"_id":"QEh3kheH3gpDTL85","timestamp":"2026-02-16T18:59:31.235Z","state":"queued","mode":"standard","creationDate":"2026-02-16T18:59:31.249Z","modificationDate":"2026-02-16T18:59:31.249Z","shortid":"A8H5NEN","$entitySet":"profiles"},"doDiffs":false,"timestamp":1771268371241,"id":"6cp90ojn4dzjv7b","previousOperationId":null,"operationId":"ogbd1pvg52ok68l"}
{"type":"log","level":"info","message":"Render request 7 queued for execution and waiting for available worker","previousOperationId":"ogbd1pvg52ok68l","timestamp":1771268371242,"id":"26tmrkiwbsj6p5g"}
{"type":"operationStart","subtype":"render","name":"journal-entry-v1","previousOperationId":"ogbd1pvg52ok68l","timestamp":1771268371346,"id":"6rvli9wri9ei4y4","previousEventId":"6cp90ojn4dzjv7b","operationId":"hxzbv5vcmdmikdr"}
{"type":"log","timestamp":1771268371348,"level":"info","message":"Starting rendering request 7","meta":{"rootId":"mkz52bglyf71awh","id":"mkz52bglyf71awh"},"id":"dg9aokf7na7xu68","previousOperationId":"hxzbv5vcmdmikdr"}
{"type":"log","timestamp":1771268371351,"level":"info","message":"Rendering template { name: journal-entry-v1, recipe: chrome-pdf, engine: handlebars, preview: false }","meta":{"rootId":"mkz52bglyf71awh","id":"mkz52bglyf71awh"},"id":"4muou3dnr85m4mm","previousOperationId":"hxzbv5vcmdmikdr"}
{"type":"log","timestamp":1771268371355,"level":"debug","message":"Inline data specified.","meta":{"rootId":"mkz52bglyf71awh","id":"mkz52bglyf71awh"},"id":"upiunghzbpn7weg","previousOperationId":"hxzbv5vcmdmikdr"}
{"type":"log","timestamp":1771268371361,"level":"debug","message":"Base url not specified, skipping its injection.","meta":{"rootId":"mkz52bglyf71awh","id":"mkz52bglyf71awh"},"id":"2b1ts1jj2er5iyl","previousOperationId":"hxzbv5vcmdmikdr"}
{"type":"operationStart","subtype":"engine","name":"handlebars","timestamp":1771268371364,"id":"peim9bnrl02wuah","previousEventId":"6rvli9wri9ei4y4","operationId":"ibcypc4lmzhlq8w","previousOperationId":"hxzbv5vcmdmikdr"}
{"type":"log","timestamp":1771268371364,"level":"debug","message":"Rendering engine handlebars","meta":{"rootId":"mkz52bglyf71awh","id":"mkz52bglyf71awh"},"id":"c41s8jl1vbb7cyj","previousOperationId":"ibcypc4lmzhlq8w"}
{"type":"operationEnd","operationId":"ibcypc4lmzhlq8w","timestamp":1771268371414,"id":"zmcjdgm0e7zxs5w","previousEventId":"peim9bnrl02wuah","previousOperationId":"ibcypc4lmzhlq8w"}
{"type":"operationStart","subtype":"recipe","name":"chrome-pdf","timestamp":1771268371415,"id":"l57h5axyf2nx4h8","previousEventId":"zmcjdgm0e7zxs5w","operationId":"73upeoyigjf126h","previousOperationId":"ibcypc4lmzhlq8w"}
{"type":"log","timestamp":1771268371415,"level":"debug","message":"Executing recipe chrome-pdf","meta":{"rootId":"mkz52bglyf71awh","id":"mkz52bglyf71awh"},"id":"d8qfqwk3lpt9gaa","previousOperationId":"73upeoyigjf126h"}
{"type":"log","timestamp":1771268371449,"level":"debug","message":"Converting with chrome Chrome/142.0.7444.175 using chrome-pool strategy","meta":{"rootId":"mkz52bglyf71awh","id":"mkz52bglyf71awh"},"id":"hcxiikzt68sak5o","previousOperationId":"73upeoyigjf126h"}
{"type":"log","timestamp":1771268371726,"level":"debug","message":"Page request: GET (document) file:///tmp/jsreport/autocleanup/06b065bf-e141-4dd0-a46a-751758cf330a-chrome-pdf.html","meta":{"rootId":"mkz52bglyf71awh","id":"mkz52bglyf71awh"},"id":"2g19sv840sx49hw","previousOperationId":"73upeoyigjf126h"}
{"type":"log","timestamp":1771268371757,"level":"debug","message":"Page request finished: GET (document) 200 file:///tmp/jsreport/autocleanup/06b065bf-e141-4dd0-a46a-751758cf330a-chrome-pdf.html","meta":{"rootId":"mkz52bglyf71awh","id":"mkz52bglyf71awh"},"id":"oh0y2yzi4k8zve9","previousOperationId":"73upeoyigjf126h"}
{"type":"log","timestamp":1771268371763,"level":"debug","message":"Page request: GET (image) https://paciolibucket.s3.us-east-2.amazonaws.com/orgs/c64b69f6759a43a1bc0ae31961876751/companies/logos/e9767ff4-7186-447f-a397-208ea6bbfdb8_ninosfelices.png?X-Amz-Expires=600&X-Amz-Algorithm=AWS4-HMAC-SHA256&X-Amz-Credential=AKIAVYV5Z6T6UQ4ARWOC%2F20260216%2Fus-east-2%2Fs3%2Faws4_request&X-Amz-Date=20260216T185931Z&X-Amz-SignedHeaders=host&X-Amz-Signature=4b7bf13e4e22164211f09348294aabfde67e1f21f8b69b8d34f3bb15d3bedf36","meta":{"rootId":"mkz52bglyf71awh","id":"mkz52bglyf71awh"},"id":"lnljrqv6wszy7ox","previousOperationId":"73upeoyigjf126h"}
{"type":"log","timestamp":1771268372378,"level":"debug","message":"Page request finished: GET (image) 200 https://paciolibucket.s3.us-east-2.amazonaws.com/orgs/c64b69f6759a43a1bc0ae31961876751/companies/logos/e9767ff4-7186-447f-a397-208ea6bbfdb8_ninosfelices.png?X-Amz-Expires=600&X-Amz-Algorithm=AWS4-HMAC-SHA256&X-Amz-Credential=AKIAVYV5Z6T6UQ4ARWOC%2F20260216%2Fus-east-2%2Fs3%2Faws4_request&X-Amz-Date=20260216T185931Z&X-Amz-SignedHeaders=host&X-Amz-Signature=4b7bf13e4e22164211f09348294aabfde67e1f21f8b69b8d34f3bb15d3bedf36","meta":{"rootId":"mkz52bglyf71awh","id":"mkz52bglyf71awh"},"id":"k0ygcjq7n04isz1","previousOperationId":"73upeoyigjf126h"}
{"type":"log","timestamp":1771268372382,"level":"debug","message":"Running chrome with params {\"printBackground\":true,\"timeout\":59802,\"margin\":{}}","meta":{"rootId":"mkz52bglyf71awh","id":"mkz52bglyf71awh"},"id":"1derz2oyho28eod","previousOperationId":"73upeoyigjf126h"}
{"type":"operationEnd","operationId":"73upeoyigjf126h","timestamp":1771268372502,"id":"mkhh8hi3crkoelf","previousEventId":"l57h5axyf2nx4h8","previousOperationId":"73upeoyigjf126h"}
{"type":"log","timestamp":1771268372502,"level":"debug","message":"Skipping storing report.","meta":{"rootId":"mkz52bglyf71awh","id":"mkz52bglyf71awh"},"id":"mqhi783nhw647qs","previousOperationId":"73upeoyigjf126h"}
{"type":"log","timestamp":1771268372503,"level":"info","message":"Rendering request 7 finished in 1275 ms","meta":{"rootId":"mkz52bglyf71awh","id":"mkz52bglyf71awh"},"id":"mvcyvoa1ebjqrtb","previousOperationId":"73upeoyigjf126h"}
{"type":"operationEnd","subtype":"render","operationId":"hxzbv5vcmdmikdr","timestamp":1771268372503,"id":"t3awaxzwlezcz7i","previousEventId":"mkhh8hi3crkoelf","previousOperationId":"73upeoyigjf126h"}
{"type":"operationEnd","doDiffs":false,"previousEventId":"6cp90ojn4dzjv7b","previousOperationId":"ogbd1pvg52ok68l","operationId":"ogbd1pvg52ok68l","timestamp":1771268372505,"id":"ntlaywrpwiezteu"}
