{"type":"operationStart","subtype":"profile","data":{"_id":"YLN1YfNqEsandIaU","timestamp":"2026-01-23T02:12:29.815Z","state":"queued","mode":"standard","creationDate":"2026-01-23T02:12:29.818Z","modificationDate":"2026-01-23T02:12:29.818Z","shortid":"ATcweLW","$entitySet":"profiles"},"doDiffs":false,"timestamp":1769134349817,"id":"ods19kil9yfyadz","previousOperationId":null,"operationId":"0dq8y1b1jmayz86"}
{"type":"log","level":"info","message":"Render request 26 queued for execution and waiting for available worker","previousOperationId":"0dq8y1b1jmayz86","timestamp":1769134349817,"id":"lqtsg27o17143tl"}
{"type":"operationStart","subtype":"render","name":"journal-entry-v1","previousOperationId":"0dq8y1b1jmayz86","timestamp":1769134349869,"id":"mgo1nit45uj94b8","previousEventId":"ods19kil9yfyadz","operationId":"txfa60fnmkv7mnx"}
{"type":"log","timestamp":1769134349871,"level":"info","message":"Starting rendering request 26","meta":{"rootId":"n8u8vqi25oc34t9","id":"n8u8vqi25oc34t9"},"id":"hzz23sq53k52etf","previousOperationId":"txfa60fnmkv7mnx"}
{"type":"log","timestamp":1769134349876,"level":"info","message":"Rendering template { name: journal-entry-v1, recipe: chrome-pdf, engine: handlebars, preview: false }","meta":{"rootId":"n8u8vqi25oc34t9","id":"n8u8vqi25oc34t9"},"id":"gu5xglcq7oqnvqs","previousOperationId":"txfa60fnmkv7mnx"}
{"type":"log","timestamp":1769134349879,"level":"debug","message":"Inline data specified.","meta":{"rootId":"n8u8vqi25oc34t9","id":"n8u8vqi25oc34t9"},"id":"o1xtfgw4dl0pm3k","previousOperationId":"txfa60fnmkv7mnx"}
{"type":"log","timestamp":1769134349896,"level":"debug","message":"Base url not specified, skipping its injection.","meta":{"rootId":"n8u8vqi25oc34t9","id":"n8u8vqi25oc34t9"},"id":"wk16hmksz57aw5c","previousOperationId":"txfa60fnmkv7mnx"}
{"type":"operationStart","subtype":"engine","name":"handlebars","timestamp":1769134349901,"id":"fzkgmpiekcepqu1","previousEventId":"mgo1nit45uj94b8","operationId":"72snvmw3ewrbetg","previousOperationId":"txfa60fnmkv7mnx"}
{"type":"log","timestamp":1769134349902,"level":"debug","message":"Rendering engine handlebars","meta":{"rootId":"n8u8vqi25oc34t9","id":"n8u8vqi25oc34t9"},"id":"32phhem87cqrnge","previousOperationId":"72snvmw3ewrbetg"}
{"type":"operationEnd","operationId":"72snvmw3ewrbetg","timestamp":1769134349962,"id":"4e9p0laa8pj7vvk","previousEventId":"fzkgmpiekcepqu1","previousOperationId":"72snvmw3ewrbetg"}
{"type":"operationStart","subtype":"recipe","name":"chrome-pdf","timestamp":1769134349963,"id":"3cfcqdpois4boa3","previousEventId":"4e9p0laa8pj7vvk","operationId":"daiwjhy1bbretdk","previousOperationId":"72snvmw3ewrbetg"}
{"type":"log","timestamp":1769134349963,"level":"debug","message":"Executing recipe chrome-pdf","meta":{"rootId":"n8u8vqi25oc34t9","id":"n8u8vqi25oc34t9"},"id":"7v1drbbcpmms6ff","previousOperationId":"daiwjhy1bbretdk"}
{"type":"log","timestamp":1769134349992,"level":"debug","message":"Converting with chrome Chrome/142.0.7444.175 using chrome-pool strategy","meta":{"rootId":"n8u8vqi25oc34t9","id":"n8u8vqi25oc34t9"},"id":"aqv624ix4ctu6y5","previousOperationId":"daiwjhy1bbretdk"}
{"type":"log","timestamp":1769134350225,"level":"debug","message":"Page request: GET (document) file:///tmp/jsreport/autocleanup/4ee7d8af-eabf-4f3f-8e81-3a1b09d7e12b-chrome-pdf.html","meta":{"rootId":"n8u8vqi25oc34t9","id":"n8u8vqi25oc34t9"},"id":"b3j08c0l0qq4ox0","previousOperationId":"daiwjhy1bbretdk"}
{"type":"log","timestamp":1769134350247,"level":"debug","message":"Page request finished: GET (document) 200 file:///tmp/jsreport/autocleanup/4ee7d8af-eabf-4f3f-8e81-3a1b09d7e12b-chrome-pdf.html","meta":{"rootId":"n8u8vqi25oc34t9","id":"n8u8vqi25oc34t9"},"id":"melq0j78uxj42ed","previousOperationId":"daiwjhy1bbretdk"}
{"type":"log","timestamp":1769134350253,"level":"debug","message":"Page request: GET (image) https://paciolibucket.s3.us-east-2.amazonaws.com/orgs/c64b69f6759a43a1bc0ae31961876751/companies/logos/e9767ff4-7186-447f-a397-208ea6bbfdb8_ninosfelices.png?X-Amz-Expires=600&X-Amz-Algorithm=AWS4-HMAC-SHA256&X-Amz-Credential=AKIAVYV5Z6T6UQ4ARWOC%2F20260123%2Fus-east-2%2Fs3%2Faws4_request&X-Amz-Date=20260123T021229Z&X-Amz-SignedHeaders=host&X-Amz-Signature=a812e39feefff20a0a186eb62566a52e5f72adb43184552f0e906d69e0f44d70","meta":{"rootId":"n8u8vqi25oc34t9","id":"n8u8vqi25oc34t9"},"id":"tdy19nlar0ovhss","previousOperationId":"daiwjhy1bbretdk"}
{"type":"log","timestamp":1769134350896,"level":"debug","message":"Page request finished: GET (image) 200 https://paciolibucket.s3.us-east-2.amazonaws.com/orgs/c64b69f6759a43a1bc0ae31961876751/companies/logos/e9767ff4-7186-447f-a397-208ea6bbfdb8_ninosfelices.png?X-Amz-Expires=600&X-Amz-Algorithm=AWS4-HMAC-SHA256&X-Amz-Credential=AKIAVYV5Z6T6UQ4ARWOC%2F20260123%2Fus-east-2%2Fs3%2Faws4_request&X-Amz-Date=20260123T021229Z&X-Amz-SignedHeaders=host&X-Amz-Signature=a812e39feefff20a0a186eb62566a52e5f72adb43184552f0e906d69e0f44d70","meta":{"rootId":"n8u8vqi25oc34t9","id":"n8u8vqi25oc34t9"},"id":"is552tn5zsosbhu","previousOperationId":"daiwjhy1bbretdk"}
{"type":"log","timestamp":1769134350898,"level":"debug","message":"Running chrome with params {\"printBackground\":true,\"timeout\":59839,\"margin\":{}}","meta":{"rootId":"n8u8vqi25oc34t9","id":"n8u8vqi25oc34t9"},"id":"cj1k2t8efk88n2u","previousOperationId":"daiwjhy1bbretdk"}
{"type":"operationEnd","operationId":"daiwjhy1bbretdk","timestamp":1769134351102,"id":"jqkmbpk2wn97tf4","previousEventId":"3cfcqdpois4boa3","previousOperationId":"daiwjhy1bbretdk"}
{"type":"log","timestamp":1769134351107,"level":"debug","message":"Skipping storing report.","meta":{"rootId":"n8u8vqi25oc34t9","id":"n8u8vqi25oc34t9"},"id":"ek51vaaiu04qi0l","previousOperationId":"daiwjhy1bbretdk"}
{"type":"log","timestamp":1769134351108,"level":"info","message":"Rendering request 26 finished in 1295 ms","meta":{"rootId":"n8u8vqi25oc34t9","id":"n8u8vqi25oc34t9"},"id":"kbyxg11j0jsir08","previousOperationId":"daiwjhy1bbretdk"}
{"type":"operationEnd","subtype":"render","operationId":"txfa60fnmkv7mnx","timestamp":1769134351109,"id":"vwo0ykwscsq2w8i","previousEventId":"jqkmbpk2wn97tf4","previousOperationId":"daiwjhy1bbretdk"}
{"type":"operationEnd","doDiffs":false,"previousEventId":"ods19kil9yfyadz","previousOperationId":"0dq8y1b1jmayz86","operationId":"0dq8y1b1jmayz86","timestamp":1769134351112,"id":"o18iu487w6nene9"}
