{"type":"operationStart","subtype":"profile","data":{"_id":"yzjgjBzciXeNy0Mi","timestamp":"2026-01-22T01:43:00.713Z","state":"queued","mode":"standard","creationDate":"2026-01-22T01:43:00.723Z","modificationDate":"2026-01-22T01:43:00.723Z","shortid":"jkJN-1G","$entitySet":"profiles"},"doDiffs":false,"timestamp":1769046180717,"id":"4wi0vuogtaa5mdu","previousOperationId":null,"operationId":"70j15okckyn8xv7"}
{"type":"log","level":"info","message":"Render request 44 queued for execution and waiting for available worker","previousOperationId":"70j15okckyn8xv7","timestamp":1769046180719,"id":"ru1knxlmka55slu"}
{"type":"operationStart","subtype":"render","name":"journal-entry-v1","previousOperationId":"70j15okckyn8xv7","timestamp":1769046180806,"id":"zoocogp9lce45bz","previousEventId":"4wi0vuogtaa5mdu","operationId":"gqbsjpspnz9a96n"}
{"type":"log","timestamp":1769046180810,"level":"info","message":"Starting rendering request 44","meta":{"rootId":"nffnzdcfhbmyzp4","id":"nffnzdcfhbmyzp4"},"id":"r035jsww13veicm","previousOperationId":"gqbsjpspnz9a96n"}
{"type":"log","timestamp":1769046180813,"level":"info","message":"Rendering template { name: journal-entry-v1, recipe: chrome-pdf, engine: handlebars, preview: true }","meta":{"rootId":"nffnzdcfhbmyzp4","id":"nffnzdcfhbmyzp4"},"id":"dnhcccqrkj7wbbj","previousOperationId":"gqbsjpspnz9a96n"}
{"type":"log","timestamp":1769046180816,"level":"debug","message":"Inline data specified.","meta":{"rootId":"nffnzdcfhbmyzp4","id":"nffnzdcfhbmyzp4"},"id":"65cccdfgq8eee8s","previousOperationId":"gqbsjpspnz9a96n"}
{"type":"log","timestamp":1769046180821,"level":"debug","message":"Base url not specified, skipping its injection.","meta":{"rootId":"nffnzdcfhbmyzp4","id":"nffnzdcfhbmyzp4"},"id":"58rtmpxcizop7ix","previousOperationId":"gqbsjpspnz9a96n"}
{"type":"operationStart","subtype":"engine","name":"handlebars","timestamp":1769046180828,"id":"rfupnt9ioae34v2","previousEventId":"zoocogp9lce45bz","operationId":"lsac8l04gb985iw","previousOperationId":"gqbsjpspnz9a96n"}
{"type":"log","timestamp":1769046180828,"level":"debug","message":"Rendering engine handlebars","meta":{"rootId":"nffnzdcfhbmyzp4","id":"nffnzdcfhbmyzp4"},"id":"c7qpo9w6m5433jl","previousOperationId":"lsac8l04gb985iw"}
{"type":"operationEnd","operationId":"lsac8l04gb985iw","timestamp":1769046180975,"id":"vh0qaq5zg6fgk0i","previousEventId":"rfupnt9ioae34v2","previousOperationId":"lsac8l04gb985iw"}
{"type":"operationStart","subtype":"recipe","name":"chrome-pdf","timestamp":1769046180975,"id":"q5t8h0gtvxlsphf","previousEventId":"vh0qaq5zg6fgk0i","operationId":"3gfjw1zsxvyqxxx","previousOperationId":"lsac8l04gb985iw"}
{"type":"log","timestamp":1769046180975,"level":"debug","message":"Executing recipe chrome-pdf","meta":{"rootId":"nffnzdcfhbmyzp4","id":"nffnzdcfhbmyzp4"},"id":"rdzwwgw1hoxz46b","previousOperationId":"3gfjw1zsxvyqxxx"}
{"type":"log","timestamp":1769046181012,"level":"debug","message":"Converting with chrome Chrome/142.0.7444.175 using chrome-pool strategy","meta":{"rootId":"nffnzdcfhbmyzp4","id":"nffnzdcfhbmyzp4"},"id":"kxrpac0yflcks5g","previousOperationId":"3gfjw1zsxvyqxxx"}
{"type":"log","timestamp":1769046181389,"level":"debug","message":"Page request: GET (document) file:///tmp/jsreport/autocleanup/ab83f6b2-401e-4c6c-87e4-fb1e89924c5d-chrome-pdf.html","meta":{"rootId":"nffnzdcfhbmyzp4","id":"nffnzdcfhbmyzp4"},"id":"ilgcit8kqokwymu","previousOperationId":"3gfjw1zsxvyqxxx"}
{"type":"log","timestamp":1769046181423,"level":"debug","message":"Page request finished: GET (document) 200 file:///tmp/jsreport/autocleanup/ab83f6b2-401e-4c6c-87e4-fb1e89924c5d-chrome-pdf.html","meta":{"rootId":"nffnzdcfhbmyzp4","id":"nffnzdcfhbmyzp4"},"id":"fkgmk510gwt1lly","previousOperationId":"3gfjw1zsxvyqxxx"}
{"type":"log","timestamp":1769046181507,"level":"debug","message":"Running chrome with params {\"printBackground\":true,\"timeout\":59727,\"margin\":{}}","meta":{"rootId":"nffnzdcfhbmyzp4","id":"nffnzdcfhbmyzp4"},"id":"k24ux1su9b5sks5","previousOperationId":"3gfjw1zsxvyqxxx"}
{"type":"operationEnd","operationId":"3gfjw1zsxvyqxxx","timestamp":1769046181633,"id":"23yx6qtdukscwyt","previousEventId":"q5t8h0gtvxlsphf","previousOperationId":"3gfjw1zsxvyqxxx"}
{"type":"log","timestamp":1769046181634,"level":"debug","message":"Skipping storing report.","meta":{"rootId":"nffnzdcfhbmyzp4","id":"nffnzdcfhbmyzp4"},"id":"c4p2tngorarqnto","previousOperationId":"3gfjw1zsxvyqxxx"}
{"type":"log","timestamp":1769046181634,"level":"info","message":"Rendering request 44 finished in 923 ms","meta":{"rootId":"nffnzdcfhbmyzp4","id":"nffnzdcfhbmyzp4"},"id":"q71ntns1rm39lu1","previousOperationId":"3gfjw1zsxvyqxxx"}
{"type":"operationEnd","subtype":"render","operationId":"gqbsjpspnz9a96n","timestamp":1769046181634,"id":"vz1ie0itfrxpq2s","previousEventId":"23yx6qtdukscwyt","previousOperationId":"3gfjw1zsxvyqxxx"}
{"type":"operationEnd","doDiffs":false,"previousEventId":"4wi0vuogtaa5mdu","previousOperationId":"70j15okckyn8xv7","operationId":"70j15okckyn8xv7","timestamp":1769046181637,"id":"298mukdpmvy2qcf"}
