{"type":"operationStart","subtype":"profile","data":{"_id":"ytLamJMkvv6jHpWo","timestamp":"2026-01-22T02:39:56.146Z","state":"queued","mode":"standard","creationDate":"2026-01-22T02:39:56.181Z","modificationDate":"2026-01-22T02:39:56.181Z","shortid":"FkeYwqb","$entitySet":"profiles"},"doDiffs":false,"timestamp":1769049596158,"id":"0c25niklervy7oh","previousOperationId":null,"operationId":"sk4ikbotjpkd8ys"}
{"type":"log","level":"info","message":"Render request 64 queued for execution and waiting for available worker","previousOperationId":"sk4ikbotjpkd8ys","timestamp":1769049596159,"id":"gnfh2ywn6j7bip8"}
{"type":"operationStart","subtype":"render","name":"journal-entry-v1","previousOperationId":"sk4ikbotjpkd8ys","timestamp":1769049596283,"id":"y0i7n6yawgdk6xc","previousEventId":"0c25niklervy7oh","operationId":"y2794b0aycak17r"}
{"type":"log","timestamp":1769049596289,"level":"info","message":"Starting rendering request 64","meta":{"rootId":"nhz5fhnv8vqoq23","id":"nhz5fhnv8vqoq23"},"id":"yte1w2rsdfodexv","previousOperationId":"y2794b0aycak17r"}
{"type":"log","timestamp":1769049596295,"level":"info","message":"Rendering template { name: journal-entry-v1, recipe: chrome-pdf, engine: handlebars, preview: false }","meta":{"rootId":"nhz5fhnv8vqoq23","id":"nhz5fhnv8vqoq23"},"id":"5ibhemas7ybh50f","previousOperationId":"y2794b0aycak17r"}
{"type":"log","timestamp":1769049596304,"level":"debug","message":"Inline data specified.","meta":{"rootId":"nhz5fhnv8vqoq23","id":"nhz5fhnv8vqoq23"},"id":"n5fugtxionlcvb5","previousOperationId":"y2794b0aycak17r"}
{"type":"log","timestamp":1769049596318,"level":"debug","message":"Base url not specified, skipping its injection.","meta":{"rootId":"nhz5fhnv8vqoq23","id":"nhz5fhnv8vqoq23"},"id":"a63bel0t1zr92y2","previousOperationId":"y2794b0aycak17r"}
{"type":"operationStart","subtype":"engine","name":"handlebars","timestamp":1769049596330,"id":"loovenp5xkqbwvc","previousEventId":"y0i7n6yawgdk6xc","operationId":"co5qriludqm36bt","previousOperationId":"y2794b0aycak17r"}
{"type":"log","timestamp":1769049596331,"level":"debug","message":"Rendering engine handlebars","meta":{"rootId":"nhz5fhnv8vqoq23","id":"nhz5fhnv8vqoq23"},"id":"5flulblsllzt3sd","previousOperationId":"co5qriludqm36bt"}
{"type":"operationEnd","operationId":"co5qriludqm36bt","timestamp":1769049596443,"id":"93krk1k6c9owiw9","previousEventId":"loovenp5xkqbwvc","previousOperationId":"co5qriludqm36bt"}
{"type":"operationStart","subtype":"recipe","name":"chrome-pdf","timestamp":1769049596447,"id":"y78d6089syizsw9","previousEventId":"93krk1k6c9owiw9","operationId":"bpzcm031lq7tiyb","previousOperationId":"co5qriludqm36bt"}
{"type":"log","timestamp":1769049596447,"level":"debug","message":"Executing recipe chrome-pdf","meta":{"rootId":"nhz5fhnv8vqoq23","id":"nhz5fhnv8vqoq23"},"id":"2z4hl7rxjwuvgyv","previousOperationId":"bpzcm031lq7tiyb"}
{"type":"log","timestamp":1769049596495,"level":"debug","message":"Converting with chrome Chrome/142.0.7444.175 using chrome-pool strategy","meta":{"rootId":"nhz5fhnv8vqoq23","id":"nhz5fhnv8vqoq23"},"id":"sey0wtfmirwjs4c","previousOperationId":"bpzcm031lq7tiyb"}
{"type":"log","timestamp":1769049597034,"level":"debug","message":"Page request: GET (document) file:///tmp/jsreport/autocleanup/bb64850c-9cc8-4614-af05-121801311e03-chrome-pdf.html","meta":{"rootId":"nhz5fhnv8vqoq23","id":"nhz5fhnv8vqoq23"},"id":"a5q3b7kgasb4wbf","previousOperationId":"bpzcm031lq7tiyb"}
{"type":"log","timestamp":1769049597079,"level":"debug","message":"Page request finished: GET (document) 200 file:///tmp/jsreport/autocleanup/bb64850c-9cc8-4614-af05-121801311e03-chrome-pdf.html","meta":{"rootId":"nhz5fhnv8vqoq23","id":"nhz5fhnv8vqoq23"},"id":"chkuqvt2297i0qo","previousOperationId":"bpzcm031lq7tiyb"}
{"type":"log","timestamp":1769049597155,"level":"debug","message":"Running chrome with params {\"printBackground\":true,\"timeout\":59668,\"margin\":{}}","meta":{"rootId":"nhz5fhnv8vqoq23","id":"nhz5fhnv8vqoq23"},"id":"7eitmaaqj7g2nk9","previousOperationId":"bpzcm031lq7tiyb"}
{"type":"operationEnd","operationId":"bpzcm031lq7tiyb","timestamp":1769049597287,"id":"jfoxzp5vn1b9u0m","previousEventId":"y78d6089syizsw9","previousOperationId":"bpzcm031lq7tiyb"}
{"type":"log","timestamp":1769049597287,"level":"debug","message":"Skipping storing report.","meta":{"rootId":"nhz5fhnv8vqoq23","id":"nhz5fhnv8vqoq23"},"id":"xtdr3rtqac0x9q6","previousOperationId":"bpzcm031lq7tiyb"}
{"type":"log","timestamp":1769049597287,"level":"info","message":"Rendering request 64 finished in 1159 ms","meta":{"rootId":"nhz5fhnv8vqoq23","id":"nhz5fhnv8vqoq23"},"id":"w1u2t2jzpl45c2c","previousOperationId":"bpzcm031lq7tiyb"}
{"type":"operationEnd","subtype":"render","operationId":"y2794b0aycak17r","timestamp":1769049597288,"id":"s878q9k7bi10rl8","previousEventId":"jfoxzp5vn1b9u0m","previousOperationId":"bpzcm031lq7tiyb"}
{"type":"operationEnd","doDiffs":false,"previousEventId":"0c25niklervy7oh","previousOperationId":"sk4ikbotjpkd8ys","operationId":"sk4ikbotjpkd8ys","timestamp":1769049597291,"id":"5toy7u5chrd0as7"}
