{"type":"operationStart","subtype":"profile","data":{"_id":"kUGUByGslxsqv46T","timestamp":"2026-01-21T02:14:16.215Z","state":"queued","mode":"standard","creationDate":"2026-01-21T02:14:16.217Z","modificationDate":"2026-01-21T02:14:16.217Z","shortid":"lmHaGYd","$entitySet":"profiles"},"doDiffs":false,"timestamp":1768961656216,"id":"3ykh2v2sl4q0xv2","previousOperationId":null,"operationId":"htx0m8w0f8bda20"}
{"type":"log","level":"info","message":"Render request 4 queued for execution and waiting for available worker","previousOperationId":"htx0m8w0f8bda20","timestamp":1768961656217,"id":"k10krhcczdw5smm"}
{"type":"operationStart","subtype":"render","name":"journal-entry-v1","previousOperationId":"htx0m8w0f8bda20","timestamp":1768961656286,"id":"8nkjxknjy6d7r2p","previousEventId":"3ykh2v2sl4q0xv2","operationId":"gbi3srosnw51k36"}
{"type":"log","timestamp":1768961656286,"level":"info","message":"Starting rendering request 4","meta":{"rootId":"nlpf3w6unzwa44x","id":"nlpf3w6unzwa44x"},"id":"78m2frlsepg4kjj","previousOperationId":"gbi3srosnw51k36"}
{"type":"log","timestamp":1768961656287,"level":"info","message":"Rendering template { name: journal-entry-v1, recipe: chrome-pdf, engine: handlebars, preview: false }","meta":{"rootId":"nlpf3w6unzwa44x","id":"nlpf3w6unzwa44x"},"id":"uoyfpk869h7rd0s","previousOperationId":"gbi3srosnw51k36"}
{"type":"log","timestamp":1768961656289,"level":"debug","message":"Inline data specified.","meta":{"rootId":"nlpf3w6unzwa44x","id":"nlpf3w6unzwa44x"},"id":"rh9f41djkt8uebn","previousOperationId":"gbi3srosnw51k36"}
{"type":"log","timestamp":1768961656293,"level":"debug","message":"Base url not specified, skipping its injection.","meta":{"rootId":"nlpf3w6unzwa44x","id":"nlpf3w6unzwa44x"},"id":"dcr6jvlzlfz2029","previousOperationId":"gbi3srosnw51k36"}
{"type":"operationStart","subtype":"engine","name":"handlebars","timestamp":1768961656294,"id":"nqsuv3sog7gpstm","previousEventId":"8nkjxknjy6d7r2p","operationId":"oy42gr9kkg2h6x8","previousOperationId":"gbi3srosnw51k36"}
{"type":"log","timestamp":1768961656294,"level":"debug","message":"Rendering engine handlebars","meta":{"rootId":"nlpf3w6unzwa44x","id":"nlpf3w6unzwa44x"},"id":"ifg6h416zd874om","previousOperationId":"oy42gr9kkg2h6x8"}
{"type":"operationEnd","operationId":"oy42gr9kkg2h6x8","timestamp":1768961656315,"id":"auuogjwer0rhuck","previousEventId":"nqsuv3sog7gpstm","previousOperationId":"oy42gr9kkg2h6x8"}
{"type":"operationStart","subtype":"recipe","name":"chrome-pdf","timestamp":1768961656315,"id":"embcmn7d8mx6k4l","previousEventId":"auuogjwer0rhuck","operationId":"t5zukvtfleyn68t","previousOperationId":"oy42gr9kkg2h6x8"}
{"type":"log","timestamp":1768961656315,"level":"debug","message":"Executing recipe chrome-pdf","meta":{"rootId":"nlpf3w6unzwa44x","id":"nlpf3w6unzwa44x"},"id":"207o426aruvh7q7","previousOperationId":"t5zukvtfleyn68t"}
{"type":"log","timestamp":1768961656319,"level":"debug","message":"Converting with chrome Chrome/142.0.7444.175 using chrome-pool strategy","meta":{"rootId":"nlpf3w6unzwa44x","id":"nlpf3w6unzwa44x"},"id":"karaiq9t48o0apo","previousOperationId":"t5zukvtfleyn68t"}
{"type":"log","timestamp":1768961656370,"level":"debug","message":"Page request: GET (document) file:///tmp/jsreport/autocleanup/a97e7d21-a7b2-491c-b565-79a248a6a60e-chrome-pdf.html","meta":{"rootId":"nlpf3w6unzwa44x","id":"nlpf3w6unzwa44x"},"id":"gcwhbiiodfxaiir","previousOperationId":"t5zukvtfleyn68t"}
{"type":"log","timestamp":1768961656383,"level":"debug","message":"Page request finished: GET (document) 200 file:///tmp/jsreport/autocleanup/a97e7d21-a7b2-491c-b565-79a248a6a60e-chrome-pdf.html","meta":{"rootId":"nlpf3w6unzwa44x","id":"nlpf3w6unzwa44x"},"id":"38v7vum903pnidn","previousOperationId":"t5zukvtfleyn68t"}
{"type":"log","timestamp":1768961656383,"level":"warn","message":"Page request failed: GET (stylesheet) file:///tmp/jsreport/autocleanup/styles.css, failure: net::ERR_ACCESS_DENIED","meta":{"rootId":"nlpf3w6unzwa44x","id":"nlpf3w6unzwa44x"},"id":"6w5rp1q4o77l6kt","previousOperationId":"t5zukvtfleyn68t"}
{"type":"log","timestamp":1768961656383,"level":"debug","message":"(console:error) Failed to load resource: net::ERR_ACCESS_DENIED","meta":{"userLevel":true,"rootId":"nlpf3w6unzwa44x","id":"nlpf3w6unzwa44x"},"id":"4xmriz07pnlqfn8","previousOperationId":"t5zukvtfleyn68t"}
{"type":"log","timestamp":1768961656391,"level":"debug","message":"Running chrome with params {\"printBackground\":true,\"timeout\":59897,\"margin\":{}}","meta":{"rootId":"nlpf3w6unzwa44x","id":"nlpf3w6unzwa44x"},"id":"lifj8jlnh1y003r","previousOperationId":"t5zukvtfleyn68t"}
{"type":"operationEnd","operationId":"t5zukvtfleyn68t","timestamp":1768961656422,"id":"xm5fd5pjo88ndc6","previousEventId":"embcmn7d8mx6k4l","previousOperationId":"t5zukvtfleyn68t"}
{"type":"log","timestamp":1768961656422,"level":"debug","message":"Skipping storing report.","meta":{"rootId":"nlpf3w6unzwa44x","id":"nlpf3w6unzwa44x"},"id":"xqz08vvzk0epya4","previousOperationId":"t5zukvtfleyn68t"}
{"type":"log","timestamp":1768961656422,"level":"info","message":"Rendering request 4 finished in 208 ms","meta":{"rootId":"nlpf3w6unzwa44x","id":"nlpf3w6unzwa44x"},"id":"l5z1i2sbi14xr23","previousOperationId":"t5zukvtfleyn68t"}
{"type":"operationEnd","subtype":"render","operationId":"gbi3srosnw51k36","timestamp":1768961656422,"id":"h6wbak8t083erza","previousEventId":"xm5fd5pjo88ndc6","previousOperationId":"t5zukvtfleyn68t"}
{"type":"operationEnd","doDiffs":false,"previousEventId":"3ykh2v2sl4q0xv2","previousOperationId":"htx0m8w0f8bda20","operationId":"htx0m8w0f8bda20","timestamp":1768961656426,"id":"z0e2ne03mvowhb8"}
