{"type":"operationStart","subtype":"profile","data":{"_id":"frgpcTgVs862cY2Z","timestamp":"2026-01-22T04:04:53.042Z","state":"queued","mode":"standard","creationDate":"2026-01-22T04:04:53.043Z","modificationDate":"2026-01-22T04:04:53.043Z","shortid":"UlxpaSy","$entitySet":"profiles"},"doDiffs":false,"timestamp":1769054693043,"id":"brl8szky6oxby7w","previousOperationId":null,"operationId":"roo6dm0xhepgmnc"}
{"type":"log","level":"info","message":"Render request 102 queued for execution and waiting for available worker","previousOperationId":"roo6dm0xhepgmnc","timestamp":1769054693043,"id":"rmxzw0y5i15qu8e"}
{"type":"operationStart","subtype":"render","name":"journal-entry-v1","previousOperationId":"roo6dm0xhepgmnc","timestamp":1769054693097,"id":"b4suex149g4yhr7","previousEventId":"brl8szky6oxby7w","operationId":"qo6lhs2s2qha1ms"}
{"type":"log","timestamp":1769054693098,"level":"info","message":"Starting rendering request 102","meta":{"rootId":"od85n1fcwxk78gi","id":"od85n1fcwxk78gi"},"id":"kmphw3t2s56d1a1","previousOperationId":"qo6lhs2s2qha1ms"}
{"type":"log","timestamp":1769054693098,"level":"info","message":"Rendering template { name: journal-entry-v1, recipe: chrome-pdf, engine: handlebars, preview: false }","meta":{"rootId":"od85n1fcwxk78gi","id":"od85n1fcwxk78gi"},"id":"oj6mi91jhl5tlqv","previousOperationId":"qo6lhs2s2qha1ms"}
{"type":"log","timestamp":1769054693099,"level":"debug","message":"Inline data specified.","meta":{"rootId":"od85n1fcwxk78gi","id":"od85n1fcwxk78gi"},"id":"rbidc65jipbrb85","previousOperationId":"qo6lhs2s2qha1ms"}
{"type":"log","timestamp":1769054693103,"level":"debug","message":"Base url not specified, skipping its injection.","meta":{"rootId":"od85n1fcwxk78gi","id":"od85n1fcwxk78gi"},"id":"ifnawiv06v6i8j6","previousOperationId":"qo6lhs2s2qha1ms"}
{"type":"operationStart","subtype":"engine","name":"handlebars","timestamp":1769054693103,"id":"1ot7ye9uq8ij7r7","previousEventId":"b4suex149g4yhr7","operationId":"7zhi4wk3exz059s","previousOperationId":"qo6lhs2s2qha1ms"}
{"type":"log","timestamp":1769054693103,"level":"debug","message":"Rendering engine handlebars","meta":{"rootId":"od85n1fcwxk78gi","id":"od85n1fcwxk78gi"},"id":"a1nqoufinqdpv1i","previousOperationId":"7zhi4wk3exz059s"}
{"type":"operationEnd","operationId":"7zhi4wk3exz059s","timestamp":1769054693112,"id":"jltwtu5v9lk0dy9","previousEventId":"1ot7ye9uq8ij7r7","previousOperationId":"7zhi4wk3exz059s"}
{"type":"operationStart","subtype":"recipe","name":"chrome-pdf","timestamp":1769054693112,"id":"jel4icux4uyap6p","previousEventId":"jltwtu5v9lk0dy9","operationId":"vctwqgoblul270p","previousOperationId":"7zhi4wk3exz059s"}
{"type":"log","timestamp":1769054693112,"level":"debug","message":"Executing recipe chrome-pdf","meta":{"rootId":"od85n1fcwxk78gi","id":"od85n1fcwxk78gi"},"id":"vcxal1rmhhjhowy","previousOperationId":"vctwqgoblul270p"}
{"type":"log","timestamp":1769054693114,"level":"debug","message":"Converting with chrome Chrome/142.0.7444.175 using chrome-pool strategy","meta":{"rootId":"od85n1fcwxk78gi","id":"od85n1fcwxk78gi"},"id":"c0lk13afkotu644","previousOperationId":"vctwqgoblul270p"}
{"type":"log","timestamp":1769054693147,"level":"debug","message":"Page request: GET (document) file:///tmp/jsreport/autocleanup/91c233ce-42dc-43e4-85b5-c7b856c19b36-chrome-pdf.html","meta":{"rootId":"od85n1fcwxk78gi","id":"od85n1fcwxk78gi"},"id":"jlieukgu3akuqbs","previousOperationId":"vctwqgoblul270p"}
{"type":"log","timestamp":1769054693155,"level":"debug","message":"Page request finished: GET (document) 200 file:///tmp/jsreport/autocleanup/91c233ce-42dc-43e4-85b5-c7b856c19b36-chrome-pdf.html","meta":{"rootId":"od85n1fcwxk78gi","id":"od85n1fcwxk78gi"},"id":"gku0b5e4n856iez","previousOperationId":"vctwqgoblul270p"}
{"type":"log","timestamp":1769054693155,"level":"debug","message":"Page request: GET (image) https://paciolibucket.s3.us-east-2.amazonaws.com/orgs/c64b69f6759a43a1bc0ae31961876751/companies/logos/e9767ff4-7186-447f-a397-208ea6bbfdb8_ninosfelices.png?X-Amz-Expires=600&X-Amz-Algorithm=AWS4-HMAC-SHA256&X-Amz-Credential=AKIAVYV5Z6T6UQ4ARWOC%2F20260122%2Fus-east-2%2Fs3%2Faws4_request&X-Amz-Date=20260122T040452Z&X-Amz-SignedHeaders=host&X-Amz-Signature=ea87bcb7a896a897db73ed8d485b2531fb80fc9597430f3740af706e84f88df4","meta":{"rootId":"od85n1fcwxk78gi","id":"od85n1fcwxk78gi"},"id":"rv7n06jp3b4i3yy","previousOperationId":"vctwqgoblul270p"}
{"type":"log","timestamp":1769054693663,"level":"debug","message":"Page request finished: GET (image) 200 https://paciolibucket.s3.us-east-2.amazonaws.com/orgs/c64b69f6759a43a1bc0ae31961876751/companies/logos/e9767ff4-7186-447f-a397-208ea6bbfdb8_ninosfelices.png?X-Amz-Expires=600&X-Amz-Algorithm=AWS4-HMAC-SHA256&X-Amz-Credential=AKIAVYV5Z6T6UQ4ARWOC%2F20260122%2Fus-east-2%2Fs3%2Faws4_request&X-Amz-Date=20260122T040452Z&X-Amz-SignedHeaders=host&X-Amz-Signature=ea87bcb7a896a897db73ed8d485b2531fb80fc9597430f3740af706e84f88df4","meta":{"rootId":"od85n1fcwxk78gi","id":"od85n1fcwxk78gi"},"id":"28cipnd55ouwcge","previousOperationId":"vctwqgoblul270p"}
{"type":"log","timestamp":1769054693666,"level":"debug","message":"Running chrome with params {\"printBackground\":true,\"timeout\":59927,\"margin\":{}}","meta":{"rootId":"od85n1fcwxk78gi","id":"od85n1fcwxk78gi"},"id":"wjkia29t5ae8cij","previousOperationId":"vctwqgoblul270p"}
{"type":"operationEnd","operationId":"vctwqgoblul270p","timestamp":1769054693730,"id":"6ep8aro2w4ip6a9","previousEventId":"jel4icux4uyap6p","previousOperationId":"vctwqgoblul270p"}
{"type":"log","timestamp":1769054693730,"level":"debug","message":"Skipping storing report.","meta":{"rootId":"od85n1fcwxk78gi","id":"od85n1fcwxk78gi"},"id":"ynkkscdrrqn6com","previousOperationId":"vctwqgoblul270p"}
{"type":"log","timestamp":1769054693730,"level":"info","message":"Rendering request 102 finished in 689 ms","meta":{"rootId":"od85n1fcwxk78gi","id":"od85n1fcwxk78gi"},"id":"tlieftzy6jbi2g1","previousOperationId":"vctwqgoblul270p"}
{"type":"operationEnd","subtype":"render","operationId":"qo6lhs2s2qha1ms","timestamp":1769054693730,"id":"8v6rbmkgcs3wkoo","previousEventId":"6ep8aro2w4ip6a9","previousOperationId":"vctwqgoblul270p"}
{"type":"operationEnd","doDiffs":false,"previousEventId":"brl8szky6oxby7w","previousOperationId":"roo6dm0xhepgmnc","operationId":"roo6dm0xhepgmnc","timestamp":1769054693731,"id":"ol5s5ccv924ua8z"}
