{"type":"operationStart","subtype":"profile","data":{"_id":"cJG0GxUkRuEWpJ9i","timestamp":"2026-02-19T03:53:16.076Z","state":"queued","mode":"standard","creationDate":"2026-02-19T03:53:16.080Z","modificationDate":"2026-02-19T03:53:16.080Z","shortid":"Qjzilgj","$entitySet":"profiles"},"doDiffs":false,"timestamp":1771473196076,"id":"6arlgvr46kt8wrk","previousOperationId":null,"operationId":"4clw4vbkswoe6w1"}
{"type":"log","level":"info","message":"Render request 3 queued for execution and waiting for available worker","previousOperationId":"4clw4vbkswoe6w1","timestamp":1771473196076,"id":"9o6l8ckg2i5tl0x"}
{"type":"operationStart","subtype":"render","name":"journal-entry-v1","previousOperationId":"4clw4vbkswoe6w1","timestamp":1771473196138,"id":"dy4o6qkx1rv5t2m","previousEventId":"6arlgvr46kt8wrk","operationId":"lh0rd3tlzuu6cap"}
{"type":"log","timestamp":1771473196139,"level":"info","message":"Starting rendering request 3","meta":{"rootId":"os3rx7jxeuowhc5","id":"os3rx7jxeuowhc5"},"id":"kgmnj9afvdu93fi","previousOperationId":"lh0rd3tlzuu6cap"}
{"type":"log","timestamp":1771473196140,"level":"info","message":"Rendering template { name: journal-entry-v1, recipe: chrome-pdf, engine: handlebars, preview: false }","meta":{"rootId":"os3rx7jxeuowhc5","id":"os3rx7jxeuowhc5"},"id":"sdtsik5u1pujm2g","previousOperationId":"lh0rd3tlzuu6cap"}
{"type":"log","timestamp":1771473196145,"level":"debug","message":"Inline data specified.","meta":{"rootId":"os3rx7jxeuowhc5","id":"os3rx7jxeuowhc5"},"id":"h4h2ohn5hd6a7vv","previousOperationId":"lh0rd3tlzuu6cap"}
{"type":"log","timestamp":1771473196150,"level":"debug","message":"Base url not specified, skipping its injection.","meta":{"rootId":"os3rx7jxeuowhc5","id":"os3rx7jxeuowhc5"},"id":"7lwopbkl5re8i8a","previousOperationId":"lh0rd3tlzuu6cap"}
{"type":"operationStart","subtype":"engine","name":"handlebars","timestamp":1771473196152,"id":"wxgqsovtxfmeg5h","previousEventId":"dy4o6qkx1rv5t2m","operationId":"u1vg7d6qizqx2kv","previousOperationId":"lh0rd3tlzuu6cap"}
{"type":"log","timestamp":1771473196152,"level":"debug","message":"Rendering engine handlebars","meta":{"rootId":"os3rx7jxeuowhc5","id":"os3rx7jxeuowhc5"},"id":"64g11v3u6p0hdrk","previousOperationId":"u1vg7d6qizqx2kv"}
{"type":"operationEnd","operationId":"u1vg7d6qizqx2kv","timestamp":1771473196197,"id":"qjmup6qlffeemls","previousEventId":"wxgqsovtxfmeg5h","previousOperationId":"u1vg7d6qizqx2kv"}
{"type":"operationStart","subtype":"recipe","name":"chrome-pdf","timestamp":1771473196198,"id":"op0wkejy1mumgl0","previousEventId":"qjmup6qlffeemls","operationId":"c01bpotqbw15ano","previousOperationId":"u1vg7d6qizqx2kv"}
{"type":"log","timestamp":1771473196198,"level":"debug","message":"Executing recipe chrome-pdf","meta":{"rootId":"os3rx7jxeuowhc5","id":"os3rx7jxeuowhc5"},"id":"7fi853bj6gq1001","previousOperationId":"c01bpotqbw15ano"}
{"type":"log","timestamp":1771473196212,"level":"debug","message":"Converting with chrome Chrome/142.0.7444.175 using chrome-pool strategy","meta":{"rootId":"os3rx7jxeuowhc5","id":"os3rx7jxeuowhc5"},"id":"y5mgsp6fmrijra5","previousOperationId":"c01bpotqbw15ano"}
{"type":"log","timestamp":1771473196307,"level":"debug","message":"Page request: GET (document) file:///tmp/jsreport/autocleanup/1f3314c0-af26-4486-ab2a-ca973ac0e40e-chrome-pdf.html","meta":{"rootId":"os3rx7jxeuowhc5","id":"os3rx7jxeuowhc5"},"id":"6qig4mmzk7tcb0n","previousOperationId":"c01bpotqbw15ano"}
{"type":"log","timestamp":1771473196320,"level":"debug","message":"Page request finished: GET (document) 200 file:///tmp/jsreport/autocleanup/1f3314c0-af26-4486-ab2a-ca973ac0e40e-chrome-pdf.html","meta":{"rootId":"os3rx7jxeuowhc5","id":"os3rx7jxeuowhc5"},"id":"asngiwur6obfgio","previousOperationId":"c01bpotqbw15ano"}
{"type":"log","timestamp":1771473196323,"level":"debug","message":"Page request: GET (image) https://paciolibucket.s3.us-east-2.amazonaws.com/orgs/c64b69f6759a43a1bc0ae31961876751/companies/logos/b6e6bbb3-4217-4336-88b7-161c9ce34ada_Applicorp%20Logo.png?X-Amz-Expires=600&X-Amz-Algorithm=AWS4-HMAC-SHA256&X-Amz-Credential=AKIAVYV5Z6T6UQ4ARWOC%2F20260219%2Fus-east-2%2Fs3%2Faws4_request&X-Amz-Date=20260219T035316Z&X-Amz-SignedHeaders=host&X-Amz-Signature=8844c09999100042c3bc72d0394ebd8c2dec6aee72ab80726fbf26be16b9a5f7","meta":{"rootId":"os3rx7jxeuowhc5","id":"os3rx7jxeuowhc5"},"id":"97b581xmuad14pu","previousOperationId":"c01bpotqbw15ano"}
{"type":"log","timestamp":1771473196847,"level":"debug","message":"Page request finished: GET (image) 200 https://paciolibucket.s3.us-east-2.amazonaws.com/orgs/c64b69f6759a43a1bc0ae31961876751/companies/logos/b6e6bbb3-4217-4336-88b7-161c9ce34ada_Applicorp%20Logo.png?X-Amz-Expires=600&X-Amz-Algorithm=AWS4-HMAC-SHA256&X-Amz-Credential=AKIAVYV5Z6T6UQ4ARWOC%2F20260219%2Fus-east-2%2Fs3%2Faws4_request&X-Amz-Date=20260219T035316Z&X-Amz-SignedHeaders=host&X-Amz-Signature=8844c09999100042c3bc72d0394ebd8c2dec6aee72ab80726fbf26be16b9a5f7","meta":{"rootId":"os3rx7jxeuowhc5","id":"os3rx7jxeuowhc5"},"id":"4y3a88fa5lduzqf","previousOperationId":"c01bpotqbw15ano"}
{"type":"log","timestamp":1771473196849,"level":"debug","message":"Running chrome with params {\"printBackground\":true,\"timeout\":59875,\"margin\":{}}","meta":{"rootId":"os3rx7jxeuowhc5","id":"os3rx7jxeuowhc5"},"id":"js1zya465aw7tkq","previousOperationId":"c01bpotqbw15ano"}
{"type":"operationEnd","operationId":"c01bpotqbw15ano","timestamp":1771473196952,"id":"psgum97zd0l462e","previousEventId":"op0wkejy1mumgl0","previousOperationId":"c01bpotqbw15ano"}
{"type":"log","timestamp":1771473196952,"level":"debug","message":"Skipping storing report.","meta":{"rootId":"os3rx7jxeuowhc5","id":"os3rx7jxeuowhc5"},"id":"whisnlkvdynzc6j","previousOperationId":"c01bpotqbw15ano"}
{"type":"log","timestamp":1771473196952,"level":"info","message":"Rendering request 3 finished in 876 ms","meta":{"rootId":"os3rx7jxeuowhc5","id":"os3rx7jxeuowhc5"},"id":"98qx3olyskr2wla","previousOperationId":"c01bpotqbw15ano"}
{"type":"operationEnd","subtype":"render","operationId":"lh0rd3tlzuu6cap","timestamp":1771473196952,"id":"6luq85b8k4rgavj","previousEventId":"psgum97zd0l462e","previousOperationId":"c01bpotqbw15ano"}
{"type":"operationEnd","doDiffs":false,"previousEventId":"6arlgvr46kt8wrk","previousOperationId":"4clw4vbkswoe6w1","operationId":"4clw4vbkswoe6w1","timestamp":1771473196954,"id":"arm17b5m2y0sqka"}
