{"type":"operationStart","subtype":"profile","data":{"_id":"Ye6y6xqARCqwyU4c","timestamp":"2026-01-22T04:04:15.981Z","state":"queued","mode":"standard","creationDate":"2026-01-22T04:04:15.983Z","modificationDate":"2026-01-22T04:04:15.983Z","shortid":"Ub0Z7yE","$entitySet":"profiles"},"doDiffs":false,"timestamp":1769054655983,"id":"mcm7pad2ah52igq","previousOperationId":null,"operationId":"wyx14gtx560mn19"}
{"type":"log","level":"info","message":"Render request 100 queued for execution and waiting for available worker","previousOperationId":"wyx14gtx560mn19","timestamp":1769054655983,"id":"k22mo6prya3pls5"}
{"type":"operationStart","subtype":"render","name":"journal-entry-v1","previousOperationId":"wyx14gtx560mn19","timestamp":1769054656046,"id":"280l819r2y87gjz","previousEventId":"mcm7pad2ah52igq","operationId":"03ilddggq0v237g"}
{"type":"log","timestamp":1769054656047,"level":"info","message":"Starting rendering request 100","meta":{"rootId":"p176gdilmp2oxy4","id":"p176gdilmp2oxy4"},"id":"icmpminl9idjkm6","previousOperationId":"03ilddggq0v237g"}
{"type":"log","timestamp":1769054656047,"level":"info","message":"Rendering template { name: journal-entry-v1, recipe: chrome-pdf, engine: handlebars, preview: false }","meta":{"rootId":"p176gdilmp2oxy4","id":"p176gdilmp2oxy4"},"id":"heut34a42x0tqqt","previousOperationId":"03ilddggq0v237g"}
{"type":"log","timestamp":1769054656049,"level":"debug","message":"Inline data specified.","meta":{"rootId":"p176gdilmp2oxy4","id":"p176gdilmp2oxy4"},"id":"w3oe5ovs9qfv71n","previousOperationId":"03ilddggq0v237g"}
{"type":"log","timestamp":1769054656053,"level":"debug","message":"Base url not specified, skipping its injection.","meta":{"rootId":"p176gdilmp2oxy4","id":"p176gdilmp2oxy4"},"id":"68o02ny7ca2nst0","previousOperationId":"03ilddggq0v237g"}
{"type":"operationStart","subtype":"engine","name":"handlebars","timestamp":1769054656054,"id":"x5vypo7a7zkqbu9","previousEventId":"280l819r2y87gjz","operationId":"uzus2icfutyksc6","previousOperationId":"03ilddggq0v237g"}
{"type":"log","timestamp":1769054656055,"level":"debug","message":"Rendering engine handlebars","meta":{"rootId":"p176gdilmp2oxy4","id":"p176gdilmp2oxy4"},"id":"b1oneu4y7mb5l8f","previousOperationId":"uzus2icfutyksc6"}
{"type":"operationEnd","operationId":"uzus2icfutyksc6","timestamp":1769054656083,"id":"hvvce06rhkjnapu","previousEventId":"x5vypo7a7zkqbu9","previousOperationId":"uzus2icfutyksc6"}
{"type":"operationStart","subtype":"recipe","name":"chrome-pdf","timestamp":1769054656083,"id":"415etrrn2xe6jo3","previousEventId":"hvvce06rhkjnapu","operationId":"0i0laq7qi033f4q","previousOperationId":"uzus2icfutyksc6"}
{"type":"log","timestamp":1769054656083,"level":"debug","message":"Executing recipe chrome-pdf","meta":{"rootId":"p176gdilmp2oxy4","id":"p176gdilmp2oxy4"},"id":"a7brwvehb8iuati","previousOperationId":"0i0laq7qi033f4q"}
{"type":"log","timestamp":1769054656091,"level":"debug","message":"Converting with chrome Chrome/142.0.7444.175 using chrome-pool strategy","meta":{"rootId":"p176gdilmp2oxy4","id":"p176gdilmp2oxy4"},"id":"j13qb44xlvwjp5e","previousOperationId":"0i0laq7qi033f4q"}
{"type":"log","timestamp":1769054656139,"level":"debug","message":"Page request: GET (document) file:///tmp/jsreport/autocleanup/bc7fd054-90f0-4cfa-af16-9ae244b21459-chrome-pdf.html","meta":{"rootId":"p176gdilmp2oxy4","id":"p176gdilmp2oxy4"},"id":"bm2adog0y1afw04","previousOperationId":"0i0laq7qi033f4q"}
{"type":"log","timestamp":1769054656150,"level":"debug","message":"Page request finished: GET (document) 200 file:///tmp/jsreport/autocleanup/bc7fd054-90f0-4cfa-af16-9ae244b21459-chrome-pdf.html","meta":{"rootId":"p176gdilmp2oxy4","id":"p176gdilmp2oxy4"},"id":"udd4n2iuk4tw7zr","previousOperationId":"0i0laq7qi033f4q"}
{"type":"log","timestamp":1769054656151,"level":"debug","message":"Page request: GET (image) https://paciolibucket.s3.us-east-2.amazonaws.com/orgs/c64b69f6759a43a1bc0ae31961876751/companies/logos/e9767ff4-7186-447f-a397-208ea6bbfdb8_ninosfelices.png?X-Amz-Expires=600&X-Amz-Algorithm=AWS4-HMAC-SHA256&X-Amz-Credential=AKIAVYV5Z6T6UQ4ARWOC%2F20260122%2Fus-east-2%2Fs3%2Faws4_request&X-Amz-Date=20260122T040415Z&X-Amz-SignedHeaders=host&X-Amz-Signature=67cd190ac1c2e57f6e4fb418c0aec90a80f19fbd51eab98dfe284c7c2df101c9","meta":{"rootId":"p176gdilmp2oxy4","id":"p176gdilmp2oxy4"},"id":"9qooml09gh7b80k","previousOperationId":"0i0laq7qi033f4q"}
{"type":"log","timestamp":1769054656606,"level":"debug","message":"Page request finished: GET (image) 200 https://paciolibucket.s3.us-east-2.amazonaws.com/orgs/c64b69f6759a43a1bc0ae31961876751/companies/logos/e9767ff4-7186-447f-a397-208ea6bbfdb8_ninosfelices.png?X-Amz-Expires=600&X-Amz-Algorithm=AWS4-HMAC-SHA256&X-Amz-Credential=AKIAVYV5Z6T6UQ4ARWOC%2F20260122%2Fus-east-2%2Fs3%2Faws4_request&X-Amz-Date=20260122T040415Z&X-Amz-SignedHeaders=host&X-Amz-Signature=67cd190ac1c2e57f6e4fb418c0aec90a80f19fbd51eab98dfe284c7c2df101c9","meta":{"rootId":"p176gdilmp2oxy4","id":"p176gdilmp2oxy4"},"id":"i4innex8m954c34","previousOperationId":"0i0laq7qi033f4q"}
{"type":"log","timestamp":1769054656607,"level":"debug","message":"Running chrome with params {\"printBackground\":true,\"timeout\":59891,\"margin\":{}}","meta":{"rootId":"p176gdilmp2oxy4","id":"p176gdilmp2oxy4"},"id":"rwwqfijvqzn80ak","previousOperationId":"0i0laq7qi033f4q"}
{"type":"operationEnd","operationId":"0i0laq7qi033f4q","timestamp":1769054656655,"id":"8p3uzr4rw6ghd1c","previousEventId":"415etrrn2xe6jo3","previousOperationId":"0i0laq7qi033f4q"}
{"type":"log","timestamp":1769054656655,"level":"debug","message":"Skipping storing report.","meta":{"rootId":"p176gdilmp2oxy4","id":"p176gdilmp2oxy4"},"id":"w1qo4yumpr9aw0u","previousOperationId":"0i0laq7qi033f4q"}
{"type":"log","timestamp":1769054656655,"level":"info","message":"Rendering request 100 finished in 675 ms","meta":{"rootId":"p176gdilmp2oxy4","id":"p176gdilmp2oxy4"},"id":"v8zqrqnomjsgjsk","previousOperationId":"0i0laq7qi033f4q"}
{"type":"operationEnd","subtype":"render","operationId":"03ilddggq0v237g","timestamp":1769054656655,"id":"s3zpcff7q5zjif4","previousEventId":"8p3uzr4rw6ghd1c","previousOperationId":"0i0laq7qi033f4q"}
{"type":"operationEnd","doDiffs":false,"previousEventId":"mcm7pad2ah52igq","previousOperationId":"wyx14gtx560mn19","operationId":"wyx14gtx560mn19","timestamp":1769054656656,"id":"d5dqnqpfbsutc2y"}
