{"type":"operationStart","subtype":"profile","data":{"_id":"fykkhTBbDYU9Ce6h","timestamp":"2026-01-21T02:48:04.419Z","state":"queued","mode":"standard","creationDate":"2026-01-21T02:48:04.429Z","modificationDate":"2026-01-21T02:48:04.429Z","shortid":"QmU9kaM","$entitySet":"profiles"},"doDiffs":false,"timestamp":1768963684423,"id":"cdwsxuzxbarhppw","previousOperationId":null,"operationId":"a2kvikctrb2iecf"}
{"type":"log","level":"info","message":"Render request 10 queued for execution and waiting for available worker","previousOperationId":"a2kvikctrb2iecf","timestamp":1768963684423,"id":"dwe3nz4xxgsjewt"}
{"type":"operationStart","subtype":"render","name":"journal-entry-v1","previousOperationId":"a2kvikctrb2iecf","timestamp":1768963684528,"id":"v9hqmz179x6m9ys","previousEventId":"cdwsxuzxbarhppw","operationId":"awk2i9abghl7vh6"}
{"type":"log","timestamp":1768963684530,"level":"info","message":"Starting rendering request 10","meta":{"rootId":"p33qpo8nvl24uuf","id":"p33qpo8nvl24uuf"},"id":"rswbun35cavo7qq","previousOperationId":"awk2i9abghl7vh6"}
{"type":"log","timestamp":1768963684533,"level":"info","message":"Rendering template { name: journal-entry-v1, recipe: chrome-pdf, engine: handlebars, preview: false }","meta":{"rootId":"p33qpo8nvl24uuf","id":"p33qpo8nvl24uuf"},"id":"482rnfyooa7ihni","previousOperationId":"awk2i9abghl7vh6"}
{"type":"log","timestamp":1768963684541,"level":"debug","message":"Inline data specified.","meta":{"rootId":"p33qpo8nvl24uuf","id":"p33qpo8nvl24uuf"},"id":"sqrzvsgmtvzk9lp","previousOperationId":"awk2i9abghl7vh6"}
{"type":"log","timestamp":1768963684544,"level":"debug","message":"Base url not specified, skipping its injection.","meta":{"rootId":"p33qpo8nvl24uuf","id":"p33qpo8nvl24uuf"},"id":"gzf9qldu1dp93ne","previousOperationId":"awk2i9abghl7vh6"}
{"type":"operationStart","subtype":"engine","name":"handlebars","timestamp":1768963684550,"id":"3xoiscz3mdli292","previousEventId":"v9hqmz179x6m9ys","operationId":"59uxpkvluoij9bc","previousOperationId":"awk2i9abghl7vh6"}
{"type":"log","timestamp":1768963684550,"level":"debug","message":"Rendering engine handlebars","meta":{"rootId":"p33qpo8nvl24uuf","id":"p33qpo8nvl24uuf"},"id":"hgior33ghi8anzx","previousOperationId":"59uxpkvluoij9bc"}
{"type":"operationEnd","operationId":"59uxpkvluoij9bc","timestamp":1768963684590,"id":"t2crc8uzsf4ys0p","previousEventId":"3xoiscz3mdli292","previousOperationId":"59uxpkvluoij9bc"}
{"type":"operationStart","subtype":"recipe","name":"chrome-pdf","timestamp":1768963684592,"id":"x75upfow5041493","previousEventId":"t2crc8uzsf4ys0p","operationId":"j0knem6f4drzsf2","previousOperationId":"59uxpkvluoij9bc"}
{"type":"log","timestamp":1768963684592,"level":"debug","message":"Executing recipe chrome-pdf","meta":{"rootId":"p33qpo8nvl24uuf","id":"p33qpo8nvl24uuf"},"id":"39w60ep4iue3z7z","previousOperationId":"j0knem6f4drzsf2"}
{"type":"log","timestamp":1768963684629,"level":"debug","message":"Converting with chrome Chrome/142.0.7444.175 using chrome-pool strategy","meta":{"rootId":"p33qpo8nvl24uuf","id":"p33qpo8nvl24uuf"},"id":"m7pojgtbz0ljhw2","previousOperationId":"j0knem6f4drzsf2"}
{"type":"log","timestamp":1768963684984,"level":"debug","message":"Page request: GET (document) file:///tmp/jsreport/autocleanup/87245dc3-4241-498a-a971-1cc3fd903fa3-chrome-pdf.html","meta":{"rootId":"p33qpo8nvl24uuf","id":"p33qpo8nvl24uuf"},"id":"bwx8v2dgan8xrbq","previousOperationId":"j0knem6f4drzsf2"}
{"type":"log","timestamp":1768963685013,"level":"debug","message":"Page request finished: GET (document) 200 file:///tmp/jsreport/autocleanup/87245dc3-4241-498a-a971-1cc3fd903fa3-chrome-pdf.html","meta":{"rootId":"p33qpo8nvl24uuf","id":"p33qpo8nvl24uuf"},"id":"v2yllvcdzqkvt5l","previousOperationId":"j0knem6f4drzsf2"}
{"type":"log","timestamp":1768963685021,"level":"warn","message":"Page request failed: GET (stylesheet) file:///tmp/jsreport/autocleanup/styles.css, failure: net::ERR_ACCESS_DENIED","meta":{"rootId":"p33qpo8nvl24uuf","id":"p33qpo8nvl24uuf"},"id":"05ifk3z1kex3fwj","previousOperationId":"j0knem6f4drzsf2"}
{"type":"log","timestamp":1768963685021,"level":"debug","message":"(console:error) Failed to load resource: net::ERR_ACCESS_DENIED","meta":{"userLevel":true,"rootId":"p33qpo8nvl24uuf","id":"p33qpo8nvl24uuf"},"id":"bw4fhvi5c28ymq2","previousOperationId":"j0knem6f4drzsf2"}
{"type":"log","timestamp":1768963685048,"level":"debug","message":"Running chrome with params {\"printBackground\":true,\"timeout\":59809,\"margin\":{}}","meta":{"rootId":"p33qpo8nvl24uuf","id":"p33qpo8nvl24uuf"},"id":"a4g0q1lag1nw7s8","previousOperationId":"j0knem6f4drzsf2"}
{"type":"operationEnd","operationId":"j0knem6f4drzsf2","timestamp":1768963685121,"id":"34vrdf3rqjj4oxg","previousEventId":"x75upfow5041493","previousOperationId":"j0knem6f4drzsf2"}
{"type":"log","timestamp":1768963685121,"level":"debug","message":"Skipping storing report.","meta":{"rootId":"p33qpo8nvl24uuf","id":"p33qpo8nvl24uuf"},"id":"4qa75t4cmchyodw","previousOperationId":"j0knem6f4drzsf2"}
{"type":"log","timestamp":1768963685121,"level":"info","message":"Rendering request 10 finished in 709 ms","meta":{"rootId":"p33qpo8nvl24uuf","id":"p33qpo8nvl24uuf"},"id":"gviq5fn3cksd5t0","previousOperationId":"j0knem6f4drzsf2"}
{"type":"operationEnd","subtype":"render","operationId":"awk2i9abghl7vh6","timestamp":1768963685121,"id":"w62ux2lnhe37onj","previousEventId":"34vrdf3rqjj4oxg","previousOperationId":"j0knem6f4drzsf2"}
{"type":"operationEnd","doDiffs":false,"previousEventId":"cdwsxuzxbarhppw","previousOperationId":"a2kvikctrb2iecf","operationId":"a2kvikctrb2iecf","timestamp":1768963685123,"id":"hctqeftivn3bqnh"}
