{"type":"operationStart","subtype":"profile","data":{"_id":"xFC2F3PxA5QcLVPI","timestamp":"2026-02-17T02:02:12.629Z","state":"queued","mode":"standard","creationDate":"2026-02-17T02:02:12.669Z","modificationDate":"2026-02-17T02:02:12.669Z","shortid":"MekUdej","$entitySet":"profiles"},"doDiffs":false,"timestamp":1771293732643,"id":"g6w9kzf6zdy5joo","previousOperationId":null,"operationId":"gyiqo79ta9f1avt"}
{"type":"log","level":"info","message":"Render request 10 queued for execution and waiting for available worker","previousOperationId":"gyiqo79ta9f1avt","timestamp":1771293732644,"id":"c8rjkhs0r8dd1hu"}
{"type":"operationStart","subtype":"render","name":"journal-entry-v1","previousOperationId":"gyiqo79ta9f1avt","timestamp":1771293732776,"id":"42jc1t32z7qhqxx","previousEventId":"g6w9kzf6zdy5joo","operationId":"s4rs0chq5mfo842"}
{"type":"log","timestamp":1771293732780,"level":"info","message":"Starting rendering request 10","meta":{"rootId":"pmpcs9xj2gq8528","id":"pmpcs9xj2gq8528"},"id":"n4i83e6clgirbnz","previousOperationId":"s4rs0chq5mfo842"}
{"type":"log","timestamp":1771293732784,"level":"info","message":"Rendering template { name: journal-entry-v1, recipe: chrome-pdf, engine: handlebars, preview: false }","meta":{"rootId":"pmpcs9xj2gq8528","id":"pmpcs9xj2gq8528"},"id":"szyhr7l94ggibmc","previousOperationId":"s4rs0chq5mfo842"}
{"type":"log","timestamp":1771293732789,"level":"debug","message":"Inline data specified.","meta":{"rootId":"pmpcs9xj2gq8528","id":"pmpcs9xj2gq8528"},"id":"vp71c713o2w304i","previousOperationId":"s4rs0chq5mfo842"}
{"type":"log","timestamp":1771293732799,"level":"debug","message":"Base url not specified, skipping its injection.","meta":{"rootId":"pmpcs9xj2gq8528","id":"pmpcs9xj2gq8528"},"id":"v182lazujls0q8r","previousOperationId":"s4rs0chq5mfo842"}
{"type":"operationStart","subtype":"engine","name":"handlebars","timestamp":1771293732810,"id":"g6y8p4c29mckxzv","previousEventId":"42jc1t32z7qhqxx","operationId":"xraempi9gtyf4kd","previousOperationId":"s4rs0chq5mfo842"}
{"type":"log","timestamp":1771293732810,"level":"debug","message":"Rendering engine handlebars","meta":{"rootId":"pmpcs9xj2gq8528","id":"pmpcs9xj2gq8528"},"id":"ngs26t0q1wp5rd3","previousOperationId":"xraempi9gtyf4kd"}
{"type":"operationEnd","operationId":"xraempi9gtyf4kd","timestamp":1771293732907,"id":"6pn1uo1kcb35gee","previousEventId":"g6y8p4c29mckxzv","previousOperationId":"xraempi9gtyf4kd"}
{"type":"operationStart","subtype":"recipe","name":"chrome-pdf","timestamp":1771293732908,"id":"z0muid6bm3lhu8l","previousEventId":"6pn1uo1kcb35gee","operationId":"ux175e41wkyj7qf","previousOperationId":"xraempi9gtyf4kd"}
{"type":"log","timestamp":1771293732908,"level":"debug","message":"Executing recipe chrome-pdf","meta":{"rootId":"pmpcs9xj2gq8528","id":"pmpcs9xj2gq8528"},"id":"4x6df90xfz0qzit","previousOperationId":"ux175e41wkyj7qf"}
{"type":"log","timestamp":1771293732956,"level":"debug","message":"Converting with chrome Chrome/142.0.7444.175 using chrome-pool strategy","meta":{"rootId":"pmpcs9xj2gq8528","id":"pmpcs9xj2gq8528"},"id":"zb6w2520nc03mve","previousOperationId":"ux175e41wkyj7qf"}
{"type":"log","timestamp":1771293733528,"level":"debug","message":"Page request: GET (document) file:///tmp/jsreport/autocleanup/4bdabae3-59cd-4594-839f-9deaef388cef-chrome-pdf.html","meta":{"rootId":"pmpcs9xj2gq8528","id":"pmpcs9xj2gq8528"},"id":"tera3u4giicr7tb","previousOperationId":"ux175e41wkyj7qf"}
{"type":"log","timestamp":1771293733574,"level":"debug","message":"Page request finished: GET (document) 200 file:///tmp/jsreport/autocleanup/4bdabae3-59cd-4594-839f-9deaef388cef-chrome-pdf.html","meta":{"rootId":"pmpcs9xj2gq8528","id":"pmpcs9xj2gq8528"},"id":"vpn23e0k8mno3u8","previousOperationId":"ux175e41wkyj7qf"}
{"type":"log","timestamp":1771293733576,"level":"debug","message":"Page request: GET (image) https://paciolibucket.s3.us-east-2.amazonaws.com/orgs/c64b69f6759a43a1bc0ae31961876751/companies/logos/e9767ff4-7186-447f-a397-208ea6bbfdb8_ninosfelices.png?X-Amz-Expires=600&X-Amz-Algorithm=AWS4-HMAC-SHA256&X-Amz-Credential=AKIAVYV5Z6T6UQ4ARWOC%2F20260217%2Fus-east-2%2Fs3%2Faws4_request&X-Amz-Date=20260217T020212Z&X-Amz-SignedHeaders=host&X-Amz-Signature=f5600b274e922cf474b20b0dd2231eacf6546a8db69b5266d2d6c8e82a6f32dc","meta":{"rootId":"pmpcs9xj2gq8528","id":"pmpcs9xj2gq8528"},"id":"zf8u0290aocfh56","previousOperationId":"ux175e41wkyj7qf"}
{"type":"log","timestamp":1771293734175,"level":"debug","message":"Page request finished: GET (image) 200 https://paciolibucket.s3.us-east-2.amazonaws.com/orgs/c64b69f6759a43a1bc0ae31961876751/companies/logos/e9767ff4-7186-447f-a397-208ea6bbfdb8_ninosfelices.png?X-Amz-Expires=600&X-Amz-Algorithm=AWS4-HMAC-SHA256&X-Amz-Credential=AKIAVYV5Z6T6UQ4ARWOC%2F20260217%2Fus-east-2%2Fs3%2Faws4_request&X-Amz-Date=20260217T020212Z&X-Amz-SignedHeaders=host&X-Amz-Signature=f5600b274e922cf474b20b0dd2231eacf6546a8db69b5266d2d6c8e82a6f32dc","meta":{"rootId":"pmpcs9xj2gq8528","id":"pmpcs9xj2gq8528"},"id":"9twxc0qbvvgln22","previousOperationId":"ux175e41wkyj7qf"}
{"type":"log","timestamp":1771293734179,"level":"debug","message":"Running chrome with params {\"printBackground\":true,\"timeout\":59694,\"margin\":{}}","meta":{"rootId":"pmpcs9xj2gq8528","id":"pmpcs9xj2gq8528"},"id":"x3vim0c80ibicnj","previousOperationId":"ux175e41wkyj7qf"}
{"type":"operationEnd","operationId":"ux175e41wkyj7qf","timestamp":1771293734315,"id":"sqe0qit77bn2c3z","previousEventId":"z0muid6bm3lhu8l","previousOperationId":"ux175e41wkyj7qf"}
{"type":"log","timestamp":1771293734316,"level":"debug","message":"Skipping storing report.","meta":{"rootId":"pmpcs9xj2gq8528","id":"pmpcs9xj2gq8528"},"id":"wdz6e11cw7yn5y6","previousOperationId":"ux175e41wkyj7qf"}
{"type":"log","timestamp":1771293734316,"level":"info","message":"Rendering request 10 finished in 1701 ms","meta":{"rootId":"pmpcs9xj2gq8528","id":"pmpcs9xj2gq8528"},"id":"61a11ho7zijg91i","previousOperationId":"ux175e41wkyj7qf"}
{"type":"operationEnd","subtype":"render","operationId":"s4rs0chq5mfo842","timestamp":1771293734316,"id":"ybat9lbju5wih5x","previousEventId":"sqe0qit77bn2c3z","previousOperationId":"ux175e41wkyj7qf"}
{"type":"operationEnd","doDiffs":false,"previousEventId":"g6w9kzf6zdy5joo","previousOperationId":"gyiqo79ta9f1avt","operationId":"gyiqo79ta9f1avt","timestamp":1771293734319,"id":"ha49iojbc9fedjc"}
