{"type":"operationStart","subtype":"profile","data":{"_id":"LUOKiJsaZtyzkVZn","timestamp":"2026-02-19T04:05:15.252Z","state":"queued","mode":"standard","creationDate":"2026-02-19T04:05:15.254Z","modificationDate":"2026-02-19T04:05:15.254Z","shortid":"miJFjtV","$entitySet":"profiles"},"doDiffs":false,"timestamp":1771473915253,"id":"2uczughoxmk0bpg","previousOperationId":null,"operationId":"72gfnklkjqdvy19"}
{"type":"log","level":"info","message":"Render request 8 queued for execution and waiting for available worker","previousOperationId":"72gfnklkjqdvy19","timestamp":1771473915254,"id":"x8cexey52xe2fqy"}
{"type":"operationStart","subtype":"render","name":"journal-entry-v1","previousOperationId":"72gfnklkjqdvy19","timestamp":1771473915324,"id":"iml8zeqgct4uczq","previousEventId":"2uczughoxmk0bpg","operationId":"okc5ai86nqqfki3"}
{"type":"log","timestamp":1771473915325,"level":"info","message":"Starting rendering request 8","meta":{"rootId":"pt7a6joxhr04djt","id":"pt7a6joxhr04djt"},"id":"mf24w3jsbz0cesb","previousOperationId":"okc5ai86nqqfki3"}
{"type":"log","timestamp":1771473915325,"level":"info","message":"Rendering template { name: journal-entry-v1, recipe: chrome-pdf, engine: handlebars, preview: false }","meta":{"rootId":"pt7a6joxhr04djt","id":"pt7a6joxhr04djt"},"id":"u5dtpizmw8mqsz6","previousOperationId":"okc5ai86nqqfki3"}
{"type":"log","timestamp":1771473915327,"level":"debug","message":"Inline data specified.","meta":{"rootId":"pt7a6joxhr04djt","id":"pt7a6joxhr04djt"},"id":"fs9hz6m5uurgsij","previousOperationId":"okc5ai86nqqfki3"}
{"type":"log","timestamp":1771473915331,"level":"debug","message":"Base url not specified, skipping its injection.","meta":{"rootId":"pt7a6joxhr04djt","id":"pt7a6joxhr04djt"},"id":"cebdeydg88a6vem","previousOperationId":"okc5ai86nqqfki3"}
{"type":"operationStart","subtype":"engine","name":"handlebars","timestamp":1771473915332,"id":"2sycgjnzvy862d6","previousEventId":"iml8zeqgct4uczq","operationId":"qr807uijz553ip2","previousOperationId":"okc5ai86nqqfki3"}
{"type":"log","timestamp":1771473915332,"level":"debug","message":"Rendering engine handlebars","meta":{"rootId":"pt7a6joxhr04djt","id":"pt7a6joxhr04djt"},"id":"a8vtdhputc7e8rz","previousOperationId":"qr807uijz553ip2"}
{"type":"operationEnd","operationId":"qr807uijz553ip2","timestamp":1771473915357,"id":"vh74jmy1w0nigcp","previousEventId":"2sycgjnzvy862d6","previousOperationId":"qr807uijz553ip2"}
{"type":"operationStart","subtype":"recipe","name":"chrome-pdf","timestamp":1771473915357,"id":"6bufk51qr3e3l16","previousEventId":"vh74jmy1w0nigcp","operationId":"irppazxrsdyfskb","previousOperationId":"qr807uijz553ip2"}
{"type":"log","timestamp":1771473915357,"level":"debug","message":"Executing recipe chrome-pdf","meta":{"rootId":"pt7a6joxhr04djt","id":"pt7a6joxhr04djt"},"id":"5mxk1joep4qoupx","previousOperationId":"irppazxrsdyfskb"}
{"type":"log","timestamp":1771473915364,"level":"debug","message":"Converting with chrome Chrome/142.0.7444.175 using chrome-pool strategy","meta":{"rootId":"pt7a6joxhr04djt","id":"pt7a6joxhr04djt"},"id":"mil0n93hnu446ih","previousOperationId":"irppazxrsdyfskb"}
{"type":"log","timestamp":1771473915419,"level":"debug","message":"Page request: GET (document) file:///tmp/jsreport/autocleanup/06458a1c-829f-426a-af67-9f8864c94381-chrome-pdf.html","meta":{"rootId":"pt7a6joxhr04djt","id":"pt7a6joxhr04djt"},"id":"enigpuzhys3v6e9","previousOperationId":"irppazxrsdyfskb"}
{"type":"log","timestamp":1771473915429,"level":"debug","message":"Page request finished: GET (document) 200 file:///tmp/jsreport/autocleanup/06458a1c-829f-426a-af67-9f8864c94381-chrome-pdf.html","meta":{"rootId":"pt7a6joxhr04djt","id":"pt7a6joxhr04djt"},"id":"llwxhfglu1trb0j","previousOperationId":"irppazxrsdyfskb"}
{"type":"log","timestamp":1771473915434,"level":"debug","message":"Page request: GET (image) https://paciolibucket.s3.us-east-2.amazonaws.com/orgs/c64b69f6759a43a1bc0ae31961876751/companies/logos/b6e6bbb3-4217-4336-88b7-161c9ce34ada_Applicorp%20Logo.png?X-Amz-Expires=600&X-Amz-Algorithm=AWS4-HMAC-SHA256&X-Amz-Credential=AKIAVYV5Z6T6UQ4ARWOC%2F20260219%2Fus-east-2%2Fs3%2Faws4_request&X-Amz-Date=20260219T040515Z&X-Amz-SignedHeaders=host&X-Amz-Signature=f3bc0aff508cae022103fd3c14808f903922a2798cac0b9d5830e59602ff168b","meta":{"rootId":"pt7a6joxhr04djt","id":"pt7a6joxhr04djt"},"id":"h9g96l7hzs29u2s","previousOperationId":"irppazxrsdyfskb"}
{"type":"log","timestamp":1771473915913,"level":"debug","message":"Page request finished: GET (image) 200 https://paciolibucket.s3.us-east-2.amazonaws.com/orgs/c64b69f6759a43a1bc0ae31961876751/companies/logos/b6e6bbb3-4217-4336-88b7-161c9ce34ada_Applicorp%20Logo.png?X-Amz-Expires=600&X-Amz-Algorithm=AWS4-HMAC-SHA256&X-Amz-Credential=AKIAVYV5Z6T6UQ4ARWOC%2F20260219%2Fus-east-2%2Fs3%2Faws4_request&X-Amz-Date=20260219T040515Z&X-Amz-SignedHeaders=host&X-Amz-Signature=f3bc0aff508cae022103fd3c14808f903922a2798cac0b9d5830e59602ff168b","meta":{"rootId":"pt7a6joxhr04djt","id":"pt7a6joxhr04djt"},"id":"9xuj41lj39qery4","previousOperationId":"irppazxrsdyfskb"}
{"type":"log","timestamp":1771473915915,"level":"debug","message":"Running chrome with params {\"printBackground\":true,\"timeout\":59891,\"margin\":{}}","meta":{"rootId":"pt7a6joxhr04djt","id":"pt7a6joxhr04djt"},"id":"23vtjsd9vqzipuu","previousOperationId":"irppazxrsdyfskb"}
{"type":"operationEnd","operationId":"irppazxrsdyfskb","timestamp":1771473915971,"id":"twvx15i6i4961qo","previousEventId":"6bufk51qr3e3l16","previousOperationId":"irppazxrsdyfskb"}
{"type":"log","timestamp":1771473915971,"level":"debug","message":"Skipping storing report.","meta":{"rootId":"pt7a6joxhr04djt","id":"pt7a6joxhr04djt"},"id":"k9b6kg3l0u9tqo3","previousOperationId":"irppazxrsdyfskb"}
{"type":"log","timestamp":1771473915971,"level":"info","message":"Rendering request 8 finished in 720 ms","meta":{"rootId":"pt7a6joxhr04djt","id":"pt7a6joxhr04djt"},"id":"8kpbztjpney67de","previousOperationId":"irppazxrsdyfskb"}
{"type":"operationEnd","subtype":"render","operationId":"okc5ai86nqqfki3","timestamp":1771473915971,"id":"ixer95fugmqem6m","previousEventId":"twvx15i6i4961qo","previousOperationId":"irppazxrsdyfskb"}
{"type":"operationEnd","doDiffs":false,"previousEventId":"2uczughoxmk0bpg","previousOperationId":"72gfnklkjqdvy19","operationId":"72gfnklkjqdvy19","timestamp":1771473915972,"id":"ejearw93kdbh0qx"}
