{"type":"operationStart","subtype":"profile","data":{"_id":"zePzoKc02rb8V1HM","timestamp":"2026-01-22T04:05:51.759Z","state":"queued","mode":"standard","creationDate":"2026-01-22T04:05:51.763Z","modificationDate":"2026-01-22T04:05:51.763Z","shortid":"KkPcmP2","$entitySet":"profiles"},"doDiffs":false,"timestamp":1769054751762,"id":"ptvwlc2pefztjjg","previousOperationId":null,"operationId":"7vkwc20l1jgasik"}
{"type":"log","level":"info","message":"Render request 104 queued for execution and waiting for available worker","previousOperationId":"7vkwc20l1jgasik","timestamp":1769054751762,"id":"79uu5mah2co6ow9"}
{"type":"operationStart","subtype":"render","name":"journal-entry-v1","previousOperationId":"7vkwc20l1jgasik","timestamp":1769054751817,"id":"tj42mn1h5n71mr9","previousEventId":"ptvwlc2pefztjjg","operationId":"0b5v6qy5fzyk2j0"}
{"type":"log","timestamp":1769054751818,"level":"info","message":"Starting rendering request 104","meta":{"rootId":"puujsx6gb526ya0","id":"puujsx6gb526ya0"},"id":"68y1ofngpir6t70","previousOperationId":"0b5v6qy5fzyk2j0"}
{"type":"log","timestamp":1769054751818,"level":"info","message":"Rendering template { name: journal-entry-v1, recipe: chrome-pdf, engine: handlebars, preview: false }","meta":{"rootId":"puujsx6gb526ya0","id":"puujsx6gb526ya0"},"id":"swilv8cf2imk5yp","previousOperationId":"0b5v6qy5fzyk2j0"}
{"type":"log","timestamp":1769054751822,"level":"debug","message":"Inline data specified.","meta":{"rootId":"puujsx6gb526ya0","id":"puujsx6gb526ya0"},"id":"7tl4lssyd2p3yli","previousOperationId":"0b5v6qy5fzyk2j0"}
{"type":"log","timestamp":1769054751826,"level":"debug","message":"Base url not specified, skipping its injection.","meta":{"rootId":"puujsx6gb526ya0","id":"puujsx6gb526ya0"},"id":"8o37hzytv0ffjb0","previousOperationId":"0b5v6qy5fzyk2j0"}
{"type":"operationStart","subtype":"engine","name":"handlebars","timestamp":1769054751827,"id":"ygxjeuaxshvgst0","previousEventId":"tj42mn1h5n71mr9","operationId":"r2odgrs3a38va42","previousOperationId":"0b5v6qy5fzyk2j0"}
{"type":"log","timestamp":1769054751827,"level":"debug","message":"Rendering engine handlebars","meta":{"rootId":"puujsx6gb526ya0","id":"puujsx6gb526ya0"},"id":"pcr4rh7pi2i58pt","previousOperationId":"r2odgrs3a38va42"}
{"type":"operationEnd","operationId":"r2odgrs3a38va42","timestamp":1769054751849,"id":"r96scio5chv44u3","previousEventId":"ygxjeuaxshvgst0","previousOperationId":"r2odgrs3a38va42"}
{"type":"operationStart","subtype":"recipe","name":"chrome-pdf","timestamp":1769054751850,"id":"r0bqb1kjiupnll2","previousEventId":"r96scio5chv44u3","operationId":"ibmb81ooyrvgud3","previousOperationId":"r2odgrs3a38va42"}
{"type":"log","timestamp":1769054751850,"level":"debug","message":"Executing recipe chrome-pdf","meta":{"rootId":"puujsx6gb526ya0","id":"puujsx6gb526ya0"},"id":"v42wiqmhelaw5fl","previousOperationId":"ibmb81ooyrvgud3"}
{"type":"log","timestamp":1769054751861,"level":"debug","message":"Converting with chrome Chrome/142.0.7444.175 using chrome-pool strategy","meta":{"rootId":"puujsx6gb526ya0","id":"puujsx6gb526ya0"},"id":"dq8kr3pruyfo9zb","previousOperationId":"ibmb81ooyrvgud3"}
{"type":"log","timestamp":1769054751946,"level":"debug","message":"Page request: GET (document) file:///tmp/jsreport/autocleanup/ef0e98c3-27ce-4b58-8eca-1dc82054be7e-chrome-pdf.html","meta":{"rootId":"puujsx6gb526ya0","id":"puujsx6gb526ya0"},"id":"xpmok9o2hlbuz4j","previousOperationId":"ibmb81ooyrvgud3"}
{"type":"log","timestamp":1769054751964,"level":"debug","message":"Page request finished: GET (document) 200 file:///tmp/jsreport/autocleanup/ef0e98c3-27ce-4b58-8eca-1dc82054be7e-chrome-pdf.html","meta":{"rootId":"puujsx6gb526ya0","id":"puujsx6gb526ya0"},"id":"n4dk4wryo8vvm2x","previousOperationId":"ibmb81ooyrvgud3"}
{"type":"log","timestamp":1769054751968,"level":"debug","message":"Page request: GET (image) https://paciolibucket.s3.us-east-2.amazonaws.com/orgs/c64b69f6759a43a1bc0ae31961876751/companies/logos/e9767ff4-7186-447f-a397-208ea6bbfdb8_ninosfelices.png?X-Amz-Expires=600&X-Amz-Algorithm=AWS4-HMAC-SHA256&X-Amz-Credential=AKIAVYV5Z6T6UQ4ARWOC%2F20260122%2Fus-east-2%2Fs3%2Faws4_request&X-Amz-Date=20260122T040551Z&X-Amz-SignedHeaders=host&X-Amz-Signature=9fb457a2137bf170c573cd8f5dff1ad43142eee0509be76e83b0d26ef131944b","meta":{"rootId":"puujsx6gb526ya0","id":"puujsx6gb526ya0"},"id":"6fy3li5bgyet6u1","previousOperationId":"ibmb81ooyrvgud3"}
{"type":"log","timestamp":1769054752390,"level":"debug","message":"Page request finished: GET (image) 200 https://paciolibucket.s3.us-east-2.amazonaws.com/orgs/c64b69f6759a43a1bc0ae31961876751/companies/logos/e9767ff4-7186-447f-a397-208ea6bbfdb8_ninosfelices.png?X-Amz-Expires=600&X-Amz-Algorithm=AWS4-HMAC-SHA256&X-Amz-Credential=AKIAVYV5Z6T6UQ4ARWOC%2F20260122%2Fus-east-2%2Fs3%2Faws4_request&X-Amz-Date=20260122T040551Z&X-Amz-SignedHeaders=host&X-Amz-Signature=9fb457a2137bf170c573cd8f5dff1ad43142eee0509be76e83b0d26ef131944b","meta":{"rootId":"puujsx6gb526ya0","id":"puujsx6gb526ya0"},"id":"cmfdwylifoayfms","previousOperationId":"ibmb81ooyrvgud3"}
{"type":"log","timestamp":1769054752392,"level":"debug","message":"Running chrome with params {\"printBackground\":true,\"timeout\":59904,\"margin\":{}}","meta":{"rootId":"puujsx6gb526ya0","id":"puujsx6gb526ya0"},"id":"i9688p9gxeqxu3q","previousOperationId":"ibmb81ooyrvgud3"}
{"type":"operationEnd","operationId":"ibmb81ooyrvgud3","timestamp":1769054752463,"id":"t70oa9rzwv4uv94","previousEventId":"r0bqb1kjiupnll2","previousOperationId":"ibmb81ooyrvgud3"}
{"type":"log","timestamp":1769054752464,"level":"debug","message":"Skipping storing report.","meta":{"rootId":"puujsx6gb526ya0","id":"puujsx6gb526ya0"},"id":"e3cf2j0kx59bpis","previousOperationId":"ibmb81ooyrvgud3"}
{"type":"log","timestamp":1769054752464,"level":"info","message":"Rendering request 104 finished in 705 ms","meta":{"rootId":"puujsx6gb526ya0","id":"puujsx6gb526ya0"},"id":"yqwwcpvrbk5azdt","previousOperationId":"ibmb81ooyrvgud3"}
{"type":"operationEnd","subtype":"render","operationId":"0b5v6qy5fzyk2j0","timestamp":1769054752464,"id":"5zcxeu1q0xmqf2j","previousEventId":"t70oa9rzwv4uv94","previousOperationId":"ibmb81ooyrvgud3"}
{"type":"operationEnd","doDiffs":false,"previousEventId":"ptvwlc2pefztjjg","previousOperationId":"7vkwc20l1jgasik","operationId":"7vkwc20l1jgasik","timestamp":1769054752473,"id":"1gpadekshvfx3yq"}
