{"type":"operationStart","subtype":"profile","data":{"_id":"jAEmQ0gllCwkg3Lf","timestamp":"2026-01-22T03:10:54.180Z","state":"queued","mode":"standard","creationDate":"2026-01-22T03:10:54.212Z","modificationDate":"2026-01-22T03:10:54.212Z","shortid":"VHvdmt1","$entitySet":"profiles"},"doDiffs":false,"timestamp":1769051454191,"id":"5wusqk36lpx5urr","previousOperationId":null,"operationId":"6qqauy91q4jlxxp"}
{"type":"log","level":"info","message":"Render request 82 queued for execution and waiting for available worker","previousOperationId":"6qqauy91q4jlxxp","timestamp":1769051454198,"id":"oj18cxwduueqgq4"}
{"type":"operationStart","subtype":"render","name":"journal-entry-v1","previousOperationId":"6qqauy91q4jlxxp","timestamp":1769051454318,"id":"yki2dzxd0b96odh","previousEventId":"5wusqk36lpx5urr","operationId":"z9lcw502kcly1t7"}
{"type":"log","timestamp":1769051454323,"level":"info","message":"Starting rendering request 82","meta":{"rootId":"qcfnxk6lkrtmben","id":"qcfnxk6lkrtmben"},"id":"qghpe3p28tpf260","previousOperationId":"z9lcw502kcly1t7"}
{"type":"log","timestamp":1769051454327,"level":"info","message":"Rendering template { name: journal-entry-v1, recipe: chrome-pdf, engine: handlebars, preview: true }","meta":{"rootId":"qcfnxk6lkrtmben","id":"qcfnxk6lkrtmben"},"id":"4y5ts3likqbrmso","previousOperationId":"z9lcw502kcly1t7"}
{"type":"log","timestamp":1769051454338,"level":"debug","message":"Inline data specified.","meta":{"rootId":"qcfnxk6lkrtmben","id":"qcfnxk6lkrtmben"},"id":"fsnwee3ytt51w8y","previousOperationId":"z9lcw502kcly1t7"}
{"type":"log","timestamp":1769051454353,"level":"debug","message":"Base url not specified, skipping its injection.","meta":{"rootId":"qcfnxk6lkrtmben","id":"qcfnxk6lkrtmben"},"id":"vmq6m2vanw5alxl","previousOperationId":"z9lcw502kcly1t7"}
{"type":"operationStart","subtype":"engine","name":"handlebars","timestamp":1769051454360,"id":"wriigfjppx6b356","previousEventId":"yki2dzxd0b96odh","operationId":"5t9k5hy3ew6wp3e","previousOperationId":"z9lcw502kcly1t7"}
{"type":"log","timestamp":1769051454360,"level":"debug","message":"Rendering engine handlebars","meta":{"rootId":"qcfnxk6lkrtmben","id":"qcfnxk6lkrtmben"},"id":"tq7opcjzlnykwos","previousOperationId":"5t9k5hy3ew6wp3e"}
{"type":"operationEnd","operationId":"5t9k5hy3ew6wp3e","timestamp":1769051454443,"id":"k4krgz75nm050mi","previousEventId":"wriigfjppx6b356","previousOperationId":"5t9k5hy3ew6wp3e"}
{"type":"operationStart","subtype":"recipe","name":"chrome-pdf","timestamp":1769051454446,"id":"f6yxa3hzeq55efb","previousEventId":"k4krgz75nm050mi","operationId":"5l7yvwij04p88ej","previousOperationId":"5t9k5hy3ew6wp3e"}
{"type":"log","timestamp":1769051454446,"level":"debug","message":"Executing recipe chrome-pdf","meta":{"rootId":"qcfnxk6lkrtmben","id":"qcfnxk6lkrtmben"},"id":"u3vxckknml8ktun","previousOperationId":"5l7yvwij04p88ej"}
{"type":"log","timestamp":1769051454489,"level":"debug","message":"Converting with chrome Chrome/142.0.7444.175 using chrome-pool strategy","meta":{"rootId":"qcfnxk6lkrtmben","id":"qcfnxk6lkrtmben"},"id":"zvedmdlehdkk77q","previousOperationId":"5l7yvwij04p88ej"}
{"type":"log","timestamp":1769051454948,"level":"debug","message":"Page request: GET (document) file:///tmp/jsreport/autocleanup/fcf7ae7e-9f8b-4837-b0e3-8226844012b8-chrome-pdf.html","meta":{"rootId":"qcfnxk6lkrtmben","id":"qcfnxk6lkrtmben"},"id":"2kzi2zpmepjma3u","previousOperationId":"5l7yvwij04p88ej"}
{"type":"log","timestamp":1769051454995,"level":"debug","message":"Page request finished: GET (document) 200 file:///tmp/jsreport/autocleanup/fcf7ae7e-9f8b-4837-b0e3-8226844012b8-chrome-pdf.html","meta":{"rootId":"qcfnxk6lkrtmben","id":"qcfnxk6lkrtmben"},"id":"qd4cho81yofpka5","previousOperationId":"5l7yvwij04p88ej"}
{"type":"log","timestamp":1769051454997,"level":"debug","message":"Page request: GET (image) https://paciolibucket.s3.us-east-2.amazonaws.com/orgs/c64b69f6759a43a1bc0ae31961876751/companies/logos/e9767ff4-7186-447f-a397-208ea6bbfdb8_ninosfelices.png?X-Amz-Expires=600&X-Amz-Algorithm=AWS4-HMAC-SHA256&X-Amz-Credential=AKIAVYV5Z6T6UQ4ARWOC%2F20260122%2Fus-east-2%2Fs3%2Faws4_request&X-Amz-Date=20260122T030631Z&X-Amz-SignedHeaders=host&X-Amz-Signature=b60e4f9cf8d865d145452997392d0dfb2bd60aedb9af2d4d1a473e3f127974e8","meta":{"rootId":"qcfnxk6lkrtmben","id":"qcfnxk6lkrtmben"},"id":"jwibmf9gpimjily","previousOperationId":"5l7yvwij04p88ej"}
{"type":"log","timestamp":1769051455100,"level":"debug","message":"Page request finished: GET (image) 200 https://paciolibucket.s3.us-east-2.amazonaws.com/orgs/c64b69f6759a43a1bc0ae31961876751/companies/logos/e9767ff4-7186-447f-a397-208ea6bbfdb8_ninosfelices.png?X-Amz-Expires=600&X-Amz-Algorithm=AWS4-HMAC-SHA256&X-Amz-Credential=AKIAVYV5Z6T6UQ4ARWOC%2F20260122%2Fus-east-2%2Fs3%2Faws4_request&X-Amz-Date=20260122T030631Z&X-Amz-SignedHeaders=host&X-Amz-Signature=b60e4f9cf8d865d145452997392d0dfb2bd60aedb9af2d4d1a473e3f127974e8","meta":{"rootId":"qcfnxk6lkrtmben","id":"qcfnxk6lkrtmben"},"id":"ifxl7fzut5lf24d","previousOperationId":"5l7yvwij04p88ej"}
{"type":"log","timestamp":1769051455104,"level":"debug","message":"Running chrome with params {\"printBackground\":true,\"timeout\":59704,\"margin\":{}}","meta":{"rootId":"qcfnxk6lkrtmben","id":"qcfnxk6lkrtmben"},"id":"ugyoy3b3tdlxbin","previousOperationId":"5l7yvwij04p88ej"}
{"type":"operationEnd","operationId":"5l7yvwij04p88ej","timestamp":1769051455306,"id":"pw50x2291eii889","previousEventId":"f6yxa3hzeq55efb","previousOperationId":"5l7yvwij04p88ej"}
{"type":"log","timestamp":1769051455306,"level":"debug","message":"Skipping storing report.","meta":{"rootId":"qcfnxk6lkrtmben","id":"qcfnxk6lkrtmben"},"id":"vw65iy2ixbv0ghf","previousOperationId":"5l7yvwij04p88ej"}
{"type":"log","timestamp":1769051455307,"level":"info","message":"Rendering request 82 finished in 1140 ms","meta":{"rootId":"qcfnxk6lkrtmben","id":"qcfnxk6lkrtmben"},"id":"fhegmqdlz4kf8xk","previousOperationId":"5l7yvwij04p88ej"}
{"type":"operationEnd","subtype":"render","operationId":"z9lcw502kcly1t7","timestamp":1769051455307,"id":"qv68hfgypunj7ep","previousEventId":"pw50x2291eii889","previousOperationId":"5l7yvwij04p88ej"}
{"type":"operationEnd","doDiffs":false,"previousEventId":"5wusqk36lpx5urr","previousOperationId":"6qqauy91q4jlxxp","operationId":"6qqauy91q4jlxxp","timestamp":1769051455311,"id":"y7nyhrutkfg38le"}
