{"type":"operationStart","subtype":"profile","data":{"_id":"XTcbjfAVHOBKJy90","timestamp":"2026-02-19T17:21:26.446Z","state":"queued","mode":"standard","creationDate":"2026-02-19T17:21:26.459Z","modificationDate":"2026-02-19T17:21:26.459Z","shortid":"OdJh_St","$entitySet":"profiles"},"doDiffs":false,"timestamp":1771521686453,"id":"b3tk5i2mn71qxd3","previousOperationId":null,"operationId":"vu7nl9vrf2so7wg"}
{"type":"log","level":"info","message":"Render request 16 queued for execution and waiting for available worker","previousOperationId":"vu7nl9vrf2so7wg","timestamp":1771521686453,"id":"v66dau9ugdn86j9"}
{"type":"operationStart","subtype":"render","name":"journal-entry-v1","previousOperationId":"vu7nl9vrf2so7wg","timestamp":1771521686596,"id":"5w81c5ev9pcx35x","previousEventId":"b3tk5i2mn71qxd3","operationId":"hjdshkzzlc79e9q"}
{"type":"log","timestamp":1771521686603,"level":"info","message":"Starting rendering request 16","meta":{"rootId":"qh549ars0ksupaf","id":"qh549ars0ksupaf"},"id":"7ztgsrzsmj2ecsn","previousOperationId":"hjdshkzzlc79e9q"}
{"type":"log","timestamp":1771521686608,"level":"info","message":"Rendering template { name: journal-entry-v1, recipe: chrome-pdf, engine: handlebars, preview: false }","meta":{"rootId":"qh549ars0ksupaf","id":"qh549ars0ksupaf"},"id":"55jntlno7jd8m6g","previousOperationId":"hjdshkzzlc79e9q"}
{"type":"log","timestamp":1771521686616,"level":"debug","message":"Inline data specified.","meta":{"rootId":"qh549ars0ksupaf","id":"qh549ars0ksupaf"},"id":"47ex4o957nxv34r","previousOperationId":"hjdshkzzlc79e9q"}
{"type":"log","timestamp":1771521686624,"level":"debug","message":"Base url not specified, skipping its injection.","meta":{"rootId":"qh549ars0ksupaf","id":"qh549ars0ksupaf"},"id":"rwss4e614b8a32r","previousOperationId":"hjdshkzzlc79e9q"}
{"type":"operationStart","subtype":"engine","name":"handlebars","timestamp":1771521686638,"id":"7sjqmgzbla2x50a","previousEventId":"5w81c5ev9pcx35x","operationId":"8j8q2hzwooehvy3","previousOperationId":"hjdshkzzlc79e9q"}
{"type":"log","timestamp":1771521686638,"level":"debug","message":"Rendering engine handlebars","meta":{"rootId":"qh549ars0ksupaf","id":"qh549ars0ksupaf"},"id":"78j07afed24lsim","previousOperationId":"8j8q2hzwooehvy3"}
{"type":"operationEnd","operationId":"8j8q2hzwooehvy3","timestamp":1771521686875,"id":"pybbdclv8tfkkth","previousEventId":"7sjqmgzbla2x50a","previousOperationId":"8j8q2hzwooehvy3"}
{"type":"operationStart","subtype":"recipe","name":"chrome-pdf","timestamp":1771521686876,"id":"0rcxn83miysy0kd","previousEventId":"pybbdclv8tfkkth","operationId":"1ol1386nudp2p7m","previousOperationId":"8j8q2hzwooehvy3"}
{"type":"log","timestamp":1771521686876,"level":"debug","message":"Executing recipe chrome-pdf","meta":{"rootId":"qh549ars0ksupaf","id":"qh549ars0ksupaf"},"id":"lcof4govnxx1elw","previousOperationId":"1ol1386nudp2p7m"}
{"type":"log","timestamp":1771521686917,"level":"debug","message":"Converting with chrome Chrome/142.0.7444.175 using chrome-pool strategy","meta":{"rootId":"qh549ars0ksupaf","id":"qh549ars0ksupaf"},"id":"ywm0qz6tmnq326n","previousOperationId":"1ol1386nudp2p7m"}
{"type":"log","timestamp":1771521687456,"level":"debug","message":"Page request: GET (document) file:///tmp/jsreport/autocleanup/51b0ce03-8149-4dbf-b76b-bdb8488c0a17-chrome-pdf.html","meta":{"rootId":"qh549ars0ksupaf","id":"qh549ars0ksupaf"},"id":"6922v903hz8o98z","previousOperationId":"1ol1386nudp2p7m"}
{"type":"log","timestamp":1771521687495,"level":"debug","message":"Page request finished: GET (document) 200 file:///tmp/jsreport/autocleanup/51b0ce03-8149-4dbf-b76b-bdb8488c0a17-chrome-pdf.html","meta":{"rootId":"qh549ars0ksupaf","id":"qh549ars0ksupaf"},"id":"5ipk21sd7xtabhq","previousOperationId":"1ol1386nudp2p7m"}
{"type":"log","timestamp":1771521687496,"level":"debug","message":"Page request: GET (image) https://paciolibucket.s3.us-east-2.amazonaws.com/orgs/c64b69f6759a43a1bc0ae31961876751/companies/logos/b6e6bbb3-4217-4336-88b7-161c9ce34ada_Applicorp%20Logo.png?X-Amz-Expires=600&X-Amz-Algorithm=AWS4-HMAC-SHA256&X-Amz-Credential=AKIAVYV5Z6T6UQ4ARWOC%2F20260219%2Fus-east-2%2Fs3%2Faws4_request&X-Amz-Date=20260219T172126Z&X-Amz-SignedHeaders=host&X-Amz-Signature=c996fc87b85b797c9ac9ae658b575f6b55f73a903da10ac99393a612ea47ef63","meta":{"rootId":"qh549ars0ksupaf","id":"qh549ars0ksupaf"},"id":"7nukslii271yz7h","previousOperationId":"1ol1386nudp2p7m"}
{"type":"log","timestamp":1771521688102,"level":"debug","message":"Page request finished: GET (image) 200 https://paciolibucket.s3.us-east-2.amazonaws.com/orgs/c64b69f6759a43a1bc0ae31961876751/companies/logos/b6e6bbb3-4217-4336-88b7-161c9ce34ada_Applicorp%20Logo.png?X-Amz-Expires=600&X-Amz-Algorithm=AWS4-HMAC-SHA256&X-Amz-Credential=AKIAVYV5Z6T6UQ4ARWOC%2F20260219%2Fus-east-2%2Fs3%2Faws4_request&X-Amz-Date=20260219T172126Z&X-Amz-SignedHeaders=host&X-Amz-Signature=c996fc87b85b797c9ac9ae658b575f6b55f73a903da10ac99393a612ea47ef63","meta":{"rootId":"qh549ars0ksupaf","id":"qh549ars0ksupaf"},"id":"25va7ctlzqas58e","previousOperationId":"1ol1386nudp2p7m"}
{"type":"log","timestamp":1771521688106,"level":"debug","message":"Running chrome with params {\"printBackground\":true,\"timeout\":59551,\"margin\":{}}","meta":{"rootId":"qh549ars0ksupaf","id":"qh549ars0ksupaf"},"id":"jsemz6uqhknhaac","previousOperationId":"1ol1386nudp2p7m"}
{"type":"operationEnd","operationId":"1ol1386nudp2p7m","timestamp":1771521688299,"id":"c678th7yyjsjug8","previousEventId":"0rcxn83miysy0kd","previousOperationId":"1ol1386nudp2p7m"}
{"type":"log","timestamp":1771521688300,"level":"debug","message":"Skipping storing report.","meta":{"rootId":"qh549ars0ksupaf","id":"qh549ars0ksupaf"},"id":"43lpocjy2tbniu5","previousOperationId":"1ol1386nudp2p7m"}
{"type":"log","timestamp":1771521688300,"level":"info","message":"Rendering request 16 finished in 1860 ms","meta":{"rootId":"qh549ars0ksupaf","id":"qh549ars0ksupaf"},"id":"lqkz58bchxuljhx","previousOperationId":"1ol1386nudp2p7m"}
{"type":"operationEnd","subtype":"render","operationId":"hjdshkzzlc79e9q","timestamp":1771521688300,"id":"y4h5l1c9ovr6fuy","previousEventId":"c678th7yyjsjug8","previousOperationId":"1ol1386nudp2p7m"}
{"type":"operationEnd","doDiffs":false,"previousEventId":"b3tk5i2mn71qxd3","previousOperationId":"vu7nl9vrf2so7wg","operationId":"vu7nl9vrf2so7wg","timestamp":1771521688301,"id":"rscdvuzh1mcu48j"}
