{"type":"operationStart","subtype":"profile","data":{"_id":"cn0vC5WUVcylOpkX","timestamp":"2026-01-22T02:12:03.594Z","state":"queued","mode":"standard","creationDate":"2026-01-22T02:12:03.595Z","modificationDate":"2026-01-22T02:12:03.595Z","shortid":"V3aVWLq","$entitySet":"profiles"},"doDiffs":false,"timestamp":1769047923595,"id":"6hfjwtyv57qzyw8","previousOperationId":null,"operationId":"xapfm7a57wvb80p"}
{"type":"log","level":"info","message":"Render request 58 queued for execution and waiting for available worker","previousOperationId":"xapfm7a57wvb80p","timestamp":1769047923595,"id":"z9jy3y5whe1bsd3"}
{"type":"operationStart","subtype":"render","name":"journal-entry-v1","previousOperationId":"xapfm7a57wvb80p","timestamp":1769047923651,"id":"r73pskoxykle2cg","previousEventId":"6hfjwtyv57qzyw8","operationId":"z40z8gdf9nntews"}
{"type":"log","timestamp":1769047923653,"level":"info","message":"Starting rendering request 58","meta":{"rootId":"qlw2g42m5zqp0j1","id":"qlw2g42m5zqp0j1"},"id":"7svckdl4uwqlgzh","previousOperationId":"z40z8gdf9nntews"}
{"type":"log","timestamp":1769047923654,"level":"info","message":"Rendering template { name: journal-entry-v1, recipe: chrome-pdf, engine: handlebars, preview: true }","meta":{"rootId":"qlw2g42m5zqp0j1","id":"qlw2g42m5zqp0j1"},"id":"avgd3ewchf7yqqh","previousOperationId":"z40z8gdf9nntews"}
{"type":"log","timestamp":1769047923656,"level":"debug","message":"Inline data specified.","meta":{"rootId":"qlw2g42m5zqp0j1","id":"qlw2g42m5zqp0j1"},"id":"bl46xkn54efsttz","previousOperationId":"z40z8gdf9nntews"}
{"type":"log","timestamp":1769047923660,"level":"debug","message":"Base url not specified, skipping its injection.","meta":{"rootId":"qlw2g42m5zqp0j1","id":"qlw2g42m5zqp0j1"},"id":"3simvusfq3tut2p","previousOperationId":"z40z8gdf9nntews"}
{"type":"operationStart","subtype":"engine","name":"handlebars","timestamp":1769047923662,"id":"85lket7wbzkdj3k","previousEventId":"r73pskoxykle2cg","operationId":"dmxnn10c5x1v2cq","previousOperationId":"z40z8gdf9nntews"}
{"type":"log","timestamp":1769047923662,"level":"debug","message":"Rendering engine handlebars","meta":{"rootId":"qlw2g42m5zqp0j1","id":"qlw2g42m5zqp0j1"},"id":"7wf9z7o9eyviwlr","previousOperationId":"dmxnn10c5x1v2cq"}
{"type":"operationEnd","operationId":"dmxnn10c5x1v2cq","timestamp":1769047923705,"id":"9hh1bf2eciygeib","previousEventId":"85lket7wbzkdj3k","previousOperationId":"dmxnn10c5x1v2cq"}
{"type":"operationStart","subtype":"recipe","name":"chrome-pdf","timestamp":1769047923706,"id":"nkjgydk08zxbqwm","previousEventId":"9hh1bf2eciygeib","operationId":"zg74qmbpoyl0409","previousOperationId":"dmxnn10c5x1v2cq"}
{"type":"log","timestamp":1769047923708,"level":"debug","message":"Executing recipe chrome-pdf","meta":{"rootId":"qlw2g42m5zqp0j1","id":"qlw2g42m5zqp0j1"},"id":"acync57spanfzru","previousOperationId":"zg74qmbpoyl0409"}
{"type":"log","timestamp":1769047923719,"level":"debug","message":"Converting with chrome Chrome/142.0.7444.175 using chrome-pool strategy","meta":{"rootId":"qlw2g42m5zqp0j1","id":"qlw2g42m5zqp0j1"},"id":"av5x8pcjcteifuk","previousOperationId":"zg74qmbpoyl0409"}
{"type":"log","timestamp":1769047923837,"level":"debug","message":"Page request: GET (document) file:///tmp/jsreport/autocleanup/4803c731-e421-47be-9afb-b14a197bfb42-chrome-pdf.html","meta":{"rootId":"qlw2g42m5zqp0j1","id":"qlw2g42m5zqp0j1"},"id":"wv8ryma1ywl29b8","previousOperationId":"zg74qmbpoyl0409"}
{"type":"log","timestamp":1769047923852,"level":"debug","message":"Page request finished: GET (document) 200 file:///tmp/jsreport/autocleanup/4803c731-e421-47be-9afb-b14a197bfb42-chrome-pdf.html","meta":{"rootId":"qlw2g42m5zqp0j1","id":"qlw2g42m5zqp0j1"},"id":"iihqgehmpw8cnss","previousOperationId":"zg74qmbpoyl0409"}
{"type":"log","timestamp":1769047923857,"level":"debug","message":"Page request: GET (image) https://paciolibucket.s3.us-east-2.amazonaws.com/orgs/c64b69f6759a43a1bc0ae31961876751/companies/logos/e9767ff4-7186-447f-a397-208ea6bbfdb8_ninosfelices.png?X-Amz-Expires=600&X-Amz-Algorithm=AWS4-HMAC-SHA256&X-Amz-Credential=AKIAVYV5Z6T6UQ4ARWOC%2F20251214%2Fus-east-2%2Fs3%2Faws4_request&X-Amz-Date=20251214T042142Z&X-Amz-SignedHeaders=host&X-Amz-Signature=9bef4cc508bdfbedcab35016f2a1346ef8b73fc4c141ec491169a4e6ee842e03","meta":{"rootId":"qlw2g42m5zqp0j1","id":"qlw2g42m5zqp0j1"},"id":"yzzbkiv6i20wivy","previousOperationId":"zg74qmbpoyl0409"}
{"type":"log","timestamp":1769047924210,"level":"warn","message":"Page request failed: GET (image) https://paciolibucket.s3.us-east-2.amazonaws.com/orgs/c64b69f6759a43a1bc0ae31961876751/companies/logos/e9767ff4-7186-447f-a397-208ea6bbfdb8_ninosfelices.png?X-Amz-Expires=600&X-Amz-Algorithm=AWS4-HMAC-SHA256&X-Amz-Credential=AKIAVYV5Z6T6UQ4ARWOC%2F20251214%2Fus-east-2%2Fs3%2Faws4_request&X-Amz-Date=20251214T042142Z&X-Amz-SignedHeaders=host&X-Amz-Signature=9bef4cc508bdfbedcab35016f2a1346ef8b73fc4c141ec491169a4e6ee842e03, failure: net::ERR_BLOCKED_BY_ORB","meta":{"rootId":"qlw2g42m5zqp0j1","id":"qlw2g42m5zqp0j1"},"id":"qrbf45szavrb5o2","previousOperationId":"zg74qmbpoyl0409"}
{"type":"log","timestamp":1769047924213,"level":"debug","message":"Running chrome with params {\"printBackground\":true,\"timeout\":59882,\"margin\":{}}","meta":{"rootId":"qlw2g42m5zqp0j1","id":"qlw2g42m5zqp0j1"},"id":"cejr5bghxw0rf4a","previousOperationId":"zg74qmbpoyl0409"}
{"type":"operationEnd","operationId":"zg74qmbpoyl0409","timestamp":1769047924283,"id":"jo5pgfpj74vze5w","previousEventId":"nkjgydk08zxbqwm","previousOperationId":"zg74qmbpoyl0409"}
{"type":"log","timestamp":1769047924283,"level":"debug","message":"Skipping storing report.","meta":{"rootId":"qlw2g42m5zqp0j1","id":"qlw2g42m5zqp0j1"},"id":"0fbg6w8fzir3eu8","previousOperationId":"zg74qmbpoyl0409"}
{"type":"log","timestamp":1769047924283,"level":"info","message":"Rendering request 58 finished in 689 ms","meta":{"rootId":"qlw2g42m5zqp0j1","id":"qlw2g42m5zqp0j1"},"id":"szy9skg59khq5fs","previousOperationId":"zg74qmbpoyl0409"}
{"type":"operationEnd","subtype":"render","operationId":"z40z8gdf9nntews","timestamp":1769047924283,"id":"dv5eytdfm1ykdm9","previousEventId":"jo5pgfpj74vze5w","previousOperationId":"zg74qmbpoyl0409"}
{"type":"operationEnd","doDiffs":false,"previousEventId":"6hfjwtyv57qzyw8","previousOperationId":"xapfm7a57wvb80p","operationId":"xapfm7a57wvb80p","timestamp":1769047924286,"id":"4x3ww9pawkkuf52"}
