{"type":"operationStart","subtype":"profile","data":{"_id":"sJNE7YOmgkQP6cj1","timestamp":"2026-01-22T04:06:49.014Z","state":"queued","mode":"standard","creationDate":"2026-01-22T04:06:49.058Z","modificationDate":"2026-01-22T04:06:49.058Z","shortid":"wvLzQwz","$entitySet":"profiles"},"doDiffs":false,"timestamp":1769054809024,"id":"ja5vtagacd34tir","previousOperationId":null,"operationId":"n97oc8i8rkqn1tv"}
{"type":"log","level":"info","message":"Render request 105 queued for execution and waiting for available worker","previousOperationId":"n97oc8i8rkqn1tv","timestamp":1769054809026,"id":"ttff8ltyrdqsv2z"}
{"type":"operationStart","subtype":"render","name":"journal-entry-v1","previousOperationId":"n97oc8i8rkqn1tv","timestamp":1769054809192,"id":"mkhje6ckrfb9dd4","previousEventId":"ja5vtagacd34tir","operationId":"63xt4x84s3el1ab"}
{"type":"log","timestamp":1769054809203,"level":"info","message":"Starting rendering request 105","meta":{"rootId":"qo6urnufasib8zj","id":"qo6urnufasib8zj"},"id":"xrwei0j3rataicz","previousOperationId":"63xt4x84s3el1ab"}
{"type":"log","timestamp":1769054809212,"level":"info","message":"Rendering template { name: journal-entry-v1, recipe: chrome-pdf, engine: handlebars, preview: false }","meta":{"rootId":"qo6urnufasib8zj","id":"qo6urnufasib8zj"},"id":"5smclpwzpgwip0l","previousOperationId":"63xt4x84s3el1ab"}
{"type":"log","timestamp":1769054809232,"level":"debug","message":"Inline data specified.","meta":{"rootId":"qo6urnufasib8zj","id":"qo6urnufasib8zj"},"id":"fkejhdtbhzer9de","previousOperationId":"63xt4x84s3el1ab"}
{"type":"log","timestamp":1769054809248,"level":"debug","message":"Base url not specified, skipping its injection.","meta":{"rootId":"qo6urnufasib8zj","id":"qo6urnufasib8zj"},"id":"ibont7b9f24id3o","previousOperationId":"63xt4x84s3el1ab"}
{"type":"operationStart","subtype":"engine","name":"handlebars","timestamp":1769054809259,"id":"l7bi5bfqevqtvrt","previousEventId":"mkhje6ckrfb9dd4","operationId":"rzrzdgzapnf0vc0","previousOperationId":"63xt4x84s3el1ab"}
{"type":"log","timestamp":1769054809259,"level":"debug","message":"Rendering engine handlebars","meta":{"rootId":"qo6urnufasib8zj","id":"qo6urnufasib8zj"},"id":"8exr7vukezm67al","previousOperationId":"rzrzdgzapnf0vc0"}
{"type":"operationEnd","operationId":"rzrzdgzapnf0vc0","timestamp":1769054809480,"id":"8qk7gy6o4k5admo","previousEventId":"l7bi5bfqevqtvrt","previousOperationId":"rzrzdgzapnf0vc0"}
{"type":"operationStart","subtype":"recipe","name":"chrome-pdf","timestamp":1769054809486,"id":"4il3ojs2zf35i2x","previousEventId":"8qk7gy6o4k5admo","operationId":"hwlmbgwqqcb56rj","previousOperationId":"rzrzdgzapnf0vc0"}
{"type":"log","timestamp":1769054809487,"level":"debug","message":"Executing recipe chrome-pdf","meta":{"rootId":"qo6urnufasib8zj","id":"qo6urnufasib8zj"},"id":"uwwdabql8anof1d","previousOperationId":"hwlmbgwqqcb56rj"}
{"type":"log","timestamp":1769054809581,"level":"debug","message":"Converting with chrome Chrome/142.0.7444.175 using chrome-pool strategy","meta":{"rootId":"qo6urnufasib8zj","id":"qo6urnufasib8zj"},"id":"teesfj7hvb1zcg8","previousOperationId":"hwlmbgwqqcb56rj"}
{"type":"log","timestamp":1769054810340,"level":"debug","message":"Page request: GET (document) file:///tmp/jsreport/autocleanup/30fff089-0d33-45df-a90a-9824887c9801-chrome-pdf.html","meta":{"rootId":"qo6urnufasib8zj","id":"qo6urnufasib8zj"},"id":"knzgghtuqgvjg3u","previousOperationId":"hwlmbgwqqcb56rj"}
{"type":"log","timestamp":1769054810417,"level":"debug","message":"Page request finished: GET (document) 200 file:///tmp/jsreport/autocleanup/30fff089-0d33-45df-a90a-9824887c9801-chrome-pdf.html","meta":{"rootId":"qo6urnufasib8zj","id":"qo6urnufasib8zj"},"id":"npall08yzylxxxb","previousOperationId":"hwlmbgwqqcb56rj"}
{"type":"log","timestamp":1769054810428,"level":"debug","message":"Page request: GET (image) https://paciolibucket.s3.us-east-2.amazonaws.com/orgs/c64b69f6759a43a1bc0ae31961876751/companies/logos/e9767ff4-7186-447f-a397-208ea6bbfdb8_ninosfelices.png?X-Amz-Expires=600&X-Amz-Algorithm=AWS4-HMAC-SHA256&X-Amz-Credential=AKIAVYV5Z6T6UQ4ARWOC%2F20260122%2Fus-east-2%2Fs3%2Faws4_request&X-Amz-Date=20260122T040648Z&X-Amz-SignedHeaders=host&X-Amz-Signature=c0c4b8264041349fa1be95e5c52a216ab47480b0c92d57813450c17c4925d560","meta":{"rootId":"qo6urnufasib8zj","id":"qo6urnufasib8zj"},"id":"lh8sake1elnxgrm","previousOperationId":"hwlmbgwqqcb56rj"}
{"type":"log","timestamp":1769054811066,"level":"debug","message":"Page request finished: GET (image) 200 https://paciolibucket.s3.us-east-2.amazonaws.com/orgs/c64b69f6759a43a1bc0ae31961876751/companies/logos/e9767ff4-7186-447f-a397-208ea6bbfdb8_ninosfelices.png?X-Amz-Expires=600&X-Amz-Algorithm=AWS4-HMAC-SHA256&X-Amz-Credential=AKIAVYV5Z6T6UQ4ARWOC%2F20260122%2Fus-east-2%2Fs3%2Faws4_request&X-Amz-Date=20260122T040648Z&X-Amz-SignedHeaders=host&X-Amz-Signature=c0c4b8264041349fa1be95e5c52a216ab47480b0c92d57813450c17c4925d560","meta":{"rootId":"qo6urnufasib8zj","id":"qo6urnufasib8zj"},"id":"x3rq8rlt0t8cccg","previousOperationId":"hwlmbgwqqcb56rj"}
{"type":"log","timestamp":1769054811071,"level":"debug","message":"Running chrome with params {\"printBackground\":true,\"timeout\":59465,\"margin\":{}}","meta":{"rootId":"qo6urnufasib8zj","id":"qo6urnufasib8zj"},"id":"lbwxzo016lx1vh5","previousOperationId":"hwlmbgwqqcb56rj"}
{"type":"operationEnd","operationId":"hwlmbgwqqcb56rj","timestamp":1769054811429,"id":"qv4kz38dswobqr7","previousEventId":"4il3ojs2zf35i2x","previousOperationId":"hwlmbgwqqcb56rj"}
{"type":"log","timestamp":1769054811430,"level":"debug","message":"Skipping storing report.","meta":{"rootId":"qo6urnufasib8zj","id":"qo6urnufasib8zj"},"id":"rnq4kzspl4331dn","previousOperationId":"hwlmbgwqqcb56rj"}
{"type":"log","timestamp":1769054811430,"level":"info","message":"Rendering request 105 finished in 2455 ms","meta":{"rootId":"qo6urnufasib8zj","id":"qo6urnufasib8zj"},"id":"ugqyw9bg3cyjn15","previousOperationId":"hwlmbgwqqcb56rj"}
{"type":"operationEnd","subtype":"render","operationId":"63xt4x84s3el1ab","timestamp":1769054811430,"id":"lbn3veazorxh256","previousEventId":"qv4kz38dswobqr7","previousOperationId":"hwlmbgwqqcb56rj"}
{"type":"operationEnd","doDiffs":false,"previousEventId":"ja5vtagacd34tir","previousOperationId":"n97oc8i8rkqn1tv","operationId":"n97oc8i8rkqn1tv","timestamp":1769054811435,"id":"fhinek4c8ymy45u"}
