{"type":"operationStart","subtype":"profile","data":{"_id":"ES2O35LiByC4A2jC","timestamp":"2026-03-22T03:09:08.854Z","state":"queued","mode":"standard","creationDate":"2026-03-22T03:09:08.856Z","modificationDate":"2026-03-22T03:09:08.856Z","shortid":"yV4EkRQ","$entitySet":"profiles"},"doDiffs":false,"timestamp":1774148948856,"id":"4ex3x7rfj9wjfsc","previousOperationId":null,"operationId":"0fe13isju6jab6m"}
{"type":"log","level":"info","message":"Render request 1 queued for execution and waiting for available worker","previousOperationId":"0fe13isju6jab6m","timestamp":1774148948856,"id":"tjlj7mmnpoxp1vn"}
{"type":"operationStart","subtype":"render","name":"journal-entry-v1","previousOperationId":"0fe13isju6jab6m","timestamp":1774148948921,"id":"qbzo775wxxn7wyf","previousEventId":"4ex3x7rfj9wjfsc","operationId":"4wlnh0j6vynw0hf"}
{"type":"log","timestamp":1774148948922,"level":"info","message":"Starting rendering request 1","meta":{"rootId":"rtvdf457q2x9mr8","id":"rtvdf457q2x9mr8"},"id":"8emmoj5kldf7tyh","previousOperationId":"4wlnh0j6vynw0hf"}
{"type":"log","timestamp":1774148948922,"level":"info","message":"Rendering template { name: journal-entry-v1, recipe: chrome-pdf, engine: handlebars, preview: false }","meta":{"rootId":"rtvdf457q2x9mr8","id":"rtvdf457q2x9mr8"},"id":"yn9ohps0niql9co","previousOperationId":"4wlnh0j6vynw0hf"}
{"type":"log","timestamp":1774148948924,"level":"debug","message":"Inline data specified.","meta":{"rootId":"rtvdf457q2x9mr8","id":"rtvdf457q2x9mr8"},"id":"ll4zab994vpezd6","previousOperationId":"4wlnh0j6vynw0hf"}
{"type":"log","timestamp":1774148948926,"level":"debug","message":"Base url not specified, skipping its injection.","meta":{"rootId":"rtvdf457q2x9mr8","id":"rtvdf457q2x9mr8"},"id":"p6psoigfvpreeus","previousOperationId":"4wlnh0j6vynw0hf"}
{"type":"operationStart","subtype":"engine","name":"handlebars","timestamp":1774148948927,"id":"8nmpxflbuyhyjvm","previousEventId":"qbzo775wxxn7wyf","operationId":"bvwab7gde2a6bmy","previousOperationId":"4wlnh0j6vynw0hf"}
{"type":"log","timestamp":1774148948927,"level":"debug","message":"Rendering engine handlebars","meta":{"rootId":"rtvdf457q2x9mr8","id":"rtvdf457q2x9mr8"},"id":"ixvsb8b5xp9zj20","previousOperationId":"bvwab7gde2a6bmy"}
{"type":"operationEnd","operationId":"bvwab7gde2a6bmy","timestamp":1774148949379,"id":"si0dvk79vu75y23","previousEventId":"8nmpxflbuyhyjvm","previousOperationId":"bvwab7gde2a6bmy"}
{"type":"operationStart","subtype":"recipe","name":"chrome-pdf","timestamp":1774148949379,"id":"m4bm08a9yhc44y0","previousEventId":"si0dvk79vu75y23","operationId":"t46u519zpfqn3d2","previousOperationId":"bvwab7gde2a6bmy"}
{"type":"log","timestamp":1774148949379,"level":"debug","message":"Executing recipe chrome-pdf","meta":{"rootId":"rtvdf457q2x9mr8","id":"rtvdf457q2x9mr8"},"id":"v4vu0ty2ph57b3p","previousOperationId":"t46u519zpfqn3d2"}
{"type":"log","timestamp":1774148950397,"level":"debug","message":"Converting with chrome Chrome/144.0.7559.109 using chrome-pool strategy","meta":{"rootId":"rtvdf457q2x9mr8","id":"rtvdf457q2x9mr8"},"id":"89w9zp94xpvbgia","previousOperationId":"t46u519zpfqn3d2"}
{"type":"log","timestamp":1774148950458,"level":"debug","message":"Page request: GET (document) file:///tmp/jsreport/autocleanup/ea363e78-81e5-44af-957c-6351036151e6-chrome-pdf.html","meta":{"rootId":"rtvdf457q2x9mr8","id":"rtvdf457q2x9mr8"},"id":"2bkc6u97h4tnwjk","previousOperationId":"t46u519zpfqn3d2"}
{"type":"log","timestamp":1774148950474,"level":"debug","message":"Page request finished: GET (document) 200 file:///tmp/jsreport/autocleanup/ea363e78-81e5-44af-957c-6351036151e6-chrome-pdf.html","meta":{"rootId":"rtvdf457q2x9mr8","id":"rtvdf457q2x9mr8"},"id":"vs5batu9dctz0le","previousOperationId":"t46u519zpfqn3d2"}
{"type":"log","timestamp":1774148950474,"level":"debug","message":"Page request: GET (image) https://paciolibucket.s3.us-east-2.amazonaws.com/orgs/c64b69f6759a43a1bc0ae31961876751/companies/logos/b6e6bbb3-4217-4336-88b7-161c9ce34ada_Applicorp%20Logo.png?X-Amz-Expires=600&X-Amz-Algorithm=AWS4-HMAC-SHA256&X-Amz-Credential=AKIAVYV5Z6T6UQ4ARWOC%2F20260322%2Fus-east-2%2Fs3%2Faws4_request&X-Amz-Date=20260322T030908Z&X-Amz-SignedHeaders=host&X-Amz-Signature=0029e6d476eb7677a69125bc320afdb03b9907359e77caaef66ae1d52e172239","meta":{"rootId":"rtvdf457q2x9mr8","id":"rtvdf457q2x9mr8"},"id":"0471xb1lcysjhq2","previousOperationId":"t46u519zpfqn3d2"}
{"type":"log","timestamp":1774148951055,"level":"debug","message":"Page request finished: GET (image) 200 https://paciolibucket.s3.us-east-2.amazonaws.com/orgs/c64b69f6759a43a1bc0ae31961876751/companies/logos/b6e6bbb3-4217-4336-88b7-161c9ce34ada_Applicorp%20Logo.png?X-Amz-Expires=600&X-Amz-Algorithm=AWS4-HMAC-SHA256&X-Amz-Credential=AKIAVYV5Z6T6UQ4ARWOC%2F20260322%2Fus-east-2%2Fs3%2Faws4_request&X-Amz-Date=20260322T030908Z&X-Amz-SignedHeaders=host&X-Amz-Signature=0029e6d476eb7677a69125bc320afdb03b9907359e77caaef66ae1d52e172239","meta":{"rootId":"rtvdf457q2x9mr8","id":"rtvdf457q2x9mr8"},"id":"99szf2tjlh0awhk","previousOperationId":"t46u519zpfqn3d2"}
{"type":"log","timestamp":1774148951057,"level":"debug","message":"Running chrome with params {\"printBackground\":true,\"timeout\":59468,\"margin\":{}}","meta":{"rootId":"rtvdf457q2x9mr8","id":"rtvdf457q2x9mr8"},"id":"oz10hhjast8pmh8","previousOperationId":"t46u519zpfqn3d2"}
{"type":"operationEnd","operationId":"t46u519zpfqn3d2","timestamp":1774148951118,"id":"z62nil8mztmck9z","previousEventId":"m4bm08a9yhc44y0","previousOperationId":"t46u519zpfqn3d2"}
{"type":"log","timestamp":1774148951119,"level":"debug","message":"Skipping storing report.","meta":{"rootId":"rtvdf457q2x9mr8","id":"rtvdf457q2x9mr8"},"id":"u11ds4qw2be4hfe","previousOperationId":"t46u519zpfqn3d2"}
{"type":"log","timestamp":1774148951119,"level":"info","message":"Rendering request 1 finished in 2266 ms","meta":{"rootId":"rtvdf457q2x9mr8","id":"rtvdf457q2x9mr8"},"id":"iy438eghh2dfgrs","previousOperationId":"t46u519zpfqn3d2"}
{"type":"operationEnd","subtype":"render","operationId":"4wlnh0j6vynw0hf","timestamp":1774148951119,"id":"rmqlgby81wkjdbr","previousEventId":"z62nil8mztmck9z","previousOperationId":"t46u519zpfqn3d2"}
{"type":"operationEnd","doDiffs":false,"previousEventId":"4ex3x7rfj9wjfsc","previousOperationId":"0fe13isju6jab6m","operationId":"0fe13isju6jab6m","timestamp":1774148951120,"id":"neo7pqq6k4obar0"}
