{"type":"operationStart","subtype":"profile","data":{"_id":"13vKQgNOTRQqcCpn","timestamp":"2026-01-22T03:04:50.021Z","state":"queued","mode":"standard","creationDate":"2026-01-22T03:04:50.022Z","modificationDate":"2026-01-22T03:04:50.022Z","shortid":"tUHBYZR","$entitySet":"profiles"},"doDiffs":false,"timestamp":1769051090022,"id":"4x7txspmjyec3d2","previousOperationId":null,"operationId":"ao6cjgu6xqf8ntg"}
{"type":"log","level":"info","message":"Render request 79 queued for execution and waiting for available worker","previousOperationId":"ao6cjgu6xqf8ntg","timestamp":1769051090022,"id":"fv8qhii162czg3b"}
{"type":"operationStart","subtype":"render","name":"journal-entry-v1","previousOperationId":"ao6cjgu6xqf8ntg","timestamp":1769051090074,"id":"ed0abp1vwf2coar","previousEventId":"4x7txspmjyec3d2","operationId":"ckbdlgm83su7vmc"}
{"type":"log","timestamp":1769051090074,"level":"info","message":"Starting rendering request 79","meta":{"rootId":"s4ym4wia4t1k3er","id":"s4ym4wia4t1k3er"},"id":"dv9uwynhj2mtkgy","previousOperationId":"ckbdlgm83su7vmc"}
{"type":"log","timestamp":1769051090076,"level":"info","message":"Rendering template { name: journal-entry-v1, recipe: chrome-pdf, engine: handlebars, preview: true }","meta":{"rootId":"s4ym4wia4t1k3er","id":"s4ym4wia4t1k3er"},"id":"51dxyyid63eo9ag","previousOperationId":"ckbdlgm83su7vmc"}
{"type":"log","timestamp":1769051090077,"level":"debug","message":"Inline data specified.","meta":{"rootId":"s4ym4wia4t1k3er","id":"s4ym4wia4t1k3er"},"id":"ot5jj1c90y2lb3o","previousOperationId":"ckbdlgm83su7vmc"}
{"type":"log","timestamp":1769051090078,"level":"debug","message":"Base url not specified, skipping its injection.","meta":{"rootId":"s4ym4wia4t1k3er","id":"s4ym4wia4t1k3er"},"id":"570egvc2lhrxzfx","previousOperationId":"ckbdlgm83su7vmc"}
{"type":"operationStart","subtype":"engine","name":"handlebars","timestamp":1769051090078,"id":"qb0av8yjpj9yc02","previousEventId":"ed0abp1vwf2coar","operationId":"ht6jri677v7vqnn","previousOperationId":"ckbdlgm83su7vmc"}
{"type":"log","timestamp":1769051090078,"level":"debug","message":"Rendering engine handlebars","meta":{"rootId":"s4ym4wia4t1k3er","id":"s4ym4wia4t1k3er"},"id":"88ylr1dvo8uxu33","previousOperationId":"ht6jri677v7vqnn"}
{"type":"operationEnd","operationId":"ht6jri677v7vqnn","timestamp":1769051090092,"id":"da7ak5mdmyblrfn","previousEventId":"qb0av8yjpj9yc02","previousOperationId":"ht6jri677v7vqnn"}
{"type":"operationStart","subtype":"recipe","name":"chrome-pdf","timestamp":1769051090092,"id":"o7y976m2vxxjao1","previousEventId":"da7ak5mdmyblrfn","operationId":"s48yfye4vmz4myr","previousOperationId":"ht6jri677v7vqnn"}
{"type":"log","timestamp":1769051090092,"level":"debug","message":"Executing recipe chrome-pdf","meta":{"rootId":"s4ym4wia4t1k3er","id":"s4ym4wia4t1k3er"},"id":"iitmi54xva9l2if","previousOperationId":"s48yfye4vmz4myr"}
{"type":"log","timestamp":1769051090093,"level":"debug","message":"Converting with chrome Chrome/142.0.7444.175 using chrome-pool strategy","meta":{"rootId":"s4ym4wia4t1k3er","id":"s4ym4wia4t1k3er"},"id":"45xnip03x9tgd9x","previousOperationId":"s48yfye4vmz4myr"}
{"type":"log","timestamp":1769051090133,"level":"debug","message":"Page request: GET (document) file:///tmp/jsreport/autocleanup/1464a823-7308-453d-ae18-453435f5d757-chrome-pdf.html","meta":{"rootId":"s4ym4wia4t1k3er","id":"s4ym4wia4t1k3er"},"id":"zsjsgiuytbz52ub","previousOperationId":"s48yfye4vmz4myr"}
{"type":"log","timestamp":1769051090146,"level":"debug","message":"Page request finished: GET (document) 200 file:///tmp/jsreport/autocleanup/1464a823-7308-453d-ae18-453435f5d757-chrome-pdf.html","meta":{"rootId":"s4ym4wia4t1k3er","id":"s4ym4wia4t1k3er"},"id":"rbku561hzxt76v0","previousOperationId":"s48yfye4vmz4myr"}
{"type":"log","timestamp":1769051090146,"level":"debug","message":"Page request: GET (image) https://paciolibucket.s3.us-east-2.amazonaws.com/orgs/c64b69f6759a43a1bc0ae31961876751/companies/logos/e9767ff4-7186-447f-a397-208ea6bbfdb8_ninosfelices.png?X-Amz-Expires=600&X-Amz-Algorithm=AWS4-HMAC-SHA256&X-Amz-Credential=AKIAVYV5Z6T6UQ4ARWOC%2F20260122%2Fus-east-2%2Fs3%2Faws4_request&X-Amz-Date=20260122T030318Z&X-Amz-SignedHeaders=host&X-Amz-Signature=4851f1e7a803d5d23fccdb8bc0bf68881b7747266f0c871a333036053ff7d0f6","meta":{"rootId":"s4ym4wia4t1k3er","id":"s4ym4wia4t1k3er"},"id":"hbsviyaxc56jiqo","previousOperationId":"s48yfye4vmz4myr"}
{"type":"log","timestamp":1769051090152,"level":"debug","message":"Page request finished: GET (image) 200 https://paciolibucket.s3.us-east-2.amazonaws.com/orgs/c64b69f6759a43a1bc0ae31961876751/companies/logos/e9767ff4-7186-447f-a397-208ea6bbfdb8_ninosfelices.png?X-Amz-Expires=600&X-Amz-Algorithm=AWS4-HMAC-SHA256&X-Amz-Credential=AKIAVYV5Z6T6UQ4ARWOC%2F20260122%2Fus-east-2%2Fs3%2Faws4_request&X-Amz-Date=20260122T030318Z&X-Amz-SignedHeaders=host&X-Amz-Signature=4851f1e7a803d5d23fccdb8bc0bf68881b7747266f0c871a333036053ff7d0f6","meta":{"rootId":"s4ym4wia4t1k3er","id":"s4ym4wia4t1k3er"},"id":"zhdapc75urnivj6","previousOperationId":"s48yfye4vmz4myr"}
{"type":"log","timestamp":1769051090182,"level":"debug","message":"Running chrome with params {\"printBackground\":true,\"timeout\":59928,\"margin\":{}}","meta":{"rootId":"s4ym4wia4t1k3er","id":"s4ym4wia4t1k3er"},"id":"zp2oasqg9suss6y","previousOperationId":"s48yfye4vmz4myr"}
{"type":"operationEnd","operationId":"s48yfye4vmz4myr","timestamp":1769051090244,"id":"a2hpitfm1o618ic","previousEventId":"o7y976m2vxxjao1","previousOperationId":"s48yfye4vmz4myr"}
{"type":"log","timestamp":1769051090244,"level":"debug","message":"Skipping storing report.","meta":{"rootId":"s4ym4wia4t1k3er","id":"s4ym4wia4t1k3er"},"id":"8yhyyjk33wypd78","previousOperationId":"s48yfye4vmz4myr"}
{"type":"log","timestamp":1769051090245,"level":"info","message":"Rendering request 79 finished in 224 ms","meta":{"rootId":"s4ym4wia4t1k3er","id":"s4ym4wia4t1k3er"},"id":"6am9uv7viqhq9m2","previousOperationId":"s48yfye4vmz4myr"}
{"type":"operationEnd","subtype":"render","operationId":"ckbdlgm83su7vmc","timestamp":1769051090245,"id":"d5da8aj4c1e0xjb","previousEventId":"a2hpitfm1o618ic","previousOperationId":"s48yfye4vmz4myr"}
{"type":"operationEnd","doDiffs":false,"previousEventId":"4x7txspmjyec3d2","previousOperationId":"ao6cjgu6xqf8ntg","operationId":"ao6cjgu6xqf8ntg","timestamp":1769051090247,"id":"1rcr83tvuux3v69"}
