{"type":"operationStart","subtype":"profile","data":{"_id":"AjhnLQDxtUKCNit5","timestamp":"2026-01-22T03:07:37.638Z","state":"queued","mode":"standard","creationDate":"2026-01-22T03:07:37.639Z","modificationDate":"2026-01-22T03:07:37.639Z","shortid":"7LbRqH5","$entitySet":"profiles"},"doDiffs":false,"timestamp":1769051257638,"id":"69unfuh7dncldcg","previousOperationId":null,"operationId":"wkc8icm646ydnqp"}
{"type":"log","level":"info","message":"Render request 81 queued for execution and waiting for available worker","previousOperationId":"wkc8icm646ydnqp","timestamp":1769051257638,"id":"mp16vejcizy6fy8"}
{"type":"operationStart","subtype":"render","name":"journal-entry-v1","previousOperationId":"wkc8icm646ydnqp","timestamp":1769051257698,"id":"61r6s9j5p83h0h5","previousEventId":"69unfuh7dncldcg","operationId":"g6bmv1czndmt6xf"}
{"type":"log","timestamp":1769051257700,"level":"info","message":"Starting rendering request 81","meta":{"rootId":"scmdqj0ye1fickz","id":"scmdqj0ye1fickz"},"id":"dufy0bbepjtq1ma","previousOperationId":"g6bmv1czndmt6xf"}
{"type":"log","timestamp":1769051257702,"level":"info","message":"Rendering template { name: journal-entry-v1, recipe: chrome-pdf, engine: handlebars, preview: false }","meta":{"rootId":"scmdqj0ye1fickz","id":"scmdqj0ye1fickz"},"id":"pq09z4qwgg67kz3","previousOperationId":"g6bmv1czndmt6xf"}
{"type":"log","timestamp":1769051257707,"level":"debug","message":"Inline data specified.","meta":{"rootId":"scmdqj0ye1fickz","id":"scmdqj0ye1fickz"},"id":"dq901d7d1p5bvzc","previousOperationId":"g6bmv1czndmt6xf"}
{"type":"log","timestamp":1769051257711,"level":"debug","message":"Base url not specified, skipping its injection.","meta":{"rootId":"scmdqj0ye1fickz","id":"scmdqj0ye1fickz"},"id":"gr2yewo9w6bzw9n","previousOperationId":"g6bmv1czndmt6xf"}
{"type":"operationStart","subtype":"engine","name":"handlebars","timestamp":1769051257716,"id":"65twywm3g1saioq","previousEventId":"61r6s9j5p83h0h5","operationId":"lfz44ue3j8qljog","previousOperationId":"g6bmv1czndmt6xf"}
{"type":"log","timestamp":1769051257716,"level":"debug","message":"Rendering engine handlebars","meta":{"rootId":"scmdqj0ye1fickz","id":"scmdqj0ye1fickz"},"id":"524gf1bc06ct9ds","previousOperationId":"lfz44ue3j8qljog"}
{"type":"operationEnd","operationId":"lfz44ue3j8qljog","timestamp":1769051257796,"id":"mr4hu70611vspmo","previousEventId":"65twywm3g1saioq","previousOperationId":"lfz44ue3j8qljog"}
{"type":"operationStart","subtype":"recipe","name":"chrome-pdf","timestamp":1769051257799,"id":"00nvuroav6v2eqx","previousEventId":"mr4hu70611vspmo","operationId":"60c3fyncfa91eiu","previousOperationId":"lfz44ue3j8qljog"}
{"type":"log","timestamp":1769051257799,"level":"debug","message":"Executing recipe chrome-pdf","meta":{"rootId":"scmdqj0ye1fickz","id":"scmdqj0ye1fickz"},"id":"0h7criygfgijk0v","previousOperationId":"60c3fyncfa91eiu"}
{"type":"log","timestamp":1769051257815,"level":"debug","message":"Converting with chrome Chrome/142.0.7444.175 using chrome-pool strategy","meta":{"rootId":"scmdqj0ye1fickz","id":"scmdqj0ye1fickz"},"id":"egezevdma4nf0gs","previousOperationId":"60c3fyncfa91eiu"}
{"type":"log","timestamp":1769051257975,"level":"debug","message":"Page request: GET (document) file:///tmp/jsreport/autocleanup/49e96d8b-5628-4b40-8d44-eea2a2798cc4-chrome-pdf.html","meta":{"rootId":"scmdqj0ye1fickz","id":"scmdqj0ye1fickz"},"id":"3xtxx32f1tyyaqn","previousOperationId":"60c3fyncfa91eiu"}
{"type":"log","timestamp":1769051257998,"level":"debug","message":"Page request finished: GET (document) 200 file:///tmp/jsreport/autocleanup/49e96d8b-5628-4b40-8d44-eea2a2798cc4-chrome-pdf.html","meta":{"rootId":"scmdqj0ye1fickz","id":"scmdqj0ye1fickz"},"id":"grat0v74myvy73f","previousOperationId":"60c3fyncfa91eiu"}
{"type":"log","timestamp":1769051258032,"level":"debug","message":"Running chrome with params {\"printBackground\":true,\"timeout\":59832,\"margin\":{}}","meta":{"rootId":"scmdqj0ye1fickz","id":"scmdqj0ye1fickz"},"id":"24ve1arrxtqgwk2","previousOperationId":"60c3fyncfa91eiu"}
{"type":"operationEnd","operationId":"60c3fyncfa91eiu","timestamp":1769051258112,"id":"6bog6ngqbhlzoxz","previousEventId":"00nvuroav6v2eqx","previousOperationId":"60c3fyncfa91eiu"}
{"type":"log","timestamp":1769051258112,"level":"debug","message":"Skipping storing report.","meta":{"rootId":"scmdqj0ye1fickz","id":"scmdqj0ye1fickz"},"id":"38efsrkg30ifn58","previousOperationId":"60c3fyncfa91eiu"}
{"type":"log","timestamp":1769051258113,"level":"info","message":"Rendering request 81 finished in 476 ms","meta":{"rootId":"scmdqj0ye1fickz","id":"scmdqj0ye1fickz"},"id":"bter24zs74t8bam","previousOperationId":"60c3fyncfa91eiu"}
{"type":"operationEnd","subtype":"render","operationId":"g6bmv1czndmt6xf","timestamp":1769051258113,"id":"q0nfy2nuxha5reg","previousEventId":"6bog6ngqbhlzoxz","previousOperationId":"60c3fyncfa91eiu"}
{"type":"operationEnd","doDiffs":false,"previousEventId":"69unfuh7dncldcg","previousOperationId":"wkc8icm646ydnqp","operationId":"wkc8icm646ydnqp","timestamp":1769051258114,"id":"28mg6af329n2ker"}
