{"type":"operationStart","subtype":"profile","data":{"_id":"oKfIX9dPR0zp0vbu","timestamp":"2026-02-17T18:55:22.756Z","state":"queued","mode":"standard","creationDate":"2026-02-17T18:55:22.770Z","modificationDate":"2026-02-17T18:55:22.770Z","shortid":"Wmm3SkN","$entitySet":"profiles"},"doDiffs":false,"timestamp":1771354522761,"id":"73vk8c16heoilgx","previousOperationId":null,"operationId":"ootv4js62dt7e31"}
{"type":"log","level":"info","message":"Render request 18 queued for execution and waiting for available worker","previousOperationId":"ootv4js62dt7e31","timestamp":1771354522762,"id":"cmwow85n742vg0n"}
{"type":"operationStart","subtype":"render","name":"journal-entry-v1","previousOperationId":"ootv4js62dt7e31","timestamp":1771354522882,"id":"jj4r2376nm8ihl9","previousEventId":"73vk8c16heoilgx","operationId":"3hq1kv2u5xovyfx"}
{"type":"log","timestamp":1771354522888,"level":"info","message":"Starting rendering request 18","meta":{"rootId":"slpgm015q8ncbal","id":"slpgm015q8ncbal"},"id":"eeyfzpek6dfwwbf","previousOperationId":"3hq1kv2u5xovyfx"}
{"type":"log","timestamp":1771354522891,"level":"info","message":"Rendering template { name: journal-entry-v1, recipe: chrome-pdf, engine: handlebars, preview: false }","meta":{"rootId":"slpgm015q8ncbal","id":"slpgm015q8ncbal"},"id":"qc557jxvy495q8m","previousOperationId":"3hq1kv2u5xovyfx"}
{"type":"log","timestamp":1771354522897,"level":"debug","message":"Inline data specified.","meta":{"rootId":"slpgm015q8ncbal","id":"slpgm015q8ncbal"},"id":"fc3q6xs81prvhtn","previousOperationId":"3hq1kv2u5xovyfx"}
{"type":"log","timestamp":1771354522901,"level":"debug","message":"Base url not specified, skipping its injection.","meta":{"rootId":"slpgm015q8ncbal","id":"slpgm015q8ncbal"},"id":"8bdeuueugl7talc","previousOperationId":"3hq1kv2u5xovyfx"}
{"type":"operationStart","subtype":"engine","name":"handlebars","timestamp":1771354522912,"id":"csesnfuayvjsf21","previousEventId":"jj4r2376nm8ihl9","operationId":"qet042x2v5lkup3","previousOperationId":"3hq1kv2u5xovyfx"}
{"type":"log","timestamp":1771354522912,"level":"debug","message":"Rendering engine handlebars","meta":{"rootId":"slpgm015q8ncbal","id":"slpgm015q8ncbal"},"id":"uvithir8so8uxac","previousOperationId":"qet042x2v5lkup3"}
{"type":"operationEnd","operationId":"qet042x2v5lkup3","timestamp":1771354523008,"id":"7difch852lu0mgw","previousEventId":"csesnfuayvjsf21","previousOperationId":"qet042x2v5lkup3"}
{"type":"operationStart","subtype":"recipe","name":"chrome-pdf","timestamp":1771354523009,"id":"bq2intf4786zm79","previousEventId":"7difch852lu0mgw","operationId":"8hr70rfin9lm20n","previousOperationId":"qet042x2v5lkup3"}
{"type":"log","timestamp":1771354523009,"level":"debug","message":"Executing recipe chrome-pdf","meta":{"rootId":"slpgm015q8ncbal","id":"slpgm015q8ncbal"},"id":"fjwqxf3qvlrqd87","previousOperationId":"8hr70rfin9lm20n"}
{"type":"log","timestamp":1771354523054,"level":"debug","message":"Converting with chrome Chrome/142.0.7444.175 using chrome-pool strategy","meta":{"rootId":"slpgm015q8ncbal","id":"slpgm015q8ncbal"},"id":"s30w71wo7rvooh8","previousOperationId":"8hr70rfin9lm20n"}
{"type":"log","timestamp":1771354523530,"level":"debug","message":"Page request: GET (document) file:///tmp/jsreport/autocleanup/ea465756-1db3-4ee6-bab6-10044bc47a06-chrome-pdf.html","meta":{"rootId":"slpgm015q8ncbal","id":"slpgm015q8ncbal"},"id":"m7qessurf2px2ie","previousOperationId":"8hr70rfin9lm20n"}
{"type":"log","timestamp":1771354523565,"level":"debug","message":"Page request finished: GET (document) 200 file:///tmp/jsreport/autocleanup/ea465756-1db3-4ee6-bab6-10044bc47a06-chrome-pdf.html","meta":{"rootId":"slpgm015q8ncbal","id":"slpgm015q8ncbal"},"id":"qxm6xcvvye97c6a","previousOperationId":"8hr70rfin9lm20n"}
{"type":"log","timestamp":1771354523572,"level":"debug","message":"Page request: GET (image) https://paciolibucket.s3.us-east-2.amazonaws.com/orgs/c64b69f6759a43a1bc0ae31961876751/companies/logos/e9767ff4-7186-447f-a397-208ea6bbfdb8_ninosfelices.png?X-Amz-Expires=600&X-Amz-Algorithm=AWS4-HMAC-SHA256&X-Amz-Credential=AKIAVYV5Z6T6UQ4ARWOC%2F20260217%2Fus-east-2%2Fs3%2Faws4_request&X-Amz-Date=20260217T185522Z&X-Amz-SignedHeaders=host&X-Amz-Signature=00b9f6642c1dd69844bd80b03a85677aa2a675675d55aa204b6319442891197c","meta":{"rootId":"slpgm015q8ncbal","id":"slpgm015q8ncbal"},"id":"cy38mtqhdk29nnh","previousOperationId":"8hr70rfin9lm20n"}
{"type":"log","timestamp":1771354524169,"level":"debug","message":"Page request finished: GET (image) 200 https://paciolibucket.s3.us-east-2.amazonaws.com/orgs/c64b69f6759a43a1bc0ae31961876751/companies/logos/e9767ff4-7186-447f-a397-208ea6bbfdb8_ninosfelices.png?X-Amz-Expires=600&X-Amz-Algorithm=AWS4-HMAC-SHA256&X-Amz-Credential=AKIAVYV5Z6T6UQ4ARWOC%2F20260217%2Fus-east-2%2Fs3%2Faws4_request&X-Amz-Date=20260217T185522Z&X-Amz-SignedHeaders=host&X-Amz-Signature=00b9f6642c1dd69844bd80b03a85677aa2a675675d55aa204b6319442891197c","meta":{"rootId":"slpgm015q8ncbal","id":"slpgm015q8ncbal"},"id":"upibuoyxfg83u3y","previousOperationId":"8hr70rfin9lm20n"}
{"type":"log","timestamp":1771354524179,"level":"debug","message":"Running chrome with params {\"printBackground\":true,\"timeout\":59724,\"margin\":{}}","meta":{"rootId":"slpgm015q8ncbal","id":"slpgm015q8ncbal"},"id":"vxd2hb8iik57b7u","previousOperationId":"8hr70rfin9lm20n"}
{"type":"operationEnd","operationId":"8hr70rfin9lm20n","timestamp":1771354524285,"id":"1mje81rxotlz962","previousEventId":"bq2intf4786zm79","previousOperationId":"8hr70rfin9lm20n"}
{"type":"log","timestamp":1771354524286,"level":"debug","message":"Skipping storing report.","meta":{"rootId":"slpgm015q8ncbal","id":"slpgm015q8ncbal"},"id":"ks04xm5dkmp0cor","previousOperationId":"8hr70rfin9lm20n"}
{"type":"log","timestamp":1771354524286,"level":"info","message":"Rendering request 18 finished in 1540 ms","meta":{"rootId":"slpgm015q8ncbal","id":"slpgm015q8ncbal"},"id":"kbuxhn1pssqkbtu","previousOperationId":"8hr70rfin9lm20n"}
{"type":"operationEnd","subtype":"render","operationId":"3hq1kv2u5xovyfx","timestamp":1771354524286,"id":"j87k64nywts1y2m","previousEventId":"1mje81rxotlz962","previousOperationId":"8hr70rfin9lm20n"}
{"type":"operationEnd","doDiffs":false,"previousEventId":"73vk8c16heoilgx","previousOperationId":"ootv4js62dt7e31","operationId":"ootv4js62dt7e31","timestamp":1771354524290,"id":"6c4zs7d5j3ef9pe"}
