{"type":"operationStart","subtype":"profile","data":{"_id":"FxE6D5xfGBO449Tg","timestamp":"2026-02-18T00:36:42.625Z","state":"queued","mode":"standard","creationDate":"2026-02-18T00:36:42.662Z","modificationDate":"2026-02-18T00:36:42.662Z","shortid":"D3MfnCe","$entitySet":"profiles"},"doDiffs":false,"timestamp":1771375002630,"id":"tzu1ccaavulk66h","previousOperationId":null,"operationId":"y5s4i8qwuqzfaom"}
{"type":"log","level":"info","message":"Render request 42 queued for execution and waiting for available worker","previousOperationId":"y5s4i8qwuqzfaom","timestamp":1771375002630,"id":"5vsh2j0vgxebntt"}
{"type":"operationStart","subtype":"render","name":"journal-entry-v1","previousOperationId":"y5s4i8qwuqzfaom","timestamp":1771375002789,"id":"x6t9nu7cm2rzv4y","previousEventId":"tzu1ccaavulk66h","operationId":"cqd4yaasoks5yhs"}
{"type":"log","timestamp":1771375002793,"level":"info","message":"Starting rendering request 42","meta":{"rootId":"slw0hdmxq7z4y2n","id":"slw0hdmxq7z4y2n"},"id":"f7by3dn4wolot2f","previousOperationId":"cqd4yaasoks5yhs"}
{"type":"log","timestamp":1771375002809,"level":"info","message":"Rendering template { name: journal-entry-v1, recipe: chrome-pdf, engine: handlebars, preview: false }","meta":{"rootId":"slw0hdmxq7z4y2n","id":"slw0hdmxq7z4y2n"},"id":"jkdkj7kahzaeiv0","previousOperationId":"cqd4yaasoks5yhs"}
{"type":"log","timestamp":1771375002827,"level":"debug","message":"Inline data specified.","meta":{"rootId":"slw0hdmxq7z4y2n","id":"slw0hdmxq7z4y2n"},"id":"q9zn4i9s154pjxl","previousOperationId":"cqd4yaasoks5yhs"}
{"type":"log","timestamp":1771375002844,"level":"debug","message":"Base url not specified, skipping its injection.","meta":{"rootId":"slw0hdmxq7z4y2n","id":"slw0hdmxq7z4y2n"},"id":"3zmm2lvvjl6i0d0","previousOperationId":"cqd4yaasoks5yhs"}
{"type":"operationStart","subtype":"engine","name":"handlebars","timestamp":1771375002861,"id":"d3ncn46gfgmsi6r","previousEventId":"x6t9nu7cm2rzv4y","operationId":"1vyq0ev2v7jfn7s","previousOperationId":"cqd4yaasoks5yhs"}
{"type":"log","timestamp":1771375002861,"level":"debug","message":"Rendering engine handlebars","meta":{"rootId":"slw0hdmxq7z4y2n","id":"slw0hdmxq7z4y2n"},"id":"c417tosby8e42mo","previousOperationId":"1vyq0ev2v7jfn7s"}
{"type":"operationEnd","operationId":"1vyq0ev2v7jfn7s","timestamp":1771375002969,"id":"zews8j7syieaucn","previousEventId":"d3ncn46gfgmsi6r","previousOperationId":"1vyq0ev2v7jfn7s"}
{"type":"operationStart","subtype":"recipe","name":"chrome-pdf","timestamp":1771375002971,"id":"9kk7iqkglo96hbo","previousEventId":"zews8j7syieaucn","operationId":"knijrolg768paao","previousOperationId":"1vyq0ev2v7jfn7s"}
{"type":"log","timestamp":1771375002971,"level":"debug","message":"Executing recipe chrome-pdf","meta":{"rootId":"slw0hdmxq7z4y2n","id":"slw0hdmxq7z4y2n"},"id":"dmwthu2ql00jc6t","previousOperationId":"knijrolg768paao"}
{"type":"log","timestamp":1771375003017,"level":"debug","message":"Converting with chrome Chrome/142.0.7444.175 using chrome-pool strategy","meta":{"rootId":"slw0hdmxq7z4y2n","id":"slw0hdmxq7z4y2n"},"id":"ei8i9iy19ll2zsa","previousOperationId":"knijrolg768paao"}
{"type":"log","timestamp":1771375003595,"level":"debug","message":"Page request: GET (document) file:///tmp/jsreport/autocleanup/05f4468e-0cb3-4e87-9da0-2804cdcc6636-chrome-pdf.html","meta":{"rootId":"slw0hdmxq7z4y2n","id":"slw0hdmxq7z4y2n"},"id":"v2swlflxw201d83","previousOperationId":"knijrolg768paao"}
{"type":"log","timestamp":1771375003641,"level":"debug","message":"Page request finished: GET (document) 200 file:///tmp/jsreport/autocleanup/05f4468e-0cb3-4e87-9da0-2804cdcc6636-chrome-pdf.html","meta":{"rootId":"slw0hdmxq7z4y2n","id":"slw0hdmxq7z4y2n"},"id":"xga6kq5hub02iki","previousOperationId":"knijrolg768paao"}
{"type":"log","timestamp":1771375003651,"level":"debug","message":"Page request: GET (image) https://paciolibucket.s3.us-east-2.amazonaws.com/orgs/c64b69f6759a43a1bc0ae31961876751/companies/logos/e9767ff4-7186-447f-a397-208ea6bbfdb8_ninosfelices.png?X-Amz-Expires=600&X-Amz-Algorithm=AWS4-HMAC-SHA256&X-Amz-Credential=AKIAVYV5Z6T6UQ4ARWOC%2F20260218%2Fus-east-2%2Fs3%2Faws4_request&X-Amz-Date=20260218T003642Z&X-Amz-SignedHeaders=host&X-Amz-Signature=dfbc7a822d6ed17076ae73e3e4f76336faa1e3d25fed62f04cba597ebe754623","meta":{"rootId":"slw0hdmxq7z4y2n","id":"slw0hdmxq7z4y2n"},"id":"oc3zlqmt6vkxy8h","previousOperationId":"knijrolg768paao"}
{"type":"log","timestamp":1771375004506,"level":"debug","message":"Page request finished: GET (image) 200 https://paciolibucket.s3.us-east-2.amazonaws.com/orgs/c64b69f6759a43a1bc0ae31961876751/companies/logos/e9767ff4-7186-447f-a397-208ea6bbfdb8_ninosfelices.png?X-Amz-Expires=600&X-Amz-Algorithm=AWS4-HMAC-SHA256&X-Amz-Credential=AKIAVYV5Z6T6UQ4ARWOC%2F20260218%2Fus-east-2%2Fs3%2Faws4_request&X-Amz-Date=20260218T003642Z&X-Amz-SignedHeaders=host&X-Amz-Signature=dfbc7a822d6ed17076ae73e3e4f76336faa1e3d25fed62f04cba597ebe754623","meta":{"rootId":"slw0hdmxq7z4y2n","id":"slw0hdmxq7z4y2n"},"id":"xfrn5cgqz9op83r","previousOperationId":"knijrolg768paao"}
{"type":"log","timestamp":1771375004513,"level":"debug","message":"Running chrome with params {\"printBackground\":true,\"timeout\":59635,\"margin\":{}}","meta":{"rootId":"slw0hdmxq7z4y2n","id":"slw0hdmxq7z4y2n"},"id":"0azg4b8l1md25u6","previousOperationId":"knijrolg768paao"}
{"type":"operationEnd","operationId":"knijrolg768paao","timestamp":1771375004680,"id":"mpt3iz35dxvqxp4","previousEventId":"9kk7iqkglo96hbo","previousOperationId":"knijrolg768paao"}
{"type":"log","timestamp":1771375004680,"level":"debug","message":"Skipping storing report.","meta":{"rootId":"slw0hdmxq7z4y2n","id":"slw0hdmxq7z4y2n"},"id":"cluk8581gcf8ivx","previousOperationId":"knijrolg768paao"}
{"type":"log","timestamp":1771375004680,"level":"info","message":"Rendering request 42 finished in 2062 ms","meta":{"rootId":"slw0hdmxq7z4y2n","id":"slw0hdmxq7z4y2n"},"id":"04yj7vac2quexik","previousOperationId":"knijrolg768paao"}
{"type":"operationEnd","subtype":"render","operationId":"cqd4yaasoks5yhs","timestamp":1771375004680,"id":"vpcez7xd2ztp8vt","previousEventId":"mpt3iz35dxvqxp4","previousOperationId":"knijrolg768paao"}
{"type":"operationEnd","doDiffs":false,"previousEventId":"tzu1ccaavulk66h","previousOperationId":"y5s4i8qwuqzfaom","operationId":"y5s4i8qwuqzfaom","timestamp":1771375004682,"id":"aeoa9nb61t361h1"}
