{"type":"operationStart","subtype":"profile","data":{"_id":"D5BEz8uEIwknoD3Z","timestamp":"2026-01-22T02:09:20.497Z","state":"queued","mode":"standard","creationDate":"2026-01-22T02:09:20.500Z","modificationDate":"2026-01-22T02:09:20.500Z","shortid":"pQ7OzxE","$entitySet":"profiles"},"doDiffs":false,"timestamp":1769047760500,"id":"o1zbu03vzr7q2e0","previousOperationId":null,"operationId":"8e6fzbji56pglaj"}
{"type":"log","level":"info","message":"Render request 55 queued for execution and waiting for available worker","previousOperationId":"8e6fzbji56pglaj","timestamp":1769047760500,"id":"twiblyxivhnnidb"}
{"type":"operationStart","subtype":"render","name":"journal-entry-v1","previousOperationId":"8e6fzbji56pglaj","timestamp":1769047760578,"id":"kd918wcocfwdkv8","previousEventId":"o1zbu03vzr7q2e0","operationId":"fus28ymxxnsw1gs"}
{"type":"log","timestamp":1769047760580,"level":"info","message":"Starting rendering request 55","meta":{"rootId":"sx3xl3txtj8hgp4","id":"sx3xl3txtj8hgp4"},"id":"d1fyuexuewe5iqq","previousOperationId":"fus28ymxxnsw1gs"}
{"type":"log","timestamp":1769047760582,"level":"info","message":"Rendering template { name: journal-entry-v1, recipe: chrome-pdf, engine: handlebars, preview: true }","meta":{"rootId":"sx3xl3txtj8hgp4","id":"sx3xl3txtj8hgp4"},"id":"5z6z0utq712b0ju","previousOperationId":"fus28ymxxnsw1gs"}
{"type":"log","timestamp":1769047760587,"level":"debug","message":"Inline data specified.","meta":{"rootId":"sx3xl3txtj8hgp4","id":"sx3xl3txtj8hgp4"},"id":"lysqttbt6bodoje","previousOperationId":"fus28ymxxnsw1gs"}
{"type":"log","timestamp":1769047760599,"level":"debug","message":"Base url not specified, skipping its injection.","meta":{"rootId":"sx3xl3txtj8hgp4","id":"sx3xl3txtj8hgp4"},"id":"rjnbi74nq2y6so8","previousOperationId":"fus28ymxxnsw1gs"}
{"type":"operationStart","subtype":"engine","name":"handlebars","timestamp":1769047760603,"id":"5z7tezp6j1ip836","previousEventId":"kd918wcocfwdkv8","operationId":"1ye4pp2ilsj7t76","previousOperationId":"fus28ymxxnsw1gs"}
{"type":"log","timestamp":1769047760603,"level":"debug","message":"Rendering engine handlebars","meta":{"rootId":"sx3xl3txtj8hgp4","id":"sx3xl3txtj8hgp4"},"id":"6jhsj6bwm89tq2f","previousOperationId":"1ye4pp2ilsj7t76"}
{"type":"operationEnd","operationId":"1ye4pp2ilsj7t76","timestamp":1769047760647,"id":"e0xt0p71aq8zjv9","previousEventId":"5z7tezp6j1ip836","previousOperationId":"1ye4pp2ilsj7t76"}
{"type":"operationStart","subtype":"recipe","name":"chrome-pdf","timestamp":1769047760648,"id":"p9eq54miu8r3oam","previousEventId":"e0xt0p71aq8zjv9","operationId":"uhsvjinxn1ctkx7","previousOperationId":"1ye4pp2ilsj7t76"}
{"type":"log","timestamp":1769047760648,"level":"debug","message":"Executing recipe chrome-pdf","meta":{"rootId":"sx3xl3txtj8hgp4","id":"sx3xl3txtj8hgp4"},"id":"n48wouoiyrsxaru","previousOperationId":"uhsvjinxn1ctkx7"}
{"type":"log","timestamp":1769047760661,"level":"debug","message":"Converting with chrome Chrome/142.0.7444.175 using chrome-pool strategy","meta":{"rootId":"sx3xl3txtj8hgp4","id":"sx3xl3txtj8hgp4"},"id":"rst98pm0snx2ezk","previousOperationId":"uhsvjinxn1ctkx7"}
{"type":"log","timestamp":1769047760736,"level":"debug","message":"Page request: GET (document) file:///tmp/jsreport/autocleanup/8fdca184-15d8-4660-9b4c-63c0d37a732a-chrome-pdf.html","meta":{"rootId":"sx3xl3txtj8hgp4","id":"sx3xl3txtj8hgp4"},"id":"x4h5ogrqihtkqlt","previousOperationId":"uhsvjinxn1ctkx7"}
{"type":"log","timestamp":1769047760754,"level":"debug","message":"Page request finished: GET (document) 200 file:///tmp/jsreport/autocleanup/8fdca184-15d8-4660-9b4c-63c0d37a732a-chrome-pdf.html","meta":{"rootId":"sx3xl3txtj8hgp4","id":"sx3xl3txtj8hgp4"},"id":"canzf3ip7pt2xpk","previousOperationId":"uhsvjinxn1ctkx7"}
{"type":"log","timestamp":1769047760758,"level":"debug","message":"Page request: GET (image) https://paciolibucket.s3.us-east-2.amazonaws.com/orgs/c64b69f6759a43a1bc0ae31961876751/companies/logos/e9767ff4-7186-447f-a397-208ea6bbfdb8_ninosfelices.png?X-Amz-Expires=600&X-Amz-Algorithm=AWS4-HMAC-SHA256&X-Amz-Credential=AKIAVYV5Z6T6UQ4ARWOC%2F20251214%2Fus-east-2%2Fs3%2Faws4_request&X-Amz-Date=20251214T042142Z&X-Amz-SignedHeaders=host&X-Amz-Signature=9bef4cc508bdfbedcab35016f2a1346ef8b73fc4c141ec491169a4e6ee842e03","meta":{"rootId":"sx3xl3txtj8hgp4","id":"sx3xl3txtj8hgp4"},"id":"ys6924hzjl2ilrn","previousOperationId":"uhsvjinxn1ctkx7"}
{"type":"log","timestamp":1769047761295,"level":"warn","message":"Page request failed: GET (image) https://paciolibucket.s3.us-east-2.amazonaws.com/orgs/c64b69f6759a43a1bc0ae31961876751/companies/logos/e9767ff4-7186-447f-a397-208ea6bbfdb8_ninosfelices.png?X-Amz-Expires=600&X-Amz-Algorithm=AWS4-HMAC-SHA256&X-Amz-Credential=AKIAVYV5Z6T6UQ4ARWOC%2F20251214%2Fus-east-2%2Fs3%2Faws4_request&X-Amz-Date=20251214T042142Z&X-Amz-SignedHeaders=host&X-Amz-Signature=9bef4cc508bdfbedcab35016f2a1346ef8b73fc4c141ec491169a4e6ee842e03, failure: net::ERR_BLOCKED_BY_ORB","meta":{"rootId":"sx3xl3txtj8hgp4","id":"sx3xl3txtj8hgp4"},"id":"cthgg8uriliio29","previousOperationId":"uhsvjinxn1ctkx7"}
{"type":"log","timestamp":1769047761296,"level":"debug","message":"Running chrome with params {\"printBackground\":true,\"timeout\":59843,\"margin\":{}}","meta":{"rootId":"sx3xl3txtj8hgp4","id":"sx3xl3txtj8hgp4"},"id":"2h910uzl7l8sw74","previousOperationId":"uhsvjinxn1ctkx7"}
{"type":"operationEnd","operationId":"uhsvjinxn1ctkx7","timestamp":1769047761354,"id":"w41nk1f45yxkte1","previousEventId":"p9eq54miu8r3oam","previousOperationId":"uhsvjinxn1ctkx7"}
{"type":"log","timestamp":1769047761354,"level":"debug","message":"Skipping storing report.","meta":{"rootId":"sx3xl3txtj8hgp4","id":"sx3xl3txtj8hgp4"},"id":"zhjdod9us94ivuf","previousOperationId":"uhsvjinxn1ctkx7"}
{"type":"log","timestamp":1769047761354,"level":"info","message":"Rendering request 55 finished in 857 ms","meta":{"rootId":"sx3xl3txtj8hgp4","id":"sx3xl3txtj8hgp4"},"id":"wy56mmxtdqbici9","previousOperationId":"uhsvjinxn1ctkx7"}
{"type":"operationEnd","subtype":"render","operationId":"fus28ymxxnsw1gs","timestamp":1769047761354,"id":"52z7j8jbfj0n15o","previousEventId":"w41nk1f45yxkte1","previousOperationId":"uhsvjinxn1ctkx7"}
{"type":"operationEnd","doDiffs":false,"previousEventId":"o1zbu03vzr7q2e0","previousOperationId":"8e6fzbji56pglaj","operationId":"8e6fzbji56pglaj","timestamp":1769047761355,"id":"q5y764sr7i0p981"}
