{"type":"operationStart","subtype":"profile","data":{"_id":"UgcGiNtYkTYaG13w","timestamp":"2026-01-22T03:43:34.859Z","state":"queued","mode":"standard","creationDate":"2026-01-22T03:43:34.860Z","modificationDate":"2026-01-22T03:43:34.860Z","shortid":"YE4zY_x","$entitySet":"profiles"},"doDiffs":false,"timestamp":1769053414859,"id":"i7j3i5udjts6hrf","previousOperationId":null,"operationId":"p09k9qfmd1ejjrg"}
{"type":"log","level":"info","message":"Render request 97 queued for execution and waiting for available worker","previousOperationId":"p09k9qfmd1ejjrg","timestamp":1769053414859,"id":"zokjrkwxzdyf1d1"}
{"type":"operationStart","subtype":"render","name":"journal-entry-v1","previousOperationId":"p09k9qfmd1ejjrg","timestamp":1769053414929,"id":"zj4572v0var79pp","previousEventId":"i7j3i5udjts6hrf","operationId":"bv5ftm4bb09n0wf"}
{"type":"log","timestamp":1769053414934,"level":"info","message":"Starting rendering request 97","meta":{"rootId":"toy07ya7hb3e4al","id":"toy07ya7hb3e4al"},"id":"sduaby3kpwga3xh","previousOperationId":"bv5ftm4bb09n0wf"}
{"type":"log","timestamp":1769053414941,"level":"info","message":"Rendering template { name: journal-entry-v1, recipe: chrome-pdf, engine: handlebars, preview: false }","meta":{"rootId":"toy07ya7hb3e4al","id":"toy07ya7hb3e4al"},"id":"fzytreynbz3st5h","previousOperationId":"bv5ftm4bb09n0wf"}
{"type":"log","timestamp":1769053414946,"level":"debug","message":"Inline data specified.","meta":{"rootId":"toy07ya7hb3e4al","id":"toy07ya7hb3e4al"},"id":"5j1ws6531xghrvl","previousOperationId":"bv5ftm4bb09n0wf"}
{"type":"log","timestamp":1769053414952,"level":"debug","message":"Base url not specified, skipping its injection.","meta":{"rootId":"toy07ya7hb3e4al","id":"toy07ya7hb3e4al"},"id":"wbu29i9n74rul24","previousOperationId":"bv5ftm4bb09n0wf"}
{"type":"operationStart","subtype":"engine","name":"handlebars","timestamp":1769053414959,"id":"4r7lrqb53rj7kqy","previousEventId":"zj4572v0var79pp","operationId":"zcc3bjgm14mer6y","previousOperationId":"bv5ftm4bb09n0wf"}
{"type":"log","timestamp":1769053414959,"level":"debug","message":"Rendering engine handlebars","meta":{"rootId":"toy07ya7hb3e4al","id":"toy07ya7hb3e4al"},"id":"j4lu7x5i98ff4vb","previousOperationId":"zcc3bjgm14mer6y"}
{"type":"operationEnd","operationId":"zcc3bjgm14mer6y","timestamp":1769053415078,"id":"5do2oeufh72bcdp","previousEventId":"4r7lrqb53rj7kqy","previousOperationId":"zcc3bjgm14mer6y"}
{"type":"operationStart","subtype":"recipe","name":"chrome-pdf","timestamp":1769053415082,"id":"lx0jb4evr86eyvg","previousEventId":"5do2oeufh72bcdp","operationId":"9z10wfpepub2kbb","previousOperationId":"zcc3bjgm14mer6y"}
{"type":"log","timestamp":1769053415082,"level":"debug","message":"Executing recipe chrome-pdf","meta":{"rootId":"toy07ya7hb3e4al","id":"toy07ya7hb3e4al"},"id":"s5y67c90p4nfngo","previousOperationId":"9z10wfpepub2kbb"}
{"type":"log","timestamp":1769053415119,"level":"debug","message":"Converting with chrome Chrome/142.0.7444.175 using chrome-pool strategy","meta":{"rootId":"toy07ya7hb3e4al","id":"toy07ya7hb3e4al"},"id":"p3m69h1c2uyenvk","previousOperationId":"9z10wfpepub2kbb"}
{"type":"log","timestamp":1769053415320,"level":"debug","message":"Page request: GET (document) file:///tmp/jsreport/autocleanup/c0b9522a-13c4-44e0-856d-64a1c71f0c55-chrome-pdf.html","meta":{"rootId":"toy07ya7hb3e4al","id":"toy07ya7hb3e4al"},"id":"tjvs3gakbdbf3xo","previousOperationId":"9z10wfpepub2kbb"}
{"type":"log","timestamp":1769053415340,"level":"debug","message":"Page request finished: GET (document) 200 file:///tmp/jsreport/autocleanup/c0b9522a-13c4-44e0-856d-64a1c71f0c55-chrome-pdf.html","meta":{"rootId":"toy07ya7hb3e4al","id":"toy07ya7hb3e4al"},"id":"gv21yfntfr2ie1a","previousOperationId":"9z10wfpepub2kbb"}
{"type":"log","timestamp":1769053415342,"level":"debug","message":"Page request: GET (image) https://paciolibucket.s3.us-east-2.amazonaws.com/orgs/c64b69f6759a43a1bc0ae31961876751/companies/logos/e9767ff4-7186-447f-a397-208ea6bbfdb8_ninosfelices.png?X-Amz-Expires=600&X-Amz-Algorithm=AWS4-HMAC-SHA256&X-Amz-Credential=AKIAVYV5Z6T6UQ4ARWOC%2F20260122%2Fus-east-2%2Fs3%2Faws4_request&X-Amz-Date=20260122T034334Z&X-Amz-SignedHeaders=host&X-Amz-Signature=3a5e8764913372dfdbf52bce815b3d4dbc0226983556207c478a0a2a14e0882d","meta":{"rootId":"toy07ya7hb3e4al","id":"toy07ya7hb3e4al"},"id":"q2op0kghf94jg1o","previousOperationId":"9z10wfpepub2kbb"}
{"type":"log","timestamp":1769053415834,"level":"debug","message":"Page request finished: GET (image) 200 https://paciolibucket.s3.us-east-2.amazonaws.com/orgs/c64b69f6759a43a1bc0ae31961876751/companies/logos/e9767ff4-7186-447f-a397-208ea6bbfdb8_ninosfelices.png?X-Amz-Expires=600&X-Amz-Algorithm=AWS4-HMAC-SHA256&X-Amz-Credential=AKIAVYV5Z6T6UQ4ARWOC%2F20260122%2Fus-east-2%2Fs3%2Faws4_request&X-Amz-Date=20260122T034334Z&X-Amz-SignedHeaders=host&X-Amz-Signature=3a5e8764913372dfdbf52bce815b3d4dbc0226983556207c478a0a2a14e0882d","meta":{"rootId":"toy07ya7hb3e4al","id":"toy07ya7hb3e4al"},"id":"jqbzmjppj3547z6","previousOperationId":"9z10wfpepub2kbb"}
{"type":"log","timestamp":1769053415837,"level":"debug","message":"Running chrome with params {\"printBackground\":true,\"timeout\":59765,\"margin\":{}}","meta":{"rootId":"toy07ya7hb3e4al","id":"toy07ya7hb3e4al"},"id":"o6j6m9v4036hgs9","previousOperationId":"9z10wfpepub2kbb"}
{"type":"operationEnd","operationId":"9z10wfpepub2kbb","timestamp":1769053415932,"id":"fx9e273v7vibihb","previousEventId":"lx0jb4evr86eyvg","previousOperationId":"9z10wfpepub2kbb"}
{"type":"log","timestamp":1769053415933,"level":"debug","message":"Skipping storing report.","meta":{"rootId":"toy07ya7hb3e4al","id":"toy07ya7hb3e4al"},"id":"p00v069d89ntc8b","previousOperationId":"9z10wfpepub2kbb"}
{"type":"log","timestamp":1769053415933,"level":"info","message":"Rendering request 97 finished in 1075 ms","meta":{"rootId":"toy07ya7hb3e4al","id":"toy07ya7hb3e4al"},"id":"ykburkesxd4t4ei","previousOperationId":"9z10wfpepub2kbb"}
{"type":"operationEnd","subtype":"render","operationId":"bv5ftm4bb09n0wf","timestamp":1769053415933,"id":"iv90ks6mra475hb","previousEventId":"fx9e273v7vibihb","previousOperationId":"9z10wfpepub2kbb"}
{"type":"operationEnd","doDiffs":false,"previousEventId":"i7j3i5udjts6hrf","previousOperationId":"p09k9qfmd1ejjrg","operationId":"p09k9qfmd1ejjrg","timestamp":1769053415935,"id":"j5jf8ybmhhzg9sx"}
