{"type":"operationStart","subtype":"profile","data":{"_id":"e6JzoScjzGqzj9f2","timestamp":"2026-02-16T18:13:43.969Z","state":"queued","mode":"standard","creationDate":"2026-02-16T18:13:43.970Z","modificationDate":"2026-02-16T18:13:43.970Z","shortid":"JCxZyZs","$entitySet":"profiles"},"doDiffs":false,"timestamp":1771265623969,"id":"scml1hoserqg3mf","previousOperationId":null,"operationId":"9np3asl46by4nwp"}
{"type":"log","level":"info","message":"Render request 3 queued for execution and waiting for available worker","previousOperationId":"9np3asl46by4nwp","timestamp":1771265623969,"id":"srx6ybw12a6mhjr"}
{"type":"operationStart","subtype":"render","name":"journal-entry-v1","previousOperationId":"9np3asl46by4nwp","timestamp":1771265624022,"id":"48rcnyi04k6s84c","previousEventId":"scml1hoserqg3mf","operationId":"6ihaq7dp7i0mmtk"}
{"type":"log","timestamp":1771265624022,"level":"info","message":"Starting rendering request 3","meta":{"rootId":"trmovcpsn3ojwzv","id":"trmovcpsn3ojwzv"},"id":"ao88fflr37x8d7z","previousOperationId":"6ihaq7dp7i0mmtk"}
{"type":"log","timestamp":1771265624023,"level":"info","message":"Rendering template { name: journal-entry-v1, recipe: chrome-pdf, engine: handlebars, preview: false }","meta":{"rootId":"trmovcpsn3ojwzv","id":"trmovcpsn3ojwzv"},"id":"a2hy9sluyaftmpy","previousOperationId":"6ihaq7dp7i0mmtk"}
{"type":"log","timestamp":1771265624025,"level":"debug","message":"Inline data specified.","meta":{"rootId":"trmovcpsn3ojwzv","id":"trmovcpsn3ojwzv"},"id":"9lqscfwcq8oos72","previousOperationId":"6ihaq7dp7i0mmtk"}
{"type":"log","timestamp":1771265624028,"level":"debug","message":"Base url not specified, skipping its injection.","meta":{"rootId":"trmovcpsn3ojwzv","id":"trmovcpsn3ojwzv"},"id":"k8gcegimj0ef9bj","previousOperationId":"6ihaq7dp7i0mmtk"}
{"type":"operationStart","subtype":"engine","name":"handlebars","timestamp":1771265624029,"id":"w4uygm0fm97mex1","previousEventId":"48rcnyi04k6s84c","operationId":"u7bf9mrjpww0ncb","previousOperationId":"6ihaq7dp7i0mmtk"}
{"type":"log","timestamp":1771265624029,"level":"debug","message":"Rendering engine handlebars","meta":{"rootId":"trmovcpsn3ojwzv","id":"trmovcpsn3ojwzv"},"id":"ockjn38cvqhtg8u","previousOperationId":"u7bf9mrjpww0ncb"}
{"type":"operationEnd","operationId":"u7bf9mrjpww0ncb","timestamp":1771265624040,"id":"cfcmorjenxqgfiv","previousEventId":"w4uygm0fm97mex1","previousOperationId":"u7bf9mrjpww0ncb"}
{"type":"operationStart","subtype":"recipe","name":"chrome-pdf","timestamp":1771265624040,"id":"0yfdvstefaszvh9","previousEventId":"cfcmorjenxqgfiv","operationId":"q9j88jw8nnfwftj","previousOperationId":"u7bf9mrjpww0ncb"}
{"type":"log","timestamp":1771265624040,"level":"debug","message":"Executing recipe chrome-pdf","meta":{"rootId":"trmovcpsn3ojwzv","id":"trmovcpsn3ojwzv"},"id":"7o8amynljainjsp","previousOperationId":"q9j88jw8nnfwftj"}
{"type":"log","timestamp":1771265624043,"level":"debug","message":"Converting with chrome Chrome/142.0.7444.175 using chrome-pool strategy","meta":{"rootId":"trmovcpsn3ojwzv","id":"trmovcpsn3ojwzv"},"id":"hm39kj14qgmd0vm","previousOperationId":"q9j88jw8nnfwftj"}
{"type":"log","timestamp":1771265624072,"level":"debug","message":"Page request: GET (document) file:///tmp/jsreport/autocleanup/5cb37eda-e53a-48f3-a6ff-7d97e7c91585-chrome-pdf.html","meta":{"rootId":"trmovcpsn3ojwzv","id":"trmovcpsn3ojwzv"},"id":"p4wmdda1htpvvxz","previousOperationId":"q9j88jw8nnfwftj"}
{"type":"log","timestamp":1771265624080,"level":"debug","message":"Page request finished: GET (document) 200 file:///tmp/jsreport/autocleanup/5cb37eda-e53a-48f3-a6ff-7d97e7c91585-chrome-pdf.html","meta":{"rootId":"trmovcpsn3ojwzv","id":"trmovcpsn3ojwzv"},"id":"1bnfyehmyi2s8gw","previousOperationId":"q9j88jw8nnfwftj"}
{"type":"log","timestamp":1771265624084,"level":"debug","message":"Page request: GET (image) https://paciolibucket.s3.us-east-2.amazonaws.com/orgs/c64b69f6759a43a1bc0ae31961876751/companies/logos/e9767ff4-7186-447f-a397-208ea6bbfdb8_ninosfelices.png?X-Amz-Expires=600&X-Amz-Algorithm=AWS4-HMAC-SHA256&X-Amz-Credential=AKIAVYV5Z6T6UQ4ARWOC%2F20260216%2Fus-east-2%2Fs3%2Faws4_request&X-Amz-Date=20260216T181343Z&X-Amz-SignedHeaders=host&X-Amz-Signature=243d906c1226e4a757f91e5a88b162bb510470fc2a33105eac95ce15e596af52","meta":{"rootId":"trmovcpsn3ojwzv","id":"trmovcpsn3ojwzv"},"id":"a618dyx2o3vxrye","previousOperationId":"q9j88jw8nnfwftj"}
{"type":"log","timestamp":1771265624207,"level":"debug","message":"Page request finished: GET (image) 200 https://paciolibucket.s3.us-east-2.amazonaws.com/orgs/c64b69f6759a43a1bc0ae31961876751/companies/logos/e9767ff4-7186-447f-a397-208ea6bbfdb8_ninosfelices.png?X-Amz-Expires=600&X-Amz-Algorithm=AWS4-HMAC-SHA256&X-Amz-Credential=AKIAVYV5Z6T6UQ4ARWOC%2F20260216%2Fus-east-2%2Fs3%2Faws4_request&X-Amz-Date=20260216T181343Z&X-Amz-SignedHeaders=host&X-Amz-Signature=243d906c1226e4a757f91e5a88b162bb510470fc2a33105eac95ce15e596af52","meta":{"rootId":"trmovcpsn3ojwzv","id":"trmovcpsn3ojwzv"},"id":"8kytl9hmcfpmure","previousOperationId":"q9j88jw8nnfwftj"}
{"type":"log","timestamp":1771265624209,"level":"debug","message":"Running chrome with params {\"printBackground\":true,\"timeout\":59928,\"margin\":{}}","meta":{"rootId":"trmovcpsn3ojwzv","id":"trmovcpsn3ojwzv"},"id":"cwviici051bdlxt","previousOperationId":"q9j88jw8nnfwftj"}
{"type":"operationEnd","operationId":"q9j88jw8nnfwftj","timestamp":1771265624250,"id":"dehw0wm0qv5s9in","previousEventId":"0yfdvstefaszvh9","previousOperationId":"q9j88jw8nnfwftj"}
{"type":"log","timestamp":1771265624250,"level":"debug","message":"Skipping storing report.","meta":{"rootId":"trmovcpsn3ojwzv","id":"trmovcpsn3ojwzv"},"id":"v3qo9a9o08xbhu8","previousOperationId":"q9j88jw8nnfwftj"}
{"type":"log","timestamp":1771265624250,"level":"info","message":"Rendering request 3 finished in 281 ms","meta":{"rootId":"trmovcpsn3ojwzv","id":"trmovcpsn3ojwzv"},"id":"yerge0cxur0dyno","previousOperationId":"q9j88jw8nnfwftj"}
{"type":"operationEnd","subtype":"render","operationId":"6ihaq7dp7i0mmtk","timestamp":1771265624250,"id":"wmy59w2n9w1tzxs","previousEventId":"dehw0wm0qv5s9in","previousOperationId":"q9j88jw8nnfwftj"}
{"type":"operationEnd","doDiffs":false,"previousEventId":"scml1hoserqg3mf","previousOperationId":"9np3asl46by4nwp","operationId":"9np3asl46by4nwp","timestamp":1771265624252,"id":"82iy0nxazzr2hga"}
