{"type":"operationStart","subtype":"profile","data":{"_id":"Nd8zHm5JEO6yyFgu","timestamp":"2026-01-22T02:48:48.161Z","state":"queued","mode":"standard","creationDate":"2026-01-22T02:48:48.184Z","modificationDate":"2026-01-22T02:48:48.184Z","shortid":"fNkSrUB","$entitySet":"profiles"},"doDiffs":false,"timestamp":1769050128170,"id":"vvs3fcz1ue3ghqz","previousOperationId":null,"operationId":"m0q2yw7zjfdoswc"}
{"type":"log","level":"info","message":"Render request 67 queued for execution and waiting for available worker","previousOperationId":"m0q2yw7zjfdoswc","timestamp":1769050128170,"id":"p1e2j6teg9dd9sk"}
{"type":"operationStart","subtype":"render","name":"journal-entry-v1","previousOperationId":"m0q2yw7zjfdoswc","timestamp":1769050128264,"id":"yokzudy1rpoyru1","previousEventId":"vvs3fcz1ue3ghqz","operationId":"m8vxni4psq8775t"}
{"type":"log","timestamp":1769050128268,"level":"info","message":"Starting rendering request 67","meta":{"rootId":"u81skooo4uwatp6","id":"u81skooo4uwatp6"},"id":"h2pw9w6piflpoix","previousOperationId":"m8vxni4psq8775t"}
{"type":"log","timestamp":1769050128272,"level":"info","message":"Rendering template { name: journal-entry-v1, recipe: chrome-pdf, engine: handlebars, preview: false }","meta":{"rootId":"u81skooo4uwatp6","id":"u81skooo4uwatp6"},"id":"zp6639jvytbaoed","previousOperationId":"m8vxni4psq8775t"}
{"type":"log","timestamp":1769050128281,"level":"debug","message":"Inline data specified.","meta":{"rootId":"u81skooo4uwatp6","id":"u81skooo4uwatp6"},"id":"gs8hbc51j2xy5cx","previousOperationId":"m8vxni4psq8775t"}
{"type":"log","timestamp":1769050128290,"level":"debug","message":"Base url not specified, skipping its injection.","meta":{"rootId":"u81skooo4uwatp6","id":"u81skooo4uwatp6"},"id":"zkkd0btncktdilf","previousOperationId":"m8vxni4psq8775t"}
{"type":"operationStart","subtype":"engine","name":"handlebars","timestamp":1769050128297,"id":"ob017qgrti3zl6r","previousEventId":"yokzudy1rpoyru1","operationId":"lpbvf4uq1izqnhf","previousOperationId":"m8vxni4psq8775t"}
{"type":"log","timestamp":1769050128297,"level":"debug","message":"Rendering engine handlebars","meta":{"rootId":"u81skooo4uwatp6","id":"u81skooo4uwatp6"},"id":"33yv3wkjubyksfj","previousOperationId":"lpbvf4uq1izqnhf"}
{"type":"operationEnd","operationId":"lpbvf4uq1izqnhf","timestamp":1769050128412,"id":"u7wpy7qvwszqwo2","previousEventId":"ob017qgrti3zl6r","previousOperationId":"lpbvf4uq1izqnhf"}
{"type":"operationStart","subtype":"recipe","name":"chrome-pdf","timestamp":1769050128415,"id":"xk1gxti29dkxvak","previousEventId":"u7wpy7qvwszqwo2","operationId":"m4un6f63umeo2xo","previousOperationId":"lpbvf4uq1izqnhf"}
{"type":"log","timestamp":1769050128415,"level":"debug","message":"Executing recipe chrome-pdf","meta":{"rootId":"u81skooo4uwatp6","id":"u81skooo4uwatp6"},"id":"h2lbdggbscjlb1e","previousOperationId":"m4un6f63umeo2xo"}
{"type":"log","timestamp":1769050128451,"level":"debug","message":"Converting with chrome Chrome/142.0.7444.175 using chrome-pool strategy","meta":{"rootId":"u81skooo4uwatp6","id":"u81skooo4uwatp6"},"id":"3vhc66zix44536b","previousOperationId":"m4un6f63umeo2xo"}
{"type":"log","timestamp":1769050128847,"level":"debug","message":"Page request: GET (document) file:///tmp/jsreport/autocleanup/444f3db4-2c6e-4931-b479-488829a9fd06-chrome-pdf.html","meta":{"rootId":"u81skooo4uwatp6","id":"u81skooo4uwatp6"},"id":"cfeq8wx5bwf2zd3","previousOperationId":"m4un6f63umeo2xo"}
{"type":"log","timestamp":1769050128882,"level":"debug","message":"Page request finished: GET (document) 200 file:///tmp/jsreport/autocleanup/444f3db4-2c6e-4931-b479-488829a9fd06-chrome-pdf.html","meta":{"rootId":"u81skooo4uwatp6","id":"u81skooo4uwatp6"},"id":"zeeide5akqx3xgs","previousOperationId":"m4un6f63umeo2xo"}
{"type":"log","timestamp":1769050128948,"level":"debug","message":"Running chrome with params {\"printBackground\":true,\"timeout\":59720,\"margin\":{}}","meta":{"rootId":"u81skooo4uwatp6","id":"u81skooo4uwatp6"},"id":"l9btfvjn2ojvmzl","previousOperationId":"m4un6f63umeo2xo"}
{"type":"operationEnd","operationId":"m4un6f63umeo2xo","timestamp":1769050129106,"id":"ct6u7did9egv2a1","previousEventId":"xk1gxti29dkxvak","previousOperationId":"m4un6f63umeo2xo"}
{"type":"log","timestamp":1769050129106,"level":"debug","message":"Skipping storing report.","meta":{"rootId":"u81skooo4uwatp6","id":"u81skooo4uwatp6"},"id":"7wuswn0k2y7gkxk","previousOperationId":"m4un6f63umeo2xo"}
{"type":"log","timestamp":1769050129106,"level":"info","message":"Rendering request 67 finished in 960 ms","meta":{"rootId":"u81skooo4uwatp6","id":"u81skooo4uwatp6"},"id":"pc0ncvzt8u9wyk6","previousOperationId":"m4un6f63umeo2xo"}
{"type":"operationEnd","subtype":"render","operationId":"m8vxni4psq8775t","timestamp":1769050129106,"id":"t2phzommri5njnu","previousEventId":"ct6u7did9egv2a1","previousOperationId":"m4un6f63umeo2xo"}
{"type":"operationEnd","doDiffs":false,"previousEventId":"vvs3fcz1ue3ghqz","previousOperationId":"m0q2yw7zjfdoswc","operationId":"m0q2yw7zjfdoswc","timestamp":1769050129109,"id":"2uektejqgr3j823"}
