{"type":"operationStart","subtype":"profile","data":{"_id":"GsAv4FaVDFyRE4Aj","timestamp":"2026-01-22T03:04:21.897Z","state":"queued","mode":"standard","creationDate":"2026-01-22T03:04:21.902Z","modificationDate":"2026-01-22T03:04:21.902Z","shortid":"1TIEkj_","$entitySet":"profiles"},"doDiffs":false,"timestamp":1769051061899,"id":"va6wc2xen2wu3g2","previousOperationId":null,"operationId":"jllqh8n9n7npbpm"}
{"type":"log","level":"info","message":"Render request 76 queued for execution and waiting for available worker","previousOperationId":"jllqh8n9n7npbpm","timestamp":1769051061901,"id":"4fdxb19meozz7kb"}
{"type":"operationStart","subtype":"render","name":"journal-entry-v1","previousOperationId":"jllqh8n9n7npbpm","timestamp":1769051061990,"id":"99aomapoq1d54ue","previousEventId":"va6wc2xen2wu3g2","operationId":"6fgebyxpios0340"}
{"type":"log","timestamp":1769051061995,"level":"info","message":"Starting rendering request 76","meta":{"rootId":"u8x14lr8h1s40ep","id":"u8x14lr8h1s40ep"},"id":"e3gfn4zqfl1woay","previousOperationId":"6fgebyxpios0340"}
{"type":"log","timestamp":1769051062000,"level":"info","message":"Rendering template { name: journal-entry-v1, recipe: chrome-pdf, engine: handlebars, preview: true }","meta":{"rootId":"u8x14lr8h1s40ep","id":"u8x14lr8h1s40ep"},"id":"66tmqxai8bbfshr","previousOperationId":"6fgebyxpios0340"}
{"type":"log","timestamp":1769051062007,"level":"debug","message":"Inline data specified.","meta":{"rootId":"u8x14lr8h1s40ep","id":"u8x14lr8h1s40ep"},"id":"z66lxcs3sp8g2ma","previousOperationId":"6fgebyxpios0340"}
{"type":"log","timestamp":1769051062019,"level":"debug","message":"Base url not specified, skipping its injection.","meta":{"rootId":"u8x14lr8h1s40ep","id":"u8x14lr8h1s40ep"},"id":"fmz6y5nr3ztruq2","previousOperationId":"6fgebyxpios0340"}
{"type":"operationStart","subtype":"engine","name":"handlebars","timestamp":1769051062031,"id":"s10sylaas2lxx5l","previousEventId":"99aomapoq1d54ue","operationId":"g8ogx909za853nv","previousOperationId":"6fgebyxpios0340"}
{"type":"log","timestamp":1769051062031,"level":"debug","message":"Rendering engine handlebars","meta":{"rootId":"u8x14lr8h1s40ep","id":"u8x14lr8h1s40ep"},"id":"3ag2zxxm3hm76ho","previousOperationId":"g8ogx909za853nv"}
{"type":"operationEnd","operationId":"g8ogx909za853nv","timestamp":1769051062134,"id":"h7zb49i1wmkxj0s","previousEventId":"s10sylaas2lxx5l","previousOperationId":"g8ogx909za853nv"}
{"type":"operationStart","subtype":"recipe","name":"chrome-pdf","timestamp":1769051062140,"id":"6xmbexzaetpjy0w","previousEventId":"h7zb49i1wmkxj0s","operationId":"8xqse5fgvn9a7zp","previousOperationId":"g8ogx909za853nv"}
{"type":"log","timestamp":1769051062140,"level":"debug","message":"Executing recipe chrome-pdf","meta":{"rootId":"u8x14lr8h1s40ep","id":"u8x14lr8h1s40ep"},"id":"4brfjkclyslrft6","previousOperationId":"8xqse5fgvn9a7zp"}
{"type":"log","timestamp":1769051062173,"level":"debug","message":"Converting with chrome Chrome/142.0.7444.175 using chrome-pool strategy","meta":{"rootId":"u8x14lr8h1s40ep","id":"u8x14lr8h1s40ep"},"id":"j5gj5wugvepmpo6","previousOperationId":"8xqse5fgvn9a7zp"}
{"type":"log","timestamp":1769051062355,"level":"debug","message":"Page request: GET (document) file:///tmp/jsreport/autocleanup/3f9db072-ca8f-4931-a172-da4247938700-chrome-pdf.html","meta":{"rootId":"u8x14lr8h1s40ep","id":"u8x14lr8h1s40ep"},"id":"o19v6d58jkyyh0v","previousOperationId":"8xqse5fgvn9a7zp"}
{"type":"log","timestamp":1769051062382,"level":"debug","message":"Page request finished: GET (document) 200 file:///tmp/jsreport/autocleanup/3f9db072-ca8f-4931-a172-da4247938700-chrome-pdf.html","meta":{"rootId":"u8x14lr8h1s40ep","id":"u8x14lr8h1s40ep"},"id":"ep0zhwayl4zzkv0","previousOperationId":"8xqse5fgvn9a7zp"}
{"type":"log","timestamp":1769051062389,"level":"debug","message":"Page request: GET (image) https://paciolibucket.s3.us-east-2.amazonaws.com/orgs/c64b69f6759a43a1bc0ae31961876751/companies/logos/e9767ff4-7186-447f-a397-208ea6bbfdb8_ninosfelices.png?X-Amz-Expires=600&X-Amz-Algorithm=AWS4-HMAC-SHA256&X-Amz-Credential=AKIAVYV5Z6T6UQ4ARWOC%2F20260122%2Fus-east-2%2Fs3%2Faws4_request&X-Amz-Date=20260122T030318Z&X-Amz-SignedHeaders=host&X-Amz-Signature=4851f1e7a803d5d23fccdb8bc0bf68881b7747266f0c871a333036053ff7d0f6","meta":{"rootId":"u8x14lr8h1s40ep","id":"u8x14lr8h1s40ep"},"id":"z4hvyaq79ur0gf8","previousOperationId":"8xqse5fgvn9a7zp"}
{"type":"log","timestamp":1769051063068,"level":"debug","message":"Page request finished: GET (image) 200 https://paciolibucket.s3.us-east-2.amazonaws.com/orgs/c64b69f6759a43a1bc0ae31961876751/companies/logos/e9767ff4-7186-447f-a397-208ea6bbfdb8_ninosfelices.png?X-Amz-Expires=600&X-Amz-Algorithm=AWS4-HMAC-SHA256&X-Amz-Credential=AKIAVYV5Z6T6UQ4ARWOC%2F20260122%2Fus-east-2%2Fs3%2Faws4_request&X-Amz-Date=20260122T030318Z&X-Amz-SignedHeaders=host&X-Amz-Signature=4851f1e7a803d5d23fccdb8bc0bf68881b7747266f0c871a333036053ff7d0f6","meta":{"rootId":"u8x14lr8h1s40ep","id":"u8x14lr8h1s40ep"},"id":"wr11vvgpfum7iqp","previousOperationId":"8xqse5fgvn9a7zp"}
{"type":"log","timestamp":1769051063072,"level":"debug","message":"Running chrome with params {\"printBackground\":true,\"timeout\":59746,\"margin\":{}}","meta":{"rootId":"u8x14lr8h1s40ep","id":"u8x14lr8h1s40ep"},"id":"yq0mfy312k7srni","previousOperationId":"8xqse5fgvn9a7zp"}
{"type":"operationEnd","operationId":"8xqse5fgvn9a7zp","timestamp":1769051063166,"id":"wie5enwrtpnxj4i","previousEventId":"6xmbexzaetpjy0w","previousOperationId":"8xqse5fgvn9a7zp"}
{"type":"log","timestamp":1769051063167,"level":"debug","message":"Skipping storing report.","meta":{"rootId":"u8x14lr8h1s40ep","id":"u8x14lr8h1s40ep"},"id":"9wqjafp7178ub3r","previousOperationId":"8xqse5fgvn9a7zp"}
{"type":"log","timestamp":1769051063168,"level":"info","message":"Rendering request 76 finished in 1272 ms","meta":{"rootId":"u8x14lr8h1s40ep","id":"u8x14lr8h1s40ep"},"id":"ae76g6y3z1ukrk4","previousOperationId":"8xqse5fgvn9a7zp"}
{"type":"operationEnd","subtype":"render","operationId":"6fgebyxpios0340","timestamp":1769051063168,"id":"olk1xh18atz1hmh","previousEventId":"wie5enwrtpnxj4i","previousOperationId":"8xqse5fgvn9a7zp"}
{"type":"operationEnd","doDiffs":false,"previousEventId":"va6wc2xen2wu3g2","previousOperationId":"jllqh8n9n7npbpm","operationId":"jllqh8n9n7npbpm","timestamp":1769051063169,"id":"uwwfz1us64nd4ng"}
