{"type":"operationStart","subtype":"profile","data":{"_id":"RphAj4vfgD9FqlyQ","timestamp":"2026-01-22T02:08:03.139Z","state":"queued","mode":"standard","creationDate":"2026-01-22T02:08:03.186Z","modificationDate":"2026-01-22T02:08:03.187Z","shortid":"BH6QeTl","$entitySet":"profiles"},"doDiffs":false,"timestamp":1769047683166,"id":"1zyynpntofvcu63","previousOperationId":null,"operationId":"knldn9ln9slqquu"}
{"type":"log","level":"info","message":"Render request 53 queued for execution and waiting for available worker","previousOperationId":"knldn9ln9slqquu","timestamp":1769047683168,"id":"utxotfpa6q9xfzp"}
{"type":"operationStart","subtype":"render","name":"journal-entry-v1","previousOperationId":"knldn9ln9slqquu","timestamp":1769047683333,"id":"rwg1jzdnyjfd342","previousEventId":"1zyynpntofvcu63","operationId":"gjfhvf6tv0x18m1"}
{"type":"log","timestamp":1769047683341,"level":"info","message":"Starting rendering request 53","meta":{"rootId":"uapahahapm9h8se","id":"uapahahapm9h8se"},"id":"9tvvkh8wgssap55","previousOperationId":"gjfhvf6tv0x18m1"}
{"type":"log","timestamp":1769047683348,"level":"info","message":"Rendering template { name: journal-entry-v1, recipe: chrome-pdf, engine: handlebars, preview: false }","meta":{"rootId":"uapahahapm9h8se","id":"uapahahapm9h8se"},"id":"xow33huf1flk1hk","previousOperationId":"gjfhvf6tv0x18m1"}
{"type":"log","timestamp":1769047683358,"level":"debug","message":"Inline data specified.","meta":{"rootId":"uapahahapm9h8se","id":"uapahahapm9h8se"},"id":"pan2xitzliim6m0","previousOperationId":"gjfhvf6tv0x18m1"}
{"type":"log","timestamp":1769047683363,"level":"debug","message":"Base url not specified, skipping its injection.","meta":{"rootId":"uapahahapm9h8se","id":"uapahahapm9h8se"},"id":"2zn9fyjhs3l991q","previousOperationId":"gjfhvf6tv0x18m1"}
{"type":"operationStart","subtype":"engine","name":"handlebars","timestamp":1769047683375,"id":"ycxbn2x1jcepcj9","previousEventId":"rwg1jzdnyjfd342","operationId":"u0xzqe72vbawk5q","previousOperationId":"gjfhvf6tv0x18m1"}
{"type":"log","timestamp":1769047683376,"level":"debug","message":"Rendering engine handlebars","meta":{"rootId":"uapahahapm9h8se","id":"uapahahapm9h8se"},"id":"vvv7yafgpy9rigz","previousOperationId":"u0xzqe72vbawk5q"}
{"type":"operationEnd","operationId":"u0xzqe72vbawk5q","timestamp":1769047683491,"id":"ck9h0yzifhzcp6j","previousEventId":"ycxbn2x1jcepcj9","previousOperationId":"u0xzqe72vbawk5q"}
{"type":"operationStart","subtype":"recipe","name":"chrome-pdf","timestamp":1769047683494,"id":"97ipuntcyh76ddy","previousEventId":"ck9h0yzifhzcp6j","operationId":"o1d4kkybjslnq1y","previousOperationId":"u0xzqe72vbawk5q"}
{"type":"log","timestamp":1769047683494,"level":"debug","message":"Executing recipe chrome-pdf","meta":{"rootId":"uapahahapm9h8se","id":"uapahahapm9h8se"},"id":"yxaqymshci4c0cf","previousOperationId":"o1d4kkybjslnq1y"}
{"type":"log","timestamp":1769047683539,"level":"debug","message":"Converting with chrome Chrome/142.0.7444.175 using chrome-pool strategy","meta":{"rootId":"uapahahapm9h8se","id":"uapahahapm9h8se"},"id":"c22qhyhyr8uhemc","previousOperationId":"o1d4kkybjslnq1y"}
{"type":"log","timestamp":1769047683943,"level":"debug","message":"Page request: GET (document) file:///tmp/jsreport/autocleanup/b35ea78f-9d8f-4dd1-bb61-b4e7182d156d-chrome-pdf.html","meta":{"rootId":"uapahahapm9h8se","id":"uapahahapm9h8se"},"id":"sr919rksb8zwvyr","previousOperationId":"o1d4kkybjslnq1y"}
{"type":"log","timestamp":1769047683977,"level":"debug","message":"Page request finished: GET (document) 200 file:///tmp/jsreport/autocleanup/b35ea78f-9d8f-4dd1-bb61-b4e7182d156d-chrome-pdf.html","meta":{"rootId":"uapahahapm9h8se","id":"uapahahapm9h8se"},"id":"bbkt50ruysv8u1a","previousOperationId":"o1d4kkybjslnq1y"}
{"type":"log","timestamp":1769047684031,"level":"debug","message":"Running chrome with params {\"printBackground\":true,\"timeout\":59617,\"margin\":{}}","meta":{"rootId":"uapahahapm9h8se","id":"uapahahapm9h8se"},"id":"eavr02biim1e28c","previousOperationId":"o1d4kkybjslnq1y"}
{"type":"operationEnd","operationId":"o1d4kkybjslnq1y","timestamp":1769047684144,"id":"h7k6o0yu74id5oy","previousEventId":"97ipuntcyh76ddy","previousOperationId":"o1d4kkybjslnq1y"}
{"type":"log","timestamp":1769047684145,"level":"debug","message":"Skipping storing report.","meta":{"rootId":"uapahahapm9h8se","id":"uapahahapm9h8se"},"id":"jrolczec6ijcc3v","previousOperationId":"o1d4kkybjslnq1y"}
{"type":"log","timestamp":1769047684145,"level":"info","message":"Rendering request 53 finished in 1021 ms","meta":{"rootId":"uapahahapm9h8se","id":"uapahahapm9h8se"},"id":"gglc6tw17yrhcfj","previousOperationId":"o1d4kkybjslnq1y"}
{"type":"operationEnd","subtype":"render","operationId":"gjfhvf6tv0x18m1","timestamp":1769047684145,"id":"jhzhym6r3hlca7f","previousEventId":"h7k6o0yu74id5oy","previousOperationId":"o1d4kkybjslnq1y"}
{"type":"operationEnd","doDiffs":false,"previousEventId":"1zyynpntofvcu63","previousOperationId":"knldn9ln9slqquu","operationId":"knldn9ln9slqquu","timestamp":1769047684147,"id":"8gfxfmcnvu88w5h"}
