{"type":"operationStart","subtype":"profile","data":{"_id":"YtCQcTc8kM9tTfWw","timestamp":"2026-01-22T04:13:28.543Z","state":"queued","mode":"standard","creationDate":"2026-01-22T04:13:28.564Z","modificationDate":"2026-01-22T04:13:28.564Z","shortid":"QDlWu7g","$entitySet":"profiles"},"doDiffs":false,"timestamp":1769055208549,"id":"syksh08wtyqszfm","previousOperationId":null,"operationId":"0sfdpg4csyhq95j"}
{"type":"log","level":"info","message":"Render request 108 queued for execution and waiting for available worker","previousOperationId":"0sfdpg4csyhq95j","timestamp":1769055208550,"id":"m3qsa7qermqbrb7"}
{"type":"operationStart","subtype":"render","name":"journal-entry-v1","previousOperationId":"0sfdpg4csyhq95j","timestamp":1769055208673,"id":"287svyi6lglnj49","previousEventId":"syksh08wtyqszfm","operationId":"75mi2n4ypvv74us"}
{"type":"log","timestamp":1769055208678,"level":"info","message":"Starting rendering request 108","meta":{"rootId":"uk9gfuzy7p7upig","id":"uk9gfuzy7p7upig"},"id":"waexamrewtekpfy","previousOperationId":"75mi2n4ypvv74us"}
{"type":"log","timestamp":1769055208684,"level":"info","message":"Rendering template { name: journal-entry-v1, recipe: chrome-pdf, engine: handlebars, preview: false }","meta":{"rootId":"uk9gfuzy7p7upig","id":"uk9gfuzy7p7upig"},"id":"558s9qc43dvaw6w","previousOperationId":"75mi2n4ypvv74us"}
{"type":"log","timestamp":1769055208694,"level":"debug","message":"Inline data specified.","meta":{"rootId":"uk9gfuzy7p7upig","id":"uk9gfuzy7p7upig"},"id":"b6l8hv2jucamni4","previousOperationId":"75mi2n4ypvv74us"}
{"type":"log","timestamp":1769055208702,"level":"debug","message":"Base url not specified, skipping its injection.","meta":{"rootId":"uk9gfuzy7p7upig","id":"uk9gfuzy7p7upig"},"id":"g0cih93gch9edv6","previousOperationId":"75mi2n4ypvv74us"}
{"type":"operationStart","subtype":"engine","name":"handlebars","timestamp":1769055208715,"id":"zh1e2qzb2mjm1rd","previousEventId":"287svyi6lglnj49","operationId":"bgiqa387xrl0e6k","previousOperationId":"75mi2n4ypvv74us"}
{"type":"log","timestamp":1769055208715,"level":"debug","message":"Rendering engine handlebars","meta":{"rootId":"uk9gfuzy7p7upig","id":"uk9gfuzy7p7upig"},"id":"jmstjfnh9yr3ddc","previousOperationId":"bgiqa387xrl0e6k"}
{"type":"operationEnd","operationId":"bgiqa387xrl0e6k","timestamp":1769055208851,"id":"imznlaeiyo7m1t0","previousEventId":"zh1e2qzb2mjm1rd","previousOperationId":"bgiqa387xrl0e6k"}
{"type":"operationStart","subtype":"recipe","name":"chrome-pdf","timestamp":1769055208856,"id":"48c1i7axmstlr4d","previousEventId":"imznlaeiyo7m1t0","operationId":"un5ojskn3s4f6os","previousOperationId":"bgiqa387xrl0e6k"}
{"type":"log","timestamp":1769055208856,"level":"debug","message":"Executing recipe chrome-pdf","meta":{"rootId":"uk9gfuzy7p7upig","id":"uk9gfuzy7p7upig"},"id":"cgajiiki6ny472n","previousOperationId":"un5ojskn3s4f6os"}
{"type":"log","timestamp":1769055208916,"level":"debug","message":"Converting with chrome Chrome/142.0.7444.175 using chrome-pool strategy","meta":{"rootId":"uk9gfuzy7p7upig","id":"uk9gfuzy7p7upig"},"id":"8t38gstf97uflx1","previousOperationId":"un5ojskn3s4f6os"}
{"type":"log","timestamp":1769055209328,"level":"debug","message":"Page request: GET (document) file:///tmp/jsreport/autocleanup/ae0740c6-4f6f-40a8-904d-0176548fd1db-chrome-pdf.html","meta":{"rootId":"uk9gfuzy7p7upig","id":"uk9gfuzy7p7upig"},"id":"tjg6ri8lwh2wybc","previousOperationId":"un5ojskn3s4f6os"}
{"type":"log","timestamp":1769055209368,"level":"debug","message":"Page request finished: GET (document) 200 file:///tmp/jsreport/autocleanup/ae0740c6-4f6f-40a8-904d-0176548fd1db-chrome-pdf.html","meta":{"rootId":"uk9gfuzy7p7upig","id":"uk9gfuzy7p7upig"},"id":"rlezvjghkcmllv1","previousOperationId":"un5ojskn3s4f6os"}
{"type":"log","timestamp":1769055209370,"level":"debug","message":"Page request: GET (image) https://paciolibucket.s3.us-east-2.amazonaws.com/orgs/c64b69f6759a43a1bc0ae31961876751/companies/logos/e9767ff4-7186-447f-a397-208ea6bbfdb8_ninosfelices.png?X-Amz-Expires=600&X-Amz-Algorithm=AWS4-HMAC-SHA256&X-Amz-Credential=AKIAVYV5Z6T6UQ4ARWOC%2F20260122%2Fus-east-2%2Fs3%2Faws4_request&X-Amz-Date=20260122T041328Z&X-Amz-SignedHeaders=host&X-Amz-Signature=76bea3387b58d32deeaa8ce6497a9b090843b8955b941e356208b101ac30c79a","meta":{"rootId":"uk9gfuzy7p7upig","id":"uk9gfuzy7p7upig"},"id":"wkeqsot2i52ypzn","previousOperationId":"un5ojskn3s4f6os"}
{"type":"log","timestamp":1769055210126,"level":"debug","message":"Page request finished: GET (image) 200 https://paciolibucket.s3.us-east-2.amazonaws.com/orgs/c64b69f6759a43a1bc0ae31961876751/companies/logos/e9767ff4-7186-447f-a397-208ea6bbfdb8_ninosfelices.png?X-Amz-Expires=600&X-Amz-Algorithm=AWS4-HMAC-SHA256&X-Amz-Credential=AKIAVYV5Z6T6UQ4ARWOC%2F20260122%2Fus-east-2%2Fs3%2Faws4_request&X-Amz-Date=20260122T041328Z&X-Amz-SignedHeaders=host&X-Amz-Signature=76bea3387b58d32deeaa8ce6497a9b090843b8955b941e356208b101ac30c79a","meta":{"rootId":"uk9gfuzy7p7upig","id":"uk9gfuzy7p7upig"},"id":"a94dddo2qnfvtge","previousOperationId":"un5ojskn3s4f6os"}
{"type":"log","timestamp":1769055210132,"level":"debug","message":"Running chrome with params {\"printBackground\":true,\"timeout\":59653,\"margin\":{}}","meta":{"rootId":"uk9gfuzy7p7upig","id":"uk9gfuzy7p7upig"},"id":"14gqdx3b6frrwlk","previousOperationId":"un5ojskn3s4f6os"}
{"type":"operationEnd","operationId":"un5ojskn3s4f6os","timestamp":1769055210252,"id":"q0e7sgdptfaj24f","previousEventId":"48c1i7axmstlr4d","previousOperationId":"un5ojskn3s4f6os"}
{"type":"log","timestamp":1769055210253,"level":"debug","message":"Skipping storing report.","meta":{"rootId":"uk9gfuzy7p7upig","id":"uk9gfuzy7p7upig"},"id":"xe3i1rrh6fjkz0b","previousOperationId":"un5ojskn3s4f6os"}
{"type":"log","timestamp":1769055210254,"level":"info","message":"Rendering request 108 finished in 1725 ms","meta":{"rootId":"uk9gfuzy7p7upig","id":"uk9gfuzy7p7upig"},"id":"8rsvxea0wox8tqz","previousOperationId":"un5ojskn3s4f6os"}
{"type":"operationEnd","subtype":"render","operationId":"75mi2n4ypvv74us","timestamp":1769055210254,"id":"wsbg12c6p3gthm8","previousEventId":"q0e7sgdptfaj24f","previousOperationId":"un5ojskn3s4f6os"}
{"type":"operationEnd","doDiffs":false,"previousEventId":"syksh08wtyqszfm","previousOperationId":"0sfdpg4csyhq95j","operationId":"0sfdpg4csyhq95j","timestamp":1769055210259,"id":"fc0iz4sr77k8e9g"}
