{"type":"operationStart","subtype":"profile","data":{"_id":"xcVRX3LTvxjc3vY3","timestamp":"2026-01-21T02:19:53.430Z","state":"queued","mode":"standard","creationDate":"2026-01-21T02:19:53.436Z","modificationDate":"2026-01-21T02:19:53.436Z","shortid":"qhxL3Ha","$entitySet":"profiles"},"doDiffs":false,"timestamp":1768961993433,"id":"ukncrhzq52upiry","previousOperationId":null,"operationId":"6gjnxcxnos1vuxk"}
{"type":"log","level":"info","message":"Render request 6 queued for execution and waiting for available worker","previousOperationId":"6gjnxcxnos1vuxk","timestamp":1768961993434,"id":"ydvnzhierbexi5s"}
{"type":"operationStart","subtype":"render","name":"journal-entry-v1","previousOperationId":"6gjnxcxnos1vuxk","timestamp":1768961993525,"id":"nl1ezftib1rviim","previousEventId":"ukncrhzq52upiry","operationId":"mxa3hm092agkpon"}
{"type":"log","timestamp":1768961993533,"level":"info","message":"Starting rendering request 6","meta":{"rootId":"uou1ax4ckqjtupw","id":"uou1ax4ckqjtupw"},"id":"vfso68hisc7bp2e","previousOperationId":"mxa3hm092agkpon"}
{"type":"log","timestamp":1768961993538,"level":"info","message":"Rendering template { name: journal-entry-v1, recipe: chrome-pdf, engine: handlebars, preview: false }","meta":{"rootId":"uou1ax4ckqjtupw","id":"uou1ax4ckqjtupw"},"id":"w9u03c3wnusuitg","previousOperationId":"mxa3hm092agkpon"}
{"type":"log","timestamp":1768961993546,"level":"debug","message":"Inline data specified.","meta":{"rootId":"uou1ax4ckqjtupw","id":"uou1ax4ckqjtupw"},"id":"v6xd1vjdm8xz61g","previousOperationId":"mxa3hm092agkpon"}
{"type":"log","timestamp":1768961993559,"level":"debug","message":"Base url not specified, skipping its injection.","meta":{"rootId":"uou1ax4ckqjtupw","id":"uou1ax4ckqjtupw"},"id":"ag8ptyniuofwz5h","previousOperationId":"mxa3hm092agkpon"}
{"type":"operationStart","subtype":"engine","name":"handlebars","timestamp":1768961993567,"id":"4w8htephz98nbgc","previousEventId":"nl1ezftib1rviim","operationId":"eanrp4vdfj1kl6y","previousOperationId":"mxa3hm092agkpon"}
{"type":"log","timestamp":1768961993567,"level":"debug","message":"Rendering engine handlebars","meta":{"rootId":"uou1ax4ckqjtupw","id":"uou1ax4ckqjtupw"},"id":"803sfyhnp0fs2b6","previousOperationId":"eanrp4vdfj1kl6y"}
{"type":"operationEnd","operationId":"eanrp4vdfj1kl6y","timestamp":1768961993642,"id":"1cxjklph5ny9pj6","previousEventId":"4w8htephz98nbgc","previousOperationId":"eanrp4vdfj1kl6y"}
{"type":"operationStart","subtype":"recipe","name":"chrome-pdf","timestamp":1768961993644,"id":"g0pdge2odtqd2ek","previousEventId":"1cxjklph5ny9pj6","operationId":"by03685alonntvt","previousOperationId":"eanrp4vdfj1kl6y"}
{"type":"log","timestamp":1768961993644,"level":"debug","message":"Executing recipe chrome-pdf","meta":{"rootId":"uou1ax4ckqjtupw","id":"uou1ax4ckqjtupw"},"id":"ylp619payafeasa","previousOperationId":"by03685alonntvt"}
{"type":"log","timestamp":1768961993711,"level":"debug","message":"Converting with chrome Chrome/142.0.7444.175 using chrome-pool strategy","meta":{"rootId":"uou1ax4ckqjtupw","id":"uou1ax4ckqjtupw"},"id":"6zu8gqvqbykkxtl","previousOperationId":"by03685alonntvt"}
{"type":"log","timestamp":1768961994442,"level":"debug","message":"Page request: GET (document) file:///tmp/jsreport/autocleanup/0c23bd39-9369-4dce-a881-f85d072141ab-chrome-pdf.html","meta":{"rootId":"uou1ax4ckqjtupw","id":"uou1ax4ckqjtupw"},"id":"jl7e9u0xlpltann","previousOperationId":"by03685alonntvt"}
{"type":"log","timestamp":1768961994474,"level":"debug","message":"Page request finished: GET (document) 200 file:///tmp/jsreport/autocleanup/0c23bd39-9369-4dce-a881-f85d072141ab-chrome-pdf.html","meta":{"rootId":"uou1ax4ckqjtupw","id":"uou1ax4ckqjtupw"},"id":"p1jdpu5wvb9yu8w","previousOperationId":"by03685alonntvt"}
{"type":"log","timestamp":1768961994480,"level":"warn","message":"Page request failed: GET (stylesheet) file:///tmp/jsreport/autocleanup/styles.css, failure: net::ERR_ACCESS_DENIED","meta":{"rootId":"uou1ax4ckqjtupw","id":"uou1ax4ckqjtupw"},"id":"49eh31vlas9ps4m","previousOperationId":"by03685alonntvt"}
{"type":"log","timestamp":1768961994481,"level":"debug","message":"(console:error) Failed to load resource: net::ERR_ACCESS_DENIED","meta":{"userLevel":true,"rootId":"uou1ax4ckqjtupw","id":"uou1ax4ckqjtupw"},"id":"qagpeumoj0gxgcw","previousOperationId":"by03685alonntvt"}
{"type":"log","timestamp":1768961994504,"level":"debug","message":"Running chrome with params {\"printBackground\":true,\"timeout\":59764,\"margin\":{}}","meta":{"rootId":"uou1ax4ckqjtupw","id":"uou1ax4ckqjtupw"},"id":"uejhhb3dzgs2ags","previousOperationId":"by03685alonntvt"}
{"type":"operationEnd","operationId":"by03685alonntvt","timestamp":1768961994581,"id":"v3a1qch2cyv4x1t","previousEventId":"g0pdge2odtqd2ek","previousOperationId":"by03685alonntvt"}
{"type":"log","timestamp":1768961994581,"level":"debug","message":"Skipping storing report.","meta":{"rootId":"uou1ax4ckqjtupw","id":"uou1ax4ckqjtupw"},"id":"p5q23p2zbzw1164","previousOperationId":"by03685alonntvt"}
{"type":"log","timestamp":1768961994581,"level":"info","message":"Rendering request 6 finished in 1160 ms","meta":{"rootId":"uou1ax4ckqjtupw","id":"uou1ax4ckqjtupw"},"id":"wggmmw5bqoqdve0","previousOperationId":"by03685alonntvt"}
{"type":"operationEnd","subtype":"render","operationId":"mxa3hm092agkpon","timestamp":1768961994581,"id":"22xn3he0j90js77","previousEventId":"v3a1qch2cyv4x1t","previousOperationId":"by03685alonntvt"}
{"type":"operationEnd","doDiffs":false,"previousEventId":"ukncrhzq52upiry","previousOperationId":"6gjnxcxnos1vuxk","operationId":"6gjnxcxnos1vuxk","timestamp":1768961994583,"id":"7sjizdfjld6q9o6"}
