{"type":"operationStart","subtype":"profile","data":{"_id":"jZYVSgG2O7YtO1x0","timestamp":"2026-01-22T01:50:45.823Z","state":"queued","mode":"standard","creationDate":"2026-01-22T01:50:45.826Z","modificationDate":"2026-01-22T01:50:45.826Z","shortid":"Jw3oi0h","$entitySet":"profiles"},"doDiffs":false,"timestamp":1769046645825,"id":"1pgn4rv8h6w3mz8","previousOperationId":null,"operationId":"flx6k69zm69ppd5"}
{"type":"log","level":"info","message":"Render request 47 queued for execution and waiting for available worker","previousOperationId":"flx6k69zm69ppd5","timestamp":1769046645825,"id":"7j95yailb156gjy"}
{"type":"operationStart","subtype":"render","name":"journal-entry-v1","previousOperationId":"flx6k69zm69ppd5","timestamp":1769046645907,"id":"a3u71ubj8xn3bmk","previousEventId":"1pgn4rv8h6w3mz8","operationId":"5sfhhlgd7kmxl05"}
{"type":"log","timestamp":1769046645912,"level":"info","message":"Starting rendering request 47","meta":{"rootId":"uwe6eioshm9lepa","id":"uwe6eioshm9lepa"},"id":"ldpgt6nlbeko6ry","previousOperationId":"5sfhhlgd7kmxl05"}
{"type":"log","timestamp":1769046645919,"level":"info","message":"Rendering template { name: journal-entry-v1, recipe: chrome-pdf, engine: handlebars, preview: true }","meta":{"rootId":"uwe6eioshm9lepa","id":"uwe6eioshm9lepa"},"id":"6dymj0o2pomfwgb","previousOperationId":"5sfhhlgd7kmxl05"}
{"type":"log","timestamp":1769046645923,"level":"debug","message":"Inline data specified.","meta":{"rootId":"uwe6eioshm9lepa","id":"uwe6eioshm9lepa"},"id":"ceahm0h0jywcn4c","previousOperationId":"5sfhhlgd7kmxl05"}
{"type":"log","timestamp":1769046645930,"level":"debug","message":"Base url not specified, skipping its injection.","meta":{"rootId":"uwe6eioshm9lepa","id":"uwe6eioshm9lepa"},"id":"hsgfpo5qqj1l1gr","previousOperationId":"5sfhhlgd7kmxl05"}
{"type":"operationStart","subtype":"engine","name":"handlebars","timestamp":1769046645939,"id":"v9x5z0imgi3w8ie","previousEventId":"a3u71ubj8xn3bmk","operationId":"gz4fkbiabejd3n1","previousOperationId":"5sfhhlgd7kmxl05"}
{"type":"log","timestamp":1769046645941,"level":"debug","message":"Rendering engine handlebars","meta":{"rootId":"uwe6eioshm9lepa","id":"uwe6eioshm9lepa"},"id":"byauinbnygsj04r","previousOperationId":"gz4fkbiabejd3n1"}
{"type":"operationEnd","operationId":"gz4fkbiabejd3n1","timestamp":1769046646105,"id":"n19s2a8qcq7t68n","previousEventId":"v9x5z0imgi3w8ie","previousOperationId":"gz4fkbiabejd3n1"}
{"type":"operationStart","subtype":"recipe","name":"chrome-pdf","timestamp":1769046646105,"id":"44riu0d1swi5znd","previousEventId":"n19s2a8qcq7t68n","operationId":"vw7dvj3pa6wce5k","previousOperationId":"gz4fkbiabejd3n1"}
{"type":"log","timestamp":1769046646105,"level":"debug","message":"Executing recipe chrome-pdf","meta":{"rootId":"uwe6eioshm9lepa","id":"uwe6eioshm9lepa"},"id":"g6m7cvtljybxz98","previousOperationId":"vw7dvj3pa6wce5k"}
{"type":"log","timestamp":1769046646132,"level":"debug","message":"Converting with chrome Chrome/142.0.7444.175 using chrome-pool strategy","meta":{"rootId":"uwe6eioshm9lepa","id":"uwe6eioshm9lepa"},"id":"mk4hqbqvpa5h1jm","previousOperationId":"vw7dvj3pa6wce5k"}
{"type":"log","timestamp":1769046646297,"level":"debug","message":"Page request: GET (document) file:///tmp/jsreport/autocleanup/8047e007-5bbf-4af3-a19f-a977e18cc6db-chrome-pdf.html","meta":{"rootId":"uwe6eioshm9lepa","id":"uwe6eioshm9lepa"},"id":"51i6hny4092p5v2","previousOperationId":"vw7dvj3pa6wce5k"}
{"type":"log","timestamp":1769046646316,"level":"debug","message":"Page request finished: GET (document) 200 file:///tmp/jsreport/autocleanup/8047e007-5bbf-4af3-a19f-a977e18cc6db-chrome-pdf.html","meta":{"rootId":"uwe6eioshm9lepa","id":"uwe6eioshm9lepa"},"id":"i93r5lu1w82ja51","previousOperationId":"vw7dvj3pa6wce5k"}
{"type":"log","timestamp":1769046646362,"level":"debug","message":"Running chrome with params {\"printBackground\":true,\"timeout\":59709,\"margin\":{}}","meta":{"rootId":"uwe6eioshm9lepa","id":"uwe6eioshm9lepa"},"id":"rm1zl2kzt55s7ym","previousOperationId":"vw7dvj3pa6wce5k"}
{"type":"operationEnd","operationId":"vw7dvj3pa6wce5k","timestamp":1769046646454,"id":"s76y4hryxxmdxih","previousEventId":"44riu0d1swi5znd","previousOperationId":"vw7dvj3pa6wce5k"}
{"type":"log","timestamp":1769046646454,"level":"debug","message":"Skipping storing report.","meta":{"rootId":"uwe6eioshm9lepa","id":"uwe6eioshm9lepa"},"id":"us9jiwdq9hq2a6v","previousOperationId":"vw7dvj3pa6wce5k"}
{"type":"log","timestamp":1769046646454,"level":"info","message":"Rendering request 47 finished in 631 ms","meta":{"rootId":"uwe6eioshm9lepa","id":"uwe6eioshm9lepa"},"id":"im22l6z4p7dm3t8","previousOperationId":"vw7dvj3pa6wce5k"}
{"type":"operationEnd","subtype":"render","operationId":"5sfhhlgd7kmxl05","timestamp":1769046646454,"id":"koeew95b00p163i","previousEventId":"s76y4hryxxmdxih","previousOperationId":"vw7dvj3pa6wce5k"}
{"type":"operationEnd","doDiffs":false,"previousEventId":"1pgn4rv8h6w3mz8","previousOperationId":"flx6k69zm69ppd5","operationId":"flx6k69zm69ppd5","timestamp":1769046646456,"id":"qxzzf9kcv0ihllt"}
