{"type":"operationStart","subtype":"profile","data":{"_id":"0qatpsIvQZT5Kcww","timestamp":"2026-01-22T04:05:46.529Z","state":"queued","mode":"standard","creationDate":"2026-01-22T04:05:46.540Z","modificationDate":"2026-01-22T04:05:46.540Z","shortid":"EbuuIfn","$entitySet":"profiles"},"doDiffs":false,"timestamp":1769054746537,"id":"1ykklgjqi353zgv","previousOperationId":null,"operationId":"e1mzehi5ccsaj9x"}
{"type":"log","level":"info","message":"Render request 103 queued for execution and waiting for available worker","previousOperationId":"e1mzehi5ccsaj9x","timestamp":1769054746538,"id":"oaooydsrocksdbb"}
{"type":"operationStart","subtype":"render","name":"journal-entry-v1","previousOperationId":"e1mzehi5ccsaj9x","timestamp":1769054746592,"id":"2bhh92b67mms3dc","previousEventId":"1ykklgjqi353zgv","operationId":"eqygslt04ekhyf3"}
{"type":"log","timestamp":1769054746595,"level":"info","message":"Starting rendering request 103","meta":{"rootId":"uxqiapmnmzgeecz","id":"uxqiapmnmzgeecz"},"id":"kn2yyg43fh1k2cj","previousOperationId":"eqygslt04ekhyf3"}
{"type":"log","timestamp":1769054746595,"level":"info","message":"Rendering template { name: journal-entry-v1, recipe: chrome-pdf, engine: handlebars, preview: false }","meta":{"rootId":"uxqiapmnmzgeecz","id":"uxqiapmnmzgeecz"},"id":"s0c9r6u7ucfzyp6","previousOperationId":"eqygslt04ekhyf3"}
{"type":"log","timestamp":1769054746597,"level":"debug","message":"Inline data specified.","meta":{"rootId":"uxqiapmnmzgeecz","id":"uxqiapmnmzgeecz"},"id":"ardpgduf0e8w0na","previousOperationId":"eqygslt04ekhyf3"}
{"type":"log","timestamp":1769054746601,"level":"debug","message":"Base url not specified, skipping its injection.","meta":{"rootId":"uxqiapmnmzgeecz","id":"uxqiapmnmzgeecz"},"id":"lt1wu6qzsthyopx","previousOperationId":"eqygslt04ekhyf3"}
{"type":"operationStart","subtype":"engine","name":"handlebars","timestamp":1769054746601,"id":"e84bh5v8uiq9ib7","previousEventId":"2bhh92b67mms3dc","operationId":"hxxrkzjpvptrj8o","previousOperationId":"eqygslt04ekhyf3"}
{"type":"log","timestamp":1769054746602,"level":"debug","message":"Rendering engine handlebars","meta":{"rootId":"uxqiapmnmzgeecz","id":"uxqiapmnmzgeecz"},"id":"1x1uc26vilx785r","previousOperationId":"hxxrkzjpvptrj8o"}
{"type":"operationEnd","operationId":"hxxrkzjpvptrj8o","timestamp":1769054746631,"id":"c5knviscozdnt01","previousEventId":"e84bh5v8uiq9ib7","previousOperationId":"hxxrkzjpvptrj8o"}
{"type":"operationStart","subtype":"recipe","name":"chrome-pdf","timestamp":1769054746632,"id":"2dyjgpq1kjk4rrv","previousEventId":"c5knviscozdnt01","operationId":"r4gfjvbhmxz3kv6","previousOperationId":"hxxrkzjpvptrj8o"}
{"type":"log","timestamp":1769054746632,"level":"debug","message":"Executing recipe chrome-pdf","meta":{"rootId":"uxqiapmnmzgeecz","id":"uxqiapmnmzgeecz"},"id":"ewmivu5fzx3xx9x","previousOperationId":"r4gfjvbhmxz3kv6"}
{"type":"log","timestamp":1769054746640,"level":"debug","message":"Converting with chrome Chrome/142.0.7444.175 using chrome-pool strategy","meta":{"rootId":"uxqiapmnmzgeecz","id":"uxqiapmnmzgeecz"},"id":"6qr66kdwz8ebw06","previousOperationId":"r4gfjvbhmxz3kv6"}
{"type":"log","timestamp":1769054746745,"level":"debug","message":"Page request: GET (document) file:///tmp/jsreport/autocleanup/f4749d86-ab21-499e-ad87-5dfd49339819-chrome-pdf.html","meta":{"rootId":"uxqiapmnmzgeecz","id":"uxqiapmnmzgeecz"},"id":"bnfa90kdzubndjn","previousOperationId":"r4gfjvbhmxz3kv6"}
{"type":"log","timestamp":1769054746762,"level":"debug","message":"Page request finished: GET (document) 200 file:///tmp/jsreport/autocleanup/f4749d86-ab21-499e-ad87-5dfd49339819-chrome-pdf.html","meta":{"rootId":"uxqiapmnmzgeecz","id":"uxqiapmnmzgeecz"},"id":"3rdc4p1whaw74wl","previousOperationId":"r4gfjvbhmxz3kv6"}
{"type":"log","timestamp":1769054746762,"level":"debug","message":"Page request: GET (image) https://paciolibucket.s3.us-east-2.amazonaws.com/orgs/c64b69f6759a43a1bc0ae31961876751/companies/logos/e9767ff4-7186-447f-a397-208ea6bbfdb8_ninosfelices.png?X-Amz-Expires=600&X-Amz-Algorithm=AWS4-HMAC-SHA256&X-Amz-Credential=AKIAVYV5Z6T6UQ4ARWOC%2F20260122%2Fus-east-2%2Fs3%2Faws4_request&X-Amz-Date=20260122T040546Z&X-Amz-SignedHeaders=host&X-Amz-Signature=323fec87fb429ecfcc36eab9418c0a6ce872dbc134c18f3635905c20eedb4e07","meta":{"rootId":"uxqiapmnmzgeecz","id":"uxqiapmnmzgeecz"},"id":"lkmxsd5s9syjja2","previousOperationId":"r4gfjvbhmxz3kv6"}
{"type":"log","timestamp":1769054747263,"level":"debug","message":"Page request finished: GET (image) 200 https://paciolibucket.s3.us-east-2.amazonaws.com/orgs/c64b69f6759a43a1bc0ae31961876751/companies/logos/e9767ff4-7186-447f-a397-208ea6bbfdb8_ninosfelices.png?X-Amz-Expires=600&X-Amz-Algorithm=AWS4-HMAC-SHA256&X-Amz-Credential=AKIAVYV5Z6T6UQ4ARWOC%2F20260122%2Fus-east-2%2Fs3%2Faws4_request&X-Amz-Date=20260122T040546Z&X-Amz-SignedHeaders=host&X-Amz-Signature=323fec87fb429ecfcc36eab9418c0a6ce872dbc134c18f3635905c20eedb4e07","meta":{"rootId":"uxqiapmnmzgeecz","id":"uxqiapmnmzgeecz"},"id":"lnc0w8atmicdosg","previousOperationId":"r4gfjvbhmxz3kv6"}
{"type":"log","timestamp":1769054747265,"level":"debug","message":"Running chrome with params {\"printBackground\":true,\"timeout\":59893,\"margin\":{}}","meta":{"rootId":"uxqiapmnmzgeecz","id":"uxqiapmnmzgeecz"},"id":"etd4s838w44p7gu","previousOperationId":"r4gfjvbhmxz3kv6"}
{"type":"operationEnd","operationId":"r4gfjvbhmxz3kv6","timestamp":1769054747344,"id":"3funmah688u3tlk","previousEventId":"2dyjgpq1kjk4rrv","previousOperationId":"r4gfjvbhmxz3kv6"}
{"type":"log","timestamp":1769054747344,"level":"debug","message":"Skipping storing report.","meta":{"rootId":"uxqiapmnmzgeecz","id":"uxqiapmnmzgeecz"},"id":"k1xbth8aby7vb8a","previousOperationId":"r4gfjvbhmxz3kv6"}
{"type":"log","timestamp":1769054747344,"level":"info","message":"Rendering request 103 finished in 816 ms","meta":{"rootId":"uxqiapmnmzgeecz","id":"uxqiapmnmzgeecz"},"id":"tcruiov0fvrwrbz","previousOperationId":"r4gfjvbhmxz3kv6"}
{"type":"operationEnd","subtype":"render","operationId":"eqygslt04ekhyf3","timestamp":1769054747344,"id":"k8bijwjjtgct1tm","previousEventId":"3funmah688u3tlk","previousOperationId":"r4gfjvbhmxz3kv6"}
{"type":"operationEnd","doDiffs":false,"previousEventId":"1ykklgjqi353zgv","previousOperationId":"e1mzehi5ccsaj9x","operationId":"e1mzehi5ccsaj9x","timestamp":1769054747345,"id":"emcut48v89oug08"}
