{"type":"operationStart","subtype":"profile","data":{"_id":"sme4WDjnu9RoBBB0","timestamp":"2026-01-22T03:15:21.936Z","state":"queued","mode":"standard","creationDate":"2026-01-22T03:15:22.004Z","modificationDate":"2026-01-22T03:15:22.004Z","shortid":"ZEOPJtZ","$entitySet":"profiles"},"doDiffs":false,"timestamp":1769051721981,"id":"ks5qeiq8wmzhp1s","previousOperationId":null,"operationId":"vk6y4bdnfrdmr1m"}
{"type":"log","level":"info","message":"Render request 84 queued for execution and waiting for available worker","previousOperationId":"vk6y4bdnfrdmr1m","timestamp":1769051721982,"id":"as7twulmmisqg4e"}
{"type":"operationStart","subtype":"render","name":"journal-entry-v1","previousOperationId":"vk6y4bdnfrdmr1m","timestamp":1769051722113,"id":"owhrwvxl0a44po2","previousEventId":"ks5qeiq8wmzhp1s","operationId":"urwu2t9d8cy5tj2"}
{"type":"log","timestamp":1769051722120,"level":"info","message":"Starting rendering request 84","meta":{"rootId":"v5qn8gcjduum8wc","id":"v5qn8gcjduum8wc"},"id":"r3f66s73ym3okwi","previousOperationId":"urwu2t9d8cy5tj2"}
{"type":"log","timestamp":1769051722131,"level":"info","message":"Rendering template { name: journal-entry-v1, recipe: chrome-pdf, engine: handlebars, preview: false }","meta":{"rootId":"v5qn8gcjduum8wc","id":"v5qn8gcjduum8wc"},"id":"ht9xndpy2rq3y6u","previousOperationId":"urwu2t9d8cy5tj2"}
{"type":"log","timestamp":1769051722144,"level":"debug","message":"Inline data specified.","meta":{"rootId":"v5qn8gcjduum8wc","id":"v5qn8gcjduum8wc"},"id":"oyynj3uovm28bwx","previousOperationId":"urwu2t9d8cy5tj2"}
{"type":"log","timestamp":1769051722166,"level":"debug","message":"Base url not specified, skipping its injection.","meta":{"rootId":"v5qn8gcjduum8wc","id":"v5qn8gcjduum8wc"},"id":"ui9cuxa6s7fqvd5","previousOperationId":"urwu2t9d8cy5tj2"}
{"type":"operationStart","subtype":"engine","name":"handlebars","timestamp":1769051722179,"id":"w8e2sjldncnf06h","previousEventId":"owhrwvxl0a44po2","operationId":"ui8qtonc0b2r3s0","previousOperationId":"urwu2t9d8cy5tj2"}
{"type":"log","timestamp":1769051722179,"level":"debug","message":"Rendering engine handlebars","meta":{"rootId":"v5qn8gcjduum8wc","id":"v5qn8gcjduum8wc"},"id":"2099f695jsbjkyc","previousOperationId":"ui8qtonc0b2r3s0"}
{"type":"operationEnd","operationId":"ui8qtonc0b2r3s0","timestamp":1769051722316,"id":"aabhxlbgzw0zkqk","previousEventId":"w8e2sjldncnf06h","previousOperationId":"ui8qtonc0b2r3s0"}
{"type":"operationStart","subtype":"recipe","name":"chrome-pdf","timestamp":1769051722338,"id":"wmal2osim3wvv1y","previousEventId":"aabhxlbgzw0zkqk","operationId":"4sl1nnajziq2q79","previousOperationId":"ui8qtonc0b2r3s0"}
{"type":"log","timestamp":1769051722338,"level":"debug","message":"Executing recipe chrome-pdf","meta":{"rootId":"v5qn8gcjduum8wc","id":"v5qn8gcjduum8wc"},"id":"dabdk7dpf9gxec2","previousOperationId":"4sl1nnajziq2q79"}
{"type":"log","timestamp":1769051722416,"level":"debug","message":"Converting with chrome Chrome/142.0.7444.175 using chrome-pool strategy","meta":{"rootId":"v5qn8gcjduum8wc","id":"v5qn8gcjduum8wc"},"id":"fp386lafkf7n99i","previousOperationId":"4sl1nnajziq2q79"}
{"type":"log","timestamp":1769051723107,"level":"debug","message":"Page request: GET (document) file:///tmp/jsreport/autocleanup/694986b0-8413-416a-ae7c-b59b610dd9a5-chrome-pdf.html","meta":{"rootId":"v5qn8gcjduum8wc","id":"v5qn8gcjduum8wc"},"id":"e7q5ljlpdu72jpn","previousOperationId":"4sl1nnajziq2q79"}
{"type":"log","timestamp":1769051723148,"level":"debug","message":"Page request finished: GET (document) 200 file:///tmp/jsreport/autocleanup/694986b0-8413-416a-ae7c-b59b610dd9a5-chrome-pdf.html","meta":{"rootId":"v5qn8gcjduum8wc","id":"v5qn8gcjduum8wc"},"id":"p8phw5s12u3yg2w","previousOperationId":"4sl1nnajziq2q79"}
{"type":"log","timestamp":1769051723157,"level":"debug","message":"Page request: GET (image) https://paciolibucket.s3.us-east-2.amazonaws.com/orgs/c64b69f6759a43a1bc0ae31961876751/companies/logos/e9767ff4-7186-447f-a397-208ea6bbfdb8_ninosfelices.png?X-Amz-Expires=600&X-Amz-Algorithm=AWS4-HMAC-SHA256&X-Amz-Credential=AKIAVYV5Z6T6UQ4ARWOC%2F20260122%2Fus-east-2%2Fs3%2Faws4_request&X-Amz-Date=20260122T031518Z&X-Amz-SignedHeaders=host&X-Amz-Signature=e0fe2e0d197ef0db838b694d82f6cbe1d52622c390918f7daf9bc8df6682213b","meta":{"rootId":"v5qn8gcjduum8wc","id":"v5qn8gcjduum8wc"},"id":"udv0hvbpj8or4jz","previousOperationId":"4sl1nnajziq2q79"}
{"type":"log","timestamp":1769051723793,"level":"debug","message":"Page request finished: GET (image) 200 https://paciolibucket.s3.us-east-2.amazonaws.com/orgs/c64b69f6759a43a1bc0ae31961876751/companies/logos/e9767ff4-7186-447f-a397-208ea6bbfdb8_ninosfelices.png?X-Amz-Expires=600&X-Amz-Algorithm=AWS4-HMAC-SHA256&X-Amz-Credential=AKIAVYV5Z6T6UQ4ARWOC%2F20260122%2Fus-east-2%2Fs3%2Faws4_request&X-Amz-Date=20260122T031518Z&X-Amz-SignedHeaders=host&X-Amz-Signature=e0fe2e0d197ef0db838b694d82f6cbe1d52622c390918f7daf9bc8df6682213b","meta":{"rootId":"v5qn8gcjduum8wc","id":"v5qn8gcjduum8wc"},"id":"6tnfpprw3z1pam3","previousOperationId":"4sl1nnajziq2q79"}
{"type":"log","timestamp":1769051723797,"level":"debug","message":"Running chrome with params {\"printBackground\":true,\"timeout\":59544,\"margin\":{}}","meta":{"rootId":"v5qn8gcjduum8wc","id":"v5qn8gcjduum8wc"},"id":"j9si8fzximaw2em","previousOperationId":"4sl1nnajziq2q79"}
{"type":"operationEnd","operationId":"4sl1nnajziq2q79","timestamp":1769051723949,"id":"45y8wwc7k67et7k","previousEventId":"wmal2osim3wvv1y","previousOperationId":"4sl1nnajziq2q79"}
{"type":"log","timestamp":1769051723950,"level":"debug","message":"Skipping storing report.","meta":{"rootId":"v5qn8gcjduum8wc","id":"v5qn8gcjduum8wc"},"id":"1g1hgf33amtx535","previousOperationId":"4sl1nnajziq2q79"}
{"type":"log","timestamp":1769051723950,"level":"info","message":"Rendering request 84 finished in 2031 ms","meta":{"rootId":"v5qn8gcjduum8wc","id":"v5qn8gcjduum8wc"},"id":"qxj3nkuk2a2d6ps","previousOperationId":"4sl1nnajziq2q79"}
{"type":"operationEnd","subtype":"render","operationId":"urwu2t9d8cy5tj2","timestamp":1769051723950,"id":"yn9u1mk75b0gl1o","previousEventId":"45y8wwc7k67et7k","previousOperationId":"4sl1nnajziq2q79"}
{"type":"operationEnd","doDiffs":false,"previousEventId":"ks5qeiq8wmzhp1s","previousOperationId":"vk6y4bdnfrdmr1m","operationId":"vk6y4bdnfrdmr1m","timestamp":1769051723954,"id":"s240gkd49lwj99j"}
