{"type":"operationStart","subtype":"profile","data":{"_id":"MzBTFM0cxdm5UPWD","timestamp":"2026-01-22T03:32:35.672Z","state":"queued","mode":"standard","creationDate":"2026-01-22T03:32:35.673Z","modificationDate":"2026-01-22T03:32:35.673Z","shortid":"Ts_t-ak","$entitySet":"profiles"},"doDiffs":false,"timestamp":1769052755673,"id":"2i84mxjnq9xe1m7","previousOperationId":null,"operationId":"0e7a8chf0fz1y75"}
{"type":"log","level":"info","message":"Render request 89 queued for execution and waiting for available worker","previousOperationId":"0e7a8chf0fz1y75","timestamp":1769052755673,"id":"qdm2f9euh8h6dt1"}
{"type":"operationStart","subtype":"render","name":"journal-entry-v1","previousOperationId":"0e7a8chf0fz1y75","timestamp":1769052755741,"id":"0r3j67mri8d5y5i","previousEventId":"2i84mxjnq9xe1m7","operationId":"b0siz6iuuq39rwr"}
{"type":"log","timestamp":1769052755747,"level":"info","message":"Starting rendering request 89","meta":{"rootId":"v63ksm0dzmbabl7","id":"v63ksm0dzmbabl7"},"id":"rk2tmht9wpue9qv","previousOperationId":"b0siz6iuuq39rwr"}
{"type":"log","timestamp":1769052755752,"level":"info","message":"Rendering template { name: journal-entry-v1, recipe: chrome-pdf, engine: handlebars, preview: false }","meta":{"rootId":"v63ksm0dzmbabl7","id":"v63ksm0dzmbabl7"},"id":"x62tru1f7so3uwh","previousOperationId":"b0siz6iuuq39rwr"}
{"type":"log","timestamp":1769052755758,"level":"debug","message":"Inline data specified.","meta":{"rootId":"v63ksm0dzmbabl7","id":"v63ksm0dzmbabl7"},"id":"a9wc3ar2e9oax53","previousOperationId":"b0siz6iuuq39rwr"}
{"type":"log","timestamp":1769052755765,"level":"debug","message":"Base url not specified, skipping its injection.","meta":{"rootId":"v63ksm0dzmbabl7","id":"v63ksm0dzmbabl7"},"id":"8d3gv09xah2kul3","previousOperationId":"b0siz6iuuq39rwr"}
{"type":"operationStart","subtype":"engine","name":"handlebars","timestamp":1769052755777,"id":"mr1hs1gyb0adbu3","previousEventId":"0r3j67mri8d5y5i","operationId":"l1wjbiksuzomgf4","previousOperationId":"b0siz6iuuq39rwr"}
{"type":"log","timestamp":1769052755777,"level":"debug","message":"Rendering engine handlebars","meta":{"rootId":"v63ksm0dzmbabl7","id":"v63ksm0dzmbabl7"},"id":"j43hlylemx4wtpl","previousOperationId":"l1wjbiksuzomgf4"}
{"type":"operationEnd","operationId":"l1wjbiksuzomgf4","timestamp":1769052755890,"id":"4cyfbmrvwlzwiq7","previousEventId":"mr1hs1gyb0adbu3","previousOperationId":"l1wjbiksuzomgf4"}
{"type":"operationStart","subtype":"recipe","name":"chrome-pdf","timestamp":1769052755893,"id":"yaqzdazuith05vu","previousEventId":"4cyfbmrvwlzwiq7","operationId":"mhwq3ta7u00lcmo","previousOperationId":"l1wjbiksuzomgf4"}
{"type":"log","timestamp":1769052755893,"level":"debug","message":"Executing recipe chrome-pdf","meta":{"rootId":"v63ksm0dzmbabl7","id":"v63ksm0dzmbabl7"},"id":"tfw69v6rydj6i2a","previousOperationId":"mhwq3ta7u00lcmo"}
{"type":"log","timestamp":1769052755927,"level":"debug","message":"Converting with chrome Chrome/142.0.7444.175 using chrome-pool strategy","meta":{"rootId":"v63ksm0dzmbabl7","id":"v63ksm0dzmbabl7"},"id":"os9hvcj3p0m47p9","previousOperationId":"mhwq3ta7u00lcmo"}
{"type":"log","timestamp":1769052756138,"level":"debug","message":"Page request: GET (document) file:///tmp/jsreport/autocleanup/01f5f435-bb8a-45a7-9b42-e712d9a42e50-chrome-pdf.html","meta":{"rootId":"v63ksm0dzmbabl7","id":"v63ksm0dzmbabl7"},"id":"mky29uwmd0abkif","previousOperationId":"mhwq3ta7u00lcmo"}
{"type":"log","timestamp":1769052756154,"level":"debug","message":"Page request finished: GET (document) 200 file:///tmp/jsreport/autocleanup/01f5f435-bb8a-45a7-9b42-e712d9a42e50-chrome-pdf.html","meta":{"rootId":"v63ksm0dzmbabl7","id":"v63ksm0dzmbabl7"},"id":"j0yg890lo7wvvx5","previousOperationId":"mhwq3ta7u00lcmo"}
{"type":"log","timestamp":1769052756160,"level":"debug","message":"Page request: GET (image) https://paciolibucket.s3.us-east-2.amazonaws.com/orgs/c64b69f6759a43a1bc0ae31961876751/companies/logos/e9767ff4-7186-447f-a397-208ea6bbfdb8_ninosfelices.png?X-Amz-Expires=600&X-Amz-Algorithm=AWS4-HMAC-SHA256&X-Amz-Credential=AKIAVYV5Z6T6UQ4ARWOC%2F20260122%2Fus-east-2%2Fs3%2Faws4_request&X-Amz-Date=20260122T033235Z&X-Amz-SignedHeaders=host&X-Amz-Signature=30facdfd03b9d34090b937dfe64d877d16cd2ddb68e5e56030d2a62c3a12ef20","meta":{"rootId":"v63ksm0dzmbabl7","id":"v63ksm0dzmbabl7"},"id":"zvrsv9rtoeuujyi","previousOperationId":"mhwq3ta7u00lcmo"}
{"type":"log","timestamp":1769052756617,"level":"debug","message":"Page request finished: GET (image) 200 https://paciolibucket.s3.us-east-2.amazonaws.com/orgs/c64b69f6759a43a1bc0ae31961876751/companies/logos/e9767ff4-7186-447f-a397-208ea6bbfdb8_ninosfelices.png?X-Amz-Expires=600&X-Amz-Algorithm=AWS4-HMAC-SHA256&X-Amz-Credential=AKIAVYV5Z6T6UQ4ARWOC%2F20260122%2Fus-east-2%2Fs3%2Faws4_request&X-Amz-Date=20260122T033235Z&X-Amz-SignedHeaders=host&X-Amz-Signature=30facdfd03b9d34090b937dfe64d877d16cd2ddb68e5e56030d2a62c3a12ef20","meta":{"rootId":"v63ksm0dzmbabl7","id":"v63ksm0dzmbabl7"},"id":"mxnzgvoiw1ah1zf","previousOperationId":"mhwq3ta7u00lcmo"}
{"type":"log","timestamp":1769052756622,"level":"debug","message":"Running chrome with params {\"printBackground\":true,\"timeout\":59767,\"margin\":{}}","meta":{"rootId":"v63ksm0dzmbabl7","id":"v63ksm0dzmbabl7"},"id":"vgf54606udncvsp","previousOperationId":"mhwq3ta7u00lcmo"}
{"type":"operationEnd","operationId":"mhwq3ta7u00lcmo","timestamp":1769052756729,"id":"7ys1432h1q8uel4","previousEventId":"yaqzdazuith05vu","previousOperationId":"mhwq3ta7u00lcmo"}
{"type":"log","timestamp":1769052756729,"level":"debug","message":"Skipping storing report.","meta":{"rootId":"v63ksm0dzmbabl7","id":"v63ksm0dzmbabl7"},"id":"ul8dqpic6zirgrg","previousOperationId":"mhwq3ta7u00lcmo"}
{"type":"log","timestamp":1769052756729,"level":"info","message":"Rendering request 89 finished in 1058 ms","meta":{"rootId":"v63ksm0dzmbabl7","id":"v63ksm0dzmbabl7"},"id":"qu75vk05x3rjyam","previousOperationId":"mhwq3ta7u00lcmo"}
{"type":"operationEnd","subtype":"render","operationId":"b0siz6iuuq39rwr","timestamp":1769052756729,"id":"75gsldrup75zftn","previousEventId":"7ys1432h1q8uel4","previousOperationId":"mhwq3ta7u00lcmo"}
{"type":"operationEnd","doDiffs":false,"previousEventId":"2i84mxjnq9xe1m7","previousOperationId":"0e7a8chf0fz1y75","operationId":"0e7a8chf0fz1y75","timestamp":1769052756731,"id":"sp8ptbfpn6vm83p"}
