{"type":"operationStart","subtype":"profile","data":{"_id":"asv9uaUMFZ8DhjhF","timestamp":"2026-02-12T01:27:40.242Z","state":"queued","mode":"standard","creationDate":"2026-02-12T01:27:40.244Z","modificationDate":"2026-02-12T01:27:40.244Z","shortid":"IO-j7YL","$entitySet":"profiles"},"doDiffs":false,"timestamp":1770859660243,"id":"as1p8rg229wh3no","previousOperationId":null,"operationId":"537fq5pttz3p6q1"}
{"type":"log","level":"info","message":"Render request 3 queued for execution and waiting for available worker","previousOperationId":"537fq5pttz3p6q1","timestamp":1770859660244,"id":"lw23c6g9ggcg8tm"}
{"type":"operationStart","subtype":"render","name":"journal-entry-v1","previousOperationId":"537fq5pttz3p6q1","timestamp":1770859660384,"id":"b02tpws5arm4vhj","previousEventId":"as1p8rg229wh3no","operationId":"dnt0dott29cygrx"}
{"type":"log","timestamp":1770859660387,"level":"info","message":"Starting rendering request 3","meta":{"rootId":"vyajtgh40l2766j","id":"vyajtgh40l2766j"},"id":"3xsostdvb1xxnwr","previousOperationId":"dnt0dott29cygrx"}
{"type":"log","timestamp":1770859660389,"level":"info","message":"Rendering template { name: journal-entry-v1, recipe: chrome-pdf, engine: handlebars, preview: false }","meta":{"rootId":"vyajtgh40l2766j","id":"vyajtgh40l2766j"},"id":"trplvvscbaowujz","previousOperationId":"dnt0dott29cygrx"}
{"type":"log","timestamp":1770859660394,"level":"debug","message":"Inline data specified.","meta":{"rootId":"vyajtgh40l2766j","id":"vyajtgh40l2766j"},"id":"6hj0djoktykkmii","previousOperationId":"dnt0dott29cygrx"}
{"type":"log","timestamp":1770859660399,"level":"debug","message":"Base url not specified, skipping its injection.","meta":{"rootId":"vyajtgh40l2766j","id":"vyajtgh40l2766j"},"id":"oiete5exfsu4lkf","previousOperationId":"dnt0dott29cygrx"}
{"type":"operationStart","subtype":"engine","name":"handlebars","timestamp":1770859660401,"id":"3gmfkszvidgclvs","previousEventId":"b02tpws5arm4vhj","operationId":"uxhwyyiqe9c8uto","previousOperationId":"dnt0dott29cygrx"}
{"type":"log","timestamp":1770859660402,"level":"debug","message":"Rendering engine handlebars","meta":{"rootId":"vyajtgh40l2766j","id":"vyajtgh40l2766j"},"id":"57kfh0l6a58in8n","previousOperationId":"uxhwyyiqe9c8uto"}
{"type":"operationEnd","operationId":"uxhwyyiqe9c8uto","timestamp":1770859660483,"id":"d42co73hpgeynss","previousEventId":"3gmfkszvidgclvs","previousOperationId":"uxhwyyiqe9c8uto"}
{"type":"operationStart","subtype":"recipe","name":"chrome-pdf","timestamp":1770859660484,"id":"8kiyhsq7pqa2wjj","previousEventId":"d42co73hpgeynss","operationId":"k4sb40ejdim0sil","previousOperationId":"uxhwyyiqe9c8uto"}
{"type":"log","timestamp":1770859660484,"level":"debug","message":"Executing recipe chrome-pdf","meta":{"rootId":"vyajtgh40l2766j","id":"vyajtgh40l2766j"},"id":"9y4xipnqeu3zuc9","previousOperationId":"k4sb40ejdim0sil"}
{"type":"log","timestamp":1770859660506,"level":"debug","message":"Converting with chrome Chrome/142.0.7444.175 using chrome-pool strategy","meta":{"rootId":"vyajtgh40l2766j","id":"vyajtgh40l2766j"},"id":"eu5ge3guvydo1rm","previousOperationId":"k4sb40ejdim0sil"}
{"type":"log","timestamp":1770859660648,"level":"debug","message":"Page request: GET (document) file:///tmp/jsreport/autocleanup/e570debd-a972-4271-b268-a56dbf11fd9c-chrome-pdf.html","meta":{"rootId":"vyajtgh40l2766j","id":"vyajtgh40l2766j"},"id":"kyta7s3uu5sial1","previousOperationId":"k4sb40ejdim0sil"}
{"type":"log","timestamp":1770859660666,"level":"debug","message":"Page request finished: GET (document) 200 file:///tmp/jsreport/autocleanup/e570debd-a972-4271-b268-a56dbf11fd9c-chrome-pdf.html","meta":{"rootId":"vyajtgh40l2766j","id":"vyajtgh40l2766j"},"id":"2jofs05wztos8ou","previousOperationId":"k4sb40ejdim0sil"}
{"type":"log","timestamp":1770859660666,"level":"debug","message":"Page request: GET (image) https://paciolibucket.s3.us-east-2.amazonaws.com/orgs/c64b69f6759a43a1bc0ae31961876751/companies/logos/e9767ff4-7186-447f-a397-208ea6bbfdb8_ninosfelices.png?X-Amz-Expires=600&X-Amz-Algorithm=AWS4-HMAC-SHA256&X-Amz-Credential=AKIAVYV5Z6T6UQ4ARWOC%2F20260212%2Fus-east-2%2Fs3%2Faws4_request&X-Amz-Date=20260212T012740Z&X-Amz-SignedHeaders=host&X-Amz-Signature=c48167a65135bec0587b1373deac0aae4f635ba8c5cb89c6eb36046f4d60c66a","meta":{"rootId":"vyajtgh40l2766j","id":"vyajtgh40l2766j"},"id":"5ctttl8klw3oukz","previousOperationId":"k4sb40ejdim0sil"}
{"type":"log","timestamp":1770859661285,"level":"debug","message":"Page request finished: GET (image) 200 https://paciolibucket.s3.us-east-2.amazonaws.com/orgs/c64b69f6759a43a1bc0ae31961876751/companies/logos/e9767ff4-7186-447f-a397-208ea6bbfdb8_ninosfelices.png?X-Amz-Expires=600&X-Amz-Algorithm=AWS4-HMAC-SHA256&X-Amz-Credential=AKIAVYV5Z6T6UQ4ARWOC%2F20260212%2Fus-east-2%2Fs3%2Faws4_request&X-Amz-Date=20260212T012740Z&X-Amz-SignedHeaders=host&X-Amz-Signature=c48167a65135bec0587b1373deac0aae4f635ba8c5cb89c6eb36046f4d60c66a","meta":{"rootId":"vyajtgh40l2766j","id":"vyajtgh40l2766j"},"id":"ph987hqhqs7munz","previousOperationId":"k4sb40ejdim0sil"}
{"type":"log","timestamp":1770859661287,"level":"debug","message":"Running chrome with params {\"printBackground\":true,\"timeout\":59751,\"margin\":{}}","meta":{"rootId":"vyajtgh40l2766j","id":"vyajtgh40l2766j"},"id":"2bi7tszerl8ggdj","previousOperationId":"k4sb40ejdim0sil"}
{"type":"operationEnd","operationId":"k4sb40ejdim0sil","timestamp":1770859661356,"id":"mfb5tdumo2noo09","previousEventId":"8kiyhsq7pqa2wjj","previousOperationId":"k4sb40ejdim0sil"}
{"type":"log","timestamp":1770859661356,"level":"debug","message":"Skipping storing report.","meta":{"rootId":"vyajtgh40l2766j","id":"vyajtgh40l2766j"},"id":"sk1zt7096m1tjtd","previousOperationId":"k4sb40ejdim0sil"}
{"type":"log","timestamp":1770859661356,"level":"info","message":"Rendering request 3 finished in 1114 ms","meta":{"rootId":"vyajtgh40l2766j","id":"vyajtgh40l2766j"},"id":"8ybbhoeu6s304eb","previousOperationId":"k4sb40ejdim0sil"}
{"type":"operationEnd","subtype":"render","operationId":"dnt0dott29cygrx","timestamp":1770859661356,"id":"ljpx1t3y5gxjymj","previousEventId":"mfb5tdumo2noo09","previousOperationId":"k4sb40ejdim0sil"}
{"type":"operationEnd","doDiffs":false,"previousEventId":"as1p8rg229wh3no","previousOperationId":"537fq5pttz3p6q1","operationId":"537fq5pttz3p6q1","timestamp":1770859661357,"id":"8jsnoa1yf1qczlj"}
