{"type":"operationStart","subtype":"profile","data":{"_id":"OMXPeYKpVsXKkZUm","timestamp":"2026-01-22T02:50:23.172Z","state":"queued","mode":"standard","creationDate":"2026-01-22T02:50:23.177Z","modificationDate":"2026-01-22T02:50:23.177Z","shortid":"6BpWa5R","$entitySet":"profiles"},"doDiffs":false,"timestamp":1769050223176,"id":"q6e0ocx6l9ah9fn","previousOperationId":null,"operationId":"djmombegmsfkpne"}
{"type":"log","level":"info","message":"Render request 70 queued for execution and waiting for available worker","previousOperationId":"djmombegmsfkpne","timestamp":1769050223176,"id":"rd6woww2w7nh3yd"}
{"type":"operationStart","subtype":"render","name":"journal-entry-v1","previousOperationId":"djmombegmsfkpne","timestamp":1769050223250,"id":"4pw7uavxzzb0x45","previousEventId":"q6e0ocx6l9ah9fn","operationId":"f4025x3cv2syg4e"}
{"type":"log","timestamp":1769050223250,"level":"info","message":"Starting rendering request 70","meta":{"rootId":"w16sp1z4b42p38u","id":"w16sp1z4b42p38u"},"id":"5yzn46s5d8nxxdn","previousOperationId":"f4025x3cv2syg4e"}
{"type":"log","timestamp":1769050223250,"level":"info","message":"Rendering template { name: journal-entry-v1, recipe: chrome-pdf, engine: handlebars, preview: false }","meta":{"rootId":"w16sp1z4b42p38u","id":"w16sp1z4b42p38u"},"id":"rpkvn2x6wkic103","previousOperationId":"f4025x3cv2syg4e"}
{"type":"log","timestamp":1769050223257,"level":"debug","message":"Inline data specified.","meta":{"rootId":"w16sp1z4b42p38u","id":"w16sp1z4b42p38u"},"id":"ei8da2x022uk3m9","previousOperationId":"f4025x3cv2syg4e"}
{"type":"log","timestamp":1769050223260,"level":"debug","message":"Base url not specified, skipping its injection.","meta":{"rootId":"w16sp1z4b42p38u","id":"w16sp1z4b42p38u"},"id":"6x1jxt7pr9lx1y4","previousOperationId":"f4025x3cv2syg4e"}
{"type":"operationStart","subtype":"engine","name":"handlebars","timestamp":1769050223260,"id":"i7maefyk2ex1tln","previousEventId":"4pw7uavxzzb0x45","operationId":"03nmoszlxjpxxu2","previousOperationId":"f4025x3cv2syg4e"}
{"type":"log","timestamp":1769050223260,"level":"debug","message":"Rendering engine handlebars","meta":{"rootId":"w16sp1z4b42p38u","id":"w16sp1z4b42p38u"},"id":"vxyzuiyf7d2fyrt","previousOperationId":"03nmoszlxjpxxu2"}
{"type":"operationEnd","operationId":"03nmoszlxjpxxu2","timestamp":1769050223269,"id":"1harr96k5fqwv2q","previousEventId":"i7maefyk2ex1tln","previousOperationId":"03nmoszlxjpxxu2"}
{"type":"operationStart","subtype":"recipe","name":"chrome-pdf","timestamp":1769050223269,"id":"n3v4bcdjfkofegs","previousEventId":"1harr96k5fqwv2q","operationId":"s7pmpydes8kgsq0","previousOperationId":"03nmoszlxjpxxu2"}
{"type":"log","timestamp":1769050223269,"level":"debug","message":"Executing recipe chrome-pdf","meta":{"rootId":"w16sp1z4b42p38u","id":"w16sp1z4b42p38u"},"id":"qzrn24lz1wy69zt","previousOperationId":"s7pmpydes8kgsq0"}
{"type":"log","timestamp":1769050223272,"level":"debug","message":"Converting with chrome Chrome/142.0.7444.175 using chrome-pool strategy","meta":{"rootId":"w16sp1z4b42p38u","id":"w16sp1z4b42p38u"},"id":"be5se40fperamzk","previousOperationId":"s7pmpydes8kgsq0"}
{"type":"log","timestamp":1769050223313,"level":"debug","message":"Page request: GET (document) file:///tmp/jsreport/autocleanup/8fb9f278-71c1-4e85-839c-ad31a2f2d47a-chrome-pdf.html","meta":{"rootId":"w16sp1z4b42p38u","id":"w16sp1z4b42p38u"},"id":"wkdfqy6ztu91f26","previousOperationId":"s7pmpydes8kgsq0"}
{"type":"log","timestamp":1769050223323,"level":"debug","message":"Page request finished: GET (document) 200 file:///tmp/jsreport/autocleanup/8fb9f278-71c1-4e85-839c-ad31a2f2d47a-chrome-pdf.html","meta":{"rootId":"w16sp1z4b42p38u","id":"w16sp1z4b42p38u"},"id":"s5p8c1l8t2qlqt2","previousOperationId":"s7pmpydes8kgsq0"}
{"type":"log","timestamp":1769050223349,"level":"debug","message":"Running chrome with params {\"printBackground\":true,\"timeout\":59902,\"margin\":{}}","meta":{"rootId":"w16sp1z4b42p38u","id":"w16sp1z4b42p38u"},"id":"0n7m0gyb9b5n5hg","previousOperationId":"s7pmpydes8kgsq0"}
{"type":"operationEnd","operationId":"s7pmpydes8kgsq0","timestamp":1769050223402,"id":"ooakj118eyhe6vi","previousEventId":"n3v4bcdjfkofegs","previousOperationId":"s7pmpydes8kgsq0"}
{"type":"log","timestamp":1769050223402,"level":"debug","message":"Skipping storing report.","meta":{"rootId":"w16sp1z4b42p38u","id":"w16sp1z4b42p38u"},"id":"nb5m936efsl5zrq","previousOperationId":"s7pmpydes8kgsq0"}
{"type":"log","timestamp":1769050223402,"level":"info","message":"Rendering request 70 finished in 231 ms","meta":{"rootId":"w16sp1z4b42p38u","id":"w16sp1z4b42p38u"},"id":"nzx2hv59h6n8d9t","previousOperationId":"s7pmpydes8kgsq0"}
{"type":"operationEnd","subtype":"render","operationId":"f4025x3cv2syg4e","timestamp":1769050223402,"id":"8qfu4r9i3p65bx5","previousEventId":"ooakj118eyhe6vi","previousOperationId":"s7pmpydes8kgsq0"}
{"type":"operationEnd","doDiffs":false,"previousEventId":"q6e0ocx6l9ah9fn","previousOperationId":"djmombegmsfkpne","operationId":"djmombegmsfkpne","timestamp":1769050223403,"id":"tw9h7fr9qnnsnyw"}
