{"type":"operationStart","subtype":"profile","data":{"_id":"ofvNtV5v7vx6EwIR","timestamp":"2026-03-22T01:21:31.647Z","state":"queued","mode":"standard","creationDate":"2026-03-22T01:21:31.650Z","modificationDate":"2026-03-22T01:21:31.650Z","shortid":"IMJl8VY","$entitySet":"profiles"},"doDiffs":false,"timestamp":1774142491649,"id":"7drdceurf7x5j0m","previousOperationId":null,"operationId":"a324zywik8kkqq0"}
{"type":"log","level":"info","message":"Render request 1 queued for execution and waiting for available worker","previousOperationId":"a324zywik8kkqq0","timestamp":1774142491649,"id":"jlr1du7spm0vp0m"}
{"type":"operationStart","subtype":"render","name":"journal-entry-v1","previousOperationId":"a324zywik8kkqq0","timestamp":1774142491738,"id":"rgnjf0a56m6s5mg","previousEventId":"7drdceurf7x5j0m","operationId":"9uxjjqnal3g1g07"}
{"type":"log","timestamp":1774142491739,"level":"info","message":"Starting rendering request 1","meta":{"rootId":"w4gpvegtawcqi6i","id":"w4gpvegtawcqi6i"},"id":"cuot837vlz1ivqk","previousOperationId":"9uxjjqnal3g1g07"}
{"type":"log","timestamp":1774142491739,"level":"info","message":"Rendering template { name: journal-entry-v1, recipe: chrome-pdf, engine: handlebars, preview: false }","meta":{"rootId":"w4gpvegtawcqi6i","id":"w4gpvegtawcqi6i"},"id":"rfidesrg0ne8k71","previousOperationId":"9uxjjqnal3g1g07"}
{"type":"log","timestamp":1774142491741,"level":"debug","message":"Inline data specified.","meta":{"rootId":"w4gpvegtawcqi6i","id":"w4gpvegtawcqi6i"},"id":"eyrgixg1ormsn3k","previousOperationId":"9uxjjqnal3g1g07"}
{"type":"log","timestamp":1774142491744,"level":"debug","message":"Base url not specified, skipping its injection.","meta":{"rootId":"w4gpvegtawcqi6i","id":"w4gpvegtawcqi6i"},"id":"3zxxyuzsop8i6sd","previousOperationId":"9uxjjqnal3g1g07"}
{"type":"operationStart","subtype":"engine","name":"handlebars","timestamp":1774142491744,"id":"5584isv35s0fkgo","previousEventId":"rgnjf0a56m6s5mg","operationId":"iqzsgph09nzrmdg","previousOperationId":"9uxjjqnal3g1g07"}
{"type":"log","timestamp":1774142491744,"level":"debug","message":"Rendering engine handlebars","meta":{"rootId":"w4gpvegtawcqi6i","id":"w4gpvegtawcqi6i"},"id":"1ku7z9hnzheqejq","previousOperationId":"iqzsgph09nzrmdg"}
{"type":"operationEnd","operationId":"iqzsgph09nzrmdg","timestamp":1774142492206,"id":"l6k0ka9ttsyyuml","previousEventId":"5584isv35s0fkgo","previousOperationId":"iqzsgph09nzrmdg"}
{"type":"operationStart","subtype":"recipe","name":"chrome-pdf","timestamp":1774142492206,"id":"l4lj5xbzb489g76","previousEventId":"l6k0ka9ttsyyuml","operationId":"6wgnysqmg0dcxj7","previousOperationId":"iqzsgph09nzrmdg"}
{"type":"log","timestamp":1774142492206,"level":"debug","message":"Executing recipe chrome-pdf","meta":{"rootId":"w4gpvegtawcqi6i","id":"w4gpvegtawcqi6i"},"id":"rdkae5zx7q07ekb","previousOperationId":"6wgnysqmg0dcxj7"}
{"type":"log","timestamp":1774142493368,"level":"debug","message":"Converting with chrome Chrome/144.0.7559.109 using chrome-pool strategy","meta":{"rootId":"w4gpvegtawcqi6i","id":"w4gpvegtawcqi6i"},"id":"a16gc3cj1swvq0f","previousOperationId":"6wgnysqmg0dcxj7"}
{"type":"log","timestamp":1774142493445,"level":"debug","message":"Page request: GET (document) file:///tmp/jsreport/autocleanup/c4686816-f8c6-473a-b534-c0609fc5bbb3-chrome-pdf.html","meta":{"rootId":"w4gpvegtawcqi6i","id":"w4gpvegtawcqi6i"},"id":"p9lx39ctgwsrm8e","previousOperationId":"6wgnysqmg0dcxj7"}
{"type":"log","timestamp":1774142493464,"level":"debug","message":"Page request finished: GET (document) 200 file:///tmp/jsreport/autocleanup/c4686816-f8c6-473a-b534-c0609fc5bbb3-chrome-pdf.html","meta":{"rootId":"w4gpvegtawcqi6i","id":"w4gpvegtawcqi6i"},"id":"a0umo31f5nqpbac","previousOperationId":"6wgnysqmg0dcxj7"}
{"type":"log","timestamp":1774142493465,"level":"debug","message":"Page request: GET (image) https://paciolibucket.s3.us-east-2.amazonaws.com/orgs/c64b69f6759a43a1bc0ae31961876751/companies/logos/b6e6bbb3-4217-4336-88b7-161c9ce34ada_Applicorp%20Logo.png?X-Amz-Expires=600&X-Amz-Algorithm=AWS4-HMAC-SHA256&X-Amz-Credential=AKIAVYV5Z6T6UQ4ARWOC%2F20260322%2Fus-east-2%2Fs3%2Faws4_request&X-Amz-Date=20260322T012131Z&X-Amz-SignedHeaders=host&X-Amz-Signature=eae36809ddd64c77ab334c27192e55e6eb189fbb0e8176daa82babbb68989f5c","meta":{"rootId":"w4gpvegtawcqi6i","id":"w4gpvegtawcqi6i"},"id":"blljd3bc4zhoj41","previousOperationId":"6wgnysqmg0dcxj7"}
{"type":"log","timestamp":1774142493945,"level":"debug","message":"Page request finished: GET (image) 200 https://paciolibucket.s3.us-east-2.amazonaws.com/orgs/c64b69f6759a43a1bc0ae31961876751/companies/logos/b6e6bbb3-4217-4336-88b7-161c9ce34ada_Applicorp%20Logo.png?X-Amz-Expires=600&X-Amz-Algorithm=AWS4-HMAC-SHA256&X-Amz-Credential=AKIAVYV5Z6T6UQ4ARWOC%2F20260322%2Fus-east-2%2Fs3%2Faws4_request&X-Amz-Date=20260322T012131Z&X-Amz-SignedHeaders=host&X-Amz-Signature=eae36809ddd64c77ab334c27192e55e6eb189fbb0e8176daa82babbb68989f5c","meta":{"rootId":"w4gpvegtawcqi6i","id":"w4gpvegtawcqi6i"},"id":"61dpkjy3chmle66","previousOperationId":"6wgnysqmg0dcxj7"}
{"type":"log","timestamp":1774142493949,"level":"debug","message":"Running chrome with params {\"printBackground\":true,\"timeout\":59434,\"margin\":{}}","meta":{"rootId":"w4gpvegtawcqi6i","id":"w4gpvegtawcqi6i"},"id":"tckcp6jxdymf346","previousOperationId":"6wgnysqmg0dcxj7"}
{"type":"operationEnd","operationId":"6wgnysqmg0dcxj7","timestamp":1774142494041,"id":"jlvc27eztdpizn7","previousEventId":"l4lj5xbzb489g76","previousOperationId":"6wgnysqmg0dcxj7"}
{"type":"log","timestamp":1774142494042,"level":"debug","message":"Skipping storing report.","meta":{"rootId":"w4gpvegtawcqi6i","id":"w4gpvegtawcqi6i"},"id":"ckfcsmtscojubgb","previousOperationId":"6wgnysqmg0dcxj7"}
{"type":"log","timestamp":1774142494042,"level":"info","message":"Rendering request 1 finished in 2396 ms","meta":{"rootId":"w4gpvegtawcqi6i","id":"w4gpvegtawcqi6i"},"id":"q6tyyb2e71l635p","previousOperationId":"6wgnysqmg0dcxj7"}
{"type":"operationEnd","subtype":"render","operationId":"9uxjjqnal3g1g07","timestamp":1774142494042,"id":"v7i80jxi2trywei","previousEventId":"jlvc27eztdpizn7","previousOperationId":"6wgnysqmg0dcxj7"}
{"type":"operationEnd","doDiffs":false,"previousEventId":"7drdceurf7x5j0m","previousOperationId":"a324zywik8kkqq0","operationId":"a324zywik8kkqq0","timestamp":1774142494044,"id":"48vvnqbqwu24anc"}
