{"type":"operationStart","subtype":"profile","data":{"_id":"zOFKu8rvnawZFtvf","timestamp":"2026-01-23T00:28:25.684Z","state":"queued","mode":"standard","creationDate":"2026-01-23T00:28:25.695Z","modificationDate":"2026-01-23T00:28:25.695Z","shortid":"7MQvJc-","$entitySet":"profiles"},"doDiffs":false,"timestamp":1769128105691,"id":"kxm1bxwliksguf5","previousOperationId":null,"operationId":"pq45uvpkhcd1b7i"}
{"type":"log","level":"info","message":"Render request 1 queued for execution and waiting for available worker","previousOperationId":"pq45uvpkhcd1b7i","timestamp":1769128105694,"id":"xruxw2vomkr74xw"}
{"type":"operationStart","subtype":"render","name":"journal-entry-v1","previousOperationId":"pq45uvpkhcd1b7i","timestamp":1769128105921,"id":"0scwjy7ciyd71pt","previousEventId":"kxm1bxwliksguf5","operationId":"okd32vumxfyofdc"}
{"type":"log","timestamp":1769128105940,"level":"info","message":"Starting rendering request 1","meta":{"rootId":"wdip6apbh33ou43","id":"wdip6apbh33ou43"},"id":"c60trvjtaxdmmri","previousOperationId":"okd32vumxfyofdc"}
{"type":"log","timestamp":1769128105958,"level":"info","message":"Rendering template { name: journal-entry-v1, recipe: chrome-pdf, engine: handlebars, preview: true }","meta":{"rootId":"wdip6apbh33ou43","id":"wdip6apbh33ou43"},"id":"o4od69kf0e3zwya","previousOperationId":"okd32vumxfyofdc"}
{"type":"log","timestamp":1769128105989,"level":"debug","message":"Adding sample data 1aIVzc9G4","meta":{"rootId":"wdip6apbh33ou43","id":"wdip6apbh33ou43"},"id":"2i4s2mn77a8xjny","previousOperationId":"okd32vumxfyofdc"}
{"type":"log","timestamp":1769128106033,"level":"debug","message":"Base url not specified, skipping its injection.","meta":{"rootId":"wdip6apbh33ou43","id":"wdip6apbh33ou43"},"id":"05nsod4r99pfd0a","previousOperationId":"okd32vumxfyofdc"}
{"type":"operationStart","subtype":"engine","name":"handlebars","timestamp":1769128106053,"id":"hucegpyws5tcjtr","previousEventId":"0scwjy7ciyd71pt","operationId":"yupkqxj9kjb6221","previousOperationId":"okd32vumxfyofdc"}
{"type":"log","timestamp":1769128106053,"level":"debug","message":"Rendering engine handlebars","meta":{"rootId":"wdip6apbh33ou43","id":"wdip6apbh33ou43"},"id":"5wzqb08m8zpj5pg","previousOperationId":"yupkqxj9kjb6221"}
{"type":"operationEnd","operationId":"yupkqxj9kjb6221","timestamp":1769128107559,"id":"1iqmpxjf2ypz8hf","previousEventId":"hucegpyws5tcjtr","previousOperationId":"yupkqxj9kjb6221"}
{"type":"operationStart","subtype":"recipe","name":"chrome-pdf","timestamp":1769128107560,"id":"5zlnuy3iesu012z","previousEventId":"1iqmpxjf2ypz8hf","operationId":"1hyuf2c6c59sacm","previousOperationId":"yupkqxj9kjb6221"}
{"type":"log","timestamp":1769128107560,"level":"debug","message":"Executing recipe chrome-pdf","meta":{"rootId":"wdip6apbh33ou43","id":"wdip6apbh33ou43"},"id":"58hc6al5d67sjfz","previousOperationId":"1hyuf2c6c59sacm"}
{"type":"log","timestamp":1769128108673,"level":"debug","message":"Converting with chrome Chrome/142.0.7444.175 using chrome-pool strategy","meta":{"rootId":"wdip6apbh33ou43","id":"wdip6apbh33ou43"},"id":"ohfvifli6kkp28d","previousOperationId":"1hyuf2c6c59sacm"}
{"type":"log","timestamp":1769128108787,"level":"debug","message":"Page request: GET (document) file:///tmp/jsreport/autocleanup/37f8ab8d-76ac-4cc8-8436-2cfe7b104623-chrome-pdf.html","meta":{"rootId":"wdip6apbh33ou43","id":"wdip6apbh33ou43"},"id":"3r6xg7x7ubl2d6q","previousOperationId":"1hyuf2c6c59sacm"}
{"type":"log","timestamp":1769128108806,"level":"debug","message":"Page request finished: GET (document) 200 file:///tmp/jsreport/autocleanup/37f8ab8d-76ac-4cc8-8436-2cfe7b104623-chrome-pdf.html","meta":{"rootId":"wdip6apbh33ou43","id":"wdip6apbh33ou43"},"id":"apsgbz8hws0z0uw","previousOperationId":"1hyuf2c6c59sacm"}
{"type":"log","timestamp":1769128108806,"level":"debug","message":"Page request: GET (image) https://paciolibucket.s3.us-east-2.amazonaws.com/orgs/c64b69f6759a43a1bc0ae31961876751/companies/logos/e9767ff4-7186-447f-a397-208ea6bbfdb8_ninosfelices.png?X-Amz-Expires=600&X-Amz-Algorithm=AWS4-HMAC-SHA256&X-Amz-Credential=AKIAVYV5Z6T6UQ4ARWOC%2F20260122%2Fus-east-2%2Fs3%2Faws4_request&X-Amz-Date=20260122T033528Z&X-Amz-SignedHeaders=host&X-Amz-Signature=9b633606df821d9898111391bdf513f485b895efcc031a2d8642978865590d15","meta":{"rootId":"wdip6apbh33ou43","id":"wdip6apbh33ou43"},"id":"6p1w51khrm4sry3","previousOperationId":"1hyuf2c6c59sacm"}
{"type":"log","timestamp":1769128109191,"level":"warn","message":"Page request failed: GET (image) https://paciolibucket.s3.us-east-2.amazonaws.com/orgs/c64b69f6759a43a1bc0ae31961876751/companies/logos/e9767ff4-7186-447f-a397-208ea6bbfdb8_ninosfelices.png?X-Amz-Expires=600&X-Amz-Algorithm=AWS4-HMAC-SHA256&X-Amz-Credential=AKIAVYV5Z6T6UQ4ARWOC%2F20260122%2Fus-east-2%2Fs3%2Faws4_request&X-Amz-Date=20260122T033528Z&X-Amz-SignedHeaders=host&X-Amz-Signature=9b633606df821d9898111391bdf513f485b895efcc031a2d8642978865590d15, failure: net::ERR_BLOCKED_BY_ORB","meta":{"rootId":"wdip6apbh33ou43","id":"wdip6apbh33ou43"},"id":"h5ms5mhwu8858hp","previousOperationId":"1hyuf2c6c59sacm"}
{"type":"log","timestamp":1769128109195,"level":"debug","message":"Running chrome with params {\"printBackground\":true,\"timeout\":58105,\"margin\":{}}","meta":{"rootId":"wdip6apbh33ou43","id":"wdip6apbh33ou43"},"id":"grs7r38sqduuhva","previousOperationId":"1hyuf2c6c59sacm"}
{"type":"operationEnd","operationId":"1hyuf2c6c59sacm","timestamp":1769128109269,"id":"iigwgoorp9upj9w","previousEventId":"5zlnuy3iesu012z","previousOperationId":"1hyuf2c6c59sacm"}
{"type":"log","timestamp":1769128109270,"level":"debug","message":"Skipping storing report.","meta":{"rootId":"wdip6apbh33ou43","id":"wdip6apbh33ou43"},"id":"sni05njk3fcghkn","previousOperationId":"1hyuf2c6c59sacm"}
{"type":"log","timestamp":1769128109270,"level":"info","message":"Rendering request 1 finished in 3588 ms","meta":{"rootId":"wdip6apbh33ou43","id":"wdip6apbh33ou43"},"id":"k46owfv8ksfvdlo","previousOperationId":"1hyuf2c6c59sacm"}
{"type":"operationEnd","subtype":"render","operationId":"okd32vumxfyofdc","timestamp":1769128109270,"id":"x1zzxfhimau47hn","previousEventId":"iigwgoorp9upj9w","previousOperationId":"1hyuf2c6c59sacm"}
{"type":"operationEnd","doDiffs":false,"previousEventId":"kxm1bxwliksguf5","previousOperationId":"pq45uvpkhcd1b7i","operationId":"pq45uvpkhcd1b7i","timestamp":1769128109273,"id":"9sa8exp7pydvhjs"}
