{"type":"operationStart","subtype":"profile","data":{"_id":"pYj6OWacaWtpIzsJ","timestamp":"2026-02-19T03:53:07.700Z","state":"queued","mode":"standard","creationDate":"2026-02-19T03:53:07.710Z","modificationDate":"2026-02-19T03:53:07.710Z","shortid":"3z5AO56","$entitySet":"profiles"},"doDiffs":false,"timestamp":1771473187705,"id":"jd5lcwq4ppkqozn","previousOperationId":null,"operationId":"yqcnfnm611iyctg"}
{"type":"log","level":"info","message":"Render request 2 queued for execution and waiting for available worker","previousOperationId":"yqcnfnm611iyctg","timestamp":1771473187705,"id":"7jal0nds8skh0p5"}
{"type":"operationStart","subtype":"render","name":"journal-entry-v1","previousOperationId":"yqcnfnm611iyctg","timestamp":1771473187825,"id":"plilcbk1h9co5mq","previousEventId":"jd5lcwq4ppkqozn","operationId":"x6pk03y5ccl7n5i"}
{"type":"log","timestamp":1771473187830,"level":"info","message":"Starting rendering request 2","meta":{"rootId":"wea8roxab0yy5ft","id":"wea8roxab0yy5ft"},"id":"ci3uiz83fz0z3a6","previousOperationId":"x6pk03y5ccl7n5i"}
{"type":"log","timestamp":1771473187834,"level":"info","message":"Rendering template { name: journal-entry-v1, recipe: chrome-pdf, engine: handlebars, preview: false }","meta":{"rootId":"wea8roxab0yy5ft","id":"wea8roxab0yy5ft"},"id":"2w4740fdm4r1958","previousOperationId":"x6pk03y5ccl7n5i"}
{"type":"log","timestamp":1771473187837,"level":"debug","message":"Inline data specified.","meta":{"rootId":"wea8roxab0yy5ft","id":"wea8roxab0yy5ft"},"id":"0z5110u2rj9odfv","previousOperationId":"x6pk03y5ccl7n5i"}
{"type":"log","timestamp":1771473187843,"level":"debug","message":"Base url not specified, skipping its injection.","meta":{"rootId":"wea8roxab0yy5ft","id":"wea8roxab0yy5ft"},"id":"7ximiqim8hh27lz","previousOperationId":"x6pk03y5ccl7n5i"}
{"type":"operationStart","subtype":"engine","name":"handlebars","timestamp":1771473187848,"id":"6c6aypl0saa5jpl","previousEventId":"plilcbk1h9co5mq","operationId":"bx3grpiwjtzr95z","previousOperationId":"x6pk03y5ccl7n5i"}
{"type":"log","timestamp":1771473187848,"level":"debug","message":"Rendering engine handlebars","meta":{"rootId":"wea8roxab0yy5ft","id":"wea8roxab0yy5ft"},"id":"ybe768uctmcp4yb","previousOperationId":"bx3grpiwjtzr95z"}
{"type":"operationEnd","operationId":"bx3grpiwjtzr95z","timestamp":1771473188380,"id":"zymh6nykfjdhy8p","previousEventId":"6c6aypl0saa5jpl","previousOperationId":"bx3grpiwjtzr95z"}
{"type":"operationStart","subtype":"recipe","name":"chrome-pdf","timestamp":1771473188380,"id":"qy4swwlgefwo58b","previousEventId":"zymh6nykfjdhy8p","operationId":"pjs2nktzv48bivm","previousOperationId":"bx3grpiwjtzr95z"}
{"type":"log","timestamp":1771473188380,"level":"debug","message":"Executing recipe chrome-pdf","meta":{"rootId":"wea8roxab0yy5ft","id":"wea8roxab0yy5ft"},"id":"dc251hy8tbrg6s0","previousOperationId":"pjs2nktzv48bivm"}
{"type":"log","timestamp":1771473189727,"level":"debug","message":"Converting with chrome Chrome/142.0.7444.175 using chrome-pool strategy","meta":{"rootId":"wea8roxab0yy5ft","id":"wea8roxab0yy5ft"},"id":"j4gzzwo9kvb3s4g","previousOperationId":"pjs2nktzv48bivm"}
{"type":"log","timestamp":1771473189917,"level":"debug","message":"Page request: GET (document) file:///tmp/jsreport/autocleanup/824ecd35-24ad-48b3-8551-3b6f619e3632-chrome-pdf.html","meta":{"rootId":"wea8roxab0yy5ft","id":"wea8roxab0yy5ft"},"id":"yrolcexllkz5ufr","previousOperationId":"pjs2nktzv48bivm"}
{"type":"log","timestamp":1771473189941,"level":"debug","message":"Page request finished: GET (document) 200 file:///tmp/jsreport/autocleanup/824ecd35-24ad-48b3-8551-3b6f619e3632-chrome-pdf.html","meta":{"rootId":"wea8roxab0yy5ft","id":"wea8roxab0yy5ft"},"id":"x5ye6qvg74uebc6","previousOperationId":"pjs2nktzv48bivm"}
{"type":"log","timestamp":1771473189941,"level":"debug","message":"Page request: GET (image) https://paciolibucket.s3.us-east-2.amazonaws.com/orgs/c64b69f6759a43a1bc0ae31961876751/companies/logos/b6e6bbb3-4217-4336-88b7-161c9ce34ada_Applicorp%20Logo.png?X-Amz-Expires=600&X-Amz-Algorithm=AWS4-HMAC-SHA256&X-Amz-Credential=AKIAVYV5Z6T6UQ4ARWOC%2F20260219%2Fus-east-2%2Fs3%2Faws4_request&X-Amz-Date=20260219T035307Z&X-Amz-SignedHeaders=host&X-Amz-Signature=7b1e88161b7a1a638517d635bc06493852aa631f72434cc05f1e21c7dcc89e60","meta":{"rootId":"wea8roxab0yy5ft","id":"wea8roxab0yy5ft"},"id":"93ra2rd5vcdf07a","previousOperationId":"pjs2nktzv48bivm"}
{"type":"log","timestamp":1771473190422,"level":"debug","message":"Page request finished: GET (image) 200 https://paciolibucket.s3.us-east-2.amazonaws.com/orgs/c64b69f6759a43a1bc0ae31961876751/companies/logos/b6e6bbb3-4217-4336-88b7-161c9ce34ada_Applicorp%20Logo.png?X-Amz-Expires=600&X-Amz-Algorithm=AWS4-HMAC-SHA256&X-Amz-Credential=AKIAVYV5Z6T6UQ4ARWOC%2F20260219%2Fus-east-2%2Fs3%2Faws4_request&X-Amz-Date=20260219T035307Z&X-Amz-SignedHeaders=host&X-Amz-Signature=7b1e88161b7a1a638517d635bc06493852aa631f72434cc05f1e21c7dcc89e60","meta":{"rootId":"wea8roxab0yy5ft","id":"wea8roxab0yy5ft"},"id":"r358gbpenxvhe3m","previousOperationId":"pjs2nktzv48bivm"}
{"type":"log","timestamp":1771473190425,"level":"debug","message":"Running chrome with params {\"printBackground\":true,\"timeout\":59309,\"margin\":{}}","meta":{"rootId":"wea8roxab0yy5ft","id":"wea8roxab0yy5ft"},"id":"0hc5f1lrdty5lqq","previousOperationId":"pjs2nktzv48bivm"}
{"type":"operationEnd","operationId":"pjs2nktzv48bivm","timestamp":1771473190506,"id":"08a052rdd0qxfrk","previousEventId":"qy4swwlgefwo58b","previousOperationId":"pjs2nktzv48bivm"}
{"type":"log","timestamp":1771473190507,"level":"debug","message":"Skipping storing report.","meta":{"rootId":"wea8roxab0yy5ft","id":"wea8roxab0yy5ft"},"id":"5sif8xl2actuwpj","previousOperationId":"pjs2nktzv48bivm"}
{"type":"log","timestamp":1771473190507,"level":"info","message":"Rendering request 2 finished in 2812 ms","meta":{"rootId":"wea8roxab0yy5ft","id":"wea8roxab0yy5ft"},"id":"0n43e04swtsa8pr","previousOperationId":"pjs2nktzv48bivm"}
{"type":"operationEnd","subtype":"render","operationId":"x6pk03y5ccl7n5i","timestamp":1771473190507,"id":"9fb5dr21v1qaoik","previousEventId":"08a052rdd0qxfrk","previousOperationId":"pjs2nktzv48bivm"}
{"type":"operationEnd","doDiffs":false,"previousEventId":"jd5lcwq4ppkqozn","previousOperationId":"yqcnfnm611iyctg","operationId":"yqcnfnm611iyctg","timestamp":1771473190508,"id":"4lactwzdl3wsn3s"}
