{"type":"operationStart","subtype":"profile","data":{"_id":"IRu7WbiPxtwc1IyL","timestamp":"2026-02-19T03:36:00.929Z","state":"queued","mode":"standard","creationDate":"2026-02-19T03:36:00.936Z","modificationDate":"2026-02-19T03:36:00.936Z","shortid":"V6zsVBG","$entitySet":"profiles"},"doDiffs":false,"timestamp":1771472160934,"id":"4ejw3bc1hfmmg4a","previousOperationId":null,"operationId":"n7mx0uo7etuncw8"}
{"type":"log","level":"info","message":"Render request 1 queued for execution and waiting for available worker","previousOperationId":"n7mx0uo7etuncw8","timestamp":1771472160934,"id":"cpist7pn3buarfe"}
{"type":"operationStart","subtype":"render","name":"journal-entry-v1","previousOperationId":"n7mx0uo7etuncw8","timestamp":1771472161024,"id":"w6d4zqzbwvxss7f","previousEventId":"4ejw3bc1hfmmg4a","operationId":"kds9wqael1c17ap"}
{"type":"log","timestamp":1771472161028,"level":"info","message":"Starting rendering request 1","meta":{"rootId":"wx15oi9llw60gmm","id":"wx15oi9llw60gmm"},"id":"itjotby0wjr14ih","previousOperationId":"kds9wqael1c17ap"}
{"type":"log","timestamp":1771472161030,"level":"info","message":"Rendering template { name: journal-entry-v1, recipe: chrome-pdf, engine: handlebars, preview: false }","meta":{"rootId":"wx15oi9llw60gmm","id":"wx15oi9llw60gmm"},"id":"wyjroymaj2e6w0j","previousOperationId":"kds9wqael1c17ap"}
{"type":"log","timestamp":1771472161035,"level":"debug","message":"Inline data specified.","meta":{"rootId":"wx15oi9llw60gmm","id":"wx15oi9llw60gmm"},"id":"v93kka6y9epu4r7","previousOperationId":"kds9wqael1c17ap"}
{"type":"log","timestamp":1771472161041,"level":"debug","message":"Base url not specified, skipping its injection.","meta":{"rootId":"wx15oi9llw60gmm","id":"wx15oi9llw60gmm"},"id":"ro2pxmwg5u8ytm1","previousOperationId":"kds9wqael1c17ap"}
{"type":"operationStart","subtype":"engine","name":"handlebars","timestamp":1771472161045,"id":"m634mw6b151ag9w","previousEventId":"w6d4zqzbwvxss7f","operationId":"ca6fa75j8fbe6vr","previousOperationId":"kds9wqael1c17ap"}
{"type":"log","timestamp":1771472161045,"level":"debug","message":"Rendering engine handlebars","meta":{"rootId":"wx15oi9llw60gmm","id":"wx15oi9llw60gmm"},"id":"2148t0fyfmdu99l","previousOperationId":"ca6fa75j8fbe6vr"}
{"type":"operationEnd","operationId":"ca6fa75j8fbe6vr","timestamp":1771472161677,"id":"secxevleau51u5t","previousEventId":"m634mw6b151ag9w","previousOperationId":"ca6fa75j8fbe6vr"}
{"type":"operationStart","subtype":"recipe","name":"chrome-pdf","timestamp":1771472161678,"id":"o3cfb2k7liyo51j","previousEventId":"secxevleau51u5t","operationId":"f6fcisdbqimhfe1","previousOperationId":"ca6fa75j8fbe6vr"}
{"type":"log","timestamp":1771472161678,"level":"debug","message":"Executing recipe chrome-pdf","meta":{"rootId":"wx15oi9llw60gmm","id":"wx15oi9llw60gmm"},"id":"hmyw5axjp76alcv","previousOperationId":"f6fcisdbqimhfe1"}
{"type":"log","timestamp":1771472162793,"level":"debug","message":"Converting with chrome Chrome/142.0.7444.175 using chrome-pool strategy","meta":{"rootId":"wx15oi9llw60gmm","id":"wx15oi9llw60gmm"},"id":"3m4b9o8q491jgbm","previousOperationId":"f6fcisdbqimhfe1"}
{"type":"log","timestamp":1771472162893,"level":"debug","message":"Page request: GET (document) file:///tmp/jsreport/autocleanup/b63a3e47-dbd4-4811-b369-94a259d12983-chrome-pdf.html","meta":{"rootId":"wx15oi9llw60gmm","id":"wx15oi9llw60gmm"},"id":"j2xwvyhr0osjjhy","previousOperationId":"f6fcisdbqimhfe1"}
{"type":"log","timestamp":1771472162906,"level":"debug","message":"Page request finished: GET (document) 200 file:///tmp/jsreport/autocleanup/b63a3e47-dbd4-4811-b369-94a259d12983-chrome-pdf.html","meta":{"rootId":"wx15oi9llw60gmm","id":"wx15oi9llw60gmm"},"id":"tfkyjf76grgmebz","previousOperationId":"f6fcisdbqimhfe1"}
{"type":"log","timestamp":1771472162906,"level":"debug","message":"Page request: GET (image) https://paciolibucket.s3.us-east-2.amazonaws.com/orgs/c64b69f6759a43a1bc0ae31961876751/companies/logos/b6e6bbb3-4217-4336-88b7-161c9ce34ada_Applicorp%20Logo.png?X-Amz-Expires=600&X-Amz-Algorithm=AWS4-HMAC-SHA256&X-Amz-Credential=AKIAVYV5Z6T6UQ4ARWOC%2F20260219%2Fus-east-2%2Fs3%2Faws4_request&X-Amz-Date=20260219T033600Z&X-Amz-SignedHeaders=host&X-Amz-Signature=a6bb4f4babb6b9f7e64e2c161a0f339d74fe41f77b7cb956a0d53d7b6cff4468","meta":{"rootId":"wx15oi9llw60gmm","id":"wx15oi9llw60gmm"},"id":"3jqknzhtx2xzdg4","previousOperationId":"f6fcisdbqimhfe1"}
{"type":"log","timestamp":1771472163542,"level":"debug","message":"Page request finished: GET (image) 200 https://paciolibucket.s3.us-east-2.amazonaws.com/orgs/c64b69f6759a43a1bc0ae31961876751/companies/logos/b6e6bbb3-4217-4336-88b7-161c9ce34ada_Applicorp%20Logo.png?X-Amz-Expires=600&X-Amz-Algorithm=AWS4-HMAC-SHA256&X-Amz-Credential=AKIAVYV5Z6T6UQ4ARWOC%2F20260219%2Fus-east-2%2Fs3%2Faws4_request&X-Amz-Date=20260219T033600Z&X-Amz-SignedHeaders=host&X-Amz-Signature=a6bb4f4babb6b9f7e64e2c161a0f339d74fe41f77b7cb956a0d53d7b6cff4468","meta":{"rootId":"wx15oi9llw60gmm","id":"wx15oi9llw60gmm"},"id":"fpjy6cthvbuyiui","previousOperationId":"f6fcisdbqimhfe1"}
{"type":"log","timestamp":1771472163546,"level":"debug","message":"Running chrome with params {\"printBackground\":true,\"timeout\":59238,\"margin\":{}}","meta":{"rootId":"wx15oi9llw60gmm","id":"wx15oi9llw60gmm"},"id":"gl5c5hhmzsqz45z","previousOperationId":"f6fcisdbqimhfe1"}
{"type":"operationEnd","operationId":"f6fcisdbqimhfe1","timestamp":1771472163614,"id":"13wm97hwmmzbz92","previousEventId":"o3cfb2k7liyo51j","previousOperationId":"f6fcisdbqimhfe1"}
{"type":"log","timestamp":1771472163615,"level":"debug","message":"Skipping storing report.","meta":{"rootId":"wx15oi9llw60gmm","id":"wx15oi9llw60gmm"},"id":"js8og3x36rv5uq0","previousOperationId":"f6fcisdbqimhfe1"}
{"type":"log","timestamp":1771472163615,"level":"info","message":"Rendering request 1 finished in 2688 ms","meta":{"rootId":"wx15oi9llw60gmm","id":"wx15oi9llw60gmm"},"id":"k29dsshg8xarj7y","previousOperationId":"f6fcisdbqimhfe1"}
{"type":"operationEnd","subtype":"render","operationId":"kds9wqael1c17ap","timestamp":1771472163615,"id":"90j9f6iemrpu0cs","previousEventId":"13wm97hwmmzbz92","previousOperationId":"f6fcisdbqimhfe1"}
{"type":"operationEnd","doDiffs":false,"previousEventId":"4ejw3bc1hfmmg4a","previousOperationId":"n7mx0uo7etuncw8","operationId":"n7mx0uo7etuncw8","timestamp":1771472163620,"id":"4i00re21qbcvzjd"}
