{"type":"operationStart","subtype":"profile","data":{"_id":"KdA2Wv4zhzobVMSn","timestamp":"2026-01-22T02:14:04.985Z","state":"queued","mode":"standard","creationDate":"2026-01-22T02:14:05.001Z","modificationDate":"2026-01-22T02:14:05.001Z","shortid":"hSH289g","$entitySet":"profiles"},"doDiffs":false,"timestamp":1769048044989,"id":"w63ci8kww49xslf","previousOperationId":null,"operationId":"r94ppvfzuitn7zp"}
{"type":"log","level":"info","message":"Render request 59 queued for execution and waiting for available worker","previousOperationId":"r94ppvfzuitn7zp","timestamp":1769048044990,"id":"fhg3jggnlpz8mei"}
{"type":"operationStart","subtype":"render","name":"journal-entry-v1","previousOperationId":"r94ppvfzuitn7zp","timestamp":1769048045096,"id":"n69v1a5ieml6x2o","previousEventId":"w63ci8kww49xslf","operationId":"ewnkc0cvpgzpm48"}
{"type":"log","timestamp":1769048045100,"level":"info","message":"Starting rendering request 59","meta":{"rootId":"xxtavm1ldgzmo1j","id":"xxtavm1ldgzmo1j"},"id":"trwtpenwksn22jv","previousOperationId":"ewnkc0cvpgzpm48"}
{"type":"log","timestamp":1769048045103,"level":"info","message":"Rendering template { name: journal-entry-v1, recipe: chrome-pdf, engine: handlebars, preview: false }","meta":{"rootId":"xxtavm1ldgzmo1j","id":"xxtavm1ldgzmo1j"},"id":"hss5gdvn6z8yhdt","previousOperationId":"ewnkc0cvpgzpm48"}
{"type":"log","timestamp":1769048045108,"level":"debug","message":"Inline data specified.","meta":{"rootId":"xxtavm1ldgzmo1j","id":"xxtavm1ldgzmo1j"},"id":"4rjv6h53jpf3qex","previousOperationId":"ewnkc0cvpgzpm48"}
{"type":"log","timestamp":1769048045116,"level":"debug","message":"Base url not specified, skipping its injection.","meta":{"rootId":"xxtavm1ldgzmo1j","id":"xxtavm1ldgzmo1j"},"id":"eesgpcp1qmi6zjq","previousOperationId":"ewnkc0cvpgzpm48"}
{"type":"operationStart","subtype":"engine","name":"handlebars","timestamp":1769048045124,"id":"gjfc0lvqmczmgzh","previousEventId":"n69v1a5ieml6x2o","operationId":"aa37gwhlyv86bt8","previousOperationId":"ewnkc0cvpgzpm48"}
{"type":"log","timestamp":1769048045128,"level":"debug","message":"Rendering engine handlebars","meta":{"rootId":"xxtavm1ldgzmo1j","id":"xxtavm1ldgzmo1j"},"id":"n18c3orcvqp655o","previousOperationId":"aa37gwhlyv86bt8"}
{"type":"operationEnd","operationId":"aa37gwhlyv86bt8","timestamp":1769048045215,"id":"vxfycbcug9bu4nn","previousEventId":"gjfc0lvqmczmgzh","previousOperationId":"aa37gwhlyv86bt8"}
{"type":"operationStart","subtype":"recipe","name":"chrome-pdf","timestamp":1769048045217,"id":"4bzqmppni5ijx7g","previousEventId":"vxfycbcug9bu4nn","operationId":"jpponhbchqaqywa","previousOperationId":"aa37gwhlyv86bt8"}
{"type":"log","timestamp":1769048045217,"level":"debug","message":"Executing recipe chrome-pdf","meta":{"rootId":"xxtavm1ldgzmo1j","id":"xxtavm1ldgzmo1j"},"id":"2th9nqo9g3m0egt","previousOperationId":"jpponhbchqaqywa"}
{"type":"log","timestamp":1769048045253,"level":"debug","message":"Converting with chrome Chrome/142.0.7444.175 using chrome-pool strategy","meta":{"rootId":"xxtavm1ldgzmo1j","id":"xxtavm1ldgzmo1j"},"id":"xhus7o48zl34bkg","previousOperationId":"jpponhbchqaqywa"}
{"type":"log","timestamp":1769048045764,"level":"debug","message":"Page request: GET (document) file:///tmp/jsreport/autocleanup/385b5cc7-4022-4660-b270-be1676590bd6-chrome-pdf.html","meta":{"rootId":"xxtavm1ldgzmo1j","id":"xxtavm1ldgzmo1j"},"id":"p8jqsbpuddf6cyo","previousOperationId":"jpponhbchqaqywa"}
{"type":"log","timestamp":1769048045817,"level":"debug","message":"Page request finished: GET (document) 200 file:///tmp/jsreport/autocleanup/385b5cc7-4022-4660-b270-be1676590bd6-chrome-pdf.html","meta":{"rootId":"xxtavm1ldgzmo1j","id":"xxtavm1ldgzmo1j"},"id":"iuvd4k9jw7901xp","previousOperationId":"jpponhbchqaqywa"}
{"type":"log","timestamp":1769048045873,"level":"debug","message":"Running chrome with params {\"printBackground\":true,\"timeout\":59748,\"margin\":{}}","meta":{"rootId":"xxtavm1ldgzmo1j","id":"xxtavm1ldgzmo1j"},"id":"tmvu8akbefpwlpc","previousOperationId":"jpponhbchqaqywa"}
{"type":"operationEnd","operationId":"jpponhbchqaqywa","timestamp":1769048046010,"id":"wyfhs7spg9v972o","previousEventId":"4bzqmppni5ijx7g","previousOperationId":"jpponhbchqaqywa"}
{"type":"log","timestamp":1769048046010,"level":"debug","message":"Skipping storing report.","meta":{"rootId":"xxtavm1ldgzmo1j","id":"xxtavm1ldgzmo1j"},"id":"49fiv3xxvu0lh06","previousOperationId":"jpponhbchqaqywa"}
{"type":"log","timestamp":1769048046010,"level":"info","message":"Rendering request 59 finished in 1036 ms","meta":{"rootId":"xxtavm1ldgzmo1j","id":"xxtavm1ldgzmo1j"},"id":"eb6crhli78i1vkw","previousOperationId":"jpponhbchqaqywa"}
{"type":"operationEnd","subtype":"render","operationId":"ewnkc0cvpgzpm48","timestamp":1769048046010,"id":"8tijj61b98tlirc","previousEventId":"wyfhs7spg9v972o","previousOperationId":"jpponhbchqaqywa"}
{"type":"operationEnd","doDiffs":false,"previousEventId":"w63ci8kww49xslf","previousOperationId":"r94ppvfzuitn7zp","operationId":"r94ppvfzuitn7zp","timestamp":1769048046013,"id":"t48c3l2ivp1mi6b"}
