{"type":"operationStart","subtype":"profile","data":{"_id":"Kk0HR3YaKSuTtwsR","timestamp":"2026-01-22T04:04:47.689Z","state":"queued","mode":"standard","creationDate":"2026-01-22T04:04:47.691Z","modificationDate":"2026-01-22T04:04:47.691Z","shortid":"_u57t5A","$entitySet":"profiles"},"doDiffs":false,"timestamp":1769054687690,"id":"wahb74erd16owjt","previousOperationId":null,"operationId":"chpqd7ns0p5d1o3"}
{"type":"log","level":"info","message":"Render request 101 queued for execution and waiting for available worker","previousOperationId":"chpqd7ns0p5d1o3","timestamp":1769054687691,"id":"otkvd42fh6f8euw"}
{"type":"operationStart","subtype":"render","name":"journal-entry-v1","previousOperationId":"chpqd7ns0p5d1o3","timestamp":1769054687748,"id":"8y9pbsvoyo3yhju","previousEventId":"wahb74erd16owjt","operationId":"allir86x3141y1y"}
{"type":"log","timestamp":1769054687748,"level":"info","message":"Starting rendering request 101","meta":{"rootId":"zb7yqp8g0l31pcp","id":"zb7yqp8g0l31pcp"},"id":"6ttv33slc08dgq1","previousOperationId":"allir86x3141y1y"}
{"type":"log","timestamp":1769054687748,"level":"info","message":"Rendering template { name: journal-entry-v1, recipe: chrome-pdf, engine: handlebars, preview: true }","meta":{"rootId":"zb7yqp8g0l31pcp","id":"zb7yqp8g0l31pcp"},"id":"3qlogldzl05x2h7","previousOperationId":"allir86x3141y1y"}
{"type":"log","timestamp":1769054687750,"level":"debug","message":"Inline data specified.","meta":{"rootId":"zb7yqp8g0l31pcp","id":"zb7yqp8g0l31pcp"},"id":"evrpq92zv6nem3j","previousOperationId":"allir86x3141y1y"}
{"type":"log","timestamp":1769054687752,"level":"debug","message":"Base url not specified, skipping its injection.","meta":{"rootId":"zb7yqp8g0l31pcp","id":"zb7yqp8g0l31pcp"},"id":"d51mrw217uei8zz","previousOperationId":"allir86x3141y1y"}
{"type":"operationStart","subtype":"engine","name":"handlebars","timestamp":1769054687752,"id":"bd1834316ypu7nu","previousEventId":"8y9pbsvoyo3yhju","operationId":"4l84ry0dvvrdouc","previousOperationId":"allir86x3141y1y"}
{"type":"log","timestamp":1769054687752,"level":"debug","message":"Rendering engine handlebars","meta":{"rootId":"zb7yqp8g0l31pcp","id":"zb7yqp8g0l31pcp"},"id":"uv75ekdjpccz8p9","previousOperationId":"4l84ry0dvvrdouc"}
{"type":"operationEnd","operationId":"4l84ry0dvvrdouc","timestamp":1769054687773,"id":"uj5027i7kdenwmv","previousEventId":"bd1834316ypu7nu","previousOperationId":"4l84ry0dvvrdouc"}
{"type":"operationStart","subtype":"recipe","name":"chrome-pdf","timestamp":1769054687773,"id":"jddm4x5l6k0ila9","previousEventId":"uj5027i7kdenwmv","operationId":"15ffutsisa9jwgq","previousOperationId":"4l84ry0dvvrdouc"}
{"type":"log","timestamp":1769054687773,"level":"debug","message":"Executing recipe chrome-pdf","meta":{"rootId":"zb7yqp8g0l31pcp","id":"zb7yqp8g0l31pcp"},"id":"ftqqufge1kmq2vo","previousOperationId":"15ffutsisa9jwgq"}
{"type":"log","timestamp":1769054687775,"level":"debug","message":"Converting with chrome Chrome/142.0.7444.175 using chrome-pool strategy","meta":{"rootId":"zb7yqp8g0l31pcp","id":"zb7yqp8g0l31pcp"},"id":"15u7bctcy9k5v5i","previousOperationId":"15ffutsisa9jwgq"}
{"type":"log","timestamp":1769054687824,"level":"debug","message":"Page request: GET (document) file:///tmp/jsreport/autocleanup/e778170e-c686-4398-b986-78089ce2d662-chrome-pdf.html","meta":{"rootId":"zb7yqp8g0l31pcp","id":"zb7yqp8g0l31pcp"},"id":"83fxz6s14g937db","previousOperationId":"15ffutsisa9jwgq"}
{"type":"log","timestamp":1769054687841,"level":"debug","message":"Page request finished: GET (document) 200 file:///tmp/jsreport/autocleanup/e778170e-c686-4398-b986-78089ce2d662-chrome-pdf.html","meta":{"rootId":"zb7yqp8g0l31pcp","id":"zb7yqp8g0l31pcp"},"id":"ixfk3wm7pz12d0e","previousOperationId":"15ffutsisa9jwgq"}
{"type":"log","timestamp":1769054687842,"level":"debug","message":"Page request: GET (image) https://paciolibucket.s3.us-east-2.amazonaws.com/orgs/c64b69f6759a43a1bc0ae31961876751/companies/logos/e9767ff4-7186-447f-a397-208ea6bbfdb8_ninosfelices.png?X-Amz-Expires=600&X-Amz-Algorithm=AWS4-HMAC-SHA256&X-Amz-Credential=AKIAVYV5Z6T6UQ4ARWOC%2F20260122%2Fus-east-2%2Fs3%2Faws4_request&X-Amz-Date=20260122T033528Z&X-Amz-SignedHeaders=host&X-Amz-Signature=9b633606df821d9898111391bdf513f485b895efcc031a2d8642978865590d15","meta":{"rootId":"zb7yqp8g0l31pcp","id":"zb7yqp8g0l31pcp"},"id":"hngmal30rqz8ksu","previousOperationId":"15ffutsisa9jwgq"}
{"type":"log","timestamp":1769054687873,"level":"debug","message":"Page request finished: GET (image) 200 https://paciolibucket.s3.us-east-2.amazonaws.com/orgs/c64b69f6759a43a1bc0ae31961876751/companies/logos/e9767ff4-7186-447f-a397-208ea6bbfdb8_ninosfelices.png?X-Amz-Expires=600&X-Amz-Algorithm=AWS4-HMAC-SHA256&X-Amz-Credential=AKIAVYV5Z6T6UQ4ARWOC%2F20260122%2Fus-east-2%2Fs3%2Faws4_request&X-Amz-Date=20260122T033528Z&X-Amz-SignedHeaders=host&X-Amz-Signature=9b633606df821d9898111391bdf513f485b895efcc031a2d8642978865590d15","meta":{"rootId":"zb7yqp8g0l31pcp","id":"zb7yqp8g0l31pcp"},"id":"9eme2s8g7vk6asf","previousOperationId":"15ffutsisa9jwgq"}
{"type":"log","timestamp":1769054687874,"level":"debug","message":"Running chrome with params {\"printBackground\":true,\"timeout\":59914,\"margin\":{}}","meta":{"rootId":"zb7yqp8g0l31pcp","id":"zb7yqp8g0l31pcp"},"id":"hpe2j07juvxo98z","previousOperationId":"15ffutsisa9jwgq"}
{"type":"operationEnd","operationId":"15ffutsisa9jwgq","timestamp":1769054687933,"id":"coplj67nxv7wamq","previousEventId":"jddm4x5l6k0ila9","previousOperationId":"15ffutsisa9jwgq"}
{"type":"log","timestamp":1769054687933,"level":"debug","message":"Skipping storing report.","meta":{"rootId":"zb7yqp8g0l31pcp","id":"zb7yqp8g0l31pcp"},"id":"h74giu3d1mn5zx7","previousOperationId":"15ffutsisa9jwgq"}
{"type":"log","timestamp":1769054687934,"level":"info","message":"Rendering request 101 finished in 246 ms","meta":{"rootId":"zb7yqp8g0l31pcp","id":"zb7yqp8g0l31pcp"},"id":"brmg18vvf6g1saa","previousOperationId":"15ffutsisa9jwgq"}
{"type":"operationEnd","subtype":"render","operationId":"allir86x3141y1y","timestamp":1769054687934,"id":"3m2iv6b34mpue6n","previousEventId":"coplj67nxv7wamq","previousOperationId":"15ffutsisa9jwgq"}
{"type":"operationEnd","doDiffs":false,"previousEventId":"wahb74erd16owjt","previousOperationId":"chpqd7ns0p5d1o3","operationId":"chpqd7ns0p5d1o3","timestamp":1769054687935,"id":"z6gkrq7br99auf2"}
