{"type":"operationStart","subtype":"profile","data":{"_id":"rLGazk8lGpWLZrUA","timestamp":"2026-01-22T03:35:46.885Z","state":"queued","mode":"standard","creationDate":"2026-01-22T03:35:46.897Z","modificationDate":"2026-01-22T03:35:46.897Z","shortid":"SRFfSXm","$entitySet":"profiles"},"doDiffs":false,"timestamp":1769052946889,"id":"w5p62kmbtrfc1kb","previousOperationId":null,"operationId":"x17w68hf4a9cn26"}
{"type":"log","level":"info","message":"Render request 92 queued for execution and waiting for available worker","previousOperationId":"x17w68hf4a9cn26","timestamp":1769052946894,"id":"xbsq48txpsm6lqc"}
{"type":"operationStart","subtype":"render","name":"journal-entry-v1","previousOperationId":"x17w68hf4a9cn26","timestamp":1769052946999,"id":"q3f2uz68zv1pcpq","previousEventId":"w5p62kmbtrfc1kb","operationId":"qu0fe56rs0a6o8l"}
{"type":"log","timestamp":1769052947004,"level":"info","message":"Starting rendering request 92","meta":{"rootId":"zm61py6bzgyii0u","id":"zm61py6bzgyii0u"},"id":"17ekacswjhkolvv","previousOperationId":"qu0fe56rs0a6o8l"}
{"type":"log","timestamp":1769052947008,"level":"info","message":"Rendering template { name: journal-entry-v1, recipe: chrome-pdf, engine: handlebars, preview: true }","meta":{"rootId":"zm61py6bzgyii0u","id":"zm61py6bzgyii0u"},"id":"9sg6eqzugxujj7y","previousOperationId":"qu0fe56rs0a6o8l"}
{"type":"log","timestamp":1769052947015,"level":"debug","message":"Inline data specified.","meta":{"rootId":"zm61py6bzgyii0u","id":"zm61py6bzgyii0u"},"id":"ye87eacqbpnt8mo","previousOperationId":"qu0fe56rs0a6o8l"}
{"type":"log","timestamp":1769052947021,"level":"debug","message":"Base url not specified, skipping its injection.","meta":{"rootId":"zm61py6bzgyii0u","id":"zm61py6bzgyii0u"},"id":"qlai1jcvupp8cjw","previousOperationId":"qu0fe56rs0a6o8l"}
{"type":"operationStart","subtype":"engine","name":"handlebars","timestamp":1769052947032,"id":"sx350b2nqdr8ier","previousEventId":"q3f2uz68zv1pcpq","operationId":"hgjy7ucfju733t7","previousOperationId":"qu0fe56rs0a6o8l"}
{"type":"log","timestamp":1769052947032,"level":"debug","message":"Rendering engine handlebars","meta":{"rootId":"zm61py6bzgyii0u","id":"zm61py6bzgyii0u"},"id":"ptr6zmt3kqghu3s","previousOperationId":"hgjy7ucfju733t7"}
{"type":"operationEnd","operationId":"hgjy7ucfju733t7","timestamp":1769052947159,"id":"t7tqiomnjehv4n2","previousEventId":"sx350b2nqdr8ier","previousOperationId":"hgjy7ucfju733t7"}
{"type":"operationStart","subtype":"recipe","name":"chrome-pdf","timestamp":1769052947162,"id":"cve2oxm23kv8a0w","previousEventId":"t7tqiomnjehv4n2","operationId":"la9hz5yuxj7jmqd","previousOperationId":"hgjy7ucfju733t7"}
{"type":"log","timestamp":1769052947162,"level":"debug","message":"Executing recipe chrome-pdf","meta":{"rootId":"zm61py6bzgyii0u","id":"zm61py6bzgyii0u"},"id":"vbptkkdcj1jwaep","previousOperationId":"la9hz5yuxj7jmqd"}
{"type":"log","timestamp":1769052947207,"level":"debug","message":"Converting with chrome Chrome/142.0.7444.175 using chrome-pool strategy","meta":{"rootId":"zm61py6bzgyii0u","id":"zm61py6bzgyii0u"},"id":"y50m5vfke2zzpzd","previousOperationId":"la9hz5yuxj7jmqd"}
{"type":"log","timestamp":1769052947728,"level":"debug","message":"Page request: GET (document) file:///tmp/jsreport/autocleanup/4ee2a847-d11e-4254-b834-c1733eed1ec0-chrome-pdf.html","meta":{"rootId":"zm61py6bzgyii0u","id":"zm61py6bzgyii0u"},"id":"k0cjio1gjr95fj9","previousOperationId":"la9hz5yuxj7jmqd"}
{"type":"log","timestamp":1769052947792,"level":"debug","message":"Page request finished: GET (document) 200 file:///tmp/jsreport/autocleanup/4ee2a847-d11e-4254-b834-c1733eed1ec0-chrome-pdf.html","meta":{"rootId":"zm61py6bzgyii0u","id":"zm61py6bzgyii0u"},"id":"z81dddvxip7bmya","previousOperationId":"la9hz5yuxj7jmqd"}
{"type":"log","timestamp":1769052947796,"level":"debug","message":"Page request: GET (image) https://paciolibucket.s3.us-east-2.amazonaws.com/orgs/c64b69f6759a43a1bc0ae31961876751/companies/logos/e9767ff4-7186-447f-a397-208ea6bbfdb8_ninosfelices.png?X-Amz-Expires=600&X-Amz-Algorithm=AWS4-HMAC-SHA256&X-Amz-Credential=AKIAVYV5Z6T6UQ4ARWOC%2F20260122%2Fus-east-2%2Fs3%2Faws4_request&X-Amz-Date=20260122T033528Z&X-Amz-SignedHeaders=host&X-Amz-Signature=9b633606df821d9898111391bdf513f485b895efcc031a2d8642978865590d15","meta":{"rootId":"zm61py6bzgyii0u","id":"zm61py6bzgyii0u"},"id":"gr7ix0rfuopfdua","previousOperationId":"la9hz5yuxj7jmqd"}
{"type":"log","timestamp":1769052948335,"level":"debug","message":"Page request finished: GET (image) 200 https://paciolibucket.s3.us-east-2.amazonaws.com/orgs/c64b69f6759a43a1bc0ae31961876751/companies/logos/e9767ff4-7186-447f-a397-208ea6bbfdb8_ninosfelices.png?X-Amz-Expires=600&X-Amz-Algorithm=AWS4-HMAC-SHA256&X-Amz-Credential=AKIAVYV5Z6T6UQ4ARWOC%2F20260122%2Fus-east-2%2Fs3%2Faws4_request&X-Amz-Date=20260122T033528Z&X-Amz-SignedHeaders=host&X-Amz-Signature=9b633606df821d9898111391bdf513f485b895efcc031a2d8642978865590d15","meta":{"rootId":"zm61py6bzgyii0u","id":"zm61py6bzgyii0u"},"id":"yxm5yl3275xwh22","previousOperationId":"la9hz5yuxj7jmqd"}
{"type":"log","timestamp":1769052948339,"level":"debug","message":"Running chrome with params {\"printBackground\":true,\"timeout\":59705,\"margin\":{}}","meta":{"rootId":"zm61py6bzgyii0u","id":"zm61py6bzgyii0u"},"id":"8z13eqk85fcx33a","previousOperationId":"la9hz5yuxj7jmqd"}
{"type":"operationEnd","operationId":"la9hz5yuxj7jmqd","timestamp":1769052948550,"id":"sdw5v5jxmes75j9","previousEventId":"cve2oxm23kv8a0w","previousOperationId":"la9hz5yuxj7jmqd"}
{"type":"log","timestamp":1769052948550,"level":"debug","message":"Skipping storing report.","meta":{"rootId":"zm61py6bzgyii0u","id":"zm61py6bzgyii0u"},"id":"hpuwgdfy4tp85nk","previousOperationId":"la9hz5yuxj7jmqd"}
{"type":"log","timestamp":1769052948551,"level":"info","message":"Rendering request 92 finished in 1674 ms","meta":{"rootId":"zm61py6bzgyii0u","id":"zm61py6bzgyii0u"},"id":"w2vwcy2pwmgf7ev","previousOperationId":"la9hz5yuxj7jmqd"}
{"type":"operationEnd","subtype":"render","operationId":"qu0fe56rs0a6o8l","timestamp":1769052948551,"id":"0u6467np7ie6t2o","previousEventId":"sdw5v5jxmes75j9","previousOperationId":"la9hz5yuxj7jmqd"}
{"type":"operationEnd","doDiffs":false,"previousEventId":"w5p62kmbtrfc1kb","previousOperationId":"x17w68hf4a9cn26","operationId":"x17w68hf4a9cn26","timestamp":1769052948553,"id":"cjxfacoxsjvvxuw"}
