{"type":"operationStart","subtype":"profile","data":{"_id":"lpR6MVlGMCx8YBqz","timestamp":"2026-01-22T02:45:11.504Z","state":"queued","mode":"standard","creationDate":"2026-01-22T02:45:11.526Z","modificationDate":"2026-01-22T02:45:11.526Z","shortid":"r1hIl7G","$entitySet":"profiles"},"doDiffs":false,"timestamp":1769049911511,"id":"5ozg3b565noddp5","previousOperationId":null,"operationId":"v63v8ec0dy880hi"}
{"type":"log","level":"info","message":"Render request 66 queued for execution and waiting for available worker","previousOperationId":"v63v8ec0dy880hi","timestamp":1769049911511,"id":"dsbljgaasbxqbb0"}
{"type":"operationStart","subtype":"render","name":"journal-entry-v1","previousOperationId":"v63v8ec0dy880hi","timestamp":1769049911636,"id":"9kp6fob5gmipkbn","previousEventId":"5ozg3b565noddp5","operationId":"64yfd5efm6qwnxc"}
{"type":"log","timestamp":1769049911641,"level":"info","message":"Starting rendering request 66","meta":{"rootId":"zzhseiooi5m6t0f","id":"zzhseiooi5m6t0f"},"id":"ey7ylobndyyxnrv","previousOperationId":"64yfd5efm6qwnxc"}
{"type":"log","timestamp":1769049911647,"level":"info","message":"Rendering template { name: journal-entry-v1, recipe: chrome-pdf, engine: handlebars, preview: false }","meta":{"rootId":"zzhseiooi5m6t0f","id":"zzhseiooi5m6t0f"},"id":"81ikko9y43x2uxo","previousOperationId":"64yfd5efm6qwnxc"}
{"type":"log","timestamp":1769049911659,"level":"debug","message":"Inline data specified.","meta":{"rootId":"zzhseiooi5m6t0f","id":"zzhseiooi5m6t0f"},"id":"e81vihg1dlxeude","previousOperationId":"64yfd5efm6qwnxc"}
{"type":"log","timestamp":1769049911669,"level":"debug","message":"Base url not specified, skipping its injection.","meta":{"rootId":"zzhseiooi5m6t0f","id":"zzhseiooi5m6t0f"},"id":"0cuhicnhqa74at6","previousOperationId":"64yfd5efm6qwnxc"}
{"type":"operationStart","subtype":"engine","name":"handlebars","timestamp":1769049911681,"id":"aunkwhs8zctc87s","previousEventId":"9kp6fob5gmipkbn","operationId":"dc3qt86hhhaxp21","previousOperationId":"64yfd5efm6qwnxc"}
{"type":"log","timestamp":1769049911681,"level":"debug","message":"Rendering engine handlebars","meta":{"rootId":"zzhseiooi5m6t0f","id":"zzhseiooi5m6t0f"},"id":"heo55dm7c5qbkhu","previousOperationId":"dc3qt86hhhaxp21"}
{"type":"operationEnd","operationId":"dc3qt86hhhaxp21","timestamp":1769049911792,"id":"3nurncubjbwg2t6","previousEventId":"aunkwhs8zctc87s","previousOperationId":"dc3qt86hhhaxp21"}
{"type":"operationStart","subtype":"recipe","name":"chrome-pdf","timestamp":1769049911794,"id":"b8bqvrjr9z1s46y","previousEventId":"3nurncubjbwg2t6","operationId":"b14cg82vh866nfc","previousOperationId":"dc3qt86hhhaxp21"}
{"type":"log","timestamp":1769049911794,"level":"debug","message":"Executing recipe chrome-pdf","meta":{"rootId":"zzhseiooi5m6t0f","id":"zzhseiooi5m6t0f"},"id":"hkjecgy67l9opws","previousOperationId":"b14cg82vh866nfc"}
{"type":"log","timestamp":1769049911838,"level":"debug","message":"Converting with chrome Chrome/142.0.7444.175 using chrome-pool strategy","meta":{"rootId":"zzhseiooi5m6t0f","id":"zzhseiooi5m6t0f"},"id":"nb4u33odrvm1umn","previousOperationId":"b14cg82vh866nfc"}
{"type":"log","timestamp":1769049912288,"level":"debug","message":"Page request: GET (document) file:///tmp/jsreport/autocleanup/16d0d10b-fe18-419a-9c2f-8b1b71bba248-chrome-pdf.html","meta":{"rootId":"zzhseiooi5m6t0f","id":"zzhseiooi5m6t0f"},"id":"f9sowu2ipoatveq","previousOperationId":"b14cg82vh866nfc"}
{"type":"log","timestamp":1769049912332,"level":"debug","message":"Page request finished: GET (document) 200 file:///tmp/jsreport/autocleanup/16d0d10b-fe18-419a-9c2f-8b1b71bba248-chrome-pdf.html","meta":{"rootId":"zzhseiooi5m6t0f","id":"zzhseiooi5m6t0f"},"id":"p4fyrubjtkvk9vd","previousOperationId":"b14cg82vh866nfc"}
{"type":"log","timestamp":1769049912424,"level":"debug","message":"Running chrome with params {\"printBackground\":true,\"timeout\":59684,\"margin\":{}}","meta":{"rootId":"zzhseiooi5m6t0f","id":"zzhseiooi5m6t0f"},"id":"gj0moo75ogohxn0","previousOperationId":"b14cg82vh866nfc"}
{"type":"operationEnd","operationId":"b14cg82vh866nfc","timestamp":1769049912574,"id":"02rjos5so1k1yem","previousEventId":"b8bqvrjr9z1s46y","previousOperationId":"b14cg82vh866nfc"}
{"type":"log","timestamp":1769049912574,"level":"debug","message":"Skipping storing report.","meta":{"rootId":"zzhseiooi5m6t0f","id":"zzhseiooi5m6t0f"},"id":"z2ua4dqvn3srx5p","previousOperationId":"b14cg82vh866nfc"}
{"type":"log","timestamp":1769049912575,"level":"info","message":"Rendering request 66 finished in 1085 ms","meta":{"rootId":"zzhseiooi5m6t0f","id":"zzhseiooi5m6t0f"},"id":"wm4amup72ijkuud","previousOperationId":"b14cg82vh866nfc"}
{"type":"operationEnd","subtype":"render","operationId":"64yfd5efm6qwnxc","timestamp":1769049912575,"id":"9s7xfo2kz8angqi","previousEventId":"02rjos5so1k1yem","previousOperationId":"b14cg82vh866nfc"}
{"type":"operationEnd","doDiffs":false,"previousEventId":"5ozg3b565noddp5","previousOperationId":"v63v8ec0dy880hi","operationId":"v63v8ec0dy880hi","timestamp":1769049912578,"id":"e455rdmlcl87qap"}
