{"type":"operationStart","subtype":"profile","data":{"_id":"swhtoXLpw5OvWQO4","timestamp":"2026-01-21T03:36:13.839Z","state":"queued","mode":"standard","creationDate":"2026-01-21T03:36:13.839Z","modificationDate":"2026-01-21T03:36:13.839Z","shortid":"GyqZOBW","$entitySet":"profiles"},"doDiffs":false,"timestamp":1768966573839,"id":"palm4mgo4abv4r6","previousOperationId":null,"operationId":"n3obolivofjn1c3"}
{"type":"log","level":"info","message":"Render request 26 queued for execution and waiting for available worker","previousOperationId":"n3obolivofjn1c3","timestamp":1768966573839,"id":"37xkt2xa7vuh5m9"}
{"type":"operationStart","subtype":"render","name":"journal-entry-v2","previousOperationId":"n3obolivofjn1c3","timestamp":1768966573901,"id":"c9zrrq647copqz1","previousEventId":"palm4mgo4abv4r6","operationId":"m3igo95av7g3y9a"}
{"type":"log","timestamp":1768966573903,"level":"info","message":"Starting rendering request 26","meta":{"rootId":"334xlruvyudnt0w","id":"334xlruvyudnt0w"},"id":"1lx6231khp7zz2g","previousOperationId":"m3igo95av7g3y9a"}
{"type":"log","timestamp":1768966573906,"level":"info","message":"Rendering template { name: journal-entry-v2, recipe: chrome-pdf, engine: handlebars, preview: true }","meta":{"rootId":"334xlruvyudnt0w","id":"334xlruvyudnt0w"},"id":"30yqhvgu2163fpj","previousOperationId":"m3igo95av7g3y9a"}
{"type":"log","timestamp":1768966573909,"level":"debug","message":"Adding sample data VJOFIK6X3","meta":{"rootId":"334xlruvyudnt0w","id":"334xlruvyudnt0w"},"id":"vcwmsvqyy3582py","previousOperationId":"m3igo95av7g3y9a"}
{"type":"log","timestamp":1768966573929,"level":"debug","message":"Base url not specified, skipping its injection.","meta":{"rootId":"334xlruvyudnt0w","id":"334xlruvyudnt0w"},"id":"ddr6b3j311akz5u","previousOperationId":"m3igo95av7g3y9a"}
{"type":"operationStart","subtype":"engine","name":"handlebars","timestamp":1768966573933,"id":"2jlzs3hpgqxgn0z","previousEventId":"c9zrrq647copqz1","operationId":"6yqwozio6bb7jlu","previousOperationId":"m3igo95av7g3y9a"}
{"type":"log","timestamp":1768966573933,"level":"debug","message":"Rendering engine handlebars","meta":{"rootId":"334xlruvyudnt0w","id":"334xlruvyudnt0w"},"id":"127q18u8euv68zl","previousOperationId":"6yqwozio6bb7jlu"}
{"type":"operationEnd","operationId":"6yqwozio6bb7jlu","timestamp":1768966573993,"id":"03e83e60m9uqvka","previousEventId":"2jlzs3hpgqxgn0z","previousOperationId":"6yqwozio6bb7jlu"}
{"type":"operationStart","subtype":"recipe","name":"chrome-pdf","timestamp":1768966573994,"id":"l4zjyrygcpqd9cw","previousEventId":"03e83e60m9uqvka","operationId":"69i21unjd842s9n","previousOperationId":"6yqwozio6bb7jlu"}
{"type":"log","timestamp":1768966573994,"level":"debug","message":"Executing recipe chrome-pdf","meta":{"rootId":"334xlruvyudnt0w","id":"334xlruvyudnt0w"},"id":"jtcidpe017fe58z","previousOperationId":"69i21unjd842s9n"}
{"type":"log","timestamp":1768966574010,"level":"debug","message":"Converting with chrome Chrome/142.0.7444.175 using chrome-pool strategy","meta":{"rootId":"334xlruvyudnt0w","id":"334xlruvyudnt0w"},"id":"0ocwv2pkju14ukm","previousOperationId":"69i21unjd842s9n"}
{"type":"log","timestamp":1768966574114,"level":"debug","message":"Page request: GET (document) file:///tmp/jsreport/autocleanup/1d3a50f9-b0dc-4538-ac25-329bb190f272-chrome-pdf.html","meta":{"rootId":"334xlruvyudnt0w","id":"334xlruvyudnt0w"},"id":"rqgzx7vu8qobxra","previousOperationId":"69i21unjd842s9n"}
{"type":"log","timestamp":1768966574128,"level":"debug","message":"Page request finished: GET (document) 200 file:///tmp/jsreport/autocleanup/1d3a50f9-b0dc-4538-ac25-329bb190f272-chrome-pdf.html","meta":{"rootId":"334xlruvyudnt0w","id":"334xlruvyudnt0w"},"id":"np0fscjd9p4oncu","previousOperationId":"69i21unjd842s9n"}
{"type":"log","timestamp":1768966574130,"level":"warn","message":"Page request failed: GET (stylesheet) file:///tmp/jsreport/autocleanup/@page%20%7B%20%20%20%20margin:%2018mm%2016mm;%7D*%20%7B%20%20%20%20box-sizing:%20border-box;%7Dbody%20%7B%20%20%20%20font-family:%20-apple-system,%20BlinkMacSystemFont,, failure: net::ERR_ACCESS_DENIED","meta":{"rootId":"334xlruvyudnt0w","id":"334xlruvyudnt0w"},"id":"qtvlfg45iy8dgxm","previousOperationId":"69i21unjd842s9n"}
{"type":"log","timestamp":1768966574131,"level":"debug","message":"(console:error) Failed to load resource: net::ERR_ACCESS_DENIED","meta":{"userLevel":true,"rootId":"334xlruvyudnt0w","id":"334xlruvyudnt0w"},"id":"tue9eh4jlhxzrdr","previousOperationId":"69i21unjd842s9n"}
{"type":"log","timestamp":1768966574143,"level":"debug","message":"Running chrome with params {\"printBackground\":true,\"timeout\":59837,\"margin\":{}}","meta":{"rootId":"334xlruvyudnt0w","id":"334xlruvyudnt0w"},"id":"uegs785aukhk7sq","previousOperationId":"69i21unjd842s9n"}
{"type":"operationEnd","operationId":"69i21unjd842s9n","timestamp":1768966574209,"id":"spe3xlx9qg5fuad","previousEventId":"l4zjyrygcpqd9cw","previousOperationId":"69i21unjd842s9n"}
{"type":"log","timestamp":1768966574209,"level":"debug","message":"Skipping storing report.","meta":{"rootId":"334xlruvyudnt0w","id":"334xlruvyudnt0w"},"id":"d1isr0yqx9nxv5n","previousOperationId":"69i21unjd842s9n"}
{"type":"log","timestamp":1768966574209,"level":"info","message":"Rendering request 26 finished in 371 ms","meta":{"rootId":"334xlruvyudnt0w","id":"334xlruvyudnt0w"},"id":"cre2gnev7ou8p2b","previousOperationId":"69i21unjd842s9n"}
{"type":"operationEnd","subtype":"render","operationId":"m3igo95av7g3y9a","timestamp":1768966574210,"id":"472aaed9zxdj66c","previousEventId":"spe3xlx9qg5fuad","previousOperationId":"69i21unjd842s9n"}
{"type":"operationEnd","doDiffs":false,"previousEventId":"palm4mgo4abv4r6","previousOperationId":"n3obolivofjn1c3","operationId":"n3obolivofjn1c3","timestamp":1768966574212,"id":"v989j8gc97bpejz"}
