{"type":"operationStart","subtype":"profile","data":{"_id":"rQwTuMKzoCGSVeYV","timestamp":"2026-01-21T03:41:24.542Z","state":"queued","mode":"standard","creationDate":"2026-01-21T03:41:24.550Z","modificationDate":"2026-01-21T03:41:24.550Z","shortid":"YQxNaGM","$entitySet":"profiles"},"doDiffs":false,"timestamp":1768966884544,"id":"hzuxccsmq88zb1f","previousOperationId":null,"operationId":"5v5dyadynxmwzlo"}
{"type":"log","level":"info","message":"Render request 33 queued for execution and waiting for available worker","previousOperationId":"5v5dyadynxmwzlo","timestamp":1768966884544,"id":"uwf283nlr01vphy"}
{"type":"operationStart","subtype":"render","name":"journal-entry-v2","previousOperationId":"5v5dyadynxmwzlo","timestamp":1768966884629,"id":"fuw78szcxgz2j4m","previousEventId":"hzuxccsmq88zb1f","operationId":"i6m7wqg40xugz0k"}
{"type":"log","timestamp":1768966884631,"level":"info","message":"Starting rendering request 33","meta":{"rootId":"4cn8vs6ma86s8i7","id":"4cn8vs6ma86s8i7"},"id":"d8l1px2l1iddzhw","previousOperationId":"i6m7wqg40xugz0k"}
{"type":"log","timestamp":1768966884632,"level":"info","message":"Rendering template { name: journal-entry-v2, recipe: chrome-pdf, engine: handlebars, preview: false }","meta":{"rootId":"4cn8vs6ma86s8i7","id":"4cn8vs6ma86s8i7"},"id":"9zbeme9wd72ox32","previousOperationId":"i6m7wqg40xugz0k"}
{"type":"log","timestamp":1768966884639,"level":"debug","message":"Inline data specified.","meta":{"rootId":"4cn8vs6ma86s8i7","id":"4cn8vs6ma86s8i7"},"id":"muhgbdnbdds6o6d","previousOperationId":"i6m7wqg40xugz0k"}
{"type":"log","timestamp":1768966884644,"level":"debug","message":"Base url not specified, skipping its injection.","meta":{"rootId":"4cn8vs6ma86s8i7","id":"4cn8vs6ma86s8i7"},"id":"2ny4negvvfczagj","previousOperationId":"i6m7wqg40xugz0k"}
{"type":"operationStart","subtype":"engine","name":"handlebars","timestamp":1768966884648,"id":"9uzefd87pjdas1u","previousEventId":"fuw78szcxgz2j4m","operationId":"k74gmt9l1m5ofce","previousOperationId":"i6m7wqg40xugz0k"}
{"type":"log","timestamp":1768966884648,"level":"debug","message":"Rendering engine handlebars","meta":{"rootId":"4cn8vs6ma86s8i7","id":"4cn8vs6ma86s8i7"},"id":"7j5jczu3v1o8bsb","previousOperationId":"k74gmt9l1m5ofce"}
{"type":"operationEnd","operationId":"k74gmt9l1m5ofce","timestamp":1768966884704,"id":"sqwamu0khalfiv0","previousEventId":"9uzefd87pjdas1u","previousOperationId":"k74gmt9l1m5ofce"}
{"type":"operationStart","subtype":"recipe","name":"chrome-pdf","timestamp":1768966884705,"id":"b71xmtvke5oe240","previousEventId":"sqwamu0khalfiv0","operationId":"knwidrp3r6ypv8n","previousOperationId":"k74gmt9l1m5ofce"}
{"type":"log","timestamp":1768966884705,"level":"debug","message":"Executing recipe chrome-pdf","meta":{"rootId":"4cn8vs6ma86s8i7","id":"4cn8vs6ma86s8i7"},"id":"te34xbq5vetjy9p","previousOperationId":"knwidrp3r6ypv8n"}
{"type":"log","timestamp":1768966884730,"level":"debug","message":"Converting with chrome Chrome/142.0.7444.175 using chrome-pool strategy","meta":{"rootId":"4cn8vs6ma86s8i7","id":"4cn8vs6ma86s8i7"},"id":"720eiedjhk873jc","previousOperationId":"knwidrp3r6ypv8n"}
{"type":"log","timestamp":1768966885135,"level":"debug","message":"Page request: GET (document) file:///tmp/jsreport/autocleanup/61ca50f3-9909-48c3-b8cc-b48fda815a5b-chrome-pdf.html","meta":{"rootId":"4cn8vs6ma86s8i7","id":"4cn8vs6ma86s8i7"},"id":"zzx4igsiblh7hsm","previousOperationId":"knwidrp3r6ypv8n"}
{"type":"log","timestamp":1768966885171,"level":"debug","message":"Page request finished: GET (document) 200 file:///tmp/jsreport/autocleanup/61ca50f3-9909-48c3-b8cc-b48fda815a5b-chrome-pdf.html","meta":{"rootId":"4cn8vs6ma86s8i7","id":"4cn8vs6ma86s8i7"},"id":"mcd8w3nra6fioxd","previousOperationId":"knwidrp3r6ypv8n"}
{"type":"log","timestamp":1768966885222,"level":"debug","message":"Running chrome with params {\"printBackground\":true,\"timeout\":59822,\"margin\":{}}","meta":{"rootId":"4cn8vs6ma86s8i7","id":"4cn8vs6ma86s8i7"},"id":"egzvl5p0si0chvt","previousOperationId":"knwidrp3r6ypv8n"}
{"type":"operationEnd","operationId":"knwidrp3r6ypv8n","timestamp":1768966885320,"id":"92imgc436cdnjdw","previousEventId":"b71xmtvke5oe240","previousOperationId":"knwidrp3r6ypv8n"}
{"type":"log","timestamp":1768966885321,"level":"debug","message":"Skipping storing report.","meta":{"rootId":"4cn8vs6ma86s8i7","id":"4cn8vs6ma86s8i7"},"id":"5ye6fee50nm0uyx","previousOperationId":"knwidrp3r6ypv8n"}
{"type":"log","timestamp":1768966885321,"level":"info","message":"Rendering request 33 finished in 787 ms","meta":{"rootId":"4cn8vs6ma86s8i7","id":"4cn8vs6ma86s8i7"},"id":"5ff8kpsw46v9byy","previousOperationId":"knwidrp3r6ypv8n"}
{"type":"operationEnd","subtype":"render","operationId":"i6m7wqg40xugz0k","timestamp":1768966885321,"id":"j22efv94a4uxo74","previousEventId":"92imgc436cdnjdw","previousOperationId":"knwidrp3r6ypv8n"}
{"type":"operationEnd","doDiffs":false,"previousEventId":"hzuxccsmq88zb1f","previousOperationId":"5v5dyadynxmwzlo","operationId":"5v5dyadynxmwzlo","timestamp":1768966885323,"id":"z9mav0nb4btfss1"}
