{"type":"operationStart","subtype":"profile","data":{"_id":"bsYmPUlrIKO0MRu0","timestamp":"2026-01-21T13:31:00.494Z","state":"queued","mode":"standard","creationDate":"2026-01-21T13:31:00.496Z","modificationDate":"2026-01-21T13:31:00.496Z","shortid":"F8c_k4p","$entitySet":"profiles"},"doDiffs":false,"timestamp":1769002260495,"id":"4yjh36k52m8qfkn","previousOperationId":null,"operationId":"cchtt50nhcicfs4"}
{"type":"log","level":"info","message":"Render request 1 queued for execution and waiting for available worker","previousOperationId":"cchtt50nhcicfs4","timestamp":1769002260495,"id":"gxq3zelneiuvfzd"}
{"type":"operationStart","subtype":"render","name":"journal-entry-v2","previousOperationId":"cchtt50nhcicfs4","timestamp":1769002260553,"id":"31vco8s92lidju3","previousEventId":"4yjh36k52m8qfkn","operationId":"n6mjkxgp6j35o0y"}
{"type":"log","timestamp":1769002260553,"level":"info","message":"Starting rendering request 1","meta":{"rootId":"8fvi934b5j03gmy","id":"8fvi934b5j03gmy"},"id":"gmnepx7796gstc3","previousOperationId":"n6mjkxgp6j35o0y"}
{"type":"log","timestamp":1769002260553,"level":"info","message":"Rendering template { name: journal-entry-v2, recipe: chrome-pdf, engine: handlebars, preview: false }","meta":{"rootId":"8fvi934b5j03gmy","id":"8fvi934b5j03gmy"},"id":"2qo31nbxzr9an3k","previousOperationId":"n6mjkxgp6j35o0y"}
{"type":"log","timestamp":1769002260555,"level":"debug","message":"Inline data specified.","meta":{"rootId":"8fvi934b5j03gmy","id":"8fvi934b5j03gmy"},"id":"rsldy8751ab1weq","previousOperationId":"n6mjkxgp6j35o0y"}
{"type":"log","timestamp":1769002260558,"level":"debug","message":"Base url not specified, skipping its injection.","meta":{"rootId":"8fvi934b5j03gmy","id":"8fvi934b5j03gmy"},"id":"vrgw2f6z28ygmrr","previousOperationId":"n6mjkxgp6j35o0y"}
{"type":"operationStart","subtype":"engine","name":"handlebars","timestamp":1769002260559,"id":"w07664iy04lmc2n","previousEventId":"31vco8s92lidju3","operationId":"ya1xtmqpaqyvdgj","previousOperationId":"n6mjkxgp6j35o0y"}
{"type":"log","timestamp":1769002260559,"level":"debug","message":"Rendering engine handlebars","meta":{"rootId":"8fvi934b5j03gmy","id":"8fvi934b5j03gmy"},"id":"l84slk87h4xld5y","previousOperationId":"ya1xtmqpaqyvdgj"}
{"type":"operationEnd","operationId":"ya1xtmqpaqyvdgj","timestamp":1769002260984,"id":"fja5unefqes2lsg","previousEventId":"w07664iy04lmc2n","previousOperationId":"ya1xtmqpaqyvdgj"}
{"type":"operationStart","subtype":"recipe","name":"chrome-pdf","timestamp":1769002260985,"id":"w6s23wl89isqytk","previousEventId":"fja5unefqes2lsg","operationId":"ue6modz6h3ex3a4","previousOperationId":"ya1xtmqpaqyvdgj"}
{"type":"log","timestamp":1769002260985,"level":"debug","message":"Executing recipe chrome-pdf","meta":{"rootId":"8fvi934b5j03gmy","id":"8fvi934b5j03gmy"},"id":"rh6psgklvu7bau1","previousOperationId":"ue6modz6h3ex3a4"}
{"type":"log","timestamp":1769002261763,"level":"debug","message":"Converting with chrome Chrome/142.0.7444.175 using chrome-pool strategy","meta":{"rootId":"8fvi934b5j03gmy","id":"8fvi934b5j03gmy"},"id":"pg3me9rph1q3033","previousOperationId":"ue6modz6h3ex3a4"}
{"type":"log","timestamp":1769002261854,"level":"debug","message":"Page request: GET (document) file:///tmp/jsreport/autocleanup/14e1cfbc-0f28-4440-8c29-70f357c7bf11-chrome-pdf.html","meta":{"rootId":"8fvi934b5j03gmy","id":"8fvi934b5j03gmy"},"id":"uqy66rgttkha8qj","previousOperationId":"ue6modz6h3ex3a4"}
{"type":"log","timestamp":1769002261865,"level":"debug","message":"Page request finished: GET (document) 200 file:///tmp/jsreport/autocleanup/14e1cfbc-0f28-4440-8c29-70f357c7bf11-chrome-pdf.html","meta":{"rootId":"8fvi934b5j03gmy","id":"8fvi934b5j03gmy"},"id":"120g8qoh4042lmv","previousOperationId":"ue6modz6h3ex3a4"}
{"type":"log","timestamp":1769002261904,"level":"debug","message":"Running chrome with params {\"printBackground\":true,\"timeout\":59504,\"margin\":{}}","meta":{"rootId":"8fvi934b5j03gmy","id":"8fvi934b5j03gmy"},"id":"jay5ad3r50lw8sx","previousOperationId":"ue6modz6h3ex3a4"}
{"type":"operationEnd","operationId":"ue6modz6h3ex3a4","timestamp":1769002261958,"id":"dvit1zqo9us7pjz","previousEventId":"w6s23wl89isqytk","previousOperationId":"ue6modz6h3ex3a4"}
{"type":"log","timestamp":1769002261959,"level":"debug","message":"Skipping storing report.","meta":{"rootId":"8fvi934b5j03gmy","id":"8fvi934b5j03gmy"},"id":"5hd4x5jvf6wlmuw","previousOperationId":"ue6modz6h3ex3a4"}
{"type":"log","timestamp":1769002261959,"level":"info","message":"Rendering request 1 finished in 1466 ms","meta":{"rootId":"8fvi934b5j03gmy","id":"8fvi934b5j03gmy"},"id":"b8ejos6q5mrnx8p","previousOperationId":"ue6modz6h3ex3a4"}
{"type":"operationEnd","subtype":"render","operationId":"n6mjkxgp6j35o0y","timestamp":1769002261959,"id":"v7590avb8vlgfzy","previousEventId":"dvit1zqo9us7pjz","previousOperationId":"ue6modz6h3ex3a4"}
{"type":"operationEnd","doDiffs":false,"previousEventId":"4yjh36k52m8qfkn","previousOperationId":"cchtt50nhcicfs4","operationId":"cchtt50nhcicfs4","timestamp":1769002261961,"id":"gp2kuv6kbam7xcf"}
