{"type":"operationStart","subtype":"profile","data":{"_id":"RPalIW8I62DMoJ35","timestamp":"2026-01-21T03:34:38.565Z","state":"queued","mode":"standard","creationDate":"2026-01-21T03:34:38.569Z","modificationDate":"2026-01-21T03:34:38.569Z","shortid":"RTzVSbl","$entitySet":"profiles"},"doDiffs":false,"timestamp":1768966478568,"id":"4jkt0uqff4n1whr","previousOperationId":null,"operationId":"fac1cqmxmq2h8rx"}
{"type":"log","level":"info","message":"Render request 23 queued for execution and waiting for available worker","previousOperationId":"fac1cqmxmq2h8rx","timestamp":1768966478569,"id":"a2jea4as8a24m8b"}
{"type":"operationStart","subtype":"render","name":"journal-entry-v2","previousOperationId":"fac1cqmxmq2h8rx","timestamp":1768966478650,"id":"ejryfxgblg3p0wh","previousEventId":"4jkt0uqff4n1whr","operationId":"vs6jz70oyty111g"}
{"type":"log","timestamp":1768966478655,"level":"info","message":"Starting rendering request 23","meta":{"rootId":"8vsjxgtno9zuit2","id":"8vsjxgtno9zuit2"},"id":"fpvah8xyv2qamty","previousOperationId":"vs6jz70oyty111g"}
{"type":"log","timestamp":1768966478660,"level":"info","message":"Rendering template { name: journal-entry-v2, recipe: chrome-pdf, engine: handlebars, preview: true }","meta":{"rootId":"8vsjxgtno9zuit2","id":"8vsjxgtno9zuit2"},"id":"6tfi6elr6wwpzvq","previousOperationId":"vs6jz70oyty111g"}
{"type":"log","timestamp":1768966478669,"level":"debug","message":"Adding sample data VJOFIK6X3","meta":{"rootId":"8vsjxgtno9zuit2","id":"8vsjxgtno9zuit2"},"id":"o9ni25siwcgxi4w","previousOperationId":"vs6jz70oyty111g"}
{"type":"log","timestamp":1768966478686,"level":"debug","message":"Base url not specified, skipping its injection.","meta":{"rootId":"8vsjxgtno9zuit2","id":"8vsjxgtno9zuit2"},"id":"t1wlw0ihvuazlrs","previousOperationId":"vs6jz70oyty111g"}
{"type":"operationStart","subtype":"engine","name":"handlebars","timestamp":1768966478706,"id":"ys3m8vdg6fj005a","previousEventId":"ejryfxgblg3p0wh","operationId":"5ouagp01nd54j1i","previousOperationId":"vs6jz70oyty111g"}
{"type":"log","timestamp":1768966478706,"level":"debug","message":"Rendering engine handlebars","meta":{"rootId":"8vsjxgtno9zuit2","id":"8vsjxgtno9zuit2"},"id":"wz1molo7ddav548","previousOperationId":"5ouagp01nd54j1i"}
{"type":"operationEnd","operationId":"5ouagp01nd54j1i","timestamp":1768966478848,"id":"sq1h8nkjkbb4m3c","previousEventId":"ys3m8vdg6fj005a","previousOperationId":"5ouagp01nd54j1i"}
{"type":"operationStart","subtype":"recipe","name":"chrome-pdf","timestamp":1768966478849,"id":"gpf61g0oj70t87n","previousEventId":"sq1h8nkjkbb4m3c","operationId":"sxvgcktsnhqlybw","previousOperationId":"5ouagp01nd54j1i"}
{"type":"log","timestamp":1768966478849,"level":"debug","message":"Executing recipe chrome-pdf","meta":{"rootId":"8vsjxgtno9zuit2","id":"8vsjxgtno9zuit2"},"id":"zdf565o3id82t6h","previousOperationId":"sxvgcktsnhqlybw"}
{"type":"log","timestamp":1768966478890,"level":"debug","message":"Converting with chrome Chrome/142.0.7444.175 using chrome-pool strategy","meta":{"rootId":"8vsjxgtno9zuit2","id":"8vsjxgtno9zuit2"},"id":"6ytnixqsu8xuz3c","previousOperationId":"sxvgcktsnhqlybw"}
{"type":"log","timestamp":1768966479312,"level":"debug","message":"Page request: GET (document) file:///tmp/jsreport/autocleanup/5962973d-dffe-4f34-9342-e2f02cebccfe-chrome-pdf.html","meta":{"rootId":"8vsjxgtno9zuit2","id":"8vsjxgtno9zuit2"},"id":"ydwxpp3x644mo2h","previousOperationId":"sxvgcktsnhqlybw"}
{"type":"log","timestamp":1768966479352,"level":"debug","message":"Page request finished: GET (document) 200 file:///tmp/jsreport/autocleanup/5962973d-dffe-4f34-9342-e2f02cebccfe-chrome-pdf.html","meta":{"rootId":"8vsjxgtno9zuit2","id":"8vsjxgtno9zuit2"},"id":"kkbvmny3v9r2nbk","previousOperationId":"sxvgcktsnhqlybw"}
{"type":"log","timestamp":1768966479364,"level":"warn","message":"Page request failed: GET (stylesheet) file:///tmp/jsreport/autocleanup/styles.css, failure: net::ERR_ACCESS_DENIED","meta":{"rootId":"8vsjxgtno9zuit2","id":"8vsjxgtno9zuit2"},"id":"7ki2vwws5romusa","previousOperationId":"sxvgcktsnhqlybw"}
{"type":"log","timestamp":1768966479365,"level":"debug","message":"(console:error) Failed to load resource: net::ERR_ACCESS_DENIED","meta":{"userLevel":true,"rootId":"8vsjxgtno9zuit2","id":"8vsjxgtno9zuit2"},"id":"w0x1eti98kskvz8","previousOperationId":"sxvgcktsnhqlybw"}
{"type":"log","timestamp":1768966479396,"level":"debug","message":"Running chrome with params {\"printBackground\":true,\"timeout\":59701,\"margin\":{}}","meta":{"rootId":"8vsjxgtno9zuit2","id":"8vsjxgtno9zuit2"},"id":"l01ga9s95j5vcu9","previousOperationId":"sxvgcktsnhqlybw"}
{"type":"operationEnd","operationId":"sxvgcktsnhqlybw","timestamp":1768966479510,"id":"2sf361zkgbu3t03","previousEventId":"gpf61g0oj70t87n","previousOperationId":"sxvgcktsnhqlybw"}
{"type":"log","timestamp":1768966479510,"level":"debug","message":"Skipping storing report.","meta":{"rootId":"8vsjxgtno9zuit2","id":"8vsjxgtno9zuit2"},"id":"a9vdi33hsuaqqi1","previousOperationId":"sxvgcktsnhqlybw"}
{"type":"log","timestamp":1768966479511,"level":"info","message":"Rendering request 23 finished in 945 ms","meta":{"rootId":"8vsjxgtno9zuit2","id":"8vsjxgtno9zuit2"},"id":"f5t06l42lm62glk","previousOperationId":"sxvgcktsnhqlybw"}
{"type":"operationEnd","subtype":"render","operationId":"vs6jz70oyty111g","timestamp":1768966479511,"id":"kw52hcfd0sfpqtp","previousEventId":"2sf361zkgbu3t03","previousOperationId":"sxvgcktsnhqlybw"}
{"type":"operationEnd","doDiffs":false,"previousEventId":"4jkt0uqff4n1whr","previousOperationId":"fac1cqmxmq2h8rx","operationId":"fac1cqmxmq2h8rx","timestamp":1768966479513,"id":"ntc4d9xf13td6b2"}
