{"type":"operationStart","subtype":"profile","data":{"_id":"8yw2GUgxcnw59OrY","timestamp":"2026-01-21T03:39:45.689Z","state":"queued","mode":"standard","creationDate":"2026-01-21T03:39:45.693Z","modificationDate":"2026-01-21T03:39:45.693Z","shortid":"mfQJc2s","$entitySet":"profiles"},"doDiffs":false,"timestamp":1768966785692,"id":"w83h5ai8qpar4di","previousOperationId":null,"operationId":"q65bajhwo74c3h0"}
{"type":"log","level":"info","message":"Render request 31 queued for execution and waiting for available worker","previousOperationId":"q65bajhwo74c3h0","timestamp":1768966785692,"id":"n5ng03fx4kwltgk"}
{"type":"operationStart","subtype":"render","name":"journal-entry-v2","previousOperationId":"q65bajhwo74c3h0","timestamp":1768966785761,"id":"g0zuhi6ta58lpxd","previousEventId":"w83h5ai8qpar4di","operationId":"dayvq5yf3q6gttk"}
{"type":"log","timestamp":1768966785763,"level":"info","message":"Starting rendering request 31","meta":{"rootId":"9a2dfohumbp5q2d","id":"9a2dfohumbp5q2d"},"id":"s7u3aolw67kvzdy","previousOperationId":"dayvq5yf3q6gttk"}
{"type":"log","timestamp":1768966785764,"level":"info","message":"Rendering template { name: journal-entry-v2, recipe: chrome-pdf, engine: handlebars, preview: false }","meta":{"rootId":"9a2dfohumbp5q2d","id":"9a2dfohumbp5q2d"},"id":"4179kws4hc1uqad","previousOperationId":"dayvq5yf3q6gttk"}
{"type":"log","timestamp":1768966785766,"level":"debug","message":"Inline data specified.","meta":{"rootId":"9a2dfohumbp5q2d","id":"9a2dfohumbp5q2d"},"id":"hrv4e7e1lfolkjy","previousOperationId":"dayvq5yf3q6gttk"}
{"type":"log","timestamp":1768966785769,"level":"debug","message":"Base url not specified, skipping its injection.","meta":{"rootId":"9a2dfohumbp5q2d","id":"9a2dfohumbp5q2d"},"id":"wkvw7c4on8a5rax","previousOperationId":"dayvq5yf3q6gttk"}
{"type":"operationStart","subtype":"engine","name":"handlebars","timestamp":1768966785773,"id":"yhxx02mxtinpfco","previousEventId":"g0zuhi6ta58lpxd","operationId":"z849kdskko5d8en","previousOperationId":"dayvq5yf3q6gttk"}
{"type":"log","timestamp":1768966785773,"level":"debug","message":"Rendering engine handlebars","meta":{"rootId":"9a2dfohumbp5q2d","id":"9a2dfohumbp5q2d"},"id":"1cmzbyid41g2334","previousOperationId":"z849kdskko5d8en"}
{"type":"operationEnd","operationId":"z849kdskko5d8en","timestamp":1768966785843,"id":"rksuhln3jdy1agq","previousEventId":"yhxx02mxtinpfco","previousOperationId":"z849kdskko5d8en"}
{"type":"operationStart","subtype":"recipe","name":"chrome-pdf","timestamp":1768966785844,"id":"ggh1ineb0hiuli7","previousEventId":"rksuhln3jdy1agq","operationId":"tn91uhlkgs3ifzm","previousOperationId":"z849kdskko5d8en"}
{"type":"log","timestamp":1768966785844,"level":"debug","message":"Executing recipe chrome-pdf","meta":{"rootId":"9a2dfohumbp5q2d","id":"9a2dfohumbp5q2d"},"id":"u2ttd5rommbpl31","previousOperationId":"tn91uhlkgs3ifzm"}
{"type":"log","timestamp":1768966785859,"level":"debug","message":"Converting with chrome Chrome/142.0.7444.175 using chrome-pool strategy","meta":{"rootId":"9a2dfohumbp5q2d","id":"9a2dfohumbp5q2d"},"id":"51emfx01wk2bve8","previousOperationId":"tn91uhlkgs3ifzm"}
{"type":"log","timestamp":1768966785988,"level":"debug","message":"Page request: GET (document) file:///tmp/jsreport/autocleanup/56857e74-b432-4596-a829-6ab5369c975b-chrome-pdf.html","meta":{"rootId":"9a2dfohumbp5q2d","id":"9a2dfohumbp5q2d"},"id":"ocj8gqe372qejrs","previousOperationId":"tn91uhlkgs3ifzm"}
{"type":"log","timestamp":1768966786002,"level":"debug","message":"Page request finished: GET (document) 200 file:///tmp/jsreport/autocleanup/56857e74-b432-4596-a829-6ab5369c975b-chrome-pdf.html","meta":{"rootId":"9a2dfohumbp5q2d","id":"9a2dfohumbp5q2d"},"id":"46e40fpns2bvqbd","previousOperationId":"tn91uhlkgs3ifzm"}
{"type":"log","timestamp":1768966786030,"level":"debug","message":"Running chrome with params {\"printBackground\":true,\"timeout\":59840,\"margin\":{}}","meta":{"rootId":"9a2dfohumbp5q2d","id":"9a2dfohumbp5q2d"},"id":"gcd51d7nj5o8epu","previousOperationId":"tn91uhlkgs3ifzm"}
{"type":"operationEnd","operationId":"tn91uhlkgs3ifzm","timestamp":1768966786085,"id":"7nsd3zyb8yciqj0","previousEventId":"ggh1ineb0hiuli7","previousOperationId":"tn91uhlkgs3ifzm"}
{"type":"log","timestamp":1768966786086,"level":"debug","message":"Skipping storing report.","meta":{"rootId":"9a2dfohumbp5q2d","id":"9a2dfohumbp5q2d"},"id":"9tl03laznj4yirf","previousOperationId":"tn91uhlkgs3ifzm"}
{"type":"log","timestamp":1768966786086,"level":"info","message":"Rendering request 31 finished in 397 ms","meta":{"rootId":"9a2dfohumbp5q2d","id":"9a2dfohumbp5q2d"},"id":"6041brcpkzbmdhp","previousOperationId":"tn91uhlkgs3ifzm"}
{"type":"operationEnd","subtype":"render","operationId":"dayvq5yf3q6gttk","timestamp":1768966786086,"id":"41s43lq7s9rws1p","previousEventId":"7nsd3zyb8yciqj0","previousOperationId":"tn91uhlkgs3ifzm"}
{"type":"operationEnd","doDiffs":false,"previousEventId":"w83h5ai8qpar4di","previousOperationId":"q65bajhwo74c3h0","operationId":"q65bajhwo74c3h0","timestamp":1768966786087,"id":"gbnpg8u6w9oc8pb"}
