{"type":"operationStart","subtype":"profile","data":{"_id":"SErm7XtmuusEatb2","timestamp":"2026-01-22T00:24:15.022Z","state":"queued","mode":"standard","creationDate":"2026-01-22T00:24:15.029Z","modificationDate":"2026-01-22T00:24:15.029Z","shortid":"pio6ZgO","$entitySet":"profiles"},"doDiffs":false,"timestamp":1769041455026,"id":"y7ik5yx5z689y0j","previousOperationId":null,"operationId":"rzr18heyfe1e11e"}
{"type":"log","level":"info","message":"Render request 8 queued for execution and waiting for available worker","previousOperationId":"rzr18heyfe1e11e","timestamp":1769041455027,"id":"dpfnfktvmhhukej"}
{"type":"operationStart","subtype":"render","name":"journal-entry-v2","previousOperationId":"rzr18heyfe1e11e","timestamp":1769041455126,"id":"erk1btfdap3x4ck","previousEventId":"y7ik5yx5z689y0j","operationId":"ewxgdo3cr9sfszw"}
{"type":"log","timestamp":1769041455131,"level":"info","message":"Starting rendering request 8","meta":{"rootId":"9tzz5nmeni2racz","id":"9tzz5nmeni2racz"},"id":"81rjv3bbvclpmmw","previousOperationId":"ewxgdo3cr9sfszw"}
{"type":"log","timestamp":1769041455135,"level":"info","message":"Rendering template { name: journal-entry-v2, recipe: chrome-pdf, engine: handlebars, preview: true }","meta":{"rootId":"9tzz5nmeni2racz","id":"9tzz5nmeni2racz"},"id":"xfj00o6v57ki2kk","previousOperationId":"ewxgdo3cr9sfszw"}
{"type":"log","timestamp":1769041455141,"level":"debug","message":"Inline data specified.","meta":{"rootId":"9tzz5nmeni2racz","id":"9tzz5nmeni2racz"},"id":"llsjzcgp934frtj","previousOperationId":"ewxgdo3cr9sfszw"}
{"type":"log","timestamp":1769041455150,"level":"debug","message":"Base url not specified, skipping its injection.","meta":{"rootId":"9tzz5nmeni2racz","id":"9tzz5nmeni2racz"},"id":"5dqmi04zoif6oq5","previousOperationId":"ewxgdo3cr9sfszw"}
{"type":"operationStart","subtype":"engine","name":"handlebars","timestamp":1769041455156,"id":"osteho4bh7esoa0","previousEventId":"erk1btfdap3x4ck","operationId":"32pccwj4eutdupp","previousOperationId":"ewxgdo3cr9sfszw"}
{"type":"log","timestamp":1769041455156,"level":"debug","message":"Rendering engine handlebars","meta":{"rootId":"9tzz5nmeni2racz","id":"9tzz5nmeni2racz"},"id":"ufi8zncxbi14qxx","previousOperationId":"32pccwj4eutdupp"}
{"type":"operationEnd","operationId":"32pccwj4eutdupp","timestamp":1769041455277,"id":"6imlijvx70mhvrq","previousEventId":"osteho4bh7esoa0","previousOperationId":"32pccwj4eutdupp"}
{"type":"operationStart","subtype":"recipe","name":"chrome-pdf","timestamp":1769041455278,"id":"w500xvt73anxjla","previousEventId":"6imlijvx70mhvrq","operationId":"u2ualzmdgp698wj","previousOperationId":"32pccwj4eutdupp"}
{"type":"log","timestamp":1769041455278,"level":"debug","message":"Executing recipe chrome-pdf","meta":{"rootId":"9tzz5nmeni2racz","id":"9tzz5nmeni2racz"},"id":"fahlqp6ttnh91lv","previousOperationId":"u2ualzmdgp698wj"}
{"type":"log","timestamp":1769041455335,"level":"debug","message":"Converting with chrome Chrome/142.0.7444.175 using chrome-pool strategy","meta":{"rootId":"9tzz5nmeni2racz","id":"9tzz5nmeni2racz"},"id":"r4c0stm39092j31","previousOperationId":"u2ualzmdgp698wj"}
{"type":"log","timestamp":1769041455523,"level":"debug","message":"Page request: GET (document) file:///tmp/jsreport/autocleanup/af945c00-cf34-4cca-a6a9-393df23af68c-chrome-pdf.html","meta":{"rootId":"9tzz5nmeni2racz","id":"9tzz5nmeni2racz"},"id":"fkdv4azd21jp06t","previousOperationId":"u2ualzmdgp698wj"}
{"type":"log","timestamp":1769041455541,"level":"debug","message":"Page request finished: GET (document) 200 file:///tmp/jsreport/autocleanup/af945c00-cf34-4cca-a6a9-393df23af68c-chrome-pdf.html","meta":{"rootId":"9tzz5nmeni2racz","id":"9tzz5nmeni2racz"},"id":"9bokyyjh1cdz1a7","previousOperationId":"u2ualzmdgp698wj"}
{"type":"log","timestamp":1769041455574,"level":"debug","message":"Running chrome with params {\"printBackground\":true,\"timeout\":59703,\"margin\":{}}","meta":{"rootId":"9tzz5nmeni2racz","id":"9tzz5nmeni2racz"},"id":"k73dfufolj164jc","previousOperationId":"u2ualzmdgp698wj"}
{"type":"operationEnd","operationId":"u2ualzmdgp698wj","timestamp":1769041455653,"id":"35dqxmatlm3dkti","previousEventId":"w500xvt73anxjla","previousOperationId":"u2ualzmdgp698wj"}
{"type":"log","timestamp":1769041455654,"level":"debug","message":"Skipping storing report.","meta":{"rootId":"9tzz5nmeni2racz","id":"9tzz5nmeni2racz"},"id":"09u7qgtfxcr3ga4","previousOperationId":"u2ualzmdgp698wj"}
{"type":"log","timestamp":1769041455654,"level":"info","message":"Rendering request 8 finished in 635 ms","meta":{"rootId":"9tzz5nmeni2racz","id":"9tzz5nmeni2racz"},"id":"a1v9u0nnaj9xuk7","previousOperationId":"u2ualzmdgp698wj"}
{"type":"operationEnd","subtype":"render","operationId":"ewxgdo3cr9sfszw","timestamp":1769041455654,"id":"ck9w48vbm94jwsd","previousEventId":"35dqxmatlm3dkti","previousOperationId":"u2ualzmdgp698wj"}
{"type":"operationEnd","doDiffs":false,"previousEventId":"y7ik5yx5z689y0j","previousOperationId":"rzr18heyfe1e11e","operationId":"rzr18heyfe1e11e","timestamp":1769041455657,"id":"z7cgask2b1jjvfl"}
