{"type":"operationStart","subtype":"profile","data":{"_id":"bpHR8EuWGsohR1Sf","timestamp":"2026-01-22T00:17:44.328Z","state":"queued","mode":"standard","creationDate":"2026-01-22T00:17:44.332Z","modificationDate":"2026-01-22T00:17:44.332Z","shortid":"2_DRqhg","$entitySet":"profiles"},"doDiffs":false,"timestamp":1769041064331,"id":"fpg011qwnn4lbg6","previousOperationId":null,"operationId":"ir4zokmvb0k922t"}
{"type":"log","level":"info","message":"Render request 7 queued for execution and waiting for available worker","previousOperationId":"ir4zokmvb0k922t","timestamp":1769041064332,"id":"8iltjdn5xjx6qbs"}
{"type":"operationStart","subtype":"render","name":"journal-entry-v2","previousOperationId":"ir4zokmvb0k922t","timestamp":1769041064432,"id":"cu5dtsyms8x97ei","previousEventId":"fpg011qwnn4lbg6","operationId":"pp67j1kz7z9oogp"}
{"type":"log","timestamp":1769041064438,"level":"info","message":"Starting rendering request 7","meta":{"rootId":"a3w46xhbdoxyk3g","id":"a3w46xhbdoxyk3g"},"id":"xux1rzqgtri88es","previousOperationId":"pp67j1kz7z9oogp"}
{"type":"log","timestamp":1769041064441,"level":"info","message":"Rendering template { name: journal-entry-v2, recipe: chrome-pdf, engine: handlebars, preview: true }","meta":{"rootId":"a3w46xhbdoxyk3g","id":"a3w46xhbdoxyk3g"},"id":"pmosg939f2e7m2p","previousOperationId":"pp67j1kz7z9oogp"}
{"type":"log","timestamp":1769041064446,"level":"debug","message":"Inline data specified.","meta":{"rootId":"a3w46xhbdoxyk3g","id":"a3w46xhbdoxyk3g"},"id":"p5irphn64c9ax1b","previousOperationId":"pp67j1kz7z9oogp"}
{"type":"log","timestamp":1769041064454,"level":"debug","message":"Base url not specified, skipping its injection.","meta":{"rootId":"a3w46xhbdoxyk3g","id":"a3w46xhbdoxyk3g"},"id":"52v52r0kfo11nui","previousOperationId":"pp67j1kz7z9oogp"}
{"type":"operationStart","subtype":"engine","name":"handlebars","timestamp":1769041064464,"id":"g7vmqs4g5tga4b7","previousEventId":"cu5dtsyms8x97ei","operationId":"s913lobuj1qbvjs","previousOperationId":"pp67j1kz7z9oogp"}
{"type":"log","timestamp":1769041064464,"level":"debug","message":"Rendering engine handlebars","meta":{"rootId":"a3w46xhbdoxyk3g","id":"a3w46xhbdoxyk3g"},"id":"2rawjqpbg4735hd","previousOperationId":"s913lobuj1qbvjs"}
{"type":"operationEnd","operationId":"s913lobuj1qbvjs","timestamp":1769041064548,"id":"syjja0an4g39zgg","previousEventId":"g7vmqs4g5tga4b7","previousOperationId":"s913lobuj1qbvjs"}
{"type":"operationStart","subtype":"recipe","name":"chrome-pdf","timestamp":1769041064549,"id":"iqw48qyzmkni692","previousEventId":"syjja0an4g39zgg","operationId":"ivagxouuqf15gom","previousOperationId":"s913lobuj1qbvjs"}
{"type":"log","timestamp":1769041064549,"level":"debug","message":"Executing recipe chrome-pdf","meta":{"rootId":"a3w46xhbdoxyk3g","id":"a3w46xhbdoxyk3g"},"id":"i0t7fxtx4paells","previousOperationId":"ivagxouuqf15gom"}
{"type":"log","timestamp":1769041064599,"level":"debug","message":"Converting with chrome Chrome/142.0.7444.175 using chrome-pool strategy","meta":{"rootId":"a3w46xhbdoxyk3g","id":"a3w46xhbdoxyk3g"},"id":"bslfcwvrwnxxv3c","previousOperationId":"ivagxouuqf15gom"}
{"type":"log","timestamp":1769041065164,"level":"debug","message":"Page request: GET (document) file:///tmp/jsreport/autocleanup/e5765cf0-52c1-4166-8d78-b90a8b295f59-chrome-pdf.html","meta":{"rootId":"a3w46xhbdoxyk3g","id":"a3w46xhbdoxyk3g"},"id":"srb34s77s0tm04q","previousOperationId":"ivagxouuqf15gom"}
{"type":"log","timestamp":1769041065200,"level":"debug","message":"Page request finished: GET (document) 200 file:///tmp/jsreport/autocleanup/e5765cf0-52c1-4166-8d78-b90a8b295f59-chrome-pdf.html","meta":{"rootId":"a3w46xhbdoxyk3g","id":"a3w46xhbdoxyk3g"},"id":"x5bg401dxop1m6j","previousOperationId":"ivagxouuqf15gom"}
{"type":"log","timestamp":1769041065246,"level":"debug","message":"Running chrome with params {\"printBackground\":true,\"timeout\":59763,\"margin\":{}}","meta":{"rootId":"a3w46xhbdoxyk3g","id":"a3w46xhbdoxyk3g"},"id":"runk0pm9g1zb61n","previousOperationId":"ivagxouuqf15gom"}
{"type":"operationEnd","operationId":"ivagxouuqf15gom","timestamp":1769041065415,"id":"hxc8ogg4ye0hlhu","previousEventId":"iqw48qyzmkni692","previousOperationId":"ivagxouuqf15gom"}
{"type":"log","timestamp":1769041065416,"level":"debug","message":"Skipping storing report.","meta":{"rootId":"a3w46xhbdoxyk3g","id":"a3w46xhbdoxyk3g"},"id":"jhcyp2trbteohy8","previousOperationId":"ivagxouuqf15gom"}
{"type":"log","timestamp":1769041065416,"level":"info","message":"Rendering request 7 finished in 1094 ms","meta":{"rootId":"a3w46xhbdoxyk3g","id":"a3w46xhbdoxyk3g"},"id":"ng6wxg753xzj8yu","previousOperationId":"ivagxouuqf15gom"}
{"type":"operationEnd","subtype":"render","operationId":"pp67j1kz7z9oogp","timestamp":1769041065416,"id":"zb32yudfsi1agni","previousEventId":"hxc8ogg4ye0hlhu","previousOperationId":"ivagxouuqf15gom"}
{"type":"operationEnd","doDiffs":false,"previousEventId":"fpg011qwnn4lbg6","previousOperationId":"ir4zokmvb0k922t","operationId":"ir4zokmvb0k922t","timestamp":1769041065418,"id":"a62ddslkg5m3p8v"}
