{"type":"operationStart","subtype":"profile","data":{"_id":"RT37OtUupRlsoEpk","timestamp":"2026-01-21T03:11:39.234Z","state":"queued","mode":"standard","creationDate":"2026-01-21T03:11:39.235Z","modificationDate":"2026-01-21T03:11:39.235Z","shortid":"rtIBYyb","$entitySet":"profiles"},"doDiffs":false,"timestamp":1768965099235,"id":"gynbp6tghsyw3fe","previousOperationId":null,"operationId":"jgizfzhw10emi0z"}
{"type":"log","level":"info","message":"Render request 19 queued for execution and waiting for available worker","previousOperationId":"jgizfzhw10emi0z","timestamp":1768965099235,"id":"fsgmbu97es9p6jj"}
{"type":"operationStart","subtype":"render","name":"journal-entry-v2","previousOperationId":"jgizfzhw10emi0z","timestamp":1768965099298,"id":"6gem9b4oe2ig3s8","previousEventId":"gynbp6tghsyw3fe","operationId":"aweypi6ryw3m1ro"}
{"type":"log","timestamp":1768965099300,"level":"info","message":"Starting rendering request 19","meta":{"rootId":"avl0jnrqeyhf0gy","id":"avl0jnrqeyhf0gy"},"id":"nfwsamsy3nglxyw","previousOperationId":"aweypi6ryw3m1ro"}
{"type":"log","timestamp":1768965099302,"level":"info","message":"Rendering template { name: journal-entry-v2, recipe: chrome-pdf, engine: handlebars, preview: false }","meta":{"rootId":"avl0jnrqeyhf0gy","id":"avl0jnrqeyhf0gy"},"id":"sm3eumssc2p8fyd","previousOperationId":"aweypi6ryw3m1ro"}
{"type":"log","timestamp":1768965099314,"level":"debug","message":"Inline data specified.","meta":{"rootId":"avl0jnrqeyhf0gy","id":"avl0jnrqeyhf0gy"},"id":"ivhdrjme98223s4","previousOperationId":"aweypi6ryw3m1ro"}
{"type":"log","timestamp":1768965099317,"level":"debug","message":"Base url not specified, skipping its injection.","meta":{"rootId":"avl0jnrqeyhf0gy","id":"avl0jnrqeyhf0gy"},"id":"1smwy3abtjrorl0","previousOperationId":"aweypi6ryw3m1ro"}
{"type":"operationStart","subtype":"engine","name":"handlebars","timestamp":1768965099321,"id":"a6m91qq3aon475i","previousEventId":"6gem9b4oe2ig3s8","operationId":"17cz31akda61rj5","previousOperationId":"aweypi6ryw3m1ro"}
{"type":"log","timestamp":1768965099321,"level":"debug","message":"Rendering engine handlebars","meta":{"rootId":"avl0jnrqeyhf0gy","id":"avl0jnrqeyhf0gy"},"id":"6xcyfc3a9jeixuw","previousOperationId":"17cz31akda61rj5"}
{"type":"operationEnd","operationId":"17cz31akda61rj5","timestamp":1768965099356,"id":"tewgawu2pl24c04","previousEventId":"a6m91qq3aon475i","previousOperationId":"17cz31akda61rj5"}
{"type":"operationStart","subtype":"recipe","name":"chrome-pdf","timestamp":1768965099357,"id":"lb0ricz2mio1k38","previousEventId":"tewgawu2pl24c04","operationId":"w097pguntbuege4","previousOperationId":"17cz31akda61rj5"}
{"type":"log","timestamp":1768965099357,"level":"debug","message":"Executing recipe chrome-pdf","meta":{"rootId":"avl0jnrqeyhf0gy","id":"avl0jnrqeyhf0gy"},"id":"rqgp7iiu3k8wmlo","previousOperationId":"w097pguntbuege4"}
{"type":"log","timestamp":1768965099374,"level":"debug","message":"Converting with chrome Chrome/142.0.7444.175 using chrome-pool strategy","meta":{"rootId":"avl0jnrqeyhf0gy","id":"avl0jnrqeyhf0gy"},"id":"o3dre6k470c8fzg","previousOperationId":"w097pguntbuege4"}
{"type":"log","timestamp":1768965099480,"level":"debug","message":"Page request: GET (document) file:///tmp/jsreport/autocleanup/79547e6e-ad7d-4d5a-a672-9120a69533f0-chrome-pdf.html","meta":{"rootId":"avl0jnrqeyhf0gy","id":"avl0jnrqeyhf0gy"},"id":"mv44xa3k9aoa6j5","previousOperationId":"w097pguntbuege4"}
{"type":"log","timestamp":1768965099494,"level":"debug","message":"Page request finished: GET (document) 200 file:///tmp/jsreport/autocleanup/79547e6e-ad7d-4d5a-a672-9120a69533f0-chrome-pdf.html","meta":{"rootId":"avl0jnrqeyhf0gy","id":"avl0jnrqeyhf0gy"},"id":"0e58cszgefke339","previousOperationId":"w097pguntbuege4"}
{"type":"log","timestamp":1768965099538,"level":"debug","message":"Running chrome with params {\"printBackground\":true,\"timeout\":59871,\"margin\":{}}","meta":{"rootId":"avl0jnrqeyhf0gy","id":"avl0jnrqeyhf0gy"},"id":"h4qyy0e0oln25ey","previousOperationId":"w097pguntbuege4"}
{"type":"operationEnd","operationId":"w097pguntbuege4","timestamp":1768965099634,"id":"dvq0pcwe65pbz2h","previousEventId":"lb0ricz2mio1k38","previousOperationId":"w097pguntbuege4"}
{"type":"log","timestamp":1768965099634,"level":"debug","message":"Skipping storing report.","meta":{"rootId":"avl0jnrqeyhf0gy","id":"avl0jnrqeyhf0gy"},"id":"zj0uvn98yetwqw3","previousOperationId":"w097pguntbuege4"}
{"type":"log","timestamp":1768965099634,"level":"info","message":"Rendering request 19 finished in 401 ms","meta":{"rootId":"avl0jnrqeyhf0gy","id":"avl0jnrqeyhf0gy"},"id":"1rq97jq4ipdahp9","previousOperationId":"w097pguntbuege4"}
{"type":"operationEnd","subtype":"render","operationId":"aweypi6ryw3m1ro","timestamp":1768965099634,"id":"n7xx5h108c4fkab","previousEventId":"dvq0pcwe65pbz2h","previousOperationId":"w097pguntbuege4"}
{"type":"operationEnd","doDiffs":false,"previousEventId":"gynbp6tghsyw3fe","previousOperationId":"jgizfzhw10emi0z","operationId":"jgizfzhw10emi0z","timestamp":1768965099636,"id":"xta5hv4n2yk3a74"}
