{"type":"operationStart","subtype":"profile","data":{"_id":"YOZGTJ8XeGGg59es","timestamp":"2026-01-21T03:42:44.179Z","state":"queued","mode":"standard","creationDate":"2026-01-21T03:42:44.200Z","modificationDate":"2026-01-21T03:42:44.200Z","shortid":"43CyPeH","$entitySet":"profiles"},"doDiffs":false,"timestamp":1768966964187,"id":"3y9o9dg8shknz6k","previousOperationId":null,"operationId":"j9j0ndjt600abjg"}
{"type":"log","level":"info","message":"Render request 34 queued for execution and waiting for available worker","previousOperationId":"j9j0ndjt600abjg","timestamp":1768966964188,"id":"l0jb0xmio4uhco9"}
{"type":"operationStart","subtype":"render","name":"journal-entry-v2","previousOperationId":"j9j0ndjt600abjg","timestamp":1768966964335,"id":"habfkpzd51ojn6p","previousEventId":"3y9o9dg8shknz6k","operationId":"k43ouw433sdh3wu"}
{"type":"log","timestamp":1768966964342,"level":"info","message":"Starting rendering request 34","meta":{"rootId":"dazboziukyjp2qk","id":"dazboziukyjp2qk"},"id":"gsbk3sri8fivwpb","previousOperationId":"k43ouw433sdh3wu"}
{"type":"log","timestamp":1768966964347,"level":"info","message":"Rendering template { name: journal-entry-v2, recipe: chrome-pdf, engine: handlebars, preview: false }","meta":{"rootId":"dazboziukyjp2qk","id":"dazboziukyjp2qk"},"id":"stu60a62n4ua6r2","previousOperationId":"k43ouw433sdh3wu"}
{"type":"log","timestamp":1768966964357,"level":"debug","message":"Inline data specified.","meta":{"rootId":"dazboziukyjp2qk","id":"dazboziukyjp2qk"},"id":"2x6a8jh83ufcq0k","previousOperationId":"k43ouw433sdh3wu"}
{"type":"log","timestamp":1768966964380,"level":"debug","message":"Base url not specified, skipping its injection.","meta":{"rootId":"dazboziukyjp2qk","id":"dazboziukyjp2qk"},"id":"067h2apfcuk84hb","previousOperationId":"k43ouw433sdh3wu"}
{"type":"operationStart","subtype":"engine","name":"handlebars","timestamp":1768966964391,"id":"alvlht21oapmpks","previousEventId":"habfkpzd51ojn6p","operationId":"x05n5vwtz2xbv3h","previousOperationId":"k43ouw433sdh3wu"}
{"type":"log","timestamp":1768966964391,"level":"debug","message":"Rendering engine handlebars","meta":{"rootId":"dazboziukyjp2qk","id":"dazboziukyjp2qk"},"id":"5375zzy6ablphr1","previousOperationId":"x05n5vwtz2xbv3h"}
{"type":"operationEnd","operationId":"x05n5vwtz2xbv3h","timestamp":1768966964498,"id":"bbai3jvjs4hhdns","previousEventId":"alvlht21oapmpks","previousOperationId":"x05n5vwtz2xbv3h"}
{"type":"operationStart","subtype":"recipe","name":"chrome-pdf","timestamp":1768966964500,"id":"rnrtd1x4k62cral","previousEventId":"bbai3jvjs4hhdns","operationId":"edjg96kwgdhqbl2","previousOperationId":"x05n5vwtz2xbv3h"}
{"type":"log","timestamp":1768966964500,"level":"debug","message":"Executing recipe chrome-pdf","meta":{"rootId":"dazboziukyjp2qk","id":"dazboziukyjp2qk"},"id":"26x2zftw3brpcby","previousOperationId":"edjg96kwgdhqbl2"}
{"type":"log","timestamp":1768966964555,"level":"debug","message":"Converting with chrome Chrome/142.0.7444.175 using chrome-pool strategy","meta":{"rootId":"dazboziukyjp2qk","id":"dazboziukyjp2qk"},"id":"9mlob94gd6rvn3e","previousOperationId":"edjg96kwgdhqbl2"}
{"type":"log","timestamp":1768966964985,"level":"debug","message":"Page request: GET (document) file:///tmp/jsreport/autocleanup/3a06b2a8-d607-4a3f-a97c-a3f6018cf610-chrome-pdf.html","meta":{"rootId":"dazboziukyjp2qk","id":"dazboziukyjp2qk"},"id":"ls6owxthrbdfhdj","previousOperationId":"edjg96kwgdhqbl2"}
{"type":"log","timestamp":1768966965019,"level":"debug","message":"Page request finished: GET (document) 200 file:///tmp/jsreport/autocleanup/3a06b2a8-d607-4a3f-a97c-a3f6018cf610-chrome-pdf.html","meta":{"rootId":"dazboziukyjp2qk","id":"dazboziukyjp2qk"},"id":"7w7eto9sz7onu2p","previousOperationId":"edjg96kwgdhqbl2"}
{"type":"log","timestamp":1768966965085,"level":"debug","message":"Running chrome with params {\"printBackground\":true,\"timeout\":59648,\"margin\":{}}","meta":{"rootId":"dazboziukyjp2qk","id":"dazboziukyjp2qk"},"id":"urt3q4v38dilbra","previousOperationId":"edjg96kwgdhqbl2"}
{"type":"operationEnd","operationId":"edjg96kwgdhqbl2","timestamp":1768966965203,"id":"8t1t5iwae6w1ojz","previousEventId":"rnrtd1x4k62cral","previousOperationId":"edjg96kwgdhqbl2"}
{"type":"log","timestamp":1768966965205,"level":"debug","message":"Skipping storing report.","meta":{"rootId":"dazboziukyjp2qk","id":"dazboziukyjp2qk"},"id":"i872aexfp4ie1kw","previousOperationId":"edjg96kwgdhqbl2"}
{"type":"log","timestamp":1768966965205,"level":"info","message":"Rendering request 34 finished in 1042 ms","meta":{"rootId":"dazboziukyjp2qk","id":"dazboziukyjp2qk"},"id":"lpj9kkfw60wqpxa","previousOperationId":"edjg96kwgdhqbl2"}
{"type":"operationEnd","subtype":"render","operationId":"k43ouw433sdh3wu","timestamp":1768966965205,"id":"kcobo2ryz4xtifj","previousEventId":"8t1t5iwae6w1ojz","previousOperationId":"edjg96kwgdhqbl2"}
{"type":"operationEnd","doDiffs":false,"previousEventId":"3y9o9dg8shknz6k","previousOperationId":"j9j0ndjt600abjg","operationId":"j9j0ndjt600abjg","timestamp":1768966965207,"id":"91fwligia0ii073"}
