{"type":"operationStart","subtype":"profile","data":{"_id":"VvzybXSdmn55GFtR","timestamp":"2026-01-21T17:07:08.064Z","state":"queued","mode":"standard","creationDate":"2026-01-21T17:07:08.065Z","modificationDate":"2026-01-21T17:07:08.065Z","shortid":"rPa9XiM","$entitySet":"profiles"},"doDiffs":false,"timestamp":1769015228064,"id":"wl4k3js5lsfapf1","previousOperationId":null,"operationId":"xgumwxiqt4yuzfi"}
{"type":"log","level":"info","message":"Render request 6 queued for execution and waiting for available worker","previousOperationId":"xgumwxiqt4yuzfi","timestamp":1769015228065,"id":"x1l85d5etj56r5z"}
{"type":"operationStart","subtype":"render","name":"journal-entry-v2","previousOperationId":"xgumwxiqt4yuzfi","timestamp":1769015228113,"id":"aep3bktx6ijonk2","previousEventId":"wl4k3js5lsfapf1","operationId":"i85cbw150r7za7v"}
{"type":"log","timestamp":1769015228114,"level":"info","message":"Starting rendering request 6","meta":{"rootId":"f9xyt2wm6hlt5s7","id":"f9xyt2wm6hlt5s7"},"id":"td5z06xryw5tel6","previousOperationId":"i85cbw150r7za7v"}
{"type":"log","timestamp":1769015228114,"level":"info","message":"Rendering template { name: journal-entry-v2, recipe: chrome-pdf, engine: handlebars, preview: true }","meta":{"rootId":"f9xyt2wm6hlt5s7","id":"f9xyt2wm6hlt5s7"},"id":"gmb72k2i6fes1qx","previousOperationId":"i85cbw150r7za7v"}
{"type":"log","timestamp":1769015228115,"level":"debug","message":"Adding sample data VJOFIK6X3","meta":{"rootId":"f9xyt2wm6hlt5s7","id":"f9xyt2wm6hlt5s7"},"id":"d86tmyie5ergmax","previousOperationId":"i85cbw150r7za7v"}
{"type":"log","timestamp":1769015228118,"level":"debug","message":"Base url not specified, skipping its injection.","meta":{"rootId":"f9xyt2wm6hlt5s7","id":"f9xyt2wm6hlt5s7"},"id":"6eesuike55o257n","previousOperationId":"i85cbw150r7za7v"}
{"type":"operationStart","subtype":"engine","name":"handlebars","timestamp":1769015228119,"id":"gxrgslkh90coh0s","previousEventId":"aep3bktx6ijonk2","operationId":"kuom3iwkv4y7fwq","previousOperationId":"i85cbw150r7za7v"}
{"type":"log","timestamp":1769015228119,"level":"debug","message":"Rendering engine handlebars","meta":{"rootId":"f9xyt2wm6hlt5s7","id":"f9xyt2wm6hlt5s7"},"id":"nzmbih8z8ibr89a","previousOperationId":"kuom3iwkv4y7fwq"}
{"type":"operationEnd","operationId":"kuom3iwkv4y7fwq","timestamp":1769015228127,"id":"3dukuxd19kh5hua","previousEventId":"gxrgslkh90coh0s","previousOperationId":"kuom3iwkv4y7fwq"}
{"type":"operationStart","subtype":"recipe","name":"chrome-pdf","timestamp":1769015228127,"id":"v9d0tqg0af82uks","previousEventId":"3dukuxd19kh5hua","operationId":"b7bq3b79oehq17w","previousOperationId":"kuom3iwkv4y7fwq"}
{"type":"log","timestamp":1769015228127,"level":"debug","message":"Executing recipe chrome-pdf","meta":{"rootId":"f9xyt2wm6hlt5s7","id":"f9xyt2wm6hlt5s7"},"id":"x14cvn9ymnadhv2","previousOperationId":"b7bq3b79oehq17w"}
{"type":"log","timestamp":1769015228129,"level":"debug","message":"Converting with chrome Chrome/142.0.7444.175 using chrome-pool strategy","meta":{"rootId":"f9xyt2wm6hlt5s7","id":"f9xyt2wm6hlt5s7"},"id":"p8m7bwt9rx2pju6","previousOperationId":"b7bq3b79oehq17w"}
{"type":"log","timestamp":1769015228172,"level":"debug","message":"Page request: GET (document) file:///tmp/jsreport/autocleanup/4c792616-6e26-4547-828b-9f770561dddf-chrome-pdf.html","meta":{"rootId":"f9xyt2wm6hlt5s7","id":"f9xyt2wm6hlt5s7"},"id":"r74nxbwq3xpmkzi","previousOperationId":"b7bq3b79oehq17w"}
{"type":"log","timestamp":1769015228186,"level":"debug","message":"Page request finished: GET (document) 200 file:///tmp/jsreport/autocleanup/4c792616-6e26-4547-828b-9f770561dddf-chrome-pdf.html","meta":{"rootId":"f9xyt2wm6hlt5s7","id":"f9xyt2wm6hlt5s7"},"id":"bwys9vwjjhrr18o","previousOperationId":"b7bq3b79oehq17w"}
{"type":"log","timestamp":1769015228220,"level":"debug","message":"Running chrome with params {\"printBackground\":true,\"timeout\":59935,\"margin\":{}}","meta":{"rootId":"f9xyt2wm6hlt5s7","id":"f9xyt2wm6hlt5s7"},"id":"vsl7loiptqiyqb3","previousOperationId":"b7bq3b79oehq17w"}
{"type":"operationEnd","operationId":"b7bq3b79oehq17w","timestamp":1769015228269,"id":"c7ma26ypenfsz1x","previousEventId":"v9d0tqg0af82uks","previousOperationId":"b7bq3b79oehq17w"}
{"type":"log","timestamp":1769015228269,"level":"debug","message":"Skipping storing report.","meta":{"rootId":"f9xyt2wm6hlt5s7","id":"f9xyt2wm6hlt5s7"},"id":"5by8z51v62v603u","previousOperationId":"b7bq3b79oehq17w"}
{"type":"log","timestamp":1769015228269,"level":"info","message":"Rendering request 6 finished in 206 ms","meta":{"rootId":"f9xyt2wm6hlt5s7","id":"f9xyt2wm6hlt5s7"},"id":"ldrluwshfo1phxs","previousOperationId":"b7bq3b79oehq17w"}
{"type":"operationEnd","subtype":"render","operationId":"i85cbw150r7za7v","timestamp":1769015228269,"id":"tuy8e53iocjmht4","previousEventId":"c7ma26ypenfsz1x","previousOperationId":"b7bq3b79oehq17w"}
{"type":"operationEnd","doDiffs":false,"previousEventId":"wl4k3js5lsfapf1","previousOperationId":"xgumwxiqt4yuzfi","operationId":"xgumwxiqt4yuzfi","timestamp":1769015228270,"id":"epyxxy180u9nnpy"}
