{"type":"operationStart","subtype":"profile","data":{"_id":"4OraPtDiLAfy2iqq","timestamp":"2026-01-21T03:10:11.465Z","state":"queued","mode":"standard","creationDate":"2026-01-21T03:10:11.467Z","modificationDate":"2026-01-21T03:10:11.467Z","shortid":"GEAsxkX","$entitySet":"profiles"},"doDiffs":false,"timestamp":1768965011466,"id":"jyplsn9qdfvmww5","previousOperationId":null,"operationId":"6z2x2gnng71ay0y"}
{"type":"log","level":"info","message":"Render request 17 queued for execution and waiting for available worker","previousOperationId":"6z2x2gnng71ay0y","timestamp":1768965011466,"id":"zg1qi5pqx6n6xev"}
{"type":"operationStart","subtype":"render","name":"journal-entry-v2","previousOperationId":"6z2x2gnng71ay0y","timestamp":1768965011544,"id":"smsnn6810g0ixub","previousEventId":"jyplsn9qdfvmww5","operationId":"t75eaac8gu7am16"}
{"type":"log","timestamp":1768965011548,"level":"info","message":"Starting rendering request 17","meta":{"rootId":"g2x3lkc1m0x56g8","id":"g2x3lkc1m0x56g8"},"id":"zhweciqty03ztrr","previousOperationId":"t75eaac8gu7am16"}
{"type":"log","timestamp":1768965011551,"level":"info","message":"Rendering template { name: journal-entry-v2, recipe: chrome-pdf, engine: handlebars, preview: false }","meta":{"rootId":"g2x3lkc1m0x56g8","id":"g2x3lkc1m0x56g8"},"id":"hn84zt6e3idez80","previousOperationId":"t75eaac8gu7am16"}
{"type":"log","timestamp":1768965011555,"level":"debug","message":"Inline data specified.","meta":{"rootId":"g2x3lkc1m0x56g8","id":"g2x3lkc1m0x56g8"},"id":"vfjgdp53omm2t61","previousOperationId":"t75eaac8gu7am16"}
{"type":"log","timestamp":1768965011561,"level":"debug","message":"Base url not specified, skipping its injection.","meta":{"rootId":"g2x3lkc1m0x56g8","id":"g2x3lkc1m0x56g8"},"id":"q9eside3etmn2ej","previousOperationId":"t75eaac8gu7am16"}
{"type":"operationStart","subtype":"engine","name":"handlebars","timestamp":1768965011567,"id":"kc7xhjbqa0buzr7","previousEventId":"smsnn6810g0ixub","operationId":"yn0u5f645b3n44y","previousOperationId":"t75eaac8gu7am16"}
{"type":"log","timestamp":1768965011567,"level":"debug","message":"Rendering engine handlebars","meta":{"rootId":"g2x3lkc1m0x56g8","id":"g2x3lkc1m0x56g8"},"id":"ppprfunsu09d7fu","previousOperationId":"yn0u5f645b3n44y"}
{"type":"operationEnd","operationId":"yn0u5f645b3n44y","timestamp":1768965011621,"id":"3qy0r76bc2xfmqh","previousEventId":"kc7xhjbqa0buzr7","previousOperationId":"yn0u5f645b3n44y"}
{"type":"operationStart","subtype":"recipe","name":"chrome-pdf","timestamp":1768965011624,"id":"ohb2cxve3vsjdee","previousEventId":"3qy0r76bc2xfmqh","operationId":"lgx9ecek9pb0hjq","previousOperationId":"yn0u5f645b3n44y"}
{"type":"log","timestamp":1768965011624,"level":"debug","message":"Executing recipe chrome-pdf","meta":{"rootId":"g2x3lkc1m0x56g8","id":"g2x3lkc1m0x56g8"},"id":"qofpnw5ssoevnx5","previousOperationId":"lgx9ecek9pb0hjq"}
{"type":"log","timestamp":1768965011655,"level":"debug","message":"Converting with chrome Chrome/142.0.7444.175 using chrome-pool strategy","meta":{"rootId":"g2x3lkc1m0x56g8","id":"g2x3lkc1m0x56g8"},"id":"5fxtgvl0nngpydo","previousOperationId":"lgx9ecek9pb0hjq"}
{"type":"log","timestamp":1768965011793,"level":"debug","message":"Page request: GET (document) file:///tmp/jsreport/autocleanup/3dca0072-0368-4ce3-984c-b606f0abee3a-chrome-pdf.html","meta":{"rootId":"g2x3lkc1m0x56g8","id":"g2x3lkc1m0x56g8"},"id":"afbroeixjpm1zm8","previousOperationId":"lgx9ecek9pb0hjq"}
{"type":"log","timestamp":1768965011807,"level":"debug","message":"Page request finished: GET (document) 200 file:///tmp/jsreport/autocleanup/3dca0072-0368-4ce3-984c-b606f0abee3a-chrome-pdf.html","meta":{"rootId":"g2x3lkc1m0x56g8","id":"g2x3lkc1m0x56g8"},"id":"liaufq1azb7hhat","previousOperationId":"lgx9ecek9pb0hjq"}
{"type":"log","timestamp":1768965011835,"level":"debug","message":"Running chrome with params {\"printBackground\":true,\"timeout\":59830,\"margin\":{}}","meta":{"rootId":"g2x3lkc1m0x56g8","id":"g2x3lkc1m0x56g8"},"id":"ptmceaqmltkfpyx","previousOperationId":"lgx9ecek9pb0hjq"}
{"type":"operationEnd","operationId":"lgx9ecek9pb0hjq","timestamp":1768965011896,"id":"dt1tjmah3a0978y","previousEventId":"ohb2cxve3vsjdee","previousOperationId":"lgx9ecek9pb0hjq"}
{"type":"log","timestamp":1768965011896,"level":"debug","message":"Skipping storing report.","meta":{"rootId":"g2x3lkc1m0x56g8","id":"g2x3lkc1m0x56g8"},"id":"v822ltqju5t3385","previousOperationId":"lgx9ecek9pb0hjq"}
{"type":"log","timestamp":1768965011896,"level":"info","message":"Rendering request 17 finished in 432 ms","meta":{"rootId":"g2x3lkc1m0x56g8","id":"g2x3lkc1m0x56g8"},"id":"8z69tpd576u53hq","previousOperationId":"lgx9ecek9pb0hjq"}
{"type":"operationEnd","subtype":"render","operationId":"t75eaac8gu7am16","timestamp":1768965011896,"id":"tx340o7chyk0q0c","previousEventId":"dt1tjmah3a0978y","previousOperationId":"lgx9ecek9pb0hjq"}
{"type":"operationEnd","doDiffs":false,"previousEventId":"jyplsn9qdfvmww5","previousOperationId":"6z2x2gnng71ay0y","operationId":"6z2x2gnng71ay0y","timestamp":1768965011897,"id":"bnhaul45aiuw2sj"}
