{"type":"operationStart","subtype":"profile","data":{"_id":"V6UDOx4DGkxfZCWD","timestamp":"2026-01-21T03:35:10.492Z","state":"queued","mode":"standard","creationDate":"2026-01-21T03:35:10.494Z","modificationDate":"2026-01-21T03:35:10.494Z","shortid":"w2OpteG","$entitySet":"profiles"},"doDiffs":false,"timestamp":1768966510493,"id":"np41a6k8yocwbna","previousOperationId":null,"operationId":"kplwwv70ynpwaqd"}
{"type":"log","level":"info","message":"Render request 24 queued for execution and waiting for available worker","previousOperationId":"kplwwv70ynpwaqd","timestamp":1768966510493,"id":"i2e8satvln1ixhu"}
{"type":"operationStart","subtype":"render","name":"journal-entry-v2","previousOperationId":"kplwwv70ynpwaqd","timestamp":1768966510561,"id":"6wiaaezq8obkr1q","previousEventId":"np41a6k8yocwbna","operationId":"g06mekr1gp7xjyb"}
{"type":"log","timestamp":1768966510566,"level":"info","message":"Starting rendering request 24","meta":{"rootId":"hn9o0av90ohm1ph","id":"hn9o0av90ohm1ph"},"id":"1xxx1nj8rjafsdv","previousOperationId":"g06mekr1gp7xjyb"}
{"type":"log","timestamp":1768966510572,"level":"info","message":"Rendering template { name: journal-entry-v2, recipe: chrome-pdf, engine: handlebars, preview: true }","meta":{"rootId":"hn9o0av90ohm1ph","id":"hn9o0av90ohm1ph"},"id":"ezsusj2pqulcew5","previousOperationId":"g06mekr1gp7xjyb"}
{"type":"log","timestamp":1768966510584,"level":"debug","message":"Adding sample data VJOFIK6X3","meta":{"rootId":"hn9o0av90ohm1ph","id":"hn9o0av90ohm1ph"},"id":"8epge3t2j6mscaq","previousOperationId":"g06mekr1gp7xjyb"}
{"type":"log","timestamp":1768966510600,"level":"debug","message":"Base url not specified, skipping its injection.","meta":{"rootId":"hn9o0av90ohm1ph","id":"hn9o0av90ohm1ph"},"id":"fl3jxzm4ns0qjv3","previousOperationId":"g06mekr1gp7xjyb"}
{"type":"operationStart","subtype":"engine","name":"handlebars","timestamp":1768966510608,"id":"xclbbpyivzck2r7","previousEventId":"6wiaaezq8obkr1q","operationId":"6va9eesxijf9u58","previousOperationId":"g06mekr1gp7xjyb"}
{"type":"log","timestamp":1768966510609,"level":"debug","message":"Rendering engine handlebars","meta":{"rootId":"hn9o0av90ohm1ph","id":"hn9o0av90ohm1ph"},"id":"wt6gpmnyc2krdm2","previousOperationId":"6va9eesxijf9u58"}
{"type":"operationEnd","operationId":"6va9eesxijf9u58","timestamp":1768966510732,"id":"ysn91hzasjmyw3o","previousEventId":"xclbbpyivzck2r7","previousOperationId":"6va9eesxijf9u58"}
{"type":"operationStart","subtype":"recipe","name":"chrome-pdf","timestamp":1768966510732,"id":"p6gd4pcbcm4hz3a","previousEventId":"ysn91hzasjmyw3o","operationId":"qb9lysr7f2qbidr","previousOperationId":"6va9eesxijf9u58"}
{"type":"log","timestamp":1768966510732,"level":"debug","message":"Executing recipe chrome-pdf","meta":{"rootId":"hn9o0av90ohm1ph","id":"hn9o0av90ohm1ph"},"id":"le2do1hy1nb2jcp","previousOperationId":"qb9lysr7f2qbidr"}
{"type":"log","timestamp":1768966510757,"level":"debug","message":"Converting with chrome Chrome/142.0.7444.175 using chrome-pool strategy","meta":{"rootId":"hn9o0av90ohm1ph","id":"hn9o0av90ohm1ph"},"id":"izhsyr29s0dsb6u","previousOperationId":"qb9lysr7f2qbidr"}
{"type":"log","timestamp":1768966510906,"level":"debug","message":"Page request: GET (document) file:///tmp/jsreport/autocleanup/1d2056b3-90ee-4c9d-aded-76a823c7a911-chrome-pdf.html","meta":{"rootId":"hn9o0av90ohm1ph","id":"hn9o0av90ohm1ph"},"id":"pep52cpxdq64zca","previousOperationId":"qb9lysr7f2qbidr"}
{"type":"log","timestamp":1768966510921,"level":"debug","message":"Page request finished: GET (document) 200 file:///tmp/jsreport/autocleanup/1d2056b3-90ee-4c9d-aded-76a823c7a911-chrome-pdf.html","meta":{"rootId":"hn9o0av90ohm1ph","id":"hn9o0av90ohm1ph"},"id":"p31wyc12r9nxl70","previousOperationId":"qb9lysr7f2qbidr"}
{"type":"log","timestamp":1768966510923,"level":"warn","message":"Page request failed: GET (stylesheet) file:///tmp/jsreport/autocleanup/@page%20%7B%20%20%20%20margin:%2018mm%2016mm;%7D*%20%7B%20%20%20%20box-sizing:%20border-box;%7Dbody%20%7B%20%20%20%20font-family:%20-apple-system,%20BlinkMacSystemFont,, failure: net::ERR_ACCESS_DENIED","meta":{"rootId":"hn9o0av90ohm1ph","id":"hn9o0av90ohm1ph"},"id":"86qu03rv5dgm22q","previousOperationId":"qb9lysr7f2qbidr"}
{"type":"log","timestamp":1768966510933,"level":"debug","message":"(console:error) Failed to load resource: net::ERR_ACCESS_DENIED","meta":{"userLevel":true,"rootId":"hn9o0av90ohm1ph","id":"hn9o0av90ohm1ph"},"id":"h4gk1aktvbc1seg","previousOperationId":"qb9lysr7f2qbidr"}
{"type":"log","timestamp":1768966510938,"level":"debug","message":"Running chrome with params {\"printBackground\":true,\"timeout\":59750,\"margin\":{}}","meta":{"rootId":"hn9o0av90ohm1ph","id":"hn9o0av90ohm1ph"},"id":"1gj2o6oc2ztmzav","previousOperationId":"qb9lysr7f2qbidr"}
{"type":"operationEnd","operationId":"qb9lysr7f2qbidr","timestamp":1768966511002,"id":"woax4efrhy490iv","previousEventId":"p6gd4pcbcm4hz3a","previousOperationId":"qb9lysr7f2qbidr"}
{"type":"log","timestamp":1768966511002,"level":"debug","message":"Skipping storing report.","meta":{"rootId":"hn9o0av90ohm1ph","id":"hn9o0av90ohm1ph"},"id":"vvz1jetcj6s3c7u","previousOperationId":"qb9lysr7f2qbidr"}
{"type":"log","timestamp":1768966511002,"level":"info","message":"Rendering request 24 finished in 511 ms","meta":{"rootId":"hn9o0av90ohm1ph","id":"hn9o0av90ohm1ph"},"id":"fnrlkwwxpod08yb","previousOperationId":"qb9lysr7f2qbidr"}
{"type":"operationEnd","subtype":"render","operationId":"g06mekr1gp7xjyb","timestamp":1768966511002,"id":"0ldnwgc90prstqc","previousEventId":"woax4efrhy490iv","previousOperationId":"qb9lysr7f2qbidr"}
{"type":"operationEnd","doDiffs":false,"previousEventId":"np41a6k8yocwbna","previousOperationId":"kplwwv70ynpwaqd","operationId":"kplwwv70ynpwaqd","timestamp":1768966511005,"id":"fjpf9i6og3hhahl"}
