{"type":"operationStart","subtype":"profile","data":{"_id":"RaPAExA9zzof5Xri","timestamp":"2026-01-21T03:36:21.055Z","state":"queued","mode":"standard","creationDate":"2026-01-21T03:36:21.057Z","modificationDate":"2026-01-21T03:36:21.057Z","shortid":"PRzAcMC","$entitySet":"profiles"},"doDiffs":false,"timestamp":1768966581057,"id":"epphksm8sfwnba7","previousOperationId":null,"operationId":"rzpvcwsxninv30k"}
{"type":"log","level":"info","message":"Render request 27 queued for execution and waiting for available worker","previousOperationId":"rzpvcwsxninv30k","timestamp":1768966581057,"id":"jkxl8voo9iqohkl"}
{"type":"operationStart","subtype":"render","name":"journal-entry-v2","previousOperationId":"rzpvcwsxninv30k","timestamp":1768966581128,"id":"oaoir7e68pwjfmp","previousEventId":"epphksm8sfwnba7","operationId":"z4n69cuq5ewgz7k"}
{"type":"log","timestamp":1768966581128,"level":"info","message":"Starting rendering request 27","meta":{"rootId":"hvl2jgn8dmoq01h","id":"hvl2jgn8dmoq01h"},"id":"1dwfbcsvfuty3uj","previousOperationId":"z4n69cuq5ewgz7k"}
{"type":"log","timestamp":1768966581128,"level":"info","message":"Rendering template { name: journal-entry-v2, recipe: chrome-pdf, engine: handlebars, preview: false }","meta":{"rootId":"hvl2jgn8dmoq01h","id":"hvl2jgn8dmoq01h"},"id":"cjjpkjr4d8bzjbk","previousOperationId":"z4n69cuq5ewgz7k"}
{"type":"log","timestamp":1768966581130,"level":"debug","message":"Inline data specified.","meta":{"rootId":"hvl2jgn8dmoq01h","id":"hvl2jgn8dmoq01h"},"id":"dxxe6bhxvqyar0x","previousOperationId":"z4n69cuq5ewgz7k"}
{"type":"log","timestamp":1768966581131,"level":"debug","message":"Base url not specified, skipping its injection.","meta":{"rootId":"hvl2jgn8dmoq01h","id":"hvl2jgn8dmoq01h"},"id":"b3ewfqe3gi0z2bh","previousOperationId":"z4n69cuq5ewgz7k"}
{"type":"operationStart","subtype":"engine","name":"handlebars","timestamp":1768966581131,"id":"elkzgb7cyznfi83","previousEventId":"oaoir7e68pwjfmp","operationId":"f1akt7l8hxn80h5","previousOperationId":"z4n69cuq5ewgz7k"}
{"type":"log","timestamp":1768966581131,"level":"debug","message":"Rendering engine handlebars","meta":{"rootId":"hvl2jgn8dmoq01h","id":"hvl2jgn8dmoq01h"},"id":"6dd451bmyf4r2k7","previousOperationId":"f1akt7l8hxn80h5"}
{"type":"operationEnd","operationId":"f1akt7l8hxn80h5","timestamp":1768966581143,"id":"0llkcpx5qt4jd63","previousEventId":"elkzgb7cyznfi83","previousOperationId":"f1akt7l8hxn80h5"}
{"type":"operationStart","subtype":"recipe","name":"chrome-pdf","timestamp":1768966581143,"id":"bgt4431w7va5j2o","previousEventId":"0llkcpx5qt4jd63","operationId":"crj5v1g9ngi7nwn","previousOperationId":"f1akt7l8hxn80h5"}
{"type":"log","timestamp":1768966581143,"level":"debug","message":"Executing recipe chrome-pdf","meta":{"rootId":"hvl2jgn8dmoq01h","id":"hvl2jgn8dmoq01h"},"id":"xjf1i62k47sw9pk","previousOperationId":"crj5v1g9ngi7nwn"}
{"type":"log","timestamp":1768966581146,"level":"debug","message":"Converting with chrome Chrome/142.0.7444.175 using chrome-pool strategy","meta":{"rootId":"hvl2jgn8dmoq01h","id":"hvl2jgn8dmoq01h"},"id":"59e34jklb5p2gy4","previousOperationId":"crj5v1g9ngi7nwn"}
{"type":"log","timestamp":1768966581198,"level":"debug","message":"Page request: GET (document) file:///tmp/jsreport/autocleanup/2446a2f3-ffd8-4172-bb96-4cbfed388bc1-chrome-pdf.html","meta":{"rootId":"hvl2jgn8dmoq01h","id":"hvl2jgn8dmoq01h"},"id":"turnsqsi65i9dgl","previousOperationId":"crj5v1g9ngi7nwn"}
{"type":"log","timestamp":1768966581209,"level":"debug","message":"Page request finished: GET (document) 200 file:///tmp/jsreport/autocleanup/2446a2f3-ffd8-4172-bb96-4cbfed388bc1-chrome-pdf.html","meta":{"rootId":"hvl2jgn8dmoq01h","id":"hvl2jgn8dmoq01h"},"id":"gm6sodj545z6q09","previousOperationId":"crj5v1g9ngi7nwn"}
{"type":"log","timestamp":1768966581215,"level":"warn","message":"Page request failed: GET (stylesheet) file:///tmp/jsreport/autocleanup/@page%20%7B%20%20%20%20margin:%2018mm%2016mm;%7D*%20%7B%20%20%20%20box-sizing:%20border-box;%7Dbody%20%7B%20%20%20%20font-family:%20-apple-system,%20BlinkMacSystemFont,, failure: net::ERR_ACCESS_DENIED","meta":{"rootId":"hvl2jgn8dmoq01h","id":"hvl2jgn8dmoq01h"},"id":"3wm3etox3suam94","previousOperationId":"crj5v1g9ngi7nwn"}
{"type":"log","timestamp":1768966581215,"level":"debug","message":"(console:error) Failed to load resource: net::ERR_ACCESS_DENIED","meta":{"userLevel":true,"rootId":"hvl2jgn8dmoq01h","id":"hvl2jgn8dmoq01h"},"id":"lr6aeijvcenj4qj","previousOperationId":"crj5v1g9ngi7nwn"}
{"type":"log","timestamp":1768966581218,"level":"debug","message":"Running chrome with params {\"printBackground\":true,\"timeout\":59911,\"margin\":{}}","meta":{"rootId":"hvl2jgn8dmoq01h","id":"hvl2jgn8dmoq01h"},"id":"5wq8494mla9l2rk","previousOperationId":"crj5v1g9ngi7nwn"}
{"type":"operationEnd","operationId":"crj5v1g9ngi7nwn","timestamp":1768966581260,"id":"h00fzcgs559ilp7","previousEventId":"bgt4431w7va5j2o","previousOperationId":"crj5v1g9ngi7nwn"}
{"type":"log","timestamp":1768966581260,"level":"debug","message":"Skipping storing report.","meta":{"rootId":"hvl2jgn8dmoq01h","id":"hvl2jgn8dmoq01h"},"id":"sr94i70plgp61pq","previousOperationId":"crj5v1g9ngi7nwn"}
{"type":"log","timestamp":1768966581260,"level":"info","message":"Rendering request 27 finished in 205 ms","meta":{"rootId":"hvl2jgn8dmoq01h","id":"hvl2jgn8dmoq01h"},"id":"xw7vkskhg6hyasg","previousOperationId":"crj5v1g9ngi7nwn"}
{"type":"operationEnd","subtype":"render","operationId":"z4n69cuq5ewgz7k","timestamp":1768966581260,"id":"py0ydenfsw7gfta","previousEventId":"h00fzcgs559ilp7","previousOperationId":"crj5v1g9ngi7nwn"}
{"type":"operationEnd","doDiffs":false,"previousEventId":"epphksm8sfwnba7","previousOperationId":"rzpvcwsxninv30k","operationId":"rzpvcwsxninv30k","timestamp":1768966581261,"id":"yp4vu5qghqwkn95"}
