{"type":"operationStart","subtype":"profile","data":{"_id":"s9V2UUzeZAkWX7QQ","timestamp":"2026-01-21T17:06:56.511Z","state":"queued","mode":"standard","creationDate":"2026-01-21T17:06:56.513Z","modificationDate":"2026-01-21T17:06:56.513Z","shortid":"1_JnMTP","$entitySet":"profiles"},"doDiffs":false,"timestamp":1769015216512,"id":"6rupjzmdlyzerna","previousOperationId":null,"operationId":"3k7313rjbzg6fdr"}
{"type":"log","level":"info","message":"Render request 5 queued for execution and waiting for available worker","previousOperationId":"3k7313rjbzg6fdr","timestamp":1769015216512,"id":"whk290afhwdm381"}
{"type":"operationStart","subtype":"render","name":"journal-entry-v2","previousOperationId":"3k7313rjbzg6fdr","timestamp":1769015216579,"id":"hgs9txz572c4ezw","previousEventId":"6rupjzmdlyzerna","operationId":"07oqwetnys67w5l"}
{"type":"log","timestamp":1769015216580,"level":"info","message":"Starting rendering request 5","meta":{"rootId":"i7ir79m4py07drb","id":"i7ir79m4py07drb"},"id":"zss5ddqdyfu9kfn","previousOperationId":"07oqwetnys67w5l"}
{"type":"log","timestamp":1769015216580,"level":"info","message":"Rendering template { name: journal-entry-v2, recipe: chrome-pdf, engine: handlebars, preview: true }","meta":{"rootId":"i7ir79m4py07drb","id":"i7ir79m4py07drb"},"id":"maoc77m5kmysjzs","previousOperationId":"07oqwetnys67w5l"}
{"type":"log","timestamp":1769015216582,"level":"debug","message":"Adding sample data VJOFIK6X3","meta":{"rootId":"i7ir79m4py07drb","id":"i7ir79m4py07drb"},"id":"ikyfgxmpdleoa6d","previousOperationId":"07oqwetnys67w5l"}
{"type":"log","timestamp":1769015216593,"level":"debug","message":"Base url not specified, skipping its injection.","meta":{"rootId":"i7ir79m4py07drb","id":"i7ir79m4py07drb"},"id":"zuixhh4j2z2n8x7","previousOperationId":"07oqwetnys67w5l"}
{"type":"operationStart","subtype":"engine","name":"handlebars","timestamp":1769015216594,"id":"qofu9skb2ysfm0o","previousEventId":"hgs9txz572c4ezw","operationId":"v37zt6lpsdoe5hg","previousOperationId":"07oqwetnys67w5l"}
{"type":"log","timestamp":1769015216594,"level":"debug","message":"Rendering engine handlebars","meta":{"rootId":"i7ir79m4py07drb","id":"i7ir79m4py07drb"},"id":"egu2ecx7w13ao78","previousOperationId":"v37zt6lpsdoe5hg"}
{"type":"operationEnd","operationId":"v37zt6lpsdoe5hg","timestamp":1769015216604,"id":"0taiqabl765gtbw","previousEventId":"qofu9skb2ysfm0o","previousOperationId":"v37zt6lpsdoe5hg"}
{"type":"operationStart","subtype":"recipe","name":"chrome-pdf","timestamp":1769015216604,"id":"mu8eevp5buecaez","previousEventId":"0taiqabl765gtbw","operationId":"fezwm0d3cfqol60","previousOperationId":"v37zt6lpsdoe5hg"}
{"type":"log","timestamp":1769015216604,"level":"debug","message":"Executing recipe chrome-pdf","meta":{"rootId":"i7ir79m4py07drb","id":"i7ir79m4py07drb"},"id":"7sd29hog1wuo2b2","previousOperationId":"fezwm0d3cfqol60"}
{"type":"log","timestamp":1769015216607,"level":"debug","message":"Converting with chrome Chrome/142.0.7444.175 using chrome-pool strategy","meta":{"rootId":"i7ir79m4py07drb","id":"i7ir79m4py07drb"},"id":"94c1wz657nftzsy","previousOperationId":"fezwm0d3cfqol60"}
{"type":"log","timestamp":1769015216649,"level":"debug","message":"Page request: GET (document) file:///tmp/jsreport/autocleanup/1745cb16-2c6a-4276-9bcc-9607419cebdb-chrome-pdf.html","meta":{"rootId":"i7ir79m4py07drb","id":"i7ir79m4py07drb"},"id":"hvfrctybsvw5fnq","previousOperationId":"fezwm0d3cfqol60"}
{"type":"log","timestamp":1769015216665,"level":"debug","message":"Page request finished: GET (document) 200 file:///tmp/jsreport/autocleanup/1745cb16-2c6a-4276-9bcc-9607419cebdb-chrome-pdf.html","meta":{"rootId":"i7ir79m4py07drb","id":"i7ir79m4py07drb"},"id":"p8mqxs0rhv6004m","previousOperationId":"fezwm0d3cfqol60"}
{"type":"log","timestamp":1769015216690,"level":"debug","message":"Running chrome with params {\"printBackground\":true,\"timeout\":59905,\"margin\":{}}","meta":{"rootId":"i7ir79m4py07drb","id":"i7ir79m4py07drb"},"id":"5y0sq50wseak2jw","previousOperationId":"fezwm0d3cfqol60"}
{"type":"operationEnd","operationId":"fezwm0d3cfqol60","timestamp":1769015216744,"id":"mktdm2fetqq1m76","previousEventId":"mu8eevp5buecaez","previousOperationId":"fezwm0d3cfqol60"}
{"type":"log","timestamp":1769015216744,"level":"debug","message":"Skipping storing report.","meta":{"rootId":"i7ir79m4py07drb","id":"i7ir79m4py07drb"},"id":"b5ttzrgus0sno3m","previousOperationId":"fezwm0d3cfqol60"}
{"type":"log","timestamp":1769015216744,"level":"info","message":"Rendering request 5 finished in 233 ms","meta":{"rootId":"i7ir79m4py07drb","id":"i7ir79m4py07drb"},"id":"6tq4a291xxlkk8r","previousOperationId":"fezwm0d3cfqol60"}
{"type":"operationEnd","subtype":"render","operationId":"07oqwetnys67w5l","timestamp":1769015216744,"id":"sza7olcfa1pkc8u","previousEventId":"mktdm2fetqq1m76","previousOperationId":"fezwm0d3cfqol60"}
{"type":"operationEnd","doDiffs":false,"previousEventId":"6rupjzmdlyzerna","previousOperationId":"3k7313rjbzg6fdr","operationId":"3k7313rjbzg6fdr","timestamp":1769015216746,"id":"8txunweg0mt63d7"}
