{"type":"operationStart","subtype":"profile","data":{"_id":"ZPWVZ4eWm0Rx7XQh","timestamp":"2026-01-21T16:29:23.130Z","state":"queued","mode":"standard","creationDate":"2026-01-21T16:29:23.138Z","modificationDate":"2026-01-21T16:29:23.138Z","shortid":"8dXdgt9","$entitySet":"profiles"},"doDiffs":false,"timestamp":1769012963134,"id":"4yvv7scf59hnurg","previousOperationId":null,"operationId":"qdqdintmp22sh4u"}
{"type":"log","level":"info","message":"Render request 2 queued for execution and waiting for available worker","previousOperationId":"qdqdintmp22sh4u","timestamp":1769012963137,"id":"4ecm1884ck3x7fh"}
{"type":"operationStart","subtype":"render","name":"journal-entry-v2","previousOperationId":"qdqdintmp22sh4u","timestamp":1769012963247,"id":"e1omgtwipwpr4f0","previousEventId":"4yvv7scf59hnurg","operationId":"76sshscthxge0wm"}
{"type":"log","timestamp":1769012963257,"level":"info","message":"Starting rendering request 2","meta":{"rootId":"imq26ieff5x679s","id":"imq26ieff5x679s"},"id":"bd01ol9st3vk4p8","previousOperationId":"76sshscthxge0wm"}
{"type":"log","timestamp":1769012963268,"level":"info","message":"Rendering template { name: journal-entry-v2, recipe: chrome-pdf, engine: handlebars, preview: true }","meta":{"rootId":"imq26ieff5x679s","id":"imq26ieff5x679s"},"id":"vbe8p3wtap9q4ph","previousOperationId":"76sshscthxge0wm"}
{"type":"log","timestamp":1769012963276,"level":"debug","message":"Adding sample data VJOFIK6X3","meta":{"rootId":"imq26ieff5x679s","id":"imq26ieff5x679s"},"id":"yvra8ky5sjral4t","previousOperationId":"76sshscthxge0wm"}
{"type":"log","timestamp":1769012963288,"level":"debug","message":"Base url not specified, skipping its injection.","meta":{"rootId":"imq26ieff5x679s","id":"imq26ieff5x679s"},"id":"0g4oxtmn4hcrhhx","previousOperationId":"76sshscthxge0wm"}
{"type":"operationStart","subtype":"engine","name":"handlebars","timestamp":1769012963299,"id":"6yfataj7u4hpc3t","previousEventId":"e1omgtwipwpr4f0","operationId":"yi5hh3c7a40jsw3","previousOperationId":"76sshscthxge0wm"}
{"type":"log","timestamp":1769012963299,"level":"debug","message":"Rendering engine handlebars","meta":{"rootId":"imq26ieff5x679s","id":"imq26ieff5x679s"},"id":"1js2lj8dx3jc9oj","previousOperationId":"yi5hh3c7a40jsw3"}
{"type":"operationEnd","operationId":"yi5hh3c7a40jsw3","timestamp":1769012963939,"id":"fkubrv13zpag5tu","previousEventId":"6yfataj7u4hpc3t","previousOperationId":"yi5hh3c7a40jsw3"}
{"type":"operationStart","subtype":"recipe","name":"chrome-pdf","timestamp":1769012963940,"id":"60cewljf99ndytf","previousEventId":"fkubrv13zpag5tu","operationId":"vpxhj6lfldqa7zm","previousOperationId":"yi5hh3c7a40jsw3"}
{"type":"log","timestamp":1769012963940,"level":"debug","message":"Executing recipe chrome-pdf","meta":{"rootId":"imq26ieff5x679s","id":"imq26ieff5x679s"},"id":"v3r6ec7e49n232m","previousOperationId":"vpxhj6lfldqa7zm"}
{"type":"log","timestamp":1769012965519,"level":"debug","message":"Converting with chrome Chrome/142.0.7444.175 using chrome-pool strategy","meta":{"rootId":"imq26ieff5x679s","id":"imq26ieff5x679s"},"id":"99c62r1sm8acbif","previousOperationId":"vpxhj6lfldqa7zm"}
{"type":"log","timestamp":1769012965718,"level":"debug","message":"Page request: GET (document) file:///tmp/jsreport/autocleanup/f5373217-3744-4513-8ae6-89f8f118eab4-chrome-pdf.html","meta":{"rootId":"imq26ieff5x679s","id":"imq26ieff5x679s"},"id":"uwr8o68pbvxs0bo","previousOperationId":"vpxhj6lfldqa7zm"}
{"type":"log","timestamp":1769012965743,"level":"debug","message":"Page request finished: GET (document) 200 file:///tmp/jsreport/autocleanup/f5373217-3744-4513-8ae6-89f8f118eab4-chrome-pdf.html","meta":{"rootId":"imq26ieff5x679s","id":"imq26ieff5x679s"},"id":"pn7pcy6py1yhzw7","previousOperationId":"vpxhj6lfldqa7zm"}
{"type":"log","timestamp":1769012965800,"level":"debug","message":"Running chrome with params {\"printBackground\":true,\"timeout\":59171,\"margin\":{}}","meta":{"rootId":"imq26ieff5x679s","id":"imq26ieff5x679s"},"id":"58o003a5jfa8znr","previousOperationId":"vpxhj6lfldqa7zm"}
{"type":"operationEnd","operationId":"vpxhj6lfldqa7zm","timestamp":1769012965887,"id":"zz5qyboqd0pkwqp","previousEventId":"60cewljf99ndytf","previousOperationId":"vpxhj6lfldqa7zm"}
{"type":"log","timestamp":1769012965887,"level":"debug","message":"Skipping storing report.","meta":{"rootId":"imq26ieff5x679s","id":"imq26ieff5x679s"},"id":"ulm4tj1x1uquusm","previousOperationId":"vpxhj6lfldqa7zm"}
{"type":"log","timestamp":1769012965887,"level":"info","message":"Rendering request 2 finished in 2765 ms","meta":{"rootId":"imq26ieff5x679s","id":"imq26ieff5x679s"},"id":"eo64i8oa8i6zuq6","previousOperationId":"vpxhj6lfldqa7zm"}
{"type":"operationEnd","subtype":"render","operationId":"76sshscthxge0wm","timestamp":1769012965888,"id":"z13dro8a1dyucv3","previousEventId":"zz5qyboqd0pkwqp","previousOperationId":"vpxhj6lfldqa7zm"}
{"type":"operationEnd","doDiffs":false,"previousEventId":"4yvv7scf59hnurg","previousOperationId":"qdqdintmp22sh4u","operationId":"qdqdintmp22sh4u","timestamp":1769012965890,"id":"3iqgzodh1xo9qbd"}
