{"type":"operationStart","subtype":"profile","data":{"_id":"UqslLBBQnLhfX9jl","timestamp":"2026-01-21T03:37:22.531Z","state":"queued","mode":"standard","creationDate":"2026-01-21T03:37:22.536Z","modificationDate":"2026-01-21T03:37:22.536Z","shortid":"Fx2bqSe","$entitySet":"profiles"},"doDiffs":false,"timestamp":1768966642535,"id":"7mu5wlb0fm7ze5c","previousOperationId":null,"operationId":"0bps7kx6p5zjh54"}
{"type":"log","level":"info","message":"Render request 28 queued for execution and waiting for available worker","previousOperationId":"0bps7kx6p5zjh54","timestamp":1768966642535,"id":"aspgeft4wmbsw6x"}
{"type":"operationStart","subtype":"render","name":"journal-entry-v2","previousOperationId":"0bps7kx6p5zjh54","timestamp":1768966642627,"id":"y8r7y4fynzcuaa4","previousEventId":"7mu5wlb0fm7ze5c","operationId":"mik6l47kzxy0z1n"}
{"type":"log","timestamp":1768966642627,"level":"info","message":"Starting rendering request 28","meta":{"rootId":"jb4us4492fcpqaw","id":"jb4us4492fcpqaw"},"id":"tqqcktdqion7rce","previousOperationId":"mik6l47kzxy0z1n"}
{"type":"log","timestamp":1768966642627,"level":"info","message":"Rendering template { name: journal-entry-v2, recipe: chrome-pdf, engine: handlebars, preview: true }","meta":{"rootId":"jb4us4492fcpqaw","id":"jb4us4492fcpqaw"},"id":"huv9tndel8pryfy","previousOperationId":"mik6l47kzxy0z1n"}
{"type":"log","timestamp":1768966642630,"level":"debug","message":"Adding sample data VJOFIK6X3","meta":{"rootId":"jb4us4492fcpqaw","id":"jb4us4492fcpqaw"},"id":"xevhqizw2e1mw53","previousOperationId":"mik6l47kzxy0z1n"}
{"type":"log","timestamp":1768966642638,"level":"debug","message":"Base url not specified, skipping its injection.","meta":{"rootId":"jb4us4492fcpqaw","id":"jb4us4492fcpqaw"},"id":"bdr92425xk2ervd","previousOperationId":"mik6l47kzxy0z1n"}
{"type":"operationStart","subtype":"engine","name":"handlebars","timestamp":1768966642638,"id":"pu7xz7pl18gl3tc","previousEventId":"y8r7y4fynzcuaa4","operationId":"yb61amvk373iful","previousOperationId":"mik6l47kzxy0z1n"}
{"type":"log","timestamp":1768966642638,"level":"debug","message":"Rendering engine handlebars","meta":{"rootId":"jb4us4492fcpqaw","id":"jb4us4492fcpqaw"},"id":"1i7oyytkyo515v3","previousOperationId":"yb61amvk373iful"}
{"type":"operationEnd","operationId":"yb61amvk373iful","timestamp":1768966642703,"id":"k2jdnshew8l3y68","previousEventId":"pu7xz7pl18gl3tc","previousOperationId":"yb61amvk373iful"}
{"type":"operationStart","subtype":"recipe","name":"chrome-pdf","timestamp":1768966642703,"id":"f4kcs40iwa3w0yh","previousEventId":"k2jdnshew8l3y68","operationId":"2ok6ayggc3pjcz1","previousOperationId":"yb61amvk373iful"}
{"type":"log","timestamp":1768966642703,"level":"debug","message":"Executing recipe chrome-pdf","meta":{"rootId":"jb4us4492fcpqaw","id":"jb4us4492fcpqaw"},"id":"b8a5l9vwv3w12mm","previousOperationId":"2ok6ayggc3pjcz1"}
{"type":"log","timestamp":1768966642705,"level":"debug","message":"Converting with chrome Chrome/142.0.7444.175 using chrome-pool strategy","meta":{"rootId":"jb4us4492fcpqaw","id":"jb4us4492fcpqaw"},"id":"qzy53iyv3rfs3za","previousOperationId":"2ok6ayggc3pjcz1"}
{"type":"log","timestamp":1768966642750,"level":"debug","message":"Page request: GET (document) file:///tmp/jsreport/autocleanup/c4ac6488-cf0c-4f25-b718-a364d8734927-chrome-pdf.html","meta":{"rootId":"jb4us4492fcpqaw","id":"jb4us4492fcpqaw"},"id":"jzx98b5dayde1q6","previousOperationId":"2ok6ayggc3pjcz1"}
{"type":"log","timestamp":1768966642759,"level":"debug","message":"Page request finished: GET (document) 200 file:///tmp/jsreport/autocleanup/c4ac6488-cf0c-4f25-b718-a364d8734927-chrome-pdf.html","meta":{"rootId":"jb4us4492fcpqaw","id":"jb4us4492fcpqaw"},"id":"xg1xgm4d1vf030x","previousOperationId":"2ok6ayggc3pjcz1"}
{"type":"log","timestamp":1768966642801,"level":"debug","message":"Running chrome with params {\"printBackground\":true,\"timeout\":59826,\"margin\":{}}","meta":{"rootId":"jb4us4492fcpqaw","id":"jb4us4492fcpqaw"},"id":"icy10kkjdoxln41","previousOperationId":"2ok6ayggc3pjcz1"}
{"type":"operationEnd","operationId":"2ok6ayggc3pjcz1","timestamp":1768966642862,"id":"n6kxmwbro25r9y9","previousEventId":"f4kcs40iwa3w0yh","previousOperationId":"2ok6ayggc3pjcz1"}
{"type":"log","timestamp":1768966642862,"level":"debug","message":"Skipping storing report.","meta":{"rootId":"jb4us4492fcpqaw","id":"jb4us4492fcpqaw"},"id":"v2a56me9a4jx7if","previousOperationId":"2ok6ayggc3pjcz1"}
{"type":"log","timestamp":1768966642862,"level":"info","message":"Rendering request 28 finished in 332 ms","meta":{"rootId":"jb4us4492fcpqaw","id":"jb4us4492fcpqaw"},"id":"epe5qadk53fdsqj","previousOperationId":"2ok6ayggc3pjcz1"}
{"type":"operationEnd","subtype":"render","operationId":"mik6l47kzxy0z1n","timestamp":1768966642862,"id":"so4byqg3oj8hfty","previousEventId":"n6kxmwbro25r9y9","previousOperationId":"2ok6ayggc3pjcz1"}
{"type":"operationEnd","doDiffs":false,"previousEventId":"7mu5wlb0fm7ze5c","previousOperationId":"0bps7kx6p5zjh54","operationId":"0bps7kx6p5zjh54","timestamp":1768966642864,"id":"fhstu0zmz01afd1"}
