{"type":"operationStart","subtype":"profile","data":{"_id":"czqNjW7Tbi2l9FSd","timestamp":"2026-01-21T03:28:26.930Z","state":"queued","mode":"standard","creationDate":"2026-01-21T03:28:26.933Z","modificationDate":"2026-01-21T03:28:26.933Z","shortid":"Abhphyt","$entitySet":"profiles"},"doDiffs":false,"timestamp":1768966106932,"id":"7unwi6h98ztirqu","previousOperationId":null,"operationId":"33jllspbgfarr15"}
{"type":"log","level":"info","message":"Render request 21 queued for execution and waiting for available worker","previousOperationId":"33jllspbgfarr15","timestamp":1768966106933,"id":"x81ycbtuv56t7bq"}
{"type":"operationStart","subtype":"render","name":"journal-entry-v2","previousOperationId":"33jllspbgfarr15","timestamp":1768966106989,"id":"9it03r8r3ulw3lm","previousEventId":"7unwi6h98ztirqu","operationId":"w9gqrbno0a5dfvv"}
{"type":"log","timestamp":1768966106994,"level":"info","message":"Starting rendering request 21","meta":{"rootId":"jv662y48pwfdkpd","id":"jv662y48pwfdkpd"},"id":"1r9frbejbhmmr12","previousOperationId":"w9gqrbno0a5dfvv"}
{"type":"log","timestamp":1768966106999,"level":"info","message":"Rendering template { name: journal-entry-v2, recipe: chrome-pdf, engine: handlebars, preview: false }","meta":{"rootId":"jv662y48pwfdkpd","id":"jv662y48pwfdkpd"},"id":"9af96w5zfk3xu6q","previousOperationId":"w9gqrbno0a5dfvv"}
{"type":"log","timestamp":1768966107004,"level":"debug","message":"Inline data specified.","meta":{"rootId":"jv662y48pwfdkpd","id":"jv662y48pwfdkpd"},"id":"cqeyjq2mlqddfqa","previousOperationId":"w9gqrbno0a5dfvv"}
{"type":"log","timestamp":1768966107007,"level":"debug","message":"Base url not specified, skipping its injection.","meta":{"rootId":"jv662y48pwfdkpd","id":"jv662y48pwfdkpd"},"id":"fodbqdzlswiwrmt","previousOperationId":"w9gqrbno0a5dfvv"}
{"type":"operationStart","subtype":"engine","name":"handlebars","timestamp":1768966107016,"id":"j9vhbpdxqp79ofe","previousEventId":"9it03r8r3ulw3lm","operationId":"1tub3jvcbvkcqwd","previousOperationId":"w9gqrbno0a5dfvv"}
{"type":"log","timestamp":1768966107016,"level":"debug","message":"Rendering engine handlebars","meta":{"rootId":"jv662y48pwfdkpd","id":"jv662y48pwfdkpd"},"id":"yvauugc70ascnu0","previousOperationId":"1tub3jvcbvkcqwd"}
{"type":"operationEnd","operationId":"1tub3jvcbvkcqwd","timestamp":1768966107108,"id":"bkeh923e5f5r5nw","previousEventId":"j9vhbpdxqp79ofe","previousOperationId":"1tub3jvcbvkcqwd"}
{"type":"operationStart","subtype":"recipe","name":"chrome-pdf","timestamp":1768966107109,"id":"nnraa9xws06w4pi","previousEventId":"bkeh923e5f5r5nw","operationId":"j9tcl8va9484kag","previousOperationId":"1tub3jvcbvkcqwd"}
{"type":"log","timestamp":1768966107109,"level":"debug","message":"Executing recipe chrome-pdf","meta":{"rootId":"jv662y48pwfdkpd","id":"jv662y48pwfdkpd"},"id":"lig2vdh5qzqohr4","previousOperationId":"j9tcl8va9484kag"}
{"type":"log","timestamp":1768966107177,"level":"debug","message":"Converting with chrome Chrome/142.0.7444.175 using chrome-pool strategy","meta":{"rootId":"jv662y48pwfdkpd","id":"jv662y48pwfdkpd"},"id":"g8w42gv59bdw1d2","previousOperationId":"j9tcl8va9484kag"}
{"type":"log","timestamp":1768966107341,"level":"debug","message":"Page request: GET (document) file:///tmp/jsreport/autocleanup/0b6c294c-8f21-4f10-a561-a732aaae73d9-chrome-pdf.html","meta":{"rootId":"jv662y48pwfdkpd","id":"jv662y48pwfdkpd"},"id":"xf5m7f0e5adsp37","previousOperationId":"j9tcl8va9484kag"}
{"type":"log","timestamp":1768966107356,"level":"debug","message":"Page request finished: GET (document) 200 file:///tmp/jsreport/autocleanup/0b6c294c-8f21-4f10-a561-a732aaae73d9-chrome-pdf.html","meta":{"rootId":"jv662y48pwfdkpd","id":"jv662y48pwfdkpd"},"id":"uw4cn3uqt8uetrn","previousOperationId":"j9tcl8va9484kag"}
{"type":"log","timestamp":1768966107359,"level":"warn","message":"Page request failed: GET (stylesheet) file:///tmp/jsreport/autocleanup/styles.css, failure: net::ERR_ACCESS_DENIED","meta":{"rootId":"jv662y48pwfdkpd","id":"jv662y48pwfdkpd"},"id":"ehmg4rgipk1l4gm","previousOperationId":"j9tcl8va9484kag"}
{"type":"log","timestamp":1768966107359,"level":"debug","message":"(console:error) Failed to load resource: net::ERR_ACCESS_DENIED","meta":{"userLevel":true,"rootId":"jv662y48pwfdkpd","id":"jv662y48pwfdkpd"},"id":"oy88jk77ciu39p2","previousOperationId":"j9tcl8va9484kag"}
{"type":"log","timestamp":1768966107370,"level":"debug","message":"Running chrome with params {\"printBackground\":true,\"timeout\":59772,\"margin\":{}}","meta":{"rootId":"jv662y48pwfdkpd","id":"jv662y48pwfdkpd"},"id":"myeoz3c3h5g1kvd","previousOperationId":"j9tcl8va9484kag"}
{"type":"operationEnd","operationId":"j9tcl8va9484kag","timestamp":1768966107423,"id":"lvrx34o9ltkwdzz","previousEventId":"nnraa9xws06w4pi","previousOperationId":"j9tcl8va9484kag"}
{"type":"log","timestamp":1768966107423,"level":"debug","message":"Skipping storing report.","meta":{"rootId":"jv662y48pwfdkpd","id":"jv662y48pwfdkpd"},"id":"appdg14fl4o24o4","previousOperationId":"j9tcl8va9484kag"}
{"type":"log","timestamp":1768966107423,"level":"info","message":"Rendering request 21 finished in 493 ms","meta":{"rootId":"jv662y48pwfdkpd","id":"jv662y48pwfdkpd"},"id":"23vnntlugydxkoc","previousOperationId":"j9tcl8va9484kag"}
{"type":"operationEnd","subtype":"render","operationId":"w9gqrbno0a5dfvv","timestamp":1768966107424,"id":"hbv3yn63ynqg5mq","previousEventId":"lvrx34o9ltkwdzz","previousOperationId":"j9tcl8va9484kag"}
{"type":"operationEnd","doDiffs":false,"previousEventId":"7unwi6h98ztirqu","previousOperationId":"33jllspbgfarr15","operationId":"33jllspbgfarr15","timestamp":1768966107425,"id":"06uw9qz49bvcx8w"}
