{"type":"operationStart","subtype":"profile","data":{"_id":"3fhzRoO8enA5FZed","timestamp":"2026-01-21T03:38:04.776Z","state":"queued","mode":"standard","creationDate":"2026-01-21T03:38:04.780Z","modificationDate":"2026-01-21T03:38:04.780Z","shortid":"wLCRfyG","$entitySet":"profiles"},"doDiffs":false,"timestamp":1768966684777,"id":"olmx4tokz05xbco","previousOperationId":null,"operationId":"65673irxljik6ok"}
{"type":"log","level":"info","message":"Render request 29 queued for execution and waiting for available worker","previousOperationId":"65673irxljik6ok","timestamp":1768966684778,"id":"7wbqol79cfa4g7o"}
{"type":"operationStart","subtype":"render","name":"journal-entry-v2","previousOperationId":"65673irxljik6ok","timestamp":1768966684866,"id":"07axrd7n1bjjg3s","previousEventId":"olmx4tokz05xbco","operationId":"fpb7ltcr22a8s4j"}
{"type":"log","timestamp":1768966684868,"level":"info","message":"Starting rendering request 29","meta":{"rootId":"nbeclli82rsxmpg","id":"nbeclli82rsxmpg"},"id":"2decmz5x7wdonja","previousOperationId":"fpb7ltcr22a8s4j"}
{"type":"log","timestamp":1768966684870,"level":"info","message":"Rendering template { name: journal-entry-v2, recipe: chrome-pdf, engine: handlebars, preview: false }","meta":{"rootId":"nbeclli82rsxmpg","id":"nbeclli82rsxmpg"},"id":"1uaw1vhemimwqul","previousOperationId":"fpb7ltcr22a8s4j"}
{"type":"log","timestamp":1768966684873,"level":"debug","message":"Inline data specified.","meta":{"rootId":"nbeclli82rsxmpg","id":"nbeclli82rsxmpg"},"id":"rf4rat46uh7s8po","previousOperationId":"fpb7ltcr22a8s4j"}
{"type":"log","timestamp":1768966684880,"level":"debug","message":"Base url not specified, skipping its injection.","meta":{"rootId":"nbeclli82rsxmpg","id":"nbeclli82rsxmpg"},"id":"1sicvcibd6381pr","previousOperationId":"fpb7ltcr22a8s4j"}
{"type":"operationStart","subtype":"engine","name":"handlebars","timestamp":1768966684883,"id":"ekdll837jjzutjn","previousEventId":"07axrd7n1bjjg3s","operationId":"pcwmcd2os90f16n","previousOperationId":"fpb7ltcr22a8s4j"}
{"type":"log","timestamp":1768966684883,"level":"debug","message":"Rendering engine handlebars","meta":{"rootId":"nbeclli82rsxmpg","id":"nbeclli82rsxmpg"},"id":"iqnva6k70nvh8st","previousOperationId":"pcwmcd2os90f16n"}
{"type":"operationEnd","operationId":"pcwmcd2os90f16n","timestamp":1768966684960,"id":"ledwlh9wyo9pj0u","previousEventId":"ekdll837jjzutjn","previousOperationId":"pcwmcd2os90f16n"}
{"type":"operationStart","subtype":"recipe","name":"chrome-pdf","timestamp":1768966684960,"id":"cn2603efe0bfuca","previousEventId":"ledwlh9wyo9pj0u","operationId":"377qs8hf4uzdipw","previousOperationId":"pcwmcd2os90f16n"}
{"type":"log","timestamp":1768966684960,"level":"debug","message":"Executing recipe chrome-pdf","meta":{"rootId":"nbeclli82rsxmpg","id":"nbeclli82rsxmpg"},"id":"3m24c88qg5bu9tu","previousOperationId":"377qs8hf4uzdipw"}
{"type":"log","timestamp":1768966684983,"level":"debug","message":"Converting with chrome Chrome/142.0.7444.175 using chrome-pool strategy","meta":{"rootId":"nbeclli82rsxmpg","id":"nbeclli82rsxmpg"},"id":"5p701dfyza8nari","previousOperationId":"377qs8hf4uzdipw"}
{"type":"log","timestamp":1768966685288,"level":"debug","message":"Page request: GET (document) file:///tmp/jsreport/autocleanup/ce1ba36f-ec7c-4173-9efe-6cbae032058a-chrome-pdf.html","meta":{"rootId":"nbeclli82rsxmpg","id":"nbeclli82rsxmpg"},"id":"xo7e6sxklehjg7i","previousOperationId":"377qs8hf4uzdipw"}
{"type":"log","timestamp":1768966685312,"level":"debug","message":"Page request finished: GET (document) 200 file:///tmp/jsreport/autocleanup/ce1ba36f-ec7c-4173-9efe-6cbae032058a-chrome-pdf.html","meta":{"rootId":"nbeclli82rsxmpg","id":"nbeclli82rsxmpg"},"id":"9onnj4p7kkv4nhn","previousOperationId":"377qs8hf4uzdipw"}
{"type":"log","timestamp":1768966685371,"level":"debug","message":"Running chrome with params {\"printBackground\":true,\"timeout\":59805,\"margin\":{}}","meta":{"rootId":"nbeclli82rsxmpg","id":"nbeclli82rsxmpg"},"id":"903yzioa548g48a","previousOperationId":"377qs8hf4uzdipw"}
{"type":"operationEnd","operationId":"377qs8hf4uzdipw","timestamp":1768966685462,"id":"9iqhtiioomb7hbj","previousEventId":"cn2603efe0bfuca","previousOperationId":"377qs8hf4uzdipw"}
{"type":"log","timestamp":1768966685462,"level":"debug","message":"Skipping storing report.","meta":{"rootId":"nbeclli82rsxmpg","id":"nbeclli82rsxmpg"},"id":"hihb4mq57z5bsws","previousOperationId":"377qs8hf4uzdipw"}
{"type":"log","timestamp":1768966685462,"level":"info","message":"Rendering request 29 finished in 690 ms","meta":{"rootId":"nbeclli82rsxmpg","id":"nbeclli82rsxmpg"},"id":"ps4zilxqgdbkza9","previousOperationId":"377qs8hf4uzdipw"}
{"type":"operationEnd","subtype":"render","operationId":"fpb7ltcr22a8s4j","timestamp":1768966685462,"id":"0qxkzowxaf111ep","previousEventId":"9iqhtiioomb7hbj","previousOperationId":"377qs8hf4uzdipw"}
{"type":"operationEnd","doDiffs":false,"previousEventId":"olmx4tokz05xbco","previousOperationId":"65673irxljik6ok","operationId":"65673irxljik6ok","timestamp":1768966685464,"id":"ug46li6ml2ympn6"}
