{"type":"operationStart","subtype":"profile","data":{"_id":"dZLNRipkpONQqXpk","timestamp":"2026-01-21T03:39:51.862Z","state":"queued","mode":"standard","creationDate":"2026-01-21T03:39:51.864Z","modificationDate":"2026-01-21T03:39:51.864Z","shortid":"Pa1KRTt","$entitySet":"profiles"},"doDiffs":false,"timestamp":1768966791863,"id":"6cphkat9340849f","previousOperationId":null,"operationId":"n7dun3c2d88s728"}
{"type":"log","level":"info","message":"Render request 32 queued for execution and waiting for available worker","previousOperationId":"n7dun3c2d88s728","timestamp":1768966791863,"id":"7gd784ujixxhggx"}
{"type":"operationStart","subtype":"render","name":"journal-entry-v2","previousOperationId":"n7dun3c2d88s728","timestamp":1768966791910,"id":"elmcwjevuaa5u18","previousEventId":"6cphkat9340849f","operationId":"ds6nvqmy7biumcg"}
{"type":"log","timestamp":1768966791910,"level":"info","message":"Starting rendering request 32","meta":{"rootId":"o0s34uoy68xn813","id":"o0s34uoy68xn813"},"id":"iap1mj6xxn4tndn","previousOperationId":"ds6nvqmy7biumcg"}
{"type":"log","timestamp":1768966791910,"level":"info","message":"Rendering template { name: journal-entry-v2, recipe: chrome-pdf, engine: handlebars, preview: false }","meta":{"rootId":"o0s34uoy68xn813","id":"o0s34uoy68xn813"},"id":"gp09n2zd8y59106","previousOperationId":"ds6nvqmy7biumcg"}
{"type":"log","timestamp":1768966791911,"level":"debug","message":"Inline data specified.","meta":{"rootId":"o0s34uoy68xn813","id":"o0s34uoy68xn813"},"id":"jb43gdaji8gd6kf","previousOperationId":"ds6nvqmy7biumcg"}
{"type":"log","timestamp":1768966791912,"level":"debug","message":"Base url not specified, skipping its injection.","meta":{"rootId":"o0s34uoy68xn813","id":"o0s34uoy68xn813"},"id":"ejloxj3qsyt0lp8","previousOperationId":"ds6nvqmy7biumcg"}
{"type":"operationStart","subtype":"engine","name":"handlebars","timestamp":1768966791912,"id":"fpjf88vuokrbhvh","previousEventId":"elmcwjevuaa5u18","operationId":"0hsv3jm8zakrejd","previousOperationId":"ds6nvqmy7biumcg"}
{"type":"log","timestamp":1768966791912,"level":"debug","message":"Rendering engine handlebars","meta":{"rootId":"o0s34uoy68xn813","id":"o0s34uoy68xn813"},"id":"r5jodikj8dlm0fz","previousOperationId":"0hsv3jm8zakrejd"}
{"type":"operationEnd","operationId":"0hsv3jm8zakrejd","timestamp":1768966791923,"id":"fq1dtpoglnojcon","previousEventId":"fpjf88vuokrbhvh","previousOperationId":"0hsv3jm8zakrejd"}
{"type":"operationStart","subtype":"recipe","name":"chrome-pdf","timestamp":1768966791923,"id":"2tpofw7djwdimf1","previousEventId":"fq1dtpoglnojcon","operationId":"azgx3pms6mu88m7","previousOperationId":"0hsv3jm8zakrejd"}
{"type":"log","timestamp":1768966791923,"level":"debug","message":"Executing recipe chrome-pdf","meta":{"rootId":"o0s34uoy68xn813","id":"o0s34uoy68xn813"},"id":"c6ern488u41x26n","previousOperationId":"azgx3pms6mu88m7"}
{"type":"log","timestamp":1768966791925,"level":"debug","message":"Converting with chrome Chrome/142.0.7444.175 using chrome-pool strategy","meta":{"rootId":"o0s34uoy68xn813","id":"o0s34uoy68xn813"},"id":"yr8uao6s8e9vyt3","previousOperationId":"azgx3pms6mu88m7"}
{"type":"log","timestamp":1768966791964,"level":"debug","message":"Page request: GET (document) file:///tmp/jsreport/autocleanup/750c0391-3f8e-4126-ace4-9de0db9b2eb6-chrome-pdf.html","meta":{"rootId":"o0s34uoy68xn813","id":"o0s34uoy68xn813"},"id":"j0mhcvvh8s89llq","previousOperationId":"azgx3pms6mu88m7"}
{"type":"log","timestamp":1768966791972,"level":"debug","message":"Page request finished: GET (document) 200 file:///tmp/jsreport/autocleanup/750c0391-3f8e-4126-ace4-9de0db9b2eb6-chrome-pdf.html","meta":{"rootId":"o0s34uoy68xn813","id":"o0s34uoy68xn813"},"id":"sp066c3gplt1zwv","previousOperationId":"azgx3pms6mu88m7"}
{"type":"log","timestamp":1768966791996,"level":"debug","message":"Running chrome with params {\"printBackground\":true,\"timeout\":59937,\"margin\":{}}","meta":{"rootId":"o0s34uoy68xn813","id":"o0s34uoy68xn813"},"id":"89qrsa75xad1fvu","previousOperationId":"azgx3pms6mu88m7"}
{"type":"operationEnd","operationId":"azgx3pms6mu88m7","timestamp":1768966792035,"id":"0d9uk7cyakoxvmk","previousEventId":"2tpofw7djwdimf1","previousOperationId":"azgx3pms6mu88m7"}
{"type":"log","timestamp":1768966792035,"level":"debug","message":"Skipping storing report.","meta":{"rootId":"o0s34uoy68xn813","id":"o0s34uoy68xn813"},"id":"q4o5gg1d5alzmka","previousOperationId":"azgx3pms6mu88m7"}
{"type":"log","timestamp":1768966792035,"level":"info","message":"Rendering request 32 finished in 174 ms","meta":{"rootId":"o0s34uoy68xn813","id":"o0s34uoy68xn813"},"id":"538eh6byvsinqbi","previousOperationId":"azgx3pms6mu88m7"}
{"type":"operationEnd","subtype":"render","operationId":"ds6nvqmy7biumcg","timestamp":1768966792035,"id":"51k5q1llyovhhy6","previousEventId":"0d9uk7cyakoxvmk","previousOperationId":"azgx3pms6mu88m7"}
{"type":"operationEnd","doDiffs":false,"previousEventId":"6cphkat9340849f","previousOperationId":"n7dun3c2d88s728","operationId":"n7dun3c2d88s728","timestamp":1768966792036,"id":"7yymp2voztoztjh"}
