{"type":"operationStart","subtype":"profile","data":{"_id":"61b21zammPeKDdr4","timestamp":"2026-01-21T03:35:15.819Z","state":"queued","mode":"standard","creationDate":"2026-01-21T03:35:15.821Z","modificationDate":"2026-01-21T03:35:15.821Z","shortid":"EuHvgiw","$entitySet":"profiles"},"doDiffs":false,"timestamp":1768966515820,"id":"6voc6dz7jxntc49","previousOperationId":null,"operationId":"37b2qf6z45g0m7h"}
{"type":"log","level":"info","message":"Render request 25 queued for execution and waiting for available worker","previousOperationId":"37b2qf6z45g0m7h","timestamp":1768966515820,"id":"ox8bpy5li4liu2u"}
{"type":"operationStart","subtype":"render","name":"journal-entry-v2","previousOperationId":"37b2qf6z45g0m7h","timestamp":1768966515898,"id":"zzc18qsp79r47ct","previousEventId":"6voc6dz7jxntc49","operationId":"y0kvjn0wn6hvsln"}
{"type":"log","timestamp":1768966515898,"level":"info","message":"Starting rendering request 25","meta":{"rootId":"pfoqeecf8gzp6w3","id":"pfoqeecf8gzp6w3"},"id":"04fh9xelu6dvxfj","previousOperationId":"y0kvjn0wn6hvsln"}
{"type":"log","timestamp":1768966515898,"level":"info","message":"Rendering template { name: journal-entry-v2, recipe: chrome-pdf, engine: handlebars, preview: true }","meta":{"rootId":"pfoqeecf8gzp6w3","id":"pfoqeecf8gzp6w3"},"id":"7onwm6bni54mns8","previousOperationId":"y0kvjn0wn6hvsln"}
{"type":"log","timestamp":1768966515899,"level":"debug","message":"Adding sample data VJOFIK6X3","meta":{"rootId":"pfoqeecf8gzp6w3","id":"pfoqeecf8gzp6w3"},"id":"tpo4rad39qinx4a","previousOperationId":"y0kvjn0wn6hvsln"}
{"type":"log","timestamp":1768966515901,"level":"debug","message":"Base url not specified, skipping its injection.","meta":{"rootId":"pfoqeecf8gzp6w3","id":"pfoqeecf8gzp6w3"},"id":"t3l1ph6j0gf84d5","previousOperationId":"y0kvjn0wn6hvsln"}
{"type":"operationStart","subtype":"engine","name":"handlebars","timestamp":1768966515902,"id":"yqk2jmcxihylkre","previousEventId":"zzc18qsp79r47ct","operationId":"o2zqqdd487slo83","previousOperationId":"y0kvjn0wn6hvsln"}
{"type":"log","timestamp":1768966515902,"level":"debug","message":"Rendering engine handlebars","meta":{"rootId":"pfoqeecf8gzp6w3","id":"pfoqeecf8gzp6w3"},"id":"xirvg4dkvsndavg","previousOperationId":"o2zqqdd487slo83"}
{"type":"operationEnd","operationId":"o2zqqdd487slo83","timestamp":1768966515941,"id":"x2gglqrgjghplib","previousEventId":"yqk2jmcxihylkre","previousOperationId":"o2zqqdd487slo83"}
{"type":"operationStart","subtype":"recipe","name":"chrome-pdf","timestamp":1768966515942,"id":"8fi4sxtn0y2kgbi","previousEventId":"x2gglqrgjghplib","operationId":"zn0jms1tvsmm3i2","previousOperationId":"o2zqqdd487slo83"}
{"type":"log","timestamp":1768966515942,"level":"debug","message":"Executing recipe chrome-pdf","meta":{"rootId":"pfoqeecf8gzp6w3","id":"pfoqeecf8gzp6w3"},"id":"k9mzt5xx26j3dp5","previousOperationId":"zn0jms1tvsmm3i2"}
{"type":"log","timestamp":1768966515944,"level":"debug","message":"Converting with chrome Chrome/142.0.7444.175 using chrome-pool strategy","meta":{"rootId":"pfoqeecf8gzp6w3","id":"pfoqeecf8gzp6w3"},"id":"mnkx21ecpb26ief","previousOperationId":"zn0jms1tvsmm3i2"}
{"type":"log","timestamp":1768966515992,"level":"debug","message":"Page request: GET (document) file:///tmp/jsreport/autocleanup/058764fa-c720-4949-93da-56f61012c3d7-chrome-pdf.html","meta":{"rootId":"pfoqeecf8gzp6w3","id":"pfoqeecf8gzp6w3"},"id":"mnxuiohgqun87m4","previousOperationId":"zn0jms1tvsmm3i2"}
{"type":"log","timestamp":1768966516006,"level":"debug","message":"Page request finished: GET (document) 200 file:///tmp/jsreport/autocleanup/058764fa-c720-4949-93da-56f61012c3d7-chrome-pdf.html","meta":{"rootId":"pfoqeecf8gzp6w3","id":"pfoqeecf8gzp6w3"},"id":"j5stcjnz4yl4i3d","previousOperationId":"zn0jms1tvsmm3i2"}
{"type":"log","timestamp":1768966516010,"level":"warn","message":"Page request failed: GET (stylesheet) file:///tmp/jsreport/autocleanup/@page%20%7B%20%20%20%20margin:%2018mm%2016mm;%7D*%20%7B%20%20%20%20box-sizing:%20border-box;%7Dbody%20%7B%20%20%20%20font-family:%20-apple-system,%20BlinkMacSystemFont,, failure: net::ERR_ACCESS_DENIED","meta":{"rootId":"pfoqeecf8gzp6w3","id":"pfoqeecf8gzp6w3"},"id":"wll49x3uh1s90ct","previousOperationId":"zn0jms1tvsmm3i2"}
{"type":"log","timestamp":1768966516010,"level":"debug","message":"(console:error) Failed to load resource: net::ERR_ACCESS_DENIED","meta":{"userLevel":true,"rootId":"pfoqeecf8gzp6w3","id":"pfoqeecf8gzp6w3"},"id":"75fln8kv9qr3f2p","previousOperationId":"zn0jms1tvsmm3i2"}
{"type":"log","timestamp":1768966516020,"level":"debug","message":"Running chrome with params {\"printBackground\":true,\"timeout\":59876,\"margin\":{}}","meta":{"rootId":"pfoqeecf8gzp6w3","id":"pfoqeecf8gzp6w3"},"id":"z0gkqvk6xdzxwtz","previousOperationId":"zn0jms1tvsmm3i2"}
{"type":"operationEnd","operationId":"zn0jms1tvsmm3i2","timestamp":1768966516069,"id":"nfp4fh7np4x9bis","previousEventId":"8fi4sxtn0y2kgbi","previousOperationId":"zn0jms1tvsmm3i2"}
{"type":"log","timestamp":1768966516069,"level":"debug","message":"Skipping storing report.","meta":{"rootId":"pfoqeecf8gzp6w3","id":"pfoqeecf8gzp6w3"},"id":"z68ol3gip9kecbr","previousOperationId":"zn0jms1tvsmm3i2"}
{"type":"log","timestamp":1768966516069,"level":"info","message":"Rendering request 25 finished in 250 ms","meta":{"rootId":"pfoqeecf8gzp6w3","id":"pfoqeecf8gzp6w3"},"id":"sg80vjac0lgi2at","previousOperationId":"zn0jms1tvsmm3i2"}
{"type":"operationEnd","subtype":"render","operationId":"y0kvjn0wn6hvsln","timestamp":1768966516069,"id":"x7ntzthupl235o6","previousEventId":"nfp4fh7np4x9bis","previousOperationId":"zn0jms1tvsmm3i2"}
{"type":"operationEnd","doDiffs":false,"previousEventId":"6voc6dz7jxntc49","previousOperationId":"37b2qf6z45g0m7h","operationId":"37b2qf6z45g0m7h","timestamp":1768966516071,"id":"4a33an30kxrbcxr"}
