{"type":"operationStart","subtype":"profile","data":{"_id":"cbw0ru1baERos5km","timestamp":"2026-01-22T00:49:21.845Z","state":"queued","mode":"standard","creationDate":"2026-01-22T00:49:21.847Z","modificationDate":"2026-01-22T00:49:21.847Z","shortid":"mbQdtTG","$entitySet":"profiles"},"doDiffs":false,"timestamp":1769042961846,"id":"8zahgo4riwuhmrw","previousOperationId":null,"operationId":"3vu83ycgol6sb9l"}
{"type":"log","level":"info","message":"Render request 24 queued for execution and waiting for available worker","previousOperationId":"3vu83ycgol6sb9l","timestamp":1769042961846,"id":"udtjgj2mxgw4ie6"}
{"type":"operationStart","subtype":"render","name":"journal-entry-v2","previousOperationId":"3vu83ycgol6sb9l","timestamp":1769042961911,"id":"pt65v819le8riyf","previousEventId":"8zahgo4riwuhmrw","operationId":"8fhq7kdizqj9ws0"}
{"type":"log","timestamp":1769042961911,"level":"info","message":"Starting rendering request 24","meta":{"rootId":"phs6biucag4kehj","id":"phs6biucag4kehj"},"id":"wl8ckyxzqysxk4k","previousOperationId":"8fhq7kdizqj9ws0"}
{"type":"log","timestamp":1769042961912,"level":"info","message":"Rendering template { name: journal-entry-v2, recipe: chrome-pdf, engine: handlebars, preview: true }","meta":{"rootId":"phs6biucag4kehj","id":"phs6biucag4kehj"},"id":"m3dqv1ym064ozvg","previousOperationId":"8fhq7kdizqj9ws0"}
{"type":"log","timestamp":1769042961913,"level":"debug","message":"Adding sample data VJOFIK6X3","meta":{"rootId":"phs6biucag4kehj","id":"phs6biucag4kehj"},"id":"54gu8u0kpyry9yj","previousOperationId":"8fhq7kdizqj9ws0"}
{"type":"log","timestamp":1769042961917,"level":"debug","message":"Base url not specified, skipping its injection.","meta":{"rootId":"phs6biucag4kehj","id":"phs6biucag4kehj"},"id":"6xlw5eyw8xci10p","previousOperationId":"8fhq7kdizqj9ws0"}
{"type":"operationStart","subtype":"engine","name":"handlebars","timestamp":1769042961917,"id":"0rui1hm7hpg6b8n","previousEventId":"pt65v819le8riyf","operationId":"q7w3a4gkv07eqcv","previousOperationId":"8fhq7kdizqj9ws0"}
{"type":"log","timestamp":1769042961917,"level":"debug","message":"Rendering engine handlebars","meta":{"rootId":"phs6biucag4kehj","id":"phs6biucag4kehj"},"id":"c45x4rdpzsd7esr","previousOperationId":"q7w3a4gkv07eqcv"}
{"type":"operationEnd","operationId":"q7w3a4gkv07eqcv","timestamp":1769042961931,"id":"t8h2nnmho1z7lql","previousEventId":"0rui1hm7hpg6b8n","previousOperationId":"q7w3a4gkv07eqcv"}
{"type":"operationStart","subtype":"recipe","name":"chrome-pdf","timestamp":1769042961931,"id":"5qvwli03a8ot649","previousEventId":"t8h2nnmho1z7lql","operationId":"tv9r917gezltf4z","previousOperationId":"q7w3a4gkv07eqcv"}
{"type":"log","timestamp":1769042961931,"level":"debug","message":"Executing recipe chrome-pdf","meta":{"rootId":"phs6biucag4kehj","id":"phs6biucag4kehj"},"id":"deru88r3uxy6b3u","previousOperationId":"tv9r917gezltf4z"}
{"type":"log","timestamp":1769042961932,"level":"debug","message":"Converting with chrome Chrome/142.0.7444.175 using chrome-pool strategy","meta":{"rootId":"phs6biucag4kehj","id":"phs6biucag4kehj"},"id":"5a8qnl70pux1ghn","previousOperationId":"tv9r917gezltf4z"}
{"type":"log","timestamp":1769042961982,"level":"debug","message":"Page request: GET (document) file:///tmp/jsreport/autocleanup/5f98c157-4153-42b2-9351-056215a3b3eb-chrome-pdf.html","meta":{"rootId":"phs6biucag4kehj","id":"phs6biucag4kehj"},"id":"eixncx0902036si","previousOperationId":"tv9r917gezltf4z"}
{"type":"log","timestamp":1769042961994,"level":"debug","message":"Page request finished: GET (document) 200 file:///tmp/jsreport/autocleanup/5f98c157-4153-42b2-9351-056215a3b3eb-chrome-pdf.html","meta":{"rootId":"phs6biucag4kehj","id":"phs6biucag4kehj"},"id":"no8izsausvvrs1h","previousOperationId":"tv9r917gezltf4z"}
{"type":"log","timestamp":1769042962022,"level":"debug","message":"Running chrome with params {\"printBackground\":true,\"timeout\":59912,\"margin\":{}}","meta":{"rootId":"phs6biucag4kehj","id":"phs6biucag4kehj"},"id":"y73qls7as7fltpa","previousOperationId":"tv9r917gezltf4z"}
{"type":"operationEnd","operationId":"tv9r917gezltf4z","timestamp":1769042962062,"id":"mvv85p6h4v746pf","previousEventId":"5qvwli03a8ot649","previousOperationId":"tv9r917gezltf4z"}
{"type":"log","timestamp":1769042962063,"level":"debug","message":"Skipping storing report.","meta":{"rootId":"phs6biucag4kehj","id":"phs6biucag4kehj"},"id":"ta57uur56xe3wvc","previousOperationId":"tv9r917gezltf4z"}
{"type":"log","timestamp":1769042962063,"level":"info","message":"Rendering request 24 finished in 219 ms","meta":{"rootId":"phs6biucag4kehj","id":"phs6biucag4kehj"},"id":"51tjwjw58wwh785","previousOperationId":"tv9r917gezltf4z"}
{"type":"operationEnd","subtype":"render","operationId":"8fhq7kdizqj9ws0","timestamp":1769042962063,"id":"u2exzh79ewh8srh","previousEventId":"mvv85p6h4v746pf","previousOperationId":"tv9r917gezltf4z"}
{"type":"operationEnd","doDiffs":false,"previousEventId":"8zahgo4riwuhmrw","previousOperationId":"3vu83ycgol6sb9l","operationId":"3vu83ycgol6sb9l","timestamp":1769042962065,"id":"yn1wusmlmov4mr5"}
