{"type":"operationStart","subtype":"profile","data":{"_id":"o7uCp9dx9gLWsBxY","timestamp":"2026-01-21T03:44:47.537Z","state":"queued","mode":"standard","creationDate":"2026-01-21T03:44:47.561Z","modificationDate":"2026-01-21T03:44:47.561Z","shortid":"tIZeDj0","$entitySet":"profiles"},"doDiffs":false,"timestamp":1768967087542,"id":"xv9j75qifqkx051","previousOperationId":null,"operationId":"yiyz3wpx5017cxg"}
{"type":"log","level":"info","message":"Render request 35 queued for execution and waiting for available worker","previousOperationId":"yiyz3wpx5017cxg","timestamp":1768967087543,"id":"ur38w06qohhkjvu"}
{"type":"operationStart","subtype":"render","name":"journal-entry-v2","previousOperationId":"yiyz3wpx5017cxg","timestamp":1768967087668,"id":"f6t0q97kxqqux55","previousEventId":"xv9j75qifqkx051","operationId":"rlgi0bx2qumrhyb"}
{"type":"log","timestamp":1768967087672,"level":"info","message":"Starting rendering request 35","meta":{"rootId":"prud51jw2se3b4e","id":"prud51jw2se3b4e"},"id":"o63iqrg1cpxy1yr","previousOperationId":"rlgi0bx2qumrhyb"}
{"type":"log","timestamp":1768967087676,"level":"info","message":"Rendering template { name: journal-entry-v2, recipe: chrome-pdf, engine: handlebars, preview: false }","meta":{"rootId":"prud51jw2se3b4e","id":"prud51jw2se3b4e"},"id":"t3x4inwrrachy1j","previousOperationId":"rlgi0bx2qumrhyb"}
{"type":"log","timestamp":1768967087682,"level":"debug","message":"Inline data specified.","meta":{"rootId":"prud51jw2se3b4e","id":"prud51jw2se3b4e"},"id":"v9amxm5re35m6ec","previousOperationId":"rlgi0bx2qumrhyb"}
{"type":"log","timestamp":1768967087696,"level":"debug","message":"Base url not specified, skipping its injection.","meta":{"rootId":"prud51jw2se3b4e","id":"prud51jw2se3b4e"},"id":"3dttt1t15uf7vkz","previousOperationId":"rlgi0bx2qumrhyb"}
{"type":"operationStart","subtype":"engine","name":"handlebars","timestamp":1768967087705,"id":"mruib4l0qfb07fb","previousEventId":"f6t0q97kxqqux55","operationId":"39tjmzqhwn4u1bk","previousOperationId":"rlgi0bx2qumrhyb"}
{"type":"log","timestamp":1768967087705,"level":"debug","message":"Rendering engine handlebars","meta":{"rootId":"prud51jw2se3b4e","id":"prud51jw2se3b4e"},"id":"7k1lzqwqrmu4u95","previousOperationId":"39tjmzqhwn4u1bk"}
{"type":"operationEnd","operationId":"39tjmzqhwn4u1bk","timestamp":1768967087813,"id":"1g8j2t9rhfpvyp8","previousEventId":"mruib4l0qfb07fb","previousOperationId":"39tjmzqhwn4u1bk"}
{"type":"operationStart","subtype":"recipe","name":"chrome-pdf","timestamp":1768967087815,"id":"5epwvtzvo66neyl","previousEventId":"1g8j2t9rhfpvyp8","operationId":"juvnlvvkbvf7qi1","previousOperationId":"39tjmzqhwn4u1bk"}
{"type":"log","timestamp":1768967087815,"level":"debug","message":"Executing recipe chrome-pdf","meta":{"rootId":"prud51jw2se3b4e","id":"prud51jw2se3b4e"},"id":"gfxqcgl32bzs5ve","previousOperationId":"juvnlvvkbvf7qi1"}
{"type":"log","timestamp":1768967087871,"level":"debug","message":"Converting with chrome Chrome/142.0.7444.175 using chrome-pool strategy","meta":{"rootId":"prud51jw2se3b4e","id":"prud51jw2se3b4e"},"id":"frq69l7i5yl3o5l","previousOperationId":"juvnlvvkbvf7qi1"}
{"type":"log","timestamp":1768967088355,"level":"debug","message":"Page request: GET (document) file:///tmp/jsreport/autocleanup/84900661-819e-4163-9826-2099ee81daf0-chrome-pdf.html","meta":{"rootId":"prud51jw2se3b4e","id":"prud51jw2se3b4e"},"id":"ilm3mp23xzua1ef","previousOperationId":"juvnlvvkbvf7qi1"}
{"type":"log","timestamp":1768967088390,"level":"debug","message":"Page request finished: GET (document) 200 file:///tmp/jsreport/autocleanup/84900661-819e-4163-9826-2099ee81daf0-chrome-pdf.html","meta":{"rootId":"prud51jw2se3b4e","id":"prud51jw2se3b4e"},"id":"abj4n8mq3dldbeu","previousOperationId":"juvnlvvkbvf7qi1"}
{"type":"log","timestamp":1768967088459,"level":"debug","message":"Running chrome with params {\"printBackground\":true,\"timeout\":59693,\"margin\":{}}","meta":{"rootId":"prud51jw2se3b4e","id":"prud51jw2se3b4e"},"id":"cnjz63qejpn87aq","previousOperationId":"juvnlvvkbvf7qi1"}
{"type":"operationEnd","operationId":"juvnlvvkbvf7qi1","timestamp":1768967088580,"id":"ytludykgo3no1xj","previousEventId":"5epwvtzvo66neyl","previousOperationId":"juvnlvvkbvf7qi1"}
{"type":"log","timestamp":1768967088581,"level":"debug","message":"Skipping storing report.","meta":{"rootId":"prud51jw2se3b4e","id":"prud51jw2se3b4e"},"id":"oh6sy4ef8316qkn","previousOperationId":"juvnlvvkbvf7qi1"}
{"type":"log","timestamp":1768967088581,"level":"info","message":"Rendering request 35 finished in 1054 ms","meta":{"rootId":"prud51jw2se3b4e","id":"prud51jw2se3b4e"},"id":"9aokfc2afcl3net","previousOperationId":"juvnlvvkbvf7qi1"}
{"type":"operationEnd","subtype":"render","operationId":"rlgi0bx2qumrhyb","timestamp":1768967088581,"id":"imggo7r27yinncg","previousEventId":"ytludykgo3no1xj","previousOperationId":"juvnlvvkbvf7qi1"}
{"type":"operationEnd","doDiffs":false,"previousEventId":"xv9j75qifqkx051","previousOperationId":"yiyz3wpx5017cxg","operationId":"yiyz3wpx5017cxg","timestamp":1768967088583,"id":"r17osvg2fy0wh3u"}
