{"type":"operationStart","subtype":"profile","data":{"_id":"PR20aUWf4DjNJz62","timestamp":"2026-01-22T00:30:41.865Z","state":"queued","mode":"standard","creationDate":"2026-01-22T00:30:41.878Z","modificationDate":"2026-01-22T00:30:41.878Z","shortid":"ChkJ9fJ","$entitySet":"profiles"},"doDiffs":false,"timestamp":1769041841871,"id":"qnklxalxvxrrbfb","previousOperationId":null,"operationId":"3gpbbtaj4hinuah"}
{"type":"log","level":"info","message":"Render request 10 queued for execution and waiting for available worker","previousOperationId":"3gpbbtaj4hinuah","timestamp":1769041841875,"id":"pmcybemevrkgi6c"}
{"type":"operationStart","subtype":"render","name":"journal-entry-v2","previousOperationId":"3gpbbtaj4hinuah","timestamp":1769041841968,"id":"ghw52b3msdsclue","previousEventId":"qnklxalxvxrrbfb","operationId":"rykrclntxuaf4hf"}
{"type":"log","timestamp":1769041841973,"level":"info","message":"Starting rendering request 10","meta":{"rootId":"puudygirvbp0m22","id":"puudygirvbp0m22"},"id":"zzmcegmwi1cyt4j","previousOperationId":"rykrclntxuaf4hf"}
{"type":"log","timestamp":1769041841977,"level":"info","message":"Rendering template { name: journal-entry-v2, recipe: chrome-pdf, engine: handlebars, preview: true }","meta":{"rootId":"puudygirvbp0m22","id":"puudygirvbp0m22"},"id":"xmbo6tr5vj1xxgd","previousOperationId":"rykrclntxuaf4hf"}
{"type":"log","timestamp":1769041841981,"level":"debug","message":"Inline data specified.","meta":{"rootId":"puudygirvbp0m22","id":"puudygirvbp0m22"},"id":"0sseo1tpgnai88h","previousOperationId":"rykrclntxuaf4hf"}
{"type":"log","timestamp":1769041841991,"level":"debug","message":"Base url not specified, skipping its injection.","meta":{"rootId":"puudygirvbp0m22","id":"puudygirvbp0m22"},"id":"qjlxgcwku3psdd9","previousOperationId":"rykrclntxuaf4hf"}
{"type":"operationStart","subtype":"engine","name":"handlebars","timestamp":1769041841998,"id":"rpmfmoet2ijr6q5","previousEventId":"ghw52b3msdsclue","operationId":"mtledkyobvhca6z","previousOperationId":"rykrclntxuaf4hf"}
{"type":"log","timestamp":1769041841998,"level":"debug","message":"Rendering engine handlebars","meta":{"rootId":"puudygirvbp0m22","id":"puudygirvbp0m22"},"id":"1pmr0dw9szifn0o","previousOperationId":"mtledkyobvhca6z"}
{"type":"operationEnd","operationId":"mtledkyobvhca6z","timestamp":1769041842084,"id":"f2fy8s23wfo2r7l","previousEventId":"rpmfmoet2ijr6q5","previousOperationId":"mtledkyobvhca6z"}
{"type":"operationStart","subtype":"recipe","name":"chrome-pdf","timestamp":1769041842090,"id":"vll0nodwau7vwqs","previousEventId":"f2fy8s23wfo2r7l","operationId":"6ee46chrmvf5jco","previousOperationId":"mtledkyobvhca6z"}
{"type":"log","timestamp":1769041842090,"level":"debug","message":"Executing recipe chrome-pdf","meta":{"rootId":"puudygirvbp0m22","id":"puudygirvbp0m22"},"id":"h4my9jayhusxi4w","previousOperationId":"6ee46chrmvf5jco"}
{"type":"log","timestamp":1769041842124,"level":"debug","message":"Converting with chrome Chrome/142.0.7444.175 using chrome-pool strategy","meta":{"rootId":"puudygirvbp0m22","id":"puudygirvbp0m22"},"id":"6jinjofl1e1rodu","previousOperationId":"6ee46chrmvf5jco"}
{"type":"log","timestamp":1769041842477,"level":"debug","message":"Page request: GET (document) file:///tmp/jsreport/autocleanup/7f51de0c-644d-42c7-8480-d33feb3feafd-chrome-pdf.html","meta":{"rootId":"puudygirvbp0m22","id":"puudygirvbp0m22"},"id":"jdsow10tvejvuqb","previousOperationId":"6ee46chrmvf5jco"}
{"type":"log","timestamp":1769041842515,"level":"debug","message":"Page request finished: GET (document) 200 file:///tmp/jsreport/autocleanup/7f51de0c-644d-42c7-8480-d33feb3feafd-chrome-pdf.html","meta":{"rootId":"puudygirvbp0m22","id":"puudygirvbp0m22"},"id":"h5q2be05mfjtczl","previousOperationId":"6ee46chrmvf5jco"}
{"type":"log","timestamp":1769041842520,"level":"warn","message":"Page request failed: GET (stylesheet) file:///tmp/jsreport/autocleanup/styles.css, failure: net::ERR_ACCESS_DENIED","meta":{"rootId":"puudygirvbp0m22","id":"puudygirvbp0m22"},"id":"egv0orklyb8youv","previousOperationId":"6ee46chrmvf5jco"}
{"type":"log","timestamp":1769041842523,"level":"debug","message":"(console:error) Failed to load resource: net::ERR_ACCESS_DENIED","meta":{"userLevel":true,"rootId":"puudygirvbp0m22","id":"puudygirvbp0m22"},"id":"mcnan93snxtlx4t","previousOperationId":"6ee46chrmvf5jco"}
{"type":"log","timestamp":1769041842552,"level":"debug","message":"Running chrome with params {\"printBackground\":true,\"timeout\":59759,\"margin\":{}}","meta":{"rootId":"puudygirvbp0m22","id":"puudygirvbp0m22"},"id":"6idki61gbklflbf","previousOperationId":"6ee46chrmvf5jco"}
{"type":"operationEnd","operationId":"6ee46chrmvf5jco","timestamp":1769041842625,"id":"os2ihn8z18nm5o2","previousEventId":"vll0nodwau7vwqs","previousOperationId":"6ee46chrmvf5jco"}
{"type":"log","timestamp":1769041842626,"level":"debug","message":"Skipping storing report.","meta":{"rootId":"puudygirvbp0m22","id":"puudygirvbp0m22"},"id":"xm0vl0v18dettcn","previousOperationId":"6ee46chrmvf5jco"}
{"type":"log","timestamp":1769041842626,"level":"info","message":"Rendering request 10 finished in 769 ms","meta":{"rootId":"puudygirvbp0m22","id":"puudygirvbp0m22"},"id":"jm3o68zu75ntygz","previousOperationId":"6ee46chrmvf5jco"}
{"type":"operationEnd","subtype":"render","operationId":"rykrclntxuaf4hf","timestamp":1769041842626,"id":"fhpj3ts21uheid1","previousEventId":"os2ihn8z18nm5o2","previousOperationId":"6ee46chrmvf5jco"}
{"type":"operationEnd","doDiffs":false,"previousEventId":"qnklxalxvxrrbfb","previousOperationId":"3gpbbtaj4hinuah","operationId":"3gpbbtaj4hinuah","timestamp":1769041842629,"id":"cgjq2ag1387y2z0"}
