{"type":"operationStart","subtype":"profile","data":{"_id":"R4zCAwRdEUNn1LhQ","timestamp":"2026-01-21T17:05:00.408Z","state":"queued","mode":"standard","creationDate":"2026-01-21T17:05:00.430Z","modificationDate":"2026-01-21T17:05:00.430Z","shortid":"bnmfqnJ","$entitySet":"profiles"},"doDiffs":false,"timestamp":1769015100413,"id":"c78do5e7dg0apg8","previousOperationId":null,"operationId":"o843rp7brmykfuz"}
{"type":"log","level":"info","message":"Render request 3 queued for execution and waiting for available worker","previousOperationId":"o843rp7brmykfuz","timestamp":1769015100418,"id":"zzilzi3l8tgboo5"}
{"type":"operationStart","subtype":"render","name":"journal-entry-v2","previousOperationId":"o843rp7brmykfuz","timestamp":1769015100542,"id":"1568i54snkarx4s","previousEventId":"c78do5e7dg0apg8","operationId":"3fdlhfz0thosruc"}
{"type":"log","timestamp":1769015100548,"level":"info","message":"Starting rendering request 3","meta":{"rootId":"qfdq9726bz8vegr","id":"qfdq9726bz8vegr"},"id":"3br10vfmklxrig0","previousOperationId":"3fdlhfz0thosruc"}
{"type":"log","timestamp":1769015100556,"level":"info","message":"Rendering template { name: journal-entry-v2, recipe: chrome-pdf, engine: handlebars, preview: true }","meta":{"rootId":"qfdq9726bz8vegr","id":"qfdq9726bz8vegr"},"id":"cy0eswffoywpsep","previousOperationId":"3fdlhfz0thosruc"}
{"type":"log","timestamp":1769015100581,"level":"debug","message":"Adding sample data VJOFIK6X3","meta":{"rootId":"qfdq9726bz8vegr","id":"qfdq9726bz8vegr"},"id":"wol546kpb8nozay","previousOperationId":"3fdlhfz0thosruc"}
{"type":"log","timestamp":1769015100595,"level":"debug","message":"Base url not specified, skipping its injection.","meta":{"rootId":"qfdq9726bz8vegr","id":"qfdq9726bz8vegr"},"id":"2zwvz27t3rwudjl","previousOperationId":"3fdlhfz0thosruc"}
{"type":"operationStart","subtype":"engine","name":"handlebars","timestamp":1769015100605,"id":"zygr3gyrkxlp2s7","previousEventId":"1568i54snkarx4s","operationId":"o0obvrjsqfbjq07","previousOperationId":"3fdlhfz0thosruc"}
{"type":"log","timestamp":1769015100605,"level":"debug","message":"Rendering engine handlebars","meta":{"rootId":"qfdq9726bz8vegr","id":"qfdq9726bz8vegr"},"id":"jpbk9xrv6zrbhaf","previousOperationId":"o0obvrjsqfbjq07"}
{"type":"operationEnd","operationId":"o0obvrjsqfbjq07","timestamp":1769015100748,"id":"v974j4sv7iwsla2","previousEventId":"zygr3gyrkxlp2s7","previousOperationId":"o0obvrjsqfbjq07"}
{"type":"operationStart","subtype":"recipe","name":"chrome-pdf","timestamp":1769015100749,"id":"38y77c1dat941tr","previousEventId":"v974j4sv7iwsla2","operationId":"85lr0xns6mnprhb","previousOperationId":"o0obvrjsqfbjq07"}
{"type":"log","timestamp":1769015100749,"level":"debug","message":"Executing recipe chrome-pdf","meta":{"rootId":"qfdq9726bz8vegr","id":"qfdq9726bz8vegr"},"id":"8h4dnal47qz8yq9","previousOperationId":"85lr0xns6mnprhb"}
{"type":"log","timestamp":1769015100803,"level":"debug","message":"Converting with chrome Chrome/142.0.7444.175 using chrome-pool strategy","meta":{"rootId":"qfdq9726bz8vegr","id":"qfdq9726bz8vegr"},"id":"ts3nuii8y0e9iwi","previousOperationId":"85lr0xns6mnprhb"}
{"type":"log","timestamp":1769015101314,"level":"debug","message":"Page request: GET (document) file:///tmp/jsreport/autocleanup/e2f8b972-f03e-4e6d-a242-8256e239688b-chrome-pdf.html","meta":{"rootId":"qfdq9726bz8vegr","id":"qfdq9726bz8vegr"},"id":"74oaz5jxz1o714j","previousOperationId":"85lr0xns6mnprhb"}
{"type":"log","timestamp":1769015101359,"level":"debug","message":"Page request finished: GET (document) 200 file:///tmp/jsreport/autocleanup/e2f8b972-f03e-4e6d-a242-8256e239688b-chrome-pdf.html","meta":{"rootId":"qfdq9726bz8vegr","id":"qfdq9726bz8vegr"},"id":"defbmojxp9p4qxr","previousOperationId":"85lr0xns6mnprhb"}
{"type":"log","timestamp":1769015101406,"level":"debug","message":"Running chrome with params {\"printBackground\":true,\"timeout\":59622,\"margin\":{}}","meta":{"rootId":"qfdq9726bz8vegr","id":"qfdq9726bz8vegr"},"id":"tbdgovtdnltga8g","previousOperationId":"85lr0xns6mnprhb"}
{"type":"operationEnd","operationId":"85lr0xns6mnprhb","timestamp":1769015101515,"id":"yox0nu1924lp1qp","previousEventId":"38y77c1dat941tr","previousOperationId":"85lr0xns6mnprhb"}
{"type":"log","timestamp":1769015101516,"level":"debug","message":"Skipping storing report.","meta":{"rootId":"qfdq9726bz8vegr","id":"qfdq9726bz8vegr"},"id":"h783l4bwmvwcw7c","previousOperationId":"85lr0xns6mnprhb"}
{"type":"log","timestamp":1769015101516,"level":"info","message":"Rendering request 3 finished in 1126 ms","meta":{"rootId":"qfdq9726bz8vegr","id":"qfdq9726bz8vegr"},"id":"69y6ojuxyqxzb27","previousOperationId":"85lr0xns6mnprhb"}
{"type":"operationEnd","subtype":"render","operationId":"3fdlhfz0thosruc","timestamp":1769015101516,"id":"fevwf8tsr4wdv28","previousEventId":"yox0nu1924lp1qp","previousOperationId":"85lr0xns6mnprhb"}
{"type":"operationEnd","doDiffs":false,"previousEventId":"c78do5e7dg0apg8","previousOperationId":"o843rp7brmykfuz","operationId":"o843rp7brmykfuz","timestamp":1769015101519,"id":"smu3w00q1po0hez"}
