{"type":"operationStart","subtype":"profile","data":{"_id":"a6uhR9p3VUYV0oyX","timestamp":"2026-01-21T03:47:03.309Z","state":"queued","mode":"standard","creationDate":"2026-01-21T03:47:03.334Z","modificationDate":"2026-01-21T03:47:03.334Z","shortid":"fay3BQy","$entitySet":"profiles"},"doDiffs":false,"timestamp":1768967223315,"id":"7zpymsdxwyme8kp","previousOperationId":null,"operationId":"zf5dlw7vq4i3xg4"}
{"type":"log","level":"info","message":"Render request 36 queued for execution and waiting for available worker","previousOperationId":"zf5dlw7vq4i3xg4","timestamp":1768967223317,"id":"5e6wwr0coaorqm1"}
{"type":"operationStart","subtype":"render","name":"journal-entry-v2","previousOperationId":"zf5dlw7vq4i3xg4","timestamp":1768967223425,"id":"lvnn2159l686j6e","previousEventId":"7zpymsdxwyme8kp","operationId":"x6alphxbyz7oato"}
{"type":"log","timestamp":1768967223431,"level":"info","message":"Starting rendering request 36","meta":{"rootId":"qkl759tgmfsdh2h","id":"qkl759tgmfsdh2h"},"id":"aqa7ji5tc6caji5","previousOperationId":"x6alphxbyz7oato"}
{"type":"log","timestamp":1768967223436,"level":"info","message":"Rendering template { name: journal-entry-v2, recipe: chrome-pdf, engine: handlebars, preview: false }","meta":{"rootId":"qkl759tgmfsdh2h","id":"qkl759tgmfsdh2h"},"id":"snto5322ue8u5p6","previousOperationId":"x6alphxbyz7oato"}
{"type":"log","timestamp":1768967223457,"level":"debug","message":"Inline data specified.","meta":{"rootId":"qkl759tgmfsdh2h","id":"qkl759tgmfsdh2h"},"id":"dwjyjzzo52xqwgc","previousOperationId":"x6alphxbyz7oato"}
{"type":"log","timestamp":1768967223466,"level":"debug","message":"Base url not specified, skipping its injection.","meta":{"rootId":"qkl759tgmfsdh2h","id":"qkl759tgmfsdh2h"},"id":"6xkkuf0e553ja6d","previousOperationId":"x6alphxbyz7oato"}
{"type":"operationStart","subtype":"engine","name":"handlebars","timestamp":1768967223476,"id":"1cnk5z0h927arw8","previousEventId":"lvnn2159l686j6e","operationId":"p4ydrn2qmzjg5u4","previousOperationId":"x6alphxbyz7oato"}
{"type":"log","timestamp":1768967223476,"level":"debug","message":"Rendering engine handlebars","meta":{"rootId":"qkl759tgmfsdh2h","id":"qkl759tgmfsdh2h"},"id":"rjwrif5y0foo124","previousOperationId":"p4ydrn2qmzjg5u4"}
{"type":"operationEnd","operationId":"p4ydrn2qmzjg5u4","timestamp":1768967223592,"id":"sdely3l8qlx1ueb","previousEventId":"1cnk5z0h927arw8","previousOperationId":"p4ydrn2qmzjg5u4"}
{"type":"operationStart","subtype":"recipe","name":"chrome-pdf","timestamp":1768967223594,"id":"yu527l9kt6o4qnf","previousEventId":"sdely3l8qlx1ueb","operationId":"rg96vcjdee5r0zb","previousOperationId":"p4ydrn2qmzjg5u4"}
{"type":"log","timestamp":1768967223594,"level":"debug","message":"Executing recipe chrome-pdf","meta":{"rootId":"qkl759tgmfsdh2h","id":"qkl759tgmfsdh2h"},"id":"ss40scqztfd3bdq","previousOperationId":"rg96vcjdee5r0zb"}
{"type":"log","timestamp":1768967223647,"level":"debug","message":"Converting with chrome Chrome/142.0.7444.175 using chrome-pool strategy","meta":{"rootId":"qkl759tgmfsdh2h","id":"qkl759tgmfsdh2h"},"id":"ykdr8davupvmen4","previousOperationId":"rg96vcjdee5r0zb"}
{"type":"log","timestamp":1768967224135,"level":"debug","message":"Page request: GET (document) file:///tmp/jsreport/autocleanup/ccae26f2-4932-498c-be4b-d40341d11b2b-chrome-pdf.html","meta":{"rootId":"qkl759tgmfsdh2h","id":"qkl759tgmfsdh2h"},"id":"5ks3992lbxri6xg","previousOperationId":"rg96vcjdee5r0zb"}
{"type":"log","timestamp":1768967224180,"level":"debug","message":"Page request finished: GET (document) 200 file:///tmp/jsreport/autocleanup/ccae26f2-4932-498c-be4b-d40341d11b2b-chrome-pdf.html","meta":{"rootId":"qkl759tgmfsdh2h","id":"qkl759tgmfsdh2h"},"id":"sc8jhqadgay20m6","previousOperationId":"rg96vcjdee5r0zb"}
{"type":"log","timestamp":1768967224255,"level":"debug","message":"Running chrome with params {\"printBackground\":true,\"timeout\":59688,\"margin\":{}}","meta":{"rootId":"qkl759tgmfsdh2h","id":"qkl759tgmfsdh2h"},"id":"xpettorshuaxoi3","previousOperationId":"rg96vcjdee5r0zb"}
{"type":"operationEnd","operationId":"rg96vcjdee5r0zb","timestamp":1768967224375,"id":"ijcejmc8fgd43bz","previousEventId":"yu527l9kt6o4qnf","previousOperationId":"rg96vcjdee5r0zb"}
{"type":"log","timestamp":1768967224376,"level":"debug","message":"Skipping storing report.","meta":{"rootId":"qkl759tgmfsdh2h","id":"qkl759tgmfsdh2h"},"id":"ucbb7mouk31qwfp","previousOperationId":"rg96vcjdee5r0zb"}
{"type":"log","timestamp":1768967224376,"level":"info","message":"Rendering request 36 finished in 1079 ms","meta":{"rootId":"qkl759tgmfsdh2h","id":"qkl759tgmfsdh2h"},"id":"avlan6vzwtnoxj3","previousOperationId":"rg96vcjdee5r0zb"}
{"type":"operationEnd","subtype":"render","operationId":"x6alphxbyz7oato","timestamp":1768967224376,"id":"134nhlfjdc1k0t2","previousEventId":"ijcejmc8fgd43bz","previousOperationId":"rg96vcjdee5r0zb"}
{"type":"operationEnd","doDiffs":false,"previousEventId":"7zpymsdxwyme8kp","previousOperationId":"zf5dlw7vq4i3xg4","operationId":"zf5dlw7vq4i3xg4","timestamp":1768967224382,"id":"kwnra1c8q50i5zd"}
