{"type":"operationStart","subtype":"profile","data":{"_id":"GG5FjArOa6n60tnt","timestamp":"2026-01-21T03:00:38.350Z","state":"queued","mode":"standard","creationDate":"2026-01-21T03:00:38.361Z","modificationDate":"2026-01-21T03:00:38.361Z","shortid":"VJuwuAE","$entitySet":"profiles"},"doDiffs":false,"timestamp":1768964438354,"id":"o8ot9nh08xm72qh","previousOperationId":null,"operationId":"u7t76qha85ogico"}
{"type":"log","level":"info","message":"Render request 14 queued for execution and waiting for available worker","previousOperationId":"u7t76qha85ogico","timestamp":1768964438358,"id":"am8ndrcdjcplzvj"}
{"type":"operationStart","subtype":"render","name":"journal-entry-v2","previousOperationId":"u7t76qha85ogico","timestamp":1768964438439,"id":"fpqdx68ybw45ppr","previousEventId":"o8ot9nh08xm72qh","operationId":"m7rtrt90ibgizeo"}
{"type":"log","timestamp":1768964438444,"level":"info","message":"Starting rendering request 14","meta":{"rootId":"sxa7va8165v9mix","id":"sxa7va8165v9mix"},"id":"e4ky5qth763xzm6","previousOperationId":"m7rtrt90ibgizeo"}
{"type":"log","timestamp":1768964438449,"level":"info","message":"Rendering template { name: journal-entry-v2, recipe: chrome-pdf, engine: handlebars, preview: true }","meta":{"rootId":"sxa7va8165v9mix","id":"sxa7va8165v9mix"},"id":"0tg42waa1xa93yp","previousOperationId":"m7rtrt90ibgizeo"}
{"type":"log","timestamp":1768964438454,"level":"debug","message":"Adding sample data VJOFIK6X3","meta":{"rootId":"sxa7va8165v9mix","id":"sxa7va8165v9mix"},"id":"7hy4lzhq2s8u92a","previousOperationId":"m7rtrt90ibgizeo"}
{"type":"log","timestamp":1768964438464,"level":"debug","message":"Base url not specified, skipping its injection.","meta":{"rootId":"sxa7va8165v9mix","id":"sxa7va8165v9mix"},"id":"91k99aubxlahxnv","previousOperationId":"m7rtrt90ibgizeo"}
{"type":"operationStart","subtype":"engine","name":"handlebars","timestamp":1768964438472,"id":"lh0nqx0q8pfr3ub","previousEventId":"fpqdx68ybw45ppr","operationId":"7l5044w7rx7uekl","previousOperationId":"m7rtrt90ibgizeo"}
{"type":"log","timestamp":1768964438472,"level":"debug","message":"Rendering engine handlebars","meta":{"rootId":"sxa7va8165v9mix","id":"sxa7va8165v9mix"},"id":"o5gqnhxi7d2mnqa","previousOperationId":"7l5044w7rx7uekl"}
{"type":"operationEnd","operationId":"7l5044w7rx7uekl","timestamp":1768964438571,"id":"5ypn7nku328u43h","previousEventId":"lh0nqx0q8pfr3ub","previousOperationId":"7l5044w7rx7uekl"}
{"type":"operationStart","subtype":"recipe","name":"chrome-pdf","timestamp":1768964438573,"id":"8asyvp1w3geakw7","previousEventId":"5ypn7nku328u43h","operationId":"j81ycasx6sei8qf","previousOperationId":"7l5044w7rx7uekl"}
{"type":"log","timestamp":1768964438573,"level":"debug","message":"Executing recipe chrome-pdf","meta":{"rootId":"sxa7va8165v9mix","id":"sxa7va8165v9mix"},"id":"ioaglim99adhyxu","previousOperationId":"j81ycasx6sei8qf"}
{"type":"log","timestamp":1768964438612,"level":"debug","message":"Converting with chrome Chrome/142.0.7444.175 using chrome-pool strategy","meta":{"rootId":"sxa7va8165v9mix","id":"sxa7va8165v9mix"},"id":"w7leqcnx23uiltb","previousOperationId":"j81ycasx6sei8qf"}
{"type":"log","timestamp":1768964439039,"level":"debug","message":"Page request: GET (document) file:///tmp/jsreport/autocleanup/01af537e-3903-445a-9bbf-3cd6331369a6-chrome-pdf.html","meta":{"rootId":"sxa7va8165v9mix","id":"sxa7va8165v9mix"},"id":"oonhratd65tvqvi","previousOperationId":"j81ycasx6sei8qf"}
{"type":"log","timestamp":1768964439070,"level":"debug","message":"Page request finished: GET (document) 200 file:///tmp/jsreport/autocleanup/01af537e-3903-445a-9bbf-3cd6331369a6-chrome-pdf.html","meta":{"rootId":"sxa7va8165v9mix","id":"sxa7va8165v9mix"},"id":"zccpenc03xmkx35","previousOperationId":"j81ycasx6sei8qf"}
{"type":"log","timestamp":1768964439151,"level":"debug","message":"Running chrome with params {\"printBackground\":true,\"timeout\":59757,\"margin\":{}}","meta":{"rootId":"sxa7va8165v9mix","id":"sxa7va8165v9mix"},"id":"2n3hdwf3r00t14e","previousOperationId":"j81ycasx6sei8qf"}
{"type":"operationEnd","operationId":"j81ycasx6sei8qf","timestamp":1768964439247,"id":"is0yk8kg40qgl6h","previousEventId":"8asyvp1w3geakw7","previousOperationId":"j81ycasx6sei8qf"}
{"type":"log","timestamp":1768964439247,"level":"debug","message":"Skipping storing report.","meta":{"rootId":"sxa7va8165v9mix","id":"sxa7va8165v9mix"},"id":"l0s6wijq3ck1blq","previousOperationId":"j81ycasx6sei8qf"}
{"type":"log","timestamp":1768964439248,"level":"info","message":"Rendering request 14 finished in 906 ms","meta":{"rootId":"sxa7va8165v9mix","id":"sxa7va8165v9mix"},"id":"n8yerylk575zpp1","previousOperationId":"j81ycasx6sei8qf"}
{"type":"operationEnd","subtype":"render","operationId":"m7rtrt90ibgizeo","timestamp":1768964439248,"id":"4czb8q7pbkmh5vw","previousEventId":"is0yk8kg40qgl6h","previousOperationId":"j81ycasx6sei8qf"}
{"type":"operationEnd","doDiffs":false,"previousEventId":"o8ot9nh08xm72qh","previousOperationId":"u7t76qha85ogico","operationId":"u7t76qha85ogico","timestamp":1768964439250,"id":"6b24mmoaxba5kdc"}
