{"type":"operationStart","subtype":"profile","data":{"_id":"ixre2CqqB6M2bMhh","timestamp":"2026-01-21T03:05:18.135Z","state":"queued","mode":"standard","creationDate":"2026-01-21T03:05:18.149Z","modificationDate":"2026-01-21T03:05:18.149Z","shortid":"6QZ47Ur","$entitySet":"profiles"},"doDiffs":false,"timestamp":1768964718140,"id":"h6evzrnpb10e0yk","previousOperationId":null,"operationId":"fu1gia0exlrsixd"}
{"type":"log","level":"info","message":"Render request 15 queued for execution and waiting for available worker","previousOperationId":"fu1gia0exlrsixd","timestamp":1768964718145,"id":"lev0zsr5vnwi702"}
{"type":"operationStart","subtype":"render","name":"journal-entry-v2","previousOperationId":"fu1gia0exlrsixd","timestamp":1768964718315,"id":"ntyj9joqfcxt7y6","previousEventId":"h6evzrnpb10e0yk","operationId":"fkt1am2cv12r9ro"}
{"type":"log","timestamp":1768964718323,"level":"info","message":"Starting rendering request 15","meta":{"rootId":"tdr1bzfpq5xo6rf","id":"tdr1bzfpq5xo6rf"},"id":"tfqbjom93rlt82t","previousOperationId":"fkt1am2cv12r9ro"}
{"type":"log","timestamp":1768964718329,"level":"info","message":"Rendering template { name: journal-entry-v2, recipe: chrome-pdf, engine: handlebars, preview: true }","meta":{"rootId":"tdr1bzfpq5xo6rf","id":"tdr1bzfpq5xo6rf"},"id":"gksin7c21lbefpg","previousOperationId":"fkt1am2cv12r9ro"}
{"type":"log","timestamp":1768964718339,"level":"debug","message":"Adding sample data VJOFIK6X3","meta":{"rootId":"tdr1bzfpq5xo6rf","id":"tdr1bzfpq5xo6rf"},"id":"0x7h41o03dp8hoa","previousOperationId":"fkt1am2cv12r9ro"}
{"type":"log","timestamp":1768964718355,"level":"debug","message":"Base url not specified, skipping its injection.","meta":{"rootId":"tdr1bzfpq5xo6rf","id":"tdr1bzfpq5xo6rf"},"id":"ws49y6otl7d6aaq","previousOperationId":"fkt1am2cv12r9ro"}
{"type":"operationStart","subtype":"engine","name":"handlebars","timestamp":1768964718370,"id":"uekuusgathxlndc","previousEventId":"ntyj9joqfcxt7y6","operationId":"y8jxacoogpe77cf","previousOperationId":"fkt1am2cv12r9ro"}
{"type":"log","timestamp":1768964718371,"level":"debug","message":"Rendering engine handlebars","meta":{"rootId":"tdr1bzfpq5xo6rf","id":"tdr1bzfpq5xo6rf"},"id":"52vlr8wprrqlhz8","previousOperationId":"y8jxacoogpe77cf"}
{"type":"operationEnd","operationId":"y8jxacoogpe77cf","timestamp":1768964718601,"id":"p6bcuhpu8ch6hcj","previousEventId":"uekuusgathxlndc","previousOperationId":"y8jxacoogpe77cf"}
{"type":"operationStart","subtype":"recipe","name":"chrome-pdf","timestamp":1768964718603,"id":"ktosoy7k4zrbemi","previousEventId":"p6bcuhpu8ch6hcj","operationId":"vcvaarpedz8xl0m","previousOperationId":"y8jxacoogpe77cf"}
{"type":"log","timestamp":1768964718603,"level":"debug","message":"Executing recipe chrome-pdf","meta":{"rootId":"tdr1bzfpq5xo6rf","id":"tdr1bzfpq5xo6rf"},"id":"ve610o88p30rvv5","previousOperationId":"vcvaarpedz8xl0m"}
{"type":"log","timestamp":1768964718668,"level":"debug","message":"Converting with chrome Chrome/142.0.7444.175 using chrome-pool strategy","meta":{"rootId":"tdr1bzfpq5xo6rf","id":"tdr1bzfpq5xo6rf"},"id":"q8clssc3yn3dnm8","previousOperationId":"vcvaarpedz8xl0m"}
{"type":"log","timestamp":1768964719180,"level":"debug","message":"Page request: GET (document) file:///tmp/jsreport/autocleanup/b1ae625e-b1fb-4141-87fd-425fd9f329c4-chrome-pdf.html","meta":{"rootId":"tdr1bzfpq5xo6rf","id":"tdr1bzfpq5xo6rf"},"id":"9ve9n8jouifl09l","previousOperationId":"vcvaarpedz8xl0m"}
{"type":"log","timestamp":1768964719214,"level":"debug","message":"Page request finished: GET (document) 200 file:///tmp/jsreport/autocleanup/b1ae625e-b1fb-4141-87fd-425fd9f329c4-chrome-pdf.html","meta":{"rootId":"tdr1bzfpq5xo6rf","id":"tdr1bzfpq5xo6rf"},"id":"p31ccdoh1jcsxsw","previousOperationId":"vcvaarpedz8xl0m"}
{"type":"log","timestamp":1768964719283,"level":"debug","message":"Running chrome with params {\"printBackground\":true,\"timeout\":59503,\"margin\":{}}","meta":{"rootId":"tdr1bzfpq5xo6rf","id":"tdr1bzfpq5xo6rf"},"id":"xkpehviwxlkwg8p","previousOperationId":"vcvaarpedz8xl0m"}
{"type":"operationEnd","operationId":"vcvaarpedz8xl0m","timestamp":1768964719410,"id":"i9e5sto8fzxrxzl","previousEventId":"ktosoy7k4zrbemi","previousOperationId":"vcvaarpedz8xl0m"}
{"type":"log","timestamp":1768964719410,"level":"debug","message":"Skipping storing report.","meta":{"rootId":"tdr1bzfpq5xo6rf","id":"tdr1bzfpq5xo6rf"},"id":"k15zwod2k6j3ves","previousOperationId":"vcvaarpedz8xl0m"}
{"type":"log","timestamp":1768964719410,"level":"info","message":"Rendering request 15 finished in 1286 ms","meta":{"rootId":"tdr1bzfpq5xo6rf","id":"tdr1bzfpq5xo6rf"},"id":"8541c2yggaod9zm","previousOperationId":"vcvaarpedz8xl0m"}
{"type":"operationEnd","subtype":"render","operationId":"fkt1am2cv12r9ro","timestamp":1768964719410,"id":"lt3vf5p8asrax2s","previousEventId":"i9e5sto8fzxrxzl","previousOperationId":"vcvaarpedz8xl0m"}
{"type":"operationEnd","doDiffs":false,"previousEventId":"h6evzrnpb10e0yk","previousOperationId":"fu1gia0exlrsixd","operationId":"fu1gia0exlrsixd","timestamp":1768964719416,"id":"elwndh2esku4p8o"}
