{"type":"operationStart","subtype":"profile","data":{"_id":"OP8xz9FiOc5SDQLs","timestamp":"2026-01-21T03:32:49.204Z","state":"queued","mode":"standard","creationDate":"2026-01-21T03:32:49.214Z","modificationDate":"2026-01-21T03:32:49.214Z","shortid":"IVfQ7jQ","$entitySet":"profiles"},"doDiffs":false,"timestamp":1768966369207,"id":"7nyuc06gbros03k","previousOperationId":null,"operationId":"zdyqnixhilvguly"}
{"type":"log","level":"info","message":"Render request 22 queued for execution and waiting for available worker","previousOperationId":"zdyqnixhilvguly","timestamp":1768966369211,"id":"yeswjds28p0q9le"}
{"type":"operationStart","subtype":"render","name":"journal-entry-v2","previousOperationId":"zdyqnixhilvguly","timestamp":1768966369316,"id":"pudzc9ax7da1wti","previousEventId":"7nyuc06gbros03k","operationId":"hr7ph2z587h2gyl"}
{"type":"log","timestamp":1768966369323,"level":"info","message":"Starting rendering request 22","meta":{"rootId":"u5onuffhpqk9phy","id":"u5onuffhpqk9phy"},"id":"o18t9pxfiow37ik","previousOperationId":"hr7ph2z587h2gyl"}
{"type":"log","timestamp":1768966369327,"level":"info","message":"Rendering template { name: journal-entry-v2, recipe: chrome-pdf, engine: handlebars, preview: true }","meta":{"rootId":"u5onuffhpqk9phy","id":"u5onuffhpqk9phy"},"id":"f53igi3rpyloz9v","previousOperationId":"hr7ph2z587h2gyl"}
{"type":"log","timestamp":1768966369341,"level":"debug","message":"Adding sample data VJOFIK6X3","meta":{"rootId":"u5onuffhpqk9phy","id":"u5onuffhpqk9phy"},"id":"w3hdzzhigv5mgfi","previousOperationId":"hr7ph2z587h2gyl"}
{"type":"log","timestamp":1768966369354,"level":"debug","message":"Base url not specified, skipping its injection.","meta":{"rootId":"u5onuffhpqk9phy","id":"u5onuffhpqk9phy"},"id":"p9qy1o74oe3ikrm","previousOperationId":"hr7ph2z587h2gyl"}
{"type":"operationStart","subtype":"engine","name":"handlebars","timestamp":1768966369370,"id":"nvksspwy67wk3hg","previousEventId":"pudzc9ax7da1wti","operationId":"8shcf8ck63rlxcf","previousOperationId":"hr7ph2z587h2gyl"}
{"type":"log","timestamp":1768966369370,"level":"debug","message":"Rendering engine handlebars","meta":{"rootId":"u5onuffhpqk9phy","id":"u5onuffhpqk9phy"},"id":"sxovsra2nm2j4vb","previousOperationId":"8shcf8ck63rlxcf"}
{"type":"operationEnd","operationId":"8shcf8ck63rlxcf","timestamp":1768966369522,"id":"oo7i6kcw1260fwj","previousEventId":"nvksspwy67wk3hg","previousOperationId":"8shcf8ck63rlxcf"}
{"type":"operationStart","subtype":"recipe","name":"chrome-pdf","timestamp":1768966369523,"id":"qu1v8998pcy4tn8","previousEventId":"oo7i6kcw1260fwj","operationId":"lvfyf2lrfz98fy7","previousOperationId":"8shcf8ck63rlxcf"}
{"type":"log","timestamp":1768966369523,"level":"debug","message":"Executing recipe chrome-pdf","meta":{"rootId":"u5onuffhpqk9phy","id":"u5onuffhpqk9phy"},"id":"g74181wraunxr62","previousOperationId":"lvfyf2lrfz98fy7"}
{"type":"log","timestamp":1768966369570,"level":"debug","message":"Converting with chrome Chrome/142.0.7444.175 using chrome-pool strategy","meta":{"rootId":"u5onuffhpqk9phy","id":"u5onuffhpqk9phy"},"id":"islyhvxbyw9vxfd","previousOperationId":"lvfyf2lrfz98fy7"}
{"type":"log","timestamp":1768966369977,"level":"debug","message":"Page request: GET (document) file:///tmp/jsreport/autocleanup/d16a4adb-d537-4020-8c25-c186a3c1b7ca-chrome-pdf.html","meta":{"rootId":"u5onuffhpqk9phy","id":"u5onuffhpqk9phy"},"id":"4p3k5oyo5v7tvk4","previousOperationId":"lvfyf2lrfz98fy7"}
{"type":"log","timestamp":1768966370020,"level":"debug","message":"Page request finished: GET (document) 200 file:///tmp/jsreport/autocleanup/d16a4adb-d537-4020-8c25-c186a3c1b7ca-chrome-pdf.html","meta":{"rootId":"u5onuffhpqk9phy","id":"u5onuffhpqk9phy"},"id":"ut77l06yykwidd1","previousOperationId":"lvfyf2lrfz98fy7"}
{"type":"log","timestamp":1768966370026,"level":"warn","message":"Page request failed: GET (stylesheet) file:///tmp/jsreport/autocleanup/styles.css, failure: net::ERR_ACCESS_DENIED","meta":{"rootId":"u5onuffhpqk9phy","id":"u5onuffhpqk9phy"},"id":"euqlitadzkils4u","previousOperationId":"lvfyf2lrfz98fy7"}
{"type":"log","timestamp":1768966370026,"level":"debug","message":"(console:error) Failed to load resource: net::ERR_ACCESS_DENIED","meta":{"userLevel":true,"rootId":"u5onuffhpqk9phy","id":"u5onuffhpqk9phy"},"id":"sdxib03z09cklkw","previousOperationId":"lvfyf2lrfz98fy7"}
{"type":"log","timestamp":1768966370085,"level":"debug","message":"Running chrome with params {\"printBackground\":true,\"timeout\":59655,\"margin\":{}}","meta":{"rootId":"u5onuffhpqk9phy","id":"u5onuffhpqk9phy"},"id":"87n6p7g8i86m3ny","previousOperationId":"lvfyf2lrfz98fy7"}
{"type":"operationEnd","operationId":"lvfyf2lrfz98fy7","timestamp":1768966370200,"id":"45g7jvbujor29f9","previousEventId":"qu1v8998pcy4tn8","previousOperationId":"lvfyf2lrfz98fy7"}
{"type":"log","timestamp":1768966370201,"level":"debug","message":"Skipping storing report.","meta":{"rootId":"u5onuffhpqk9phy","id":"u5onuffhpqk9phy"},"id":"fz23nuefbsa3px1","previousOperationId":"lvfyf2lrfz98fy7"}
{"type":"log","timestamp":1768966370201,"level":"info","message":"Rendering request 22 finished in 1008 ms","meta":{"rootId":"u5onuffhpqk9phy","id":"u5onuffhpqk9phy"},"id":"8kswhw752w96hmk","previousOperationId":"lvfyf2lrfz98fy7"}
{"type":"operationEnd","subtype":"render","operationId":"hr7ph2z587h2gyl","timestamp":1768966370201,"id":"6lcw1po4upem4l5","previousEventId":"45g7jvbujor29f9","previousOperationId":"lvfyf2lrfz98fy7"}
{"type":"operationEnd","doDiffs":false,"previousEventId":"7nyuc06gbros03k","previousOperationId":"zdyqnixhilvguly","operationId":"zdyqnixhilvguly","timestamp":1768966370205,"id":"8cv7of3jzwqazqp"}
