{"type":"operationStart","subtype":"profile","data":{"_id":"Ro9WaKetVkCAGSPf","timestamp":"2026-01-22T00:31:23.653Z","state":"queued","mode":"standard","creationDate":"2026-01-22T00:31:23.656Z","modificationDate":"2026-01-22T00:31:23.656Z","shortid":"RBOSGjs","$entitySet":"profiles"},"doDiffs":false,"timestamp":1769041883655,"id":"g2p561uay9knfcj","previousOperationId":null,"operationId":"bkjny20p5abup4v"}
{"type":"log","level":"info","message":"Render request 11 queued for execution and waiting for available worker","previousOperationId":"bkjny20p5abup4v","timestamp":1769041883655,"id":"53ivhx4luyyp6ze"}
{"type":"operationStart","subtype":"render","name":"journal-entry-v2","previousOperationId":"bkjny20p5abup4v","timestamp":1769041883728,"id":"tohybeeb52h0x6b","previousEventId":"g2p561uay9knfcj","operationId":"5o7pwrvl9j2m6pr"}
{"type":"log","timestamp":1769041883730,"level":"info","message":"Starting rendering request 11","meta":{"rootId":"uevic6r3qv64pc0","id":"uevic6r3qv64pc0"},"id":"krdkd20qvh6tm9r","previousOperationId":"5o7pwrvl9j2m6pr"}
{"type":"log","timestamp":1769041883731,"level":"info","message":"Rendering template { name: journal-entry-v2, recipe: chrome-pdf, engine: handlebars, preview: true }","meta":{"rootId":"uevic6r3qv64pc0","id":"uevic6r3qv64pc0"},"id":"b41kc8motg52o5q","previousOperationId":"5o7pwrvl9j2m6pr"}
{"type":"log","timestamp":1769041883734,"level":"debug","message":"Inline data specified.","meta":{"rootId":"uevic6r3qv64pc0","id":"uevic6r3qv64pc0"},"id":"bzqn65sfxq82bzl","previousOperationId":"5o7pwrvl9j2m6pr"}
{"type":"log","timestamp":1769041883741,"level":"debug","message":"Base url not specified, skipping its injection.","meta":{"rootId":"uevic6r3qv64pc0","id":"uevic6r3qv64pc0"},"id":"l1tpkqla6hppueu","previousOperationId":"5o7pwrvl9j2m6pr"}
{"type":"operationStart","subtype":"engine","name":"handlebars","timestamp":1769041883744,"id":"2ph2hz8wthncg8o","previousEventId":"tohybeeb52h0x6b","operationId":"47cvf1mtm2nkmlk","previousOperationId":"5o7pwrvl9j2m6pr"}
{"type":"log","timestamp":1769041883744,"level":"debug","message":"Rendering engine handlebars","meta":{"rootId":"uevic6r3qv64pc0","id":"uevic6r3qv64pc0"},"id":"lefgoxgous58r1u","previousOperationId":"47cvf1mtm2nkmlk"}
{"type":"operationEnd","operationId":"47cvf1mtm2nkmlk","timestamp":1769041883808,"id":"lgim9ucwep5omu7","previousEventId":"2ph2hz8wthncg8o","previousOperationId":"47cvf1mtm2nkmlk"}
{"type":"operationStart","subtype":"recipe","name":"chrome-pdf","timestamp":1769041883809,"id":"6ep4dd8mt8kuf9x","previousEventId":"lgim9ucwep5omu7","operationId":"6h3lua65muzac4b","previousOperationId":"47cvf1mtm2nkmlk"}
{"type":"log","timestamp":1769041883809,"level":"debug","message":"Executing recipe chrome-pdf","meta":{"rootId":"uevic6r3qv64pc0","id":"uevic6r3qv64pc0"},"id":"e24pdofgfy0six9","previousOperationId":"6h3lua65muzac4b"}
{"type":"log","timestamp":1769041883855,"level":"debug","message":"Converting with chrome Chrome/142.0.7444.175 using chrome-pool strategy","meta":{"rootId":"uevic6r3qv64pc0","id":"uevic6r3qv64pc0"},"id":"hu0oe4ryk9glmtq","previousOperationId":"6h3lua65muzac4b"}
{"type":"log","timestamp":1769041883930,"level":"debug","message":"Page request: GET (document) file:///tmp/jsreport/autocleanup/2200848a-ca13-49c0-b954-7ad329150193-chrome-pdf.html","meta":{"rootId":"uevic6r3qv64pc0","id":"uevic6r3qv64pc0"},"id":"jzdq2rf1snn3f0l","previousOperationId":"6h3lua65muzac4b"}
{"type":"log","timestamp":1769041883942,"level":"debug","message":"Page request finished: GET (document) 200 file:///tmp/jsreport/autocleanup/2200848a-ca13-49c0-b954-7ad329150193-chrome-pdf.html","meta":{"rootId":"uevic6r3qv64pc0","id":"uevic6r3qv64pc0"},"id":"ezimnbdnstisfdz","previousOperationId":"6h3lua65muzac4b"}
{"type":"log","timestamp":1769041883954,"level":"debug","message":"Running chrome with params {\"printBackground\":true,\"timeout\":59803,\"margin\":{}}","meta":{"rootId":"uevic6r3qv64pc0","id":"uevic6r3qv64pc0"},"id":"iae6hut9pi1pghj","previousOperationId":"6h3lua65muzac4b"}
{"type":"operationEnd","operationId":"6h3lua65muzac4b","timestamp":1769041884006,"id":"5qdhxvm46zzmrxc","previousEventId":"6ep4dd8mt8kuf9x","previousOperationId":"6h3lua65muzac4b"}
{"type":"log","timestamp":1769041884007,"level":"debug","message":"Skipping storing report.","meta":{"rootId":"uevic6r3qv64pc0","id":"uevic6r3qv64pc0"},"id":"iubswnxkhwjwpue","previousOperationId":"6h3lua65muzac4b"}
{"type":"log","timestamp":1769041884007,"level":"info","message":"Rendering request 11 finished in 354 ms","meta":{"rootId":"uevic6r3qv64pc0","id":"uevic6r3qv64pc0"},"id":"z59c8tc4f0cllop","previousOperationId":"6h3lua65muzac4b"}
{"type":"operationEnd","subtype":"render","operationId":"5o7pwrvl9j2m6pr","timestamp":1769041884007,"id":"c76s7655zpoteun","previousEventId":"5qdhxvm46zzmrxc","previousOperationId":"6h3lua65muzac4b"}
{"type":"operationEnd","doDiffs":false,"previousEventId":"g2p561uay9knfcj","previousOperationId":"bkjny20p5abup4v","operationId":"bkjny20p5abup4v","timestamp":1769041884009,"id":"vouzk2lgw72q34u"}
