{"type":"operationStart","subtype":"profile","data":{"_id":"XGkIoj4GLljDpoha","timestamp":"2026-01-22T00:38:23.133Z","state":"queued","mode":"standard","creationDate":"2026-01-22T00:38:23.136Z","modificationDate":"2026-01-22T00:38:23.136Z","shortid":"Q7XqeWE","$entitySet":"profiles"},"doDiffs":false,"timestamp":1769042303135,"id":"m1kli8blxukvf0d","previousOperationId":null,"operationId":"ofm9k7f55u74aqs"}
{"type":"log","level":"info","message":"Render request 17 queued for execution and waiting for available worker","previousOperationId":"ofm9k7f55u74aqs","timestamp":1769042303135,"id":"a85r2eu3zymn84x"}
{"type":"operationStart","subtype":"render","name":"journal-entry-v2","previousOperationId":"ofm9k7f55u74aqs","timestamp":1769042303217,"id":"q6lfibtaouh5kh2","previousEventId":"m1kli8blxukvf0d","operationId":"2u7x1qeyzowhvws"}
{"type":"log","timestamp":1769042303221,"level":"info","message":"Starting rendering request 17","meta":{"rootId":"v4cy1qrvkpwljbe","id":"v4cy1qrvkpwljbe"},"id":"h4vzhansxc8a4jg","previousOperationId":"2u7x1qeyzowhvws"}
{"type":"log","timestamp":1769042303224,"level":"info","message":"Rendering template { name: journal-entry-v2, recipe: chrome-pdf, engine: handlebars, preview: true }","meta":{"rootId":"v4cy1qrvkpwljbe","id":"v4cy1qrvkpwljbe"},"id":"9ph2akjnfsjx04z","previousOperationId":"2u7x1qeyzowhvws"}
{"type":"log","timestamp":1769042303233,"level":"debug","message":"Adding sample data VJOFIK6X3","meta":{"rootId":"v4cy1qrvkpwljbe","id":"v4cy1qrvkpwljbe"},"id":"y8o6yr0dhmxxpja","previousOperationId":"2u7x1qeyzowhvws"}
{"type":"log","timestamp":1769042303247,"level":"debug","message":"Base url not specified, skipping its injection.","meta":{"rootId":"v4cy1qrvkpwljbe","id":"v4cy1qrvkpwljbe"},"id":"ob4de9k9e2g124v","previousOperationId":"2u7x1qeyzowhvws"}
{"type":"operationStart","subtype":"engine","name":"handlebars","timestamp":1769042303255,"id":"ugagy23fn2mxffp","previousEventId":"q6lfibtaouh5kh2","operationId":"hzkbwkbzksa92zk","previousOperationId":"2u7x1qeyzowhvws"}
{"type":"log","timestamp":1769042303255,"level":"debug","message":"Rendering engine handlebars","meta":{"rootId":"v4cy1qrvkpwljbe","id":"v4cy1qrvkpwljbe"},"id":"d4cfr7taeqj48ha","previousOperationId":"hzkbwkbzksa92zk"}
{"type":"operationEnd","operationId":"hzkbwkbzksa92zk","timestamp":1769042303324,"id":"dsqm0krct07r07s","previousEventId":"ugagy23fn2mxffp","previousOperationId":"hzkbwkbzksa92zk"}
{"type":"operationStart","subtype":"recipe","name":"chrome-pdf","timestamp":1769042303324,"id":"n29z1nnmiehw4br","previousEventId":"dsqm0krct07r07s","operationId":"4jil325s1t0xrbm","previousOperationId":"hzkbwkbzksa92zk"}
{"type":"log","timestamp":1769042303324,"level":"debug","message":"Executing recipe chrome-pdf","meta":{"rootId":"v4cy1qrvkpwljbe","id":"v4cy1qrvkpwljbe"},"id":"a7aychc7zl19sxr","previousOperationId":"4jil325s1t0xrbm"}
{"type":"log","timestamp":1769042303386,"level":"debug","message":"Converting with chrome Chrome/142.0.7444.175 using chrome-pool strategy","meta":{"rootId":"v4cy1qrvkpwljbe","id":"v4cy1qrvkpwljbe"},"id":"f1f7ltwb17jx3n8","previousOperationId":"4jil325s1t0xrbm"}
{"type":"log","timestamp":1769042303525,"level":"debug","message":"Page request: GET (document) file:///tmp/jsreport/autocleanup/0af46be6-2f0e-4f8c-b506-4404fa897756-chrome-pdf.html","meta":{"rootId":"v4cy1qrvkpwljbe","id":"v4cy1qrvkpwljbe"},"id":"9cstc3r2nmdtuf3","previousOperationId":"4jil325s1t0xrbm"}
{"type":"log","timestamp":1769042303539,"level":"debug","message":"Page request finished: GET (document) 200 file:///tmp/jsreport/autocleanup/0af46be6-2f0e-4f8c-b506-4404fa897756-chrome-pdf.html","meta":{"rootId":"v4cy1qrvkpwljbe","id":"v4cy1qrvkpwljbe"},"id":"dwkay7g4r4fc0ls","previousOperationId":"4jil325s1t0xrbm"}
{"type":"log","timestamp":1769042303588,"level":"debug","message":"Running chrome with params {\"printBackground\":true,\"timeout\":59762,\"margin\":{}}","meta":{"rootId":"v4cy1qrvkpwljbe","id":"v4cy1qrvkpwljbe"},"id":"cdz9yiujbjq74yg","previousOperationId":"4jil325s1t0xrbm"}
{"type":"operationEnd","operationId":"4jil325s1t0xrbm","timestamp":1769042303661,"id":"rssuq3u2tac5trv","previousEventId":"n29z1nnmiehw4br","previousOperationId":"4jil325s1t0xrbm"}
{"type":"log","timestamp":1769042303662,"level":"debug","message":"Skipping storing report.","meta":{"rootId":"v4cy1qrvkpwljbe","id":"v4cy1qrvkpwljbe"},"id":"iqqj2106446tl3y","previousOperationId":"4jil325s1t0xrbm"}
{"type":"log","timestamp":1769042303662,"level":"info","message":"Rendering request 17 finished in 530 ms","meta":{"rootId":"v4cy1qrvkpwljbe","id":"v4cy1qrvkpwljbe"},"id":"cj5enbb7zw0zifj","previousOperationId":"4jil325s1t0xrbm"}
{"type":"operationEnd","subtype":"render","operationId":"2u7x1qeyzowhvws","timestamp":1769042303662,"id":"336ra0dm56f83at","previousEventId":"rssuq3u2tac5trv","previousOperationId":"4jil325s1t0xrbm"}
{"type":"operationEnd","doDiffs":false,"previousEventId":"m1kli8blxukvf0d","previousOperationId":"ofm9k7f55u74aqs","operationId":"ofm9k7f55u74aqs","timestamp":1769042303664,"id":"jeoxraw3jp14wcx"}
