{"type":"operationStart","subtype":"profile","data":{"_id":"LhLWHynzanDQp7us","timestamp":"2026-01-21T03:09:51.609Z","state":"queued","mode":"standard","creationDate":"2026-01-21T03:09:51.644Z","modificationDate":"2026-01-21T03:09:51.644Z","shortid":"2IRvQ7V","$entitySet":"profiles"},"doDiffs":false,"timestamp":1768964991617,"id":"27cjf08bi0kt3tw","previousOperationId":null,"operationId":"8piywaqmlt2slwy"}
{"type":"log","level":"info","message":"Render request 16 queued for execution and waiting for available worker","previousOperationId":"8piywaqmlt2slwy","timestamp":1768964991619,"id":"xi4wo6mxkor2vx1"}
{"type":"operationStart","subtype":"render","name":"journal-entry-v2","previousOperationId":"8piywaqmlt2slwy","timestamp":1768964991777,"id":"zv0dcpwm9ombjno","previousEventId":"27cjf08bi0kt3tw","operationId":"0sb9ayd9n7vheng"}
{"type":"log","timestamp":1768964991786,"level":"info","message":"Starting rendering request 16","meta":{"rootId":"v7es14jkht4td4e","id":"v7es14jkht4td4e"},"id":"ujti6lol81px4k2","previousOperationId":"0sb9ayd9n7vheng"}
{"type":"log","timestamp":1768964991794,"level":"info","message":"Rendering template { name: journal-entry-v2, recipe: chrome-pdf, engine: handlebars, preview: false }","meta":{"rootId":"v7es14jkht4td4e","id":"v7es14jkht4td4e"},"id":"m7vfcl4bd3i6w6i","previousOperationId":"0sb9ayd9n7vheng"}
{"type":"log","timestamp":1768964991804,"level":"debug","message":"Inline data specified.","meta":{"rootId":"v7es14jkht4td4e","id":"v7es14jkht4td4e"},"id":"aap3fuakmjxdeqa","previousOperationId":"0sb9ayd9n7vheng"}
{"type":"log","timestamp":1768964991819,"level":"debug","message":"Base url not specified, skipping its injection.","meta":{"rootId":"v7es14jkht4td4e","id":"v7es14jkht4td4e"},"id":"xg09peyvm4061bl","previousOperationId":"0sb9ayd9n7vheng"}
{"type":"operationStart","subtype":"engine","name":"handlebars","timestamp":1768964991836,"id":"k081xzr0bjjabda","previousEventId":"zv0dcpwm9ombjno","operationId":"h3oxjlbyyipclac","previousOperationId":"0sb9ayd9n7vheng"}
{"type":"log","timestamp":1768964991836,"level":"debug","message":"Rendering engine handlebars","meta":{"rootId":"v7es14jkht4td4e","id":"v7es14jkht4td4e"},"id":"ixflpf4f1uu296z","previousOperationId":"h3oxjlbyyipclac"}
{"type":"operationEnd","operationId":"h3oxjlbyyipclac","timestamp":1768964992064,"id":"5xdk6qvnfn699tm","previousEventId":"k081xzr0bjjabda","previousOperationId":"h3oxjlbyyipclac"}
{"type":"operationStart","subtype":"recipe","name":"chrome-pdf","timestamp":1768964992066,"id":"e7mibh34xq8b4y0","previousEventId":"5xdk6qvnfn699tm","operationId":"wlhdbh5xlcawar4","previousOperationId":"h3oxjlbyyipclac"}
{"type":"log","timestamp":1768964992066,"level":"debug","message":"Executing recipe chrome-pdf","meta":{"rootId":"v7es14jkht4td4e","id":"v7es14jkht4td4e"},"id":"1doau56r6lvgv9z","previousOperationId":"wlhdbh5xlcawar4"}
{"type":"log","timestamp":1768964992150,"level":"debug","message":"Converting with chrome Chrome/142.0.7444.175 using chrome-pool strategy","meta":{"rootId":"v7es14jkht4td4e","id":"v7es14jkht4td4e"},"id":"4py1kwv7eyusow9","previousOperationId":"wlhdbh5xlcawar4"}
{"type":"log","timestamp":1768964992868,"level":"debug","message":"Page request: GET (document) file:///tmp/jsreport/autocleanup/74b0d4ac-bd38-4b37-a333-6f124b2363d4-chrome-pdf.html","meta":{"rootId":"v7es14jkht4td4e","id":"v7es14jkht4td4e"},"id":"1z1k9olerirfnjb","previousOperationId":"wlhdbh5xlcawar4"}
{"type":"log","timestamp":1768964992918,"level":"debug","message":"Page request finished: GET (document) 200 file:///tmp/jsreport/autocleanup/74b0d4ac-bd38-4b37-a333-6f124b2363d4-chrome-pdf.html","meta":{"rootId":"v7es14jkht4td4e","id":"v7es14jkht4td4e"},"id":"7xz11dkv1f8ea7b","previousOperationId":"wlhdbh5xlcawar4"}
{"type":"log","timestamp":1768964993014,"level":"debug","message":"Running chrome with params {\"printBackground\":true,\"timeout\":59498,\"margin\":{}}","meta":{"rootId":"v7es14jkht4td4e","id":"v7es14jkht4td4e"},"id":"nm0ftjxte6e058q","previousOperationId":"wlhdbh5xlcawar4"}
{"type":"operationEnd","operationId":"wlhdbh5xlcawar4","timestamp":1768964993267,"id":"d8j5upkqhe7149o","previousEventId":"e7mibh34xq8b4y0","previousOperationId":"wlhdbh5xlcawar4"}
{"type":"log","timestamp":1768964993271,"level":"debug","message":"Skipping storing report.","meta":{"rootId":"v7es14jkht4td4e","id":"v7es14jkht4td4e"},"id":"he9bif1f7oeyh6q","previousOperationId":"wlhdbh5xlcawar4"}
{"type":"log","timestamp":1768964993271,"level":"info","message":"Rendering request 16 finished in 1683 ms","meta":{"rootId":"v7es14jkht4td4e","id":"v7es14jkht4td4e"},"id":"l5udi3v9ta7b0su","previousOperationId":"wlhdbh5xlcawar4"}
{"type":"operationEnd","subtype":"render","operationId":"0sb9ayd9n7vheng","timestamp":1768964993271,"id":"8kmrs7kwgxpbr8k","previousEventId":"d8j5upkqhe7149o","previousOperationId":"wlhdbh5xlcawar4"}
{"type":"operationEnd","doDiffs":false,"previousEventId":"27cjf08bi0kt3tw","previousOperationId":"8piywaqmlt2slwy","operationId":"8piywaqmlt2slwy","timestamp":1768964993284,"id":"tjohw3b3nziyu17"}
