{"type":"operationStart","subtype":"profile","data":{"_id":"i1d535F2M5SyhQzV","timestamp":"2026-01-21T03:39:03.186Z","state":"queued","mode":"standard","creationDate":"2026-01-21T03:39:03.191Z","modificationDate":"2026-01-21T03:39:03.191Z","shortid":"pu7mWkm","$entitySet":"profiles"},"doDiffs":false,"timestamp":1768966743188,"id":"novifld1yyqlkqu","previousOperationId":null,"operationId":"beinuwn5p28qkpp"}
{"type":"log","level":"info","message":"Render request 30 queued for execution and waiting for available worker","previousOperationId":"beinuwn5p28qkpp","timestamp":1768966743190,"id":"umfalf3pjy3lv7e"}
{"type":"operationStart","subtype":"render","name":"journal-entry-v2","previousOperationId":"beinuwn5p28qkpp","timestamp":1768966743271,"id":"zjjzquf0vgzb233","previousEventId":"novifld1yyqlkqu","operationId":"ev6zf2ge23l6feq"}
{"type":"log","timestamp":1768966743275,"level":"info","message":"Starting rendering request 30","meta":{"rootId":"vcgukhoczbkh7st","id":"vcgukhoczbkh7st"},"id":"5z2j5rkyaqupaer","previousOperationId":"ev6zf2ge23l6feq"}
{"type":"log","timestamp":1768966743279,"level":"info","message":"Rendering template { name: journal-entry-v2, recipe: chrome-pdf, engine: handlebars, preview: true }","meta":{"rootId":"vcgukhoczbkh7st","id":"vcgukhoczbkh7st"},"id":"brkcnkvm31a30su","previousOperationId":"ev6zf2ge23l6feq"}
{"type":"log","timestamp":1768966743286,"level":"debug","message":"Adding sample data VJOFIK6X3","meta":{"rootId":"vcgukhoczbkh7st","id":"vcgukhoczbkh7st"},"id":"es63ui5jsrw3mda","previousOperationId":"ev6zf2ge23l6feq"}
{"type":"log","timestamp":1768966743303,"level":"debug","message":"Base url not specified, skipping its injection.","meta":{"rootId":"vcgukhoczbkh7st","id":"vcgukhoczbkh7st"},"id":"h7x19uhww1gybxx","previousOperationId":"ev6zf2ge23l6feq"}
{"type":"operationStart","subtype":"engine","name":"handlebars","timestamp":1768966743311,"id":"4xbtqjcdt4i7mo3","previousEventId":"zjjzquf0vgzb233","operationId":"zar0ovlh7hcrd7g","previousOperationId":"ev6zf2ge23l6feq"}
{"type":"log","timestamp":1768966743311,"level":"debug","message":"Rendering engine handlebars","meta":{"rootId":"vcgukhoczbkh7st","id":"vcgukhoczbkh7st"},"id":"3p332g619qr6lb2","previousOperationId":"zar0ovlh7hcrd7g"}
{"type":"operationEnd","operationId":"zar0ovlh7hcrd7g","timestamp":1768966743436,"id":"0tbto04w5ui4v4y","previousEventId":"4xbtqjcdt4i7mo3","previousOperationId":"zar0ovlh7hcrd7g"}
{"type":"operationStart","subtype":"recipe","name":"chrome-pdf","timestamp":1768966743437,"id":"4zgv0cpma73t59k","previousEventId":"0tbto04w5ui4v4y","operationId":"v7cygjzvg2eh4ps","previousOperationId":"zar0ovlh7hcrd7g"}
{"type":"log","timestamp":1768966743437,"level":"debug","message":"Executing recipe chrome-pdf","meta":{"rootId":"vcgukhoczbkh7st","id":"vcgukhoczbkh7st"},"id":"x6v8wx2xr2mc11e","previousOperationId":"v7cygjzvg2eh4ps"}
{"type":"log","timestamp":1768966743474,"level":"debug","message":"Converting with chrome Chrome/142.0.7444.175 using chrome-pool strategy","meta":{"rootId":"vcgukhoczbkh7st","id":"vcgukhoczbkh7st"},"id":"7wr030d3ilbanoh","previousOperationId":"v7cygjzvg2eh4ps"}
{"type":"log","timestamp":1768966743830,"level":"debug","message":"Page request: GET (document) file:///tmp/jsreport/autocleanup/2f428bf5-7e61-4348-943f-5b17a6bbb97e-chrome-pdf.html","meta":{"rootId":"vcgukhoczbkh7st","id":"vcgukhoczbkh7st"},"id":"3opnhzsn6rpaqlo","previousOperationId":"v7cygjzvg2eh4ps"}
{"type":"log","timestamp":1768966743859,"level":"debug","message":"Page request finished: GET (document) 200 file:///tmp/jsreport/autocleanup/2f428bf5-7e61-4348-943f-5b17a6bbb97e-chrome-pdf.html","meta":{"rootId":"vcgukhoczbkh7st","id":"vcgukhoczbkh7st"},"id":"i06kxhyg1nx1r2f","previousOperationId":"v7cygjzvg2eh4ps"}
{"type":"log","timestamp":1768966743919,"level":"debug","message":"Running chrome with params {\"printBackground\":true,\"timeout\":59732,\"margin\":{}}","meta":{"rootId":"vcgukhoczbkh7st","id":"vcgukhoczbkh7st"},"id":"lft8jpg2v9q9o9n","previousOperationId":"v7cygjzvg2eh4ps"}
{"type":"operationEnd","operationId":"v7cygjzvg2eh4ps","timestamp":1768966744134,"id":"3c8gikpwgkdwzot","previousEventId":"4zgv0cpma73t59k","previousOperationId":"v7cygjzvg2eh4ps"}
{"type":"log","timestamp":1768966744135,"level":"debug","message":"Skipping storing report.","meta":{"rootId":"vcgukhoczbkh7st","id":"vcgukhoczbkh7st"},"id":"dvr2sn0g3ujqbc6","previousOperationId":"v7cygjzvg2eh4ps"}
{"type":"log","timestamp":1768966744135,"level":"info","message":"Rendering request 30 finished in 954 ms","meta":{"rootId":"vcgukhoczbkh7st","id":"vcgukhoczbkh7st"},"id":"uas2gh25m24lpqi","previousOperationId":"v7cygjzvg2eh4ps"}
{"type":"operationEnd","subtype":"render","operationId":"ev6zf2ge23l6feq","timestamp":1768966744135,"id":"tvblgh5wwbfvp9c","previousEventId":"3c8gikpwgkdwzot","previousOperationId":"v7cygjzvg2eh4ps"}
{"type":"operationEnd","doDiffs":false,"previousEventId":"novifld1yyqlkqu","previousOperationId":"beinuwn5p28qkpp","operationId":"beinuwn5p28qkpp","timestamp":1768966744140,"id":"sv1f96hif46rora"}
