{"type":"operationStart","subtype":"profile","data":{"_id":"wCbxfOZ9cittOm8M","timestamp":"2026-01-21T17:05:07.573Z","state":"queued","mode":"standard","creationDate":"2026-01-21T17:05:07.576Z","modificationDate":"2026-01-21T17:05:07.576Z","shortid":"AW39hoM","$entitySet":"profiles"},"doDiffs":false,"timestamp":1769015107576,"id":"sbr7n7r0uqz4lh3","previousOperationId":null,"operationId":"e4zuk725cidq7sd"}
{"type":"log","level":"info","message":"Render request 4 queued for execution and waiting for available worker","previousOperationId":"e4zuk725cidq7sd","timestamp":1769015107576,"id":"1vzlvotpqktp26j"}
{"type":"operationStart","subtype":"render","name":"journal-entry-v2","previousOperationId":"e4zuk725cidq7sd","timestamp":1769015107648,"id":"3txx5zxlvip0ttb","previousEventId":"sbr7n7r0uqz4lh3","operationId":"lg6e8o6mg3ibvf0"}
{"type":"log","timestamp":1769015107653,"level":"info","message":"Starting rendering request 4","meta":{"rootId":"vnllsfk6krym7hq","id":"vnllsfk6krym7hq"},"id":"8rwq9n0fpzj59lr","previousOperationId":"lg6e8o6mg3ibvf0"}
{"type":"log","timestamp":1769015107655,"level":"info","message":"Rendering template { name: journal-entry-v2, recipe: chrome-pdf, engine: handlebars, preview: true }","meta":{"rootId":"vnllsfk6krym7hq","id":"vnllsfk6krym7hq"},"id":"kq9892oksz84wt2","previousOperationId":"lg6e8o6mg3ibvf0"}
{"type":"log","timestamp":1769015107659,"level":"debug","message":"Adding sample data VJOFIK6X3","meta":{"rootId":"vnllsfk6krym7hq","id":"vnllsfk6krym7hq"},"id":"kfrxbbxj058adha","previousOperationId":"lg6e8o6mg3ibvf0"}
{"type":"log","timestamp":1769015107667,"level":"debug","message":"Base url not specified, skipping its injection.","meta":{"rootId":"vnllsfk6krym7hq","id":"vnllsfk6krym7hq"},"id":"fq31klnd8qd7n5g","previousOperationId":"lg6e8o6mg3ibvf0"}
{"type":"operationStart","subtype":"engine","name":"handlebars","timestamp":1769015107672,"id":"bh4qgwt04rlx3k9","previousEventId":"3txx5zxlvip0ttb","operationId":"uek9hdfbcaav9ix","previousOperationId":"lg6e8o6mg3ibvf0"}
{"type":"log","timestamp":1769015107672,"level":"debug","message":"Rendering engine handlebars","meta":{"rootId":"vnllsfk6krym7hq","id":"vnllsfk6krym7hq"},"id":"ef5o5lsh15b0poe","previousOperationId":"uek9hdfbcaav9ix"}
{"type":"operationEnd","operationId":"uek9hdfbcaav9ix","timestamp":1769015107737,"id":"bw0i7g4t33mypah","previousEventId":"bh4qgwt04rlx3k9","previousOperationId":"uek9hdfbcaav9ix"}
{"type":"operationStart","subtype":"recipe","name":"chrome-pdf","timestamp":1769015107737,"id":"8un6g8pgl8espg0","previousEventId":"bw0i7g4t33mypah","operationId":"5ypqu9gwlv4bvs3","previousOperationId":"uek9hdfbcaav9ix"}
{"type":"log","timestamp":1769015107737,"level":"debug","message":"Executing recipe chrome-pdf","meta":{"rootId":"vnllsfk6krym7hq","id":"vnllsfk6krym7hq"},"id":"b2nj5oo858uo8ny","previousOperationId":"5ypqu9gwlv4bvs3"}
{"type":"log","timestamp":1769015107753,"level":"debug","message":"Converting with chrome Chrome/142.0.7444.175 using chrome-pool strategy","meta":{"rootId":"vnllsfk6krym7hq","id":"vnllsfk6krym7hq"},"id":"w3vgvaax9jpp4yp","previousOperationId":"5ypqu9gwlv4bvs3"}
{"type":"log","timestamp":1769015107848,"level":"debug","message":"Page request: GET (document) file:///tmp/jsreport/autocleanup/40e1dc91-5393-4fa7-84a3-1aa7608dea72-chrome-pdf.html","meta":{"rootId":"vnllsfk6krym7hq","id":"vnllsfk6krym7hq"},"id":"hs4dj8yyze5l5vs","previousOperationId":"5ypqu9gwlv4bvs3"}
{"type":"log","timestamp":1769015107862,"level":"debug","message":"Page request finished: GET (document) 200 file:///tmp/jsreport/autocleanup/40e1dc91-5393-4fa7-84a3-1aa7608dea72-chrome-pdf.html","meta":{"rootId":"vnllsfk6krym7hq","id":"vnllsfk6krym7hq"},"id":"wqvu1wr76ymsy5k","previousOperationId":"5ypqu9gwlv4bvs3"}
{"type":"log","timestamp":1769015107893,"level":"debug","message":"Running chrome with params {\"printBackground\":true,\"timeout\":59832,\"margin\":{}}","meta":{"rootId":"vnllsfk6krym7hq","id":"vnllsfk6krym7hq"},"id":"ynl8c4qc74u531g","previousOperationId":"5ypqu9gwlv4bvs3"}
{"type":"operationEnd","operationId":"5ypqu9gwlv4bvs3","timestamp":1769015107964,"id":"99kbsakv2pd7tit","previousEventId":"8un6g8pgl8espg0","previousOperationId":"5ypqu9gwlv4bvs3"}
{"type":"log","timestamp":1769015107965,"level":"debug","message":"Skipping storing report.","meta":{"rootId":"vnllsfk6krym7hq","id":"vnllsfk6krym7hq"},"id":"ut6lxqscjcjq3l4","previousOperationId":"5ypqu9gwlv4bvs3"}
{"type":"log","timestamp":1769015107965,"level":"info","message":"Rendering request 4 finished in 392 ms","meta":{"rootId":"vnllsfk6krym7hq","id":"vnllsfk6krym7hq"},"id":"d40td82ssjbqmmc","previousOperationId":"5ypqu9gwlv4bvs3"}
{"type":"operationEnd","subtype":"render","operationId":"lg6e8o6mg3ibvf0","timestamp":1769015107965,"id":"e42vvfhrc1d5k18","previousEventId":"99kbsakv2pd7tit","previousOperationId":"5ypqu9gwlv4bvs3"}
{"type":"operationEnd","doDiffs":false,"previousEventId":"sbr7n7r0uqz4lh3","previousOperationId":"e4zuk725cidq7sd","operationId":"e4zuk725cidq7sd","timestamp":1769015107968,"id":"mbd1x18a9oxkf9d"}
