{"type":"operationStart","subtype":"profile","data":{"_id":"EbSrg35wy7oEorj2","timestamp":"2026-01-22T00:31:32.324Z","state":"queued","mode":"standard","creationDate":"2026-01-22T00:31:32.326Z","modificationDate":"2026-01-22T00:31:32.326Z","shortid":"TCpNT8E","$entitySet":"profiles"},"doDiffs":false,"timestamp":1769041892326,"id":"8yxokdb4lbfdoug","previousOperationId":null,"operationId":"crpl885ggekpq6k"}
{"type":"log","level":"info","message":"Render request 12 queued for execution and waiting for available worker","previousOperationId":"crpl885ggekpq6k","timestamp":1769041892326,"id":"j74ikjtppinoord"}
{"type":"operationStart","subtype":"render","name":"journal-entry-v2","previousOperationId":"crpl885ggekpq6k","timestamp":1769041892397,"id":"8xyrp5ejlyyeu9s","previousEventId":"8yxokdb4lbfdoug","operationId":"gz4bjii96ly80xo"}
{"type":"log","timestamp":1769041892397,"level":"info","message":"Starting rendering request 12","meta":{"rootId":"x464aw6qlsn3jct","id":"x464aw6qlsn3jct"},"id":"8ozw0g2ggfi0y4i","previousOperationId":"gz4bjii96ly80xo"}
{"type":"log","timestamp":1769041892400,"level":"info","message":"Rendering template { name: journal-entry-v2, recipe: chrome-pdf, engine: handlebars, preview: true }","meta":{"rootId":"x464aw6qlsn3jct","id":"x464aw6qlsn3jct"},"id":"20bl44nkdn7dphm","previousOperationId":"gz4bjii96ly80xo"}
{"type":"log","timestamp":1769041892403,"level":"debug","message":"Inline data specified.","meta":{"rootId":"x464aw6qlsn3jct","id":"x464aw6qlsn3jct"},"id":"zdq9b5xrmdnec6m","previousOperationId":"gz4bjii96ly80xo"}
{"type":"log","timestamp":1769041892405,"level":"debug","message":"Base url not specified, skipping its injection.","meta":{"rootId":"x464aw6qlsn3jct","id":"x464aw6qlsn3jct"},"id":"1k2vu44lzfle3sk","previousOperationId":"gz4bjii96ly80xo"}
{"type":"operationStart","subtype":"engine","name":"handlebars","timestamp":1769041892405,"id":"w6uuk6a2255rl0e","previousEventId":"8xyrp5ejlyyeu9s","operationId":"06figi8q3diovd0","previousOperationId":"gz4bjii96ly80xo"}
{"type":"log","timestamp":1769041892405,"level":"debug","message":"Rendering engine handlebars","meta":{"rootId":"x464aw6qlsn3jct","id":"x464aw6qlsn3jct"},"id":"sbguz1glrlrr63w","previousOperationId":"06figi8q3diovd0"}
{"type":"operationEnd","operationId":"06figi8q3diovd0","timestamp":1769041892439,"id":"qksropf4l59uudf","previousEventId":"w6uuk6a2255rl0e","previousOperationId":"06figi8q3diovd0"}
{"type":"operationStart","subtype":"recipe","name":"chrome-pdf","timestamp":1769041892439,"id":"y4w2k0boxnus44k","previousEventId":"qksropf4l59uudf","operationId":"7ymz7do3s7plwo8","previousOperationId":"06figi8q3diovd0"}
{"type":"log","timestamp":1769041892439,"level":"debug","message":"Executing recipe chrome-pdf","meta":{"rootId":"x464aw6qlsn3jct","id":"x464aw6qlsn3jct"},"id":"812vhewydzy6039","previousOperationId":"7ymz7do3s7plwo8"}
{"type":"log","timestamp":1769041892444,"level":"debug","message":"Converting with chrome Chrome/142.0.7444.175 using chrome-pool strategy","meta":{"rootId":"x464aw6qlsn3jct","id":"x464aw6qlsn3jct"},"id":"2oq21zyy8tgsotb","previousOperationId":"7ymz7do3s7plwo8"}
{"type":"log","timestamp":1769041892496,"level":"debug","message":"Page request: GET (document) file:///tmp/jsreport/autocleanup/76d0ded4-f3f4-4752-8652-5697cd1e486c-chrome-pdf.html","meta":{"rootId":"x464aw6qlsn3jct","id":"x464aw6qlsn3jct"},"id":"ttq59yidjolmzdq","previousOperationId":"7ymz7do3s7plwo8"}
{"type":"log","timestamp":1769041892508,"level":"debug","message":"Page request finished: GET (document) 200 file:///tmp/jsreport/autocleanup/76d0ded4-f3f4-4752-8652-5697cd1e486c-chrome-pdf.html","meta":{"rootId":"x464aw6qlsn3jct","id":"x464aw6qlsn3jct"},"id":"cbiprop5fzr0v2q","previousOperationId":"7ymz7do3s7plwo8"}
{"type":"log","timestamp":1769041892515,"level":"debug","message":"Running chrome with params {\"printBackground\":true,\"timeout\":59882,\"margin\":{}}","meta":{"rootId":"x464aw6qlsn3jct","id":"x464aw6qlsn3jct"},"id":"853pdjldk9t8jnj","previousOperationId":"7ymz7do3s7plwo8"}
{"type":"operationEnd","operationId":"7ymz7do3s7plwo8","timestamp":1769041892551,"id":"aqobgfygftfu1wr","previousEventId":"y4w2k0boxnus44k","previousOperationId":"7ymz7do3s7plwo8"}
{"type":"log","timestamp":1769041892551,"level":"debug","message":"Skipping storing report.","meta":{"rootId":"x464aw6qlsn3jct","id":"x464aw6qlsn3jct"},"id":"jn05bw1rh7vq27t","previousOperationId":"7ymz7do3s7plwo8"}
{"type":"log","timestamp":1769041892551,"level":"info","message":"Rendering request 12 finished in 227 ms","meta":{"rootId":"x464aw6qlsn3jct","id":"x464aw6qlsn3jct"},"id":"6kq8jilpv3r8vom","previousOperationId":"7ymz7do3s7plwo8"}
{"type":"operationEnd","subtype":"render","operationId":"gz4bjii96ly80xo","timestamp":1769041892551,"id":"agu6dsxhcwpbv5d","previousEventId":"aqobgfygftfu1wr","previousOperationId":"7ymz7do3s7plwo8"}
{"type":"operationEnd","doDiffs":false,"previousEventId":"8yxokdb4lbfdoug","previousOperationId":"crpl885ggekpq6k","operationId":"crpl885ggekpq6k","timestamp":1769041892554,"id":"o7w4clukrjxabol"}
