{"type":"operationStart","subtype":"profile","data":{"_id":"E312spqz9xY3Ak3L","timestamp":"2026-01-22T00:32:18.298Z","state":"queued","mode":"standard","creationDate":"2026-01-22T00:32:18.302Z","modificationDate":"2026-01-22T00:32:18.302Z","shortid":"29_raJm","$entitySet":"profiles"},"doDiffs":false,"timestamp":1769041938302,"id":"l06tqsyxi7pgi6x","previousOperationId":null,"operationId":"8kt5hfrbft03hd8"}
{"type":"log","level":"info","message":"Render request 14 queued for execution and waiting for available worker","previousOperationId":"8kt5hfrbft03hd8","timestamp":1769041938302,"id":"vv4iesqzn2g7eyo"}
{"type":"operationStart","subtype":"render","name":"journal-entry-v2","previousOperationId":"8kt5hfrbft03hd8","timestamp":1769041938367,"id":"4yjt5qpo1ii2rum","previousEventId":"l06tqsyxi7pgi6x","operationId":"dxpx5kw0a8imc8r"}
{"type":"log","timestamp":1769041938367,"level":"info","message":"Starting rendering request 14","meta":{"rootId":"xagfw8ak3454idm","id":"xagfw8ak3454idm"},"id":"h4bk71iqh56gftk","previousOperationId":"dxpx5kw0a8imc8r"}
{"type":"log","timestamp":1769041938367,"level":"info","message":"Rendering template { name: journal-entry-v2, recipe: chrome-pdf, engine: handlebars, preview: true }","meta":{"rootId":"xagfw8ak3454idm","id":"xagfw8ak3454idm"},"id":"dd3xwwm2t8ope9i","previousOperationId":"dxpx5kw0a8imc8r"}
{"type":"log","timestamp":1769041938372,"level":"debug","message":"Inline data specified.","meta":{"rootId":"xagfw8ak3454idm","id":"xagfw8ak3454idm"},"id":"ozlfbhj9jzzf2w3","previousOperationId":"dxpx5kw0a8imc8r"}
{"type":"log","timestamp":1769041938378,"level":"debug","message":"Base url not specified, skipping its injection.","meta":{"rootId":"xagfw8ak3454idm","id":"xagfw8ak3454idm"},"id":"50i09784yjguj7d","previousOperationId":"dxpx5kw0a8imc8r"}
{"type":"operationStart","subtype":"engine","name":"handlebars","timestamp":1769041938378,"id":"bjkmlem8zf1pf2e","previousEventId":"4yjt5qpo1ii2rum","operationId":"7toxkvt0b0p3m9x","previousOperationId":"dxpx5kw0a8imc8r"}
{"type":"log","timestamp":1769041938379,"level":"debug","message":"Rendering engine handlebars","meta":{"rootId":"xagfw8ak3454idm","id":"xagfw8ak3454idm"},"id":"5trzxc7xhnoxgry","previousOperationId":"7toxkvt0b0p3m9x"}
{"type":"operationEnd","operationId":"7toxkvt0b0p3m9x","timestamp":1769041938397,"id":"jo8bozv1b7wrdbu","previousEventId":"bjkmlem8zf1pf2e","previousOperationId":"7toxkvt0b0p3m9x"}
{"type":"operationStart","subtype":"recipe","name":"chrome-pdf","timestamp":1769041938397,"id":"uxqr03tmzp7cpyv","previousEventId":"jo8bozv1b7wrdbu","operationId":"jwwq1r7ej7915kt","previousOperationId":"7toxkvt0b0p3m9x"}
{"type":"log","timestamp":1769041938397,"level":"debug","message":"Executing recipe chrome-pdf","meta":{"rootId":"xagfw8ak3454idm","id":"xagfw8ak3454idm"},"id":"l89j9yap3ek5km6","previousOperationId":"jwwq1r7ej7915kt"}
{"type":"log","timestamp":1769041938400,"level":"debug","message":"Converting with chrome Chrome/142.0.7444.175 using chrome-pool strategy","meta":{"rootId":"xagfw8ak3454idm","id":"xagfw8ak3454idm"},"id":"u8wv24n91fv3y45","previousOperationId":"jwwq1r7ej7915kt"}
{"type":"log","timestamp":1769041938444,"level":"debug","message":"Page request: GET (document) file:///tmp/jsreport/autocleanup/1e1554b4-ec8f-4551-a364-4d52d34ac1c1-chrome-pdf.html","meta":{"rootId":"xagfw8ak3454idm","id":"xagfw8ak3454idm"},"id":"03fwo02sksmownm","previousOperationId":"jwwq1r7ej7915kt"}
{"type":"log","timestamp":1769041938453,"level":"debug","message":"Page request finished: GET (document) 200 file:///tmp/jsreport/autocleanup/1e1554b4-ec8f-4551-a364-4d52d34ac1c1-chrome-pdf.html","meta":{"rootId":"xagfw8ak3454idm","id":"xagfw8ak3454idm"},"id":"eixqa0lkxgbjdaf","previousOperationId":"jwwq1r7ej7915kt"}
{"type":"log","timestamp":1769041938488,"level":"debug","message":"Running chrome with params {\"printBackground\":true,\"timeout\":59898,\"margin\":{}}","meta":{"rootId":"xagfw8ak3454idm","id":"xagfw8ak3454idm"},"id":"u4hoaxviclxffs8","previousOperationId":"jwwq1r7ej7915kt"}
{"type":"operationEnd","operationId":"jwwq1r7ej7915kt","timestamp":1769041938541,"id":"qsclo0hygy9pdxd","previousEventId":"uxqr03tmzp7cpyv","previousOperationId":"jwwq1r7ej7915kt"}
{"type":"log","timestamp":1769041938541,"level":"debug","message":"Skipping storing report.","meta":{"rootId":"xagfw8ak3454idm","id":"xagfw8ak3454idm"},"id":"w02klxc7z7avhm9","previousOperationId":"jwwq1r7ej7915kt"}
{"type":"log","timestamp":1769041938541,"level":"info","message":"Rendering request 14 finished in 243 ms","meta":{"rootId":"xagfw8ak3454idm","id":"xagfw8ak3454idm"},"id":"67ki9a5l7i2r8aq","previousOperationId":"jwwq1r7ej7915kt"}
{"type":"operationEnd","subtype":"render","operationId":"dxpx5kw0a8imc8r","timestamp":1769041938541,"id":"tmx81ht0x7tl18f","previousEventId":"qsclo0hygy9pdxd","previousOperationId":"jwwq1r7ej7915kt"}
{"type":"operationEnd","doDiffs":false,"previousEventId":"l06tqsyxi7pgi6x","previousOperationId":"8kt5hfrbft03hd8","operationId":"8kt5hfrbft03hd8","timestamp":1769041938544,"id":"rjwv9ebeb1i7k40"}
