{"type":"operationStart","subtype":"profile","data":{"_id":"94OD8Bso0ErcuN5L","timestamp":"2026-01-22T00:24:24.827Z","state":"queued","mode":"standard","creationDate":"2026-01-22T00:24:24.829Z","modificationDate":"2026-01-22T00:24:24.829Z","shortid":"RgM7z-n","$entitySet":"profiles"},"doDiffs":false,"timestamp":1769041464828,"id":"8eeon9ci2odg4ia","previousOperationId":null,"operationId":"9qxqearcngo228k"}
{"type":"log","level":"info","message":"Render request 9 queued for execution and waiting for available worker","previousOperationId":"9qxqearcngo228k","timestamp":1769041464828,"id":"8s9okew70hx4zz5"}
{"type":"operationStart","subtype":"render","name":"journal-entry-v2","previousOperationId":"9qxqearcngo228k","timestamp":1769041464918,"id":"sf984sclfwcw25q","previousEventId":"8eeon9ci2odg4ia","operationId":"jd7a7f9wtgtfyhp"}
{"type":"log","timestamp":1769041464920,"level":"info","message":"Starting rendering request 9","meta":{"rootId":"y2r434g2u3vice5","id":"y2r434g2u3vice5"},"id":"bhhzt1zmtdxlud9","previousOperationId":"jd7a7f9wtgtfyhp"}
{"type":"log","timestamp":1769041464921,"level":"info","message":"Rendering template { name: journal-entry-v2, recipe: chrome-pdf, engine: handlebars, preview: true }","meta":{"rootId":"y2r434g2u3vice5","id":"y2r434g2u3vice5"},"id":"f0y6w2z1etchmpe","previousOperationId":"jd7a7f9wtgtfyhp"}
{"type":"log","timestamp":1769041464925,"level":"debug","message":"Inline data specified.","meta":{"rootId":"y2r434g2u3vice5","id":"y2r434g2u3vice5"},"id":"9mvafs5c39xjcsy","previousOperationId":"jd7a7f9wtgtfyhp"}
{"type":"log","timestamp":1769041464936,"level":"debug","message":"Base url not specified, skipping its injection.","meta":{"rootId":"y2r434g2u3vice5","id":"y2r434g2u3vice5"},"id":"2cugybwzy5wsjce","previousOperationId":"jd7a7f9wtgtfyhp"}
{"type":"operationStart","subtype":"engine","name":"handlebars","timestamp":1769041464938,"id":"llxrbd6c5a60hnu","previousEventId":"sf984sclfwcw25q","operationId":"7cmdn8vxn6bkkum","previousOperationId":"jd7a7f9wtgtfyhp"}
{"type":"log","timestamp":1769041464938,"level":"debug","message":"Rendering engine handlebars","meta":{"rootId":"y2r434g2u3vice5","id":"y2r434g2u3vice5"},"id":"yzsbkb12c7kw58a","previousOperationId":"7cmdn8vxn6bkkum"}
{"type":"operationEnd","operationId":"7cmdn8vxn6bkkum","timestamp":1769041465023,"id":"n4va4ujf11qx4zr","previousEventId":"llxrbd6c5a60hnu","previousOperationId":"7cmdn8vxn6bkkum"}
{"type":"operationStart","subtype":"recipe","name":"chrome-pdf","timestamp":1769041465024,"id":"9sfjuxzixano90q","previousEventId":"n4va4ujf11qx4zr","operationId":"dsc8f8iqnmcf5om","previousOperationId":"7cmdn8vxn6bkkum"}
{"type":"log","timestamp":1769041465024,"level":"debug","message":"Executing recipe chrome-pdf","meta":{"rootId":"y2r434g2u3vice5","id":"y2r434g2u3vice5"},"id":"z8bib14hqv1ghpf","previousOperationId":"dsc8f8iqnmcf5om"}
{"type":"log","timestamp":1769041465035,"level":"debug","message":"Converting with chrome Chrome/142.0.7444.175 using chrome-pool strategy","meta":{"rootId":"y2r434g2u3vice5","id":"y2r434g2u3vice5"},"id":"p7lxq7rak02lcty","previousOperationId":"dsc8f8iqnmcf5om"}
{"type":"log","timestamp":1769041465116,"level":"debug","message":"Page request: GET (document) file:///tmp/jsreport/autocleanup/cd46a11d-5ded-4112-b31a-2320ed14b44c-chrome-pdf.html","meta":{"rootId":"y2r434g2u3vice5","id":"y2r434g2u3vice5"},"id":"0e1fow8w5lrkoax","previousOperationId":"dsc8f8iqnmcf5om"}
{"type":"log","timestamp":1769041465130,"level":"debug","message":"Page request finished: GET (document) 200 file:///tmp/jsreport/autocleanup/cd46a11d-5ded-4112-b31a-2320ed14b44c-chrome-pdf.html","meta":{"rootId":"y2r434g2u3vice5","id":"y2r434g2u3vice5"},"id":"ptmvqp8vehgnver","previousOperationId":"dsc8f8iqnmcf5om"}
{"type":"log","timestamp":1769041465165,"level":"debug","message":"Running chrome with params {\"printBackground\":true,\"timeout\":59798,\"margin\":{}}","meta":{"rootId":"y2r434g2u3vice5","id":"y2r434g2u3vice5"},"id":"advrk0ntw2syh61","previousOperationId":"dsc8f8iqnmcf5om"}
{"type":"operationEnd","operationId":"dsc8f8iqnmcf5om","timestamp":1769041465227,"id":"eg2ik5oryxl8lej","previousEventId":"9sfjuxzixano90q","previousOperationId":"dsc8f8iqnmcf5om"}
{"type":"log","timestamp":1769041465227,"level":"debug","message":"Skipping storing report.","meta":{"rootId":"y2r434g2u3vice5","id":"y2r434g2u3vice5"},"id":"0ahmkyx6yslsgyz","previousOperationId":"dsc8f8iqnmcf5om"}
{"type":"log","timestamp":1769041465227,"level":"info","message":"Rendering request 9 finished in 401 ms","meta":{"rootId":"y2r434g2u3vice5","id":"y2r434g2u3vice5"},"id":"ahi3v3ysljha2w9","previousOperationId":"dsc8f8iqnmcf5om"}
{"type":"operationEnd","subtype":"render","operationId":"jd7a7f9wtgtfyhp","timestamp":1769041465227,"id":"pvws3lyek6lsu1u","previousEventId":"eg2ik5oryxl8lej","previousOperationId":"dsc8f8iqnmcf5om"}
{"type":"operationEnd","doDiffs":false,"previousEventId":"8eeon9ci2odg4ia","previousOperationId":"9qxqearcngo228k","operationId":"9qxqearcngo228k","timestamp":1769041465229,"id":"5hi793pvrb9ktuw"}
