{"type":"operationStart","subtype":"profile","data":{"_id":"40hwxqV66IvjitaL","timestamp":"2026-01-21T03:27:56.351Z","state":"queued","mode":"standard","creationDate":"2026-01-21T03:27:56.385Z","modificationDate":"2026-01-21T03:27:56.385Z","shortid":"-SIgDzW","$entitySet":"profiles"},"doDiffs":false,"timestamp":1768966076359,"id":"peystd1mpygpxyi","previousOperationId":null,"operationId":"thbc7qahxoxy389"}
{"type":"log","level":"info","message":"Render request 20 queued for execution and waiting for available worker","previousOperationId":"thbc7qahxoxy389","timestamp":1768966076367,"id":"8ncjxioyj7kmv9u"}
{"type":"operationStart","subtype":"render","name":"journal-entry-v2","previousOperationId":"thbc7qahxoxy389","timestamp":1768966076516,"id":"p2m40t2s1pp8sm6","previousEventId":"peystd1mpygpxyi","operationId":"nkfi9c36ajm1na0"}
{"type":"log","timestamp":1768966076522,"level":"info","message":"Starting rendering request 20","meta":{"rootId":"z8bn4x3krvgc4fb","id":"z8bn4x3krvgc4fb"},"id":"z2dqamby36anr38","previousOperationId":"nkfi9c36ajm1na0"}
{"type":"log","timestamp":1768966076529,"level":"info","message":"Rendering template { name: journal-entry-v2, recipe: chrome-pdf, engine: handlebars, preview: true }","meta":{"rootId":"z8bn4x3krvgc4fb","id":"z8bn4x3krvgc4fb"},"id":"gkm130itud8qyu6","previousOperationId":"nkfi9c36ajm1na0"}
{"type":"log","timestamp":1768966076543,"level":"debug","message":"Adding sample data VJOFIK6X3","meta":{"rootId":"z8bn4x3krvgc4fb","id":"z8bn4x3krvgc4fb"},"id":"w8scbqbi2k67lte","previousOperationId":"nkfi9c36ajm1na0"}
{"type":"log","timestamp":1768966076557,"level":"debug","message":"Base url not specified, skipping its injection.","meta":{"rootId":"z8bn4x3krvgc4fb","id":"z8bn4x3krvgc4fb"},"id":"m3bky82dp6js1fa","previousOperationId":"nkfi9c36ajm1na0"}
{"type":"operationStart","subtype":"engine","name":"handlebars","timestamp":1768966076571,"id":"r9vn9mqjqvtcaz7","previousEventId":"p2m40t2s1pp8sm6","operationId":"51hg4jho1qezsyu","previousOperationId":"nkfi9c36ajm1na0"}
{"type":"log","timestamp":1768966076571,"level":"debug","message":"Rendering engine handlebars","meta":{"rootId":"z8bn4x3krvgc4fb","id":"z8bn4x3krvgc4fb"},"id":"0wecukd7jvaoy4d","previousOperationId":"51hg4jho1qezsyu"}
{"type":"operationEnd","operationId":"51hg4jho1qezsyu","timestamp":1768966076729,"id":"itdhhzzz3dawqvm","previousEventId":"r9vn9mqjqvtcaz7","previousOperationId":"51hg4jho1qezsyu"}
{"type":"operationStart","subtype":"recipe","name":"chrome-pdf","timestamp":1768966076731,"id":"t0pnkckdbmfbcg7","previousEventId":"itdhhzzz3dawqvm","operationId":"15vbwzqhi0fol1b","previousOperationId":"51hg4jho1qezsyu"}
{"type":"log","timestamp":1768966076731,"level":"debug","message":"Executing recipe chrome-pdf","meta":{"rootId":"z8bn4x3krvgc4fb","id":"z8bn4x3krvgc4fb"},"id":"opnnid8brwjojlm","previousOperationId":"15vbwzqhi0fol1b"}
{"type":"log","timestamp":1768966076799,"level":"debug","message":"Converting with chrome Chrome/142.0.7444.175 using chrome-pool strategy","meta":{"rootId":"z8bn4x3krvgc4fb","id":"z8bn4x3krvgc4fb"},"id":"lgrkr8y2l5i0rgy","previousOperationId":"15vbwzqhi0fol1b"}
{"type":"log","timestamp":1768966077316,"level":"debug","message":"Page request: GET (document) file:///tmp/jsreport/autocleanup/fa02678e-1165-4829-821b-13951d311bf2-chrome-pdf.html","meta":{"rootId":"z8bn4x3krvgc4fb","id":"z8bn4x3krvgc4fb"},"id":"khb4y3v5ohkl41a","previousOperationId":"15vbwzqhi0fol1b"}
{"type":"log","timestamp":1768966077360,"level":"debug","message":"Page request finished: GET (document) 200 file:///tmp/jsreport/autocleanup/fa02678e-1165-4829-821b-13951d311bf2-chrome-pdf.html","meta":{"rootId":"z8bn4x3krvgc4fb","id":"z8bn4x3krvgc4fb"},"id":"dk1dq66ew2ppk4v","previousOperationId":"15vbwzqhi0fol1b"}
{"type":"log","timestamp":1768966077364,"level":"warn","message":"Page request failed: GET (stylesheet) file:///tmp/jsreport/autocleanup/styles.css, failure: net::ERR_ACCESS_DENIED","meta":{"rootId":"z8bn4x3krvgc4fb","id":"z8bn4x3krvgc4fb"},"id":"n30tmsw01sr4hbg","previousOperationId":"15vbwzqhi0fol1b"}
{"type":"log","timestamp":1768966077365,"level":"debug","message":"(console:error) Failed to load resource: net::ERR_ACCESS_DENIED","meta":{"userLevel":true,"rootId":"z8bn4x3krvgc4fb","id":"z8bn4x3krvgc4fb"},"id":"jfw1yc8db0wtno6","previousOperationId":"15vbwzqhi0fol1b"}
{"type":"log","timestamp":1768966077406,"level":"debug","message":"Running chrome with params {\"printBackground\":true,\"timeout\":59587,\"margin\":{}}","meta":{"rootId":"z8bn4x3krvgc4fb","id":"z8bn4x3krvgc4fb"},"id":"ob9n9rrpv1kszcx","previousOperationId":"15vbwzqhi0fol1b"}
{"type":"operationEnd","operationId":"15vbwzqhi0fol1b","timestamp":1768966077536,"id":"h588wlqklcld47e","previousEventId":"t0pnkckdbmfbcg7","previousOperationId":"15vbwzqhi0fol1b"}
{"type":"log","timestamp":1768966077537,"level":"debug","message":"Skipping storing report.","meta":{"rootId":"z8bn4x3krvgc4fb","id":"z8bn4x3krvgc4fb"},"id":"7g3gk7d4hhjafj9","previousOperationId":"15vbwzqhi0fol1b"}
{"type":"log","timestamp":1768966077537,"level":"info","message":"Rendering request 20 finished in 1200 ms","meta":{"rootId":"z8bn4x3krvgc4fb","id":"z8bn4x3krvgc4fb"},"id":"mnvbqq4tw4k1w79","previousOperationId":"15vbwzqhi0fol1b"}
{"type":"operationEnd","subtype":"render","operationId":"nkfi9c36ajm1na0","timestamp":1768966077537,"id":"hsp2cq889bl4zwd","previousEventId":"h588wlqklcld47e","previousOperationId":"15vbwzqhi0fol1b"}
{"type":"operationEnd","doDiffs":false,"previousEventId":"peystd1mpygpxyi","previousOperationId":"thbc7qahxoxy389","operationId":"thbc7qahxoxy389","timestamp":1768966077577,"id":"q2rugs350wlq1yc"}
