{"type":"operationStart","subtype":"profile","data":{"_id":"108lD9eISb3Sg1hR","timestamp":"2026-01-23T03:51:36.194Z","state":"queued","mode":"standard","creationDate":"2026-01-23T03:51:36.198Z","modificationDate":"2026-01-23T03:51:36.198Z","shortid":"s2-FtSE","$entitySet":"profiles"},"doDiffs":false,"timestamp":1769140296197,"id":"pjuzm7fsmyuexny","previousOperationId":null,"operationId":"rwz1sbp4w6woxfi"}
{"type":"log","level":"info","message":"Render request 38 queued for execution and waiting for available worker","previousOperationId":"rwz1sbp4w6woxfi","timestamp":1769140296198,"id":"rf4g245imsi2lwh"}
{"type":"operationStart","subtype":"render","name":"general-ledger-v1","previousOperationId":"rwz1sbp4w6woxfi","timestamp":1769140296276,"id":"3o9yn2fpnrgh5bt","previousEventId":"pjuzm7fsmyuexny","operationId":"35kigf4k6p11iw8"}
{"type":"log","timestamp":1769140296282,"level":"info","message":"Starting rendering request 38","meta":{"rootId":"04ivjhx335jtg09","id":"04ivjhx335jtg09"},"id":"wrbsytbnncywmj8","previousOperationId":"35kigf4k6p11iw8"}
{"type":"log","timestamp":1769140296290,"level":"info","message":"Rendering template { name: general-ledger-v1, recipe: chrome-pdf, engine: handlebars, preview: true }","meta":{"rootId":"04ivjhx335jtg09","id":"04ivjhx335jtg09"},"id":"m6aeaz2dqlp243v","previousOperationId":"35kigf4k6p11iw8"}
{"type":"log","timestamp":1769140296299,"level":"debug","message":"Adding sample data NnLcfKElA","meta":{"rootId":"04ivjhx335jtg09","id":"04ivjhx335jtg09"},"id":"3jlxhhf5kc5i7rz","previousOperationId":"35kigf4k6p11iw8"}
{"type":"log","timestamp":1769140296313,"level":"debug","message":"Base url not specified, skipping its injection.","meta":{"rootId":"04ivjhx335jtg09","id":"04ivjhx335jtg09"},"id":"lgpawhxgouu8z2e","previousOperationId":"35kigf4k6p11iw8"}
{"type":"operationStart","subtype":"engine","name":"handlebars","timestamp":1769140296323,"id":"z320133itbq8lnd","previousEventId":"3o9yn2fpnrgh5bt","operationId":"3u2xr7fqj6pixjw","previousOperationId":"35kigf4k6p11iw8"}
{"type":"log","timestamp":1769140296324,"level":"debug","message":"Rendering engine handlebars","meta":{"rootId":"04ivjhx335jtg09","id":"04ivjhx335jtg09"},"id":"wkrfdkdx1mrwx26","previousOperationId":"3u2xr7fqj6pixjw"}
{"type":"operationEnd","operationId":"3u2xr7fqj6pixjw","timestamp":1769140296543,"id":"m0ijazu142n3g0p","previousEventId":"z320133itbq8lnd","previousOperationId":"3u2xr7fqj6pixjw"}
{"type":"operationStart","subtype":"recipe","name":"chrome-pdf","timestamp":1769140296547,"id":"jjum3va7nh3zz6v","previousEventId":"m0ijazu142n3g0p","operationId":"yovkcxeoimcvb5k","previousOperationId":"3u2xr7fqj6pixjw"}
{"type":"log","timestamp":1769140296547,"level":"debug","message":"Executing recipe chrome-pdf","meta":{"rootId":"04ivjhx335jtg09","id":"04ivjhx335jtg09"},"id":"jj0t9ik87v77u25","previousOperationId":"yovkcxeoimcvb5k"}
{"type":"log","timestamp":1769140296589,"level":"debug","message":"Converting with chrome Chrome/142.0.7444.175 using chrome-pool strategy","meta":{"rootId":"04ivjhx335jtg09","id":"04ivjhx335jtg09"},"id":"dxyhlmo2mtiqaeg","previousOperationId":"yovkcxeoimcvb5k"}
{"type":"log","timestamp":1769140296793,"level":"debug","message":"Page request: GET (document) file:///tmp/jsreport/autocleanup/7ceec86b-72c5-4501-9a7f-ac4fd6e2b8ae-chrome-pdf.html","meta":{"rootId":"04ivjhx335jtg09","id":"04ivjhx335jtg09"},"id":"5ifyr6231vhaddp","previousOperationId":"yovkcxeoimcvb5k"}
{"type":"log","timestamp":1769140296811,"level":"debug","message":"Page request finished: GET (document) 200 file:///tmp/jsreport/autocleanup/7ceec86b-72c5-4501-9a7f-ac4fd6e2b8ae-chrome-pdf.html","meta":{"rootId":"04ivjhx335jtg09","id":"04ivjhx335jtg09"},"id":"eyxnmmccz3ca822","previousOperationId":"yovkcxeoimcvb5k"}
{"type":"log","timestamp":1769140296812,"level":"debug","message":"Page request: GET (image) https://paciolibucket.s3.us-east-2.amazonaws.com/orgs/c64b69f6759a43a1bc0ae31961876751/companies/logos/e9767ff4-7186-447f-a397-208ea6bbfdb8_ninosfelices.png?X-Amz-Expires=600&X-Amz-Algorithm=AWS4-HMAC-SHA256&X-Amz-Credential=AKIAVYV5Z6T6UQ4ARWOC%2F20260123%2Fus-east-2%2Fs3%2Faws4_request&X-Amz-Date=20260123T034811Z&X-Amz-SignedHeaders=host&X-Amz-Signature=516e9162641a4e3fc8ca77947590a4ba54671dc24bd05184751dce542ae5b7bc","meta":{"rootId":"04ivjhx335jtg09","id":"04ivjhx335jtg09"},"id":"ms4npmpiqy7kmxi","previousOperationId":"yovkcxeoimcvb5k"}
{"type":"log","timestamp":1769140297639,"level":"debug","message":"Page request finished: GET (image) 200 https://paciolibucket.s3.us-east-2.amazonaws.com/orgs/c64b69f6759a43a1bc0ae31961876751/companies/logos/e9767ff4-7186-447f-a397-208ea6bbfdb8_ninosfelices.png?X-Amz-Expires=600&X-Amz-Algorithm=AWS4-HMAC-SHA256&X-Amz-Credential=AKIAVYV5Z6T6UQ4ARWOC%2F20260123%2Fus-east-2%2Fs3%2Faws4_request&X-Amz-Date=20260123T034811Z&X-Amz-SignedHeaders=host&X-Amz-Signature=516e9162641a4e3fc8ca77947590a4ba54671dc24bd05184751dce542ae5b7bc","meta":{"rootId":"04ivjhx335jtg09","id":"04ivjhx335jtg09"},"id":"tioec0vpy4tjcci","previousOperationId":"yovkcxeoimcvb5k"}
{"type":"log","timestamp":1769140297641,"level":"debug","message":"Running chrome with params {\"printBackground\":true,\"timeout\":59617,\"margin\":{}}","meta":{"rootId":"04ivjhx335jtg09","id":"04ivjhx335jtg09"},"id":"1feoyd32092s0vr","previousOperationId":"yovkcxeoimcvb5k"}
{"type":"operationEnd","operationId":"yovkcxeoimcvb5k","timestamp":1769140297733,"id":"mhhlo4b07revkhd","previousEventId":"jjum3va7nh3zz6v","previousOperationId":"yovkcxeoimcvb5k"}
{"type":"log","timestamp":1769140297733,"level":"debug","message":"Skipping storing report.","meta":{"rootId":"04ivjhx335jtg09","id":"04ivjhx335jtg09"},"id":"fvzmpuq9tp1jvxr","previousOperationId":"yovkcxeoimcvb5k"}
{"type":"log","timestamp":1769140297734,"level":"info","message":"Rendering request 38 finished in 1540 ms","meta":{"rootId":"04ivjhx335jtg09","id":"04ivjhx335jtg09"},"id":"sd1cx5k3n9u6jko","previousOperationId":"yovkcxeoimcvb5k"}
{"type":"operationEnd","subtype":"render","operationId":"35kigf4k6p11iw8","timestamp":1769140297734,"id":"h1pagezslpb30wk","previousEventId":"mhhlo4b07revkhd","previousOperationId":"yovkcxeoimcvb5k"}
{"type":"operationEnd","doDiffs":false,"previousEventId":"pjuzm7fsmyuexny","previousOperationId":"rwz1sbp4w6woxfi","operationId":"rwz1sbp4w6woxfi","timestamp":1769140297736,"id":"jxyf3u36cv8dem5"}
