{"type":"operationStart","subtype":"profile","data":{"_id":"jWD72NZ3Ze2mHUrc","timestamp":"2026-02-03T00:56:21.062Z","state":"queued","mode":"standard","creationDate":"2026-02-03T00:56:21.070Z","modificationDate":"2026-02-03T00:56:21.070Z","shortid":"Ziq6DXw","$entitySet":"profiles"},"doDiffs":false,"timestamp":1770080181065,"id":"v34wiljiwu8h8qe","previousOperationId":null,"operationId":"nkuk91jb0hp136w"}
{"type":"log","level":"info","message":"Render request 1 queued for execution and waiting for available worker","previousOperationId":"nkuk91jb0hp136w","timestamp":1770080181067,"id":"avu06zynybhfoae"}
{"type":"operationStart","subtype":"render","name":"general-ledger-v1","previousOperationId":"nkuk91jb0hp136w","timestamp":1770080181175,"id":"uo8twljuy035r4g","previousEventId":"v34wiljiwu8h8qe","operationId":"93rhjpmomz3c14d"}
{"type":"log","timestamp":1770080181180,"level":"info","message":"Starting rendering request 1","meta":{"rootId":"1wmmv7h7tuemyzt","id":"1wmmv7h7tuemyzt"},"id":"8oqpamttd03gjy3","previousOperationId":"93rhjpmomz3c14d"}
{"type":"log","timestamp":1770080181185,"level":"info","message":"Rendering template { name: general-ledger-v1, recipe: chrome-pdf, engine: handlebars, preview: true }","meta":{"rootId":"1wmmv7h7tuemyzt","id":"1wmmv7h7tuemyzt"},"id":"v0a6fqtaps4bwby","previousOperationId":"93rhjpmomz3c14d"}
{"type":"log","timestamp":1770080181197,"level":"debug","message":"Adding sample data NnLcfKElA","meta":{"rootId":"1wmmv7h7tuemyzt","id":"1wmmv7h7tuemyzt"},"id":"ijl8qyer4h4y1uy","previousOperationId":"93rhjpmomz3c14d"}
{"type":"log","timestamp":1770080181211,"level":"debug","message":"Base url not specified, skipping its injection.","meta":{"rootId":"1wmmv7h7tuemyzt","id":"1wmmv7h7tuemyzt"},"id":"0rifk3cr5hm605t","previousOperationId":"93rhjpmomz3c14d"}
{"type":"operationStart","subtype":"engine","name":"handlebars","timestamp":1770080181218,"id":"hmk3ymsbg3bcsw2","previousEventId":"uo8twljuy035r4g","operationId":"7urjvm10mzlsni9","previousOperationId":"93rhjpmomz3c14d"}
{"type":"log","timestamp":1770080181218,"level":"debug","message":"Rendering engine handlebars","meta":{"rootId":"1wmmv7h7tuemyzt","id":"1wmmv7h7tuemyzt"},"id":"or3o0el5868i6nx","previousOperationId":"7urjvm10mzlsni9"}
{"type":"operationEnd","operationId":"7urjvm10mzlsni9","timestamp":1770080182193,"id":"3budirf1bkpqnik","previousEventId":"hmk3ymsbg3bcsw2","previousOperationId":"7urjvm10mzlsni9"}
{"type":"operationStart","subtype":"recipe","name":"chrome-pdf","timestamp":1770080182194,"id":"8zy6988ejpi4x81","previousEventId":"3budirf1bkpqnik","operationId":"8c7c9aw4aocbq8k","previousOperationId":"7urjvm10mzlsni9"}
{"type":"log","timestamp":1770080182194,"level":"debug","message":"Executing recipe chrome-pdf","meta":{"rootId":"1wmmv7h7tuemyzt","id":"1wmmv7h7tuemyzt"},"id":"5y3ia35t45h2lvn","previousOperationId":"8c7c9aw4aocbq8k"}
{"type":"log","timestamp":1770080183374,"level":"debug","message":"Converting with chrome Chrome/142.0.7444.175 using chrome-pool strategy","meta":{"rootId":"1wmmv7h7tuemyzt","id":"1wmmv7h7tuemyzt"},"id":"654k62v1nsc84o2","previousOperationId":"8c7c9aw4aocbq8k"}
{"type":"log","timestamp":1770080183469,"level":"debug","message":"Page request: GET (document) file:///tmp/jsreport/autocleanup/2b72265e-5052-4391-99a0-b1af5259e89f-chrome-pdf.html","meta":{"rootId":"1wmmv7h7tuemyzt","id":"1wmmv7h7tuemyzt"},"id":"2hr2wybrsffspwy","previousOperationId":"8c7c9aw4aocbq8k"}
{"type":"log","timestamp":1770080183485,"level":"debug","message":"Page request: GET (image) https://paciolibucket.s3.us-east-2.amazonaws.com/orgs/c64b69f6759a43a1bc0ae31961876751/companies/logos/e9767ff4-7186-447f-a397-208ea6bbfdb8_ninosfelices.png?X-Amz-Expires=600&X-Amz-Algorithm=AWS4-HMAC-SHA256&X-Amz-Credential=AKIAVYV5Z6T6UQ4ARWOC%2F20260123%2Fus-east-2%2Fs3%2Faws4_request&X-Amz-Date=20260123T040554Z&X-Amz-SignedHeaders=host&X-Amz-Signature=747c15527b5085b1be2ddd3c10637621ec12ad2e785b0bc43d8c81665def75d9","meta":{"rootId":"1wmmv7h7tuemyzt","id":"1wmmv7h7tuemyzt"},"id":"5ticmsue65yly8j","previousOperationId":"8c7c9aw4aocbq8k"}
{"type":"log","timestamp":1770080183486,"level":"debug","message":"Page request finished: GET (document) 200 file:///tmp/jsreport/autocleanup/2b72265e-5052-4391-99a0-b1af5259e89f-chrome-pdf.html","meta":{"rootId":"1wmmv7h7tuemyzt","id":"1wmmv7h7tuemyzt"},"id":"j2azfcbs1aj1cl8","previousOperationId":"8c7c9aw4aocbq8k"}
{"type":"log","timestamp":1770080183852,"level":"warn","message":"Page request failed: GET (image) https://paciolibucket.s3.us-east-2.amazonaws.com/orgs/c64b69f6759a43a1bc0ae31961876751/companies/logos/e9767ff4-7186-447f-a397-208ea6bbfdb8_ninosfelices.png?X-Amz-Expires=600&X-Amz-Algorithm=AWS4-HMAC-SHA256&X-Amz-Credential=AKIAVYV5Z6T6UQ4ARWOC%2F20260123%2Fus-east-2%2Fs3%2Faws4_request&X-Amz-Date=20260123T040554Z&X-Amz-SignedHeaders=host&X-Amz-Signature=747c15527b5085b1be2ddd3c10637621ec12ad2e785b0bc43d8c81665def75d9, failure: net::ERR_BLOCKED_BY_ORB","meta":{"rootId":"1wmmv7h7tuemyzt","id":"1wmmv7h7tuemyzt"},"id":"rqgqc2876j0cmok","previousOperationId":"8c7c9aw4aocbq8k"}
{"type":"log","timestamp":1770080183860,"level":"debug","message":"Running chrome with params {\"printBackground\":true,\"timeout\":58855,\"margin\":{}}","meta":{"rootId":"1wmmv7h7tuemyzt","id":"1wmmv7h7tuemyzt"},"id":"04s39hucrr1sn5d","previousOperationId":"8c7c9aw4aocbq8k"}
{"type":"operationEnd","operationId":"8c7c9aw4aocbq8k","timestamp":1770080183965,"id":"40sqwry1xm326dd","previousEventId":"8zy6988ejpi4x81","previousOperationId":"8c7c9aw4aocbq8k"}
{"type":"log","timestamp":1770080183966,"level":"debug","message":"Skipping storing report.","meta":{"rootId":"1wmmv7h7tuemyzt","id":"1wmmv7h7tuemyzt"},"id":"6ekmv9dt113qu8a","previousOperationId":"8c7c9aw4aocbq8k"}
{"type":"log","timestamp":1770080183966,"level":"info","message":"Rendering request 1 finished in 2906 ms","meta":{"rootId":"1wmmv7h7tuemyzt","id":"1wmmv7h7tuemyzt"},"id":"cshg26f5zrjmagv","previousOperationId":"8c7c9aw4aocbq8k"}
{"type":"operationEnd","subtype":"render","operationId":"93rhjpmomz3c14d","timestamp":1770080183966,"id":"vm1hvesllkn4bl0","previousEventId":"40sqwry1xm326dd","previousOperationId":"8c7c9aw4aocbq8k"}
{"type":"operationEnd","doDiffs":false,"previousEventId":"v34wiljiwu8h8qe","previousOperationId":"nkuk91jb0hp136w","operationId":"nkuk91jb0hp136w","timestamp":1770080183972,"id":"npai3e789hbgmvt"}
