{"type":"operationStart","subtype":"profile","data":{"_id":"URiVQMkosOXZVPaC","timestamp":"2026-02-18T01:07:52.236Z","state":"queued","mode":"standard","creationDate":"2026-02-18T01:07:52.237Z","modificationDate":"2026-02-18T01:07:52.237Z","shortid":"YImfh4M","$entitySet":"profiles"},"doDiffs":false,"timestamp":1771376872237,"id":"66wqmvb43m5rrti","previousOperationId":null,"operationId":"i03eclgz3qfei71"}
{"type":"log","level":"info","message":"Render request 4 queued for execution and waiting for available worker","previousOperationId":"i03eclgz3qfei71","timestamp":1771376872237,"id":"jb15p5dhdgvw1mw"}
{"type":"operationStart","subtype":"render","name":"general-ledger-v1","previousOperationId":"i03eclgz3qfei71","timestamp":1771376872313,"id":"tqhvjosu6qtfhw2","previousEventId":"66wqmvb43m5rrti","operationId":"8apwmitqus58r7b"}
{"type":"log","timestamp":1771376872313,"level":"info","message":"Starting rendering request 4","meta":{"rootId":"25w2euga24yoze2","id":"25w2euga24yoze2"},"id":"m3kkwq7gjy8gduz","previousOperationId":"8apwmitqus58r7b"}
{"type":"log","timestamp":1771376872313,"level":"info","message":"Rendering template { name: general-ledger-v1, recipe: chrome-pdf, engine: handlebars, preview: true }","meta":{"rootId":"25w2euga24yoze2","id":"25w2euga24yoze2"},"id":"jroonx7gd7kq5iz","previousOperationId":"8apwmitqus58r7b"}
{"type":"log","timestamp":1771376872315,"level":"debug","message":"Inline data specified.","meta":{"rootId":"25w2euga24yoze2","id":"25w2euga24yoze2"},"id":"iiu6hodtx5xln6l","previousOperationId":"8apwmitqus58r7b"}
{"type":"log","timestamp":1771376872317,"level":"debug","message":"Base url not specified, skipping its injection.","meta":{"rootId":"25w2euga24yoze2","id":"25w2euga24yoze2"},"id":"mdixd2je50g28yb","previousOperationId":"8apwmitqus58r7b"}
{"type":"operationStart","subtype":"engine","name":"handlebars","timestamp":1771376872317,"id":"ylc9vwc0n0wa4bn","previousEventId":"tqhvjosu6qtfhw2","operationId":"v81rx581xalw944","previousOperationId":"8apwmitqus58r7b"}
{"type":"log","timestamp":1771376872317,"level":"debug","message":"Rendering engine handlebars","meta":{"rootId":"25w2euga24yoze2","id":"25w2euga24yoze2"},"id":"fdnzzv763v1pgqj","previousOperationId":"v81rx581xalw944"}
{"type":"operationEnd","operationId":"v81rx581xalw944","timestamp":1771376872331,"id":"43d6rac5l2ymudt","previousEventId":"ylc9vwc0n0wa4bn","previousOperationId":"v81rx581xalw944"}
{"type":"operationStart","subtype":"recipe","name":"chrome-pdf","timestamp":1771376872331,"id":"5vlhalgdlcsy791","previousEventId":"43d6rac5l2ymudt","operationId":"yjnv8j8xlen9u6m","previousOperationId":"v81rx581xalw944"}
{"type":"log","timestamp":1771376872331,"level":"debug","message":"Executing recipe chrome-pdf","meta":{"rootId":"25w2euga24yoze2","id":"25w2euga24yoze2"},"id":"nehpnmtetpqfh14","previousOperationId":"yjnv8j8xlen9u6m"}
{"type":"log","timestamp":1771376872333,"level":"debug","message":"Converting with chrome Chrome/142.0.7444.175 using chrome-pool strategy","meta":{"rootId":"25w2euga24yoze2","id":"25w2euga24yoze2"},"id":"emd36hlp0rrp86l","previousOperationId":"yjnv8j8xlen9u6m"}
{"type":"log","timestamp":1771376872386,"level":"debug","message":"Page request: GET (document) file:///tmp/jsreport/autocleanup/2343650a-1b95-43b6-8ec0-5e96c0d30646-chrome-pdf.html","meta":{"rootId":"25w2euga24yoze2","id":"25w2euga24yoze2"},"id":"sjkduv3mrfmqok9","previousOperationId":"yjnv8j8xlen9u6m"}
{"type":"log","timestamp":1771376872395,"level":"debug","message":"Page request finished: GET (document) 200 file:///tmp/jsreport/autocleanup/2343650a-1b95-43b6-8ec0-5e96c0d30646-chrome-pdf.html","meta":{"rootId":"25w2euga24yoze2","id":"25w2euga24yoze2"},"id":"wecrc0f7bbci3zo","previousOperationId":"yjnv8j8xlen9u6m"}
{"type":"log","timestamp":1771376872398,"level":"debug","message":"Page request: GET (image) https://paciolibucket.s3.us-east-2.amazonaws.com/orgs/c64b69f6759a43a1bc0ae31961876751/companies/logos/e9767ff4-7186-447f-a397-208ea6bbfdb8_ninosfelices.png?X-Amz-Expires=600&X-Amz-Algorithm=AWS4-HMAC-SHA256&X-Amz-Credential=AKIAVYV5Z6T6UQ4ARWOC%2F20260123%2Fus-east-2%2Fs3%2Faws4_request&X-Amz-Date=20260123T040554Z&X-Amz-SignedHeaders=host&X-Amz-Signature=747c15527b5085b1be2ddd3c10637621ec12ad2e785b0bc43d8c81665def75d9","meta":{"rootId":"25w2euga24yoze2","id":"25w2euga24yoze2"},"id":"a38pbr83a02c9am","previousOperationId":"yjnv8j8xlen9u6m"}
{"type":"log","timestamp":1771376872693,"level":"warn","message":"Page request failed: GET (image) https://paciolibucket.s3.us-east-2.amazonaws.com/orgs/c64b69f6759a43a1bc0ae31961876751/companies/logos/e9767ff4-7186-447f-a397-208ea6bbfdb8_ninosfelices.png?X-Amz-Expires=600&X-Amz-Algorithm=AWS4-HMAC-SHA256&X-Amz-Credential=AKIAVYV5Z6T6UQ4ARWOC%2F20260123%2Fus-east-2%2Fs3%2Faws4_request&X-Amz-Date=20260123T040554Z&X-Amz-SignedHeaders=host&X-Amz-Signature=747c15527b5085b1be2ddd3c10637621ec12ad2e785b0bc43d8c81665def75d9, failure: net::ERR_BLOCKED_BY_ORB","meta":{"rootId":"25w2euga24yoze2","id":"25w2euga24yoze2"},"id":"p4wf4chmmwajpbm","previousOperationId":"yjnv8j8xlen9u6m"}
{"type":"log","timestamp":1771376872697,"level":"debug","message":"Running chrome with params {\"printBackground\":true,\"timeout\":59904,\"margin\":{}}","meta":{"rootId":"25w2euga24yoze2","id":"25w2euga24yoze2"},"id":"2g06qc43t4jfyah","previousOperationId":"yjnv8j8xlen9u6m"}
{"type":"operationEnd","operationId":"yjnv8j8xlen9u6m","timestamp":1771376872758,"id":"mrxp5wy876nrzrz","previousEventId":"5vlhalgdlcsy791","previousOperationId":"yjnv8j8xlen9u6m"}
{"type":"log","timestamp":1771376872758,"level":"debug","message":"Skipping storing report.","meta":{"rootId":"25w2euga24yoze2","id":"25w2euga24yoze2"},"id":"vyulnema00vlbr1","previousOperationId":"yjnv8j8xlen9u6m"}
{"type":"log","timestamp":1771376872758,"level":"info","message":"Rendering request 4 finished in 522 ms","meta":{"rootId":"25w2euga24yoze2","id":"25w2euga24yoze2"},"id":"xz04s8mf7up6vpw","previousOperationId":"yjnv8j8xlen9u6m"}
{"type":"operationEnd","subtype":"render","operationId":"8apwmitqus58r7b","timestamp":1771376872758,"id":"9h3uo9knk461fpw","previousEventId":"mrxp5wy876nrzrz","previousOperationId":"yjnv8j8xlen9u6m"}
{"type":"operationEnd","doDiffs":false,"previousEventId":"66wqmvb43m5rrti","previousOperationId":"i03eclgz3qfei71","operationId":"i03eclgz3qfei71","timestamp":1771376872760,"id":"qqnz07k4pc6d973"}
