{"type":"operationStart","subtype":"profile","data":{"_id":"vhNYsmyBz0hBqa7s","timestamp":"2026-01-23T02:19:07.334Z","state":"queued","mode":"standard","creationDate":"2026-01-23T02:19:07.367Z","modificationDate":"2026-01-23T02:19:07.367Z","shortid":"uQAfryQ","$entitySet":"profiles"},"doDiffs":false,"timestamp":1769134747340,"id":"hq48aklglrziju7","previousOperationId":null,"operationId":"glxvkrobvvma4wk"}
{"type":"log","level":"info","message":"Render request 28 queued for execution and waiting for available worker","previousOperationId":"glxvkrobvvma4wk","timestamp":1769134747347,"id":"hh5xmakzbul6lk6"}
{"type":"operationStart","subtype":"render","name":"general-ledger-v1","previousOperationId":"glxvkrobvvma4wk","timestamp":1769134747489,"id":"2ngc5tef1tqstse","previousEventId":"hq48aklglrziju7","operationId":"2991mdkf7ynfvwa"}
{"type":"log","timestamp":1769134747496,"level":"info","message":"Starting rendering request 28","meta":{"rootId":"2dfb0rxt7qgll80","id":"2dfb0rxt7qgll80"},"id":"e7bbdnox6swc9hl","previousOperationId":"2991mdkf7ynfvwa"}
{"type":"log","timestamp":1769134747503,"level":"info","message":"Rendering template { name: general-ledger-v1, recipe: chrome-pdf, engine: handlebars, preview: true }","meta":{"rootId":"2dfb0rxt7qgll80","id":"2dfb0rxt7qgll80"},"id":"mjhge4xfpo4yql3","previousOperationId":"2991mdkf7ynfvwa"}
{"type":"log","timestamp":1769134747515,"level":"debug","message":"Adding sample data NnLcfKElA","meta":{"rootId":"2dfb0rxt7qgll80","id":"2dfb0rxt7qgll80"},"id":"f7y1pf7gpgtc6bo","previousOperationId":"2991mdkf7ynfvwa"}
{"type":"log","timestamp":1769134747540,"level":"debug","message":"Base url not specified, skipping its injection.","meta":{"rootId":"2dfb0rxt7qgll80","id":"2dfb0rxt7qgll80"},"id":"64kpbmrhoj5g5jw","previousOperationId":"2991mdkf7ynfvwa"}
{"type":"operationStart","subtype":"engine","name":"handlebars","timestamp":1769134747554,"id":"0fzmrftgz2amy4k","previousEventId":"2ngc5tef1tqstse","operationId":"7ohb2cn1aogfv7f","previousOperationId":"2991mdkf7ynfvwa"}
{"type":"log","timestamp":1769134747554,"level":"debug","message":"Rendering engine handlebars","meta":{"rootId":"2dfb0rxt7qgll80","id":"2dfb0rxt7qgll80"},"id":"q4t13qxi1qyrvob","previousOperationId":"7ohb2cn1aogfv7f"}
{"type":"operationEnd","operationId":"7ohb2cn1aogfv7f","timestamp":1769134747720,"id":"k1l0v0wcsd6breg","previousEventId":"0fzmrftgz2amy4k","previousOperationId":"7ohb2cn1aogfv7f"}
{"type":"operationStart","subtype":"recipe","name":"chrome-pdf","timestamp":1769134747724,"id":"738r2vuswg0fl1a","previousEventId":"k1l0v0wcsd6breg","operationId":"tl9iygoqgyjozuq","previousOperationId":"7ohb2cn1aogfv7f"}
{"type":"log","timestamp":1769134747724,"level":"debug","message":"Executing recipe chrome-pdf","meta":{"rootId":"2dfb0rxt7qgll80","id":"2dfb0rxt7qgll80"},"id":"e65qjldse62qjcw","previousOperationId":"tl9iygoqgyjozuq"}
{"type":"log","timestamp":1769134747793,"level":"debug","message":"Converting with chrome Chrome/142.0.7444.175 using chrome-pool strategy","meta":{"rootId":"2dfb0rxt7qgll80","id":"2dfb0rxt7qgll80"},"id":"1sufl2w5wjmmh6j","previousOperationId":"tl9iygoqgyjozuq"}
{"type":"log","timestamp":1769134748551,"level":"debug","message":"Page request: GET (document) file:///tmp/jsreport/autocleanup/bc62682e-8d22-4500-8761-8a10986eb97b-chrome-pdf.html","meta":{"rootId":"2dfb0rxt7qgll80","id":"2dfb0rxt7qgll80"},"id":"g3h8umis9z0luyq","previousOperationId":"tl9iygoqgyjozuq"}
{"type":"log","timestamp":1769134748624,"level":"debug","message":"Page request finished: GET (document) 200 file:///tmp/jsreport/autocleanup/bc62682e-8d22-4500-8761-8a10986eb97b-chrome-pdf.html","meta":{"rootId":"2dfb0rxt7qgll80","id":"2dfb0rxt7qgll80"},"id":"2wry0c0f0a0w97t","previousOperationId":"tl9iygoqgyjozuq"}
{"type":"log","timestamp":1769134748627,"level":"debug","message":"Page request: GET (image) https://paciolibucket.s3.us-east-2.amazonaws.com/orgs/c64b69f6759a43a1bc0ae31961876751/companies/logos/e9767ff4-7186-447f-a397-208ea6bbfdb8_ninosfelices.png?X-Amz-Expires=600&X-Amz-Algorithm=AWS4-HMAC-SHA256&X-Amz-Credential=AKIAVYV5Z6T6UQ4ARWOC%2F20260123%2Fus-east-2%2Fs3%2Faws4_request&X-Amz-Date=20260123T021411Z&X-Amz-SignedHeaders=host&X-Amz-Signature=44b9bfc3a8a8b30d8809abd973af26164ce987276c08e15740f2c6ff7208e172","meta":{"rootId":"2dfb0rxt7qgll80","id":"2dfb0rxt7qgll80"},"id":"4gyko0dmimnvoxc","previousOperationId":"tl9iygoqgyjozuq"}
{"type":"log","timestamp":1769134749417,"level":"debug","message":"Page request finished: GET (image) 200 https://paciolibucket.s3.us-east-2.amazonaws.com/orgs/c64b69f6759a43a1bc0ae31961876751/companies/logos/e9767ff4-7186-447f-a397-208ea6bbfdb8_ninosfelices.png?X-Amz-Expires=600&X-Amz-Algorithm=AWS4-HMAC-SHA256&X-Amz-Credential=AKIAVYV5Z6T6UQ4ARWOC%2F20260123%2Fus-east-2%2Fs3%2Faws4_request&X-Amz-Date=20260123T021411Z&X-Amz-SignedHeaders=host&X-Amz-Signature=44b9bfc3a8a8b30d8809abd973af26164ce987276c08e15740f2c6ff7208e172","meta":{"rootId":"2dfb0rxt7qgll80","id":"2dfb0rxt7qgll80"},"id":"4gor39zktwjwrck","previousOperationId":"tl9iygoqgyjozuq"}
{"type":"log","timestamp":1769134749424,"level":"debug","message":"Running chrome with params {\"printBackground\":true,\"timeout\":59572,\"margin\":{}}","meta":{"rootId":"2dfb0rxt7qgll80","id":"2dfb0rxt7qgll80"},"id":"aojaoaua42anqmf","previousOperationId":"tl9iygoqgyjozuq"}
{"type":"operationEnd","operationId":"tl9iygoqgyjozuq","timestamp":1769134749688,"id":"yr1letfk3xyfpp1","previousEventId":"738r2vuswg0fl1a","previousOperationId":"tl9iygoqgyjozuq"}
{"type":"log","timestamp":1769134749690,"level":"debug","message":"Skipping storing report.","meta":{"rootId":"2dfb0rxt7qgll80","id":"2dfb0rxt7qgll80"},"id":"va7w7zgw5orznjm","previousOperationId":"tl9iygoqgyjozuq"}
{"type":"log","timestamp":1769134749690,"level":"info","message":"Rendering request 28 finished in 2373 ms","meta":{"rootId":"2dfb0rxt7qgll80","id":"2dfb0rxt7qgll80"},"id":"t077akzs37if19j","previousOperationId":"tl9iygoqgyjozuq"}
{"type":"operationEnd","subtype":"render","operationId":"2991mdkf7ynfvwa","timestamp":1769134749690,"id":"w7n6ptekuq6blz6","previousEventId":"yr1letfk3xyfpp1","previousOperationId":"tl9iygoqgyjozuq"}
{"type":"operationEnd","doDiffs":false,"previousEventId":"hq48aklglrziju7","previousOperationId":"glxvkrobvvma4wk","operationId":"glxvkrobvvma4wk","timestamp":1769134749697,"id":"tc1pkcl4z7uue5c"}
