{"type":"operationStart","subtype":"profile","data":{"_id":"VTaJq4LWrR1ljH5a","timestamp":"2026-01-23T04:06:10.068Z","state":"queued","mode":"standard","creationDate":"2026-01-23T04:06:10.084Z","modificationDate":"2026-01-23T04:06:10.084Z","shortid":"t4Go7om","$entitySet":"profiles"},"doDiffs":false,"timestamp":1769141170077,"id":"1yzv7em6kpadmp1","previousOperationId":null,"operationId":"0ejbvef5b8jzb0i"}
{"type":"log","level":"info","message":"Render request 45 queued for execution and waiting for available worker","previousOperationId":"0ejbvef5b8jzb0i","timestamp":1769141170080,"id":"eohvjx8zixwntyn"}
{"type":"operationStart","subtype":"render","name":"general-ledger-v1","previousOperationId":"0ejbvef5b8jzb0i","timestamp":1769141170180,"id":"biys1yrtv48gpsl","previousEventId":"1yzv7em6kpadmp1","operationId":"9jmty4vcilt2oo9"}
{"type":"log","timestamp":1769141170183,"level":"info","message":"Starting rendering request 45","meta":{"rootId":"3g4kqyq77te93gk","id":"3g4kqyq77te93gk"},"id":"1efovxy729xg4m7","previousOperationId":"9jmty4vcilt2oo9"}
{"type":"log","timestamp":1769141170187,"level":"info","message":"Rendering template { name: general-ledger-v1, recipe: chrome-pdf, engine: handlebars, preview: true }","meta":{"rootId":"3g4kqyq77te93gk","id":"3g4kqyq77te93gk"},"id":"xaebmbwu1tunp5f","previousOperationId":"9jmty4vcilt2oo9"}
{"type":"log","timestamp":1769141170198,"level":"debug","message":"Adding sample data NnLcfKElA","meta":{"rootId":"3g4kqyq77te93gk","id":"3g4kqyq77te93gk"},"id":"vfma2ued8ckc1yq","previousOperationId":"9jmty4vcilt2oo9"}
{"type":"log","timestamp":1769141170220,"level":"debug","message":"Base url not specified, skipping its injection.","meta":{"rootId":"3g4kqyq77te93gk","id":"3g4kqyq77te93gk"},"id":"un118eoh5ww873e","previousOperationId":"9jmty4vcilt2oo9"}
{"type":"operationStart","subtype":"engine","name":"handlebars","timestamp":1769141170228,"id":"w4n93r7v0azgxsv","previousEventId":"biys1yrtv48gpsl","operationId":"oz6i5f2a8bhafgm","previousOperationId":"9jmty4vcilt2oo9"}
{"type":"log","timestamp":1769141170228,"level":"debug","message":"Rendering engine handlebars","meta":{"rootId":"3g4kqyq77te93gk","id":"3g4kqyq77te93gk"},"id":"3v44c0gt4qam54f","previousOperationId":"oz6i5f2a8bhafgm"}
{"type":"operationEnd","operationId":"oz6i5f2a8bhafgm","timestamp":1769141170431,"id":"sdtoclw5hsawdli","previousEventId":"w4n93r7v0azgxsv","previousOperationId":"oz6i5f2a8bhafgm"}
{"type":"operationStart","subtype":"recipe","name":"chrome-pdf","timestamp":1769141170434,"id":"f03hirwt6etotug","previousEventId":"sdtoclw5hsawdli","operationId":"hhpfjahcv31t550","previousOperationId":"oz6i5f2a8bhafgm"}
{"type":"log","timestamp":1769141170434,"level":"debug","message":"Executing recipe chrome-pdf","meta":{"rootId":"3g4kqyq77te93gk","id":"3g4kqyq77te93gk"},"id":"b25n019mky0ue7f","previousOperationId":"hhpfjahcv31t550"}
{"type":"log","timestamp":1769141170470,"level":"debug","message":"Converting with chrome Chrome/142.0.7444.175 using chrome-pool strategy","meta":{"rootId":"3g4kqyq77te93gk","id":"3g4kqyq77te93gk"},"id":"gc6qy8i970ef49p","previousOperationId":"hhpfjahcv31t550"}
{"type":"log","timestamp":1769141171279,"level":"debug","message":"Page request: GET (document) file:///tmp/jsreport/autocleanup/2ca2d1f0-c5d6-49dc-b5e0-f486c148d36d-chrome-pdf.html","meta":{"rootId":"3g4kqyq77te93gk","id":"3g4kqyq77te93gk"},"id":"ggtohrzv2g9a0f8","previousOperationId":"hhpfjahcv31t550"}
{"type":"log","timestamp":1769141171462,"level":"debug","message":"Page request finished: GET (document) 200 file:///tmp/jsreport/autocleanup/2ca2d1f0-c5d6-49dc-b5e0-f486c148d36d-chrome-pdf.html","meta":{"rootId":"3g4kqyq77te93gk","id":"3g4kqyq77te93gk"},"id":"xok8f9u623sq396","previousOperationId":"hhpfjahcv31t550"}
{"type":"log","timestamp":1769141171469,"level":"debug","message":"Page request: GET (image) https://paciolibucket.s3.us-east-2.amazonaws.com/orgs/c64b69f6759a43a1bc0ae31961876751/companies/logos/e9767ff4-7186-447f-a397-208ea6bbfdb8_ninosfelices.png?X-Amz-Expires=600&X-Amz-Algorithm=AWS4-HMAC-SHA256&X-Amz-Credential=AKIAVYV5Z6T6UQ4ARWOC%2F20260123%2Fus-east-2%2Fs3%2Faws4_request&X-Amz-Date=20260123T040554Z&X-Amz-SignedHeaders=host&X-Amz-Signature=747c15527b5085b1be2ddd3c10637621ec12ad2e785b0bc43d8c81665def75d9","meta":{"rootId":"3g4kqyq77te93gk","id":"3g4kqyq77te93gk"},"id":"x0zgin8y0ufogel","previousOperationId":"hhpfjahcv31t550"}
{"type":"log","timestamp":1769141172226,"level":"debug","message":"Page request finished: GET (image) 200 https://paciolibucket.s3.us-east-2.amazonaws.com/orgs/c64b69f6759a43a1bc0ae31961876751/companies/logos/e9767ff4-7186-447f-a397-208ea6bbfdb8_ninosfelices.png?X-Amz-Expires=600&X-Amz-Algorithm=AWS4-HMAC-SHA256&X-Amz-Credential=AKIAVYV5Z6T6UQ4ARWOC%2F20260123%2Fus-east-2%2Fs3%2Faws4_request&X-Amz-Date=20260123T040554Z&X-Amz-SignedHeaders=host&X-Amz-Signature=747c15527b5085b1be2ddd3c10637621ec12ad2e785b0bc43d8c81665def75d9","meta":{"rootId":"3g4kqyq77te93gk","id":"3g4kqyq77te93gk"},"id":"y7cit8tn7yoddah","previousOperationId":"hhpfjahcv31t550"}
{"type":"log","timestamp":1769141172233,"level":"debug","message":"Running chrome with params {\"printBackground\":true,\"timeout\":59624,\"margin\":{}}","meta":{"rootId":"3g4kqyq77te93gk","id":"3g4kqyq77te93gk"},"id":"g5vggsor24h6rl6","previousOperationId":"hhpfjahcv31t550"}
{"type":"operationEnd","operationId":"hhpfjahcv31t550","timestamp":1769141172542,"id":"75i410kf70eivr3","previousEventId":"f03hirwt6etotug","previousOperationId":"hhpfjahcv31t550"}
{"type":"log","timestamp":1769141172542,"level":"debug","message":"Skipping storing report.","meta":{"rootId":"3g4kqyq77te93gk","id":"3g4kqyq77te93gk"},"id":"8rmkwddirgzuxfd","previousOperationId":"hhpfjahcv31t550"}
{"type":"log","timestamp":1769141172543,"level":"info","message":"Rendering request 45 finished in 2478 ms","meta":{"rootId":"3g4kqyq77te93gk","id":"3g4kqyq77te93gk"},"id":"it3y2qqu7qc2cjp","previousOperationId":"hhpfjahcv31t550"}
{"type":"operationEnd","subtype":"render","operationId":"9jmty4vcilt2oo9","timestamp":1769141172543,"id":"gs4wzv1q2axwnm6","previousEventId":"75i410kf70eivr3","previousOperationId":"hhpfjahcv31t550"}
{"type":"operationEnd","doDiffs":false,"previousEventId":"1yzv7em6kpadmp1","previousOperationId":"0ejbvef5b8jzb0i","operationId":"0ejbvef5b8jzb0i","timestamp":1769141172562,"id":"6rkug7x626xeql1"}
