{"type":"operationStart","subtype":"profile","data":{"_id":"bUIBgaDZFTDV8J0y","timestamp":"2026-01-23T00:50:37.081Z","state":"queued","mode":"standard","creationDate":"2026-01-23T00:50:37.083Z","modificationDate":"2026-01-23T00:50:37.083Z","shortid":"LupygU-","$entitySet":"profiles"},"doDiffs":false,"timestamp":1769129437082,"id":"4n8bmr5h90afyft","previousOperationId":null,"operationId":"f3x9vhivk1hhwk9"}
{"type":"log","level":"info","message":"Render request 11 queued for execution and waiting for available worker","previousOperationId":"f3x9vhivk1hhwk9","timestamp":1769129437083,"id":"e1hb3b2zvt7bpn1"}
{"type":"operationStart","subtype":"render","name":"general-ledger-v1","previousOperationId":"f3x9vhivk1hhwk9","timestamp":1769129437129,"id":"r23trfgzvabjdov","previousEventId":"4n8bmr5h90afyft","operationId":"czji54g4esswtkh"}
{"type":"log","timestamp":1769129437130,"level":"info","message":"Starting rendering request 11","meta":{"rootId":"3u5919046elbkv5","id":"3u5919046elbkv5"},"id":"pgueeuwpxt246bq","previousOperationId":"czji54g4esswtkh"}
{"type":"log","timestamp":1769129437131,"level":"info","message":"Rendering template { name: general-ledger-v1, recipe: chrome-pdf, engine: handlebars, preview: true }","meta":{"rootId":"3u5919046elbkv5","id":"3u5919046elbkv5"},"id":"jdk5ejyb4or8wbc","previousOperationId":"czji54g4esswtkh"}
{"type":"log","timestamp":1769129437133,"level":"debug","message":"Adding sample data NnLcfKElA","meta":{"rootId":"3u5919046elbkv5","id":"3u5919046elbkv5"},"id":"50x3z6g0ehk8evp","previousOperationId":"czji54g4esswtkh"}
{"type":"log","timestamp":1769129437140,"level":"debug","message":"Base url not specified, skipping its injection.","meta":{"rootId":"3u5919046elbkv5","id":"3u5919046elbkv5"},"id":"2qmfjk6n4ym4rjd","previousOperationId":"czji54g4esswtkh"}
{"type":"operationStart","subtype":"engine","name":"handlebars","timestamp":1769129437142,"id":"hb058hfplhvih4n","previousEventId":"r23trfgzvabjdov","operationId":"ozk5vrgvxab3io9","previousOperationId":"czji54g4esswtkh"}
{"type":"log","timestamp":1769129437144,"level":"debug","message":"Rendering engine handlebars","meta":{"rootId":"3u5919046elbkv5","id":"3u5919046elbkv5"},"id":"omc4cgfcjqisplx","previousOperationId":"ozk5vrgvxab3io9"}
{"type":"operationEnd","operationId":"ozk5vrgvxab3io9","timestamp":1769129437184,"id":"lo535tn2z4j6mhr","previousEventId":"hb058hfplhvih4n","previousOperationId":"ozk5vrgvxab3io9"}
{"type":"operationStart","subtype":"recipe","name":"chrome-pdf","timestamp":1769129437185,"id":"zr3fn48v4jw0f3n","previousEventId":"lo535tn2z4j6mhr","operationId":"s9210buue2ex1qa","previousOperationId":"ozk5vrgvxab3io9"}
{"type":"log","timestamp":1769129437185,"level":"debug","message":"Executing recipe chrome-pdf","meta":{"rootId":"3u5919046elbkv5","id":"3u5919046elbkv5"},"id":"87wxd2f8ayya1ik","previousOperationId":"s9210buue2ex1qa"}
{"type":"log","timestamp":1769129437197,"level":"debug","message":"Converting with chrome Chrome/142.0.7444.175 using chrome-pool strategy","meta":{"rootId":"3u5919046elbkv5","id":"3u5919046elbkv5"},"id":"d2k2z41l7vfo9ur","previousOperationId":"s9210buue2ex1qa"}
{"type":"log","timestamp":1769129437290,"level":"debug","message":"Page request: GET (document) file:///tmp/jsreport/autocleanup/0dcd38d5-832f-49cc-a5a5-aac700d7a030-chrome-pdf.html","meta":{"rootId":"3u5919046elbkv5","id":"3u5919046elbkv5"},"id":"56vfy5kjt1c5y0e","previousOperationId":"s9210buue2ex1qa"}
{"type":"log","timestamp":1769129437308,"level":"debug","message":"Page request finished: GET (document) 200 file:///tmp/jsreport/autocleanup/0dcd38d5-832f-49cc-a5a5-aac700d7a030-chrome-pdf.html","meta":{"rootId":"3u5919046elbkv5","id":"3u5919046elbkv5"},"id":"5vpbnt7omajenlq","previousOperationId":"s9210buue2ex1qa"}
{"type":"log","timestamp":1769129437309,"level":"debug","message":"Page request: GET (image) https://paciolibucket.s3.us-east-2.amazonaws.com/orgs/c64b69f6759a43a1bc0ae31961876751/companies/logos/e9767ff4-7186-447f-a397-208ea6bbfdb8_ninosfelices.png?X-Amz-Expires=600&X-Amz-Algorithm=AWS4-HMAC-SHA256&X-Amz-Credential=AKIAVYV5Z6T6UQ4ARWOC%2F20260123%2Fus-east-2%2Fs3%2Faws4_request&X-Amz-Date=20260123T003711Z&X-Amz-SignedHeaders=host&X-Amz-Signature=41bcfaf64b56b5a7942a4b0a38f3d493246e4ee9f6b5f1ea776eddff58e35faa","meta":{"rootId":"3u5919046elbkv5","id":"3u5919046elbkv5"},"id":"1yzl93ylqkgda69","previousOperationId":"s9210buue2ex1qa"}
{"type":"log","timestamp":1769129437348,"level":"debug","message":"Page request finished: GET (image) 200 https://paciolibucket.s3.us-east-2.amazonaws.com/orgs/c64b69f6759a43a1bc0ae31961876751/companies/logos/e9767ff4-7186-447f-a397-208ea6bbfdb8_ninosfelices.png?X-Amz-Expires=600&X-Amz-Algorithm=AWS4-HMAC-SHA256&X-Amz-Credential=AKIAVYV5Z6T6UQ4ARWOC%2F20260123%2Fus-east-2%2Fs3%2Faws4_request&X-Amz-Date=20260123T003711Z&X-Amz-SignedHeaders=host&X-Amz-Signature=41bcfaf64b56b5a7942a4b0a38f3d493246e4ee9f6b5f1ea776eddff58e35faa","meta":{"rootId":"3u5919046elbkv5","id":"3u5919046elbkv5"},"id":"x0a51n66x6ntwe4","previousOperationId":"s9210buue2ex1qa"}
{"type":"log","timestamp":1769129437350,"level":"debug","message":"Running chrome with params {\"printBackground\":true,\"timeout\":59889,\"margin\":{}}","meta":{"rootId":"3u5919046elbkv5","id":"3u5919046elbkv5"},"id":"cyvegr5ate62ux7","previousOperationId":"s9210buue2ex1qa"}
{"type":"operationEnd","operationId":"s9210buue2ex1qa","timestamp":1769129437428,"id":"r6n1kxhzd8j86tm","previousEventId":"zr3fn48v4jw0f3n","previousOperationId":"s9210buue2ex1qa"}
{"type":"log","timestamp":1769129437428,"level":"debug","message":"Skipping storing report.","meta":{"rootId":"3u5919046elbkv5","id":"3u5919046elbkv5"},"id":"nzaz2rdf330f55a","previousOperationId":"s9210buue2ex1qa"}
{"type":"log","timestamp":1769129437428,"level":"info","message":"Rendering request 11 finished in 348 ms","meta":{"rootId":"3u5919046elbkv5","id":"3u5919046elbkv5"},"id":"5hy43izi0t71ppq","previousOperationId":"s9210buue2ex1qa"}
{"type":"operationEnd","subtype":"render","operationId":"czji54g4esswtkh","timestamp":1769129437428,"id":"q3gz1183psit2f4","previousEventId":"r6n1kxhzd8j86tm","previousOperationId":"s9210buue2ex1qa"}
{"type":"operationEnd","doDiffs":false,"previousEventId":"4n8bmr5h90afyft","previousOperationId":"f3x9vhivk1hhwk9","operationId":"f3x9vhivk1hhwk9","timestamp":1769129437430,"id":"u5xu8ltbhq4i543"}
