{"type":"operationStart","subtype":"profile","data":{"_id":"CXYYxilOcCzZ2vP2","timestamp":"2026-01-23T03:40:55.316Z","state":"queued","mode":"standard","creationDate":"2026-01-23T03:40:55.327Z","modificationDate":"2026-01-23T03:40:55.327Z","shortid":"wtx7r13","$entitySet":"profiles"},"doDiffs":false,"timestamp":1769139655320,"id":"2jajfbfh714bmno","previousOperationId":null,"operationId":"li2kqrod7wl2rei"}
{"type":"log","level":"info","message":"Render request 34 queued for execution and waiting for available worker","previousOperationId":"li2kqrod7wl2rei","timestamp":1769139655323,"id":"q5zubj605ok8bpl"}
{"type":"operationStart","subtype":"render","name":"general-ledger-v1","previousOperationId":"li2kqrod7wl2rei","timestamp":1769139655425,"id":"qgr71fv8vf3zfe9","previousEventId":"2jajfbfh714bmno","operationId":"bdv3v1tmsn1t3e9"}
{"type":"log","timestamp":1769139655431,"level":"info","message":"Starting rendering request 34","meta":{"rootId":"4gqkf164jkkys9n","id":"4gqkf164jkkys9n"},"id":"criy9ebnp0cz7fi","previousOperationId":"bdv3v1tmsn1t3e9"}
{"type":"log","timestamp":1769139655438,"level":"info","message":"Rendering template { name: general-ledger-v1, recipe: chrome-pdf, engine: handlebars, preview: true }","meta":{"rootId":"4gqkf164jkkys9n","id":"4gqkf164jkkys9n"},"id":"t3qjz44681uorqt","previousOperationId":"bdv3v1tmsn1t3e9"}
{"type":"log","timestamp":1769139655464,"level":"debug","message":"Adding sample data NnLcfKElA","meta":{"rootId":"4gqkf164jkkys9n","id":"4gqkf164jkkys9n"},"id":"o4g36fw6tb9lq4v","previousOperationId":"bdv3v1tmsn1t3e9"}
{"type":"log","timestamp":1769139655482,"level":"debug","message":"Base url not specified, skipping its injection.","meta":{"rootId":"4gqkf164jkkys9n","id":"4gqkf164jkkys9n"},"id":"p3tgrwcar1qllxb","previousOperationId":"bdv3v1tmsn1t3e9"}
{"type":"operationStart","subtype":"engine","name":"handlebars","timestamp":1769139655495,"id":"w9x7wx2xcclc5kg","previousEventId":"qgr71fv8vf3zfe9","operationId":"2b7xv5rpv5gdrg8","previousOperationId":"bdv3v1tmsn1t3e9"}
{"type":"log","timestamp":1769139655495,"level":"debug","message":"Rendering engine handlebars","meta":{"rootId":"4gqkf164jkkys9n","id":"4gqkf164jkkys9n"},"id":"qpjiyiw9b6mqnf9","previousOperationId":"2b7xv5rpv5gdrg8"}
{"type":"operationEnd","operationId":"2b7xv5rpv5gdrg8","timestamp":1769139655643,"id":"pckv7d4ncdxd6da","previousEventId":"w9x7wx2xcclc5kg","previousOperationId":"2b7xv5rpv5gdrg8"}
{"type":"operationStart","subtype":"recipe","name":"chrome-pdf","timestamp":1769139655645,"id":"rr7v5ekl48du5mk","previousEventId":"pckv7d4ncdxd6da","operationId":"6dy24ls2dnofuhf","previousOperationId":"2b7xv5rpv5gdrg8"}
{"type":"log","timestamp":1769139655645,"level":"debug","message":"Executing recipe chrome-pdf","meta":{"rootId":"4gqkf164jkkys9n","id":"4gqkf164jkkys9n"},"id":"bevdr3p8k6eb5vd","previousOperationId":"6dy24ls2dnofuhf"}
{"type":"log","timestamp":1769139655761,"level":"debug","message":"Converting with chrome Chrome/142.0.7444.175 using chrome-pool strategy","meta":{"rootId":"4gqkf164jkkys9n","id":"4gqkf164jkkys9n"},"id":"c1udv1dlsyhf9c7","previousOperationId":"6dy24ls2dnofuhf"}
{"type":"log","timestamp":1769139656337,"level":"debug","message":"Page request: GET (document) file:///tmp/jsreport/autocleanup/49e41d17-7479-46c6-84cf-6f4ff4a307ce-chrome-pdf.html","meta":{"rootId":"4gqkf164jkkys9n","id":"4gqkf164jkkys9n"},"id":"cv0ikfhopitqzmn","previousOperationId":"6dy24ls2dnofuhf"}
{"type":"log","timestamp":1769139656400,"level":"debug","message":"Page request finished: GET (document) 200 file:///tmp/jsreport/autocleanup/49e41d17-7479-46c6-84cf-6f4ff4a307ce-chrome-pdf.html","meta":{"rootId":"4gqkf164jkkys9n","id":"4gqkf164jkkys9n"},"id":"gecuc096cq89g2d","previousOperationId":"6dy24ls2dnofuhf"}
{"type":"log","timestamp":1769139656410,"level":"debug","message":"Running chrome with params {\"printBackground\":true,\"timeout\":59617,\"margin\":{}}","meta":{"rootId":"4gqkf164jkkys9n","id":"4gqkf164jkkys9n"},"id":"hxsj9l1atnoo3bk","previousOperationId":"6dy24ls2dnofuhf"}
{"type":"operationEnd","operationId":"6dy24ls2dnofuhf","timestamp":1769139656488,"id":"jthx6w6146072bt","previousEventId":"rr7v5ekl48du5mk","previousOperationId":"6dy24ls2dnofuhf"}
{"type":"log","timestamp":1769139656489,"level":"debug","message":"Skipping storing report.","meta":{"rootId":"4gqkf164jkkys9n","id":"4gqkf164jkkys9n"},"id":"2k65t2zcxmm7m8c","previousOperationId":"6dy24ls2dnofuhf"}
{"type":"log","timestamp":1769139656489,"level":"info","message":"Rendering request 34 finished in 1184 ms","meta":{"rootId":"4gqkf164jkkys9n","id":"4gqkf164jkkys9n"},"id":"xtih2340h5q5nyg","previousOperationId":"6dy24ls2dnofuhf"}
{"type":"operationEnd","subtype":"render","operationId":"bdv3v1tmsn1t3e9","timestamp":1769139656489,"id":"n7vgvvfev1lv17f","previousEventId":"jthx6w6146072bt","previousOperationId":"6dy24ls2dnofuhf"}
{"type":"operationEnd","doDiffs":false,"previousEventId":"2jajfbfh714bmno","previousOperationId":"li2kqrod7wl2rei","operationId":"li2kqrod7wl2rei","timestamp":1769139656492,"id":"sykj8fuk496hk88"}
