{"type":"operationStart","subtype":"profile","data":{"_id":"2vc4gAoO2eCsGZ36","timestamp":"2026-01-23T03:51:02.289Z","state":"queued","mode":"standard","creationDate":"2026-01-23T03:51:02.293Z","modificationDate":"2026-01-23T03:51:02.293Z","shortid":"hsgj7I8","$entitySet":"profiles"},"doDiffs":false,"timestamp":1769140262292,"id":"fo3rvje46g882qv","previousOperationId":null,"operationId":"kroycqfn55zukl0"}
{"type":"log","level":"info","message":"Render request 37 queued for execution and waiting for available worker","previousOperationId":"kroycqfn55zukl0","timestamp":1769140262293,"id":"qbde588nku8wnfh"}
{"type":"operationStart","subtype":"render","name":"general-ledger-v1","previousOperationId":"kroycqfn55zukl0","timestamp":1769140262382,"id":"6ohmlnyv2p9jnod","previousEventId":"fo3rvje46g882qv","operationId":"orlgz12l1f21qkw"}
{"type":"log","timestamp":1769140262389,"level":"info","message":"Starting rendering request 37","meta":{"rootId":"4hn3gh9li264qlx","id":"4hn3gh9li264qlx"},"id":"rj647h18apv9026","previousOperationId":"orlgz12l1f21qkw"}
{"type":"log","timestamp":1769140262400,"level":"info","message":"Rendering template { name: general-ledger-v1, recipe: chrome-pdf, engine: handlebars, preview: true }","meta":{"rootId":"4hn3gh9li264qlx","id":"4hn3gh9li264qlx"},"id":"ghw28lyoiephti5","previousOperationId":"orlgz12l1f21qkw"}
{"type":"log","timestamp":1769140262412,"level":"debug","message":"Adding sample data NnLcfKElA","meta":{"rootId":"4hn3gh9li264qlx","id":"4hn3gh9li264qlx"},"id":"b6pdpg81dq53ta5","previousOperationId":"orlgz12l1f21qkw"}
{"type":"log","timestamp":1769140262427,"level":"debug","message":"Base url not specified, skipping its injection.","meta":{"rootId":"4hn3gh9li264qlx","id":"4hn3gh9li264qlx"},"id":"86sfcvgoj6dyj9e","previousOperationId":"orlgz12l1f21qkw"}
{"type":"operationStart","subtype":"engine","name":"handlebars","timestamp":1769140262441,"id":"f1fv2xkkfksuh1p","previousEventId":"6ohmlnyv2p9jnod","operationId":"2u9xxb549lwxksa","previousOperationId":"orlgz12l1f21qkw"}
{"type":"log","timestamp":1769140262441,"level":"debug","message":"Rendering engine handlebars","meta":{"rootId":"4hn3gh9li264qlx","id":"4hn3gh9li264qlx"},"id":"4pl77znqngfzlab","previousOperationId":"2u9xxb549lwxksa"}
{"type":"operationEnd","operationId":"2u9xxb549lwxksa","timestamp":1769140262771,"id":"1hq6foxodf3d1it","previousEventId":"f1fv2xkkfksuh1p","previousOperationId":"2u9xxb549lwxksa"}
{"type":"operationStart","subtype":"recipe","name":"chrome-pdf","timestamp":1769140262773,"id":"a7bacsg04sjnuu3","previousEventId":"1hq6foxodf3d1it","operationId":"pdr2bsy9mj1tr9a","previousOperationId":"2u9xxb549lwxksa"}
{"type":"log","timestamp":1769140262773,"level":"debug","message":"Executing recipe chrome-pdf","meta":{"rootId":"4hn3gh9li264qlx","id":"4hn3gh9li264qlx"},"id":"chtihzdcsr4piov","previousOperationId":"pdr2bsy9mj1tr9a"}
{"type":"log","timestamp":1769140262817,"level":"debug","message":"Converting with chrome Chrome/142.0.7444.175 using chrome-pool strategy","meta":{"rootId":"4hn3gh9li264qlx","id":"4hn3gh9li264qlx"},"id":"66w7vk28b3rztuv","previousOperationId":"pdr2bsy9mj1tr9a"}
{"type":"log","timestamp":1769140263393,"level":"debug","message":"Page request: GET (document) file:///tmp/jsreport/autocleanup/49a4f453-8769-4eff-bb9f-2d66bb46f808-chrome-pdf.html","meta":{"rootId":"4hn3gh9li264qlx","id":"4hn3gh9li264qlx"},"id":"bfgl38a541v1qu9","previousOperationId":"pdr2bsy9mj1tr9a"}
{"type":"log","timestamp":1769140263440,"level":"debug","message":"Page request finished: GET (document) 200 file:///tmp/jsreport/autocleanup/49a4f453-8769-4eff-bb9f-2d66bb46f808-chrome-pdf.html","meta":{"rootId":"4hn3gh9li264qlx","id":"4hn3gh9li264qlx"},"id":"qe5baji1w2k701o","previousOperationId":"pdr2bsy9mj1tr9a"}
{"type":"log","timestamp":1769140263457,"level":"debug","message":"Page request: GET (image) https://paciolibucket.s3.us-east-2.amazonaws.com/orgs/c64b69f6759a43a1bc0ae31961876751/companies/logos/e9767ff4-7186-447f-a397-208ea6bbfdb8_ninosfelices.png?X-Amz-Expires=600&X-Amz-Algorithm=AWS4-HMAC-SHA256&X-Amz-Credential=AKIAVYV5Z6T6UQ4ARWOC%2F20260123%2Fus-east-2%2Fs3%2Faws4_request&X-Amz-Date=20260123T021411Z&X-Amz-SignedHeaders=host&X-Amz-Signature=44b9bfc3a8a8b30d8809abd973af26164ce987276c08e15740f2c6ff7208e172","meta":{"rootId":"4hn3gh9li264qlx","id":"4hn3gh9li264qlx"},"id":"oqq3zw0wz76b817","previousOperationId":"pdr2bsy9mj1tr9a"}
{"type":"log","timestamp":1769140263552,"level":"debug","message":"Page request finished: GET (image) 200 https://paciolibucket.s3.us-east-2.amazonaws.com/orgs/c64b69f6759a43a1bc0ae31961876751/companies/logos/e9767ff4-7186-447f-a397-208ea6bbfdb8_ninosfelices.png?X-Amz-Expires=600&X-Amz-Algorithm=AWS4-HMAC-SHA256&X-Amz-Credential=AKIAVYV5Z6T6UQ4ARWOC%2F20260123%2Fus-east-2%2Fs3%2Faws4_request&X-Amz-Date=20260123T021411Z&X-Amz-SignedHeaders=host&X-Amz-Signature=44b9bfc3a8a8b30d8809abd973af26164ce987276c08e15740f2c6ff7208e172","meta":{"rootId":"4hn3gh9li264qlx","id":"4hn3gh9li264qlx"},"id":"rcgogkga7az0rk0","previousOperationId":"pdr2bsy9mj1tr9a"}
{"type":"log","timestamp":1769140263556,"level":"debug","message":"Running chrome with params {\"printBackground\":true,\"timeout\":59503,\"margin\":{}}","meta":{"rootId":"4hn3gh9li264qlx","id":"4hn3gh9li264qlx"},"id":"ofixz9axsap3qvr","previousOperationId":"pdr2bsy9mj1tr9a"}
{"type":"operationEnd","operationId":"pdr2bsy9mj1tr9a","timestamp":1769140263742,"id":"b8x08gqnose0ba5","previousEventId":"a7bacsg04sjnuu3","previousOperationId":"pdr2bsy9mj1tr9a"}
{"type":"log","timestamp":1769140263743,"level":"debug","message":"Skipping storing report.","meta":{"rootId":"4hn3gh9li264qlx","id":"4hn3gh9li264qlx"},"id":"wy8m7om1jgamou0","previousOperationId":"pdr2bsy9mj1tr9a"}
{"type":"log","timestamp":1769140263743,"level":"info","message":"Rendering request 37 finished in 1455 ms","meta":{"rootId":"4hn3gh9li264qlx","id":"4hn3gh9li264qlx"},"id":"fat9yxb3ode6oih","previousOperationId":"pdr2bsy9mj1tr9a"}
{"type":"operationEnd","subtype":"render","operationId":"orlgz12l1f21qkw","timestamp":1769140263743,"id":"j488zwnklqpxr56","previousEventId":"b8x08gqnose0ba5","previousOperationId":"pdr2bsy9mj1tr9a"}
{"type":"operationEnd","doDiffs":false,"previousEventId":"fo3rvje46g882qv","previousOperationId":"kroycqfn55zukl0","operationId":"kroycqfn55zukl0","timestamp":1769140263746,"id":"skzgpmjk09691zn"}
