{"type":"operationStart","subtype":"profile","data":{"_id":"KKr0qjex153BRzss","timestamp":"2026-01-23T00:47:35.123Z","state":"queued","mode":"standard","creationDate":"2026-01-23T00:47:35.124Z","modificationDate":"2026-01-23T00:47:35.124Z","shortid":"7U4oCB-","$entitySet":"profiles"},"doDiffs":false,"timestamp":1769129255123,"id":"oauvlg7btvbf5mp","previousOperationId":null,"operationId":"9q1yp7bt0lhhqjx"}
{"type":"log","level":"info","message":"Render request 10 queued for execution and waiting for available worker","previousOperationId":"9q1yp7bt0lhhqjx","timestamp":1769129255124,"id":"9jnwi5002xo4827"}
{"type":"operationStart","subtype":"render","name":"general-ledger-v1","previousOperationId":"9q1yp7bt0lhhqjx","timestamp":1769129255162,"id":"rsqca6r42q8rmjo","previousEventId":"oauvlg7btvbf5mp","operationId":"bx53iydftvj2xyl"}
{"type":"log","timestamp":1769129255162,"level":"info","message":"Starting rendering request 10","meta":{"rootId":"4i5wrvwkyfsipid","id":"4i5wrvwkyfsipid"},"id":"ios056brswferjg","previousOperationId":"bx53iydftvj2xyl"}
{"type":"log","timestamp":1769129255163,"level":"info","message":"Rendering template { name: general-ledger-v1, recipe: chrome-pdf, engine: handlebars, preview: true }","meta":{"rootId":"4i5wrvwkyfsipid","id":"4i5wrvwkyfsipid"},"id":"dwapo4inajfk4qz","previousOperationId":"bx53iydftvj2xyl"}
{"type":"log","timestamp":1769129255165,"level":"debug","message":"Adding sample data NnLcfKElA","meta":{"rootId":"4i5wrvwkyfsipid","id":"4i5wrvwkyfsipid"},"id":"dag9pzk80k9sz8d","previousOperationId":"bx53iydftvj2xyl"}
{"type":"log","timestamp":1769129255169,"level":"debug","message":"Base url not specified, skipping its injection.","meta":{"rootId":"4i5wrvwkyfsipid","id":"4i5wrvwkyfsipid"},"id":"yaempa6vv38uvwa","previousOperationId":"bx53iydftvj2xyl"}
{"type":"operationStart","subtype":"engine","name":"handlebars","timestamp":1769129255169,"id":"1j2wmfz9t2a0eci","previousEventId":"rsqca6r42q8rmjo","operationId":"jyc7fs2xf8j5ogm","previousOperationId":"bx53iydftvj2xyl"}
{"type":"log","timestamp":1769129255169,"level":"debug","message":"Rendering engine handlebars","meta":{"rootId":"4i5wrvwkyfsipid","id":"4i5wrvwkyfsipid"},"id":"4uu1dv4ja4o35qf","previousOperationId":"jyc7fs2xf8j5ogm"}
{"type":"operationEnd","operationId":"jyc7fs2xf8j5ogm","timestamp":1769129255186,"id":"cyhnj281zqotfwi","previousEventId":"1j2wmfz9t2a0eci","previousOperationId":"jyc7fs2xf8j5ogm"}
{"type":"operationStart","subtype":"recipe","name":"chrome-pdf","timestamp":1769129255189,"id":"vdtovbqar038wnp","previousEventId":"cyhnj281zqotfwi","operationId":"ddk0wi2hl3rdqmr","previousOperationId":"jyc7fs2xf8j5ogm"}
{"type":"log","timestamp":1769129255189,"level":"debug","message":"Executing recipe chrome-pdf","meta":{"rootId":"4i5wrvwkyfsipid","id":"4i5wrvwkyfsipid"},"id":"bhz7tx4r9s4h3lw","previousOperationId":"ddk0wi2hl3rdqmr"}
{"type":"log","timestamp":1769129255192,"level":"debug","message":"Converting with chrome Chrome/142.0.7444.175 using chrome-pool strategy","meta":{"rootId":"4i5wrvwkyfsipid","id":"4i5wrvwkyfsipid"},"id":"y6s71j3ioec9xjf","previousOperationId":"ddk0wi2hl3rdqmr"}
{"type":"log","timestamp":1769129255244,"level":"debug","message":"Page request: GET (document) file:///tmp/jsreport/autocleanup/1e95405b-667f-4fcf-a89c-3b59b997b188-chrome-pdf.html","meta":{"rootId":"4i5wrvwkyfsipid","id":"4i5wrvwkyfsipid"},"id":"7dzn0aq8fvwmsck","previousOperationId":"ddk0wi2hl3rdqmr"}
{"type":"log","timestamp":1769129255254,"level":"debug","message":"Page request: GET (image) https://paciolibucket.s3.us-east-2.amazonaws.com/orgs/c64b69f6759a43a1bc0ae31961876751/companies/logos/e9767ff4-7186-447f-a397-208ea6bbfdb8_ninosfelices.png?X-Amz-Expires=600&X-Amz-Algorithm=AWS4-HMAC-SHA256&X-Amz-Credential=AKIAVYV5Z6T6UQ4ARWOC%2F20260123%2Fus-east-2%2Fs3%2Faws4_request&X-Amz-Date=20260123T003711Z&X-Amz-SignedHeaders=host&X-Amz-Signature=41bcfaf64b56b5a7942a4b0a38f3d493246e4ee9f6b5f1ea776eddff58e35faa","meta":{"rootId":"4i5wrvwkyfsipid","id":"4i5wrvwkyfsipid"},"id":"2sez3o50iol8nt3","previousOperationId":"ddk0wi2hl3rdqmr"}
{"type":"log","timestamp":1769129255254,"level":"debug","message":"Page request finished: GET (document) 200 file:///tmp/jsreport/autocleanup/1e95405b-667f-4fcf-a89c-3b59b997b188-chrome-pdf.html","meta":{"rootId":"4i5wrvwkyfsipid","id":"4i5wrvwkyfsipid"},"id":"cr2tajifu5gfxsu","previousOperationId":"ddk0wi2hl3rdqmr"}
{"type":"log","timestamp":1769129255299,"level":"debug","message":"Page request finished: GET (image) 200 https://paciolibucket.s3.us-east-2.amazonaws.com/orgs/c64b69f6759a43a1bc0ae31961876751/companies/logos/e9767ff4-7186-447f-a397-208ea6bbfdb8_ninosfelices.png?X-Amz-Expires=600&X-Amz-Algorithm=AWS4-HMAC-SHA256&X-Amz-Credential=AKIAVYV5Z6T6UQ4ARWOC%2F20260123%2Fus-east-2%2Fs3%2Faws4_request&X-Amz-Date=20260123T003711Z&X-Amz-SignedHeaders=host&X-Amz-Signature=41bcfaf64b56b5a7942a4b0a38f3d493246e4ee9f6b5f1ea776eddff58e35faa","meta":{"rootId":"4i5wrvwkyfsipid","id":"4i5wrvwkyfsipid"},"id":"6mfku7mx7dwg3e8","previousOperationId":"ddk0wi2hl3rdqmr"}
{"type":"log","timestamp":1769129255300,"level":"debug","message":"Running chrome with params {\"printBackground\":true,\"timeout\":59933,\"margin\":{}}","meta":{"rootId":"4i5wrvwkyfsipid","id":"4i5wrvwkyfsipid"},"id":"87047gf5rfin1r0","previousOperationId":"ddk0wi2hl3rdqmr"}
{"type":"operationEnd","operationId":"ddk0wi2hl3rdqmr","timestamp":1769129255377,"id":"3ja8cvwzpg9eyq4","previousEventId":"vdtovbqar038wnp","previousOperationId":"ddk0wi2hl3rdqmr"}
{"type":"log","timestamp":1769129255377,"level":"debug","message":"Skipping storing report.","meta":{"rootId":"4i5wrvwkyfsipid","id":"4i5wrvwkyfsipid"},"id":"dkoddk24u2f25e3","previousOperationId":"ddk0wi2hl3rdqmr"}
{"type":"log","timestamp":1769129255377,"level":"info","message":"Rendering request 10 finished in 254 ms","meta":{"rootId":"4i5wrvwkyfsipid","id":"4i5wrvwkyfsipid"},"id":"ruy2gxr08szb4rs","previousOperationId":"ddk0wi2hl3rdqmr"}
{"type":"operationEnd","subtype":"render","operationId":"bx53iydftvj2xyl","timestamp":1769129255377,"id":"eersdzhapax0lme","previousEventId":"3ja8cvwzpg9eyq4","previousOperationId":"ddk0wi2hl3rdqmr"}
{"type":"operationEnd","doDiffs":false,"previousEventId":"oauvlg7btvbf5mp","previousOperationId":"9q1yp7bt0lhhqjx","operationId":"9q1yp7bt0lhhqjx","timestamp":1769129255381,"id":"7vla74560q23lxn"}
