{"type":"operationStart","subtype":"profile","data":{"_id":"RHRdBUqaOPGVf0EU","timestamp":"2026-01-23T03:59:10.013Z","state":"queued","mode":"standard","creationDate":"2026-01-23T03:59:10.023Z","modificationDate":"2026-01-23T03:59:10.023Z","shortid":"iYEa3Jc","$entitySet":"profiles"},"doDiffs":false,"timestamp":1769140750022,"id":"mfowv9kwilqem65","previousOperationId":null,"operationId":"qnhv426xd9t4m1b"}
{"type":"log","level":"info","message":"Render request 42 queued for execution and waiting for available worker","previousOperationId":"qnhv426xd9t4m1b","timestamp":1769140750022,"id":"m7a4pzh6a4knhcw"}
{"type":"operationStart","subtype":"render","name":"general-ledger-v1","previousOperationId":"qnhv426xd9t4m1b","timestamp":1769140750154,"id":"6vhx3ac0buugu9t","previousEventId":"mfowv9kwilqem65","operationId":"8aj09qkmqqoh8uz"}
{"type":"log","timestamp":1769140750158,"level":"info","message":"Starting rendering request 42","meta":{"rootId":"4jyw9n7avj7im96","id":"4jyw9n7avj7im96"},"id":"3ejzxfhvyucm7rh","previousOperationId":"8aj09qkmqqoh8uz"}
{"type":"log","timestamp":1769140750165,"level":"info","message":"Rendering template { name: general-ledger-v1, recipe: chrome-pdf, engine: handlebars, preview: true }","meta":{"rootId":"4jyw9n7avj7im96","id":"4jyw9n7avj7im96"},"id":"6qp89hehep5jy4o","previousOperationId":"8aj09qkmqqoh8uz"}
{"type":"log","timestamp":1769140750172,"level":"debug","message":"Adding sample data NnLcfKElA","meta":{"rootId":"4jyw9n7avj7im96","id":"4jyw9n7avj7im96"},"id":"8oddnl0j8mplo12","previousOperationId":"8aj09qkmqqoh8uz"}
{"type":"log","timestamp":1769140750186,"level":"debug","message":"Base url not specified, skipping its injection.","meta":{"rootId":"4jyw9n7avj7im96","id":"4jyw9n7avj7im96"},"id":"mm0rsi0zfk050d0","previousOperationId":"8aj09qkmqqoh8uz"}
{"type":"operationStart","subtype":"engine","name":"handlebars","timestamp":1769140750194,"id":"euepwaklagkiks1","previousEventId":"6vhx3ac0buugu9t","operationId":"24o4wkgyizxpyii","previousOperationId":"8aj09qkmqqoh8uz"}
{"type":"log","timestamp":1769140750194,"level":"debug","message":"Rendering engine handlebars","meta":{"rootId":"4jyw9n7avj7im96","id":"4jyw9n7avj7im96"},"id":"d8odvrgty5g9md6","previousOperationId":"24o4wkgyizxpyii"}
{"type":"operationEnd","operationId":"24o4wkgyizxpyii","timestamp":1769140750459,"id":"66ngswef8raf5nm","previousEventId":"euepwaklagkiks1","previousOperationId":"24o4wkgyizxpyii"}
{"type":"operationStart","subtype":"recipe","name":"chrome-pdf","timestamp":1769140750463,"id":"cf1uwzhxbpmdwka","previousEventId":"66ngswef8raf5nm","operationId":"x2hjjakcs9qlm7i","previousOperationId":"24o4wkgyizxpyii"}
{"type":"log","timestamp":1769140750464,"level":"debug","message":"Executing recipe chrome-pdf","meta":{"rootId":"4jyw9n7avj7im96","id":"4jyw9n7avj7im96"},"id":"471tdd0bde9vxr0","previousOperationId":"x2hjjakcs9qlm7i"}
{"type":"log","timestamp":1769140750501,"level":"debug","message":"Converting with chrome Chrome/142.0.7444.175 using chrome-pool strategy","meta":{"rootId":"4jyw9n7avj7im96","id":"4jyw9n7avj7im96"},"id":"11ugcan7kryz7gy","previousOperationId":"x2hjjakcs9qlm7i"}
{"type":"log","timestamp":1769140750705,"level":"debug","message":"Page request: GET (document) file:///tmp/jsreport/autocleanup/90743aa7-afec-4d30-b0b9-ebd2b32df6f0-chrome-pdf.html","meta":{"rootId":"4jyw9n7avj7im96","id":"4jyw9n7avj7im96"},"id":"d3chsqkkou5gn1v","previousOperationId":"x2hjjakcs9qlm7i"}
{"type":"log","timestamp":1769140750725,"level":"debug","message":"Page request finished: GET (document) 200 file:///tmp/jsreport/autocleanup/90743aa7-afec-4d30-b0b9-ebd2b32df6f0-chrome-pdf.html","meta":{"rootId":"4jyw9n7avj7im96","id":"4jyw9n7avj7im96"},"id":"ov4bj1e6e29m2ni","previousOperationId":"x2hjjakcs9qlm7i"}
{"type":"log","timestamp":1769140750732,"level":"debug","message":"Page request: GET (image) https://paciolibucket.s3.us-east-2.amazonaws.com/orgs/c64b69f6759a43a1bc0ae31961876751/companies/logos/e9767ff4-7186-447f-a397-208ea6bbfdb8_ninosfelices.png?X-Amz-Expires=600&X-Amz-Algorithm=AWS4-HMAC-SHA256&X-Amz-Credential=AKIAVYV5Z6T6UQ4ARWOC%2F20260123%2Fus-east-2%2Fs3%2Faws4_request&X-Amz-Date=20260123T034811Z&X-Amz-SignedHeaders=host&X-Amz-Signature=516e9162641a4e3fc8ca77947590a4ba54671dc24bd05184751dce542ae5b7bc","meta":{"rootId":"4jyw9n7avj7im96","id":"4jyw9n7avj7im96"},"id":"9e6ckmmw5poncxt","previousOperationId":"x2hjjakcs9qlm7i"}
{"type":"log","timestamp":1769140750818,"level":"debug","message":"Page request finished: GET (image) 200 https://paciolibucket.s3.us-east-2.amazonaws.com/orgs/c64b69f6759a43a1bc0ae31961876751/companies/logos/e9767ff4-7186-447f-a397-208ea6bbfdb8_ninosfelices.png?X-Amz-Expires=600&X-Amz-Algorithm=AWS4-HMAC-SHA256&X-Amz-Credential=AKIAVYV5Z6T6UQ4ARWOC%2F20260123%2Fus-east-2%2Fs3%2Faws4_request&X-Amz-Date=20260123T034811Z&X-Amz-SignedHeaders=host&X-Amz-Signature=516e9162641a4e3fc8ca77947590a4ba54671dc24bd05184751dce542ae5b7bc","meta":{"rootId":"4jyw9n7avj7im96","id":"4jyw9n7avj7im96"},"id":"sfjascld2l5b9b9","previousOperationId":"x2hjjakcs9qlm7i"}
{"type":"log","timestamp":1769140750844,"level":"debug","message":"Running chrome with params {\"printBackground\":true,\"timeout\":59534,\"margin\":{}}","meta":{"rootId":"4jyw9n7avj7im96","id":"4jyw9n7avj7im96"},"id":"m4rcwdz5vkounfg","previousOperationId":"x2hjjakcs9qlm7i"}
{"type":"operationEnd","operationId":"x2hjjakcs9qlm7i","timestamp":1769140750995,"id":"g5s3itcjh47uh33","previousEventId":"cf1uwzhxbpmdwka","previousOperationId":"x2hjjakcs9qlm7i"}
{"type":"log","timestamp":1769140750995,"level":"debug","message":"Skipping storing report.","meta":{"rootId":"4jyw9n7avj7im96","id":"4jyw9n7avj7im96"},"id":"nql6laerk43h7qf","previousOperationId":"x2hjjakcs9qlm7i"}
{"type":"log","timestamp":1769140750996,"level":"info","message":"Rendering request 42 finished in 984 ms","meta":{"rootId":"4jyw9n7avj7im96","id":"4jyw9n7avj7im96"},"id":"ch809ib1tjcreq7","previousOperationId":"x2hjjakcs9qlm7i"}
{"type":"operationEnd","subtype":"render","operationId":"8aj09qkmqqoh8uz","timestamp":1769140750996,"id":"knkfj0l3uok3jhq","previousEventId":"g5s3itcjh47uh33","previousOperationId":"x2hjjakcs9qlm7i"}
{"type":"operationEnd","doDiffs":false,"previousEventId":"mfowv9kwilqem65","previousOperationId":"qnhv426xd9t4m1b","operationId":"qnhv426xd9t4m1b","timestamp":1769140750998,"id":"huzslpz284ngwx3"}
