{"type":"operationStart","subtype":"profile","data":{"_id":"ADSJLZ3xOgiFLy15","timestamp":"2026-01-23T04:08:34.895Z","state":"queued","mode":"standard","creationDate":"2026-01-23T04:08:34.905Z","modificationDate":"2026-01-23T04:08:34.905Z","shortid":"qlXksq6","$entitySet":"profiles"},"doDiffs":false,"timestamp":1769141314901,"id":"p35hgu7dpvt1be0","previousOperationId":null,"operationId":"tiokeeaqwkokf3r"}
{"type":"log","level":"info","message":"Render request 46 queued for execution and waiting for available worker","previousOperationId":"tiokeeaqwkokf3r","timestamp":1769141314903,"id":"zu01ds9j4hzc3cg"}
{"type":"operationStart","subtype":"render","name":"general-ledger-v1","previousOperationId":"tiokeeaqwkokf3r","timestamp":1769141314984,"id":"hi3o8rh0lu1gjjn","previousEventId":"p35hgu7dpvt1be0","operationId":"bemooyeyhlhx5vu"}
{"type":"log","timestamp":1769141314988,"level":"info","message":"Starting rendering request 46","meta":{"rootId":"4m3tjliek2qrnnt","id":"4m3tjliek2qrnnt"},"id":"6zuek5g8havwtjn","previousOperationId":"bemooyeyhlhx5vu"}
{"type":"log","timestamp":1769141314995,"level":"info","message":"Rendering template { name: general-ledger-v1, recipe: chrome-pdf, engine: handlebars, preview: true }","meta":{"rootId":"4m3tjliek2qrnnt","id":"4m3tjliek2qrnnt"},"id":"42u9jr6xtovui6y","previousOperationId":"bemooyeyhlhx5vu"}
{"type":"log","timestamp":1769141315007,"level":"debug","message":"Adding sample data NnLcfKElA","meta":{"rootId":"4m3tjliek2qrnnt","id":"4m3tjliek2qrnnt"},"id":"ga529y10k3td1yo","previousOperationId":"bemooyeyhlhx5vu"}
{"type":"log","timestamp":1769141315029,"level":"debug","message":"Base url not specified, skipping its injection.","meta":{"rootId":"4m3tjliek2qrnnt","id":"4m3tjliek2qrnnt"},"id":"7xdryzol66r3dg4","previousOperationId":"bemooyeyhlhx5vu"}
{"type":"operationStart","subtype":"engine","name":"handlebars","timestamp":1769141315039,"id":"cfx5dxs726lnq0k","previousEventId":"hi3o8rh0lu1gjjn","operationId":"lmitsr2s3tyxe9c","previousOperationId":"bemooyeyhlhx5vu"}
{"type":"log","timestamp":1769141315039,"level":"debug","message":"Rendering engine handlebars","meta":{"rootId":"4m3tjliek2qrnnt","id":"4m3tjliek2qrnnt"},"id":"hn0c2zxc8txobqi","previousOperationId":"lmitsr2s3tyxe9c"}
{"type":"operationEnd","operationId":"lmitsr2s3tyxe9c","timestamp":1769141315375,"id":"auj8qe9lm6usjs0","previousEventId":"cfx5dxs726lnq0k","previousOperationId":"lmitsr2s3tyxe9c"}
{"type":"operationStart","subtype":"recipe","name":"chrome-pdf","timestamp":1769141315377,"id":"zgjprmb06h4x8c9","previousEventId":"auj8qe9lm6usjs0","operationId":"z2tjpy3uvh8qb3b","previousOperationId":"lmitsr2s3tyxe9c"}
{"type":"log","timestamp":1769141315377,"level":"debug","message":"Executing recipe chrome-pdf","meta":{"rootId":"4m3tjliek2qrnnt","id":"4m3tjliek2qrnnt"},"id":"pin78bom67xjv28","previousOperationId":"z2tjpy3uvh8qb3b"}
{"type":"log","timestamp":1769141315416,"level":"debug","message":"Converting with chrome Chrome/142.0.7444.175 using chrome-pool strategy","meta":{"rootId":"4m3tjliek2qrnnt","id":"4m3tjliek2qrnnt"},"id":"sw6u4jmw40ynvev","previousOperationId":"z2tjpy3uvh8qb3b"}
{"type":"log","timestamp":1769141315899,"level":"debug","message":"Page request: GET (document) file:///tmp/jsreport/autocleanup/bee9292d-493b-429a-98cf-9f27312b3e07-chrome-pdf.html","meta":{"rootId":"4m3tjliek2qrnnt","id":"4m3tjliek2qrnnt"},"id":"u391x7t77atrxc5","previousOperationId":"z2tjpy3uvh8qb3b"}
{"type":"log","timestamp":1769141315951,"level":"debug","message":"Page request finished: GET (document) 200 file:///tmp/jsreport/autocleanup/bee9292d-493b-429a-98cf-9f27312b3e07-chrome-pdf.html","meta":{"rootId":"4m3tjliek2qrnnt","id":"4m3tjliek2qrnnt"},"id":"c8muod3okomxuxg","previousOperationId":"z2tjpy3uvh8qb3b"}
{"type":"log","timestamp":1769141315953,"level":"debug","message":"Page request: GET (image) https://paciolibucket.s3.us-east-2.amazonaws.com/orgs/c64b69f6759a43a1bc0ae31961876751/companies/logos/e9767ff4-7186-447f-a397-208ea6bbfdb8_ninosfelices.png?X-Amz-Expires=600&X-Amz-Algorithm=AWS4-HMAC-SHA256&X-Amz-Credential=AKIAVYV5Z6T6UQ4ARWOC%2F20260123%2Fus-east-2%2Fs3%2Faws4_request&X-Amz-Date=20260123T040554Z&X-Amz-SignedHeaders=host&X-Amz-Signature=747c15527b5085b1be2ddd3c10637621ec12ad2e785b0bc43d8c81665def75d9","meta":{"rootId":"4m3tjliek2qrnnt","id":"4m3tjliek2qrnnt"},"id":"xfbzzbd3fszus7j","previousOperationId":"z2tjpy3uvh8qb3b"}
{"type":"log","timestamp":1769141316634,"level":"debug","message":"Page request finished: GET (image) 200 https://paciolibucket.s3.us-east-2.amazonaws.com/orgs/c64b69f6759a43a1bc0ae31961876751/companies/logos/e9767ff4-7186-447f-a397-208ea6bbfdb8_ninosfelices.png?X-Amz-Expires=600&X-Amz-Algorithm=AWS4-HMAC-SHA256&X-Amz-Credential=AKIAVYV5Z6T6UQ4ARWOC%2F20260123%2Fus-east-2%2Fs3%2Faws4_request&X-Amz-Date=20260123T040554Z&X-Amz-SignedHeaders=host&X-Amz-Signature=747c15527b5085b1be2ddd3c10637621ec12ad2e785b0bc43d8c81665def75d9","meta":{"rootId":"4m3tjliek2qrnnt","id":"4m3tjliek2qrnnt"},"id":"bczxqaxcwb62r2a","previousOperationId":"z2tjpy3uvh8qb3b"}
{"type":"log","timestamp":1769141316639,"level":"debug","message":"Running chrome with params {\"printBackground\":true,\"timeout\":59500,\"margin\":{}}","meta":{"rootId":"4m3tjliek2qrnnt","id":"4m3tjliek2qrnnt"},"id":"j699ntvreqq941e","previousOperationId":"z2tjpy3uvh8qb3b"}
{"type":"operationEnd","operationId":"z2tjpy3uvh8qb3b","timestamp":1769141316918,"id":"9j01o5kwddqcrhl","previousEventId":"zgjprmb06h4x8c9","previousOperationId":"z2tjpy3uvh8qb3b"}
{"type":"log","timestamp":1769141316919,"level":"debug","message":"Skipping storing report.","meta":{"rootId":"4m3tjliek2qrnnt","id":"4m3tjliek2qrnnt"},"id":"rbt3haqa4i98xvq","previousOperationId":"z2tjpy3uvh8qb3b"}
{"type":"log","timestamp":1769141316919,"level":"info","message":"Rendering request 46 finished in 2031 ms","meta":{"rootId":"4m3tjliek2qrnnt","id":"4m3tjliek2qrnnt"},"id":"vfkti41fxfvga9m","previousOperationId":"z2tjpy3uvh8qb3b"}
{"type":"operationEnd","subtype":"render","operationId":"bemooyeyhlhx5vu","timestamp":1769141316919,"id":"90cc84ihqfa21ad","previousEventId":"9j01o5kwddqcrhl","previousOperationId":"z2tjpy3uvh8qb3b"}
{"type":"operationEnd","doDiffs":false,"previousEventId":"p35hgu7dpvt1be0","previousOperationId":"tiokeeaqwkokf3r","operationId":"tiokeeaqwkokf3r","timestamp":1769141316923,"id":"eivn9vexv0nv3js"}
