{"type":"operationStart","subtype":"profile","data":{"_id":"vLtyRfjoZ3VH12V2","timestamp":"2026-01-23T00:34:44.207Z","state":"queued","mode":"standard","creationDate":"2026-01-23T00:34:44.222Z","modificationDate":"2026-01-23T00:34:44.222Z","shortid":"PDr6w7Z","$entitySet":"profiles"},"doDiffs":false,"timestamp":1769128484210,"id":"661gk8ntj2jqw6c","previousOperationId":null,"operationId":"s1o0loaafw26djy"}
{"type":"log","level":"info","message":"Render request 3 queued for execution and waiting for available worker","previousOperationId":"s1o0loaafw26djy","timestamp":1769128484213,"id":"19noyodt640dpxq"}
{"type":"operationStart","subtype":"render","name":"general-ledger-v1","previousOperationId":"s1o0loaafw26djy","timestamp":1769128484312,"id":"49hxnjjzl4m7ech","previousEventId":"661gk8ntj2jqw6c","operationId":"2ay6jhtyc7aox9y"}
{"type":"log","timestamp":1769128484315,"level":"info","message":"Starting rendering request 3","meta":{"rootId":"4mxnz5lxuhnatku","id":"4mxnz5lxuhnatku"},"id":"3xgtcj7tkv2zl2l","previousOperationId":"2ay6jhtyc7aox9y"}
{"type":"log","timestamp":1769128484318,"level":"info","message":"Rendering template { name: general-ledger-v1, recipe: chrome-pdf, engine: handlebars, preview: true }","meta":{"rootId":"4mxnz5lxuhnatku","id":"4mxnz5lxuhnatku"},"id":"rrun5u9ecbi2h71","previousOperationId":"2ay6jhtyc7aox9y"}
{"type":"log","timestamp":1769128484325,"level":"debug","message":"Adding sample data NnLcfKElA","meta":{"rootId":"4mxnz5lxuhnatku","id":"4mxnz5lxuhnatku"},"id":"anj3rsone4wjxzo","previousOperationId":"2ay6jhtyc7aox9y"}
{"type":"log","timestamp":1769128484342,"level":"debug","message":"Base url not specified, skipping its injection.","meta":{"rootId":"4mxnz5lxuhnatku","id":"4mxnz5lxuhnatku"},"id":"ov8zormsz0bo4ci","previousOperationId":"2ay6jhtyc7aox9y"}
{"type":"operationStart","subtype":"engine","name":"handlebars","timestamp":1769128484349,"id":"35l3f2mkzly5441","previousEventId":"49hxnjjzl4m7ech","operationId":"ziq38eyk30wu5hg","previousOperationId":"2ay6jhtyc7aox9y"}
{"type":"log","timestamp":1769128484349,"level":"debug","message":"Rendering engine handlebars","meta":{"rootId":"4mxnz5lxuhnatku","id":"4mxnz5lxuhnatku"},"id":"en5qlbb3zrujzn6","previousOperationId":"ziq38eyk30wu5hg"}
{"type":"operationEnd","operationId":"ziq38eyk30wu5hg","timestamp":1769128484559,"id":"932rng05zyfqey6","previousEventId":"35l3f2mkzly5441","previousOperationId":"ziq38eyk30wu5hg"}
{"type":"operationStart","subtype":"recipe","name":"chrome-pdf","timestamp":1769128484562,"id":"0vwin3yg1gmq7jc","previousEventId":"932rng05zyfqey6","operationId":"e5zc7n875bvg7lx","previousOperationId":"ziq38eyk30wu5hg"}
{"type":"log","timestamp":1769128484562,"level":"debug","message":"Executing recipe chrome-pdf","meta":{"rootId":"4mxnz5lxuhnatku","id":"4mxnz5lxuhnatku"},"id":"u5fk9vk9c7qiloq","previousOperationId":"e5zc7n875bvg7lx"}
{"type":"log","timestamp":1769128484600,"level":"debug","message":"Converting with chrome Chrome/142.0.7444.175 using chrome-pool strategy","meta":{"rootId":"4mxnz5lxuhnatku","id":"4mxnz5lxuhnatku"},"id":"7xzwnngn7lkanr5","previousOperationId":"e5zc7n875bvg7lx"}
{"type":"log","timestamp":1769128484998,"level":"debug","message":"Page request: GET (document) file:///tmp/jsreport/autocleanup/9b22dabf-2d42-4ce3-832c-663fd726ce2f-chrome-pdf.html","meta":{"rootId":"4mxnz5lxuhnatku","id":"4mxnz5lxuhnatku"},"id":"v9htj0x8r6njtcj","previousOperationId":"e5zc7n875bvg7lx"}
{"type":"log","timestamp":1769128485030,"level":"debug","message":"Page request finished: GET (document) 200 file:///tmp/jsreport/autocleanup/9b22dabf-2d42-4ce3-832c-663fd726ce2f-chrome-pdf.html","meta":{"rootId":"4mxnz5lxuhnatku","id":"4mxnz5lxuhnatku"},"id":"qumacakyczh4gs0","previousOperationId":"e5zc7n875bvg7lx"}
{"type":"log","timestamp":1769128485034,"level":"debug","message":"Page request: GET (image) https://paciolibucket.s3.us-east-2.amazonaws.com/orgs/c64b69f6759a43a1bc0ae31961876751/companies/logos/e9767ff4-7186-447f-a397-208ea6bbfdb8_ninosfelices.png?X-Amz-Expires=600&X-Amz-Algorithm=AWS4-HMAC-SHA256&X-Amz-Credential=AKIAVYV5Z6T6UQ4ARWOC%2F20260123%2Fus-east-2%2Fs3%2Faws4_request&X-Amz-Date=20260123T002421Z&X-Amz-SignedHeaders=host&X-Amz-Signature=6af71e23f6de90688d34ab8c56a515e612723d489eb32b1daa2c81935772d45f","meta":{"rootId":"4mxnz5lxuhnatku","id":"4mxnz5lxuhnatku"},"id":"igq1k6hnz67gqm0","previousOperationId":"e5zc7n875bvg7lx"}
{"type":"log","timestamp":1769128485464,"level":"warn","message":"Page request failed: GET (image) https://paciolibucket.s3.us-east-2.amazonaws.com/orgs/c64b69f6759a43a1bc0ae31961876751/companies/logos/e9767ff4-7186-447f-a397-208ea6bbfdb8_ninosfelices.png?X-Amz-Expires=600&X-Amz-Algorithm=AWS4-HMAC-SHA256&X-Amz-Credential=AKIAVYV5Z6T6UQ4ARWOC%2F20260123%2Fus-east-2%2Fs3%2Faws4_request&X-Amz-Date=20260123T002421Z&X-Amz-SignedHeaders=host&X-Amz-Signature=6af71e23f6de90688d34ab8c56a515e612723d489eb32b1daa2c81935772d45f, failure: net::ERR_BLOCKED_BY_ORB","meta":{"rootId":"4mxnz5lxuhnatku","id":"4mxnz5lxuhnatku"},"id":"eld8basjqkll6vo","previousOperationId":"e5zc7n875bvg7lx"}
{"type":"log","timestamp":1769128485480,"level":"debug","message":"Running chrome with params {\"printBackground\":true,\"timeout\":59617,\"margin\":{}}","meta":{"rootId":"4mxnz5lxuhnatku","id":"4mxnz5lxuhnatku"},"id":"g0j0krqul8mf1oz","previousOperationId":"e5zc7n875bvg7lx"}
{"type":"operationEnd","operationId":"e5zc7n875bvg7lx","timestamp":1769128485595,"id":"5yere2bx6nyqhs1","previousEventId":"0vwin3yg1gmq7jc","previousOperationId":"e5zc7n875bvg7lx"}
{"type":"log","timestamp":1769128485595,"level":"debug","message":"Skipping storing report.","meta":{"rootId":"4mxnz5lxuhnatku","id":"4mxnz5lxuhnatku"},"id":"4o47yg9is1fbyai","previousOperationId":"e5zc7n875bvg7lx"}
{"type":"log","timestamp":1769128485596,"level":"info","message":"Rendering request 3 finished in 1397 ms","meta":{"rootId":"4mxnz5lxuhnatku","id":"4mxnz5lxuhnatku"},"id":"j56ckc8lsn3n32l","previousOperationId":"e5zc7n875bvg7lx"}
{"type":"operationEnd","subtype":"render","operationId":"2ay6jhtyc7aox9y","timestamp":1769128485596,"id":"rfkcpo3dvnuzch4","previousEventId":"5yere2bx6nyqhs1","previousOperationId":"e5zc7n875bvg7lx"}
{"type":"operationEnd","doDiffs":false,"previousEventId":"661gk8ntj2jqw6c","previousOperationId":"s1o0loaafw26djy","operationId":"s1o0loaafw26djy","timestamp":1769128485598,"id":"hximskgtd3zbvh5"}
