{"type":"operationStart","subtype":"profile","data":{"_id":"z9T400PaJcWBzfsq","timestamp":"2026-01-23T03:53:08.355Z","state":"queued","mode":"standard","creationDate":"2026-01-23T03:53:08.375Z","modificationDate":"2026-01-23T03:53:08.376Z","shortid":"UxiaYM9","$entitySet":"profiles"},"doDiffs":false,"timestamp":1769140388363,"id":"5u8qssql5v42fir","previousOperationId":null,"operationId":"a4v49bcsrb76ckz"}
{"type":"log","level":"info","message":"Render request 39 queued for execution and waiting for available worker","previousOperationId":"a4v49bcsrb76ckz","timestamp":1769140388368,"id":"38njolbiksvttml"}
{"type":"operationStart","subtype":"render","name":"general-ledger-v1","previousOperationId":"a4v49bcsrb76ckz","timestamp":1769140388493,"id":"46wuo6fwmnyvzcb","previousEventId":"5u8qssql5v42fir","operationId":"mrckc152oqjhxsu"}
{"type":"log","timestamp":1769140388501,"level":"info","message":"Starting rendering request 39","meta":{"rootId":"6ewakqn623a99st","id":"6ewakqn623a99st"},"id":"4voc0er8be5x8yq","previousOperationId":"mrckc152oqjhxsu"}
{"type":"log","timestamp":1769140388510,"level":"info","message":"Rendering template { name: general-ledger-v1, recipe: chrome-pdf, engine: handlebars, preview: true }","meta":{"rootId":"6ewakqn623a99st","id":"6ewakqn623a99st"},"id":"69u1116a2khb4o4","previousOperationId":"mrckc152oqjhxsu"}
{"type":"log","timestamp":1769140388522,"level":"debug","message":"Adding sample data NnLcfKElA","meta":{"rootId":"6ewakqn623a99st","id":"6ewakqn623a99st"},"id":"o37qnu6wacnnh6k","previousOperationId":"mrckc152oqjhxsu"}
{"type":"log","timestamp":1769140388563,"level":"debug","message":"Base url not specified, skipping its injection.","meta":{"rootId":"6ewakqn623a99st","id":"6ewakqn623a99st"},"id":"l5141ykeh5ec1r1","previousOperationId":"mrckc152oqjhxsu"}
{"type":"operationStart","subtype":"engine","name":"handlebars","timestamp":1769140388586,"id":"c97feucu2yq52qo","previousEventId":"46wuo6fwmnyvzcb","operationId":"qm7gc125yg8c220","previousOperationId":"mrckc152oqjhxsu"}
{"type":"log","timestamp":1769140388586,"level":"debug","message":"Rendering engine handlebars","meta":{"rootId":"6ewakqn623a99st","id":"6ewakqn623a99st"},"id":"v1rxdo6fp07w8df","previousOperationId":"qm7gc125yg8c220"}
{"type":"operationEnd","operationId":"qm7gc125yg8c220","timestamp":1769140388823,"id":"44pvue63ih4navf","previousEventId":"c97feucu2yq52qo","previousOperationId":"qm7gc125yg8c220"}
{"type":"operationStart","subtype":"recipe","name":"chrome-pdf","timestamp":1769140388824,"id":"sggize8qfk9zl78","previousEventId":"44pvue63ih4navf","operationId":"zl2tu1frqgdfs19","previousOperationId":"qm7gc125yg8c220"}
{"type":"log","timestamp":1769140388824,"level":"debug","message":"Executing recipe chrome-pdf","meta":{"rootId":"6ewakqn623a99st","id":"6ewakqn623a99st"},"id":"0e8b13d5elhoyup","previousOperationId":"zl2tu1frqgdfs19"}
{"type":"log","timestamp":1769140388858,"level":"debug","message":"Converting with chrome Chrome/142.0.7444.175 using chrome-pool strategy","meta":{"rootId":"6ewakqn623a99st","id":"6ewakqn623a99st"},"id":"jg9pz4ntvwp41xl","previousOperationId":"zl2tu1frqgdfs19"}
{"type":"log","timestamp":1769140389292,"level":"debug","message":"Page request: GET (document) file:///tmp/jsreport/autocleanup/43a5ab78-c668-4f44-a095-b37ee1b67f5f-chrome-pdf.html","meta":{"rootId":"6ewakqn623a99st","id":"6ewakqn623a99st"},"id":"y8utylpu6npqe3w","previousOperationId":"zl2tu1frqgdfs19"}
{"type":"log","timestamp":1769140389331,"level":"debug","message":"Page request finished: GET (document) 200 file:///tmp/jsreport/autocleanup/43a5ab78-c668-4f44-a095-b37ee1b67f5f-chrome-pdf.html","meta":{"rootId":"6ewakqn623a99st","id":"6ewakqn623a99st"},"id":"e1vj1uy4jywndgu","previousOperationId":"zl2tu1frqgdfs19"}
{"type":"log","timestamp":1769140389340,"level":"debug","message":"Page request: GET (image) https://paciolibucket.s3.us-east-2.amazonaws.com/orgs/c64b69f6759a43a1bc0ae31961876751/companies/logos/e9767ff4-7186-447f-a397-208ea6bbfdb8_ninosfelices.png?X-Amz-Expires=600&X-Amz-Algorithm=AWS4-HMAC-SHA256&X-Amz-Credential=AKIAVYV5Z6T6UQ4ARWOC%2F20260123%2Fus-east-2%2Fs3%2Faws4_request&X-Amz-Date=20260123T034811Z&X-Amz-SignedHeaders=host&X-Amz-Signature=516e9162641a4e3fc8ca77947590a4ba54671dc24bd05184751dce542ae5b7bc","meta":{"rootId":"6ewakqn623a99st","id":"6ewakqn623a99st"},"id":"kwvm9sx2ku28pnc","previousOperationId":"zl2tu1frqgdfs19"}
{"type":"log","timestamp":1769140389959,"level":"debug","message":"Page request finished: GET (image) 200 https://paciolibucket.s3.us-east-2.amazonaws.com/orgs/c64b69f6759a43a1bc0ae31961876751/companies/logos/e9767ff4-7186-447f-a397-208ea6bbfdb8_ninosfelices.png?X-Amz-Expires=600&X-Amz-Algorithm=AWS4-HMAC-SHA256&X-Amz-Credential=AKIAVYV5Z6T6UQ4ARWOC%2F20260123%2Fus-east-2%2Fs3%2Faws4_request&X-Amz-Date=20260123T034811Z&X-Amz-SignedHeaders=host&X-Amz-Signature=516e9162641a4e3fc8ca77947590a4ba54671dc24bd05184751dce542ae5b7bc","meta":{"rootId":"6ewakqn623a99st","id":"6ewakqn623a99st"},"id":"znslg8ehz2mastf","previousOperationId":"zl2tu1frqgdfs19"}
{"type":"log","timestamp":1769140389962,"level":"debug","message":"Running chrome with params {\"printBackground\":true,\"timeout\":59510,\"margin\":{}}","meta":{"rootId":"6ewakqn623a99st","id":"6ewakqn623a99st"},"id":"69koqn0s9eyqukf","previousOperationId":"zl2tu1frqgdfs19"}
{"type":"operationEnd","operationId":"zl2tu1frqgdfs19","timestamp":1769140390133,"id":"r5wcweymmgkf9cx","previousEventId":"sggize8qfk9zl78","previousOperationId":"zl2tu1frqgdfs19"}
{"type":"log","timestamp":1769140390133,"level":"debug","message":"Skipping storing report.","meta":{"rootId":"6ewakqn623a99st","id":"6ewakqn623a99st"},"id":"r63hxov9erughcm","previousOperationId":"zl2tu1frqgdfs19"}
{"type":"log","timestamp":1769140390133,"level":"info","message":"Rendering request 39 finished in 1789 ms","meta":{"rootId":"6ewakqn623a99st","id":"6ewakqn623a99st"},"id":"y12mxa767trxf97","previousOperationId":"zl2tu1frqgdfs19"}
{"type":"operationEnd","subtype":"render","operationId":"mrckc152oqjhxsu","timestamp":1769140390133,"id":"jcmzaz3wg2yafcb","previousEventId":"r5wcweymmgkf9cx","previousOperationId":"zl2tu1frqgdfs19"}
{"type":"operationEnd","doDiffs":false,"previousEventId":"5u8qssql5v42fir","previousOperationId":"a4v49bcsrb76ckz","operationId":"a4v49bcsrb76ckz","timestamp":1769140390136,"id":"alkjksjuzatp91g"}
