{"type":"operationStart","subtype":"profile","data":{"_id":"PlO8myKscZ7hn305","timestamp":"2026-02-17T16:17:55.737Z","state":"queued","mode":"standard","creationDate":"2026-02-17T16:17:55.738Z","modificationDate":"2026-02-17T16:17:55.738Z","shortid":"6N-M4P8","$entitySet":"profiles"},"doDiffs":false,"timestamp":1771345075738,"id":"4s34da2t7l1hqag","previousOperationId":null,"operationId":"d6bwzuf2b78jkm4"}
{"type":"log","level":"info","message":"Render request 4 queued for execution and waiting for available worker","previousOperationId":"d6bwzuf2b78jkm4","timestamp":1771345075738,"id":"mb75hc9j8sxns9q"}
{"type":"operationStart","subtype":"render","name":"general-ledger-v1","previousOperationId":"d6bwzuf2b78jkm4","timestamp":1771345075801,"id":"hpaprnxd4zspz7a","previousEventId":"4s34da2t7l1hqag","operationId":"0wcrvz4pi8b4fzo"}
{"type":"log","timestamp":1771345075801,"level":"info","message":"Starting rendering request 4","meta":{"rootId":"7mkij0j4jiup31w","id":"7mkij0j4jiup31w"},"id":"dr6egtgm4tolrit","previousOperationId":"0wcrvz4pi8b4fzo"}
{"type":"log","timestamp":1771345075801,"level":"info","message":"Rendering template { name: general-ledger-v1, recipe: chrome-pdf, engine: handlebars, preview: false }","meta":{"rootId":"7mkij0j4jiup31w","id":"7mkij0j4jiup31w"},"id":"l23l1wkpw6is3hs","previousOperationId":"0wcrvz4pi8b4fzo"}
{"type":"log","timestamp":1771345075803,"level":"debug","message":"Inline data specified.","meta":{"rootId":"7mkij0j4jiup31w","id":"7mkij0j4jiup31w"},"id":"ytu84z3czl8mwcn","previousOperationId":"0wcrvz4pi8b4fzo"}
{"type":"log","timestamp":1771345075806,"level":"debug","message":"Base url not specified, skipping its injection.","meta":{"rootId":"7mkij0j4jiup31w","id":"7mkij0j4jiup31w"},"id":"cqbdigy6um1xwfp","previousOperationId":"0wcrvz4pi8b4fzo"}
{"type":"operationStart","subtype":"engine","name":"handlebars","timestamp":1771345075806,"id":"g5fnll92m7a7dbe","previousEventId":"hpaprnxd4zspz7a","operationId":"cstzq3tz3111h92","previousOperationId":"0wcrvz4pi8b4fzo"}
{"type":"log","timestamp":1771345075806,"level":"debug","message":"Rendering engine handlebars","meta":{"rootId":"7mkij0j4jiup31w","id":"7mkij0j4jiup31w"},"id":"42qqbvyg3qs0cpa","previousOperationId":"cstzq3tz3111h92"}
{"type":"operationEnd","operationId":"cstzq3tz3111h92","timestamp":1771345075855,"id":"h4p58lv6hy3o2a0","previousEventId":"g5fnll92m7a7dbe","previousOperationId":"cstzq3tz3111h92"}
{"type":"operationStart","subtype":"recipe","name":"chrome-pdf","timestamp":1771345075856,"id":"daa55g6ocbkroqh","previousEventId":"h4p58lv6hy3o2a0","operationId":"5rq142fgxykhvmp","previousOperationId":"cstzq3tz3111h92"}
{"type":"log","timestamp":1771345075856,"level":"debug","message":"Executing recipe chrome-pdf","meta":{"rootId":"7mkij0j4jiup31w","id":"7mkij0j4jiup31w"},"id":"woaiel9l9mo729i","previousOperationId":"5rq142fgxykhvmp"}
{"type":"log","timestamp":1771345075859,"level":"debug","message":"Converting with chrome Chrome/142.0.7444.175 using chrome-pool strategy","meta":{"rootId":"7mkij0j4jiup31w","id":"7mkij0j4jiup31w"},"id":"clwf956081foe4b","previousOperationId":"5rq142fgxykhvmp"}
{"type":"log","timestamp":1771345075906,"level":"debug","message":"Page request: GET (document) file:///tmp/jsreport/autocleanup/10b34df6-1fa0-4e48-b095-ffa3298665c0-chrome-pdf.html","meta":{"rootId":"7mkij0j4jiup31w","id":"7mkij0j4jiup31w"},"id":"daghnc63q3g425w","previousOperationId":"5rq142fgxykhvmp"}
{"type":"log","timestamp":1771345075919,"level":"debug","message":"Page request finished: GET (document) 200 file:///tmp/jsreport/autocleanup/10b34df6-1fa0-4e48-b095-ffa3298665c0-chrome-pdf.html","meta":{"rootId":"7mkij0j4jiup31w","id":"7mkij0j4jiup31w"},"id":"w25dtgjx6wo9c0c","previousOperationId":"5rq142fgxykhvmp"}
{"type":"log","timestamp":1771345075920,"level":"debug","message":"Page request: GET (image) https://paciolibucket.s3.us-east-2.amazonaws.com/orgs/c64b69f6759a43a1bc0ae31961876751/companies/logos/e9767ff4-7186-447f-a397-208ea6bbfdb8_ninosfelices.png?X-Amz-Expires=600&X-Amz-Algorithm=AWS4-HMAC-SHA256&X-Amz-Credential=AKIAVYV5Z6T6UQ4ARWOC%2F20260217%2Fus-east-2%2Fs3%2Faws4_request&X-Amz-Date=20260217T161755Z&X-Amz-SignedHeaders=host&X-Amz-Signature=7baf00341cc6d8d584e69bad8013d73648491fdb9ca63d4e92a0f69fc6566ff4","meta":{"rootId":"7mkij0j4jiup31w","id":"7mkij0j4jiup31w"},"id":"ygg03dyu70lipxt","previousOperationId":"5rq142fgxykhvmp"}
{"type":"log","timestamp":1771345076535,"level":"debug","message":"Page request finished: GET (image) 200 https://paciolibucket.s3.us-east-2.amazonaws.com/orgs/c64b69f6759a43a1bc0ae31961876751/companies/logos/e9767ff4-7186-447f-a397-208ea6bbfdb8_ninosfelices.png?X-Amz-Expires=600&X-Amz-Algorithm=AWS4-HMAC-SHA256&X-Amz-Credential=AKIAVYV5Z6T6UQ4ARWOC%2F20260217%2Fus-east-2%2Fs3%2Faws4_request&X-Amz-Date=20260217T161755Z&X-Amz-SignedHeaders=host&X-Amz-Signature=7baf00341cc6d8d584e69bad8013d73648491fdb9ca63d4e92a0f69fc6566ff4","meta":{"rootId":"7mkij0j4jiup31w","id":"7mkij0j4jiup31w"},"id":"n1q785rh6b4fcpi","previousOperationId":"5rq142fgxykhvmp"}
{"type":"log","timestamp":1771345076539,"level":"debug","message":"Running chrome with params {\"printBackground\":true,\"timeout\":59879,\"margin\":{}}","meta":{"rootId":"7mkij0j4jiup31w","id":"7mkij0j4jiup31w"},"id":"kx1r0lc8iw5ixk4","previousOperationId":"5rq142fgxykhvmp"}
{"type":"operationEnd","operationId":"5rq142fgxykhvmp","timestamp":1771345076644,"id":"jxbv5hzr6vwg41s","previousEventId":"daa55g6ocbkroqh","previousOperationId":"5rq142fgxykhvmp"}
{"type":"log","timestamp":1771345076644,"level":"debug","message":"Skipping storing report.","meta":{"rootId":"7mkij0j4jiup31w","id":"7mkij0j4jiup31w"},"id":"yba80n434kk1s65","previousOperationId":"5rq142fgxykhvmp"}
{"type":"log","timestamp":1771345076644,"level":"info","message":"Rendering request 4 finished in 907 ms","meta":{"rootId":"7mkij0j4jiup31w","id":"7mkij0j4jiup31w"},"id":"m3thdvji72cvt5v","previousOperationId":"5rq142fgxykhvmp"}
{"type":"operationEnd","subtype":"render","operationId":"0wcrvz4pi8b4fzo","timestamp":1771345076644,"id":"vk21wlibucjgwfq","previousEventId":"jxbv5hzr6vwg41s","previousOperationId":"5rq142fgxykhvmp"}
{"type":"operationEnd","doDiffs":false,"previousEventId":"4s34da2t7l1hqag","previousOperationId":"d6bwzuf2b78jkm4","operationId":"d6bwzuf2b78jkm4","timestamp":1771345076645,"id":"03tiydwgzjuiqcc"}
