{"type":"operationStart","subtype":"profile","data":{"_id":"CHbgIDUSH1DfblWZ","timestamp":"2026-02-17T16:31:11.526Z","state":"queued","mode":"standard","creationDate":"2026-02-17T16:31:11.539Z","modificationDate":"2026-02-17T16:31:11.539Z","shortid":"ooDQifW","$entitySet":"profiles"},"doDiffs":false,"timestamp":1771345871530,"id":"jhstjybzku9u7zo","previousOperationId":null,"operationId":"ugdzqlomdostm38"}
{"type":"log","level":"info","message":"Render request 6 queued for execution and waiting for available worker","previousOperationId":"ugdzqlomdostm38","timestamp":1771345871531,"id":"5s7ekmoy8c8w7hg"}
{"type":"operationStart","subtype":"render","name":"general-ledger-v1","previousOperationId":"ugdzqlomdostm38","timestamp":1771345871646,"id":"yky0arga8o1cbxy","previousEventId":"jhstjybzku9u7zo","operationId":"nwjn4u0d4rbozs2"}
{"type":"log","timestamp":1771345871654,"level":"info","message":"Starting rendering request 6","meta":{"rootId":"7nl5158928ep2sk","id":"7nl5158928ep2sk"},"id":"ghyncepufm8em5g","previousOperationId":"nwjn4u0d4rbozs2"}
{"type":"log","timestamp":1771345871658,"level":"info","message":"Rendering template { name: general-ledger-v1, recipe: chrome-pdf, engine: handlebars, preview: false }","meta":{"rootId":"7nl5158928ep2sk","id":"7nl5158928ep2sk"},"id":"8gk29j9w0qe2tm6","previousOperationId":"nwjn4u0d4rbozs2"}
{"type":"log","timestamp":1771345871669,"level":"debug","message":"Inline data specified.","meta":{"rootId":"7nl5158928ep2sk","id":"7nl5158928ep2sk"},"id":"dtdfn9sl037er3b","previousOperationId":"nwjn4u0d4rbozs2"}
{"type":"log","timestamp":1771345871673,"level":"debug","message":"Base url not specified, skipping its injection.","meta":{"rootId":"7nl5158928ep2sk","id":"7nl5158928ep2sk"},"id":"ys2u2keltj9os6n","previousOperationId":"nwjn4u0d4rbozs2"}
{"type":"operationStart","subtype":"engine","name":"handlebars","timestamp":1771345871678,"id":"v525wywrl9lkqea","previousEventId":"yky0arga8o1cbxy","operationId":"l9x7a5gs43hnqhk","previousOperationId":"nwjn4u0d4rbozs2"}
{"type":"log","timestamp":1771345871678,"level":"debug","message":"Rendering engine handlebars","meta":{"rootId":"7nl5158928ep2sk","id":"7nl5158928ep2sk"},"id":"ptvx5kswyxe40r3","previousOperationId":"l9x7a5gs43hnqhk"}
{"type":"operationEnd","operationId":"l9x7a5gs43hnqhk","timestamp":1771345871791,"id":"xxju8e4hh8v2c2i","previousEventId":"v525wywrl9lkqea","previousOperationId":"l9x7a5gs43hnqhk"}
{"type":"operationStart","subtype":"recipe","name":"chrome-pdf","timestamp":1771345871793,"id":"095ue21z1th29ak","previousEventId":"xxju8e4hh8v2c2i","operationId":"7qhupcpgnuwtz3f","previousOperationId":"l9x7a5gs43hnqhk"}
{"type":"log","timestamp":1771345871793,"level":"debug","message":"Executing recipe chrome-pdf","meta":{"rootId":"7nl5158928ep2sk","id":"7nl5158928ep2sk"},"id":"dctpsoaswil8mgd","previousOperationId":"7qhupcpgnuwtz3f"}
{"type":"log","timestamp":1771345871841,"level":"debug","message":"Converting with chrome Chrome/142.0.7444.175 using chrome-pool strategy","meta":{"rootId":"7nl5158928ep2sk","id":"7nl5158928ep2sk"},"id":"mbuwjkheyvp9n1g","previousOperationId":"7qhupcpgnuwtz3f"}
{"type":"log","timestamp":1771345872360,"level":"debug","message":"Page request: GET (document) file:///tmp/jsreport/autocleanup/c9936b6a-7afb-428d-9bc0-b1832161b15f-chrome-pdf.html","meta":{"rootId":"7nl5158928ep2sk","id":"7nl5158928ep2sk"},"id":"69jmnx0oiny5ao9","previousOperationId":"7qhupcpgnuwtz3f"}
{"type":"log","timestamp":1771345872404,"level":"debug","message":"Page request finished: GET (document) 200 file:///tmp/jsreport/autocleanup/c9936b6a-7afb-428d-9bc0-b1832161b15f-chrome-pdf.html","meta":{"rootId":"7nl5158928ep2sk","id":"7nl5158928ep2sk"},"id":"xejdo7xlhpdxbmy","previousOperationId":"7qhupcpgnuwtz3f"}
{"type":"log","timestamp":1771345872405,"level":"debug","message":"Page request: GET (image) https://paciolibucket.s3.us-east-2.amazonaws.com/orgs/c64b69f6759a43a1bc0ae31961876751/companies/logos/e9767ff4-7186-447f-a397-208ea6bbfdb8_ninosfelices.png?X-Amz-Expires=600&X-Amz-Algorithm=AWS4-HMAC-SHA256&X-Amz-Credential=AKIAVYV5Z6T6UQ4ARWOC%2F20260217%2Fus-east-2%2Fs3%2Faws4_request&X-Amz-Date=20260217T163111Z&X-Amz-SignedHeaders=host&X-Amz-Signature=7c3e111764709ba40311560f8e32be4b3b4f22e93bc89df77d8a0acd60fe56bb","meta":{"rootId":"7nl5158928ep2sk","id":"7nl5158928ep2sk"},"id":"xuw39i81p9g9x8e","previousOperationId":"7qhupcpgnuwtz3f"}
{"type":"log","timestamp":1771345872912,"level":"debug","message":"Page request finished: GET (image) 200 https://paciolibucket.s3.us-east-2.amazonaws.com/orgs/c64b69f6759a43a1bc0ae31961876751/companies/logos/e9767ff4-7186-447f-a397-208ea6bbfdb8_ninosfelices.png?X-Amz-Expires=600&X-Amz-Algorithm=AWS4-HMAC-SHA256&X-Amz-Credential=AKIAVYV5Z6T6UQ4ARWOC%2F20260217%2Fus-east-2%2Fs3%2Faws4_request&X-Amz-Date=20260217T163111Z&X-Amz-SignedHeaders=host&X-Amz-Signature=7c3e111764709ba40311560f8e32be4b3b4f22e93bc89df77d8a0acd60fe56bb","meta":{"rootId":"7nl5158928ep2sk","id":"7nl5158928ep2sk"},"id":"gns816p7t8eghdb","previousOperationId":"7qhupcpgnuwtz3f"}
{"type":"log","timestamp":1771345872915,"level":"debug","message":"Running chrome with params {\"printBackground\":true,\"timeout\":59706,\"margin\":{}}","meta":{"rootId":"7nl5158928ep2sk","id":"7nl5158928ep2sk"},"id":"d019ffs3dk8alca","previousOperationId":"7qhupcpgnuwtz3f"}
{"type":"operationEnd","operationId":"7qhupcpgnuwtz3f","timestamp":1771345873049,"id":"ky73lchh0a1bwz0","previousEventId":"095ue21z1th29ak","previousOperationId":"7qhupcpgnuwtz3f"}
{"type":"log","timestamp":1771345873049,"level":"debug","message":"Skipping storing report.","meta":{"rootId":"7nl5158928ep2sk","id":"7nl5158928ep2sk"},"id":"2wfz6j1sykt70re","previousOperationId":"7qhupcpgnuwtz3f"}
{"type":"log","timestamp":1771345873049,"level":"info","message":"Rendering request 6 finished in 1534 ms","meta":{"rootId":"7nl5158928ep2sk","id":"7nl5158928ep2sk"},"id":"91nxacgay0dooei","previousOperationId":"7qhupcpgnuwtz3f"}
{"type":"operationEnd","subtype":"render","operationId":"nwjn4u0d4rbozs2","timestamp":1771345873050,"id":"ebf1k9rwc26eenl","previousEventId":"ky73lchh0a1bwz0","previousOperationId":"7qhupcpgnuwtz3f"}
{"type":"operationEnd","doDiffs":false,"previousEventId":"jhstjybzku9u7zo","previousOperationId":"ugdzqlomdostm38","operationId":"ugdzqlomdostm38","timestamp":1771345873053,"id":"vgf0iexenaey3a4"}
