{"type":"operationStart","subtype":"profile","data":{"_id":"7cnNGVvCDqtTcJDV","timestamp":"2026-01-23T02:19:44.988Z","state":"queued","mode":"standard","creationDate":"2026-01-23T02:19:44.989Z","modificationDate":"2026-01-23T02:19:44.989Z","shortid":"CQvBm-O","$entitySet":"profiles"},"doDiffs":false,"timestamp":1769134784988,"id":"bj5yt3n56kt21jg","previousOperationId":null,"operationId":"zfl2gwc09inqde3"}
{"type":"log","level":"info","message":"Render request 30 queued for execution and waiting for available worker","previousOperationId":"zfl2gwc09inqde3","timestamp":1769134784988,"id":"q4vtlvwkqqiuyhv"}
{"type":"operationStart","subtype":"render","name":"general-ledger-v1","previousOperationId":"zfl2gwc09inqde3","timestamp":1769134785043,"id":"r7ncryry3czq857","previousEventId":"bj5yt3n56kt21jg","operationId":"4arkuikyygdsij5"}
{"type":"log","timestamp":1769134785043,"level":"info","message":"Starting rendering request 30","meta":{"rootId":"7su0uzz5n38n89y","id":"7su0uzz5n38n89y"},"id":"gl2go5rgl6odhx2","previousOperationId":"4arkuikyygdsij5"}
{"type":"log","timestamp":1769134785043,"level":"info","message":"Rendering template { name: general-ledger-v1, recipe: chrome-pdf, engine: handlebars, preview: true }","meta":{"rootId":"7su0uzz5n38n89y","id":"7su0uzz5n38n89y"},"id":"n36m9x82xdopctz","previousOperationId":"4arkuikyygdsij5"}
{"type":"log","timestamp":1769134785055,"level":"debug","message":"Adding sample data NnLcfKElA","meta":{"rootId":"7su0uzz5n38n89y","id":"7su0uzz5n38n89y"},"id":"imaijg33970s1p5","previousOperationId":"4arkuikyygdsij5"}
{"type":"log","timestamp":1769134785059,"level":"debug","message":"Base url not specified, skipping its injection.","meta":{"rootId":"7su0uzz5n38n89y","id":"7su0uzz5n38n89y"},"id":"jdkkn9geuvdk7m3","previousOperationId":"4arkuikyygdsij5"}
{"type":"operationStart","subtype":"engine","name":"handlebars","timestamp":1769134785059,"id":"ey55uj2tfk1jfhq","previousEventId":"r7ncryry3czq857","operationId":"yjbwdm4ic88n4v0","previousOperationId":"4arkuikyygdsij5"}
{"type":"log","timestamp":1769134785059,"level":"debug","message":"Rendering engine handlebars","meta":{"rootId":"7su0uzz5n38n89y","id":"7su0uzz5n38n89y"},"id":"2g9k6pc9k7afgar","previousOperationId":"yjbwdm4ic88n4v0"}
{"type":"operationEnd","operationId":"yjbwdm4ic88n4v0","timestamp":1769134785081,"id":"5b8u0ro30940aqp","previousEventId":"ey55uj2tfk1jfhq","previousOperationId":"yjbwdm4ic88n4v0"}
{"type":"operationStart","subtype":"recipe","name":"chrome-pdf","timestamp":1769134785081,"id":"s5k28zq0smdv9rc","previousEventId":"5b8u0ro30940aqp","operationId":"ldwzyyxqdpdmow6","previousOperationId":"yjbwdm4ic88n4v0"}
{"type":"log","timestamp":1769134785081,"level":"debug","message":"Executing recipe chrome-pdf","meta":{"rootId":"7su0uzz5n38n89y","id":"7su0uzz5n38n89y"},"id":"vhbs0pm5lohnwvw","previousOperationId":"ldwzyyxqdpdmow6"}
{"type":"log","timestamp":1769134785085,"level":"debug","message":"Converting with chrome Chrome/142.0.7444.175 using chrome-pool strategy","meta":{"rootId":"7su0uzz5n38n89y","id":"7su0uzz5n38n89y"},"id":"l2ouwtdxroowlmd","previousOperationId":"ldwzyyxqdpdmow6"}
{"type":"log","timestamp":1769134785154,"level":"debug","message":"Page request: GET (document) file:///tmp/jsreport/autocleanup/46d91485-3699-461f-8c34-3c50503a4c12-chrome-pdf.html","meta":{"rootId":"7su0uzz5n38n89y","id":"7su0uzz5n38n89y"},"id":"amjy9l2qzpa89nx","previousOperationId":"ldwzyyxqdpdmow6"}
{"type":"log","timestamp":1769134785171,"level":"debug","message":"Page request finished: GET (document) 200 file:///tmp/jsreport/autocleanup/46d91485-3699-461f-8c34-3c50503a4c12-chrome-pdf.html","meta":{"rootId":"7su0uzz5n38n89y","id":"7su0uzz5n38n89y"},"id":"8bci5aca0i7v0se","previousOperationId":"ldwzyyxqdpdmow6"}
{"type":"log","timestamp":1769134785175,"level":"debug","message":"Page request: GET (image) https://paciolibucket.s3.us-east-2.amazonaws.com/orgs/c64b69f6759a43a1bc0ae31961876751/companies/logos/e9767ff4-7186-447f-a397-208ea6bbfdb8_ninosfelices.png?X-Amz-Expires=600&X-Amz-Algorithm=AWS4-HMAC-SHA256&X-Amz-Credential=AKIAVYV5Z6T6UQ4ARWOC%2F20260123%2Fus-east-2%2Fs3%2Faws4_request&X-Amz-Date=20260123T021411Z&X-Amz-SignedHeaders=host&X-Amz-Signature=44b9bfc3a8a8b30d8809abd973af26164ce987276c08e15740f2c6ff7208e172","meta":{"rootId":"7su0uzz5n38n89y","id":"7su0uzz5n38n89y"},"id":"wmnv1ljj6jj7vqf","previousOperationId":"ldwzyyxqdpdmow6"}
{"type":"log","timestamp":1769134785234,"level":"debug","message":"Page request finished: GET (image) 200 https://paciolibucket.s3.us-east-2.amazonaws.com/orgs/c64b69f6759a43a1bc0ae31961876751/companies/logos/e9767ff4-7186-447f-a397-208ea6bbfdb8_ninosfelices.png?X-Amz-Expires=600&X-Amz-Algorithm=AWS4-HMAC-SHA256&X-Amz-Credential=AKIAVYV5Z6T6UQ4ARWOC%2F20260123%2Fus-east-2%2Fs3%2Faws4_request&X-Amz-Date=20260123T021411Z&X-Amz-SignedHeaders=host&X-Amz-Signature=44b9bfc3a8a8b30d8809abd973af26164ce987276c08e15740f2c6ff7208e172","meta":{"rootId":"7su0uzz5n38n89y","id":"7su0uzz5n38n89y"},"id":"ve4185llmm7n32m","previousOperationId":"ldwzyyxqdpdmow6"}
{"type":"log","timestamp":1769134785236,"level":"debug","message":"Running chrome with params {\"printBackground\":true,\"timeout\":59904,\"margin\":{}}","meta":{"rootId":"7su0uzz5n38n89y","id":"7su0uzz5n38n89y"},"id":"ku2ifdbsmgc3kse","previousOperationId":"ldwzyyxqdpdmow6"}
{"type":"operationEnd","operationId":"ldwzyyxqdpdmow6","timestamp":1769134785330,"id":"aiigsjcko3du2fb","previousEventId":"s5k28zq0smdv9rc","previousOperationId":"ldwzyyxqdpdmow6"}
{"type":"log","timestamp":1769134785330,"level":"debug","message":"Skipping storing report.","meta":{"rootId":"7su0uzz5n38n89y","id":"7su0uzz5n38n89y"},"id":"y25zfw6y0bxyno0","previousOperationId":"ldwzyyxqdpdmow6"}
{"type":"log","timestamp":1769134785331,"level":"info","message":"Rendering request 30 finished in 343 ms","meta":{"rootId":"7su0uzz5n38n89y","id":"7su0uzz5n38n89y"},"id":"fg2b8omkqe4den4","previousOperationId":"ldwzyyxqdpdmow6"}
{"type":"operationEnd","subtype":"render","operationId":"4arkuikyygdsij5","timestamp":1769134785331,"id":"95dovqt4t529c51","previousEventId":"aiigsjcko3du2fb","previousOperationId":"ldwzyyxqdpdmow6"}
{"type":"operationEnd","doDiffs":false,"previousEventId":"bj5yt3n56kt21jg","previousOperationId":"zfl2gwc09inqde3","operationId":"zfl2gwc09inqde3","timestamp":1769134785333,"id":"4lt97ed5o5adv4e"}
