{"type":"operationStart","subtype":"profile","data":{"_id":"SyjSNMZVYXaX6htN","timestamp":"2026-02-17T17:29:38.938Z","state":"queued","mode":"standard","creationDate":"2026-02-17T17:29:38.939Z","modificationDate":"2026-02-17T17:29:38.939Z","shortid":"bjdU15c","$entitySet":"profiles"},"doDiffs":false,"timestamp":1771349378939,"id":"qcevf164c9gb6eu","previousOperationId":null,"operationId":"kzlzz7lxxiktfai"}
{"type":"log","level":"info","message":"Render request 10 queued for execution and waiting for available worker","previousOperationId":"kzlzz7lxxiktfai","timestamp":1771349378939,"id":"l9qp6gwms67go8t"}
{"type":"operationStart","subtype":"render","name":"general-ledger-v1","previousOperationId":"kzlzz7lxxiktfai","timestamp":1771349378984,"id":"zqhrkiu8r7v2mnm","previousEventId":"qcevf164c9gb6eu","operationId":"pl83bdk3bcmq8b3"}
{"type":"log","timestamp":1771349378984,"level":"info","message":"Starting rendering request 10","meta":{"rootId":"8145letvu5hpyxg","id":"8145letvu5hpyxg"},"id":"wws6yad5ocqndkj","previousOperationId":"pl83bdk3bcmq8b3"}
{"type":"log","timestamp":1771349378984,"level":"info","message":"Rendering template { name: general-ledger-v1, recipe: chrome-pdf, engine: handlebars, preview: false }","meta":{"rootId":"8145letvu5hpyxg","id":"8145letvu5hpyxg"},"id":"oactgwdz7hgj5fy","previousOperationId":"pl83bdk3bcmq8b3"}
{"type":"log","timestamp":1771349378986,"level":"debug","message":"Inline data specified.","meta":{"rootId":"8145letvu5hpyxg","id":"8145letvu5hpyxg"},"id":"fpgvqeyky4vv9oh","previousOperationId":"pl83bdk3bcmq8b3"}
{"type":"log","timestamp":1771349378988,"level":"debug","message":"Base url not specified, skipping its injection.","meta":{"rootId":"8145letvu5hpyxg","id":"8145letvu5hpyxg"},"id":"85x8h3ibctj2gnz","previousOperationId":"pl83bdk3bcmq8b3"}
{"type":"operationStart","subtype":"engine","name":"handlebars","timestamp":1771349378989,"id":"gp99s04j6ccy28e","previousEventId":"zqhrkiu8r7v2mnm","operationId":"nsyg1mio34hz27f","previousOperationId":"pl83bdk3bcmq8b3"}
{"type":"log","timestamp":1771349378989,"level":"debug","message":"Rendering engine handlebars","meta":{"rootId":"8145letvu5hpyxg","id":"8145letvu5hpyxg"},"id":"ht3nghn8imgul0s","previousOperationId":"nsyg1mio34hz27f"}
{"type":"operationEnd","operationId":"nsyg1mio34hz27f","timestamp":1771349379002,"id":"9kndo484en4c9ck","previousEventId":"gp99s04j6ccy28e","previousOperationId":"nsyg1mio34hz27f"}
{"type":"operationStart","subtype":"recipe","name":"chrome-pdf","timestamp":1771349379003,"id":"pztascj4598smbw","previousEventId":"9kndo484en4c9ck","operationId":"px833ryy5wonkuy","previousOperationId":"nsyg1mio34hz27f"}
{"type":"log","timestamp":1771349379003,"level":"debug","message":"Executing recipe chrome-pdf","meta":{"rootId":"8145letvu5hpyxg","id":"8145letvu5hpyxg"},"id":"14le98cxrhcj9kf","previousOperationId":"px833ryy5wonkuy"}
{"type":"log","timestamp":1771349379008,"level":"debug","message":"Converting with chrome Chrome/142.0.7444.175 using chrome-pool strategy","meta":{"rootId":"8145letvu5hpyxg","id":"8145letvu5hpyxg"},"id":"plcvz98tvw0rqtw","previousOperationId":"px833ryy5wonkuy"}
{"type":"log","timestamp":1771349379047,"level":"debug","message":"Page request: GET (document) file:///tmp/jsreport/autocleanup/75ba8dd5-3517-471e-8946-9b64dca71ae5-chrome-pdf.html","meta":{"rootId":"8145letvu5hpyxg","id":"8145letvu5hpyxg"},"id":"v2gejxgqmcla5s2","previousOperationId":"px833ryy5wonkuy"}
{"type":"log","timestamp":1771349379059,"level":"debug","message":"Page request finished: GET (document) 200 file:///tmp/jsreport/autocleanup/75ba8dd5-3517-471e-8946-9b64dca71ae5-chrome-pdf.html","meta":{"rootId":"8145letvu5hpyxg","id":"8145letvu5hpyxg"},"id":"cpjla8maizituzd","previousOperationId":"px833ryy5wonkuy"}
{"type":"log","timestamp":1771349379060,"level":"debug","message":"Page request: GET (image) https://paciolibucket.s3.us-east-2.amazonaws.com/orgs/c64b69f6759a43a1bc0ae31961876751/companies/logos/e9767ff4-7186-447f-a397-208ea6bbfdb8_ninosfelices.png?X-Amz-Expires=600&X-Amz-Algorithm=AWS4-HMAC-SHA256&X-Amz-Credential=AKIAVYV5Z6T6UQ4ARWOC%2F20260217%2Fus-east-2%2Fs3%2Faws4_request&X-Amz-Date=20260217T172938Z&X-Amz-SignedHeaders=host&X-Amz-Signature=e8fde456c4f16be583574d5ba7cd2a4b9d058e7410ecdf789ddbf87a4de1e734","meta":{"rootId":"8145letvu5hpyxg","id":"8145letvu5hpyxg"},"id":"fidclck0bzqfd17","previousOperationId":"px833ryy5wonkuy"}
{"type":"log","timestamp":1771349379542,"level":"debug","message":"Page request finished: GET (image) 200 https://paciolibucket.s3.us-east-2.amazonaws.com/orgs/c64b69f6759a43a1bc0ae31961876751/companies/logos/e9767ff4-7186-447f-a397-208ea6bbfdb8_ninosfelices.png?X-Amz-Expires=600&X-Amz-Algorithm=AWS4-HMAC-SHA256&X-Amz-Credential=AKIAVYV5Z6T6UQ4ARWOC%2F20260217%2Fus-east-2%2Fs3%2Faws4_request&X-Amz-Date=20260217T172938Z&X-Amz-SignedHeaders=host&X-Amz-Signature=e8fde456c4f16be583574d5ba7cd2a4b9d058e7410ecdf789ddbf87a4de1e734","meta":{"rootId":"8145letvu5hpyxg","id":"8145letvu5hpyxg"},"id":"1oer4jx20egtoaa","previousOperationId":"px833ryy5wonkuy"}
{"type":"log","timestamp":1771349379544,"level":"debug","message":"Running chrome with params {\"printBackground\":true,\"timeout\":59931,\"margin\":{}}","meta":{"rootId":"8145letvu5hpyxg","id":"8145letvu5hpyxg"},"id":"4qc7fonoodqxcem","previousOperationId":"px833ryy5wonkuy"}
{"type":"operationEnd","operationId":"px833ryy5wonkuy","timestamp":1771349379644,"id":"ogslkwqq264ghcx","previousEventId":"pztascj4598smbw","previousOperationId":"px833ryy5wonkuy"}
{"type":"log","timestamp":1771349379644,"level":"debug","message":"Skipping storing report.","meta":{"rootId":"8145letvu5hpyxg","id":"8145letvu5hpyxg"},"id":"0i00hc4hdu3bn5d","previousOperationId":"px833ryy5wonkuy"}
{"type":"log","timestamp":1771349379644,"level":"info","message":"Rendering request 10 finished in 706 ms","meta":{"rootId":"8145letvu5hpyxg","id":"8145letvu5hpyxg"},"id":"prl9do21b74uc19","previousOperationId":"px833ryy5wonkuy"}
{"type":"operationEnd","subtype":"render","operationId":"pl83bdk3bcmq8b3","timestamp":1771349379644,"id":"frromny2jgit1n9","previousEventId":"ogslkwqq264ghcx","previousOperationId":"px833ryy5wonkuy"}
{"type":"operationEnd","doDiffs":false,"previousEventId":"qcevf164c9gb6eu","previousOperationId":"kzlzz7lxxiktfai","operationId":"kzlzz7lxxiktfai","timestamp":1771349379646,"id":"o9iyypin2j469zl"}
