{"type":"operationStart","subtype":"profile","data":{"_id":"nfoP0T1BY3btYAqD","timestamp":"2026-01-23T01:11:36.364Z","state":"queued","mode":"standard","creationDate":"2026-01-23T01:11:36.375Z","modificationDate":"2026-01-23T01:11:36.375Z","shortid":"yUaPJFy","$entitySet":"profiles"},"doDiffs":false,"timestamp":1769130696368,"id":"dgsr6rwpoh0jh2f","previousOperationId":null,"operationId":"9ybjb7722x413lk"}
{"type":"log","level":"info","message":"Render request 17 queued for execution and waiting for available worker","previousOperationId":"9ybjb7722x413lk","timestamp":1769130696372,"id":"71dvwslck7758d8"}
{"type":"operationStart","subtype":"render","name":"general-ledger-v1","previousOperationId":"9ybjb7722x413lk","timestamp":1769130696473,"id":"1oi8co0r5btu31t","previousEventId":"dgsr6rwpoh0jh2f","operationId":"zot47jqzrsbjd5j"}
{"type":"log","timestamp":1769130696479,"level":"info","message":"Starting rendering request 17","meta":{"rootId":"8fs8a6mail8obiu","id":"8fs8a6mail8obiu"},"id":"tqerlj3vhlott0l","previousOperationId":"zot47jqzrsbjd5j"}
{"type":"log","timestamp":1769130696484,"level":"info","message":"Rendering template { name: general-ledger-v1, recipe: chrome-pdf, engine: handlebars, preview: true }","meta":{"rootId":"8fs8a6mail8obiu","id":"8fs8a6mail8obiu"},"id":"nlov0ilkms2l27t","previousOperationId":"zot47jqzrsbjd5j"}
{"type":"log","timestamp":1769130696495,"level":"debug","message":"Adding sample data NnLcfKElA","meta":{"rootId":"8fs8a6mail8obiu","id":"8fs8a6mail8obiu"},"id":"h28dhdsnwv11r58","previousOperationId":"zot47jqzrsbjd5j"}
{"type":"log","timestamp":1769130696506,"level":"debug","message":"Base url not specified, skipping its injection.","meta":{"rootId":"8fs8a6mail8obiu","id":"8fs8a6mail8obiu"},"id":"jcs94fmng3ho1fh","previousOperationId":"zot47jqzrsbjd5j"}
{"type":"operationStart","subtype":"engine","name":"handlebars","timestamp":1769130696518,"id":"025drz18b7ww0vv","previousEventId":"1oi8co0r5btu31t","operationId":"uv8hc1d31z7k7u1","previousOperationId":"zot47jqzrsbjd5j"}
{"type":"log","timestamp":1769130696518,"level":"debug","message":"Rendering engine handlebars","meta":{"rootId":"8fs8a6mail8obiu","id":"8fs8a6mail8obiu"},"id":"ry3lful3mk05ujq","previousOperationId":"uv8hc1d31z7k7u1"}
{"type":"operationEnd","operationId":"uv8hc1d31z7k7u1","timestamp":1769130696823,"id":"htagu0llslk2kmw","previousEventId":"025drz18b7ww0vv","previousOperationId":"uv8hc1d31z7k7u1"}
{"type":"operationStart","subtype":"recipe","name":"chrome-pdf","timestamp":1769130696826,"id":"3hoqyz5fc3srymk","previousEventId":"htagu0llslk2kmw","operationId":"ohj3zgjwipc1008","previousOperationId":"uv8hc1d31z7k7u1"}
{"type":"log","timestamp":1769130696826,"level":"debug","message":"Executing recipe chrome-pdf","meta":{"rootId":"8fs8a6mail8obiu","id":"8fs8a6mail8obiu"},"id":"yv1vg2ocapjlwv0","previousOperationId":"ohj3zgjwipc1008"}
{"type":"log","timestamp":1769130696865,"level":"debug","message":"Converting with chrome Chrome/142.0.7444.175 using chrome-pool strategy","meta":{"rootId":"8fs8a6mail8obiu","id":"8fs8a6mail8obiu"},"id":"aaic6oeydkp8st4","previousOperationId":"ohj3zgjwipc1008"}
{"type":"log","timestamp":1769130697448,"level":"debug","message":"Page request: GET (document) file:///tmp/jsreport/autocleanup/2f5bc0a2-afe4-48d4-a982-09424a015e65-chrome-pdf.html","meta":{"rootId":"8fs8a6mail8obiu","id":"8fs8a6mail8obiu"},"id":"e36nsquwkyu0qt7","previousOperationId":"ohj3zgjwipc1008"}
{"type":"log","timestamp":1769130697490,"level":"debug","message":"Page request finished: GET (document) 200 file:///tmp/jsreport/autocleanup/2f5bc0a2-afe4-48d4-a982-09424a015e65-chrome-pdf.html","meta":{"rootId":"8fs8a6mail8obiu","id":"8fs8a6mail8obiu"},"id":"hmi4q3bh41qho4g","previousOperationId":"ohj3zgjwipc1008"}
{"type":"log","timestamp":1769130697495,"level":"debug","message":"Page request: GET (image) https://paciolibucket.s3.us-east-2.amazonaws.com/orgs/c64b69f6759a43a1bc0ae31961876751/companies/logos/e9767ff4-7186-447f-a397-208ea6bbfdb8_ninosfelices.png?X-Amz-Expires=600&X-Amz-Algorithm=AWS4-HMAC-SHA256&X-Amz-Credential=AKIAVYV5Z6T6UQ4ARWOC%2F20260123%2Fus-east-2%2Fs3%2Faws4_request&X-Amz-Date=20260123T003711Z&X-Amz-SignedHeaders=host&X-Amz-Signature=41bcfaf64b56b5a7942a4b0a38f3d493246e4ee9f6b5f1ea776eddff58e35faa","meta":{"rootId":"8fs8a6mail8obiu","id":"8fs8a6mail8obiu"},"id":"vywj28z2ncars8w","previousOperationId":"ohj3zgjwipc1008"}
{"type":"log","timestamp":1769130697577,"level":"debug","message":"Page request finished: GET (image) 200 https://paciolibucket.s3.us-east-2.amazonaws.com/orgs/c64b69f6759a43a1bc0ae31961876751/companies/logos/e9767ff4-7186-447f-a397-208ea6bbfdb8_ninosfelices.png?X-Amz-Expires=600&X-Amz-Algorithm=AWS4-HMAC-SHA256&X-Amz-Credential=AKIAVYV5Z6T6UQ4ARWOC%2F20260123%2Fus-east-2%2Fs3%2Faws4_request&X-Amz-Date=20260123T003711Z&X-Amz-SignedHeaders=host&X-Amz-Signature=41bcfaf64b56b5a7942a4b0a38f3d493246e4ee9f6b5f1ea776eddff58e35faa","meta":{"rootId":"8fs8a6mail8obiu","id":"8fs8a6mail8obiu"},"id":"cwgvroz9il7ouzb","previousOperationId":"ohj3zgjwipc1008"}
{"type":"log","timestamp":1769130697581,"level":"debug","message":"Running chrome with params {\"printBackground\":true,\"timeout\":59525,\"margin\":{}}","meta":{"rootId":"8fs8a6mail8obiu","id":"8fs8a6mail8obiu"},"id":"hx1zjb8fywq8i7k","previousOperationId":"ohj3zgjwipc1008"}
{"type":"operationEnd","operationId":"ohj3zgjwipc1008","timestamp":1769130697722,"id":"hzn53iohqb03s4l","previousEventId":"3hoqyz5fc3srymk","previousOperationId":"ohj3zgjwipc1008"}
{"type":"log","timestamp":1769130697722,"level":"debug","message":"Skipping storing report.","meta":{"rootId":"8fs8a6mail8obiu","id":"8fs8a6mail8obiu"},"id":"rq2c5wdejh8d5xy","previousOperationId":"ohj3zgjwipc1008"}
{"type":"log","timestamp":1769130697722,"level":"info","message":"Rendering request 17 finished in 1361 ms","meta":{"rootId":"8fs8a6mail8obiu","id":"8fs8a6mail8obiu"},"id":"5t8k1gm53a0r1oh","previousOperationId":"ohj3zgjwipc1008"}
{"type":"operationEnd","subtype":"render","operationId":"zot47jqzrsbjd5j","timestamp":1769130697722,"id":"g8plnbxgoomno6i","previousEventId":"hzn53iohqb03s4l","previousOperationId":"ohj3zgjwipc1008"}
{"type":"operationEnd","doDiffs":false,"previousEventId":"dgsr6rwpoh0jh2f","previousOperationId":"9ybjb7722x413lk","operationId":"9ybjb7722x413lk","timestamp":1769130697726,"id":"r88rme2dutlizwn"}
