{"type":"operationStart","subtype":"profile","data":{"_id":"MwfqZyhJvxa4FptW","timestamp":"2026-02-17T17:27:18.835Z","state":"queued","mode":"standard","creationDate":"2026-02-17T17:27:18.838Z","modificationDate":"2026-02-17T17:27:18.838Z","shortid":"q7RzHmU","$entitySet":"profiles"},"doDiffs":false,"timestamp":1771349238838,"id":"ax39s63jip6az1r","previousOperationId":null,"operationId":"4kkan5y4esbqlsy"}
{"type":"log","level":"info","message":"Render request 8 queued for execution and waiting for available worker","previousOperationId":"4kkan5y4esbqlsy","timestamp":1771349238838,"id":"y589i6fa983fvmv"}
{"type":"operationStart","subtype":"render","name":"general-ledger-v1","previousOperationId":"4kkan5y4esbqlsy","timestamp":1771349238911,"id":"3jfblwulsh4j12z","previousEventId":"ax39s63jip6az1r","operationId":"2ptiq0ryodsj8xr"}
{"type":"log","timestamp":1771349238914,"level":"info","message":"Starting rendering request 8","meta":{"rootId":"91mapkq0th0c1n3","id":"91mapkq0th0c1n3"},"id":"hrbepl1fdc1384v","previousOperationId":"2ptiq0ryodsj8xr"}
{"type":"log","timestamp":1771349238917,"level":"info","message":"Rendering template { name: general-ledger-v1, recipe: chrome-pdf, engine: handlebars, preview: false }","meta":{"rootId":"91mapkq0th0c1n3","id":"91mapkq0th0c1n3"},"id":"w3e0ti2rg3zb1rs","previousOperationId":"2ptiq0ryodsj8xr"}
{"type":"log","timestamp":1771349238921,"level":"debug","message":"Inline data specified.","meta":{"rootId":"91mapkq0th0c1n3","id":"91mapkq0th0c1n3"},"id":"4bg6yhj4wc6s4vi","previousOperationId":"2ptiq0ryodsj8xr"}
{"type":"log","timestamp":1771349238924,"level":"debug","message":"Base url not specified, skipping its injection.","meta":{"rootId":"91mapkq0th0c1n3","id":"91mapkq0th0c1n3"},"id":"y8wtrvitddikure","previousOperationId":"2ptiq0ryodsj8xr"}
{"type":"operationStart","subtype":"engine","name":"handlebars","timestamp":1771349238927,"id":"r3g4o5s0j4h30xv","previousEventId":"3jfblwulsh4j12z","operationId":"5vrvn2g3zrdxzcg","previousOperationId":"2ptiq0ryodsj8xr"}
{"type":"log","timestamp":1771349238927,"level":"debug","message":"Rendering engine handlebars","meta":{"rootId":"91mapkq0th0c1n3","id":"91mapkq0th0c1n3"},"id":"7bzm6arx1n0l47e","previousOperationId":"5vrvn2g3zrdxzcg"}
{"type":"operationEnd","operationId":"5vrvn2g3zrdxzcg","timestamp":1771349238960,"id":"wpzaqiloptykiom","previousEventId":"r3g4o5s0j4h30xv","previousOperationId":"5vrvn2g3zrdxzcg"}
{"type":"operationStart","subtype":"recipe","name":"chrome-pdf","timestamp":1771349238960,"id":"9bewapyeact68w9","previousEventId":"wpzaqiloptykiom","operationId":"gal0d6pypw07tje","previousOperationId":"5vrvn2g3zrdxzcg"}
{"type":"log","timestamp":1771349238960,"level":"debug","message":"Executing recipe chrome-pdf","meta":{"rootId":"91mapkq0th0c1n3","id":"91mapkq0th0c1n3"},"id":"fg26x6h9q1saols","previousOperationId":"gal0d6pypw07tje"}
{"type":"log","timestamp":1771349238973,"level":"debug","message":"Converting with chrome Chrome/142.0.7444.175 using chrome-pool strategy","meta":{"rootId":"91mapkq0th0c1n3","id":"91mapkq0th0c1n3"},"id":"cqi3q3kj5xxw28b","previousOperationId":"gal0d6pypw07tje"}
{"type":"log","timestamp":1771349239046,"level":"debug","message":"Page request: GET (document) file:///tmp/jsreport/autocleanup/08813938-3386-45a9-a7ed-9d088bcc9c89-chrome-pdf.html","meta":{"rootId":"91mapkq0th0c1n3","id":"91mapkq0th0c1n3"},"id":"u9madbwxxdts3q7","previousOperationId":"gal0d6pypw07tje"}
{"type":"log","timestamp":1771349239058,"level":"debug","message":"Page request finished: GET (document) 200 file:///tmp/jsreport/autocleanup/08813938-3386-45a9-a7ed-9d088bcc9c89-chrome-pdf.html","meta":{"rootId":"91mapkq0th0c1n3","id":"91mapkq0th0c1n3"},"id":"9q1dmksn7df4jxj","previousOperationId":"gal0d6pypw07tje"}
{"type":"log","timestamp":1771349239059,"level":"debug","message":"Page request: GET (image) https://paciolibucket.s3.us-east-2.amazonaws.com/orgs/c64b69f6759a43a1bc0ae31961876751/companies/logos/e9767ff4-7186-447f-a397-208ea6bbfdb8_ninosfelices.png?X-Amz-Expires=600&X-Amz-Algorithm=AWS4-HMAC-SHA256&X-Amz-Credential=AKIAVYV5Z6T6UQ4ARWOC%2F20260217%2Fus-east-2%2Fs3%2Faws4_request&X-Amz-Date=20260217T172718Z&X-Amz-SignedHeaders=host&X-Amz-Signature=20ee3a37aaaab7daed38c236b18ce734d346abb822ed7a77fdd5a3290713dc39","meta":{"rootId":"91mapkq0th0c1n3","id":"91mapkq0th0c1n3"},"id":"2kzjv2zfccnt80u","previousOperationId":"gal0d6pypw07tje"}
{"type":"log","timestamp":1771349239556,"level":"debug","message":"Page request finished: GET (image) 200 https://paciolibucket.s3.us-east-2.amazonaws.com/orgs/c64b69f6759a43a1bc0ae31961876751/companies/logos/e9767ff4-7186-447f-a397-208ea6bbfdb8_ninosfelices.png?X-Amz-Expires=600&X-Amz-Algorithm=AWS4-HMAC-SHA256&X-Amz-Credential=AKIAVYV5Z6T6UQ4ARWOC%2F20260217%2Fus-east-2%2Fs3%2Faws4_request&X-Amz-Date=20260217T172718Z&X-Amz-SignedHeaders=host&X-Amz-Signature=20ee3a37aaaab7daed38c236b18ce734d346abb822ed7a77fdd5a3290713dc39","meta":{"rootId":"91mapkq0th0c1n3","id":"91mapkq0th0c1n3"},"id":"eejii540t86xhsv","previousOperationId":"gal0d6pypw07tje"}
{"type":"log","timestamp":1771349239558,"level":"debug","message":"Running chrome with params {\"printBackground\":true,\"timeout\":59871,\"margin\":{}}","meta":{"rootId":"91mapkq0th0c1n3","id":"91mapkq0th0c1n3"},"id":"u54fk9bv888o4w2","previousOperationId":"gal0d6pypw07tje"}
{"type":"operationEnd","operationId":"gal0d6pypw07tje","timestamp":1771349239626,"id":"qg0av150p8j2jjb","previousEventId":"9bewapyeact68w9","previousOperationId":"gal0d6pypw07tje"}
{"type":"log","timestamp":1771349239626,"level":"debug","message":"Skipping storing report.","meta":{"rootId":"91mapkq0th0c1n3","id":"91mapkq0th0c1n3"},"id":"0klunnczoqfv46z","previousOperationId":"gal0d6pypw07tje"}
{"type":"log","timestamp":1771349239626,"level":"info","message":"Rendering request 8 finished in 791 ms","meta":{"rootId":"91mapkq0th0c1n3","id":"91mapkq0th0c1n3"},"id":"jbfyqg36p70amqz","previousOperationId":"gal0d6pypw07tje"}
{"type":"operationEnd","subtype":"render","operationId":"2ptiq0ryodsj8xr","timestamp":1771349239626,"id":"qzyf9ursny4kxmw","previousEventId":"qg0av150p8j2jjb","previousOperationId":"gal0d6pypw07tje"}
{"type":"operationEnd","doDiffs":false,"previousEventId":"ax39s63jip6az1r","previousOperationId":"4kkan5y4esbqlsy","operationId":"4kkan5y4esbqlsy","timestamp":1771349239627,"id":"xdsge56455dbxa8"}
