{"type":"operationStart","subtype":"profile","data":{"_id":"KAQbhvl47vveWy2F","timestamp":"2026-01-23T03:42:11.754Z","state":"queued","mode":"standard","creationDate":"2026-01-23T03:42:11.761Z","modificationDate":"2026-01-23T03:42:11.761Z","shortid":"wpxD-Wa","$entitySet":"profiles"},"doDiffs":false,"timestamp":1769139731758,"id":"mwpy2odq3xnufp2","previousOperationId":null,"operationId":"02r4wdkrr0i40ku"}
{"type":"log","level":"info","message":"Render request 35 queued for execution and waiting for available worker","previousOperationId":"02r4wdkrr0i40ku","timestamp":1769139731760,"id":"zxu6upugeq1xl5x"}
{"type":"operationStart","subtype":"render","name":"general-ledger-v1","previousOperationId":"02r4wdkrr0i40ku","timestamp":1769139731844,"id":"5k84pea8yifsyuz","previousEventId":"mwpy2odq3xnufp2","operationId":"abro673ai0rd2q0"}
{"type":"log","timestamp":1769139731850,"level":"info","message":"Starting rendering request 35","meta":{"rootId":"9dvdo603d0agksy","id":"9dvdo603d0agksy"},"id":"59w3w6inotdp328","previousOperationId":"abro673ai0rd2q0"}
{"type":"log","timestamp":1769139731857,"level":"info","message":"Rendering template { name: general-ledger-v1, recipe: chrome-pdf, engine: handlebars, preview: true }","meta":{"rootId":"9dvdo603d0agksy","id":"9dvdo603d0agksy"},"id":"n7i9ua3xit4hlx2","previousOperationId":"abro673ai0rd2q0"}
{"type":"log","timestamp":1769139731869,"level":"debug","message":"Adding sample data NnLcfKElA","meta":{"rootId":"9dvdo603d0agksy","id":"9dvdo603d0agksy"},"id":"j62u847wlupt194","previousOperationId":"abro673ai0rd2q0"}
{"type":"log","timestamp":1769139731881,"level":"debug","message":"Base url not specified, skipping its injection.","meta":{"rootId":"9dvdo603d0agksy","id":"9dvdo603d0agksy"},"id":"4klzyqf6k1673u6","previousOperationId":"abro673ai0rd2q0"}
{"type":"operationStart","subtype":"engine","name":"handlebars","timestamp":1769139731893,"id":"l6789j7vktyromh","previousEventId":"5k84pea8yifsyuz","operationId":"im5fgsahc0ihufj","previousOperationId":"abro673ai0rd2q0"}
{"type":"log","timestamp":1769139731894,"level":"debug","message":"Rendering engine handlebars","meta":{"rootId":"9dvdo603d0agksy","id":"9dvdo603d0agksy"},"id":"lcdyxvfe3cffea3","previousOperationId":"im5fgsahc0ihufj"}
{"type":"operationEnd","operationId":"im5fgsahc0ihufj","timestamp":1769139732375,"id":"pplrb2v6bar963s","previousEventId":"l6789j7vktyromh","previousOperationId":"im5fgsahc0ihufj"}
{"type":"operationStart","subtype":"recipe","name":"chrome-pdf","timestamp":1769139732382,"id":"lsuykpxcx92w6ud","previousEventId":"pplrb2v6bar963s","operationId":"zrfrumfc67v28xs","previousOperationId":"im5fgsahc0ihufj"}
{"type":"log","timestamp":1769139732382,"level":"debug","message":"Executing recipe chrome-pdf","meta":{"rootId":"9dvdo603d0agksy","id":"9dvdo603d0agksy"},"id":"u3stwvf69oglof4","previousOperationId":"zrfrumfc67v28xs"}
{"type":"log","timestamp":1769139732416,"level":"debug","message":"Converting with chrome Chrome/142.0.7444.175 using chrome-pool strategy","meta":{"rootId":"9dvdo603d0agksy","id":"9dvdo603d0agksy"},"id":"nhd0y1umu4ktedx","previousOperationId":"zrfrumfc67v28xs"}
{"type":"log","timestamp":1769139733166,"level":"debug","message":"Page request: GET (document) file:///tmp/jsreport/autocleanup/9b6f0c43-ad40-4131-992c-6ef0d570eda1-chrome-pdf.html","meta":{"rootId":"9dvdo603d0agksy","id":"9dvdo603d0agksy"},"id":"rqlau470l8rnl4v","previousOperationId":"zrfrumfc67v28xs"}
{"type":"log","timestamp":1769139733200,"level":"debug","message":"Page request finished: GET (document) 200 file:///tmp/jsreport/autocleanup/9b6f0c43-ad40-4131-992c-6ef0d570eda1-chrome-pdf.html","meta":{"rootId":"9dvdo603d0agksy","id":"9dvdo603d0agksy"},"id":"g10zih03k3it3gv","previousOperationId":"zrfrumfc67v28xs"}
{"type":"log","timestamp":1769139733206,"level":"debug","message":"Page request: GET (image) https://paciolibucket.s3.us-east-2.amazonaws.com/orgs/c64b69f6759a43a1bc0ae31961876751/companies/logos/e9767ff4-7186-447f-a397-208ea6bbfdb8_ninosfelices.png?X-Amz-Expires=600&X-Amz-Algorithm=AWS4-HMAC-SHA256&X-Amz-Credential=AKIAVYV5Z6T6UQ4ARWOC%2F20260123%2Fus-east-2%2Fs3%2Faws4_request&X-Amz-Date=20260123T021411Z&X-Amz-SignedHeaders=host&X-Amz-Signature=44b9bfc3a8a8b30d8809abd973af26164ce987276c08e15740f2c6ff7208e172","meta":{"rootId":"9dvdo603d0agksy","id":"9dvdo603d0agksy"},"id":"2oy93mgr6xyf4af","previousOperationId":"zrfrumfc67v28xs"}
{"type":"log","timestamp":1769139733279,"level":"debug","message":"Page request finished: GET (image) 200 https://paciolibucket.s3.us-east-2.amazonaws.com/orgs/c64b69f6759a43a1bc0ae31961876751/companies/logos/e9767ff4-7186-447f-a397-208ea6bbfdb8_ninosfelices.png?X-Amz-Expires=600&X-Amz-Algorithm=AWS4-HMAC-SHA256&X-Amz-Credential=AKIAVYV5Z6T6UQ4ARWOC%2F20260123%2Fus-east-2%2Fs3%2Faws4_request&X-Amz-Date=20260123T021411Z&X-Amz-SignedHeaders=host&X-Amz-Signature=44b9bfc3a8a8b30d8809abd973af26164ce987276c08e15740f2c6ff7208e172","meta":{"rootId":"9dvdo603d0agksy","id":"9dvdo603d0agksy"},"id":"3iyhi54xj5o1g1o","previousOperationId":"zrfrumfc67v28xs"}
{"type":"log","timestamp":1769139733285,"level":"debug","message":"Running chrome with params {\"printBackground\":true,\"timeout\":59363,\"margin\":{}}","meta":{"rootId":"9dvdo603d0agksy","id":"9dvdo603d0agksy"},"id":"mi4r8zusjnyqqwm","previousOperationId":"zrfrumfc67v28xs"}
{"type":"operationEnd","operationId":"zrfrumfc67v28xs","timestamp":1769139733444,"id":"r7qrtkq3r8qshnb","previousEventId":"lsuykpxcx92w6ud","previousOperationId":"zrfrumfc67v28xs"}
{"type":"log","timestamp":1769139733444,"level":"debug","message":"Skipping storing report.","meta":{"rootId":"9dvdo603d0agksy","id":"9dvdo603d0agksy"},"id":"3912gttexzbdxht","previousOperationId":"zrfrumfc67v28xs"}
{"type":"log","timestamp":1769139733444,"level":"info","message":"Rendering request 35 finished in 1693 ms","meta":{"rootId":"9dvdo603d0agksy","id":"9dvdo603d0agksy"},"id":"41zjf10eluon7ok","previousOperationId":"zrfrumfc67v28xs"}
{"type":"operationEnd","subtype":"render","operationId":"abro673ai0rd2q0","timestamp":1769139733444,"id":"aisplen5aht3nl8","previousEventId":"r7qrtkq3r8qshnb","previousOperationId":"zrfrumfc67v28xs"}
{"type":"operationEnd","doDiffs":false,"previousEventId":"mwpy2odq3xnufp2","previousOperationId":"02r4wdkrr0i40ku","operationId":"02r4wdkrr0i40ku","timestamp":1769139733447,"id":"wctmum0oxhj1n2k"}
