{"type":"operationStart","subtype":"profile","data":{"_id":"1xG0TuoSSaBn0FlW","timestamp":"2026-01-23T01:56:42.450Z","state":"queued","mode":"standard","creationDate":"2026-01-23T01:56:42.460Z","modificationDate":"2026-01-23T01:56:42.460Z","shortid":"uzvR0SH","$entitySet":"profiles"},"doDiffs":false,"timestamp":1769133402454,"id":"arifolkaxb5kdnn","previousOperationId":null,"operationId":"ovthahge5np611y"}
{"type":"log","level":"info","message":"Render request 22 queued for execution and waiting for available worker","previousOperationId":"ovthahge5np611y","timestamp":1769133402457,"id":"wbfc72z9vp0z2hb"}
{"type":"operationStart","subtype":"render","name":"general-ledger-v1","previousOperationId":"ovthahge5np611y","timestamp":1769133402563,"id":"jxaeo2hfjj5bf70","previousEventId":"arifolkaxb5kdnn","operationId":"toekh4dturvhrdq"}
{"type":"log","timestamp":1769133402568,"level":"info","message":"Starting rendering request 22","meta":{"rootId":"9wukrnt9e0iec5v","id":"9wukrnt9e0iec5v"},"id":"bmmq5hg32vcgkt9","previousOperationId":"toekh4dturvhrdq"}
{"type":"log","timestamp":1769133402573,"level":"info","message":"Rendering template { name: general-ledger-v1, recipe: chrome-pdf, engine: handlebars, preview: true }","meta":{"rootId":"9wukrnt9e0iec5v","id":"9wukrnt9e0iec5v"},"id":"yfcj8ie5dipiqd1","previousOperationId":"toekh4dturvhrdq"}
{"type":"log","timestamp":1769133402580,"level":"debug","message":"Adding sample data NnLcfKElA","meta":{"rootId":"9wukrnt9e0iec5v","id":"9wukrnt9e0iec5v"},"id":"hji9s414jkbchb7","previousOperationId":"toekh4dturvhrdq"}
{"type":"log","timestamp":1769133402592,"level":"debug","message":"Base url not specified, skipping its injection.","meta":{"rootId":"9wukrnt9e0iec5v","id":"9wukrnt9e0iec5v"},"id":"4h5wungerrqj39h","previousOperationId":"toekh4dturvhrdq"}
{"type":"operationStart","subtype":"engine","name":"handlebars","timestamp":1769133402599,"id":"7xh2ni2yxyxsbs4","previousEventId":"jxaeo2hfjj5bf70","operationId":"m1oapzs3j7nkhem","previousOperationId":"toekh4dturvhrdq"}
{"type":"log","timestamp":1769133402599,"level":"debug","message":"Rendering engine handlebars","meta":{"rootId":"9wukrnt9e0iec5v","id":"9wukrnt9e0iec5v"},"id":"l0ngriol3su256w","previousOperationId":"m1oapzs3j7nkhem"}
{"type":"operationEnd","operationId":"m1oapzs3j7nkhem","timestamp":1769133402801,"id":"jeje8z0px95i3mt","previousEventId":"7xh2ni2yxyxsbs4","previousOperationId":"m1oapzs3j7nkhem"}
{"type":"operationStart","subtype":"recipe","name":"chrome-pdf","timestamp":1769133402803,"id":"mn9ayzw5tchx9rc","previousEventId":"jeje8z0px95i3mt","operationId":"dzmkegvyeuwri33","previousOperationId":"m1oapzs3j7nkhem"}
{"type":"log","timestamp":1769133402804,"level":"debug","message":"Executing recipe chrome-pdf","meta":{"rootId":"9wukrnt9e0iec5v","id":"9wukrnt9e0iec5v"},"id":"lll9s1jgxsoe92b","previousOperationId":"dzmkegvyeuwri33"}
{"type":"log","timestamp":1769133402857,"level":"debug","message":"Converting with chrome Chrome/142.0.7444.175 using chrome-pool strategy","meta":{"rootId":"9wukrnt9e0iec5v","id":"9wukrnt9e0iec5v"},"id":"3dx64efww8632ru","previousOperationId":"dzmkegvyeuwri33"}
{"type":"log","timestamp":1769133403350,"level":"debug","message":"Page request: GET (document) file:///tmp/jsreport/autocleanup/c77d2e5b-751f-47b5-9ab9-bcde91216fa5-chrome-pdf.html","meta":{"rootId":"9wukrnt9e0iec5v","id":"9wukrnt9e0iec5v"},"id":"ddxzt3rkbyuobya","previousOperationId":"dzmkegvyeuwri33"}
{"type":"log","timestamp":1769133403399,"level":"debug","message":"Page request finished: GET (document) 200 file:///tmp/jsreport/autocleanup/c77d2e5b-751f-47b5-9ab9-bcde91216fa5-chrome-pdf.html","meta":{"rootId":"9wukrnt9e0iec5v","id":"9wukrnt9e0iec5v"},"id":"pn61cjl43i533ys","previousOperationId":"dzmkegvyeuwri33"}
{"type":"log","timestamp":1769133403414,"level":"debug","message":"Page request: GET (image) https://paciolibucket.s3.us-east-2.amazonaws.com/orgs/c64b69f6759a43a1bc0ae31961876751/companies/logos/e9767ff4-7186-447f-a397-208ea6bbfdb8_ninosfelices.png?X-Amz-Expires=600&X-Amz-Algorithm=AWS4-HMAC-SHA256&X-Amz-Credential=AKIAVYV5Z6T6UQ4ARWOC%2F20260123%2Fus-east-2%2Fs3%2Faws4_request&X-Amz-Date=20260123T015618Z&X-Amz-SignedHeaders=host&X-Amz-Signature=02b0721815bc7d8d8a64529195701fa0b43ef2fc253dc9dd6208ef954696d7a5","meta":{"rootId":"9wukrnt9e0iec5v","id":"9wukrnt9e0iec5v"},"id":"q75z23trb7h9j26","previousOperationId":"dzmkegvyeuwri33"}
{"type":"log","timestamp":1769133404120,"level":"debug","message":"Page request finished: GET (image) 200 https://paciolibucket.s3.us-east-2.amazonaws.com/orgs/c64b69f6759a43a1bc0ae31961876751/companies/logos/e9767ff4-7186-447f-a397-208ea6bbfdb8_ninosfelices.png?X-Amz-Expires=600&X-Amz-Algorithm=AWS4-HMAC-SHA256&X-Amz-Credential=AKIAVYV5Z6T6UQ4ARWOC%2F20260123%2Fus-east-2%2Fs3%2Faws4_request&X-Amz-Date=20260123T015618Z&X-Amz-SignedHeaders=host&X-Amz-Signature=02b0721815bc7d8d8a64529195701fa0b43ef2fc253dc9dd6208ef954696d7a5","meta":{"rootId":"9wukrnt9e0iec5v","id":"9wukrnt9e0iec5v"},"id":"ml4l4hyhy9p10d5","previousOperationId":"dzmkegvyeuwri33"}
{"type":"log","timestamp":1769133404128,"level":"debug","message":"Running chrome with params {\"printBackground\":true,\"timeout\":59614,\"margin\":{}}","meta":{"rootId":"9wukrnt9e0iec5v","id":"9wukrnt9e0iec5v"},"id":"hlsedl0tsz60v2e","previousOperationId":"dzmkegvyeuwri33"}
{"type":"operationEnd","operationId":"dzmkegvyeuwri33","timestamp":1769133404299,"id":"6sw9pkj7fz0cbtp","previousEventId":"mn9ayzw5tchx9rc","previousOperationId":"dzmkegvyeuwri33"}
{"type":"log","timestamp":1769133404299,"level":"debug","message":"Skipping storing report.","meta":{"rootId":"9wukrnt9e0iec5v","id":"9wukrnt9e0iec5v"},"id":"smczzq85mdpwagz","previousOperationId":"dzmkegvyeuwri33"}
{"type":"log","timestamp":1769133404299,"level":"info","message":"Rendering request 22 finished in 1859 ms","meta":{"rootId":"9wukrnt9e0iec5v","id":"9wukrnt9e0iec5v"},"id":"szqe6vstvdfyrxp","previousOperationId":"dzmkegvyeuwri33"}
{"type":"operationEnd","subtype":"render","operationId":"toekh4dturvhrdq","timestamp":1769133404299,"id":"gdqgj8hl8ionagb","previousEventId":"6sw9pkj7fz0cbtp","previousOperationId":"dzmkegvyeuwri33"}
{"type":"operationEnd","doDiffs":false,"previousEventId":"arifolkaxb5kdnn","previousOperationId":"ovthahge5np611y","operationId":"ovthahge5np611y","timestamp":1769133404306,"id":"p7v2y8s04mc2t9t"}
