{"type":"operationStart","subtype":"profile","data":{"_id":"dVyeGr4qrLRMzEL4","timestamp":"2026-01-23T01:00:36.404Z","state":"queued","mode":"standard","creationDate":"2026-01-23T01:00:36.408Z","modificationDate":"2026-01-23T01:00:36.408Z","shortid":"atLFwEf","$entitySet":"profiles"},"doDiffs":false,"timestamp":1769130036407,"id":"qu4hsebj935d3la","previousOperationId":null,"operationId":"gzk0umrghi7h0ku"}
{"type":"log","level":"info","message":"Render request 15 queued for execution and waiting for available worker","previousOperationId":"gzk0umrghi7h0ku","timestamp":1769130036407,"id":"olzk8julthggs9x"}
{"type":"operationStart","subtype":"render","name":"general-ledger-v1","previousOperationId":"gzk0umrghi7h0ku","timestamp":1769130036492,"id":"qckrb25adsxfc3w","previousEventId":"qu4hsebj935d3la","operationId":"377hq9664pz05il"}
{"type":"log","timestamp":1769130036492,"level":"info","message":"Starting rendering request 15","meta":{"rootId":"apfyqlnh66l2f1q","id":"apfyqlnh66l2f1q"},"id":"i5fqrx3tluy9nu9","previousOperationId":"377hq9664pz05il"}
{"type":"log","timestamp":1769130036493,"level":"info","message":"Rendering template { name: general-ledger-v1, recipe: chrome-pdf, engine: handlebars, preview: true }","meta":{"rootId":"apfyqlnh66l2f1q","id":"apfyqlnh66l2f1q"},"id":"q29ltgsvoyp6q9d","previousOperationId":"377hq9664pz05il"}
{"type":"log","timestamp":1769130036496,"level":"debug","message":"Adding sample data NnLcfKElA","meta":{"rootId":"apfyqlnh66l2f1q","id":"apfyqlnh66l2f1q"},"id":"3prxqbxwfedxgb0","previousOperationId":"377hq9664pz05il"}
{"type":"log","timestamp":1769130036503,"level":"debug","message":"Base url not specified, skipping its injection.","meta":{"rootId":"apfyqlnh66l2f1q","id":"apfyqlnh66l2f1q"},"id":"8oirprmhdqmnhc1","previousOperationId":"377hq9664pz05il"}
{"type":"operationStart","subtype":"engine","name":"handlebars","timestamp":1769130036504,"id":"hh6h1bs4hzu8wro","previousEventId":"qckrb25adsxfc3w","operationId":"gg3hdsgf36exsul","previousOperationId":"377hq9664pz05il"}
{"type":"log","timestamp":1769130036504,"level":"debug","message":"Rendering engine handlebars","meta":{"rootId":"apfyqlnh66l2f1q","id":"apfyqlnh66l2f1q"},"id":"dfhr4izkjghcmqf","previousOperationId":"gg3hdsgf36exsul"}
{"type":"operationEnd","operationId":"gg3hdsgf36exsul","timestamp":1769130036518,"id":"swso4o4r5elocx5","previousEventId":"hh6h1bs4hzu8wro","previousOperationId":"gg3hdsgf36exsul"}
{"type":"operationStart","subtype":"recipe","name":"chrome-pdf","timestamp":1769130036520,"id":"av9hg0tnru67rj8","previousEventId":"swso4o4r5elocx5","operationId":"naakyfd6u04gvpz","previousOperationId":"gg3hdsgf36exsul"}
{"type":"log","timestamp":1769130036520,"level":"debug","message":"Executing recipe chrome-pdf","meta":{"rootId":"apfyqlnh66l2f1q","id":"apfyqlnh66l2f1q"},"id":"uss9ani1s0a61ci","previousOperationId":"naakyfd6u04gvpz"}
{"type":"log","timestamp":1769130036523,"level":"debug","message":"Converting with chrome Chrome/142.0.7444.175 using chrome-pool strategy","meta":{"rootId":"apfyqlnh66l2f1q","id":"apfyqlnh66l2f1q"},"id":"o0jybtsf3gpem23","previousOperationId":"naakyfd6u04gvpz"}
{"type":"log","timestamp":1769130036572,"level":"debug","message":"Page request: GET (document) file:///tmp/jsreport/autocleanup/95c91215-7ee5-4439-8cd0-4277fdca296e-chrome-pdf.html","meta":{"rootId":"apfyqlnh66l2f1q","id":"apfyqlnh66l2f1q"},"id":"dnssqcdrdsh985k","previousOperationId":"naakyfd6u04gvpz"}
{"type":"log","timestamp":1769130036585,"level":"debug","message":"Page request finished: GET (document) 200 file:///tmp/jsreport/autocleanup/95c91215-7ee5-4439-8cd0-4277fdca296e-chrome-pdf.html","meta":{"rootId":"apfyqlnh66l2f1q","id":"apfyqlnh66l2f1q"},"id":"qzhtqnqpr0nhyn0","previousOperationId":"naakyfd6u04gvpz"}
{"type":"log","timestamp":1769130036585,"level":"debug","message":"Page request: GET (image) https://paciolibucket.s3.us-east-2.amazonaws.com/orgs/c64b69f6759a43a1bc0ae31961876751/companies/logos/e9767ff4-7186-447f-a397-208ea6bbfdb8_ninosfelices.png?X-Amz-Expires=600&X-Amz-Algorithm=AWS4-HMAC-SHA256&X-Amz-Credential=AKIAVYV5Z6T6UQ4ARWOC%2F20260123%2Fus-east-2%2Fs3%2Faws4_request&X-Amz-Date=20260123T003711Z&X-Amz-SignedHeaders=host&X-Amz-Signature=41bcfaf64b56b5a7942a4b0a38f3d493246e4ee9f6b5f1ea776eddff58e35faa","meta":{"rootId":"apfyqlnh66l2f1q","id":"apfyqlnh66l2f1q"},"id":"8jl827jkb52rrkz","previousOperationId":"naakyfd6u04gvpz"}
{"type":"log","timestamp":1769130036616,"level":"debug","message":"Page request finished: GET (image) 200 https://paciolibucket.s3.us-east-2.amazonaws.com/orgs/c64b69f6759a43a1bc0ae31961876751/companies/logos/e9767ff4-7186-447f-a397-208ea6bbfdb8_ninosfelices.png?X-Amz-Expires=600&X-Amz-Algorithm=AWS4-HMAC-SHA256&X-Amz-Credential=AKIAVYV5Z6T6UQ4ARWOC%2F20260123%2Fus-east-2%2Fs3%2Faws4_request&X-Amz-Date=20260123T003711Z&X-Amz-SignedHeaders=host&X-Amz-Signature=41bcfaf64b56b5a7942a4b0a38f3d493246e4ee9f6b5f1ea776eddff58e35faa","meta":{"rootId":"apfyqlnh66l2f1q","id":"apfyqlnh66l2f1q"},"id":"73w6yk40l50wkml","previousOperationId":"naakyfd6u04gvpz"}
{"type":"log","timestamp":1769130036617,"level":"debug","message":"Running chrome with params {\"printBackground\":true,\"timeout\":59882,\"margin\":{}}","meta":{"rootId":"apfyqlnh66l2f1q","id":"apfyqlnh66l2f1q"},"id":"lkvln1jz3zpbee5","previousOperationId":"naakyfd6u04gvpz"}
{"type":"operationEnd","operationId":"naakyfd6u04gvpz","timestamp":1769130036685,"id":"klye8hr2djsndjq","previousEventId":"av9hg0tnru67rj8","previousOperationId":"naakyfd6u04gvpz"}
{"type":"log","timestamp":1769130036685,"level":"debug","message":"Skipping storing report.","meta":{"rootId":"apfyqlnh66l2f1q","id":"apfyqlnh66l2f1q"},"id":"ei83qir915jdgu4","previousOperationId":"naakyfd6u04gvpz"}
{"type":"log","timestamp":1769130036685,"level":"info","message":"Rendering request 15 finished in 281 ms","meta":{"rootId":"apfyqlnh66l2f1q","id":"apfyqlnh66l2f1q"},"id":"47i8nariu70xjgc","previousOperationId":"naakyfd6u04gvpz"}
{"type":"operationEnd","subtype":"render","operationId":"377hq9664pz05il","timestamp":1769130036685,"id":"hbbt6u4ovthtmi5","previousEventId":"klye8hr2djsndjq","previousOperationId":"naakyfd6u04gvpz"}
{"type":"operationEnd","doDiffs":false,"previousEventId":"qu4hsebj935d3la","previousOperationId":"gzk0umrghi7h0ku","operationId":"gzk0umrghi7h0ku","timestamp":1769130036688,"id":"zybuki5cr7laojf"}
