{"type":"operationStart","subtype":"profile","data":{"_id":"lP18onN9WJeCLYZj","timestamp":"2026-01-23T00:42:01.988Z","state":"queued","mode":"standard","creationDate":"2026-01-23T00:42:01.991Z","modificationDate":"2026-01-23T00:42:01.991Z","shortid":"mUR4VVU","$entitySet":"profiles"},"doDiffs":false,"timestamp":1769128921989,"id":"2yh1ld6ngxyp52q","previousOperationId":null,"operationId":"wg1h14caf0cu57e"}
{"type":"log","level":"info","message":"Render request 7 queued for execution and waiting for available worker","previousOperationId":"wg1h14caf0cu57e","timestamp":1769128921990,"id":"ou58oa11zkae325"}
{"type":"operationStart","subtype":"render","name":"general-ledger-v1","previousOperationId":"wg1h14caf0cu57e","timestamp":1769128922053,"id":"91ljmw9q7u3rzw0","previousEventId":"2yh1ld6ngxyp52q","operationId":"5lgacaqw8c7ab57"}
{"type":"log","timestamp":1769128922054,"level":"info","message":"Starting rendering request 7","meta":{"rootId":"az7y9rxyprfcmh9","id":"az7y9rxyprfcmh9"},"id":"2zjjm0fsvw5vfm7","previousOperationId":"5lgacaqw8c7ab57"}
{"type":"log","timestamp":1769128922054,"level":"info","message":"Rendering template { name: general-ledger-v1, recipe: chrome-pdf, engine: handlebars, preview: true }","meta":{"rootId":"az7y9rxyprfcmh9","id":"az7y9rxyprfcmh9"},"id":"5zaqko5vedrqufp","previousOperationId":"5lgacaqw8c7ab57"}
{"type":"log","timestamp":1769128922059,"level":"debug","message":"Adding sample data NnLcfKElA","meta":{"rootId":"az7y9rxyprfcmh9","id":"az7y9rxyprfcmh9"},"id":"5mrbh54hjxjk0ud","previousOperationId":"5lgacaqw8c7ab57"}
{"type":"log","timestamp":1769128922065,"level":"debug","message":"Base url not specified, skipping its injection.","meta":{"rootId":"az7y9rxyprfcmh9","id":"az7y9rxyprfcmh9"},"id":"b69af8ascejfykv","previousOperationId":"5lgacaqw8c7ab57"}
{"type":"operationStart","subtype":"engine","name":"handlebars","timestamp":1769128922066,"id":"fhr8vs6agvyomkr","previousEventId":"91ljmw9q7u3rzw0","operationId":"a2vvic354rwaty7","previousOperationId":"5lgacaqw8c7ab57"}
{"type":"log","timestamp":1769128922066,"level":"debug","message":"Rendering engine handlebars","meta":{"rootId":"az7y9rxyprfcmh9","id":"az7y9rxyprfcmh9"},"id":"tnfsmy822enuo86","previousOperationId":"a2vvic354rwaty7"}
{"type":"operationEnd","operationId":"a2vvic354rwaty7","timestamp":1769128922250,"id":"wrejnnrexn1ul5a","previousEventId":"fhr8vs6agvyomkr","previousOperationId":"a2vvic354rwaty7"}
{"type":"operationStart","subtype":"recipe","name":"chrome-pdf","timestamp":1769128922253,"id":"by4wxbdt4155ca8","previousEventId":"wrejnnrexn1ul5a","operationId":"fwml3sy8j6l3wel","previousOperationId":"a2vvic354rwaty7"}
{"type":"log","timestamp":1769128922253,"level":"debug","message":"Executing recipe chrome-pdf","meta":{"rootId":"az7y9rxyprfcmh9","id":"az7y9rxyprfcmh9"},"id":"173tbfh6aou5ta1","previousOperationId":"fwml3sy8j6l3wel"}
{"type":"log","timestamp":1769128922258,"level":"debug","message":"Converting with chrome Chrome/142.0.7444.175 using chrome-pool strategy","meta":{"rootId":"az7y9rxyprfcmh9","id":"az7y9rxyprfcmh9"},"id":"4f8gsovxw85w6yz","previousOperationId":"fwml3sy8j6l3wel"}
{"type":"log","timestamp":1769128922359,"level":"debug","message":"Page request: GET (document) file:///tmp/jsreport/autocleanup/e270d47b-dfdc-4538-ba9a-e6fbc6249dc3-chrome-pdf.html","meta":{"rootId":"az7y9rxyprfcmh9","id":"az7y9rxyprfcmh9"},"id":"6dqlii93xthe6e4","previousOperationId":"fwml3sy8j6l3wel"}
{"type":"log","timestamp":1769128922374,"level":"debug","message":"Page request finished: GET (document) 200 file:///tmp/jsreport/autocleanup/e270d47b-dfdc-4538-ba9a-e6fbc6249dc3-chrome-pdf.html","meta":{"rootId":"az7y9rxyprfcmh9","id":"az7y9rxyprfcmh9"},"id":"pboul6x3jgd60e7","previousOperationId":"fwml3sy8j6l3wel"}
{"type":"log","timestamp":1769128922375,"level":"debug","message":"Page request: GET (image) https://paciolibucket.s3.us-east-2.amazonaws.com/orgs/c64b69f6759a43a1bc0ae31961876751/companies/logos/e9767ff4-7186-447f-a397-208ea6bbfdb8_ninosfelices.png?X-Amz-Expires=600&X-Amz-Algorithm=AWS4-HMAC-SHA256&X-Amz-Credential=AKIAVYV5Z6T6UQ4ARWOC%2F20260123%2Fus-east-2%2Fs3%2Faws4_request&X-Amz-Date=20260123T003711Z&X-Amz-SignedHeaders=host&X-Amz-Signature=41bcfaf64b56b5a7942a4b0a38f3d493246e4ee9f6b5f1ea776eddff58e35faa","meta":{"rootId":"az7y9rxyprfcmh9","id":"az7y9rxyprfcmh9"},"id":"sa9pdvsukt7ozim","previousOperationId":"fwml3sy8j6l3wel"}
{"type":"log","timestamp":1769128922419,"level":"debug","message":"Page request finished: GET (image) 200 https://paciolibucket.s3.us-east-2.amazonaws.com/orgs/c64b69f6759a43a1bc0ae31961876751/companies/logos/e9767ff4-7186-447f-a397-208ea6bbfdb8_ninosfelices.png?X-Amz-Expires=600&X-Amz-Algorithm=AWS4-HMAC-SHA256&X-Amz-Credential=AKIAVYV5Z6T6UQ4ARWOC%2F20260123%2Fus-east-2%2Fs3%2Faws4_request&X-Amz-Date=20260123T003711Z&X-Amz-SignedHeaders=host&X-Amz-Signature=41bcfaf64b56b5a7942a4b0a38f3d493246e4ee9f6b5f1ea776eddff58e35faa","meta":{"rootId":"az7y9rxyprfcmh9","id":"az7y9rxyprfcmh9"},"id":"termftw13izp807","previousOperationId":"fwml3sy8j6l3wel"}
{"type":"log","timestamp":1769128922421,"level":"debug","message":"Running chrome with params {\"printBackground\":true,\"timeout\":59731,\"margin\":{}}","meta":{"rootId":"az7y9rxyprfcmh9","id":"az7y9rxyprfcmh9"},"id":"42py3sysbx5ptyc","previousOperationId":"fwml3sy8j6l3wel"}
{"type":"operationEnd","operationId":"fwml3sy8j6l3wel","timestamp":1769128922508,"id":"lbe5xfnqecima8f","previousEventId":"by4wxbdt4155ca8","previousOperationId":"fwml3sy8j6l3wel"}
{"type":"log","timestamp":1769128922509,"level":"debug","message":"Skipping storing report.","meta":{"rootId":"az7y9rxyprfcmh9","id":"az7y9rxyprfcmh9"},"id":"1qyrthe8eslgwc9","previousOperationId":"fwml3sy8j6l3wel"}
{"type":"log","timestamp":1769128922509,"level":"info","message":"Rendering request 7 finished in 523 ms","meta":{"rootId":"az7y9rxyprfcmh9","id":"az7y9rxyprfcmh9"},"id":"282lpw3uw50vv1o","previousOperationId":"fwml3sy8j6l3wel"}
{"type":"operationEnd","subtype":"render","operationId":"5lgacaqw8c7ab57","timestamp":1769128922509,"id":"3o4o6l65u9xi5dk","previousEventId":"lbe5xfnqecima8f","previousOperationId":"fwml3sy8j6l3wel"}
{"type":"operationEnd","doDiffs":false,"previousEventId":"2yh1ld6ngxyp52q","previousOperationId":"wg1h14caf0cu57e","operationId":"wg1h14caf0cu57e","timestamp":1769128922512,"id":"n5ussxljvwz43fe"}
