{"type":"operationStart","subtype":"profile","data":{"_id":"uOAImvB6afYg2xBL","timestamp":"2026-01-23T00:37:26.761Z","state":"queued","mode":"standard","creationDate":"2026-01-23T00:37:26.768Z","modificationDate":"2026-01-23T00:37:26.768Z","shortid":"SjuplvP","$entitySet":"profiles"},"doDiffs":false,"timestamp":1769128646766,"id":"ntt631dxxvoiy00","previousOperationId":null,"operationId":"9lho5500wnot517"}
{"type":"log","level":"info","message":"Render request 5 queued for execution and waiting for available worker","previousOperationId":"9lho5500wnot517","timestamp":1769128646767,"id":"cp6i2e6j8755w0t"}
{"type":"operationStart","subtype":"render","name":"general-ledger-v1","previousOperationId":"9lho5500wnot517","timestamp":1769128646850,"id":"rs96r8uti9sci47","previousEventId":"ntt631dxxvoiy00","operationId":"lj3rpn56nt0cx81"}
{"type":"log","timestamp":1769128646854,"level":"info","message":"Starting rendering request 5","meta":{"rootId":"b8ua2q6ec7szrcv","id":"b8ua2q6ec7szrcv"},"id":"e9nd7zbef1ecru0","previousOperationId":"lj3rpn56nt0cx81"}
{"type":"log","timestamp":1769128646856,"level":"info","message":"Rendering template { name: general-ledger-v1, recipe: chrome-pdf, engine: handlebars, preview: true }","meta":{"rootId":"b8ua2q6ec7szrcv","id":"b8ua2q6ec7szrcv"},"id":"lp8g4yup5ym3ti0","previousOperationId":"lj3rpn56nt0cx81"}
{"type":"log","timestamp":1769128646895,"level":"debug","message":"Adding sample data NnLcfKElA","meta":{"rootId":"b8ua2q6ec7szrcv","id":"b8ua2q6ec7szrcv"},"id":"wsci0zgfmne8e7r","previousOperationId":"lj3rpn56nt0cx81"}
{"type":"log","timestamp":1769128646910,"level":"debug","message":"Base url not specified, skipping its injection.","meta":{"rootId":"b8ua2q6ec7szrcv","id":"b8ua2q6ec7szrcv"},"id":"bwu82zyxfmtdy2t","previousOperationId":"lj3rpn56nt0cx81"}
{"type":"operationStart","subtype":"engine","name":"handlebars","timestamp":1769128646918,"id":"q5zcfe41dexyoyc","previousEventId":"rs96r8uti9sci47","operationId":"tpde4y1684gfyoj","previousOperationId":"lj3rpn56nt0cx81"}
{"type":"log","timestamp":1769128646918,"level":"debug","message":"Rendering engine handlebars","meta":{"rootId":"b8ua2q6ec7szrcv","id":"b8ua2q6ec7szrcv"},"id":"e2urq4xnfz15juo","previousOperationId":"tpde4y1684gfyoj"}
{"type":"operationEnd","operationId":"tpde4y1684gfyoj","timestamp":1769128647018,"id":"l9jumlygzqhvglh","previousEventId":"q5zcfe41dexyoyc","previousOperationId":"tpde4y1684gfyoj"}
{"type":"operationStart","subtype":"recipe","name":"chrome-pdf","timestamp":1769128647020,"id":"ernls1wjh6i9a07","previousEventId":"l9jumlygzqhvglh","operationId":"i0pjy2m52woi54y","previousOperationId":"tpde4y1684gfyoj"}
{"type":"log","timestamp":1769128647020,"level":"debug","message":"Executing recipe chrome-pdf","meta":{"rootId":"b8ua2q6ec7szrcv","id":"b8ua2q6ec7szrcv"},"id":"h0y00naajqzxo20","previousOperationId":"i0pjy2m52woi54y"}
{"type":"log","timestamp":1769128647055,"level":"debug","message":"Converting with chrome Chrome/142.0.7444.175 using chrome-pool strategy","meta":{"rootId":"b8ua2q6ec7szrcv","id":"b8ua2q6ec7szrcv"},"id":"ja8j8m1e297lv1d","previousOperationId":"i0pjy2m52woi54y"}
{"type":"log","timestamp":1769128647393,"level":"debug","message":"Page request: GET (document) file:///tmp/jsreport/autocleanup/746d517d-ea2c-4896-ad2c-0d9fddd9c1ee-chrome-pdf.html","meta":{"rootId":"b8ua2q6ec7szrcv","id":"b8ua2q6ec7szrcv"},"id":"4v34gca5alhh1fu","previousOperationId":"i0pjy2m52woi54y"}
{"type":"log","timestamp":1769128647428,"level":"debug","message":"Page request finished: GET (document) 200 file:///tmp/jsreport/autocleanup/746d517d-ea2c-4896-ad2c-0d9fddd9c1ee-chrome-pdf.html","meta":{"rootId":"b8ua2q6ec7szrcv","id":"b8ua2q6ec7szrcv"},"id":"2w71hw6aoj9lq46","previousOperationId":"i0pjy2m52woi54y"}
{"type":"log","timestamp":1769128647434,"level":"debug","message":"Page request: GET (image) https://paciolibucket.s3.us-east-2.amazonaws.com/orgs/c64b69f6759a43a1bc0ae31961876751/companies/logos/e9767ff4-7186-447f-a397-208ea6bbfdb8_ninosfelices.png?X-Amz-Expires=600&X-Amz-Algorithm=AWS4-HMAC-SHA256&X-Amz-Credential=AKIAVYV5Z6T6UQ4ARWOC%2F20260123%2Fus-east-2%2Fs3%2Faws4_request&X-Amz-Date=20260123T003711Z&X-Amz-SignedHeaders=host&X-Amz-Signature=41bcfaf64b56b5a7942a4b0a38f3d493246e4ee9f6b5f1ea776eddff58e35faa","meta":{"rootId":"b8ua2q6ec7szrcv","id":"b8ua2q6ec7szrcv"},"id":"9zngzy01hhdmoob","previousOperationId":"i0pjy2m52woi54y"}
{"type":"log","timestamp":1769128647971,"level":"debug","message":"Page request finished: GET (image) 200 https://paciolibucket.s3.us-east-2.amazonaws.com/orgs/c64b69f6759a43a1bc0ae31961876751/companies/logos/e9767ff4-7186-447f-a397-208ea6bbfdb8_ninosfelices.png?X-Amz-Expires=600&X-Amz-Algorithm=AWS4-HMAC-SHA256&X-Amz-Credential=AKIAVYV5Z6T6UQ4ARWOC%2F20260123%2Fus-east-2%2Fs3%2Faws4_request&X-Amz-Date=20260123T003711Z&X-Amz-SignedHeaders=host&X-Amz-Signature=41bcfaf64b56b5a7942a4b0a38f3d493246e4ee9f6b5f1ea776eddff58e35faa","meta":{"rootId":"b8ua2q6ec7szrcv","id":"b8ua2q6ec7szrcv"},"id":"lhrmrb98zi58vjt","previousOperationId":"i0pjy2m52woi54y"}
{"type":"log","timestamp":1769128647976,"level":"debug","message":"Running chrome with params {\"printBackground\":true,\"timeout\":59729,\"margin\":{}}","meta":{"rootId":"b8ua2q6ec7szrcv","id":"b8ua2q6ec7szrcv"},"id":"ul4nst95jspuy0b","previousOperationId":"i0pjy2m52woi54y"}
{"type":"operationEnd","operationId":"i0pjy2m52woi54y","timestamp":1769128648147,"id":"9yu31nh9ypo0x4e","previousEventId":"ernls1wjh6i9a07","previousOperationId":"i0pjy2m52woi54y"}
{"type":"log","timestamp":1769128648148,"level":"debug","message":"Skipping storing report.","meta":{"rootId":"b8ua2q6ec7szrcv","id":"b8ua2q6ec7szrcv"},"id":"vuoefa3g5mb0o78","previousOperationId":"i0pjy2m52woi54y"}
{"type":"log","timestamp":1769128648148,"level":"info","message":"Rendering request 5 finished in 1388 ms","meta":{"rootId":"b8ua2q6ec7szrcv","id":"b8ua2q6ec7szrcv"},"id":"zuvr2hbbng7o9s8","previousOperationId":"i0pjy2m52woi54y"}
{"type":"operationEnd","subtype":"render","operationId":"lj3rpn56nt0cx81","timestamp":1769128648148,"id":"sto69t4hn6b3sy5","previousEventId":"9yu31nh9ypo0x4e","previousOperationId":"i0pjy2m52woi54y"}
{"type":"operationEnd","doDiffs":false,"previousEventId":"ntt631dxxvoiy00","previousOperationId":"9lho5500wnot517","operationId":"9lho5500wnot517","timestamp":1769128648151,"id":"tgyjm74lkwav75v"}
