{"type":"operationStart","subtype":"profile","data":{"_id":"S0gxEVzLkC7WOt4z","timestamp":"2026-01-23T01:00:16.984Z","state":"queued","mode":"standard","creationDate":"2026-01-23T01:00:16.986Z","modificationDate":"2026-01-23T01:00:16.986Z","shortid":"It4JBqp","$entitySet":"profiles"},"doDiffs":false,"timestamp":1769130016985,"id":"apufaeepwt16182","previousOperationId":null,"operationId":"24z271q3f4amoxz"}
{"type":"log","level":"info","message":"Render request 14 queued for execution and waiting for available worker","previousOperationId":"24z271q3f4amoxz","timestamp":1769130016986,"id":"0dekxlld14z666e"}
{"type":"operationStart","subtype":"render","name":"general-ledger-v1","previousOperationId":"24z271q3f4amoxz","timestamp":1769130017044,"id":"hd5wuzzfyh6atfp","previousEventId":"apufaeepwt16182","operationId":"kkkqxopbhuf075s"}
{"type":"log","timestamp":1769130017046,"level":"info","message":"Starting rendering request 14","meta":{"rootId":"bnqqtbj93ccf1d7","id":"bnqqtbj93ccf1d7"},"id":"0drw9ighq9f7li6","previousOperationId":"kkkqxopbhuf075s"}
{"type":"log","timestamp":1769130017049,"level":"info","message":"Rendering template { name: general-ledger-v1, recipe: chrome-pdf, engine: handlebars, preview: true }","meta":{"rootId":"bnqqtbj93ccf1d7","id":"bnqqtbj93ccf1d7"},"id":"xezntw8f5kfcj2b","previousOperationId":"kkkqxopbhuf075s"}
{"type":"log","timestamp":1769130017055,"level":"debug","message":"Adding sample data NnLcfKElA","meta":{"rootId":"bnqqtbj93ccf1d7","id":"bnqqtbj93ccf1d7"},"id":"di9antcy6bgoyd0","previousOperationId":"kkkqxopbhuf075s"}
{"type":"log","timestamp":1769130017059,"level":"debug","message":"Base url not specified, skipping its injection.","meta":{"rootId":"bnqqtbj93ccf1d7","id":"bnqqtbj93ccf1d7"},"id":"rqp01bea3yhzgj2","previousOperationId":"kkkqxopbhuf075s"}
{"type":"operationStart","subtype":"engine","name":"handlebars","timestamp":1769130017063,"id":"5hr4y4xs0cuz887","previousEventId":"hd5wuzzfyh6atfp","operationId":"4124e6cnbw6mgbb","previousOperationId":"kkkqxopbhuf075s"}
{"type":"log","timestamp":1769130017064,"level":"debug","message":"Rendering engine handlebars","meta":{"rootId":"bnqqtbj93ccf1d7","id":"bnqqtbj93ccf1d7"},"id":"p2kr0cbjzi1fesc","previousOperationId":"4124e6cnbw6mgbb"}
{"type":"operationEnd","operationId":"4124e6cnbw6mgbb","timestamp":1769130017282,"id":"oouuesd10x3aenl","previousEventId":"5hr4y4xs0cuz887","previousOperationId":"4124e6cnbw6mgbb"}
{"type":"operationStart","subtype":"recipe","name":"chrome-pdf","timestamp":1769130017282,"id":"so5jjr89czgvean","previousEventId":"oouuesd10x3aenl","operationId":"bw9zdi924o6ijrn","previousOperationId":"4124e6cnbw6mgbb"}
{"type":"log","timestamp":1769130017283,"level":"debug","message":"Executing recipe chrome-pdf","meta":{"rootId":"bnqqtbj93ccf1d7","id":"bnqqtbj93ccf1d7"},"id":"r9zfi07aiw5hq7n","previousOperationId":"bw9zdi924o6ijrn"}
{"type":"log","timestamp":1769130017294,"level":"debug","message":"Converting with chrome Chrome/142.0.7444.175 using chrome-pool strategy","meta":{"rootId":"bnqqtbj93ccf1d7","id":"bnqqtbj93ccf1d7"},"id":"1cchqf4k08imkm2","previousOperationId":"bw9zdi924o6ijrn"}
{"type":"log","timestamp":1769130017383,"level":"debug","message":"Page request: GET (document) file:///tmp/jsreport/autocleanup/38657321-07f8-4c94-9e37-df6944e94c47-chrome-pdf.html","meta":{"rootId":"bnqqtbj93ccf1d7","id":"bnqqtbj93ccf1d7"},"id":"3txr0a48t3ssgog","previousOperationId":"bw9zdi924o6ijrn"}
{"type":"log","timestamp":1769130017402,"level":"debug","message":"Page request finished: GET (document) 200 file:///tmp/jsreport/autocleanup/38657321-07f8-4c94-9e37-df6944e94c47-chrome-pdf.html","meta":{"rootId":"bnqqtbj93ccf1d7","id":"bnqqtbj93ccf1d7"},"id":"wdp1uwlbo7wjv6v","previousOperationId":"bw9zdi924o6ijrn"}
{"type":"log","timestamp":1769130017405,"level":"debug","message":"Page request: GET (image) https://paciolibucket.s3.us-east-2.amazonaws.com/orgs/c64b69f6759a43a1bc0ae31961876751/companies/logos/e9767ff4-7186-447f-a397-208ea6bbfdb8_ninosfelices.png?X-Amz-Expires=600&X-Amz-Algorithm=AWS4-HMAC-SHA256&X-Amz-Credential=AKIAVYV5Z6T6UQ4ARWOC%2F20260123%2Fus-east-2%2Fs3%2Faws4_request&X-Amz-Date=20260123T003711Z&X-Amz-SignedHeaders=host&X-Amz-Signature=41bcfaf64b56b5a7942a4b0a38f3d493246e4ee9f6b5f1ea776eddff58e35faa","meta":{"rootId":"bnqqtbj93ccf1d7","id":"bnqqtbj93ccf1d7"},"id":"wt09amnnkdxnddk","previousOperationId":"bw9zdi924o6ijrn"}
{"type":"log","timestamp":1769130017456,"level":"debug","message":"Page request finished: GET (image) 200 https://paciolibucket.s3.us-east-2.amazonaws.com/orgs/c64b69f6759a43a1bc0ae31961876751/companies/logos/e9767ff4-7186-447f-a397-208ea6bbfdb8_ninosfelices.png?X-Amz-Expires=600&X-Amz-Algorithm=AWS4-HMAC-SHA256&X-Amz-Credential=AKIAVYV5Z6T6UQ4ARWOC%2F20260123%2Fus-east-2%2Fs3%2Faws4_request&X-Amz-Date=20260123T003711Z&X-Amz-SignedHeaders=host&X-Amz-Signature=41bcfaf64b56b5a7942a4b0a38f3d493246e4ee9f6b5f1ea776eddff58e35faa","meta":{"rootId":"bnqqtbj93ccf1d7","id":"bnqqtbj93ccf1d7"},"id":"p0zfat21efi44yr","previousOperationId":"bw9zdi924o6ijrn"}
{"type":"log","timestamp":1769130017457,"level":"debug","message":"Running chrome with params {\"printBackground\":true,\"timeout\":59696,\"margin\":{}}","meta":{"rootId":"bnqqtbj93ccf1d7","id":"bnqqtbj93ccf1d7"},"id":"thcasm616g7i27b","previousOperationId":"bw9zdi924o6ijrn"}
{"type":"operationEnd","operationId":"bw9zdi924o6ijrn","timestamp":1769130017538,"id":"hzeir0jk3g3ck0l","previousEventId":"so5jjr89czgvean","previousOperationId":"bw9zdi924o6ijrn"}
{"type":"log","timestamp":1769130017538,"level":"debug","message":"Skipping storing report.","meta":{"rootId":"bnqqtbj93ccf1d7","id":"bnqqtbj93ccf1d7"},"id":"xbi2lqw2nweinvn","previousOperationId":"bw9zdi924o6ijrn"}
{"type":"log","timestamp":1769130017538,"level":"info","message":"Rendering request 14 finished in 554 ms","meta":{"rootId":"bnqqtbj93ccf1d7","id":"bnqqtbj93ccf1d7"},"id":"5n5pnmxjjlxxz2z","previousOperationId":"bw9zdi924o6ijrn"}
{"type":"operationEnd","subtype":"render","operationId":"kkkqxopbhuf075s","timestamp":1769130017538,"id":"5gbqapg8rlwvjex","previousEventId":"hzeir0jk3g3ck0l","previousOperationId":"bw9zdi924o6ijrn"}
{"type":"operationEnd","doDiffs":false,"previousEventId":"apufaeepwt16182","previousOperationId":"24z271q3f4amoxz","operationId":"24z271q3f4amoxz","timestamp":1769130017540,"id":"5s6xylas8pf18h9"}
