{"type":"operationStart","subtype":"profile","data":{"_id":"Pok8IKAJtbHg2KuL","timestamp":"2026-01-23T00:59:45.852Z","state":"queued","mode":"standard","creationDate":"2026-01-23T00:59:45.856Z","modificationDate":"2026-01-23T00:59:45.856Z","shortid":"FWRm78I","$entitySet":"profiles"},"doDiffs":false,"timestamp":1769129985854,"id":"66c0z2nizl21czp","previousOperationId":null,"operationId":"h8jh6q20slhlm69"}
{"type":"log","level":"info","message":"Render request 13 queued for execution and waiting for available worker","previousOperationId":"h8jh6q20slhlm69","timestamp":1769129985855,"id":"61n5wr24tia6vn8"}
{"type":"operationStart","subtype":"render","name":"general-ledger-v1","previousOperationId":"h8jh6q20slhlm69","timestamp":1769129985941,"id":"umn6kv4dxlol9pr","previousEventId":"66c0z2nizl21czp","operationId":"vk9er9g3x7pswi2"}
{"type":"log","timestamp":1769129985945,"level":"info","message":"Starting rendering request 13","meta":{"rootId":"clx3v49jkyl8j9e","id":"clx3v49jkyl8j9e"},"id":"0bqoqxx9bjlwytd","previousOperationId":"vk9er9g3x7pswi2"}
{"type":"log","timestamp":1769129985949,"level":"info","message":"Rendering template { name: general-ledger-v1, recipe: chrome-pdf, engine: handlebars, preview: true }","meta":{"rootId":"clx3v49jkyl8j9e","id":"clx3v49jkyl8j9e"},"id":"q49k6sxd4560vhs","previousOperationId":"vk9er9g3x7pswi2"}
{"type":"log","timestamp":1769129985958,"level":"debug","message":"Adding sample data NnLcfKElA","meta":{"rootId":"clx3v49jkyl8j9e","id":"clx3v49jkyl8j9e"},"id":"0mw8es371ya1r2l","previousOperationId":"vk9er9g3x7pswi2"}
{"type":"log","timestamp":1769129985967,"level":"debug","message":"Base url not specified, skipping its injection.","meta":{"rootId":"clx3v49jkyl8j9e","id":"clx3v49jkyl8j9e"},"id":"1m60bgyezed9v8r","previousOperationId":"vk9er9g3x7pswi2"}
{"type":"operationStart","subtype":"engine","name":"handlebars","timestamp":1769129985972,"id":"8gwfqqz6vmj0ywo","previousEventId":"umn6kv4dxlol9pr","operationId":"pvbwsjiyagzjq00","previousOperationId":"vk9er9g3x7pswi2"}
{"type":"log","timestamp":1769129985972,"level":"debug","message":"Rendering engine handlebars","meta":{"rootId":"clx3v49jkyl8j9e","id":"clx3v49jkyl8j9e"},"id":"jv20u24ddjltc5o","previousOperationId":"pvbwsjiyagzjq00"}
{"type":"operationEnd","operationId":"pvbwsjiyagzjq00","timestamp":1769129986175,"id":"a3yc9geioqaztwe","previousEventId":"8gwfqqz6vmj0ywo","previousOperationId":"pvbwsjiyagzjq00"}
{"type":"operationStart","subtype":"recipe","name":"chrome-pdf","timestamp":1769129986177,"id":"dn6mbwb74q589wp","previousEventId":"a3yc9geioqaztwe","operationId":"e4o0jbsc2oc52hr","previousOperationId":"pvbwsjiyagzjq00"}
{"type":"log","timestamp":1769129986177,"level":"debug","message":"Executing recipe chrome-pdf","meta":{"rootId":"clx3v49jkyl8j9e","id":"clx3v49jkyl8j9e"},"id":"7k5w5i6ul4h61j7","previousOperationId":"e4o0jbsc2oc52hr"}
{"type":"log","timestamp":1769129986200,"level":"debug","message":"Converting with chrome Chrome/142.0.7444.175 using chrome-pool strategy","meta":{"rootId":"clx3v49jkyl8j9e","id":"clx3v49jkyl8j9e"},"id":"y8q3qah65k8nr56","previousOperationId":"e4o0jbsc2oc52hr"}
{"type":"log","timestamp":1769129986609,"level":"debug","message":"Page request: GET (document) file:///tmp/jsreport/autocleanup/4d0f1039-6209-43e7-aa5e-717673bd491d-chrome-pdf.html","meta":{"rootId":"clx3v49jkyl8j9e","id":"clx3v49jkyl8j9e"},"id":"bj2mpaydr0wxx64","previousOperationId":"e4o0jbsc2oc52hr"}
{"type":"log","timestamp":1769129986655,"level":"debug","message":"Page request finished: GET (document) 200 file:///tmp/jsreport/autocleanup/4d0f1039-6209-43e7-aa5e-717673bd491d-chrome-pdf.html","meta":{"rootId":"clx3v49jkyl8j9e","id":"clx3v49jkyl8j9e"},"id":"uamgdx6in5696uk","previousOperationId":"e4o0jbsc2oc52hr"}
{"type":"log","timestamp":1769129986656,"level":"debug","message":"Page request: GET (image) https://paciolibucket.s3.us-east-2.amazonaws.com/orgs/c64b69f6759a43a1bc0ae31961876751/companies/logos/e9767ff4-7186-447f-a397-208ea6bbfdb8_ninosfelices.png?X-Amz-Expires=600&X-Amz-Algorithm=AWS4-HMAC-SHA256&X-Amz-Credential=AKIAVYV5Z6T6UQ4ARWOC%2F20260123%2Fus-east-2%2Fs3%2Faws4_request&X-Amz-Date=20260123T003711Z&X-Amz-SignedHeaders=host&X-Amz-Signature=41bcfaf64b56b5a7942a4b0a38f3d493246e4ee9f6b5f1ea776eddff58e35faa","meta":{"rootId":"clx3v49jkyl8j9e","id":"clx3v49jkyl8j9e"},"id":"v33zyj9bh4xeepp","previousOperationId":"e4o0jbsc2oc52hr"}
{"type":"log","timestamp":1769129986732,"level":"debug","message":"Page request finished: GET (image) 200 https://paciolibucket.s3.us-east-2.amazonaws.com/orgs/c64b69f6759a43a1bc0ae31961876751/companies/logos/e9767ff4-7186-447f-a397-208ea6bbfdb8_ninosfelices.png?X-Amz-Expires=600&X-Amz-Algorithm=AWS4-HMAC-SHA256&X-Amz-Credential=AKIAVYV5Z6T6UQ4ARWOC%2F20260123%2Fus-east-2%2Fs3%2Faws4_request&X-Amz-Date=20260123T003711Z&X-Amz-SignedHeaders=host&X-Amz-Signature=41bcfaf64b56b5a7942a4b0a38f3d493246e4ee9f6b5f1ea776eddff58e35faa","meta":{"rootId":"clx3v49jkyl8j9e","id":"clx3v49jkyl8j9e"},"id":"b445d31uuyywjvn","previousOperationId":"e4o0jbsc2oc52hr"}
{"type":"log","timestamp":1769129986736,"level":"debug","message":"Running chrome with params {\"printBackground\":true,\"timeout\":59667,\"margin\":{}}","meta":{"rootId":"clx3v49jkyl8j9e","id":"clx3v49jkyl8j9e"},"id":"c6ni72lz80oo4rd","previousOperationId":"e4o0jbsc2oc52hr"}
{"type":"operationEnd","operationId":"e4o0jbsc2oc52hr","timestamp":1769129986852,"id":"w9lwb9vhhouenac","previousEventId":"dn6mbwb74q589wp","previousOperationId":"e4o0jbsc2oc52hr"}
{"type":"log","timestamp":1769129986852,"level":"debug","message":"Skipping storing report.","meta":{"rootId":"clx3v49jkyl8j9e","id":"clx3v49jkyl8j9e"},"id":"s798xk8ifdtlmzw","previousOperationId":"e4o0jbsc2oc52hr"}
{"type":"log","timestamp":1769129986852,"level":"info","message":"Rendering request 13 finished in 1001 ms","meta":{"rootId":"clx3v49jkyl8j9e","id":"clx3v49jkyl8j9e"},"id":"1jdlkvvntk5a2sv","previousOperationId":"e4o0jbsc2oc52hr"}
{"type":"operationEnd","subtype":"render","operationId":"vk9er9g3x7pswi2","timestamp":1769129986852,"id":"b29daqk9gg30bug","previousEventId":"w9lwb9vhhouenac","previousOperationId":"e4o0jbsc2oc52hr"}
{"type":"operationEnd","doDiffs":false,"previousEventId":"66c0z2nizl21czp","previousOperationId":"h8jh6q20slhlm69","operationId":"h8jh6q20slhlm69","timestamp":1769129986854,"id":"vjdfn8aeumdh50z"}
