{"type":"operationStart","subtype":"profile","data":{"_id":"zl7UV2zNpDtkSxuz","timestamp":"2026-01-23T01:02:33.810Z","state":"queued","mode":"standard","creationDate":"2026-01-23T01:02:33.812Z","modificationDate":"2026-01-23T01:02:33.812Z","shortid":"cWLgOWN","$entitySet":"profiles"},"doDiffs":false,"timestamp":1769130153812,"id":"zmssipjunk0yraz","previousOperationId":null,"operationId":"okfi7lqyhsv5ey9"}
{"type":"log","level":"info","message":"Render request 16 queued for execution and waiting for available worker","previousOperationId":"okfi7lqyhsv5ey9","timestamp":1769130153812,"id":"c0znpboz5eou2wz"}
{"type":"operationStart","subtype":"render","name":"general-ledger-v1","previousOperationId":"okfi7lqyhsv5ey9","timestamp":1769130153862,"id":"t8e9yt5b2str8re","previousEventId":"zmssipjunk0yraz","operationId":"zbdci78jggqi7p7"}
{"type":"log","timestamp":1769130153862,"level":"info","message":"Starting rendering request 16","meta":{"rootId":"dyns3090gyewyig","id":"dyns3090gyewyig"},"id":"tafb4w4rlmtt9di","previousOperationId":"zbdci78jggqi7p7"}
{"type":"log","timestamp":1769130153862,"level":"info","message":"Rendering template { name: general-ledger-v1, recipe: chrome-pdf, engine: handlebars, preview: true }","meta":{"rootId":"dyns3090gyewyig","id":"dyns3090gyewyig"},"id":"f9hhagdf79vqe16","previousOperationId":"zbdci78jggqi7p7"}
{"type":"log","timestamp":1769130153866,"level":"debug","message":"Adding sample data NnLcfKElA","meta":{"rootId":"dyns3090gyewyig","id":"dyns3090gyewyig"},"id":"1pyp2y8jbun4xtk","previousOperationId":"zbdci78jggqi7p7"}
{"type":"log","timestamp":1769130153869,"level":"debug","message":"Base url not specified, skipping its injection.","meta":{"rootId":"dyns3090gyewyig","id":"dyns3090gyewyig"},"id":"gn2bt72ppbig9mn","previousOperationId":"zbdci78jggqi7p7"}
{"type":"operationStart","subtype":"engine","name":"handlebars","timestamp":1769130153869,"id":"n4o7vfwyxbxox9x","previousEventId":"t8e9yt5b2str8re","operationId":"9chunot3wxnaho8","previousOperationId":"zbdci78jggqi7p7"}
{"type":"log","timestamp":1769130153869,"level":"debug","message":"Rendering engine handlebars","meta":{"rootId":"dyns3090gyewyig","id":"dyns3090gyewyig"},"id":"44q21anast7wn4u","previousOperationId":"9chunot3wxnaho8"}
{"type":"operationEnd","operationId":"9chunot3wxnaho8","timestamp":1769130153937,"id":"75wx4nbt9c5n2g6","previousEventId":"n4o7vfwyxbxox9x","previousOperationId":"9chunot3wxnaho8"}
{"type":"operationStart","subtype":"recipe","name":"chrome-pdf","timestamp":1769130153937,"id":"d9l1cpw7wt04vyt","previousEventId":"75wx4nbt9c5n2g6","operationId":"tyctwc6eae46mvl","previousOperationId":"9chunot3wxnaho8"}
{"type":"log","timestamp":1769130153937,"level":"debug","message":"Executing recipe chrome-pdf","meta":{"rootId":"dyns3090gyewyig","id":"dyns3090gyewyig"},"id":"kkd3gakek5usf20","previousOperationId":"tyctwc6eae46mvl"}
{"type":"log","timestamp":1769130153939,"level":"debug","message":"Converting with chrome Chrome/142.0.7444.175 using chrome-pool strategy","meta":{"rootId":"dyns3090gyewyig","id":"dyns3090gyewyig"},"id":"ip5j7e4dlp7dvld","previousOperationId":"tyctwc6eae46mvl"}
{"type":"log","timestamp":1769130153975,"level":"debug","message":"Page request: GET (document) file:///tmp/jsreport/autocleanup/6286cb60-6f1a-4106-849c-803765321bca-chrome-pdf.html","meta":{"rootId":"dyns3090gyewyig","id":"dyns3090gyewyig"},"id":"kzqgq14m1qy39w1","previousOperationId":"tyctwc6eae46mvl"}
{"type":"log","timestamp":1769130153990,"level":"debug","message":"Page request finished: GET (document) 200 file:///tmp/jsreport/autocleanup/6286cb60-6f1a-4106-849c-803765321bca-chrome-pdf.html","meta":{"rootId":"dyns3090gyewyig","id":"dyns3090gyewyig"},"id":"ttb9snl5jmj7ysa","previousOperationId":"tyctwc6eae46mvl"}
{"type":"log","timestamp":1769130153990,"level":"debug","message":"Page request: GET (image) https://paciolibucket.s3.us-east-2.amazonaws.com/orgs/c64b69f6759a43a1bc0ae31961876751/companies/logos/e9767ff4-7186-447f-a397-208ea6bbfdb8_ninosfelices.png?X-Amz-Expires=600&X-Amz-Algorithm=AWS4-HMAC-SHA256&X-Amz-Credential=AKIAVYV5Z6T6UQ4ARWOC%2F20260123%2Fus-east-2%2Fs3%2Faws4_request&X-Amz-Date=20260123T003711Z&X-Amz-SignedHeaders=host&X-Amz-Signature=41bcfaf64b56b5a7942a4b0a38f3d493246e4ee9f6b5f1ea776eddff58e35faa","meta":{"rootId":"dyns3090gyewyig","id":"dyns3090gyewyig"},"id":"tbqm0s7fyq7up16","previousOperationId":"tyctwc6eae46mvl"}
{"type":"log","timestamp":1769130154025,"level":"debug","message":"Page request finished: GET (image) 200 https://paciolibucket.s3.us-east-2.amazonaws.com/orgs/c64b69f6759a43a1bc0ae31961876751/companies/logos/e9767ff4-7186-447f-a397-208ea6bbfdb8_ninosfelices.png?X-Amz-Expires=600&X-Amz-Algorithm=AWS4-HMAC-SHA256&X-Amz-Credential=AKIAVYV5Z6T6UQ4ARWOC%2F20260123%2Fus-east-2%2Fs3%2Faws4_request&X-Amz-Date=20260123T003711Z&X-Amz-SignedHeaders=host&X-Amz-Signature=41bcfaf64b56b5a7942a4b0a38f3d493246e4ee9f6b5f1ea776eddff58e35faa","meta":{"rootId":"dyns3090gyewyig","id":"dyns3090gyewyig"},"id":"zlkrt0cvmk9teil","previousOperationId":"tyctwc6eae46mvl"}
{"type":"log","timestamp":1769130154026,"level":"debug","message":"Running chrome with params {\"printBackground\":true,\"timeout\":59872,\"margin\":{}}","meta":{"rootId":"dyns3090gyewyig","id":"dyns3090gyewyig"},"id":"hbd85b42qf9iggd","previousOperationId":"tyctwc6eae46mvl"}
{"type":"operationEnd","operationId":"tyctwc6eae46mvl","timestamp":1769130154091,"id":"yhs214rfs8ci8sg","previousEventId":"d9l1cpw7wt04vyt","previousOperationId":"tyctwc6eae46mvl"}
{"type":"log","timestamp":1769130154091,"level":"debug","message":"Skipping storing report.","meta":{"rootId":"dyns3090gyewyig","id":"dyns3090gyewyig"},"id":"8n4xj65hehyaaqk","previousOperationId":"tyctwc6eae46mvl"}
{"type":"log","timestamp":1769130154091,"level":"info","message":"Rendering request 16 finished in 281 ms","meta":{"rootId":"dyns3090gyewyig","id":"dyns3090gyewyig"},"id":"447yxfykf9eqhhf","previousOperationId":"tyctwc6eae46mvl"}
{"type":"operationEnd","subtype":"render","operationId":"zbdci78jggqi7p7","timestamp":1769130154091,"id":"7r0ubvrhhdzp77y","previousEventId":"yhs214rfs8ci8sg","previousOperationId":"tyctwc6eae46mvl"}
{"type":"operationEnd","doDiffs":false,"previousEventId":"zmssipjunk0yraz","previousOperationId":"okfi7lqyhsv5ey9","operationId":"okfi7lqyhsv5ey9","timestamp":1769130154094,"id":"8hxx8w9l8jqzk4n"}
