{"type":"operationStart","subtype":"profile","data":{"_id":"LGF983vBRM2ePxi4","timestamp":"2026-01-23T02:19:13.634Z","state":"queued","mode":"standard","creationDate":"2026-01-23T02:19:13.637Z","modificationDate":"2026-01-23T02:19:13.637Z","shortid":"lfccwhG","$entitySet":"profiles"},"doDiffs":false,"timestamp":1769134753637,"id":"zoqyygdstcugxn1","previousOperationId":null,"operationId":"tctilwkaifmmrye"}
{"type":"log","level":"info","message":"Render request 29 queued for execution and waiting for available worker","previousOperationId":"tctilwkaifmmrye","timestamp":1769134753637,"id":"fexg2qw0kg1mawt"}
{"type":"operationStart","subtype":"render","name":"general-ledger-v1","previousOperationId":"tctilwkaifmmrye","timestamp":1769134753722,"id":"x73w0newj4yz2fp","previousEventId":"zoqyygdstcugxn1","operationId":"llnyxb9ans5xmnu"}
{"type":"log","timestamp":1769134753727,"level":"info","message":"Starting rendering request 29","meta":{"rootId":"e5olqp31kslqa5i","id":"e5olqp31kslqa5i"},"id":"1p1kvo71qq3jv21","previousOperationId":"llnyxb9ans5xmnu"}
{"type":"log","timestamp":1769134753737,"level":"info","message":"Rendering template { name: general-ledger-v1, recipe: chrome-pdf, engine: handlebars, preview: true }","meta":{"rootId":"e5olqp31kslqa5i","id":"e5olqp31kslqa5i"},"id":"l51qdzuqxkns6d4","previousOperationId":"llnyxb9ans5xmnu"}
{"type":"log","timestamp":1769134753758,"level":"debug","message":"Adding sample data NnLcfKElA","meta":{"rootId":"e5olqp31kslqa5i","id":"e5olqp31kslqa5i"},"id":"r0cl0tsd30wfodd","previousOperationId":"llnyxb9ans5xmnu"}
{"type":"log","timestamp":1769134753771,"level":"debug","message":"Base url not specified, skipping its injection.","meta":{"rootId":"e5olqp31kslqa5i","id":"e5olqp31kslqa5i"},"id":"2g8fxt8etwy8pj7","previousOperationId":"llnyxb9ans5xmnu"}
{"type":"operationStart","subtype":"engine","name":"handlebars","timestamp":1769134753779,"id":"0cwbf4dlayxenj8","previousEventId":"x73w0newj4yz2fp","operationId":"ooy6e1fw1zkeson","previousOperationId":"llnyxb9ans5xmnu"}
{"type":"log","timestamp":1769134753779,"level":"debug","message":"Rendering engine handlebars","meta":{"rootId":"e5olqp31kslqa5i","id":"e5olqp31kslqa5i"},"id":"llsx9uhc164fcdl","previousOperationId":"ooy6e1fw1zkeson"}
{"type":"operationEnd","operationId":"ooy6e1fw1zkeson","timestamp":1769134753878,"id":"qe4wswz5d2oxm8n","previousEventId":"0cwbf4dlayxenj8","previousOperationId":"ooy6e1fw1zkeson"}
{"type":"operationStart","subtype":"recipe","name":"chrome-pdf","timestamp":1769134753879,"id":"tznkr3kvotsvozc","previousEventId":"qe4wswz5d2oxm8n","operationId":"97xirbe8433bgsv","previousOperationId":"ooy6e1fw1zkeson"}
{"type":"log","timestamp":1769134753879,"level":"debug","message":"Executing recipe chrome-pdf","meta":{"rootId":"e5olqp31kslqa5i","id":"e5olqp31kslqa5i"},"id":"jck2gt1hqyho486","previousOperationId":"97xirbe8433bgsv"}
{"type":"log","timestamp":1769134753913,"level":"debug","message":"Converting with chrome Chrome/142.0.7444.175 using chrome-pool strategy","meta":{"rootId":"e5olqp31kslqa5i","id":"e5olqp31kslqa5i"},"id":"vj8bnp0cg1mmd5r","previousOperationId":"97xirbe8433bgsv"}
{"type":"log","timestamp":1769134754120,"level":"debug","message":"Page request: GET (document) file:///tmp/jsreport/autocleanup/5f410553-bd41-4e57-a5ff-36e014926492-chrome-pdf.html","meta":{"rootId":"e5olqp31kslqa5i","id":"e5olqp31kslqa5i"},"id":"25kgk5g4n9bhwba","previousOperationId":"97xirbe8433bgsv"}
{"type":"log","timestamp":1769134754141,"level":"debug","message":"Page request finished: GET (document) 200 file:///tmp/jsreport/autocleanup/5f410553-bd41-4e57-a5ff-36e014926492-chrome-pdf.html","meta":{"rootId":"e5olqp31kslqa5i","id":"e5olqp31kslqa5i"},"id":"0snxyjmjek283vr","previousOperationId":"97xirbe8433bgsv"}
{"type":"log","timestamp":1769134754150,"level":"debug","message":"Page request: GET (image) https://paciolibucket.s3.us-east-2.amazonaws.com/orgs/c64b69f6759a43a1bc0ae31961876751/companies/logos/e9767ff4-7186-447f-a397-208ea6bbfdb8_ninosfelices.png?X-Amz-Expires=600&X-Amz-Algorithm=AWS4-HMAC-SHA256&X-Amz-Credential=AKIAVYV5Z6T6UQ4ARWOC%2F20260123%2Fus-east-2%2Fs3%2Faws4_request&X-Amz-Date=20260123T021411Z&X-Amz-SignedHeaders=host&X-Amz-Signature=44b9bfc3a8a8b30d8809abd973af26164ce987276c08e15740f2c6ff7208e172","meta":{"rootId":"e5olqp31kslqa5i","id":"e5olqp31kslqa5i"},"id":"sswtf3dmm9kfegq","previousOperationId":"97xirbe8433bgsv"}
{"type":"log","timestamp":1769134754208,"level":"debug","message":"Page request finished: GET (image) 200 https://paciolibucket.s3.us-east-2.amazonaws.com/orgs/c64b69f6759a43a1bc0ae31961876751/companies/logos/e9767ff4-7186-447f-a397-208ea6bbfdb8_ninosfelices.png?X-Amz-Expires=600&X-Amz-Algorithm=AWS4-HMAC-SHA256&X-Amz-Credential=AKIAVYV5Z6T6UQ4ARWOC%2F20260123%2Fus-east-2%2Fs3%2Faws4_request&X-Amz-Date=20260123T021411Z&X-Amz-SignedHeaders=host&X-Amz-Signature=44b9bfc3a8a8b30d8809abd973af26164ce987276c08e15740f2c6ff7208e172","meta":{"rootId":"e5olqp31kslqa5i","id":"e5olqp31kslqa5i"},"id":"qwcp4p4pj644r3g","previousOperationId":"97xirbe8433bgsv"}
{"type":"log","timestamp":1769134754215,"level":"debug","message":"Running chrome with params {\"printBackground\":true,\"timeout\":59745,\"margin\":{}}","meta":{"rootId":"e5olqp31kslqa5i","id":"e5olqp31kslqa5i"},"id":"tvv2fjpyatrdtsa","previousOperationId":"97xirbe8433bgsv"}
{"type":"operationEnd","operationId":"97xirbe8433bgsv","timestamp":1769134754330,"id":"q54w8rfj1k8aj66","previousEventId":"tznkr3kvotsvozc","previousOperationId":"97xirbe8433bgsv"}
{"type":"log","timestamp":1769134754330,"level":"debug","message":"Skipping storing report.","meta":{"rootId":"e5olqp31kslqa5i","id":"e5olqp31kslqa5i"},"id":"28mgr36vc5pr2sz","previousOperationId":"97xirbe8433bgsv"}
{"type":"log","timestamp":1769134754330,"level":"info","message":"Rendering request 29 finished in 696 ms","meta":{"rootId":"e5olqp31kslqa5i","id":"e5olqp31kslqa5i"},"id":"cjxun2kfvi8w0xk","previousOperationId":"97xirbe8433bgsv"}
{"type":"operationEnd","subtype":"render","operationId":"llnyxb9ans5xmnu","timestamp":1769134754330,"id":"mhft28k4k0kz4tf","previousEventId":"q54w8rfj1k8aj66","previousOperationId":"97xirbe8433bgsv"}
{"type":"operationEnd","doDiffs":false,"previousEventId":"zoqyygdstcugxn1","previousOperationId":"tctilwkaifmmrye","operationId":"tctilwkaifmmrye","timestamp":1769134754332,"id":"q58ffobydtsjpon"}
