{"type":"operationStart","subtype":"profile","data":{"_id":"PEF8pQNNnTVPWkTF","timestamp":"2026-01-23T00:30:26.578Z","state":"queued","mode":"standard","creationDate":"2026-01-23T00:30:26.581Z","modificationDate":"2026-01-23T00:30:26.581Z","shortid":"1nOErHS","$entitySet":"profiles"},"doDiffs":false,"timestamp":1769128226581,"id":"pmtln6jotrdkzzx","previousOperationId":null,"operationId":"rt31eurq8bcxbgv"}
{"type":"log","level":"info","message":"Render request 2 queued for execution and waiting for available worker","previousOperationId":"rt31eurq8bcxbgv","timestamp":1769128226581,"id":"a7t6rdlnko02auh"}
{"type":"operationStart","subtype":"render","name":"general-ledger-v1","previousOperationId":"rt31eurq8bcxbgv","timestamp":1769128226662,"id":"c3gbn68bdtc04l6","previousEventId":"pmtln6jotrdkzzx","operationId":"pa4maonqi8s3wxb"}
{"type":"log","timestamp":1769128226668,"level":"info","message":"Starting rendering request 2","meta":{"rootId":"ev8iy46da8hw3wo","id":"ev8iy46da8hw3wo"},"id":"d8uc0rj2l2vkbrx","previousOperationId":"pa4maonqi8s3wxb"}
{"type":"log","timestamp":1769128226673,"level":"info","message":"Rendering template { name: general-ledger-v1, recipe: chrome-pdf, engine: handlebars, preview: true }","meta":{"rootId":"ev8iy46da8hw3wo","id":"ev8iy46da8hw3wo"},"id":"rv7ekj1j3jphkbu","previousOperationId":"pa4maonqi8s3wxb"}
{"type":"log","timestamp":1769128226681,"level":"debug","message":"Adding sample data NnLcfKElA","meta":{"rootId":"ev8iy46da8hw3wo","id":"ev8iy46da8hw3wo"},"id":"atd1dnglufa6jw1","previousOperationId":"pa4maonqi8s3wxb"}
{"type":"log","timestamp":1769128226691,"level":"debug","message":"Base url not specified, skipping its injection.","meta":{"rootId":"ev8iy46da8hw3wo","id":"ev8iy46da8hw3wo"},"id":"2i5d34b5iq3rzk3","previousOperationId":"pa4maonqi8s3wxb"}
{"type":"operationStart","subtype":"engine","name":"handlebars","timestamp":1769128226699,"id":"7los371rtdxtdnf","previousEventId":"c3gbn68bdtc04l6","operationId":"l82f0jeqcj9wtyz","previousOperationId":"pa4maonqi8s3wxb"}
{"type":"log","timestamp":1769128226699,"level":"debug","message":"Rendering engine handlebars","meta":{"rootId":"ev8iy46da8hw3wo","id":"ev8iy46da8hw3wo"},"id":"fktn0c7yi07m136","previousOperationId":"l82f0jeqcj9wtyz"}
{"type":"operationEnd","operationId":"l82f0jeqcj9wtyz","timestamp":1769128227261,"id":"3vmuvun9clplswu","previousEventId":"7los371rtdxtdnf","previousOperationId":"l82f0jeqcj9wtyz"}
{"type":"operationStart","subtype":"recipe","name":"chrome-pdf","timestamp":1769128227261,"id":"c08vyiyz4uh7ic4","previousEventId":"3vmuvun9clplswu","operationId":"40c28dmam5a4rgt","previousOperationId":"l82f0jeqcj9wtyz"}
{"type":"log","timestamp":1769128227261,"level":"debug","message":"Executing recipe chrome-pdf","meta":{"rootId":"ev8iy46da8hw3wo","id":"ev8iy46da8hw3wo"},"id":"87k12k2um5hcugz","previousOperationId":"40c28dmam5a4rgt"}
{"type":"log","timestamp":1769128227962,"level":"debug","message":"Converting with chrome Chrome/142.0.7444.175 using chrome-pool strategy","meta":{"rootId":"ev8iy46da8hw3wo","id":"ev8iy46da8hw3wo"},"id":"nm39iilhv77df1d","previousOperationId":"40c28dmam5a4rgt"}
{"type":"log","timestamp":1769128228063,"level":"debug","message":"Page request: GET (document) file:///tmp/jsreport/autocleanup/2a09fb38-3e98-40a3-a945-50eb5fbb02b5-chrome-pdf.html","meta":{"rootId":"ev8iy46da8hw3wo","id":"ev8iy46da8hw3wo"},"id":"8blf19ngs5glxmy","previousOperationId":"40c28dmam5a4rgt"}
{"type":"log","timestamp":1769128228079,"level":"debug","message":"Page request: GET (image) https://paciolibucket.s3.us-east-2.amazonaws.com/orgs/c64b69f6759a43a1bc0ae31961876751/companies/logos/e9767ff4-7186-447f-a397-208ea6bbfdb8_ninosfelices.png?X-Amz-Expires=600&X-Amz-Algorithm=AWS4-HMAC-SHA256&X-Amz-Credential=AKIAVYV5Z6T6UQ4ARWOC%2F20260123%2Fus-east-2%2Fs3%2Faws4_request&X-Amz-Date=20260123T002421Z&X-Amz-SignedHeaders=host&X-Amz-Signature=6af71e23f6de90688d34ab8c56a515e612723d489eb32b1daa2c81935772d45f","meta":{"rootId":"ev8iy46da8hw3wo","id":"ev8iy46da8hw3wo"},"id":"5e9utimpmt5r1ot","previousOperationId":"40c28dmam5a4rgt"}
{"type":"log","timestamp":1769128228080,"level":"debug","message":"Page request finished: GET (document) 200 file:///tmp/jsreport/autocleanup/2a09fb38-3e98-40a3-a945-50eb5fbb02b5-chrome-pdf.html","meta":{"rootId":"ev8iy46da8hw3wo","id":"ev8iy46da8hw3wo"},"id":"31n9d5bf7uwf2ms","previousOperationId":"40c28dmam5a4rgt"}
{"type":"log","timestamp":1769128228590,"level":"debug","message":"Page request finished: GET (image) 200 https://paciolibucket.s3.us-east-2.amazonaws.com/orgs/c64b69f6759a43a1bc0ae31961876751/companies/logos/e9767ff4-7186-447f-a397-208ea6bbfdb8_ninosfelices.png?X-Amz-Expires=600&X-Amz-Algorithm=AWS4-HMAC-SHA256&X-Amz-Credential=AKIAVYV5Z6T6UQ4ARWOC%2F20260123%2Fus-east-2%2Fs3%2Faws4_request&X-Amz-Date=20260123T002421Z&X-Amz-SignedHeaders=host&X-Amz-Signature=6af71e23f6de90688d34ab8c56a515e612723d489eb32b1daa2c81935772d45f","meta":{"rootId":"ev8iy46da8hw3wo","id":"ev8iy46da8hw3wo"},"id":"dpclzihj80v05ln","previousOperationId":"40c28dmam5a4rgt"}
{"type":"log","timestamp":1769128228592,"level":"debug","message":"Running chrome with params {\"printBackground\":true,\"timeout\":59307,\"margin\":{}}","meta":{"rootId":"ev8iy46da8hw3wo","id":"ev8iy46da8hw3wo"},"id":"mz1pfmqe7yr6wae","previousOperationId":"40c28dmam5a4rgt"}
{"type":"operationEnd","operationId":"40c28dmam5a4rgt","timestamp":1769128228675,"id":"psot34l64vsi0sq","previousEventId":"c08vyiyz4uh7ic4","previousOperationId":"40c28dmam5a4rgt"}
{"type":"log","timestamp":1769128228675,"level":"debug","message":"Skipping storing report.","meta":{"rootId":"ev8iy46da8hw3wo","id":"ev8iy46da8hw3wo"},"id":"46yfgoomket1c94","previousOperationId":"40c28dmam5a4rgt"}
{"type":"log","timestamp":1769128228676,"level":"info","message":"Rendering request 2 finished in 2102 ms","meta":{"rootId":"ev8iy46da8hw3wo","id":"ev8iy46da8hw3wo"},"id":"yhbl3jr0rvtapd2","previousOperationId":"40c28dmam5a4rgt"}
{"type":"operationEnd","subtype":"render","operationId":"pa4maonqi8s3wxb","timestamp":1769128228676,"id":"v0eg73lhl5jvbl2","previousEventId":"psot34l64vsi0sq","previousOperationId":"40c28dmam5a4rgt"}
{"type":"operationEnd","doDiffs":false,"previousEventId":"pmtln6jotrdkzzx","previousOperationId":"rt31eurq8bcxbgv","operationId":"rt31eurq8bcxbgv","timestamp":1769128228680,"id":"rja8b6s9kzq26wg"}
