{"type":"operationStart","subtype":"profile","data":{"_id":"GHzoAR4yl485iRZe","timestamp":"2026-01-23T04:03:21.311Z","state":"queued","mode":"standard","creationDate":"2026-01-23T04:03:21.333Z","modificationDate":"2026-01-23T04:03:21.333Z","shortid":"LDDvYW1","$entitySet":"profiles"},"doDiffs":false,"timestamp":1769141001324,"id":"6tzwakq7q8mbzal","previousOperationId":null,"operationId":"qmbk3dv0zk7yppq"}
{"type":"log","level":"info","message":"Render request 43 queued for execution and waiting for available worker","previousOperationId":"qmbk3dv0zk7yppq","timestamp":1769141001327,"id":"ui37dma4yi6r8e3"}
{"type":"operationStart","subtype":"render","name":"general-ledger-v1","previousOperationId":"qmbk3dv0zk7yppq","timestamp":1769141001442,"id":"dakggb5959jt7qb","previousEventId":"6tzwakq7q8mbzal","operationId":"3uyzvvkob1yjgrk"}
{"type":"log","timestamp":1769141001448,"level":"info","message":"Starting rendering request 43","meta":{"rootId":"fxnum21hulj8ex0","id":"fxnum21hulj8ex0"},"id":"ec90qvm0of7b4mb","previousOperationId":"3uyzvvkob1yjgrk"}
{"type":"log","timestamp":1769141001457,"level":"info","message":"Rendering template { name: general-ledger-v1, recipe: chrome-pdf, engine: handlebars, preview: true }","meta":{"rootId":"fxnum21hulj8ex0","id":"fxnum21hulj8ex0"},"id":"32tz55fs7xoohgn","previousOperationId":"3uyzvvkob1yjgrk"}
{"type":"log","timestamp":1769141001496,"level":"debug","message":"Adding sample data NnLcfKElA","meta":{"rootId":"fxnum21hulj8ex0","id":"fxnum21hulj8ex0"},"id":"z9wsjkytk743ygv","previousOperationId":"3uyzvvkob1yjgrk"}
{"type":"log","timestamp":1769141001527,"level":"debug","message":"Base url not specified, skipping its injection.","meta":{"rootId":"fxnum21hulj8ex0","id":"fxnum21hulj8ex0"},"id":"tna0tspquy27996","previousOperationId":"3uyzvvkob1yjgrk"}
{"type":"operationStart","subtype":"engine","name":"handlebars","timestamp":1769141001538,"id":"dze38kcmegfojql","previousEventId":"dakggb5959jt7qb","operationId":"kvpr8k1mbyap7e7","previousOperationId":"3uyzvvkob1yjgrk"}
{"type":"log","timestamp":1769141001538,"level":"debug","message":"Rendering engine handlebars","meta":{"rootId":"fxnum21hulj8ex0","id":"fxnum21hulj8ex0"},"id":"8en5ir43y2nikkw","previousOperationId":"kvpr8k1mbyap7e7"}
{"type":"operationEnd","operationId":"kvpr8k1mbyap7e7","timestamp":1769141001822,"id":"tuy9wzder8nwgm1","previousEventId":"dze38kcmegfojql","previousOperationId":"kvpr8k1mbyap7e7"}
{"type":"operationStart","subtype":"recipe","name":"chrome-pdf","timestamp":1769141001826,"id":"5b480braawxze0f","previousEventId":"tuy9wzder8nwgm1","operationId":"039s8eklng14fh3","previousOperationId":"kvpr8k1mbyap7e7"}
{"type":"log","timestamp":1769141001826,"level":"debug","message":"Executing recipe chrome-pdf","meta":{"rootId":"fxnum21hulj8ex0","id":"fxnum21hulj8ex0"},"id":"eukc6rlbdr0gok9","previousOperationId":"039s8eklng14fh3"}
{"type":"log","timestamp":1769141001903,"level":"debug","message":"Converting with chrome Chrome/142.0.7444.175 using chrome-pool strategy","meta":{"rootId":"fxnum21hulj8ex0","id":"fxnum21hulj8ex0"},"id":"0lvnro2h1q0ydtw","previousOperationId":"039s8eklng14fh3"}
{"type":"log","timestamp":1769141002510,"level":"debug","message":"Page request: GET (document) file:///tmp/jsreport/autocleanup/02210c94-a1b9-4956-987e-844573c3bf26-chrome-pdf.html","meta":{"rootId":"fxnum21hulj8ex0","id":"fxnum21hulj8ex0"},"id":"7tnyny1ug62qvyw","previousOperationId":"039s8eklng14fh3"}
{"type":"log","timestamp":1769141002558,"level":"debug","message":"Page request finished: GET (document) 200 file:///tmp/jsreport/autocleanup/02210c94-a1b9-4956-987e-844573c3bf26-chrome-pdf.html","meta":{"rootId":"fxnum21hulj8ex0","id":"fxnum21hulj8ex0"},"id":"ij6e1zf33ymex51","previousOperationId":"039s8eklng14fh3"}
{"type":"log","timestamp":1769141002571,"level":"debug","message":"Page request: GET (image) https://paciolibucket.s3.us-east-2.amazonaws.com/orgs/c64b69f6759a43a1bc0ae31961876751/companies/logos/e9767ff4-7186-447f-a397-208ea6bbfdb8_ninosfelices.png?X-Amz-Expires=600&X-Amz-Algorithm=AWS4-HMAC-SHA256&X-Amz-Credential=AKIAVYV5Z6T6UQ4ARWOC%2F20260123%2Fus-east-2%2Fs3%2Faws4_request&X-Amz-Date=20260123T040304Z&X-Amz-SignedHeaders=host&X-Amz-Signature=5bf00ccf0066adeff846e81d3647da6484e76d2f81be39757d6b3b4bc3ea5520","meta":{"rootId":"fxnum21hulj8ex0","id":"fxnum21hulj8ex0"},"id":"lwww1t5piz9xrh9","previousOperationId":"039s8eklng14fh3"}
{"type":"log","timestamp":1769141003363,"level":"debug","message":"Page request finished: GET (image) 200 https://paciolibucket.s3.us-east-2.amazonaws.com/orgs/c64b69f6759a43a1bc0ae31961876751/companies/logos/e9767ff4-7186-447f-a397-208ea6bbfdb8_ninosfelices.png?X-Amz-Expires=600&X-Amz-Algorithm=AWS4-HMAC-SHA256&X-Amz-Credential=AKIAVYV5Z6T6UQ4ARWOC%2F20260123%2Fus-east-2%2Fs3%2Faws4_request&X-Amz-Date=20260123T040304Z&X-Amz-SignedHeaders=host&X-Amz-Signature=5bf00ccf0066adeff846e81d3647da6484e76d2f81be39757d6b3b4bc3ea5520","meta":{"rootId":"fxnum21hulj8ex0","id":"fxnum21hulj8ex0"},"id":"1c698gujih5mbrt","previousOperationId":"039s8eklng14fh3"}
{"type":"log","timestamp":1769141003367,"level":"debug","message":"Running chrome with params {\"printBackground\":true,\"timeout\":59427,\"margin\":{}}","meta":{"rootId":"fxnum21hulj8ex0","id":"fxnum21hulj8ex0"},"id":"g7ygc1ysoly2bs8","previousOperationId":"039s8eklng14fh3"}
{"type":"operationEnd","operationId":"039s8eklng14fh3","timestamp":1769141003537,"id":"updel30fqpwo4ze","previousEventId":"5b480braawxze0f","previousOperationId":"039s8eklng14fh3"}
{"type":"log","timestamp":1769141003537,"level":"debug","message":"Skipping storing report.","meta":{"rootId":"fxnum21hulj8ex0","id":"fxnum21hulj8ex0"},"id":"17eg0p013dwkfvh","previousOperationId":"039s8eklng14fh3"}
{"type":"log","timestamp":1769141003537,"level":"info","message":"Rendering request 43 finished in 2238 ms","meta":{"rootId":"fxnum21hulj8ex0","id":"fxnum21hulj8ex0"},"id":"z6czclgcrpouxn4","previousOperationId":"039s8eklng14fh3"}
{"type":"operationEnd","subtype":"render","operationId":"3uyzvvkob1yjgrk","timestamp":1769141003537,"id":"x0jnwvmqdzz0050","previousEventId":"updel30fqpwo4ze","previousOperationId":"039s8eklng14fh3"}
{"type":"operationEnd","doDiffs":false,"previousEventId":"6tzwakq7q8mbzal","previousOperationId":"qmbk3dv0zk7yppq","operationId":"qmbk3dv0zk7yppq","timestamp":1769141003543,"id":"gznhl318lch1rqe"}
