{"type":"operationStart","subtype":"profile","data":{"_id":"4W4dXSdGN0S0db4Y","timestamp":"2026-01-23T03:43:03.821Z","state":"queued","mode":"standard","creationDate":"2026-01-23T03:43:03.833Z","modificationDate":"2026-01-23T03:43:03.833Z","shortid":"KyErLqq","$entitySet":"profiles"},"doDiffs":false,"timestamp":1769139783827,"id":"jhq00qua4j37ifs","previousOperationId":null,"operationId":"td53r509yglh9bh"}
{"type":"log","level":"info","message":"Render request 36 queued for execution and waiting for available worker","previousOperationId":"td53r509yglh9bh","timestamp":1769139783830,"id":"1dev84ls3j80028"}
{"type":"operationStart","subtype":"render","name":"general-ledger-v1","previousOperationId":"td53r509yglh9bh","timestamp":1769139783937,"id":"bammpc70jqidxpc","previousEventId":"jhq00qua4j37ifs","operationId":"ji9sij6etwjfjbo"}
{"type":"log","timestamp":1769139783941,"level":"info","message":"Starting rendering request 36","meta":{"rootId":"ge32503vvuyc6jq","id":"ge32503vvuyc6jq"},"id":"8z8pwwbc5ndjb18","previousOperationId":"ji9sij6etwjfjbo"}
{"type":"log","timestamp":1769139783952,"level":"info","message":"Rendering template { name: general-ledger-v1, recipe: chrome-pdf, engine: handlebars, preview: true }","meta":{"rootId":"ge32503vvuyc6jq","id":"ge32503vvuyc6jq"},"id":"e3oibpsdlskzp2p","previousOperationId":"ji9sij6etwjfjbo"}
{"type":"log","timestamp":1769139783964,"level":"debug","message":"Adding sample data NnLcfKElA","meta":{"rootId":"ge32503vvuyc6jq","id":"ge32503vvuyc6jq"},"id":"udpgru9gs9f92go","previousOperationId":"ji9sij6etwjfjbo"}
{"type":"log","timestamp":1769139783985,"level":"debug","message":"Base url not specified, skipping its injection.","meta":{"rootId":"ge32503vvuyc6jq","id":"ge32503vvuyc6jq"},"id":"0aua28z87k6xaky","previousOperationId":"ji9sij6etwjfjbo"}
{"type":"operationStart","subtype":"engine","name":"handlebars","timestamp":1769139783998,"id":"9vhbg47y0rnlva0","previousEventId":"bammpc70jqidxpc","operationId":"6fqizwix2ioykgz","previousOperationId":"ji9sij6etwjfjbo"}
{"type":"log","timestamp":1769139783999,"level":"debug","message":"Rendering engine handlebars","meta":{"rootId":"ge32503vvuyc6jq","id":"ge32503vvuyc6jq"},"id":"9g5ty7mbkiypgoq","previousOperationId":"6fqizwix2ioykgz"}
{"type":"operationEnd","operationId":"6fqizwix2ioykgz","timestamp":1769139784398,"id":"1fa6tp2y8jal3h3","previousEventId":"9vhbg47y0rnlva0","previousOperationId":"6fqizwix2ioykgz"}
{"type":"operationStart","subtype":"recipe","name":"chrome-pdf","timestamp":1769139784400,"id":"ge9l0679isnbt3l","previousEventId":"1fa6tp2y8jal3h3","operationId":"3j1k3n19bxu650s","previousOperationId":"6fqizwix2ioykgz"}
{"type":"log","timestamp":1769139784401,"level":"debug","message":"Executing recipe chrome-pdf","meta":{"rootId":"ge32503vvuyc6jq","id":"ge32503vvuyc6jq"},"id":"akkf7y4ln5rr0og","previousOperationId":"3j1k3n19bxu650s"}
{"type":"log","timestamp":1769139784420,"level":"debug","message":"Converting with chrome Chrome/142.0.7444.175 using chrome-pool strategy","meta":{"rootId":"ge32503vvuyc6jq","id":"ge32503vvuyc6jq"},"id":"l7sc8hgrf0y6wf1","previousOperationId":"3j1k3n19bxu650s"}
{"type":"log","timestamp":1769139784657,"level":"debug","message":"Page request: GET (document) file:///tmp/jsreport/autocleanup/71067d2f-be19-4484-a650-ec4692821048-chrome-pdf.html","meta":{"rootId":"ge32503vvuyc6jq","id":"ge32503vvuyc6jq"},"id":"aesebgbem1399lm","previousOperationId":"3j1k3n19bxu650s"}
{"type":"log","timestamp":1769139784704,"level":"debug","message":"Page request finished: GET (document) 200 file:///tmp/jsreport/autocleanup/71067d2f-be19-4484-a650-ec4692821048-chrome-pdf.html","meta":{"rootId":"ge32503vvuyc6jq","id":"ge32503vvuyc6jq"},"id":"krjx2cv1sga5hsm","previousOperationId":"3j1k3n19bxu650s"}
{"type":"log","timestamp":1769139784706,"level":"debug","message":"Page request: GET (image) https://paciolibucket.s3.us-east-2.amazonaws.com/orgs/c64b69f6759a43a1bc0ae31961876751/companies/logos/e9767ff4-7186-447f-a397-208ea6bbfdb8_ninosfelices.png?X-Amz-Expires=600&X-Amz-Algorithm=AWS4-HMAC-SHA256&X-Amz-Credential=AKIAVYV5Z6T6UQ4ARWOC%2F20260123%2Fus-east-2%2Fs3%2Faws4_request&X-Amz-Date=20260123T021411Z&X-Amz-SignedHeaders=host&X-Amz-Signature=44b9bfc3a8a8b30d8809abd973af26164ce987276c08e15740f2c6ff7208e172","meta":{"rootId":"ge32503vvuyc6jq","id":"ge32503vvuyc6jq"},"id":"ytof1inh2x4ddnz","previousOperationId":"3j1k3n19bxu650s"}
{"type":"log","timestamp":1769139784795,"level":"debug","message":"Page request finished: GET (image) 200 https://paciolibucket.s3.us-east-2.amazonaws.com/orgs/c64b69f6759a43a1bc0ae31961876751/companies/logos/e9767ff4-7186-447f-a397-208ea6bbfdb8_ninosfelices.png?X-Amz-Expires=600&X-Amz-Algorithm=AWS4-HMAC-SHA256&X-Amz-Credential=AKIAVYV5Z6T6UQ4ARWOC%2F20260123%2Fus-east-2%2Fs3%2Faws4_request&X-Amz-Date=20260123T021411Z&X-Amz-SignedHeaders=host&X-Amz-Signature=44b9bfc3a8a8b30d8809abd973af26164ce987276c08e15740f2c6ff7208e172","meta":{"rootId":"ge32503vvuyc6jq","id":"ge32503vvuyc6jq"},"id":"uoprjm5jh3me844","previousOperationId":"3j1k3n19bxu650s"}
{"type":"log","timestamp":1769139784820,"level":"debug","message":"Running chrome with params {\"printBackground\":true,\"timeout\":59411,\"margin\":{}}","meta":{"rootId":"ge32503vvuyc6jq","id":"ge32503vvuyc6jq"},"id":"ddx0qs0lkt68o3v","previousOperationId":"3j1k3n19bxu650s"}
{"type":"operationEnd","operationId":"3j1k3n19bxu650s","timestamp":1769139785161,"id":"jbnnz26jq4meae5","previousEventId":"ge9l0679isnbt3l","previousOperationId":"3j1k3n19bxu650s"}
{"type":"log","timestamp":1769139785162,"level":"debug","message":"Skipping storing report.","meta":{"rootId":"ge32503vvuyc6jq","id":"ge32503vvuyc6jq"},"id":"0l2iycvhbeg6l14","previousOperationId":"3j1k3n19bxu650s"}
{"type":"log","timestamp":1769139785162,"level":"info","message":"Rendering request 36 finished in 1345 ms","meta":{"rootId":"ge32503vvuyc6jq","id":"ge32503vvuyc6jq"},"id":"joo3atp1kt5oz5s","previousOperationId":"3j1k3n19bxu650s"}
{"type":"operationEnd","subtype":"render","operationId":"ji9sij6etwjfjbo","timestamp":1769139785162,"id":"scdwjzeb6ebli0g","previousEventId":"jbnnz26jq4meae5","previousOperationId":"3j1k3n19bxu650s"}
{"type":"operationEnd","doDiffs":false,"previousEventId":"jhq00qua4j37ifs","previousOperationId":"td53r509yglh9bh","operationId":"td53r509yglh9bh","timestamp":1769139785165,"id":"49ngoc5qzguobll"}
