{"type":"operationStart","subtype":"profile","data":{"_id":"vi5UINHXLvn0gVSY","timestamp":"2026-01-23T02:14:28.385Z","state":"queued","mode":"standard","creationDate":"2026-01-23T02:14:28.402Z","modificationDate":"2026-01-23T02:14:28.402Z","shortid":"VYZNuiH","$entitySet":"profiles"},"doDiffs":false,"timestamp":1769134468391,"id":"rqvsscks8fcij5w","previousOperationId":null,"operationId":"qkn9hl2dcb2gmor"}
{"type":"log","level":"info","message":"Render request 27 queued for execution and waiting for available worker","previousOperationId":"qkn9hl2dcb2gmor","timestamp":1769134468398,"id":"71rethzkx2r4dcw"}
{"type":"operationStart","subtype":"render","name":"general-ledger-v1","previousOperationId":"qkn9hl2dcb2gmor","timestamp":1769134468546,"id":"ac8z6pnyjpbhcfz","previousEventId":"rqvsscks8fcij5w","operationId":"je4vzpvn0mojiqk"}
{"type":"log","timestamp":1769134468557,"level":"info","message":"Starting rendering request 27","meta":{"rootId":"h36jn7to9ly9z0p","id":"h36jn7to9ly9z0p"},"id":"24xwm65der8j1sp","previousOperationId":"je4vzpvn0mojiqk"}
{"type":"log","timestamp":1769134468566,"level":"info","message":"Rendering template { name: general-ledger-v1, recipe: chrome-pdf, engine: handlebars, preview: true }","meta":{"rootId":"h36jn7to9ly9z0p","id":"h36jn7to9ly9z0p"},"id":"v3agxjcr12dsqsf","previousOperationId":"je4vzpvn0mojiqk"}
{"type":"log","timestamp":1769134468628,"level":"debug","message":"Adding sample data NnLcfKElA","meta":{"rootId":"h36jn7to9ly9z0p","id":"h36jn7to9ly9z0p"},"id":"fxshw5apmi3kijq","previousOperationId":"je4vzpvn0mojiqk"}
{"type":"log","timestamp":1769134468669,"level":"debug","message":"Base url not specified, skipping its injection.","meta":{"rootId":"h36jn7to9ly9z0p","id":"h36jn7to9ly9z0p"},"id":"r6es626b0j1i688","previousOperationId":"je4vzpvn0mojiqk"}
{"type":"operationStart","subtype":"engine","name":"handlebars","timestamp":1769134468697,"id":"1q8to9wk9fcq1lr","previousEventId":"ac8z6pnyjpbhcfz","operationId":"isvv1izo9i649tf","previousOperationId":"je4vzpvn0mojiqk"}
{"type":"log","timestamp":1769134468699,"level":"debug","message":"Rendering engine handlebars","meta":{"rootId":"h36jn7to9ly9z0p","id":"h36jn7to9ly9z0p"},"id":"1yarconfdlmz6ta","previousOperationId":"isvv1izo9i649tf"}
{"type":"operationEnd","operationId":"isvv1izo9i649tf","timestamp":1769134468884,"id":"563cfzm2iw6u7fr","previousEventId":"1q8to9wk9fcq1lr","previousOperationId":"isvv1izo9i649tf"}
{"type":"operationStart","subtype":"recipe","name":"chrome-pdf","timestamp":1769134468886,"id":"qf4rh2941tgmbki","previousEventId":"563cfzm2iw6u7fr","operationId":"3bhbv39maqosyry","previousOperationId":"isvv1izo9i649tf"}
{"type":"log","timestamp":1769134468886,"level":"debug","message":"Executing recipe chrome-pdf","meta":{"rootId":"h36jn7to9ly9z0p","id":"h36jn7to9ly9z0p"},"id":"5tnmd0a4yhaz2ok","previousOperationId":"3bhbv39maqosyry"}
{"type":"log","timestamp":1769134468924,"level":"debug","message":"Converting with chrome Chrome/142.0.7444.175 using chrome-pool strategy","meta":{"rootId":"h36jn7to9ly9z0p","id":"h36jn7to9ly9z0p"},"id":"h1mntc47ogxtvm9","previousOperationId":"3bhbv39maqosyry"}
{"type":"log","timestamp":1769134469438,"level":"debug","message":"Page request: GET (document) file:///tmp/jsreport/autocleanup/784915c2-5424-45bb-a4d6-fad546c9c6c8-chrome-pdf.html","meta":{"rootId":"h36jn7to9ly9z0p","id":"h36jn7to9ly9z0p"},"id":"jct8cy6hy35iqdp","previousOperationId":"3bhbv39maqosyry"}
{"type":"log","timestamp":1769134469483,"level":"debug","message":"Page request finished: GET (document) 200 file:///tmp/jsreport/autocleanup/784915c2-5424-45bb-a4d6-fad546c9c6c8-chrome-pdf.html","meta":{"rootId":"h36jn7to9ly9z0p","id":"h36jn7to9ly9z0p"},"id":"e1nc1rafz4jfu8m","previousOperationId":"3bhbv39maqosyry"}
{"type":"log","timestamp":1769134469495,"level":"debug","message":"Page request: GET (image) https://paciolibucket.s3.us-east-2.amazonaws.com/orgs/c64b69f6759a43a1bc0ae31961876751/companies/logos/e9767ff4-7186-447f-a397-208ea6bbfdb8_ninosfelices.png?X-Amz-Expires=600&X-Amz-Algorithm=AWS4-HMAC-SHA256&X-Amz-Credential=AKIAVYV5Z6T6UQ4ARWOC%2F20260123%2Fus-east-2%2Fs3%2Faws4_request&X-Amz-Date=20260123T021411Z&X-Amz-SignedHeaders=host&X-Amz-Signature=44b9bfc3a8a8b30d8809abd973af26164ce987276c08e15740f2c6ff7208e172","meta":{"rootId":"h36jn7to9ly9z0p","id":"h36jn7to9ly9z0p"},"id":"bjuh5uuyd1kp7vy","previousOperationId":"3bhbv39maqosyry"}
{"type":"log","timestamp":1769134470111,"level":"debug","message":"Page request finished: GET (image) 200 https://paciolibucket.s3.us-east-2.amazonaws.com/orgs/c64b69f6759a43a1bc0ae31961876751/companies/logos/e9767ff4-7186-447f-a397-208ea6bbfdb8_ninosfelices.png?X-Amz-Expires=600&X-Amz-Algorithm=AWS4-HMAC-SHA256&X-Amz-Credential=AKIAVYV5Z6T6UQ4ARWOC%2F20260123%2Fus-east-2%2Fs3%2Faws4_request&X-Amz-Date=20260123T021411Z&X-Amz-SignedHeaders=host&X-Amz-Signature=44b9bfc3a8a8b30d8809abd973af26164ce987276c08e15740f2c6ff7208e172","meta":{"rootId":"h36jn7to9ly9z0p","id":"h36jn7to9ly9z0p"},"id":"hwkxo0ur779lshy","previousOperationId":"3bhbv39maqosyry"}
{"type":"log","timestamp":1769134470116,"level":"debug","message":"Running chrome with params {\"printBackground\":true,\"timeout\":59483,\"margin\":{}}","meta":{"rootId":"h36jn7to9ly9z0p","id":"h36jn7to9ly9z0p"},"id":"dy1om5gqjoet1wr","previousOperationId":"3bhbv39maqosyry"}
{"type":"operationEnd","operationId":"3bhbv39maqosyry","timestamp":1769134470318,"id":"p9l23kg76odsu0f","previousEventId":"qf4rh2941tgmbki","previousOperationId":"3bhbv39maqosyry"}
{"type":"log","timestamp":1769134470318,"level":"debug","message":"Skipping storing report.","meta":{"rootId":"h36jn7to9ly9z0p","id":"h36jn7to9ly9z0p"},"id":"in6m08cjqfhlwsw","previousOperationId":"3bhbv39maqosyry"}
{"type":"log","timestamp":1769134470318,"level":"info","message":"Rendering request 27 finished in 1942 ms","meta":{"rootId":"h36jn7to9ly9z0p","id":"h36jn7to9ly9z0p"},"id":"c25e6wgofgtfy01","previousOperationId":"3bhbv39maqosyry"}
{"type":"operationEnd","subtype":"render","operationId":"je4vzpvn0mojiqk","timestamp":1769134470318,"id":"c7vg433mv7voef5","previousEventId":"p9l23kg76odsu0f","previousOperationId":"3bhbv39maqosyry"}
{"type":"operationEnd","doDiffs":false,"previousEventId":"rqvsscks8fcij5w","previousOperationId":"qkn9hl2dcb2gmor","operationId":"qkn9hl2dcb2gmor","timestamp":1769134470327,"id":"jlrov3hrxbj921e"}
