{"type":"operationStart","subtype":"profile","data":{"_id":"zNLnaWbi8mFXHTps","timestamp":"2026-01-23T00:45:04.776Z","state":"queued","mode":"standard","creationDate":"2026-01-23T00:45:04.777Z","modificationDate":"2026-01-23T00:45:04.777Z","shortid":"PPofs-t","$entitySet":"profiles"},"doDiffs":false,"timestamp":1769129104777,"id":"8rrirl990po7csv","previousOperationId":null,"operationId":"9gjmwj09wmcjw5l"}
{"type":"log","level":"info","message":"Render request 8 queued for execution and waiting for available worker","previousOperationId":"9gjmwj09wmcjw5l","timestamp":1769129104777,"id":"d4eb1x6twlxcpa9"}
{"type":"operationStart","subtype":"render","name":"general-ledger-v1","previousOperationId":"9gjmwj09wmcjw5l","timestamp":1769129104832,"id":"oj7i2riny7faq83","previousEventId":"8rrirl990po7csv","operationId":"owtr2znq31fwz2n"}
{"type":"log","timestamp":1769129104834,"level":"info","message":"Starting rendering request 8","meta":{"rootId":"h45lgzlco5cuoyq","id":"h45lgzlco5cuoyq"},"id":"r5jquezzs42u8dt","previousOperationId":"owtr2znq31fwz2n"}
{"type":"log","timestamp":1769129104837,"level":"info","message":"Rendering template { name: general-ledger-v1, recipe: chrome-pdf, engine: handlebars, preview: true }","meta":{"rootId":"h45lgzlco5cuoyq","id":"h45lgzlco5cuoyq"},"id":"wnv22slxrnxksey","previousOperationId":"owtr2znq31fwz2n"}
{"type":"log","timestamp":1769129104839,"level":"debug","message":"Adding sample data NnLcfKElA","meta":{"rootId":"h45lgzlco5cuoyq","id":"h45lgzlco5cuoyq"},"id":"1ef9jt72f2ti1wb","previousOperationId":"owtr2znq31fwz2n"}
{"type":"log","timestamp":1769129104843,"level":"debug","message":"Base url not specified, skipping its injection.","meta":{"rootId":"h45lgzlco5cuoyq","id":"h45lgzlco5cuoyq"},"id":"swqyqxj81adyfrn","previousOperationId":"owtr2znq31fwz2n"}
{"type":"operationStart","subtype":"engine","name":"handlebars","timestamp":1769129104845,"id":"b0c7hty6jkrpc8v","previousEventId":"oj7i2riny7faq83","operationId":"v1esh5sa67xwlmt","previousOperationId":"owtr2znq31fwz2n"}
{"type":"log","timestamp":1769129104845,"level":"debug","message":"Rendering engine handlebars","meta":{"rootId":"h45lgzlco5cuoyq","id":"h45lgzlco5cuoyq"},"id":"7hibu4e71vtv8ez","previousOperationId":"v1esh5sa67xwlmt"}
{"type":"operationEnd","operationId":"v1esh5sa67xwlmt","timestamp":1769129104883,"id":"ua4mcxdmzhhc44m","previousEventId":"b0c7hty6jkrpc8v","previousOperationId":"v1esh5sa67xwlmt"}
{"type":"operationStart","subtype":"recipe","name":"chrome-pdf","timestamp":1769129104883,"id":"jobm5090ixbdm9k","previousEventId":"ua4mcxdmzhhc44m","operationId":"52mxl6nk1hxm4mz","previousOperationId":"v1esh5sa67xwlmt"}
{"type":"log","timestamp":1769129104883,"level":"debug","message":"Executing recipe chrome-pdf","meta":{"rootId":"h45lgzlco5cuoyq","id":"h45lgzlco5cuoyq"},"id":"tpve0bo7dlzjafg","previousOperationId":"52mxl6nk1hxm4mz"}
{"type":"log","timestamp":1769129104896,"level":"debug","message":"Converting with chrome Chrome/142.0.7444.175 using chrome-pool strategy","meta":{"rootId":"h45lgzlco5cuoyq","id":"h45lgzlco5cuoyq"},"id":"e629h0zcqe6di14","previousOperationId":"52mxl6nk1hxm4mz"}
{"type":"log","timestamp":1769129104980,"level":"debug","message":"Page request: GET (document) file:///tmp/jsreport/autocleanup/7916e1f6-422a-4d9a-9906-3a4c1899f707-chrome-pdf.html","meta":{"rootId":"h45lgzlco5cuoyq","id":"h45lgzlco5cuoyq"},"id":"ygxla2m1wiq6zaf","previousOperationId":"52mxl6nk1hxm4mz"}
{"type":"log","timestamp":1769129104994,"level":"debug","message":"Page request finished: GET (document) 200 file:///tmp/jsreport/autocleanup/7916e1f6-422a-4d9a-9906-3a4c1899f707-chrome-pdf.html","meta":{"rootId":"h45lgzlco5cuoyq","id":"h45lgzlco5cuoyq"},"id":"m7ney0x33ghqbp4","previousOperationId":"52mxl6nk1hxm4mz"}
{"type":"log","timestamp":1769129104994,"level":"debug","message":"Page request: GET (image) https://paciolibucket.s3.us-east-2.amazonaws.com/orgs/c64b69f6759a43a1bc0ae31961876751/companies/logos/e9767ff4-7186-447f-a397-208ea6bbfdb8_ninosfelices.png?X-Amz-Expires=600&X-Amz-Algorithm=AWS4-HMAC-SHA256&X-Amz-Credential=AKIAVYV5Z6T6UQ4ARWOC%2F20260123%2Fus-east-2%2Fs3%2Faws4_request&X-Amz-Date=20260123T003711Z&X-Amz-SignedHeaders=host&X-Amz-Signature=41bcfaf64b56b5a7942a4b0a38f3d493246e4ee9f6b5f1ea776eddff58e35faa","meta":{"rootId":"h45lgzlco5cuoyq","id":"h45lgzlco5cuoyq"},"id":"ryf45wmd8jhqycy","previousOperationId":"52mxl6nk1hxm4mz"}
{"type":"log","timestamp":1769129105036,"level":"debug","message":"Page request finished: GET (image) 200 https://paciolibucket.s3.us-east-2.amazonaws.com/orgs/c64b69f6759a43a1bc0ae31961876751/companies/logos/e9767ff4-7186-447f-a397-208ea6bbfdb8_ninosfelices.png?X-Amz-Expires=600&X-Amz-Algorithm=AWS4-HMAC-SHA256&X-Amz-Credential=AKIAVYV5Z6T6UQ4ARWOC%2F20260123%2Fus-east-2%2Fs3%2Faws4_request&X-Amz-Date=20260123T003711Z&X-Amz-SignedHeaders=host&X-Amz-Signature=41bcfaf64b56b5a7942a4b0a38f3d493246e4ee9f6b5f1ea776eddff58e35faa","meta":{"rootId":"h45lgzlco5cuoyq","id":"h45lgzlco5cuoyq"},"id":"6rxenpsxvt7bode","previousOperationId":"52mxl6nk1hxm4mz"}
{"type":"log","timestamp":1769129105038,"level":"debug","message":"Running chrome with params {\"printBackground\":true,\"timeout\":59888,\"margin\":{}}","meta":{"rootId":"h45lgzlco5cuoyq","id":"h45lgzlco5cuoyq"},"id":"kdmmfnbw7qq3vw6","previousOperationId":"52mxl6nk1hxm4mz"}
{"type":"operationEnd","operationId":"52mxl6nk1hxm4mz","timestamp":1769129105170,"id":"urygcrjancfkrmu","previousEventId":"jobm5090ixbdm9k","previousOperationId":"52mxl6nk1hxm4mz"}
{"type":"log","timestamp":1769129105171,"level":"debug","message":"Skipping storing report.","meta":{"rootId":"h45lgzlco5cuoyq","id":"h45lgzlco5cuoyq"},"id":"gssn9kurmwnjtjf","previousOperationId":"52mxl6nk1hxm4mz"}
{"type":"log","timestamp":1769129105171,"level":"info","message":"Rendering request 8 finished in 396 ms","meta":{"rootId":"h45lgzlco5cuoyq","id":"h45lgzlco5cuoyq"},"id":"5cylqwcjy83bz77","previousOperationId":"52mxl6nk1hxm4mz"}
{"type":"operationEnd","subtype":"render","operationId":"owtr2znq31fwz2n","timestamp":1769129105171,"id":"dddamo7ge38qntj","previousEventId":"urygcrjancfkrmu","previousOperationId":"52mxl6nk1hxm4mz"}
{"type":"operationEnd","doDiffs":false,"previousEventId":"8rrirl990po7csv","previousOperationId":"9gjmwj09wmcjw5l","operationId":"9gjmwj09wmcjw5l","timestamp":1769129105173,"id":"fyy6rt6qu8hbzw6"}
