{"type":"operationStart","subtype":"profile","data":{"_id":"xXdhOhbtHrpZJFU9","timestamp":"2026-02-18T01:06:55.957Z","state":"queued","mode":"standard","creationDate":"2026-02-18T01:06:55.960Z","modificationDate":"2026-02-18T01:06:55.960Z","shortid":"6oBssfi","$entitySet":"profiles"},"doDiffs":false,"timestamp":1771376815959,"id":"df9yhseewue4zki","previousOperationId":null,"operationId":"2vsmv6oiefge6cp"}
{"type":"log","level":"info","message":"Render request 2 queued for execution and waiting for available worker","previousOperationId":"2vsmv6oiefge6cp","timestamp":1771376815959,"id":"66gd80ag96jopao"}
{"type":"operationStart","subtype":"render","name":"general-ledger-v1","previousOperationId":"2vsmv6oiefge6cp","timestamp":1771376816063,"id":"h3x272htrvexthu","previousEventId":"df9yhseewue4zki","operationId":"v20naqcr5u3w8yh"}
{"type":"log","timestamp":1771376816068,"level":"info","message":"Starting rendering request 2","meta":{"rootId":"i58lx9dmlfb9kz6","id":"i58lx9dmlfb9kz6"},"id":"200dqvf4clhcamt","previousOperationId":"v20naqcr5u3w8yh"}
{"type":"log","timestamp":1771376816073,"level":"info","message":"Rendering template { name: general-ledger-v1, recipe: chrome-pdf, engine: handlebars, preview: true }","meta":{"rootId":"i58lx9dmlfb9kz6","id":"i58lx9dmlfb9kz6"},"id":"sooiiqrgrcfzccq","previousOperationId":"v20naqcr5u3w8yh"}
{"type":"log","timestamp":1771376816077,"level":"debug","message":"Adding sample data NnLcfKElA","meta":{"rootId":"i58lx9dmlfb9kz6","id":"i58lx9dmlfb9kz6"},"id":"00hrwibhsne7gv8","previousOperationId":"v20naqcr5u3w8yh"}
{"type":"log","timestamp":1771376816088,"level":"debug","message":"Base url not specified, skipping its injection.","meta":{"rootId":"i58lx9dmlfb9kz6","id":"i58lx9dmlfb9kz6"},"id":"o5eo4qp4gvpazok","previousOperationId":"v20naqcr5u3w8yh"}
{"type":"operationStart","subtype":"engine","name":"handlebars","timestamp":1771376816092,"id":"x4y0vzjdedeb9ur","previousEventId":"h3x272htrvexthu","operationId":"4i1kyhfq8idlnuo","previousOperationId":"v20naqcr5u3w8yh"}
{"type":"log","timestamp":1771376816092,"level":"debug","message":"Rendering engine handlebars","meta":{"rootId":"i58lx9dmlfb9kz6","id":"i58lx9dmlfb9kz6"},"id":"yqpc3md2bq7gh3p","previousOperationId":"4i1kyhfq8idlnuo"}
{"type":"operationEnd","operationId":"4i1kyhfq8idlnuo","timestamp":1771376816612,"id":"jpq6ug3t8jxifje","previousEventId":"x4y0vzjdedeb9ur","previousOperationId":"4i1kyhfq8idlnuo"}
{"type":"operationStart","subtype":"recipe","name":"chrome-pdf","timestamp":1771376816613,"id":"wq0zgvljnmaz8tx","previousEventId":"jpq6ug3t8jxifje","operationId":"hkr0excx06r9mkl","previousOperationId":"4i1kyhfq8idlnuo"}
{"type":"log","timestamp":1771376816613,"level":"debug","message":"Executing recipe chrome-pdf","meta":{"rootId":"i58lx9dmlfb9kz6","id":"i58lx9dmlfb9kz6"},"id":"ptnjrotbmdwgr9v","previousOperationId":"hkr0excx06r9mkl"}
{"type":"log","timestamp":1771376817144,"level":"debug","message":"Converting with chrome Chrome/142.0.7444.175 using chrome-pool strategy","meta":{"rootId":"i58lx9dmlfb9kz6","id":"i58lx9dmlfb9kz6"},"id":"71fsrmn33kw9pkx","previousOperationId":"hkr0excx06r9mkl"}
{"type":"log","timestamp":1771376817232,"level":"debug","message":"Page request: GET (document) file:///tmp/jsreport/autocleanup/c5b587ea-4ce8-4579-9ddc-2e09eff4c093-chrome-pdf.html","meta":{"rootId":"i58lx9dmlfb9kz6","id":"i58lx9dmlfb9kz6"},"id":"7m8u396f9q1xtsu","previousOperationId":"hkr0excx06r9mkl"}
{"type":"log","timestamp":1771376817247,"level":"debug","message":"Page request: GET (image) https://paciolibucket.s3.us-east-2.amazonaws.com/orgs/c64b69f6759a43a1bc0ae31961876751/companies/logos/e9767ff4-7186-447f-a397-208ea6bbfdb8_ninosfelices.png?X-Amz-Expires=600&X-Amz-Algorithm=AWS4-HMAC-SHA256&X-Amz-Credential=AKIAVYV5Z6T6UQ4ARWOC%2F20260123%2Fus-east-2%2Fs3%2Faws4_request&X-Amz-Date=20260123T040554Z&X-Amz-SignedHeaders=host&X-Amz-Signature=747c15527b5085b1be2ddd3c10637621ec12ad2e785b0bc43d8c81665def75d9","meta":{"rootId":"i58lx9dmlfb9kz6","id":"i58lx9dmlfb9kz6"},"id":"43fbwiu2oe98hm7","previousOperationId":"hkr0excx06r9mkl"}
{"type":"log","timestamp":1771376817248,"level":"debug","message":"Page request finished: GET (document) 200 file:///tmp/jsreport/autocleanup/c5b587ea-4ce8-4579-9ddc-2e09eff4c093-chrome-pdf.html","meta":{"rootId":"i58lx9dmlfb9kz6","id":"i58lx9dmlfb9kz6"},"id":"iwxa5ryx3g1sznf","previousOperationId":"hkr0excx06r9mkl"}
{"type":"log","timestamp":1771376817594,"level":"warn","message":"Page request failed: GET (image) https://paciolibucket.s3.us-east-2.amazonaws.com/orgs/c64b69f6759a43a1bc0ae31961876751/companies/logos/e9767ff4-7186-447f-a397-208ea6bbfdb8_ninosfelices.png?X-Amz-Expires=600&X-Amz-Algorithm=AWS4-HMAC-SHA256&X-Amz-Credential=AKIAVYV5Z6T6UQ4ARWOC%2F20260123%2Fus-east-2%2Fs3%2Faws4_request&X-Amz-Date=20260123T040554Z&X-Amz-SignedHeaders=host&X-Amz-Signature=747c15527b5085b1be2ddd3c10637621ec12ad2e785b0bc43d8c81665def75d9, failure: net::ERR_BLOCKED_BY_ORB","meta":{"rootId":"i58lx9dmlfb9kz6","id":"i58lx9dmlfb9kz6"},"id":"wckc1be1zi11njb","previousOperationId":"hkr0excx06r9mkl"}
{"type":"log","timestamp":1771376817599,"level":"debug","message":"Running chrome with params {\"printBackground\":true,\"timeout\":59334,\"margin\":{}}","meta":{"rootId":"i58lx9dmlfb9kz6","id":"i58lx9dmlfb9kz6"},"id":"7rtn0sc1tj8k4at","previousOperationId":"hkr0excx06r9mkl"}
{"type":"operationEnd","operationId":"hkr0excx06r9mkl","timestamp":1771376817678,"id":"dkxv8g97rqaeoaj","previousEventId":"wq0zgvljnmaz8tx","previousOperationId":"hkr0excx06r9mkl"}
{"type":"log","timestamp":1771376817678,"level":"debug","message":"Skipping storing report.","meta":{"rootId":"i58lx9dmlfb9kz6","id":"i58lx9dmlfb9kz6"},"id":"hw6tf0xd4c26tx5","previousOperationId":"hkr0excx06r9mkl"}
{"type":"log","timestamp":1771376817678,"level":"info","message":"Rendering request 2 finished in 1724 ms","meta":{"rootId":"i58lx9dmlfb9kz6","id":"i58lx9dmlfb9kz6"},"id":"02xet9zuvzxm4zx","previousOperationId":"hkr0excx06r9mkl"}
{"type":"operationEnd","subtype":"render","operationId":"v20naqcr5u3w8yh","timestamp":1771376817678,"id":"wwkqake9mxueyf5","previousEventId":"dkxv8g97rqaeoaj","previousOperationId":"hkr0excx06r9mkl"}
{"type":"operationEnd","doDiffs":false,"previousEventId":"df9yhseewue4zki","previousOperationId":"2vsmv6oiefge6cp","operationId":"2vsmv6oiefge6cp","timestamp":1771376817680,"id":"6ns216xqsb23n56"}
