{"type":"operationStart","subtype":"profile","data":{"_id":"o9dmr2Sl8GWu3T8W","timestamp":"2026-01-23T01:37:52.567Z","state":"queued","mode":"standard","creationDate":"2026-01-23T01:37:52.570Z","modificationDate":"2026-01-23T01:37:52.570Z","shortid":"Q0VDRQy","$entitySet":"profiles"},"doDiffs":false,"timestamp":1769132272569,"id":"jvwmk1lt8ihkxpy","previousOperationId":null,"operationId":"ioxzzulv7cz0ae8"}
{"type":"log","level":"info","message":"Render request 21 queued for execution and waiting for available worker","previousOperationId":"ioxzzulv7cz0ae8","timestamp":1769132272569,"id":"qslm1jsi2vjmc74"}
{"type":"operationStart","subtype":"render","name":"general-ledger-v1","previousOperationId":"ioxzzulv7cz0ae8","timestamp":1769132272667,"id":"tbmroo3olt47r3h","previousEventId":"jvwmk1lt8ihkxpy","operationId":"hna2nl0c6bjyn1d"}
{"type":"log","timestamp":1769132272671,"level":"info","message":"Starting rendering request 21","meta":{"rootId":"i5i144qmup3wmlq","id":"i5i144qmup3wmlq"},"id":"2prms2vasgx0i5l","previousOperationId":"hna2nl0c6bjyn1d"}
{"type":"log","timestamp":1769132272677,"level":"info","message":"Rendering template { name: general-ledger-v1, recipe: chrome-pdf, engine: handlebars, preview: true }","meta":{"rootId":"i5i144qmup3wmlq","id":"i5i144qmup3wmlq"},"id":"47qjdqd2hzmbx4d","previousOperationId":"hna2nl0c6bjyn1d"}
{"type":"log","timestamp":1769132272687,"level":"debug","message":"Adding sample data NnLcfKElA","meta":{"rootId":"i5i144qmup3wmlq","id":"i5i144qmup3wmlq"},"id":"yl9r1ioz4pouqdi","previousOperationId":"hna2nl0c6bjyn1d"}
{"type":"log","timestamp":1769132272698,"level":"debug","message":"Base url not specified, skipping its injection.","meta":{"rootId":"i5i144qmup3wmlq","id":"i5i144qmup3wmlq"},"id":"6lvgtraq3jec1co","previousOperationId":"hna2nl0c6bjyn1d"}
{"type":"operationStart","subtype":"engine","name":"handlebars","timestamp":1769132272710,"id":"29uuu2r8wrejnpz","previousEventId":"tbmroo3olt47r3h","operationId":"24gb3xe7mov0mrc","previousOperationId":"hna2nl0c6bjyn1d"}
{"type":"log","timestamp":1769132272711,"level":"debug","message":"Rendering engine handlebars","meta":{"rootId":"i5i144qmup3wmlq","id":"i5i144qmup3wmlq"},"id":"copr018ywnv7hul","previousOperationId":"24gb3xe7mov0mrc"}
{"type":"operationEnd","operationId":"24gb3xe7mov0mrc","timestamp":1769132272914,"id":"96fdq52pkfhl5kf","previousEventId":"29uuu2r8wrejnpz","previousOperationId":"24gb3xe7mov0mrc"}
{"type":"operationStart","subtype":"recipe","name":"chrome-pdf","timestamp":1769132272921,"id":"b1kslsxrmw1hsxp","previousEventId":"96fdq52pkfhl5kf","operationId":"hepbekz5dxy1qos","previousOperationId":"24gb3xe7mov0mrc"}
{"type":"log","timestamp":1769132272922,"level":"debug","message":"Executing recipe chrome-pdf","meta":{"rootId":"i5i144qmup3wmlq","id":"i5i144qmup3wmlq"},"id":"lmsauswi9x511ix","previousOperationId":"hepbekz5dxy1qos"}
{"type":"log","timestamp":1769132272940,"level":"debug","message":"Converting with chrome Chrome/142.0.7444.175 using chrome-pool strategy","meta":{"rootId":"i5i144qmup3wmlq","id":"i5i144qmup3wmlq"},"id":"xnvk41vxlvb7gt6","previousOperationId":"hepbekz5dxy1qos"}
{"type":"log","timestamp":1769132273106,"level":"debug","message":"Page request: GET (document) file:///tmp/jsreport/autocleanup/69156cdd-12a6-4c45-bc9e-ab94b79ff452-chrome-pdf.html","meta":{"rootId":"i5i144qmup3wmlq","id":"i5i144qmup3wmlq"},"id":"wwakmcnm0k4uul0","previousOperationId":"hepbekz5dxy1qos"}
{"type":"log","timestamp":1769132273125,"level":"debug","message":"Page request finished: GET (document) 200 file:///tmp/jsreport/autocleanup/69156cdd-12a6-4c45-bc9e-ab94b79ff452-chrome-pdf.html","meta":{"rootId":"i5i144qmup3wmlq","id":"i5i144qmup3wmlq"},"id":"nlltcru2kwo3ewb","previousOperationId":"hepbekz5dxy1qos"}
{"type":"log","timestamp":1769132273128,"level":"debug","message":"Page request: GET (image) https://paciolibucket.s3.us-east-2.amazonaws.com/orgs/c64b69f6759a43a1bc0ae31961876751/companies/logos/e9767ff4-7186-447f-a397-208ea6bbfdb8_ninosfelices.png?X-Amz-Expires=600&X-Amz-Algorithm=AWS4-HMAC-SHA256&X-Amz-Credential=AKIAVYV5Z6T6UQ4ARWOC%2F20260123%2Fus-east-2%2Fs3%2Faws4_request&X-Amz-Date=20260123T013629Z&X-Amz-SignedHeaders=host&X-Amz-Signature=96e10352a636fdde204bb18d15b34a5c8f14dbdd79bdaedbc67cec29bf3651ce","meta":{"rootId":"i5i144qmup3wmlq","id":"i5i144qmup3wmlq"},"id":"rixnk00a4p6dgir","previousOperationId":"hepbekz5dxy1qos"}
{"type":"log","timestamp":1769132273742,"level":"debug","message":"Page request finished: GET (image) 200 https://paciolibucket.s3.us-east-2.amazonaws.com/orgs/c64b69f6759a43a1bc0ae31961876751/companies/logos/e9767ff4-7186-447f-a397-208ea6bbfdb8_ninosfelices.png?X-Amz-Expires=600&X-Amz-Algorithm=AWS4-HMAC-SHA256&X-Amz-Credential=AKIAVYV5Z6T6UQ4ARWOC%2F20260123%2Fus-east-2%2Fs3%2Faws4_request&X-Amz-Date=20260123T013629Z&X-Amz-SignedHeaders=host&X-Amz-Signature=96e10352a636fdde204bb18d15b34a5c8f14dbdd79bdaedbc67cec29bf3651ce","meta":{"rootId":"i5i144qmup3wmlq","id":"i5i144qmup3wmlq"},"id":"q0xb5hviebikbpj","previousOperationId":"hepbekz5dxy1qos"}
{"type":"log","timestamp":1769132273743,"level":"debug","message":"Running chrome with params {\"printBackground\":true,\"timeout\":59639,\"margin\":{}}","meta":{"rootId":"i5i144qmup3wmlq","id":"i5i144qmup3wmlq"},"id":"owvphim029a8mv2","previousOperationId":"hepbekz5dxy1qos"}
{"type":"operationEnd","operationId":"hepbekz5dxy1qos","timestamp":1769132273822,"id":"kj2isk9oe7vc7rc","previousEventId":"b1kslsxrmw1hsxp","previousOperationId":"hepbekz5dxy1qos"}
{"type":"log","timestamp":1769132273822,"level":"debug","message":"Skipping storing report.","meta":{"rootId":"i5i144qmup3wmlq","id":"i5i144qmup3wmlq"},"id":"i9j8pmubx7ty0iq","previousOperationId":"hepbekz5dxy1qos"}
{"type":"log","timestamp":1769132273822,"level":"info","message":"Rendering request 21 finished in 1255 ms","meta":{"rootId":"i5i144qmup3wmlq","id":"i5i144qmup3wmlq"},"id":"96laaci0j9yklvx","previousOperationId":"hepbekz5dxy1qos"}
{"type":"operationEnd","subtype":"render","operationId":"hna2nl0c6bjyn1d","timestamp":1769132273822,"id":"51z2824ws10uv42","previousEventId":"kj2isk9oe7vc7rc","previousOperationId":"hepbekz5dxy1qos"}
{"type":"operationEnd","doDiffs":false,"previousEventId":"jvwmk1lt8ihkxpy","previousOperationId":"ioxzzulv7cz0ae8","operationId":"ioxzzulv7cz0ae8","timestamp":1769132273824,"id":"3bj3n9yavcqkrgp"}
