{"type":"operationStart","subtype":"profile","data":{"_id":"wpUScmYNckVHenPA","timestamp":"2026-02-17T17:41:41.650Z","state":"queued","mode":"standard","creationDate":"2026-02-17T17:41:41.657Z","modificationDate":"2026-02-17T17:41:41.657Z","shortid":"roEg4_C","$entitySet":"profiles"},"doDiffs":false,"timestamp":1771350101655,"id":"9wa1dntr72gfauj","previousOperationId":null,"operationId":"zu4oftrgotib9je"}
{"type":"log","level":"info","message":"Render request 12 queued for execution and waiting for available worker","previousOperationId":"zu4oftrgotib9je","timestamp":1771350101655,"id":"1qtjh5tvy12hx6d"}
{"type":"operationStart","subtype":"render","name":"general-ledger-v1","previousOperationId":"zu4oftrgotib9je","timestamp":1771350101765,"id":"gujdw4g2fwr5rly","previousEventId":"9wa1dntr72gfauj","operationId":"nat9b6ovs04xldp"}
{"type":"log","timestamp":1771350101769,"level":"info","message":"Starting rendering request 12","meta":{"rootId":"neenktsswb2y2c9","id":"neenktsswb2y2c9"},"id":"kx64xdbumnb1h65","previousOperationId":"nat9b6ovs04xldp"}
{"type":"log","timestamp":1771350101774,"level":"info","message":"Rendering template { name: general-ledger-v1, recipe: chrome-pdf, engine: handlebars, preview: false }","meta":{"rootId":"neenktsswb2y2c9","id":"neenktsswb2y2c9"},"id":"y9ooag1xal5tq3n","previousOperationId":"nat9b6ovs04xldp"}
{"type":"log","timestamp":1771350101778,"level":"debug","message":"Inline data specified.","meta":{"rootId":"neenktsswb2y2c9","id":"neenktsswb2y2c9"},"id":"twfj5y68oexcdz9","previousOperationId":"nat9b6ovs04xldp"}
{"type":"log","timestamp":1771350101784,"level":"debug","message":"Base url not specified, skipping its injection.","meta":{"rootId":"neenktsswb2y2c9","id":"neenktsswb2y2c9"},"id":"80s9t5f0i84smky","previousOperationId":"nat9b6ovs04xldp"}
{"type":"operationStart","subtype":"engine","name":"handlebars","timestamp":1771350101798,"id":"0dltfnhhf9two08","previousEventId":"gujdw4g2fwr5rly","operationId":"xo8vpi134zk17wo","previousOperationId":"nat9b6ovs04xldp"}
{"type":"log","timestamp":1771350101800,"level":"debug","message":"Rendering engine handlebars","meta":{"rootId":"neenktsswb2y2c9","id":"neenktsswb2y2c9"},"id":"3luvhtv4z0wng1u","previousOperationId":"xo8vpi134zk17wo"}
{"type":"operationEnd","operationId":"xo8vpi134zk17wo","timestamp":1771350101905,"id":"btkot00ud57whr4","previousEventId":"0dltfnhhf9two08","previousOperationId":"xo8vpi134zk17wo"}
{"type":"operationStart","subtype":"recipe","name":"chrome-pdf","timestamp":1771350101917,"id":"0ho6boyu3hq1he6","previousEventId":"btkot00ud57whr4","operationId":"ldze12b0i1enidf","previousOperationId":"xo8vpi134zk17wo"}
{"type":"log","timestamp":1771350101917,"level":"debug","message":"Executing recipe chrome-pdf","meta":{"rootId":"neenktsswb2y2c9","id":"neenktsswb2y2c9"},"id":"zeuqp11ilfj9o85","previousOperationId":"ldze12b0i1enidf"}
{"type":"log","timestamp":1771350101962,"level":"debug","message":"Converting with chrome Chrome/142.0.7444.175 using chrome-pool strategy","meta":{"rootId":"neenktsswb2y2c9","id":"neenktsswb2y2c9"},"id":"hyuu0e42dyfq5jc","previousOperationId":"ldze12b0i1enidf"}
{"type":"log","timestamp":1771350102241,"level":"debug","message":"Page request: GET (document) file:///tmp/jsreport/autocleanup/17c8f823-b012-45a3-ab1c-6175d371265a-chrome-pdf.html","meta":{"rootId":"neenktsswb2y2c9","id":"neenktsswb2y2c9"},"id":"3qdvn1iy3tffra1","previousOperationId":"ldze12b0i1enidf"}
{"type":"log","timestamp":1771350102260,"level":"debug","message":"Page request finished: GET (document) 200 file:///tmp/jsreport/autocleanup/17c8f823-b012-45a3-ab1c-6175d371265a-chrome-pdf.html","meta":{"rootId":"neenktsswb2y2c9","id":"neenktsswb2y2c9"},"id":"5kzg0jkr3d6839i","previousOperationId":"ldze12b0i1enidf"}
{"type":"log","timestamp":1771350102264,"level":"debug","message":"Page request: GET (image) https://paciolibucket.s3.us-east-2.amazonaws.com/orgs/c64b69f6759a43a1bc0ae31961876751/companies/logos/e9767ff4-7186-447f-a397-208ea6bbfdb8_ninosfelices.png?X-Amz-Expires=600&X-Amz-Algorithm=AWS4-HMAC-SHA256&X-Amz-Credential=AKIAVYV5Z6T6UQ4ARWOC%2F20260217%2Fus-east-2%2Fs3%2Faws4_request&X-Amz-Date=20260217T174141Z&X-Amz-SignedHeaders=host&X-Amz-Signature=44677ef285d8e130f09229eedd9a0c7e7de7446adb879ac398532d52391b7fa3","meta":{"rootId":"neenktsswb2y2c9","id":"neenktsswb2y2c9"},"id":"na5kuzertkbxyi8","previousOperationId":"ldze12b0i1enidf"}
{"type":"log","timestamp":1771350102808,"level":"debug","message":"Page request finished: GET (image) 200 https://paciolibucket.s3.us-east-2.amazonaws.com/orgs/c64b69f6759a43a1bc0ae31961876751/companies/logos/e9767ff4-7186-447f-a397-208ea6bbfdb8_ninosfelices.png?X-Amz-Expires=600&X-Amz-Algorithm=AWS4-HMAC-SHA256&X-Amz-Credential=AKIAVYV5Z6T6UQ4ARWOC%2F20260217%2Fus-east-2%2Fs3%2Faws4_request&X-Amz-Date=20260217T174141Z&X-Amz-SignedHeaders=host&X-Amz-Signature=44677ef285d8e130f09229eedd9a0c7e7de7446adb879ac398532d52391b7fa3","meta":{"rootId":"neenktsswb2y2c9","id":"neenktsswb2y2c9"},"id":"140k6b5bsc52txx","previousOperationId":"ldze12b0i1enidf"}
{"type":"log","timestamp":1771350102810,"level":"debug","message":"Running chrome with params {\"printBackground\":true,\"timeout\":59717,\"margin\":{}}","meta":{"rootId":"neenktsswb2y2c9","id":"neenktsswb2y2c9"},"id":"73zcoqfercdu1ij","previousOperationId":"ldze12b0i1enidf"}
{"type":"operationEnd","operationId":"ldze12b0i1enidf","timestamp":1771350102922,"id":"a5gvapjzvpqthp1","previousEventId":"0ho6boyu3hq1he6","previousOperationId":"ldze12b0i1enidf"}
{"type":"log","timestamp":1771350102922,"level":"debug","message":"Skipping storing report.","meta":{"rootId":"neenktsswb2y2c9","id":"neenktsswb2y2c9"},"id":"vxysw28rkq8v8xd","previousOperationId":"ldze12b0i1enidf"}
{"type":"log","timestamp":1771350102922,"level":"info","message":"Rendering request 12 finished in 1276 ms","meta":{"rootId":"neenktsswb2y2c9","id":"neenktsswb2y2c9"},"id":"x2apgj3lsje87lm","previousOperationId":"ldze12b0i1enidf"}
{"type":"operationEnd","subtype":"render","operationId":"nat9b6ovs04xldp","timestamp":1771350102923,"id":"y7erjh7j44iqty2","previousEventId":"a5gvapjzvpqthp1","previousOperationId":"ldze12b0i1enidf"}
{"type":"operationEnd","doDiffs":false,"previousEventId":"9wa1dntr72gfauj","previousOperationId":"zu4oftrgotib9je","operationId":"zu4oftrgotib9je","timestamp":1771350102924,"id":"ti7pl0zb7tlp95i"}
