{"type":"operationStart","subtype":"profile","data":{"_id":"fkgulN6WIKcaIVfc","timestamp":"2026-01-23T03:58:42.253Z","state":"queued","mode":"standard","creationDate":"2026-01-23T03:58:42.265Z","modificationDate":"2026-01-23T03:58:42.265Z","shortid":"p8SIQxr","$entitySet":"profiles"},"doDiffs":false,"timestamp":1769140722259,"id":"4l4hk7jjf3793yr","previousOperationId":null,"operationId":"11h51qhf645b16v"}
{"type":"log","level":"info","message":"Render request 41 queued for execution and waiting for available worker","previousOperationId":"11h51qhf645b16v","timestamp":1769140722261,"id":"tsvajkgg9xrrb60"}
{"type":"operationStart","subtype":"render","name":"general-ledger-v1","previousOperationId":"11h51qhf645b16v","timestamp":1769140722372,"id":"bcad1920ww3nhpl","previousEventId":"4l4hk7jjf3793yr","operationId":"8tfwf7sswd40d2l"}
{"type":"log","timestamp":1769140722378,"level":"info","message":"Starting rendering request 41","meta":{"rootId":"o77t86l2phvhhjq","id":"o77t86l2phvhhjq"},"id":"t6djhup0lg2zan9","previousOperationId":"8tfwf7sswd40d2l"}
{"type":"log","timestamp":1769140722385,"level":"info","message":"Rendering template { name: general-ledger-v1, recipe: chrome-pdf, engine: handlebars, preview: true }","meta":{"rootId":"o77t86l2phvhhjq","id":"o77t86l2phvhhjq"},"id":"2xnlgdtzr264s61","previousOperationId":"8tfwf7sswd40d2l"}
{"type":"log","timestamp":1769140722417,"level":"debug","message":"Adding sample data NnLcfKElA","meta":{"rootId":"o77t86l2phvhhjq","id":"o77t86l2phvhhjq"},"id":"8fkey28ip04g4f7","previousOperationId":"8tfwf7sswd40d2l"}
{"type":"log","timestamp":1769140722431,"level":"debug","message":"Base url not specified, skipping its injection.","meta":{"rootId":"o77t86l2phvhhjq","id":"o77t86l2phvhhjq"},"id":"m841tdwhxhys5uq","previousOperationId":"8tfwf7sswd40d2l"}
{"type":"operationStart","subtype":"engine","name":"handlebars","timestamp":1769140722442,"id":"2ddr89g22xipjlf","previousEventId":"bcad1920ww3nhpl","operationId":"qr3q2rj2iyw92c1","previousOperationId":"8tfwf7sswd40d2l"}
{"type":"log","timestamp":1769140722442,"level":"debug","message":"Rendering engine handlebars","meta":{"rootId":"o77t86l2phvhhjq","id":"o77t86l2phvhhjq"},"id":"5az9s4wo5ro6v8i","previousOperationId":"qr3q2rj2iyw92c1"}
{"type":"operationEnd","operationId":"qr3q2rj2iyw92c1","timestamp":1769140722758,"id":"jhf9igs82j6xf8n","previousEventId":"2ddr89g22xipjlf","previousOperationId":"qr3q2rj2iyw92c1"}
{"type":"operationStart","subtype":"recipe","name":"chrome-pdf","timestamp":1769140722760,"id":"2oxyjau3yr3w52x","previousEventId":"jhf9igs82j6xf8n","operationId":"zr8jqvix6fjfh88","previousOperationId":"qr3q2rj2iyw92c1"}
{"type":"log","timestamp":1769140722760,"level":"debug","message":"Executing recipe chrome-pdf","meta":{"rootId":"o77t86l2phvhhjq","id":"o77t86l2phvhhjq"},"id":"ttdt5c4keqqhlcq","previousOperationId":"zr8jqvix6fjfh88"}
{"type":"log","timestamp":1769140722810,"level":"debug","message":"Converting with chrome Chrome/142.0.7444.175 using chrome-pool strategy","meta":{"rootId":"o77t86l2phvhhjq","id":"o77t86l2phvhhjq"},"id":"tb9neu2f750fjy6","previousOperationId":"zr8jqvix6fjfh88"}
{"type":"log","timestamp":1769140723495,"level":"debug","message":"Page request: GET (document) file:///tmp/jsreport/autocleanup/77c298da-3730-420d-ba13-9394ecedf909-chrome-pdf.html","meta":{"rootId":"o77t86l2phvhhjq","id":"o77t86l2phvhhjq"},"id":"4mkml1l89m5bpqh","previousOperationId":"zr8jqvix6fjfh88"}
{"type":"log","timestamp":1769140723541,"level":"debug","message":"Page request finished: GET (document) 200 file:///tmp/jsreport/autocleanup/77c298da-3730-420d-ba13-9394ecedf909-chrome-pdf.html","meta":{"rootId":"o77t86l2phvhhjq","id":"o77t86l2phvhhjq"},"id":"fr6dlp7cp4b51hd","previousOperationId":"zr8jqvix6fjfh88"}
{"type":"log","timestamp":1769140723549,"level":"debug","message":"Page request: GET (image) https://paciolibucket.s3.us-east-2.amazonaws.com/orgs/c64b69f6759a43a1bc0ae31961876751/companies/logos/e9767ff4-7186-447f-a397-208ea6bbfdb8_ninosfelices.png?X-Amz-Expires=600&X-Amz-Algorithm=AWS4-HMAC-SHA256&X-Amz-Credential=AKIAVYV5Z6T6UQ4ARWOC%2F20260123%2Fus-east-2%2Fs3%2Faws4_request&X-Amz-Date=20260123T034811Z&X-Amz-SignedHeaders=host&X-Amz-Signature=516e9162641a4e3fc8ca77947590a4ba54671dc24bd05184751dce542ae5b7bc","meta":{"rootId":"o77t86l2phvhhjq","id":"o77t86l2phvhhjq"},"id":"0z80t7hznoyfnt9","previousOperationId":"zr8jqvix6fjfh88"}
{"type":"log","timestamp":1769140723631,"level":"debug","message":"Page request finished: GET (image) 200 https://paciolibucket.s3.us-east-2.amazonaws.com/orgs/c64b69f6759a43a1bc0ae31961876751/companies/logos/e9767ff4-7186-447f-a397-208ea6bbfdb8_ninosfelices.png?X-Amz-Expires=600&X-Amz-Algorithm=AWS4-HMAC-SHA256&X-Amz-Credential=AKIAVYV5Z6T6UQ4ARWOC%2F20260123%2Fus-east-2%2Fs3%2Faws4_request&X-Amz-Date=20260123T034811Z&X-Amz-SignedHeaders=host&X-Amz-Signature=516e9162641a4e3fc8ca77947590a4ba54671dc24bd05184751dce542ae5b7bc","meta":{"rootId":"o77t86l2phvhhjq","id":"o77t86l2phvhhjq"},"id":"bvmdbr8kc3bfcv8","previousOperationId":"zr8jqvix6fjfh88"}
{"type":"log","timestamp":1769140723633,"level":"debug","message":"Running chrome with params {\"printBackground\":true,\"timeout\":59474,\"margin\":{}}","meta":{"rootId":"o77t86l2phvhhjq","id":"o77t86l2phvhhjq"},"id":"dkcwle044vcy1wv","previousOperationId":"zr8jqvix6fjfh88"}
{"type":"operationEnd","operationId":"zr8jqvix6fjfh88","timestamp":1769140723841,"id":"78ln5yb39fwn71w","previousEventId":"2oxyjau3yr3w52x","previousOperationId":"zr8jqvix6fjfh88"}
{"type":"log","timestamp":1769140723841,"level":"debug","message":"Skipping storing report.","meta":{"rootId":"o77t86l2phvhhjq","id":"o77t86l2phvhhjq"},"id":"l36l3446um8py3w","previousOperationId":"zr8jqvix6fjfh88"}
{"type":"log","timestamp":1769140723841,"level":"info","message":"Rendering request 41 finished in 1593 ms","meta":{"rootId":"o77t86l2phvhhjq","id":"o77t86l2phvhhjq"},"id":"udxfdn3w0eunopc","previousOperationId":"zr8jqvix6fjfh88"}
{"type":"operationEnd","subtype":"render","operationId":"8tfwf7sswd40d2l","timestamp":1769140723841,"id":"no43eioh77el1n9","previousEventId":"78ln5yb39fwn71w","previousOperationId":"zr8jqvix6fjfh88"}
{"type":"operationEnd","doDiffs":false,"previousEventId":"4l4hk7jjf3793yr","previousOperationId":"11h51qhf645b16v","operationId":"11h51qhf645b16v","timestamp":1769140723850,"id":"6676ovuy5jn86rw"}
