{"type":"operationStart","subtype":"profile","data":{"_id":"xcZjA2DMngXExTNh","timestamp":"2026-01-23T02:33:27.353Z","state":"queued","mode":"standard","creationDate":"2026-01-23T02:33:27.391Z","modificationDate":"2026-01-23T02:33:27.391Z","shortid":"Sq0xUQK","$entitySet":"profiles"},"doDiffs":false,"timestamp":1769135607363,"id":"6xw42yu0vl8yvyy","previousOperationId":null,"operationId":"l0t79tvf9zog0bu"}
{"type":"log","level":"info","message":"Render request 33 queued for execution and waiting for available worker","previousOperationId":"l0t79tvf9zog0bu","timestamp":1769135607370,"id":"lbwslr27yz9ss4o"}
{"type":"operationStart","subtype":"render","name":"general-ledger-v1","previousOperationId":"l0t79tvf9zog0bu","timestamp":1769135607499,"id":"k79wbornnfkf3vv","previousEventId":"6xw42yu0vl8yvyy","operationId":"rs9fc03dctr7jo5"}
{"type":"log","timestamp":1769135607505,"level":"info","message":"Starting rendering request 33","meta":{"rootId":"olm6n6rspcisigr","id":"olm6n6rspcisigr"},"id":"apf8dnh9n6jeeyv","previousOperationId":"rs9fc03dctr7jo5"}
{"type":"log","timestamp":1769135607512,"level":"info","message":"Rendering template { name: general-ledger-v1, recipe: chrome-pdf, engine: handlebars, preview: true }","meta":{"rootId":"olm6n6rspcisigr","id":"olm6n6rspcisigr"},"id":"ubt8ajmx8m6xlj2","previousOperationId":"rs9fc03dctr7jo5"}
{"type":"log","timestamp":1769135607523,"level":"debug","message":"Adding sample data NnLcfKElA","meta":{"rootId":"olm6n6rspcisigr","id":"olm6n6rspcisigr"},"id":"vbmn2m2lg8s41js","previousOperationId":"rs9fc03dctr7jo5"}
{"type":"log","timestamp":1769135607544,"level":"debug","message":"Base url not specified, skipping its injection.","meta":{"rootId":"olm6n6rspcisigr","id":"olm6n6rspcisigr"},"id":"f0jsoz2ep0wh5q5","previousOperationId":"rs9fc03dctr7jo5"}
{"type":"operationStart","subtype":"engine","name":"handlebars","timestamp":1769135607558,"id":"y0r4vffy14h5u7k","previousEventId":"k79wbornnfkf3vv","operationId":"pbk6mxx1rqqabeb","previousOperationId":"rs9fc03dctr7jo5"}
{"type":"log","timestamp":1769135607558,"level":"debug","message":"Rendering engine handlebars","meta":{"rootId":"olm6n6rspcisigr","id":"olm6n6rspcisigr"},"id":"ftg6u0rzk6kkc1d","previousOperationId":"pbk6mxx1rqqabeb"}
{"type":"operationEnd","operationId":"pbk6mxx1rqqabeb","timestamp":1769135607691,"id":"38ll2kbqqdy3r84","previousEventId":"y0r4vffy14h5u7k","previousOperationId":"pbk6mxx1rqqabeb"}
{"type":"operationStart","subtype":"recipe","name":"chrome-pdf","timestamp":1769135607693,"id":"b2uz01kj2ugwy5i","previousEventId":"38ll2kbqqdy3r84","operationId":"c16leclwcajou5c","previousOperationId":"pbk6mxx1rqqabeb"}
{"type":"log","timestamp":1769135607693,"level":"debug","message":"Executing recipe chrome-pdf","meta":{"rootId":"olm6n6rspcisigr","id":"olm6n6rspcisigr"},"id":"3k2040hba8a02zt","previousOperationId":"c16leclwcajou5c"}
{"type":"log","timestamp":1769135607759,"level":"debug","message":"Converting with chrome Chrome/142.0.7444.175 using chrome-pool strategy","meta":{"rootId":"olm6n6rspcisigr","id":"olm6n6rspcisigr"},"id":"rjgrqfb7iovfx74","previousOperationId":"c16leclwcajou5c"}
{"type":"log","timestamp":1769135608463,"level":"debug","message":"Page request: GET (document) file:///tmp/jsreport/autocleanup/a81bfef4-4eac-4dc5-bfdf-148a7b986281-chrome-pdf.html","meta":{"rootId":"olm6n6rspcisigr","id":"olm6n6rspcisigr"},"id":"e4n8oa07tbwdalu","previousOperationId":"c16leclwcajou5c"}
{"type":"log","timestamp":1769135608523,"level":"debug","message":"Page request finished: GET (document) 200 file:///tmp/jsreport/autocleanup/a81bfef4-4eac-4dc5-bfdf-148a7b986281-chrome-pdf.html","meta":{"rootId":"olm6n6rspcisigr","id":"olm6n6rspcisigr"},"id":"3489gtzfq11omxo","previousOperationId":"c16leclwcajou5c"}
{"type":"log","timestamp":1769135608539,"level":"debug","message":"Page request: GET (image) https://paciolibucket.s3.us-east-2.amazonaws.com/orgs/c64b69f6759a43a1bc0ae31961876751/companies/logos/e9767ff4-7186-447f-a397-208ea6bbfdb8_ninosfelices.png?X-Amz-Expires=600&X-Amz-Algorithm=AWS4-HMAC-SHA256&X-Amz-Credential=AKIAVYV5Z6T6UQ4ARWOC%2F20260123%2Fus-east-2%2Fs3%2Faws4_request&X-Amz-Date=20260123T021411Z&X-Amz-SignedHeaders=host&X-Amz-Signature=44b9bfc3a8a8b30d8809abd973af26164ce987276c08e15740f2c6ff7208e172","meta":{"rootId":"olm6n6rspcisigr","id":"olm6n6rspcisigr"},"id":"o0llhz049cpg529","previousOperationId":"c16leclwcajou5c"}
{"type":"log","timestamp":1769135608609,"level":"debug","message":"Page request finished: GET (image) 200 https://paciolibucket.s3.us-east-2.amazonaws.com/orgs/c64b69f6759a43a1bc0ae31961876751/companies/logos/e9767ff4-7186-447f-a397-208ea6bbfdb8_ninosfelices.png?X-Amz-Expires=600&X-Amz-Algorithm=AWS4-HMAC-SHA256&X-Amz-Credential=AKIAVYV5Z6T6UQ4ARWOC%2F20260123%2Fus-east-2%2Fs3%2Faws4_request&X-Amz-Date=20260123T021411Z&X-Amz-SignedHeaders=host&X-Amz-Signature=44b9bfc3a8a8b30d8809abd973af26164ce987276c08e15740f2c6ff7208e172","meta":{"rootId":"olm6n6rspcisigr","id":"olm6n6rspcisigr"},"id":"c94k79xay4kyxt7","previousOperationId":"c16leclwcajou5c"}
{"type":"log","timestamp":1769135608642,"level":"debug","message":"Running chrome with params {\"printBackground\":true,\"timeout\":59633,\"margin\":{}}","meta":{"rootId":"olm6n6rspcisigr","id":"olm6n6rspcisigr"},"id":"dcesw7cafjbkc3w","previousOperationId":"c16leclwcajou5c"}
{"type":"operationEnd","operationId":"c16leclwcajou5c","timestamp":1769135608824,"id":"5wiesmw0vtgsuhg","previousEventId":"b2uz01kj2ugwy5i","previousOperationId":"c16leclwcajou5c"}
{"type":"log","timestamp":1769135608825,"level":"debug","message":"Skipping storing report.","meta":{"rootId":"olm6n6rspcisigr","id":"olm6n6rspcisigr"},"id":"q1vsrsv5hqraeek","previousOperationId":"c16leclwcajou5c"}
{"type":"log","timestamp":1769135608825,"level":"info","message":"Rendering request 33 finished in 1478 ms","meta":{"rootId":"olm6n6rspcisigr","id":"olm6n6rspcisigr"},"id":"jbtez3l3q6hjd11","previousOperationId":"c16leclwcajou5c"}
{"type":"operationEnd","subtype":"render","operationId":"rs9fc03dctr7jo5","timestamp":1769135608825,"id":"j9a591gz8crmfrp","previousEventId":"5wiesmw0vtgsuhg","previousOperationId":"c16leclwcajou5c"}
{"type":"operationEnd","doDiffs":false,"previousEventId":"6xw42yu0vl8yvyy","previousOperationId":"l0t79tvf9zog0bu","operationId":"l0t79tvf9zog0bu","timestamp":1769135608828,"id":"b670skrs3chwmrh"}
