{"type":"operationStart","subtype":"profile","data":{"_id":"sRqjx2ybOUdnLxg3","timestamp":"2026-01-23T01:36:42.132Z","state":"queued","mode":"standard","creationDate":"2026-01-23T01:36:42.143Z","modificationDate":"2026-01-23T01:36:42.143Z","shortid":"36tQccM","$entitySet":"profiles"},"doDiffs":false,"timestamp":1769132202136,"id":"um7p9aozx0szbx1","previousOperationId":null,"operationId":"dovabe85jihswfx"}
{"type":"log","level":"info","message":"Render request 20 queued for execution and waiting for available worker","previousOperationId":"dovabe85jihswfx","timestamp":1769132202140,"id":"fpy5tjxn0arj45g"}
{"type":"operationStart","subtype":"render","name":"general-ledger-v1","previousOperationId":"dovabe85jihswfx","timestamp":1769132202234,"id":"jrb0vlx2bkth1lh","previousEventId":"um7p9aozx0szbx1","operationId":"vbvl6lmduwxs1aq"}
{"type":"log","timestamp":1769132202238,"level":"info","message":"Starting rendering request 20","meta":{"rootId":"pc1yvtgokgt2h9h","id":"pc1yvtgokgt2h9h"},"id":"6rjs2lfoe72ugsd","previousOperationId":"vbvl6lmduwxs1aq"}
{"type":"log","timestamp":1769132202243,"level":"info","message":"Rendering template { name: general-ledger-v1, recipe: chrome-pdf, engine: handlebars, preview: true }","meta":{"rootId":"pc1yvtgokgt2h9h","id":"pc1yvtgokgt2h9h"},"id":"d3xnko2gx0lrzwv","previousOperationId":"vbvl6lmduwxs1aq"}
{"type":"log","timestamp":1769132202249,"level":"debug","message":"Adding sample data NnLcfKElA","meta":{"rootId":"pc1yvtgokgt2h9h","id":"pc1yvtgokgt2h9h"},"id":"3obwye06hyc89tx","previousOperationId":"vbvl6lmduwxs1aq"}
{"type":"log","timestamp":1769132202262,"level":"debug","message":"Base url not specified, skipping its injection.","meta":{"rootId":"pc1yvtgokgt2h9h","id":"pc1yvtgokgt2h9h"},"id":"ojc1sibimng3zxm","previousOperationId":"vbvl6lmduwxs1aq"}
{"type":"operationStart","subtype":"engine","name":"handlebars","timestamp":1769132202273,"id":"sazncn3ymhg8b0r","previousEventId":"jrb0vlx2bkth1lh","operationId":"9n4ixmwgif1g1vh","previousOperationId":"vbvl6lmduwxs1aq"}
{"type":"log","timestamp":1769132202273,"level":"debug","message":"Rendering engine handlebars","meta":{"rootId":"pc1yvtgokgt2h9h","id":"pc1yvtgokgt2h9h"},"id":"c4vr42ew5l6wzdv","previousOperationId":"9n4ixmwgif1g1vh"}
{"type":"operationEnd","operationId":"9n4ixmwgif1g1vh","timestamp":1769132202526,"id":"mxzx624oo9bc1np","previousEventId":"sazncn3ymhg8b0r","previousOperationId":"9n4ixmwgif1g1vh"}
{"type":"operationStart","subtype":"recipe","name":"chrome-pdf","timestamp":1769132202526,"id":"g82kb4wjwhiu85i","previousEventId":"mxzx624oo9bc1np","operationId":"l4usfsr4ur6ogdr","previousOperationId":"9n4ixmwgif1g1vh"}
{"type":"log","timestamp":1769132202526,"level":"debug","message":"Executing recipe chrome-pdf","meta":{"rootId":"pc1yvtgokgt2h9h","id":"pc1yvtgokgt2h9h"},"id":"37zil98laz4au6c","previousOperationId":"l4usfsr4ur6ogdr"}
{"type":"log","timestamp":1769132202566,"level":"debug","message":"Converting with chrome Chrome/142.0.7444.175 using chrome-pool strategy","meta":{"rootId":"pc1yvtgokgt2h9h","id":"pc1yvtgokgt2h9h"},"id":"f6skrbub62bgczx","previousOperationId":"l4usfsr4ur6ogdr"}
{"type":"log","timestamp":1769132203068,"level":"debug","message":"Page request: GET (document) file:///tmp/jsreport/autocleanup/a1921104-23f4-48d4-86a5-e52cb69561b9-chrome-pdf.html","meta":{"rootId":"pc1yvtgokgt2h9h","id":"pc1yvtgokgt2h9h"},"id":"u85uqnfkw1nq61r","previousOperationId":"l4usfsr4ur6ogdr"}
{"type":"log","timestamp":1769132203109,"level":"debug","message":"Page request finished: GET (document) 200 file:///tmp/jsreport/autocleanup/a1921104-23f4-48d4-86a5-e52cb69561b9-chrome-pdf.html","meta":{"rootId":"pc1yvtgokgt2h9h","id":"pc1yvtgokgt2h9h"},"id":"wkb6k63cslv05as","previousOperationId":"l4usfsr4ur6ogdr"}
{"type":"log","timestamp":1769132203118,"level":"debug","message":"Page request: GET (image) https://paciolibucket.s3.us-east-2.amazonaws.com/orgs/c64b69f6759a43a1bc0ae31961876751/companies/logos/e9767ff4-7186-447f-a397-208ea6bbfdb8_ninosfelices.png?X-Amz-Expires=600&X-Amz-Algorithm=AWS4-HMAC-SHA256&X-Amz-Credential=AKIAVYV5Z6T6UQ4ARWOC%2F20260123%2Fus-east-2%2Fs3%2Faws4_request&X-Amz-Date=20260123T013629Z&X-Amz-SignedHeaders=host&X-Amz-Signature=96e10352a636fdde204bb18d15b34a5c8f14dbdd79bdaedbc67cec29bf3651ce","meta":{"rootId":"pc1yvtgokgt2h9h","id":"pc1yvtgokgt2h9h"},"id":"f9xvhexfy33z7mk","previousOperationId":"l4usfsr4ur6ogdr"}
{"type":"log","timestamp":1769132203768,"level":"debug","message":"Page request finished: GET (image) 200 https://paciolibucket.s3.us-east-2.amazonaws.com/orgs/c64b69f6759a43a1bc0ae31961876751/companies/logos/e9767ff4-7186-447f-a397-208ea6bbfdb8_ninosfelices.png?X-Amz-Expires=600&X-Amz-Algorithm=AWS4-HMAC-SHA256&X-Amz-Credential=AKIAVYV5Z6T6UQ4ARWOC%2F20260123%2Fus-east-2%2Fs3%2Faws4_request&X-Amz-Date=20260123T013629Z&X-Amz-SignedHeaders=host&X-Amz-Signature=96e10352a636fdde204bb18d15b34a5c8f14dbdd79bdaedbc67cec29bf3651ce","meta":{"rootId":"pc1yvtgokgt2h9h","id":"pc1yvtgokgt2h9h"},"id":"vxl40tfn1387gda","previousOperationId":"l4usfsr4ur6ogdr"}
{"type":"log","timestamp":1769132203772,"level":"debug","message":"Running chrome with params {\"printBackground\":true,\"timeout\":59587,\"margin\":{}}","meta":{"rootId":"pc1yvtgokgt2h9h","id":"pc1yvtgokgt2h9h"},"id":"3154fyfargd7q1s","previousOperationId":"l4usfsr4ur6ogdr"}
{"type":"operationEnd","operationId":"l4usfsr4ur6ogdr","timestamp":1769132203926,"id":"j8scrazdfg1wzv4","previousEventId":"g82kb4wjwhiu85i","previousOperationId":"l4usfsr4ur6ogdr"}
{"type":"log","timestamp":1769132203927,"level":"debug","message":"Skipping storing report.","meta":{"rootId":"pc1yvtgokgt2h9h","id":"pc1yvtgokgt2h9h"},"id":"ho0tdxl04j8qvwe","previousOperationId":"l4usfsr4ur6ogdr"}
{"type":"log","timestamp":1769132203927,"level":"info","message":"Rendering request 20 finished in 1804 ms","meta":{"rootId":"pc1yvtgokgt2h9h","id":"pc1yvtgokgt2h9h"},"id":"k19ap598l1bplho","previousOperationId":"l4usfsr4ur6ogdr"}
{"type":"operationEnd","subtype":"render","operationId":"vbvl6lmduwxs1aq","timestamp":1769132203927,"id":"229zgqkeyqwesr6","previousEventId":"j8scrazdfg1wzv4","previousOperationId":"l4usfsr4ur6ogdr"}
{"type":"operationEnd","doDiffs":false,"previousEventId":"um7p9aozx0szbx1","previousOperationId":"dovabe85jihswfx","operationId":"dovabe85jihswfx","timestamp":1769132203932,"id":"9wlb05tqaj43k96"}
