{"type":"operationStart","subtype":"profile","data":{"_id":"KxBvbqj0ZjB5Daws","timestamp":"2026-02-17T16:18:22.478Z","state":"queued","mode":"standard","creationDate":"2026-02-17T16:18:22.479Z","modificationDate":"2026-02-17T16:18:22.479Z","shortid":"-T-ahtK","$entitySet":"profiles"},"doDiffs":false,"timestamp":1771345102479,"id":"gik1aktneiru2nx","previousOperationId":null,"operationId":"ohf4slreqd3vbkc"}
{"type":"log","level":"info","message":"Render request 5 queued for execution and waiting for available worker","previousOperationId":"ohf4slreqd3vbkc","timestamp":1771345102479,"id":"73jgz5wf1kc7wg4"}
{"type":"operationStart","subtype":"render","name":"general-ledger-v1","previousOperationId":"ohf4slreqd3vbkc","timestamp":1771345102532,"id":"8tcotznwdnou59g","previousEventId":"gik1aktneiru2nx","operationId":"i3jcct6ns78lbn8"}
{"type":"log","timestamp":1771345102532,"level":"info","message":"Starting rendering request 5","meta":{"rootId":"rpioo94s4s6x21p","id":"rpioo94s4s6x21p"},"id":"v9z83cefuvng75y","previousOperationId":"i3jcct6ns78lbn8"}
{"type":"log","timestamp":1771345102532,"level":"info","message":"Rendering template { name: general-ledger-v1, recipe: chrome-pdf, engine: handlebars, preview: false }","meta":{"rootId":"rpioo94s4s6x21p","id":"rpioo94s4s6x21p"},"id":"viio9fu371skqxc","previousOperationId":"i3jcct6ns78lbn8"}
{"type":"log","timestamp":1771345102533,"level":"debug","message":"Inline data specified.","meta":{"rootId":"rpioo94s4s6x21p","id":"rpioo94s4s6x21p"},"id":"bcq1ev7dyiz8uxc","previousOperationId":"i3jcct6ns78lbn8"}
{"type":"log","timestamp":1771345102536,"level":"debug","message":"Base url not specified, skipping its injection.","meta":{"rootId":"rpioo94s4s6x21p","id":"rpioo94s4s6x21p"},"id":"z63f8tg1jt6jnjh","previousOperationId":"i3jcct6ns78lbn8"}
{"type":"operationStart","subtype":"engine","name":"handlebars","timestamp":1771345102536,"id":"h9o2sgufwn6k8or","previousEventId":"8tcotznwdnou59g","operationId":"4scb8twidqxz148","previousOperationId":"i3jcct6ns78lbn8"}
{"type":"log","timestamp":1771345102536,"level":"debug","message":"Rendering engine handlebars","meta":{"rootId":"rpioo94s4s6x21p","id":"rpioo94s4s6x21p"},"id":"374yu9dj2e2xuoz","previousOperationId":"4scb8twidqxz148"}
{"type":"operationEnd","operationId":"4scb8twidqxz148","timestamp":1771345102621,"id":"rnujupk9f6f4t3w","previousEventId":"h9o2sgufwn6k8or","previousOperationId":"4scb8twidqxz148"}
{"type":"operationStart","subtype":"recipe","name":"chrome-pdf","timestamp":1771345102621,"id":"8cxipfo0smxihkf","previousEventId":"rnujupk9f6f4t3w","operationId":"cl9su47vk08l6ai","previousOperationId":"4scb8twidqxz148"}
{"type":"log","timestamp":1771345102621,"level":"debug","message":"Executing recipe chrome-pdf","meta":{"rootId":"rpioo94s4s6x21p","id":"rpioo94s4s6x21p"},"id":"3zd3smq220v04kp","previousOperationId":"cl9su47vk08l6ai"}
{"type":"log","timestamp":1771345102623,"level":"debug","message":"Converting with chrome Chrome/142.0.7444.175 using chrome-pool strategy","meta":{"rootId":"rpioo94s4s6x21p","id":"rpioo94s4s6x21p"},"id":"ev5swykj3d2yvp1","previousOperationId":"cl9su47vk08l6ai"}
{"type":"log","timestamp":1771345102677,"level":"debug","message":"Page request: GET (document) file:///tmp/jsreport/autocleanup/e7bb4bb7-ad17-4e04-8e70-8a7f22759b4b-chrome-pdf.html","meta":{"rootId":"rpioo94s4s6x21p","id":"rpioo94s4s6x21p"},"id":"rlhaxbc8aupisii","previousOperationId":"cl9su47vk08l6ai"}
{"type":"log","timestamp":1771345102688,"level":"debug","message":"Page request finished: GET (document) 200 file:///tmp/jsreport/autocleanup/e7bb4bb7-ad17-4e04-8e70-8a7f22759b4b-chrome-pdf.html","meta":{"rootId":"rpioo94s4s6x21p","id":"rpioo94s4s6x21p"},"id":"mo6h7pkxuyagp0y","previousOperationId":"cl9su47vk08l6ai"}
{"type":"log","timestamp":1771345102688,"level":"debug","message":"Page request: GET (image) https://paciolibucket.s3.us-east-2.amazonaws.com/orgs/c64b69f6759a43a1bc0ae31961876751/companies/logos/e9767ff4-7186-447f-a397-208ea6bbfdb8_ninosfelices.png?X-Amz-Expires=600&X-Amz-Algorithm=AWS4-HMAC-SHA256&X-Amz-Credential=AKIAVYV5Z6T6UQ4ARWOC%2F20260217%2Fus-east-2%2Fs3%2Faws4_request&X-Amz-Date=20260217T161822Z&X-Amz-SignedHeaders=host&X-Amz-Signature=73d9fcd6d3c5de1c60333ef4b68a000403e0c5e18b27ced53f09ce751119ef03","meta":{"rootId":"rpioo94s4s6x21p","id":"rpioo94s4s6x21p"},"id":"mdkea8ahmoflk7w","previousOperationId":"cl9su47vk08l6ai"}
{"type":"log","timestamp":1771345103165,"level":"debug","message":"Page request finished: GET (image) 200 https://paciolibucket.s3.us-east-2.amazonaws.com/orgs/c64b69f6759a43a1bc0ae31961876751/companies/logos/e9767ff4-7186-447f-a397-208ea6bbfdb8_ninosfelices.png?X-Amz-Expires=600&X-Amz-Algorithm=AWS4-HMAC-SHA256&X-Amz-Credential=AKIAVYV5Z6T6UQ4ARWOC%2F20260217%2Fus-east-2%2Fs3%2Faws4_request&X-Amz-Date=20260217T161822Z&X-Amz-SignedHeaders=host&X-Amz-Signature=73d9fcd6d3c5de1c60333ef4b68a000403e0c5e18b27ced53f09ce751119ef03","meta":{"rootId":"rpioo94s4s6x21p","id":"rpioo94s4s6x21p"},"id":"m7tw8t4gfyc8hpm","previousOperationId":"cl9su47vk08l6ai"}
{"type":"log","timestamp":1771345103167,"level":"debug","message":"Running chrome with params {\"printBackground\":true,\"timeout\":59856,\"margin\":{}}","meta":{"rootId":"rpioo94s4s6x21p","id":"rpioo94s4s6x21p"},"id":"xgcdey3cortlb6y","previousOperationId":"cl9su47vk08l6ai"}
{"type":"operationEnd","operationId":"cl9su47vk08l6ai","timestamp":1771345103253,"id":"xmb73c4dlpaxhel","previousEventId":"8cxipfo0smxihkf","previousOperationId":"cl9su47vk08l6ai"}
{"type":"log","timestamp":1771345103253,"level":"debug","message":"Skipping storing report.","meta":{"rootId":"rpioo94s4s6x21p","id":"rpioo94s4s6x21p"},"id":"efk21xpccttb8nc","previousOperationId":"cl9su47vk08l6ai"}
{"type":"log","timestamp":1771345103253,"level":"info","message":"Rendering request 5 finished in 775 ms","meta":{"rootId":"rpioo94s4s6x21p","id":"rpioo94s4s6x21p"},"id":"61wngxonauz0xo7","previousOperationId":"cl9su47vk08l6ai"}
{"type":"operationEnd","subtype":"render","operationId":"i3jcct6ns78lbn8","timestamp":1771345103253,"id":"m8wtriv4oepsqw2","previousEventId":"xmb73c4dlpaxhel","previousOperationId":"cl9su47vk08l6ai"}
{"type":"operationEnd","doDiffs":false,"previousEventId":"gik1aktneiru2nx","previousOperationId":"ohf4slreqd3vbkc","operationId":"ohf4slreqd3vbkc","timestamp":1771345103258,"id":"vrlip3xu6icnhz7"}
