{"type":"operationStart","subtype":"profile","data":{"_id":"iQtnxjnwhSgt2JlS","timestamp":"2026-02-17T17:27:11.623Z","state":"queued","mode":"standard","creationDate":"2026-02-17T17:27:11.628Z","modificationDate":"2026-02-17T17:27:11.628Z","shortid":"HDkmvxk","$entitySet":"profiles"},"doDiffs":false,"timestamp":1771349231625,"id":"djgj0e1onglov0t","previousOperationId":null,"operationId":"dl2nnf004hhlijc"}
{"type":"log","level":"info","message":"Render request 7 queued for execution and waiting for available worker","previousOperationId":"dl2nnf004hhlijc","timestamp":1771349231626,"id":"00qpz0pe7lxt3pg"}
{"type":"operationStart","subtype":"render","name":"general-ledger-v1","previousOperationId":"dl2nnf004hhlijc","timestamp":1771349231725,"id":"ioobwjaxcmtxl76","previousEventId":"djgj0e1onglov0t","operationId":"92vbdj0f3s8mun5"}
{"type":"log","timestamp":1771349231733,"level":"info","message":"Starting rendering request 7","meta":{"rootId":"s1psca2fjpknjzy","id":"s1psca2fjpknjzy"},"id":"0qb4s161agrldpo","previousOperationId":"92vbdj0f3s8mun5"}
{"type":"log","timestamp":1771349231739,"level":"info","message":"Rendering template { name: general-ledger-v1, recipe: chrome-pdf, engine: handlebars, preview: false }","meta":{"rootId":"s1psca2fjpknjzy","id":"s1psca2fjpknjzy"},"id":"s0kp7fwkkqqs22d","previousOperationId":"92vbdj0f3s8mun5"}
{"type":"log","timestamp":1771349231746,"level":"debug","message":"Inline data specified.","meta":{"rootId":"s1psca2fjpknjzy","id":"s1psca2fjpknjzy"},"id":"nhqz7ipn534o3dl","previousOperationId":"92vbdj0f3s8mun5"}
{"type":"log","timestamp":1771349231754,"level":"debug","message":"Base url not specified, skipping its injection.","meta":{"rootId":"s1psca2fjpknjzy","id":"s1psca2fjpknjzy"},"id":"ghdwzh3pfmokbhh","previousOperationId":"92vbdj0f3s8mun5"}
{"type":"operationStart","subtype":"engine","name":"handlebars","timestamp":1771349231764,"id":"to7y00roomszmda","previousEventId":"ioobwjaxcmtxl76","operationId":"lrvk2482m220wy9","previousOperationId":"92vbdj0f3s8mun5"}
{"type":"log","timestamp":1771349231764,"level":"debug","message":"Rendering engine handlebars","meta":{"rootId":"s1psca2fjpknjzy","id":"s1psca2fjpknjzy"},"id":"vx3e8xe6nlv12dq","previousOperationId":"lrvk2482m220wy9"}
{"type":"operationEnd","operationId":"lrvk2482m220wy9","timestamp":1771349231886,"id":"jycp9pw67wiesp9","previousEventId":"to7y00roomszmda","previousOperationId":"lrvk2482m220wy9"}
{"type":"operationStart","subtype":"recipe","name":"chrome-pdf","timestamp":1771349231888,"id":"1ffo7ncvb83wbsb","previousEventId":"jycp9pw67wiesp9","operationId":"btliu0m7sw32dae","previousOperationId":"lrvk2482m220wy9"}
{"type":"log","timestamp":1771349231888,"level":"debug","message":"Executing recipe chrome-pdf","meta":{"rootId":"s1psca2fjpknjzy","id":"s1psca2fjpknjzy"},"id":"nxjxmjpzzcgicsw","previousOperationId":"btliu0m7sw32dae"}
{"type":"log","timestamp":1771349231944,"level":"debug","message":"Converting with chrome Chrome/142.0.7444.175 using chrome-pool strategy","meta":{"rootId":"s1psca2fjpknjzy","id":"s1psca2fjpknjzy"},"id":"kyunwobg0l701xk","previousOperationId":"btliu0m7sw32dae"}
{"type":"log","timestamp":1771349232396,"level":"debug","message":"Page request: GET (document) file:///tmp/jsreport/autocleanup/27de2468-7991-4906-b71a-da89a34a8ea9-chrome-pdf.html","meta":{"rootId":"s1psca2fjpknjzy","id":"s1psca2fjpknjzy"},"id":"v08cu6w2qolc3t1","previousOperationId":"btliu0m7sw32dae"}
{"type":"log","timestamp":1771349232431,"level":"debug","message":"Page request finished: GET (document) 200 file:///tmp/jsreport/autocleanup/27de2468-7991-4906-b71a-da89a34a8ea9-chrome-pdf.html","meta":{"rootId":"s1psca2fjpknjzy","id":"s1psca2fjpknjzy"},"id":"wpcu22xruvt7hk3","previousOperationId":"btliu0m7sw32dae"}
{"type":"log","timestamp":1771349232435,"level":"debug","message":"Page request: GET (image) https://paciolibucket.s3.us-east-2.amazonaws.com/orgs/c64b69f6759a43a1bc0ae31961876751/companies/logos/e9767ff4-7186-447f-a397-208ea6bbfdb8_ninosfelices.png?X-Amz-Expires=600&X-Amz-Algorithm=AWS4-HMAC-SHA256&X-Amz-Credential=AKIAVYV5Z6T6UQ4ARWOC%2F20260217%2Fus-east-2%2Fs3%2Faws4_request&X-Amz-Date=20260217T172711Z&X-Amz-SignedHeaders=host&X-Amz-Signature=001f0fcb668fb615c412c16b3585586b1b4fd028ff5b139b6892667eb9e7d73d","meta":{"rootId":"s1psca2fjpknjzy","id":"s1psca2fjpknjzy"},"id":"6361f7rq1n8ylnb","previousOperationId":"btliu0m7sw32dae"}
{"type":"log","timestamp":1771349232994,"level":"debug","message":"Page request finished: GET (image) 200 https://paciolibucket.s3.us-east-2.amazonaws.com/orgs/c64b69f6759a43a1bc0ae31961876751/companies/logos/e9767ff4-7186-447f-a397-208ea6bbfdb8_ninosfelices.png?X-Amz-Expires=600&X-Amz-Algorithm=AWS4-HMAC-SHA256&X-Amz-Credential=AKIAVYV5Z6T6UQ4ARWOC%2F20260217%2Fus-east-2%2Fs3%2Faws4_request&X-Amz-Date=20260217T172711Z&X-Amz-SignedHeaders=host&X-Amz-Signature=001f0fcb668fb615c412c16b3585586b1b4fd028ff5b139b6892667eb9e7d73d","meta":{"rootId":"s1psca2fjpknjzy","id":"s1psca2fjpknjzy"},"id":"8dlbhi4gsa6oqiy","previousOperationId":"btliu0m7sw32dae"}
{"type":"log","timestamp":1771349232999,"level":"debug","message":"Running chrome with params {\"printBackground\":true,\"timeout\":59713,\"margin\":{}}","meta":{"rootId":"s1psca2fjpknjzy","id":"s1psca2fjpknjzy"},"id":"5cr8evfdnrd1npr","previousOperationId":"btliu0m7sw32dae"}
{"type":"operationEnd","operationId":"btliu0m7sw32dae","timestamp":1771349233116,"id":"oy9m3x9pso595l6","previousEventId":"1ffo7ncvb83wbsb","previousOperationId":"btliu0m7sw32dae"}
{"type":"log","timestamp":1771349233117,"level":"debug","message":"Skipping storing report.","meta":{"rootId":"s1psca2fjpknjzy","id":"s1psca2fjpknjzy"},"id":"pcl8mdcbc5ruhvk","previousOperationId":"btliu0m7sw32dae"}
{"type":"log","timestamp":1771349233117,"level":"info","message":"Rendering request 7 finished in 1500 ms","meta":{"rootId":"s1psca2fjpknjzy","id":"s1psca2fjpknjzy"},"id":"l3pli86rj7muvzi","previousOperationId":"btliu0m7sw32dae"}
{"type":"operationEnd","subtype":"render","operationId":"92vbdj0f3s8mun5","timestamp":1771349233117,"id":"fs6b203mqiz77m8","previousEventId":"oy9m3x9pso595l6","previousOperationId":"btliu0m7sw32dae"}
{"type":"operationEnd","doDiffs":false,"previousEventId":"djgj0e1onglov0t","previousOperationId":"dl2nnf004hhlijc","operationId":"dl2nnf004hhlijc","timestamp":1771349233120,"id":"irph98ijx6ctisa"}
