{"type":"operationStart","subtype":"profile","data":{"_id":"ROmdg1XbI3JSUIek","timestamp":"2026-01-23T04:10:46.777Z","state":"queued","mode":"standard","creationDate":"2026-01-23T04:10:46.785Z","modificationDate":"2026-01-23T04:10:46.785Z","shortid":"idnWzCc","$entitySet":"profiles"},"doDiffs":false,"timestamp":1769141446782,"id":"rtzks74ld8n8ju0","previousOperationId":null,"operationId":"vgblrj6tneg3hdk"}
{"type":"log","level":"info","message":"Render request 47 queued for execution and waiting for available worker","previousOperationId":"vgblrj6tneg3hdk","timestamp":1769141446783,"id":"lbcv6eu7xfsdhyl"}
{"type":"operationStart","subtype":"render","name":"general-ledger-v1","previousOperationId":"vgblrj6tneg3hdk","timestamp":1769141446878,"id":"qx6wj6va77ezjkt","previousEventId":"rtzks74ld8n8ju0","operationId":"s1cjwekp5mi1qsm"}
{"type":"log","timestamp":1769141446883,"level":"info","message":"Starting rendering request 47","meta":{"rootId":"tklqzwtw12kmfts","id":"tklqzwtw12kmfts"},"id":"5cc27c250ihlhge","previousOperationId":"s1cjwekp5mi1qsm"}
{"type":"log","timestamp":1769141446888,"level":"info","message":"Rendering template { name: general-ledger-v1, recipe: chrome-pdf, engine: handlebars, preview: true }","meta":{"rootId":"tklqzwtw12kmfts","id":"tklqzwtw12kmfts"},"id":"m0flcttdqaz0og7","previousOperationId":"s1cjwekp5mi1qsm"}
{"type":"log","timestamp":1769141446896,"level":"debug","message":"Adding sample data NnLcfKElA","meta":{"rootId":"tklqzwtw12kmfts","id":"tklqzwtw12kmfts"},"id":"vl2dhaqw5k0nmda","previousOperationId":"s1cjwekp5mi1qsm"}
{"type":"log","timestamp":1769141446910,"level":"debug","message":"Base url not specified, skipping its injection.","meta":{"rootId":"tklqzwtw12kmfts","id":"tklqzwtw12kmfts"},"id":"hmgi9ppbf9qu1w9","previousOperationId":"s1cjwekp5mi1qsm"}
{"type":"operationStart","subtype":"engine","name":"handlebars","timestamp":1769141446919,"id":"acdy7v3iwkl30me","previousEventId":"qx6wj6va77ezjkt","operationId":"qv6931oavzqobl8","previousOperationId":"s1cjwekp5mi1qsm"}
{"type":"log","timestamp":1769141446919,"level":"debug","message":"Rendering engine handlebars","meta":{"rootId":"tklqzwtw12kmfts","id":"tklqzwtw12kmfts"},"id":"uons53uiw002067","previousOperationId":"qv6931oavzqobl8"}
{"type":"operationEnd","operationId":"qv6931oavzqobl8","timestamp":1769141447125,"id":"5a6y38falenw881","previousEventId":"acdy7v3iwkl30me","previousOperationId":"qv6931oavzqobl8"}
{"type":"operationStart","subtype":"recipe","name":"chrome-pdf","timestamp":1769141447128,"id":"vma1efpoqjqv8nv","previousEventId":"5a6y38falenw881","operationId":"cism46c939t3wf6","previousOperationId":"qv6931oavzqobl8"}
{"type":"log","timestamp":1769141447128,"level":"debug","message":"Executing recipe chrome-pdf","meta":{"rootId":"tklqzwtw12kmfts","id":"tklqzwtw12kmfts"},"id":"jm155vv77l72227","previousOperationId":"cism46c939t3wf6"}
{"type":"log","timestamp":1769141447161,"level":"debug","message":"Converting with chrome Chrome/142.0.7444.175 using chrome-pool strategy","meta":{"rootId":"tklqzwtw12kmfts","id":"tklqzwtw12kmfts"},"id":"hhblnfcabxypjx7","previousOperationId":"cism46c939t3wf6"}
{"type":"log","timestamp":1769141447641,"level":"debug","message":"Page request: GET (document) file:///tmp/jsreport/autocleanup/2afccdcc-c505-437c-b12e-e4431f06b21b-chrome-pdf.html","meta":{"rootId":"tklqzwtw12kmfts","id":"tklqzwtw12kmfts"},"id":"dnt77en3l5i8dyz","previousOperationId":"cism46c939t3wf6"}
{"type":"log","timestamp":1769141447697,"level":"debug","message":"Page request finished: GET (document) 200 file:///tmp/jsreport/autocleanup/2afccdcc-c505-437c-b12e-e4431f06b21b-chrome-pdf.html","meta":{"rootId":"tklqzwtw12kmfts","id":"tklqzwtw12kmfts"},"id":"3a43vj3iksdwq6s","previousOperationId":"cism46c939t3wf6"}
{"type":"log","timestamp":1769141447704,"level":"debug","message":"Page request: GET (image) https://paciolibucket.s3.us-east-2.amazonaws.com/orgs/c64b69f6759a43a1bc0ae31961876751/companies/logos/e9767ff4-7186-447f-a397-208ea6bbfdb8_ninosfelices.png?X-Amz-Expires=600&X-Amz-Algorithm=AWS4-HMAC-SHA256&X-Amz-Credential=AKIAVYV5Z6T6UQ4ARWOC%2F20260123%2Fus-east-2%2Fs3%2Faws4_request&X-Amz-Date=20260123T040554Z&X-Amz-SignedHeaders=host&X-Amz-Signature=747c15527b5085b1be2ddd3c10637621ec12ad2e785b0bc43d8c81665def75d9","meta":{"rootId":"tklqzwtw12kmfts","id":"tklqzwtw12kmfts"},"id":"8iwj3zgztflfhpc","previousOperationId":"cism46c939t3wf6"}
{"type":"log","timestamp":1769141447783,"level":"debug","message":"Page request finished: GET (image) 200 https://paciolibucket.s3.us-east-2.amazonaws.com/orgs/c64b69f6759a43a1bc0ae31961876751/companies/logos/e9767ff4-7186-447f-a397-208ea6bbfdb8_ninosfelices.png?X-Amz-Expires=600&X-Amz-Algorithm=AWS4-HMAC-SHA256&X-Amz-Credential=AKIAVYV5Z6T6UQ4ARWOC%2F20260123%2Fus-east-2%2Fs3%2Faws4_request&X-Amz-Date=20260123T040554Z&X-Amz-SignedHeaders=host&X-Amz-Signature=747c15527b5085b1be2ddd3c10637621ec12ad2e785b0bc43d8c81665def75d9","meta":{"rootId":"tklqzwtw12kmfts","id":"tklqzwtw12kmfts"},"id":"hthemi2rx38toxs","previousOperationId":"cism46c939t3wf6"}
{"type":"log","timestamp":1769141447825,"level":"debug","message":"Running chrome with params {\"printBackground\":true,\"timeout\":59632,\"margin\":{}}","meta":{"rootId":"tklqzwtw12kmfts","id":"tklqzwtw12kmfts"},"id":"yp24tclw243ygf5","previousOperationId":"cism46c939t3wf6"}
{"type":"operationEnd","operationId":"cism46c939t3wf6","timestamp":1769141447992,"id":"dtfvgqgxdqcanbs","previousEventId":"vma1efpoqjqv8nv","previousOperationId":"cism46c939t3wf6"}
{"type":"log","timestamp":1769141447992,"level":"debug","message":"Skipping storing report.","meta":{"rootId":"tklqzwtw12kmfts","id":"tklqzwtw12kmfts"},"id":"udr1aea2avsunr4","previousOperationId":"cism46c939t3wf6"}
{"type":"log","timestamp":1769141447992,"level":"info","message":"Rendering request 47 finished in 1222 ms","meta":{"rootId":"tklqzwtw12kmfts","id":"tklqzwtw12kmfts"},"id":"vp2fdfpcdbk3mwi","previousOperationId":"cism46c939t3wf6"}
{"type":"operationEnd","subtype":"render","operationId":"s1cjwekp5mi1qsm","timestamp":1769141447992,"id":"99kgif0pllqcpnl","previousEventId":"dtfvgqgxdqcanbs","previousOperationId":"cism46c939t3wf6"}
{"type":"operationEnd","doDiffs":false,"previousEventId":"rtzks74ld8n8ju0","previousOperationId":"vgblrj6tneg3hdk","operationId":"vgblrj6tneg3hdk","timestamp":1769141447996,"id":"eo8fhwtuucge7hi"}
