{"type":"operationStart","subtype":"profile","data":{"_id":"ainaip70oMZOtvUe","timestamp":"2026-02-17T17:31:15.638Z","state":"queued","mode":"standard","creationDate":"2026-02-17T17:31:15.640Z","modificationDate":"2026-02-17T17:31:15.640Z","shortid":"Kv9dcRY","$entitySet":"profiles"},"doDiffs":false,"timestamp":1771349475640,"id":"6v0c281fdx7ndtz","previousOperationId":null,"operationId":"0z5k9b25uamssas"}
{"type":"log","level":"info","message":"Render request 11 queued for execution and waiting for available worker","previousOperationId":"0z5k9b25uamssas","timestamp":1771349475640,"id":"0zspj0uqgx6t8zk"}
{"type":"operationStart","subtype":"render","name":"general-ledger-v1","previousOperationId":"0z5k9b25uamssas","timestamp":1771349475688,"id":"2zhmvb130p8aph6","previousEventId":"6v0c281fdx7ndtz","operationId":"um9skdwg2ad7b0x"}
{"type":"log","timestamp":1771349475689,"level":"info","message":"Starting rendering request 11","meta":{"rootId":"u4mm4js9sudyfdg","id":"u4mm4js9sudyfdg"},"id":"7x9zcfl5aklh9g5","previousOperationId":"um9skdwg2ad7b0x"}
{"type":"log","timestamp":1771349475689,"level":"info","message":"Rendering template { name: general-ledger-v1, recipe: chrome-pdf, engine: handlebars, preview: false }","meta":{"rootId":"u4mm4js9sudyfdg","id":"u4mm4js9sudyfdg"},"id":"qzzgd8jktzg13ac","previousOperationId":"um9skdwg2ad7b0x"}
{"type":"log","timestamp":1771349475690,"level":"debug","message":"Inline data specified.","meta":{"rootId":"u4mm4js9sudyfdg","id":"u4mm4js9sudyfdg"},"id":"hx8e123752kaayt","previousOperationId":"um9skdwg2ad7b0x"}
{"type":"log","timestamp":1771349475692,"level":"debug","message":"Base url not specified, skipping its injection.","meta":{"rootId":"u4mm4js9sudyfdg","id":"u4mm4js9sudyfdg"},"id":"1xkek0gk3069sz3","previousOperationId":"um9skdwg2ad7b0x"}
{"type":"operationStart","subtype":"engine","name":"handlebars","timestamp":1771349475692,"id":"pwdiuf6jy8ypphp","previousEventId":"2zhmvb130p8aph6","operationId":"z4aj6797x2z2q87","previousOperationId":"um9skdwg2ad7b0x"}
{"type":"log","timestamp":1771349475695,"level":"debug","message":"Rendering engine handlebars","meta":{"rootId":"u4mm4js9sudyfdg","id":"u4mm4js9sudyfdg"},"id":"aib1sgbsslu54i3","previousOperationId":"z4aj6797x2z2q87"}
{"type":"operationEnd","operationId":"z4aj6797x2z2q87","timestamp":1771349475709,"id":"1t2otknp2oldn1a","previousEventId":"pwdiuf6jy8ypphp","previousOperationId":"z4aj6797x2z2q87"}
{"type":"operationStart","subtype":"recipe","name":"chrome-pdf","timestamp":1771349475710,"id":"ezvaamf8gcs2zuo","previousEventId":"1t2otknp2oldn1a","operationId":"9g0x7kxoxe33msh","previousOperationId":"z4aj6797x2z2q87"}
{"type":"log","timestamp":1771349475710,"level":"debug","message":"Executing recipe chrome-pdf","meta":{"rootId":"u4mm4js9sudyfdg","id":"u4mm4js9sudyfdg"},"id":"9tlrtyuxz3c1ekg","previousOperationId":"9g0x7kxoxe33msh"}
{"type":"log","timestamp":1771349475713,"level":"debug","message":"Converting with chrome Chrome/142.0.7444.175 using chrome-pool strategy","meta":{"rootId":"u4mm4js9sudyfdg","id":"u4mm4js9sudyfdg"},"id":"d6oppvqqtx5hjar","previousOperationId":"9g0x7kxoxe33msh"}
{"type":"log","timestamp":1771349475759,"level":"debug","message":"Page request: GET (document) file:///tmp/jsreport/autocleanup/87c53ed0-fc7e-4e18-a9ad-cbb88c9b615e-chrome-pdf.html","meta":{"rootId":"u4mm4js9sudyfdg","id":"u4mm4js9sudyfdg"},"id":"vhf23pl4u7c9mjv","previousOperationId":"9g0x7kxoxe33msh"}
{"type":"log","timestamp":1771349475773,"level":"debug","message":"Page request finished: GET (document) 200 file:///tmp/jsreport/autocleanup/87c53ed0-fc7e-4e18-a9ad-cbb88c9b615e-chrome-pdf.html","meta":{"rootId":"u4mm4js9sudyfdg","id":"u4mm4js9sudyfdg"},"id":"tv6y8xqkkbdx4ue","previousOperationId":"9g0x7kxoxe33msh"}
{"type":"log","timestamp":1771349475776,"level":"debug","message":"Page request: GET (image) https://paciolibucket.s3.us-east-2.amazonaws.com/orgs/c64b69f6759a43a1bc0ae31961876751/companies/logos/e9767ff4-7186-447f-a397-208ea6bbfdb8_ninosfelices.png?X-Amz-Expires=600&X-Amz-Algorithm=AWS4-HMAC-SHA256&X-Amz-Credential=AKIAVYV5Z6T6UQ4ARWOC%2F20260217%2Fus-east-2%2Fs3%2Faws4_request&X-Amz-Date=20260217T173115Z&X-Amz-SignedHeaders=host&X-Amz-Signature=a7330da9b1b26cd00a96a52323edf3e18e35a29a03457b4edd8f2663b007e9b6","meta":{"rootId":"u4mm4js9sudyfdg","id":"u4mm4js9sudyfdg"},"id":"cd5py3x7q7ff1c8","previousOperationId":"9g0x7kxoxe33msh"}
{"type":"log","timestamp":1771349476310,"level":"debug","message":"Page request finished: GET (image) 200 https://paciolibucket.s3.us-east-2.amazonaws.com/orgs/c64b69f6759a43a1bc0ae31961876751/companies/logos/e9767ff4-7186-447f-a397-208ea6bbfdb8_ninosfelices.png?X-Amz-Expires=600&X-Amz-Algorithm=AWS4-HMAC-SHA256&X-Amz-Credential=AKIAVYV5Z6T6UQ4ARWOC%2F20260217%2Fus-east-2%2Fs3%2Faws4_request&X-Amz-Date=20260217T173115Z&X-Amz-SignedHeaders=host&X-Amz-Signature=a7330da9b1b26cd00a96a52323edf3e18e35a29a03457b4edd8f2663b007e9b6","meta":{"rootId":"u4mm4js9sudyfdg","id":"u4mm4js9sudyfdg"},"id":"nuxnx2c0h2blevw","previousOperationId":"9g0x7kxoxe33msh"}
{"type":"log","timestamp":1771349476312,"level":"debug","message":"Running chrome with params {\"printBackground\":true,\"timeout\":59927,\"margin\":{}}","meta":{"rootId":"u4mm4js9sudyfdg","id":"u4mm4js9sudyfdg"},"id":"xr9y9ub0kif92f2","previousOperationId":"9g0x7kxoxe33msh"}
{"type":"operationEnd","operationId":"9g0x7kxoxe33msh","timestamp":1771349476385,"id":"l0fkg0j4c2iv4nz","previousEventId":"ezvaamf8gcs2zuo","previousOperationId":"9g0x7kxoxe33msh"}
{"type":"log","timestamp":1771349476385,"level":"debug","message":"Skipping storing report.","meta":{"rootId":"u4mm4js9sudyfdg","id":"u4mm4js9sudyfdg"},"id":"nowf3h79usk9yse","previousOperationId":"9g0x7kxoxe33msh"}
{"type":"log","timestamp":1771349476385,"level":"info","message":"Rendering request 11 finished in 747 ms","meta":{"rootId":"u4mm4js9sudyfdg","id":"u4mm4js9sudyfdg"},"id":"yyij15uo7605j98","previousOperationId":"9g0x7kxoxe33msh"}
{"type":"operationEnd","subtype":"render","operationId":"um9skdwg2ad7b0x","timestamp":1771349476385,"id":"ikcthn3l9tgvscw","previousEventId":"l0fkg0j4c2iv4nz","previousOperationId":"9g0x7kxoxe33msh"}
{"type":"operationEnd","doDiffs":false,"previousEventId":"6v0c281fdx7ndtz","previousOperationId":"0z5k9b25uamssas","operationId":"0z5k9b25uamssas","timestamp":1771349476386,"id":"na8by06iqddkw89"}
