{"type":"operationStart","subtype":"profile","data":{"_id":"vccA6eEnE3MAlrcF","timestamp":"2026-01-23T00:46:46.210Z","state":"queued","mode":"standard","creationDate":"2026-01-23T00:46:46.211Z","modificationDate":"2026-01-23T00:46:46.211Z","shortid":"kBAGEkO","$entitySet":"profiles"},"doDiffs":false,"timestamp":1769129206210,"id":"tggj2fcj681vl8h","previousOperationId":null,"operationId":"y969pfklyxvtyap"}
{"type":"log","level":"info","message":"Render request 9 queued for execution and waiting for available worker","previousOperationId":"y969pfklyxvtyap","timestamp":1769129206210,"id":"skjvbfujq7dosp4"}
{"type":"operationStart","subtype":"render","name":"general-ledger-v1","previousOperationId":"y969pfklyxvtyap","timestamp":1769129206255,"id":"oac3tw2jc74hxa0","previousEventId":"tggj2fcj681vl8h","operationId":"babcjml2qd453cj"}
{"type":"log","timestamp":1769129206255,"level":"info","message":"Starting rendering request 9","meta":{"rootId":"unf5fpu97kmhdrb","id":"unf5fpu97kmhdrb"},"id":"4n9ld3lf7989yaj","previousOperationId":"babcjml2qd453cj"}
{"type":"log","timestamp":1769129206256,"level":"info","message":"Rendering template { name: general-ledger-v1, recipe: chrome-pdf, engine: handlebars, preview: true }","meta":{"rootId":"unf5fpu97kmhdrb","id":"unf5fpu97kmhdrb"},"id":"pingxjp555e5ltx","previousOperationId":"babcjml2qd453cj"}
{"type":"log","timestamp":1769129206260,"level":"debug","message":"Adding sample data NnLcfKElA","meta":{"rootId":"unf5fpu97kmhdrb","id":"unf5fpu97kmhdrb"},"id":"skhsr70i82f4yd6","previousOperationId":"babcjml2qd453cj"}
{"type":"log","timestamp":1769129206262,"level":"debug","message":"Base url not specified, skipping its injection.","meta":{"rootId":"unf5fpu97kmhdrb","id":"unf5fpu97kmhdrb"},"id":"r7x678u0bowbi0u","previousOperationId":"babcjml2qd453cj"}
{"type":"operationStart","subtype":"engine","name":"handlebars","timestamp":1769129206263,"id":"s4hfqli1lldon10","previousEventId":"oac3tw2jc74hxa0","operationId":"58mu54ndal28zx7","previousOperationId":"babcjml2qd453cj"}
{"type":"log","timestamp":1769129206263,"level":"debug","message":"Rendering engine handlebars","meta":{"rootId":"unf5fpu97kmhdrb","id":"unf5fpu97kmhdrb"},"id":"htwye2zqy0msgrt","previousOperationId":"58mu54ndal28zx7"}
{"type":"operationEnd","operationId":"58mu54ndal28zx7","timestamp":1769129206301,"id":"a6o2aa3k2qplekr","previousEventId":"s4hfqli1lldon10","previousOperationId":"58mu54ndal28zx7"}
{"type":"operationStart","subtype":"recipe","name":"chrome-pdf","timestamp":1769129206305,"id":"1580dvp9rfizsso","previousEventId":"a6o2aa3k2qplekr","operationId":"npq737eujq0ytra","previousOperationId":"58mu54ndal28zx7"}
{"type":"log","timestamp":1769129206305,"level":"debug","message":"Executing recipe chrome-pdf","meta":{"rootId":"unf5fpu97kmhdrb","id":"unf5fpu97kmhdrb"},"id":"3hiy5jgznkry2mk","previousOperationId":"npq737eujq0ytra"}
{"type":"log","timestamp":1769129206313,"level":"debug","message":"Converting with chrome Chrome/142.0.7444.175 using chrome-pool strategy","meta":{"rootId":"unf5fpu97kmhdrb","id":"unf5fpu97kmhdrb"},"id":"usc106rbxw2e3gy","previousOperationId":"npq737eujq0ytra"}
{"type":"log","timestamp":1769129206371,"level":"debug","message":"Page request: GET (document) file:///tmp/jsreport/autocleanup/b3731f20-785d-477b-ac65-8ca3e751ace4-chrome-pdf.html","meta":{"rootId":"unf5fpu97kmhdrb","id":"unf5fpu97kmhdrb"},"id":"l7bfv0s5uwbkfov","previousOperationId":"npq737eujq0ytra"}
{"type":"log","timestamp":1769129206382,"level":"debug","message":"Page request finished: GET (document) 200 file:///tmp/jsreport/autocleanup/b3731f20-785d-477b-ac65-8ca3e751ace4-chrome-pdf.html","meta":{"rootId":"unf5fpu97kmhdrb","id":"unf5fpu97kmhdrb"},"id":"luyz9weq0wac5u1","previousOperationId":"npq737eujq0ytra"}
{"type":"log","timestamp":1769129206382,"level":"debug","message":"Page request: GET (image) https://paciolibucket.s3.us-east-2.amazonaws.com/orgs/c64b69f6759a43a1bc0ae31961876751/companies/logos/e9767ff4-7186-447f-a397-208ea6bbfdb8_ninosfelices.png?X-Amz-Expires=600&X-Amz-Algorithm=AWS4-HMAC-SHA256&X-Amz-Credential=AKIAVYV5Z6T6UQ4ARWOC%2F20260123%2Fus-east-2%2Fs3%2Faws4_request&X-Amz-Date=20260123T003711Z&X-Amz-SignedHeaders=host&X-Amz-Signature=41bcfaf64b56b5a7942a4b0a38f3d493246e4ee9f6b5f1ea776eddff58e35faa","meta":{"rootId":"unf5fpu97kmhdrb","id":"unf5fpu97kmhdrb"},"id":"i561fs2kil0d3q2","previousOperationId":"npq737eujq0ytra"}
{"type":"log","timestamp":1769129206428,"level":"debug","message":"Page request finished: GET (image) 200 https://paciolibucket.s3.us-east-2.amazonaws.com/orgs/c64b69f6759a43a1bc0ae31961876751/companies/logos/e9767ff4-7186-447f-a397-208ea6bbfdb8_ninosfelices.png?X-Amz-Expires=600&X-Amz-Algorithm=AWS4-HMAC-SHA256&X-Amz-Credential=AKIAVYV5Z6T6UQ4ARWOC%2F20260123%2Fus-east-2%2Fs3%2Faws4_request&X-Amz-Date=20260123T003711Z&X-Amz-SignedHeaders=host&X-Amz-Signature=41bcfaf64b56b5a7942a4b0a38f3d493246e4ee9f6b5f1ea776eddff58e35faa","meta":{"rootId":"unf5fpu97kmhdrb","id":"unf5fpu97kmhdrb"},"id":"duxe2qhvziyli57","previousOperationId":"npq737eujq0ytra"}
{"type":"log","timestamp":1769129206429,"level":"debug","message":"Running chrome with params {\"printBackground\":true,\"timeout\":59900,\"margin\":{}}","meta":{"rootId":"unf5fpu97kmhdrb","id":"unf5fpu97kmhdrb"},"id":"s4a3ofroch0uvy6","previousOperationId":"npq737eujq0ytra"}
{"type":"operationEnd","operationId":"npq737eujq0ytra","timestamp":1769129206503,"id":"8vgpiocxky4cseb","previousEventId":"1580dvp9rfizsso","previousOperationId":"npq737eujq0ytra"}
{"type":"log","timestamp":1769129206503,"level":"debug","message":"Skipping storing report.","meta":{"rootId":"unf5fpu97kmhdrb","id":"unf5fpu97kmhdrb"},"id":"m7s3e667ic62r86","previousOperationId":"npq737eujq0ytra"}
{"type":"log","timestamp":1769129206503,"level":"info","message":"Rendering request 9 finished in 294 ms","meta":{"rootId":"unf5fpu97kmhdrb","id":"unf5fpu97kmhdrb"},"id":"rgvmjmtatdeufk7","previousOperationId":"npq737eujq0ytra"}
{"type":"operationEnd","subtype":"render","operationId":"babcjml2qd453cj","timestamp":1769129206503,"id":"n147bowzfm1tnhl","previousEventId":"8vgpiocxky4cseb","previousOperationId":"npq737eujq0ytra"}
{"type":"operationEnd","doDiffs":false,"previousEventId":"tggj2fcj681vl8h","previousOperationId":"y969pfklyxvtyap","operationId":"y969pfklyxvtyap","timestamp":1769129206509,"id":"7cetddsnq3quavm"}
