{"type":"operationStart","subtype":"profile","data":{"_id":"uHRvwrOyecWiK672","timestamp":"2026-01-23T00:38:40.735Z","state":"queued","mode":"standard","creationDate":"2026-01-23T00:38:40.738Z","modificationDate":"2026-01-23T00:38:40.738Z","shortid":"lVCo3TO","$entitySet":"profiles"},"doDiffs":false,"timestamp":1769128720737,"id":"snkzj1clps830yn","previousOperationId":null,"operationId":"6jamw835i7er54d"}
{"type":"log","level":"info","message":"Render request 6 queued for execution and waiting for available worker","previousOperationId":"6jamw835i7er54d","timestamp":1769128720738,"id":"3bge47f9dbot1u7"}
{"type":"operationStart","subtype":"render","name":"general-ledger-v1","previousOperationId":"6jamw835i7er54d","timestamp":1769128720830,"id":"iadui6qaxgs9s3l","previousEventId":"snkzj1clps830yn","operationId":"nocxrm5m5n3ki0i"}
{"type":"log","timestamp":1769128720832,"level":"info","message":"Starting rendering request 6","meta":{"rootId":"utpm455o63xi15a","id":"utpm455o63xi15a"},"id":"4qn3anvqphz6won","previousOperationId":"nocxrm5m5n3ki0i"}
{"type":"log","timestamp":1769128720835,"level":"info","message":"Rendering template { name: general-ledger-v1, recipe: chrome-pdf, engine: handlebars, preview: true }","meta":{"rootId":"utpm455o63xi15a","id":"utpm455o63xi15a"},"id":"x7rl33mdz7w2ias","previousOperationId":"nocxrm5m5n3ki0i"}
{"type":"log","timestamp":1769128720841,"level":"debug","message":"Adding sample data NnLcfKElA","meta":{"rootId":"utpm455o63xi15a","id":"utpm455o63xi15a"},"id":"kejn8ielsnw2pcp","previousOperationId":"nocxrm5m5n3ki0i"}
{"type":"log","timestamp":1769128720867,"level":"debug","message":"Base url not specified, skipping its injection.","meta":{"rootId":"utpm455o63xi15a","id":"utpm455o63xi15a"},"id":"h2to9grk8mu1iiv","previousOperationId":"nocxrm5m5n3ki0i"}
{"type":"operationStart","subtype":"engine","name":"handlebars","timestamp":1769128720871,"id":"odxb87c8ala2njr","previousEventId":"iadui6qaxgs9s3l","operationId":"gu1btsc4fqgnshs","previousOperationId":"nocxrm5m5n3ki0i"}
{"type":"log","timestamp":1769128720872,"level":"debug","message":"Rendering engine handlebars","meta":{"rootId":"utpm455o63xi15a","id":"utpm455o63xi15a"},"id":"xuxagxhf4hd3vfm","previousOperationId":"gu1btsc4fqgnshs"}
{"type":"operationEnd","operationId":"gu1btsc4fqgnshs","timestamp":1769128721003,"id":"759mo1sjmj0kokn","previousEventId":"odxb87c8ala2njr","previousOperationId":"gu1btsc4fqgnshs"}
{"type":"operationStart","subtype":"recipe","name":"chrome-pdf","timestamp":1769128721003,"id":"4q4iwu4wpv27sge","previousEventId":"759mo1sjmj0kokn","operationId":"ksad1rspg8xd9m4","previousOperationId":"gu1btsc4fqgnshs"}
{"type":"log","timestamp":1769128721003,"level":"debug","message":"Executing recipe chrome-pdf","meta":{"rootId":"utpm455o63xi15a","id":"utpm455o63xi15a"},"id":"vqvo7j8c6ywtdqs","previousOperationId":"ksad1rspg8xd9m4"}
{"type":"log","timestamp":1769128721018,"level":"debug","message":"Converting with chrome Chrome/142.0.7444.175 using chrome-pool strategy","meta":{"rootId":"utpm455o63xi15a","id":"utpm455o63xi15a"},"id":"adid0hn6zattwot","previousOperationId":"ksad1rspg8xd9m4"}
{"type":"log","timestamp":1769128721111,"level":"debug","message":"Page request: GET (document) file:///tmp/jsreport/autocleanup/3be9bbab-748a-411a-a48c-f604bb193e1c-chrome-pdf.html","meta":{"rootId":"utpm455o63xi15a","id":"utpm455o63xi15a"},"id":"y9nq0vzky49fnt1","previousOperationId":"ksad1rspg8xd9m4"}
{"type":"log","timestamp":1769128721127,"level":"debug","message":"Page request finished: GET (document) 200 file:///tmp/jsreport/autocleanup/3be9bbab-748a-411a-a48c-f604bb193e1c-chrome-pdf.html","meta":{"rootId":"utpm455o63xi15a","id":"utpm455o63xi15a"},"id":"27j0ayhpnr73ble","previousOperationId":"ksad1rspg8xd9m4"}
{"type":"log","timestamp":1769128721128,"level":"debug","message":"Page request: GET (image) https://paciolibucket.s3.us-east-2.amazonaws.com/orgs/c64b69f6759a43a1bc0ae31961876751/companies/logos/e9767ff4-7186-447f-a397-208ea6bbfdb8_ninosfelices.png?X-Amz-Expires=600&X-Amz-Algorithm=AWS4-HMAC-SHA256&X-Amz-Credential=AKIAVYV5Z6T6UQ4ARWOC%2F20260123%2Fus-east-2%2Fs3%2Faws4_request&X-Amz-Date=20260123T003711Z&X-Amz-SignedHeaders=host&X-Amz-Signature=41bcfaf64b56b5a7942a4b0a38f3d493246e4ee9f6b5f1ea776eddff58e35faa","meta":{"rootId":"utpm455o63xi15a","id":"utpm455o63xi15a"},"id":"1678yid0p32uxy6","previousOperationId":"ksad1rspg8xd9m4"}
{"type":"log","timestamp":1769128721664,"level":"debug","message":"Page request finished: GET (image) 200 https://paciolibucket.s3.us-east-2.amazonaws.com/orgs/c64b69f6759a43a1bc0ae31961876751/companies/logos/e9767ff4-7186-447f-a397-208ea6bbfdb8_ninosfelices.png?X-Amz-Expires=600&X-Amz-Algorithm=AWS4-HMAC-SHA256&X-Amz-Credential=AKIAVYV5Z6T6UQ4ARWOC%2F20260123%2Fus-east-2%2Fs3%2Faws4_request&X-Amz-Date=20260123T003711Z&X-Amz-SignedHeaders=host&X-Amz-Signature=41bcfaf64b56b5a7942a4b0a38f3d493246e4ee9f6b5f1ea776eddff58e35faa","meta":{"rootId":"utpm455o63xi15a","id":"utpm455o63xi15a"},"id":"s9wbyt6els7hwko","previousOperationId":"ksad1rspg8xd9m4"}
{"type":"log","timestamp":1769128721666,"level":"debug","message":"Running chrome with params {\"printBackground\":true,\"timeout\":59723,\"margin\":{}}","meta":{"rootId":"utpm455o63xi15a","id":"utpm455o63xi15a"},"id":"831xxxhol0qq2lx","previousOperationId":"ksad1rspg8xd9m4"}
{"type":"operationEnd","operationId":"ksad1rspg8xd9m4","timestamp":1769128721738,"id":"atcfdv7ihd6cubm","previousEventId":"4q4iwu4wpv27sge","previousOperationId":"ksad1rspg8xd9m4"}
{"type":"log","timestamp":1769128721738,"level":"debug","message":"Skipping storing report.","meta":{"rootId":"utpm455o63xi15a","id":"utpm455o63xi15a"},"id":"wynxqjcix23nlhy","previousOperationId":"ksad1rspg8xd9m4"}
{"type":"log","timestamp":1769128721738,"level":"info","message":"Rendering request 6 finished in 1003 ms","meta":{"rootId":"utpm455o63xi15a","id":"utpm455o63xi15a"},"id":"4tdkuscpo5q56oj","previousOperationId":"ksad1rspg8xd9m4"}
{"type":"operationEnd","subtype":"render","operationId":"nocxrm5m5n3ki0i","timestamp":1769128721738,"id":"ho532bktjph3a33","previousEventId":"atcfdv7ihd6cubm","previousOperationId":"ksad1rspg8xd9m4"}
{"type":"operationEnd","doDiffs":false,"previousEventId":"snkzj1clps830yn","previousOperationId":"6jamw835i7er54d","operationId":"6jamw835i7er54d","timestamp":1769128721744,"id":"p23buox5vptune6"}
