{"type":"operationStart","subtype":"profile","data":{"_id":"e024kGKsrZATWL06","timestamp":"2026-01-23T04:13:00.926Z","state":"queued","mode":"standard","creationDate":"2026-01-23T04:13:00.935Z","modificationDate":"2026-01-23T04:13:00.935Z","shortid":"6mKaEUR","$entitySet":"profiles"},"doDiffs":false,"timestamp":1769141580930,"id":"ifs9vhbcr1ixibl","previousOperationId":null,"operationId":"jd8xpfio1lbr2pb"}
{"type":"log","level":"info","message":"Render request 48 queued for execution and waiting for available worker","previousOperationId":"jd8xpfio1lbr2pb","timestamp":1769141580933,"id":"5gh8tl7tq9vxdok"}
{"type":"operationStart","subtype":"render","name":"general-ledger-v1","previousOperationId":"jd8xpfio1lbr2pb","timestamp":1769141581024,"id":"7s7g3qqxr8nv5k6","previousEventId":"ifs9vhbcr1ixibl","operationId":"q8cvmynil8oihtj"}
{"type":"log","timestamp":1769141581028,"level":"info","message":"Starting rendering request 48","meta":{"rootId":"vekxn8e3xcaprpe","id":"vekxn8e3xcaprpe"},"id":"yleujc4hrbzftwf","previousOperationId":"q8cvmynil8oihtj"}
{"type":"log","timestamp":1769141581033,"level":"info","message":"Rendering template { name: general-ledger-v1, recipe: chrome-pdf, engine: handlebars, preview: true }","meta":{"rootId":"vekxn8e3xcaprpe","id":"vekxn8e3xcaprpe"},"id":"ugtsp1kvry3j8vh","previousOperationId":"q8cvmynil8oihtj"}
{"type":"log","timestamp":1769141581040,"level":"debug","message":"Adding sample data NnLcfKElA","meta":{"rootId":"vekxn8e3xcaprpe","id":"vekxn8e3xcaprpe"},"id":"71gzydwz10ptnph","previousOperationId":"q8cvmynil8oihtj"}
{"type":"log","timestamp":1769141581057,"level":"debug","message":"Base url not specified, skipping its injection.","meta":{"rootId":"vekxn8e3xcaprpe","id":"vekxn8e3xcaprpe"},"id":"4z1hkg7s4k8kk6o","previousOperationId":"q8cvmynil8oihtj"}
{"type":"operationStart","subtype":"engine","name":"handlebars","timestamp":1769141581066,"id":"0zahxvdeaba62zr","previousEventId":"7s7g3qqxr8nv5k6","operationId":"a4tqykbvmf91vfb","previousOperationId":"q8cvmynil8oihtj"}
{"type":"log","timestamp":1769141581066,"level":"debug","message":"Rendering engine handlebars","meta":{"rootId":"vekxn8e3xcaprpe","id":"vekxn8e3xcaprpe"},"id":"7lke9e1mf16mv4v","previousOperationId":"a4tqykbvmf91vfb"}
{"type":"operationEnd","operationId":"a4tqykbvmf91vfb","timestamp":1769141581200,"id":"9j20xz5pv297wr7","previousEventId":"0zahxvdeaba62zr","previousOperationId":"a4tqykbvmf91vfb"}
{"type":"operationStart","subtype":"recipe","name":"chrome-pdf","timestamp":1769141581204,"id":"v8wgbbnox5uvc5q","previousEventId":"9j20xz5pv297wr7","operationId":"2b69qm663s2812c","previousOperationId":"a4tqykbvmf91vfb"}
{"type":"log","timestamp":1769141581204,"level":"debug","message":"Executing recipe chrome-pdf","meta":{"rootId":"vekxn8e3xcaprpe","id":"vekxn8e3xcaprpe"},"id":"mv0na30zox844ib","previousOperationId":"2b69qm663s2812c"}
{"type":"log","timestamp":1769141581327,"level":"debug","message":"Converting with chrome Chrome/142.0.7444.175 using chrome-pool strategy","meta":{"rootId":"vekxn8e3xcaprpe","id":"vekxn8e3xcaprpe"},"id":"um0s5aum6xt16kp","previousOperationId":"2b69qm663s2812c"}
{"type":"log","timestamp":1769141581931,"level":"debug","message":"Page request: GET (document) file:///tmp/jsreport/autocleanup/a78fb502-91a6-42e5-bd1f-a7a4ff71de95-chrome-pdf.html","meta":{"rootId":"vekxn8e3xcaprpe","id":"vekxn8e3xcaprpe"},"id":"wy7ihrjcu4c3hf1","previousOperationId":"2b69qm663s2812c"}
{"type":"log","timestamp":1769141581973,"level":"debug","message":"Page request finished: GET (document) 200 file:///tmp/jsreport/autocleanup/a78fb502-91a6-42e5-bd1f-a7a4ff71de95-chrome-pdf.html","meta":{"rootId":"vekxn8e3xcaprpe","id":"vekxn8e3xcaprpe"},"id":"6tscr0xkzzb2jjb","previousOperationId":"2b69qm663s2812c"}
{"type":"log","timestamp":1769141581980,"level":"debug","message":"Page request: GET (image) https://paciolibucket.s3.us-east-2.amazonaws.com/orgs/c64b69f6759a43a1bc0ae31961876751/companies/logos/e9767ff4-7186-447f-a397-208ea6bbfdb8_ninosfelices.png?X-Amz-Expires=600&X-Amz-Algorithm=AWS4-HMAC-SHA256&X-Amz-Credential=AKIAVYV5Z6T6UQ4ARWOC%2F20260123%2Fus-east-2%2Fs3%2Faws4_request&X-Amz-Date=20260123T040554Z&X-Amz-SignedHeaders=host&X-Amz-Signature=747c15527b5085b1be2ddd3c10637621ec12ad2e785b0bc43d8c81665def75d9","meta":{"rootId":"vekxn8e3xcaprpe","id":"vekxn8e3xcaprpe"},"id":"hk4gmax94nj1xq8","previousOperationId":"2b69qm663s2812c"}
{"type":"log","timestamp":1769141582071,"level":"debug","message":"Page request finished: GET (image) 200 https://paciolibucket.s3.us-east-2.amazonaws.com/orgs/c64b69f6759a43a1bc0ae31961876751/companies/logos/e9767ff4-7186-447f-a397-208ea6bbfdb8_ninosfelices.png?X-Amz-Expires=600&X-Amz-Algorithm=AWS4-HMAC-SHA256&X-Amz-Credential=AKIAVYV5Z6T6UQ4ARWOC%2F20260123%2Fus-east-2%2Fs3%2Faws4_request&X-Amz-Date=20260123T040554Z&X-Amz-SignedHeaders=host&X-Amz-Signature=747c15527b5085b1be2ddd3c10637621ec12ad2e785b0bc43d8c81665def75d9","meta":{"rootId":"vekxn8e3xcaprpe","id":"vekxn8e3xcaprpe"},"id":"rjezazsio550xqn","previousOperationId":"2b69qm663s2812c"}
{"type":"log","timestamp":1769141582075,"level":"debug","message":"Running chrome with params {\"printBackground\":true,\"timeout\":59663,\"margin\":{}}","meta":{"rootId":"vekxn8e3xcaprpe","id":"vekxn8e3xcaprpe"},"id":"4w8s3affr0r1yrd","previousOperationId":"2b69qm663s2812c"}
{"type":"operationEnd","operationId":"2b69qm663s2812c","timestamp":1769141582228,"id":"9ai5vw1hp15cyu1","previousEventId":"v8wgbbnox5uvc5q","previousOperationId":"2b69qm663s2812c"}
{"type":"log","timestamp":1769141582229,"level":"debug","message":"Skipping storing report.","meta":{"rootId":"vekxn8e3xcaprpe","id":"vekxn8e3xcaprpe"},"id":"2nt7y6xnx3q821t","previousOperationId":"2b69qm663s2812c"}
{"type":"log","timestamp":1769141582229,"level":"info","message":"Rendering request 48 finished in 1309 ms","meta":{"rootId":"vekxn8e3xcaprpe","id":"vekxn8e3xcaprpe"},"id":"gl7jiagzyzip4fv","previousOperationId":"2b69qm663s2812c"}
{"type":"operationEnd","subtype":"render","operationId":"q8cvmynil8oihtj","timestamp":1769141582229,"id":"b1l1pnrncvf2768","previousEventId":"9ai5vw1hp15cyu1","previousOperationId":"2b69qm663s2812c"}
{"type":"operationEnd","doDiffs":false,"previousEventId":"ifs9vhbcr1ixibl","previousOperationId":"jd8xpfio1lbr2pb","operationId":"jd8xpfio1lbr2pb","timestamp":1769141582230,"id":"ruk21884oapptgx"}
