{"type":"operationStart","subtype":"profile","data":{"_id":"uB6RckZub3a9PjOJ","timestamp":"2026-01-23T01:29:59.450Z","state":"queued","mode":"standard","creationDate":"2026-01-23T01:29:59.464Z","modificationDate":"2026-01-23T01:29:59.464Z","shortid":"YNzCnUQ","$entitySet":"profiles"},"doDiffs":false,"timestamp":1769131799455,"id":"er1tpu760a1e812","previousOperationId":null,"operationId":"4hj87ymffsmp335"}
{"type":"log","level":"info","message":"Render request 18 queued for execution and waiting for available worker","previousOperationId":"4hj87ymffsmp335","timestamp":1769131799460,"id":"zg4hh6vlqhrfutj"}
{"type":"operationStart","subtype":"render","name":"general-ledger-v1","previousOperationId":"4hj87ymffsmp335","timestamp":1769131799576,"id":"07ybgik3kv1gddq","previousEventId":"er1tpu760a1e812","operationId":"02iz5mtewx7kpv4"}
{"type":"log","timestamp":1769131799583,"level":"info","message":"Starting rendering request 18","meta":{"rootId":"vy723f87ucjufeu","id":"vy723f87ucjufeu"},"id":"2dvqjm2rp6wtya7","previousOperationId":"02iz5mtewx7kpv4"}
{"type":"log","timestamp":1769131799590,"level":"info","message":"Rendering template { name: general-ledger-v1, recipe: chrome-pdf, engine: handlebars, preview: true }","meta":{"rootId":"vy723f87ucjufeu","id":"vy723f87ucjufeu"},"id":"bm61xeo9wli0q1y","previousOperationId":"02iz5mtewx7kpv4"}
{"type":"log","timestamp":1769131799597,"level":"debug","message":"Adding sample data NnLcfKElA","meta":{"rootId":"vy723f87ucjufeu","id":"vy723f87ucjufeu"},"id":"zchohgpfeo341ge","previousOperationId":"02iz5mtewx7kpv4"}
{"type":"log","timestamp":1769131799615,"level":"debug","message":"Base url not specified, skipping its injection.","meta":{"rootId":"vy723f87ucjufeu","id":"vy723f87ucjufeu"},"id":"6fhx7qjhttglpd9","previousOperationId":"02iz5mtewx7kpv4"}
{"type":"operationStart","subtype":"engine","name":"handlebars","timestamp":1769131799631,"id":"p0xbbdb08zphr6p","previousEventId":"07ybgik3kv1gddq","operationId":"vj187j2hn05izjf","previousOperationId":"02iz5mtewx7kpv4"}
{"type":"log","timestamp":1769131799632,"level":"debug","message":"Rendering engine handlebars","meta":{"rootId":"vy723f87ucjufeu","id":"vy723f87ucjufeu"},"id":"nhcq86gtc5vbgwv","previousOperationId":"vj187j2hn05izjf"}
{"type":"operationEnd","operationId":"vj187j2hn05izjf","timestamp":1769131800078,"id":"ngymoiav3yquvxj","previousEventId":"p0xbbdb08zphr6p","previousOperationId":"vj187j2hn05izjf"}
{"type":"operationStart","subtype":"recipe","name":"chrome-pdf","timestamp":1769131800082,"id":"lr0y1vxxy2yv301","previousEventId":"ngymoiav3yquvxj","operationId":"xj4t9kyobrhy8s0","previousOperationId":"vj187j2hn05izjf"}
{"type":"log","timestamp":1769131800082,"level":"debug","message":"Executing recipe chrome-pdf","meta":{"rootId":"vy723f87ucjufeu","id":"vy723f87ucjufeu"},"id":"74d0jg3ab95z0ms","previousOperationId":"xj4t9kyobrhy8s0"}
{"type":"log","timestamp":1769131800154,"level":"debug","message":"Converting with chrome Chrome/142.0.7444.175 using chrome-pool strategy","meta":{"rootId":"vy723f87ucjufeu","id":"vy723f87ucjufeu"},"id":"nmo8f9eb4r6mwyr","previousOperationId":"xj4t9kyobrhy8s0"}
{"type":"log","timestamp":1769131800974,"level":"debug","message":"Page request: GET (document) file:///tmp/jsreport/autocleanup/0f93367b-f24d-411a-a70c-b8535425ca57-chrome-pdf.html","meta":{"rootId":"vy723f87ucjufeu","id":"vy723f87ucjufeu"},"id":"r3tjf0dwmwhj104","previousOperationId":"xj4t9kyobrhy8s0"}
{"type":"log","timestamp":1769131801017,"level":"debug","message":"Page request finished: GET (document) 200 file:///tmp/jsreport/autocleanup/0f93367b-f24d-411a-a70c-b8535425ca57-chrome-pdf.html","meta":{"rootId":"vy723f87ucjufeu","id":"vy723f87ucjufeu"},"id":"t6lbuqtleb90bw4","previousOperationId":"xj4t9kyobrhy8s0"}
{"type":"log","timestamp":1769131801024,"level":"debug","message":"Page request: GET (image) https://paciolibucket.s3.us-east-2.amazonaws.com/orgs/c64b69f6759a43a1bc0ae31961876751/companies/logos/e9767ff4-7186-447f-a397-208ea6bbfdb8_ninosfelices.png?X-Amz-Expires=600&X-Amz-Algorithm=AWS4-HMAC-SHA256&X-Amz-Credential=AKIAVYV5Z6T6UQ4ARWOC%2F20260123%2Fus-east-2%2Fs3%2Faws4_request&X-Amz-Date=20260123T012818Z&X-Amz-SignedHeaders=host&X-Amz-Signature=21daaefd594a29bd6c683e6138fe014867c8e4f3890e6ece833cabfbc930607f","meta":{"rootId":"vy723f87ucjufeu","id":"vy723f87ucjufeu"},"id":"zrgt8pyxq6260a7","previousOperationId":"xj4t9kyobrhy8s0"}
{"type":"log","timestamp":1769131801684,"level":"debug","message":"Page request finished: GET (image) 200 https://paciolibucket.s3.us-east-2.amazonaws.com/orgs/c64b69f6759a43a1bc0ae31961876751/companies/logos/e9767ff4-7186-447f-a397-208ea6bbfdb8_ninosfelices.png?X-Amz-Expires=600&X-Amz-Algorithm=AWS4-HMAC-SHA256&X-Amz-Credential=AKIAVYV5Z6T6UQ4ARWOC%2F20260123%2Fus-east-2%2Fs3%2Faws4_request&X-Amz-Date=20260123T012818Z&X-Amz-SignedHeaders=host&X-Amz-Signature=21daaefd594a29bd6c683e6138fe014867c8e4f3890e6ece833cabfbc930607f","meta":{"rootId":"vy723f87ucjufeu","id":"vy723f87ucjufeu"},"id":"vm5e8e74mgrjipf","previousOperationId":"xj4t9kyobrhy8s0"}
{"type":"log","timestamp":1769131801688,"level":"debug","message":"Running chrome with params {\"printBackground\":true,\"timeout\":59343,\"margin\":{}}","meta":{"rootId":"vy723f87ucjufeu","id":"vy723f87ucjufeu"},"id":"7qsgjqh8zwz12fe","previousOperationId":"xj4t9kyobrhy8s0"}
{"type":"operationEnd","operationId":"xj4t9kyobrhy8s0","timestamp":1769131801826,"id":"h2c6ab9a4q0kzb6","previousEventId":"lr0y1vxxy2yv301","previousOperationId":"xj4t9kyobrhy8s0"}
{"type":"log","timestamp":1769131801826,"level":"debug","message":"Skipping storing report.","meta":{"rootId":"vy723f87ucjufeu","id":"vy723f87ucjufeu"},"id":"rp6qnmalkktzlof","previousOperationId":"xj4t9kyobrhy8s0"}
{"type":"log","timestamp":1769131801826,"level":"info","message":"Rendering request 18 finished in 2385 ms","meta":{"rootId":"vy723f87ucjufeu","id":"vy723f87ucjufeu"},"id":"o7xzic4is2w568c","previousOperationId":"xj4t9kyobrhy8s0"}
{"type":"operationEnd","subtype":"render","operationId":"02iz5mtewx7kpv4","timestamp":1769131801826,"id":"cn6ulw57167g3d8","previousEventId":"h2c6ab9a4q0kzb6","previousOperationId":"xj4t9kyobrhy8s0"}
{"type":"operationEnd","doDiffs":false,"previousEventId":"er1tpu760a1e812","previousOperationId":"4hj87ymffsmp335","operationId":"4hj87ymffsmp335","timestamp":1769131801829,"id":"b5l06umzc8f29dh"}
