{"type":"operationStart","subtype":"profile","data":{"_id":"ILZ3m2yD1hKBemiF","timestamp":"2026-01-23T01:32:47.900Z","state":"queued","mode":"standard","creationDate":"2026-01-23T01:32:47.908Z","modificationDate":"2026-01-23T01:32:47.908Z","shortid":"7Q38C-z","$entitySet":"profiles"},"doDiffs":false,"timestamp":1769131967903,"id":"ls9us89f5fw7qau","previousOperationId":null,"operationId":"b3n8m40gchzq6tz"}
{"type":"log","level":"info","message":"Render request 19 queued for execution and waiting for available worker","previousOperationId":"b3n8m40gchzq6tz","timestamp":1769131967906,"id":"xhcaf9gu1cr243n"}
{"type":"operationStart","subtype":"render","name":"general-ledger-v1","previousOperationId":"b3n8m40gchzq6tz","timestamp":1769131967993,"id":"5cp6usakteyy2hs","previousEventId":"ls9us89f5fw7qau","operationId":"i5f4n81jb791f75"}
{"type":"log","timestamp":1769131967997,"level":"info","message":"Starting rendering request 19","meta":{"rootId":"wi1robk1586qzc3","id":"wi1robk1586qzc3"},"id":"3a7uzcq0kpd1ain","previousOperationId":"i5f4n81jb791f75"}
{"type":"log","timestamp":1769131968004,"level":"info","message":"Rendering template { name: general-ledger-v1, recipe: chrome-pdf, engine: handlebars, preview: true }","meta":{"rootId":"wi1robk1586qzc3","id":"wi1robk1586qzc3"},"id":"3xv1xdfxptsr3n8","previousOperationId":"i5f4n81jb791f75"}
{"type":"log","timestamp":1769131968014,"level":"debug","message":"Adding sample data NnLcfKElA","meta":{"rootId":"wi1robk1586qzc3","id":"wi1robk1586qzc3"},"id":"8rd8wuicelxv2un","previousOperationId":"i5f4n81jb791f75"}
{"type":"log","timestamp":1769131968032,"level":"debug","message":"Base url not specified, skipping its injection.","meta":{"rootId":"wi1robk1586qzc3","id":"wi1robk1586qzc3"},"id":"uvbuv17c21vsad7","previousOperationId":"i5f4n81jb791f75"}
{"type":"operationStart","subtype":"engine","name":"handlebars","timestamp":1769131968046,"id":"v1s2ls3qrkyzg5m","previousEventId":"5cp6usakteyy2hs","operationId":"syrlybay7m5xfwn","previousOperationId":"i5f4n81jb791f75"}
{"type":"log","timestamp":1769131968047,"level":"debug","message":"Rendering engine handlebars","meta":{"rootId":"wi1robk1586qzc3","id":"wi1robk1586qzc3"},"id":"sint1cc4tbl22lz","previousOperationId":"syrlybay7m5xfwn"}
{"type":"operationEnd","operationId":"syrlybay7m5xfwn","timestamp":1769131968287,"id":"pwe9zwsn3zwz0dh","previousEventId":"v1s2ls3qrkyzg5m","previousOperationId":"syrlybay7m5xfwn"}
{"type":"operationStart","subtype":"recipe","name":"chrome-pdf","timestamp":1769131968289,"id":"s6ogyw6698p859d","previousEventId":"pwe9zwsn3zwz0dh","operationId":"mhaxxl8tyvqrree","previousOperationId":"syrlybay7m5xfwn"}
{"type":"log","timestamp":1769131968289,"level":"debug","message":"Executing recipe chrome-pdf","meta":{"rootId":"wi1robk1586qzc3","id":"wi1robk1586qzc3"},"id":"l1lc860wxzop0jp","previousOperationId":"mhaxxl8tyvqrree"}
{"type":"log","timestamp":1769131968318,"level":"debug","message":"Converting with chrome Chrome/142.0.7444.175 using chrome-pool strategy","meta":{"rootId":"wi1robk1586qzc3","id":"wi1robk1586qzc3"},"id":"9ugadvtovyoxvr8","previousOperationId":"mhaxxl8tyvqrree"}
{"type":"log","timestamp":1769131968737,"level":"debug","message":"Page request: GET (document) file:///tmp/jsreport/autocleanup/962f9649-3148-4cc0-89e9-5431c2fd795a-chrome-pdf.html","meta":{"rootId":"wi1robk1586qzc3","id":"wi1robk1586qzc3"},"id":"xt086p9w6y2o74q","previousOperationId":"mhaxxl8tyvqrree"}
{"type":"log","timestamp":1769131968796,"level":"debug","message":"Page request finished: GET (document) 200 file:///tmp/jsreport/autocleanup/962f9649-3148-4cc0-89e9-5431c2fd795a-chrome-pdf.html","meta":{"rootId":"wi1robk1586qzc3","id":"wi1robk1586qzc3"},"id":"i9h6gobh5ddr5qf","previousOperationId":"mhaxxl8tyvqrree"}
{"type":"log","timestamp":1769131968812,"level":"debug","message":"Page request: GET (image) https://paciolibucket.s3.us-east-2.amazonaws.com/orgs/c64b69f6759a43a1bc0ae31961876751/companies/logos/e9767ff4-7186-447f-a397-208ea6bbfdb8_ninosfelices.png?X-Amz-Expires=600&X-Amz-Algorithm=AWS4-HMAC-SHA256&X-Amz-Credential=AKIAVYV5Z6T6UQ4ARWOC%2F20260123%2Fus-east-2%2Fs3%2Faws4_request&X-Amz-Date=20260123T012818Z&X-Amz-SignedHeaders=host&X-Amz-Signature=21daaefd594a29bd6c683e6138fe014867c8e4f3890e6ece833cabfbc930607f","meta":{"rootId":"wi1robk1586qzc3","id":"wi1robk1586qzc3"},"id":"dv6lzcmn2e4i8z9","previousOperationId":"mhaxxl8tyvqrree"}
{"type":"log","timestamp":1769131969426,"level":"debug","message":"Page request finished: GET (image) 200 https://paciolibucket.s3.us-east-2.amazonaws.com/orgs/c64b69f6759a43a1bc0ae31961876751/companies/logos/e9767ff4-7186-447f-a397-208ea6bbfdb8_ninosfelices.png?X-Amz-Expires=600&X-Amz-Algorithm=AWS4-HMAC-SHA256&X-Amz-Credential=AKIAVYV5Z6T6UQ4ARWOC%2F20260123%2Fus-east-2%2Fs3%2Faws4_request&X-Amz-Date=20260123T012818Z&X-Amz-SignedHeaders=host&X-Amz-Signature=21daaefd594a29bd6c683e6138fe014867c8e4f3890e6ece833cabfbc930607f","meta":{"rootId":"wi1robk1586qzc3","id":"wi1robk1586qzc3"},"id":"nznb9qxi1odbiks","previousOperationId":"mhaxxl8tyvqrree"}
{"type":"log","timestamp":1769131969432,"level":"debug","message":"Running chrome with params {\"printBackground\":true,\"timeout\":59594,\"margin\":{}}","meta":{"rootId":"wi1robk1586qzc3","id":"wi1robk1586qzc3"},"id":"5qbo70k1669p2tx","previousOperationId":"mhaxxl8tyvqrree"}
{"type":"operationEnd","operationId":"mhaxxl8tyvqrree","timestamp":1769131969627,"id":"kk1m14c81h8otkm","previousEventId":"s6ogyw6698p859d","previousOperationId":"mhaxxl8tyvqrree"}
{"type":"log","timestamp":1769131969627,"level":"debug","message":"Skipping storing report.","meta":{"rootId":"wi1robk1586qzc3","id":"wi1robk1586qzc3"},"id":"1zkgso1j4pwfonb","previousOperationId":"mhaxxl8tyvqrree"}
{"type":"log","timestamp":1769131969627,"level":"info","message":"Rendering request 19 finished in 1737 ms","meta":{"rootId":"wi1robk1586qzc3","id":"wi1robk1586qzc3"},"id":"wvay45pgz5dxsq2","previousOperationId":"mhaxxl8tyvqrree"}
{"type":"operationEnd","subtype":"render","operationId":"i5f4n81jb791f75","timestamp":1769131969628,"id":"ip686eio5qvpj7a","previousEventId":"kk1m14c81h8otkm","previousOperationId":"mhaxxl8tyvqrree"}
{"type":"operationEnd","doDiffs":false,"previousEventId":"ls9us89f5fw7qau","previousOperationId":"b3n8m40gchzq6tz","operationId":"b3n8m40gchzq6tz","timestamp":1769131969630,"id":"38gxmkv6b3zuxmc"}
