{"type":"operationStart","subtype":"profile","data":{"_id":"p8jDAMw201LFUG0k","timestamp":"2026-02-17T17:29:23.148Z","state":"queued","mode":"standard","creationDate":"2026-02-17T17:29:23.151Z","modificationDate":"2026-02-17T17:29:23.151Z","shortid":"-kyF_pr","$entitySet":"profiles"},"doDiffs":false,"timestamp":1771349363150,"id":"ueiqxs6h703qfh7","previousOperationId":null,"operationId":"4ya64xz5akfbqbp"}
{"type":"log","level":"info","message":"Render request 9 queued for execution and waiting for available worker","previousOperationId":"4ya64xz5akfbqbp","timestamp":1771349363150,"id":"asw149zh6ti14v0"}
{"type":"operationStart","subtype":"render","name":"general-ledger-v1","previousOperationId":"4ya64xz5akfbqbp","timestamp":1771349363222,"id":"y8qux4yndm5vm9d","previousEventId":"ueiqxs6h703qfh7","operationId":"808670odqd0ipvx"}
{"type":"log","timestamp":1771349363222,"level":"info","message":"Starting rendering request 9","meta":{"rootId":"xvqihiywht1s8zj","id":"xvqihiywht1s8zj"},"id":"f6r072r3zvzs56z","previousOperationId":"808670odqd0ipvx"}
{"type":"log","timestamp":1771349363222,"level":"info","message":"Rendering template { name: general-ledger-v1, recipe: chrome-pdf, engine: handlebars, preview: false }","meta":{"rootId":"xvqihiywht1s8zj","id":"xvqihiywht1s8zj"},"id":"dh4gilof1mtxrs4","previousOperationId":"808670odqd0ipvx"}
{"type":"log","timestamp":1771349363225,"level":"debug","message":"Inline data specified.","meta":{"rootId":"xvqihiywht1s8zj","id":"xvqihiywht1s8zj"},"id":"mqgiso0m336r3gm","previousOperationId":"808670odqd0ipvx"}
{"type":"log","timestamp":1771349363227,"level":"debug","message":"Base url not specified, skipping its injection.","meta":{"rootId":"xvqihiywht1s8zj","id":"xvqihiywht1s8zj"},"id":"pfbr8lzxzuyrsyh","previousOperationId":"808670odqd0ipvx"}
{"type":"operationStart","subtype":"engine","name":"handlebars","timestamp":1771349363227,"id":"raxnx7eic5p9ere","previousEventId":"y8qux4yndm5vm9d","operationId":"nlp62bm7ob93o1n","previousOperationId":"808670odqd0ipvx"}
{"type":"log","timestamp":1771349363227,"level":"debug","message":"Rendering engine handlebars","meta":{"rootId":"xvqihiywht1s8zj","id":"xvqihiywht1s8zj"},"id":"nfrmwpsmp5rwnwm","previousOperationId":"nlp62bm7ob93o1n"}
{"type":"operationEnd","operationId":"nlp62bm7ob93o1n","timestamp":1771349363239,"id":"kifxsucpw6z5mfw","previousEventId":"raxnx7eic5p9ere","previousOperationId":"nlp62bm7ob93o1n"}
{"type":"operationStart","subtype":"recipe","name":"chrome-pdf","timestamp":1771349363239,"id":"vr3q9y4fvozjz3q","previousEventId":"kifxsucpw6z5mfw","operationId":"a4ce8jwznrhm8gh","previousOperationId":"nlp62bm7ob93o1n"}
{"type":"log","timestamp":1771349363239,"level":"debug","message":"Executing recipe chrome-pdf","meta":{"rootId":"xvqihiywht1s8zj","id":"xvqihiywht1s8zj"},"id":"d7jajcj4j2193mp","previousOperationId":"a4ce8jwznrhm8gh"}
{"type":"log","timestamp":1771349363243,"level":"debug","message":"Converting with chrome Chrome/142.0.7444.175 using chrome-pool strategy","meta":{"rootId":"xvqihiywht1s8zj","id":"xvqihiywht1s8zj"},"id":"rfj3uy7j0z057rz","previousOperationId":"a4ce8jwznrhm8gh"}
{"type":"log","timestamp":1771349363280,"level":"debug","message":"Page request: GET (document) file:///tmp/jsreport/autocleanup/15f3b049-50c0-467a-8c3c-1bbb787065e4-chrome-pdf.html","meta":{"rootId":"xvqihiywht1s8zj","id":"xvqihiywht1s8zj"},"id":"e0cj96zvhpbe02j","previousOperationId":"a4ce8jwznrhm8gh"}
{"type":"log","timestamp":1771349363302,"level":"debug","message":"Page request finished: GET (document) 200 file:///tmp/jsreport/autocleanup/15f3b049-50c0-467a-8c3c-1bbb787065e4-chrome-pdf.html","meta":{"rootId":"xvqihiywht1s8zj","id":"xvqihiywht1s8zj"},"id":"tgcxthe23xj6gtf","previousOperationId":"a4ce8jwznrhm8gh"}
{"type":"log","timestamp":1771349363303,"level":"debug","message":"Page request: GET (image) https://paciolibucket.s3.us-east-2.amazonaws.com/orgs/c64b69f6759a43a1bc0ae31961876751/companies/logos/e9767ff4-7186-447f-a397-208ea6bbfdb8_ninosfelices.png?X-Amz-Expires=600&X-Amz-Algorithm=AWS4-HMAC-SHA256&X-Amz-Credential=AKIAVYV5Z6T6UQ4ARWOC%2F20260217%2Fus-east-2%2Fs3%2Faws4_request&X-Amz-Date=20260217T172923Z&X-Amz-SignedHeaders=host&X-Amz-Signature=6c1051443eeb0ee88aca3789688712cdd6e8cfd1818c03768ac0d2ba1155fc03","meta":{"rootId":"xvqihiywht1s8zj","id":"xvqihiywht1s8zj"},"id":"jtc3udgdi75w11d","previousOperationId":"a4ce8jwznrhm8gh"}
{"type":"log","timestamp":1771349363796,"level":"debug","message":"Page request finished: GET (image) 200 https://paciolibucket.s3.us-east-2.amazonaws.com/orgs/c64b69f6759a43a1bc0ae31961876751/companies/logos/e9767ff4-7186-447f-a397-208ea6bbfdb8_ninosfelices.png?X-Amz-Expires=600&X-Amz-Algorithm=AWS4-HMAC-SHA256&X-Amz-Credential=AKIAVYV5Z6T6UQ4ARWOC%2F20260217%2Fus-east-2%2Fs3%2Faws4_request&X-Amz-Date=20260217T172923Z&X-Amz-SignedHeaders=host&X-Amz-Signature=6c1051443eeb0ee88aca3789688712cdd6e8cfd1818c03768ac0d2ba1155fc03","meta":{"rootId":"xvqihiywht1s8zj","id":"xvqihiywht1s8zj"},"id":"gswriuv2ucuq09h","previousOperationId":"a4ce8jwznrhm8gh"}
{"type":"log","timestamp":1771349363798,"level":"debug","message":"Running chrome with params {\"printBackground\":true,\"timeout\":59905,\"margin\":{}}","meta":{"rootId":"xvqihiywht1s8zj","id":"xvqihiywht1s8zj"},"id":"blumrah3s9954cs","previousOperationId":"a4ce8jwznrhm8gh"}
{"type":"operationEnd","operationId":"a4ce8jwznrhm8gh","timestamp":1771349363855,"id":"puqweplq33nerdi","previousEventId":"vr3q9y4fvozjz3q","previousOperationId":"a4ce8jwznrhm8gh"}
{"type":"log","timestamp":1771349363855,"level":"debug","message":"Skipping storing report.","meta":{"rootId":"xvqihiywht1s8zj","id":"xvqihiywht1s8zj"},"id":"149soo5ziy5pztp","previousOperationId":"a4ce8jwznrhm8gh"}
{"type":"log","timestamp":1771349363855,"level":"info","message":"Rendering request 9 finished in 709 ms","meta":{"rootId":"xvqihiywht1s8zj","id":"xvqihiywht1s8zj"},"id":"qva6xklvqygfu7w","previousOperationId":"a4ce8jwznrhm8gh"}
{"type":"operationEnd","subtype":"render","operationId":"808670odqd0ipvx","timestamp":1771349363855,"id":"meeldyzy0tbyh6u","previousEventId":"puqweplq33nerdi","previousOperationId":"a4ce8jwznrhm8gh"}
{"type":"operationEnd","doDiffs":false,"previousEventId":"ueiqxs6h703qfh7","previousOperationId":"4ya64xz5akfbqbp","operationId":"4ya64xz5akfbqbp","timestamp":1771349363857,"id":"h4rr0qxpppg0art"}
