{"type":"operationStart","subtype":"profile","data":{"_id":"YE7tBbMQv457nKXa","timestamp":"2026-01-23T00:51:03.625Z","state":"queued","mode":"standard","creationDate":"2026-01-23T00:51:03.626Z","modificationDate":"2026-01-23T00:51:03.626Z","shortid":"BSMN_yQ","$entitySet":"profiles"},"doDiffs":false,"timestamp":1769129463626,"id":"vg1qs2d8mr3875q","previousOperationId":null,"operationId":"w0uxhbvjevyifce"}
{"type":"log","level":"info","message":"Render request 12 queued for execution and waiting for available worker","previousOperationId":"w0uxhbvjevyifce","timestamp":1769129463626,"id":"wfxwe6jxrstieci"}
{"type":"operationStart","subtype":"render","name":"general-ledger-v1","previousOperationId":"w0uxhbvjevyifce","timestamp":1769129463678,"id":"kzouaogkymv2uql","previousEventId":"vg1qs2d8mr3875q","operationId":"1y7byo7l32qgtc1"}
{"type":"log","timestamp":1769129463679,"level":"info","message":"Starting rendering request 12","meta":{"rootId":"yvj4usqionhv6kk","id":"yvj4usqionhv6kk"},"id":"9k3t16y4bd33fk0","previousOperationId":"1y7byo7l32qgtc1"}
{"type":"log","timestamp":1769129463680,"level":"info","message":"Rendering template { name: general-ledger-v1, recipe: chrome-pdf, engine: handlebars, preview: true }","meta":{"rootId":"yvj4usqionhv6kk","id":"yvj4usqionhv6kk"},"id":"dt20r3lsmot1eai","previousOperationId":"1y7byo7l32qgtc1"}
{"type":"log","timestamp":1769129463683,"level":"debug","message":"Adding sample data NnLcfKElA","meta":{"rootId":"yvj4usqionhv6kk","id":"yvj4usqionhv6kk"},"id":"kmxsimszyy0q62t","previousOperationId":"1y7byo7l32qgtc1"}
{"type":"log","timestamp":1769129463687,"level":"debug","message":"Base url not specified, skipping its injection.","meta":{"rootId":"yvj4usqionhv6kk","id":"yvj4usqionhv6kk"},"id":"qil08mk2lem900c","previousOperationId":"1y7byo7l32qgtc1"}
{"type":"operationStart","subtype":"engine","name":"handlebars","timestamp":1769129463689,"id":"2ihydxrz2f8y4ms","previousEventId":"kzouaogkymv2uql","operationId":"n1hp4sw5m22xnsk","previousOperationId":"1y7byo7l32qgtc1"}
{"type":"log","timestamp":1769129463691,"level":"debug","message":"Rendering engine handlebars","meta":{"rootId":"yvj4usqionhv6kk","id":"yvj4usqionhv6kk"},"id":"maq16suvgt4hktf","previousOperationId":"n1hp4sw5m22xnsk"}
{"type":"operationEnd","operationId":"n1hp4sw5m22xnsk","timestamp":1769129463739,"id":"rbq75fe1fnyg0l5","previousEventId":"2ihydxrz2f8y4ms","previousOperationId":"n1hp4sw5m22xnsk"}
{"type":"operationStart","subtype":"recipe","name":"chrome-pdf","timestamp":1769129463739,"id":"1td9870vpg28ylf","previousEventId":"rbq75fe1fnyg0l5","operationId":"tl9v5ek1659ml4q","previousOperationId":"n1hp4sw5m22xnsk"}
{"type":"log","timestamp":1769129463739,"level":"debug","message":"Executing recipe chrome-pdf","meta":{"rootId":"yvj4usqionhv6kk","id":"yvj4usqionhv6kk"},"id":"stjtdq0un1xe8jv","previousOperationId":"tl9v5ek1659ml4q"}
{"type":"log","timestamp":1769129463751,"level":"debug","message":"Converting with chrome Chrome/142.0.7444.175 using chrome-pool strategy","meta":{"rootId":"yvj4usqionhv6kk","id":"yvj4usqionhv6kk"},"id":"5hvzl1aidjlz1he","previousOperationId":"tl9v5ek1659ml4q"}
{"type":"log","timestamp":1769129463815,"level":"debug","message":"Page request: GET (document) file:///tmp/jsreport/autocleanup/eeb140ba-7284-4938-8657-1e3f54d8d22c-chrome-pdf.html","meta":{"rootId":"yvj4usqionhv6kk","id":"yvj4usqionhv6kk"},"id":"pvxfukko7v3o4vj","previousOperationId":"tl9v5ek1659ml4q"}
{"type":"log","timestamp":1769129463826,"level":"debug","message":"Page request finished: GET (document) 200 file:///tmp/jsreport/autocleanup/eeb140ba-7284-4938-8657-1e3f54d8d22c-chrome-pdf.html","meta":{"rootId":"yvj4usqionhv6kk","id":"yvj4usqionhv6kk"},"id":"85dsedvntexjlfa","previousOperationId":"tl9v5ek1659ml4q"}
{"type":"log","timestamp":1769129463831,"level":"debug","message":"Page request: GET (image) https://paciolibucket.s3.us-east-2.amazonaws.com/orgs/c64b69f6759a43a1bc0ae31961876751/companies/logos/e9767ff4-7186-447f-a397-208ea6bbfdb8_ninosfelices.png?X-Amz-Expires=600&X-Amz-Algorithm=AWS4-HMAC-SHA256&X-Amz-Credential=AKIAVYV5Z6T6UQ4ARWOC%2F20260123%2Fus-east-2%2Fs3%2Faws4_request&X-Amz-Date=20260123T003711Z&X-Amz-SignedHeaders=host&X-Amz-Signature=41bcfaf64b56b5a7942a4b0a38f3d493246e4ee9f6b5f1ea776eddff58e35faa","meta":{"rootId":"yvj4usqionhv6kk","id":"yvj4usqionhv6kk"},"id":"o5j9lkk4ol2ndz9","previousOperationId":"tl9v5ek1659ml4q"}
{"type":"log","timestamp":1769129463869,"level":"debug","message":"Page request finished: GET (image) 200 https://paciolibucket.s3.us-east-2.amazonaws.com/orgs/c64b69f6759a43a1bc0ae31961876751/companies/logos/e9767ff4-7186-447f-a397-208ea6bbfdb8_ninosfelices.png?X-Amz-Expires=600&X-Amz-Algorithm=AWS4-HMAC-SHA256&X-Amz-Credential=AKIAVYV5Z6T6UQ4ARWOC%2F20260123%2Fus-east-2%2Fs3%2Faws4_request&X-Amz-Date=20260123T003711Z&X-Amz-SignedHeaders=host&X-Amz-Signature=41bcfaf64b56b5a7942a4b0a38f3d493246e4ee9f6b5f1ea776eddff58e35faa","meta":{"rootId":"yvj4usqionhv6kk","id":"yvj4usqionhv6kk"},"id":"jvuvsaz10ut3j3y","previousOperationId":"tl9v5ek1659ml4q"}
{"type":"log","timestamp":1769129463875,"level":"debug","message":"Running chrome with params {\"printBackground\":true,\"timeout\":59882,\"margin\":{}}","meta":{"rootId":"yvj4usqionhv6kk","id":"yvj4usqionhv6kk"},"id":"e4apvxw7hhg7xms","previousOperationId":"tl9v5ek1659ml4q"}
{"type":"operationEnd","operationId":"tl9v5ek1659ml4q","timestamp":1769129463952,"id":"qpc87wkm7fod4t3","previousEventId":"1td9870vpg28ylf","previousOperationId":"tl9v5ek1659ml4q"}
{"type":"log","timestamp":1769129463953,"level":"debug","message":"Skipping storing report.","meta":{"rootId":"yvj4usqionhv6kk","id":"yvj4usqionhv6kk"},"id":"cb6se1ul1l80d1d","previousOperationId":"tl9v5ek1659ml4q"}
{"type":"log","timestamp":1769129463953,"level":"info","message":"Rendering request 12 finished in 328 ms","meta":{"rootId":"yvj4usqionhv6kk","id":"yvj4usqionhv6kk"},"id":"xjyef1ep9lwzys6","previousOperationId":"tl9v5ek1659ml4q"}
{"type":"operationEnd","subtype":"render","operationId":"1y7byo7l32qgtc1","timestamp":1769129463953,"id":"g38ty6rtbwl7td1","previousEventId":"qpc87wkm7fod4t3","previousOperationId":"tl9v5ek1659ml4q"}
{"type":"operationEnd","doDiffs":false,"previousEventId":"vg1qs2d8mr3875q","previousOperationId":"w0uxhbvjevyifce","operationId":"w0uxhbvjevyifce","timestamp":1769129463955,"id":"bjuk4t2l1vctgpn"}
