{"type":"operationStart","subtype":"profile","data":{"_id":"hD5GuXc6q2WBlkin","timestamp":"2026-01-23T03:54:13.260Z","state":"queued","mode":"standard","creationDate":"2026-01-23T03:54:13.273Z","modificationDate":"2026-01-23T03:54:13.273Z","shortid":"dZSRrJk","$entitySet":"profiles"},"doDiffs":false,"timestamp":1769140453269,"id":"f5k1hiry335ga91","previousOperationId":null,"operationId":"jsd5fx3tkv6apr5"}
{"type":"log","level":"info","message":"Render request 40 queued for execution and waiting for available worker","previousOperationId":"jsd5fx3tkv6apr5","timestamp":1769140453271,"id":"frxu5cw2ni3cbbe"}
{"type":"operationStart","subtype":"render","name":"general-ledger-v1","previousOperationId":"jsd5fx3tkv6apr5","timestamp":1769140453513,"id":"3lhsuwn9s8i1jw2","previousEventId":"f5k1hiry335ga91","operationId":"qpj5o0cgflkljpg"}
{"type":"log","timestamp":1769140453518,"level":"info","message":"Starting rendering request 40","meta":{"rootId":"z5dw06pt6m5qho1","id":"z5dw06pt6m5qho1"},"id":"u15jdtsxz48d3kn","previousOperationId":"qpj5o0cgflkljpg"}
{"type":"log","timestamp":1769140453523,"level":"info","message":"Rendering template { name: general-ledger-v1, recipe: chrome-pdf, engine: handlebars, preview: true }","meta":{"rootId":"z5dw06pt6m5qho1","id":"z5dw06pt6m5qho1"},"id":"jxj5mk585kvpchx","previousOperationId":"qpj5o0cgflkljpg"}
{"type":"log","timestamp":1769140453538,"level":"debug","message":"Adding sample data NnLcfKElA","meta":{"rootId":"z5dw06pt6m5qho1","id":"z5dw06pt6m5qho1"},"id":"wl5omeubub1i1op","previousOperationId":"qpj5o0cgflkljpg"}
{"type":"log","timestamp":1769140453558,"level":"debug","message":"Base url not specified, skipping its injection.","meta":{"rootId":"z5dw06pt6m5qho1","id":"z5dw06pt6m5qho1"},"id":"h5r0rn0ogui2nwq","previousOperationId":"qpj5o0cgflkljpg"}
{"type":"operationStart","subtype":"engine","name":"handlebars","timestamp":1769140453569,"id":"eqec2ixrfy9g1tg","previousEventId":"3lhsuwn9s8i1jw2","operationId":"tfa82m1t0mn696c","previousOperationId":"qpj5o0cgflkljpg"}
{"type":"log","timestamp":1769140453569,"level":"debug","message":"Rendering engine handlebars","meta":{"rootId":"z5dw06pt6m5qho1","id":"z5dw06pt6m5qho1"},"id":"tyocw6aqigsy4q0","previousOperationId":"tfa82m1t0mn696c"}
{"type":"operationEnd","operationId":"tfa82m1t0mn696c","timestamp":1769140453706,"id":"w01rm79q8ondeic","previousEventId":"eqec2ixrfy9g1tg","previousOperationId":"tfa82m1t0mn696c"}
{"type":"operationStart","subtype":"recipe","name":"chrome-pdf","timestamp":1769140453712,"id":"7bml68jfuf24l67","previousEventId":"w01rm79q8ondeic","operationId":"z0rrs4oi5mirehg","previousOperationId":"tfa82m1t0mn696c"}
{"type":"log","timestamp":1769140453712,"level":"debug","message":"Executing recipe chrome-pdf","meta":{"rootId":"z5dw06pt6m5qho1","id":"z5dw06pt6m5qho1"},"id":"zqdrgngl7pu8m4n","previousOperationId":"z0rrs4oi5mirehg"}
{"type":"log","timestamp":1769140453752,"level":"debug","message":"Converting with chrome Chrome/142.0.7444.175 using chrome-pool strategy","meta":{"rootId":"z5dw06pt6m5qho1","id":"z5dw06pt6m5qho1"},"id":"zv3mevpbmwv39u4","previousOperationId":"z0rrs4oi5mirehg"}
{"type":"log","timestamp":1769140454079,"level":"debug","message":"Page request: GET (document) file:///tmp/jsreport/autocleanup/1652bfdf-c959-489a-9fc8-544e19fa137c-chrome-pdf.html","meta":{"rootId":"z5dw06pt6m5qho1","id":"z5dw06pt6m5qho1"},"id":"xgwlp2h93c9maxv","previousOperationId":"z0rrs4oi5mirehg"}
{"type":"log","timestamp":1769140454127,"level":"debug","message":"Page request finished: GET (document) 200 file:///tmp/jsreport/autocleanup/1652bfdf-c959-489a-9fc8-544e19fa137c-chrome-pdf.html","meta":{"rootId":"z5dw06pt6m5qho1","id":"z5dw06pt6m5qho1"},"id":"gsqm0bqi4muiwm6","previousOperationId":"z0rrs4oi5mirehg"}
{"type":"log","timestamp":1769140454127,"level":"debug","message":"Page request: GET (image) https://paciolibucket.s3.us-east-2.amazonaws.com/orgs/c64b69f6759a43a1bc0ae31961876751/companies/logos/e9767ff4-7186-447f-a397-208ea6bbfdb8_ninosfelices.png?X-Amz-Expires=600&X-Amz-Algorithm=AWS4-HMAC-SHA256&X-Amz-Credential=AKIAVYV5Z6T6UQ4ARWOC%2F20260123%2Fus-east-2%2Fs3%2Faws4_request&X-Amz-Date=20260123T034811Z&X-Amz-SignedHeaders=host&X-Amz-Signature=516e9162641a4e3fc8ca77947590a4ba54671dc24bd05184751dce542ae5b7bc","meta":{"rootId":"z5dw06pt6m5qho1","id":"z5dw06pt6m5qho1"},"id":"e8deilqfsccf05t","previousOperationId":"z0rrs4oi5mirehg"}
{"type":"log","timestamp":1769140454205,"level":"debug","message":"Page request finished: GET (image) 200 https://paciolibucket.s3.us-east-2.amazonaws.com/orgs/c64b69f6759a43a1bc0ae31961876751/companies/logos/e9767ff4-7186-447f-a397-208ea6bbfdb8_ninosfelices.png?X-Amz-Expires=600&X-Amz-Algorithm=AWS4-HMAC-SHA256&X-Amz-Credential=AKIAVYV5Z6T6UQ4ARWOC%2F20260123%2Fus-east-2%2Fs3%2Faws4_request&X-Amz-Date=20260123T034811Z&X-Amz-SignedHeaders=host&X-Amz-Signature=516e9162641a4e3fc8ca77947590a4ba54671dc24bd05184751dce542ae5b7bc","meta":{"rootId":"z5dw06pt6m5qho1","id":"z5dw06pt6m5qho1"},"id":"bzrq97mv5m5dh70","previousOperationId":"z0rrs4oi5mirehg"}
{"type":"log","timestamp":1769140454207,"level":"debug","message":"Running chrome with params {\"printBackground\":true,\"timeout\":59534,\"margin\":{}}","meta":{"rootId":"z5dw06pt6m5qho1","id":"z5dw06pt6m5qho1"},"id":"k83qmdudg01zrxo","previousOperationId":"z0rrs4oi5mirehg"}
{"type":"operationEnd","operationId":"z0rrs4oi5mirehg","timestamp":1769140454382,"id":"8nnfhp3vlqvy2dm","previousEventId":"7bml68jfuf24l67","previousOperationId":"z0rrs4oi5mirehg"}
{"type":"log","timestamp":1769140454384,"level":"debug","message":"Skipping storing report.","meta":{"rootId":"z5dw06pt6m5qho1","id":"z5dw06pt6m5qho1"},"id":"rrp1lq4ak3n0ibd","previousOperationId":"z0rrs4oi5mirehg"}
{"type":"log","timestamp":1769140454385,"level":"info","message":"Rendering request 40 finished in 1126 ms","meta":{"rootId":"z5dw06pt6m5qho1","id":"z5dw06pt6m5qho1"},"id":"vk28fhkqb4h0i54","previousOperationId":"z0rrs4oi5mirehg"}
{"type":"operationEnd","subtype":"render","operationId":"qpj5o0cgflkljpg","timestamp":1769140454385,"id":"xwxuhol745yl9a7","previousEventId":"8nnfhp3vlqvy2dm","previousOperationId":"z0rrs4oi5mirehg"}
{"type":"operationEnd","doDiffs":false,"previousEventId":"f5k1hiry335ga91","previousOperationId":"jsd5fx3tkv6apr5","operationId":"jsd5fx3tkv6apr5","timestamp":1769140454387,"id":"blma2mdsysp2j7p"}
