{"type":"operationStart","subtype":"profile","data":{"_id":"DmbDLA3siSQ7DusS","timestamp":"2026-01-23T04:04:57.160Z","state":"queued","mode":"standard","creationDate":"2026-01-23T04:04:57.166Z","modificationDate":"2026-01-23T04:04:57.166Z","shortid":"TXfo07e","$entitySet":"profiles"},"doDiffs":false,"timestamp":1769141097163,"id":"b6t4iyb26seifwa","previousOperationId":null,"operationId":"ikewl7zljge1381"}
{"type":"log","level":"info","message":"Render request 44 queued for execution and waiting for available worker","previousOperationId":"ikewl7zljge1381","timestamp":1769141097165,"id":"i540px0jw8w0azo"}
{"type":"operationStart","subtype":"render","name":"general-ledger-v1","previousOperationId":"ikewl7zljge1381","timestamp":1769141097233,"id":"nfgqe3zter3xt9s","previousEventId":"b6t4iyb26seifwa","operationId":"cmcrxllgldyvqri"}
{"type":"log","timestamp":1769141097237,"level":"info","message":"Starting rendering request 44","meta":{"rootId":"znnp3qdzuiqp4ab","id":"znnp3qdzuiqp4ab"},"id":"bcywscyxjrh49tm","previousOperationId":"cmcrxllgldyvqri"}
{"type":"log","timestamp":1769141097246,"level":"info","message":"Rendering template { name: general-ledger-v1, recipe: chrome-pdf, engine: handlebars, preview: true }","meta":{"rootId":"znnp3qdzuiqp4ab","id":"znnp3qdzuiqp4ab"},"id":"6wkynbqf8j9ujp7","previousOperationId":"cmcrxllgldyvqri"}
{"type":"log","timestamp":1769141097253,"level":"debug","message":"Adding sample data NnLcfKElA","meta":{"rootId":"znnp3qdzuiqp4ab","id":"znnp3qdzuiqp4ab"},"id":"d8ji5xy4u9aqs9v","previousOperationId":"cmcrxllgldyvqri"}
{"type":"log","timestamp":1769141097264,"level":"debug","message":"Base url not specified, skipping its injection.","meta":{"rootId":"znnp3qdzuiqp4ab","id":"znnp3qdzuiqp4ab"},"id":"qzytin6n4d59d6b","previousOperationId":"cmcrxllgldyvqri"}
{"type":"operationStart","subtype":"engine","name":"handlebars","timestamp":1769141097272,"id":"w1jlzjmas9a01er","previousEventId":"nfgqe3zter3xt9s","operationId":"p84uaj5svbv2ib6","previousOperationId":"cmcrxllgldyvqri"}
{"type":"log","timestamp":1769141097272,"level":"debug","message":"Rendering engine handlebars","meta":{"rootId":"znnp3qdzuiqp4ab","id":"znnp3qdzuiqp4ab"},"id":"wyfrt0jvv2obqs5","previousOperationId":"p84uaj5svbv2ib6"}
{"type":"operationEnd","operationId":"p84uaj5svbv2ib6","timestamp":1769141097496,"id":"7zckjqqqsl40h28","previousEventId":"w1jlzjmas9a01er","previousOperationId":"p84uaj5svbv2ib6"}
{"type":"operationStart","subtype":"recipe","name":"chrome-pdf","timestamp":1769141097499,"id":"uvza1iffbj6o5vm","previousEventId":"7zckjqqqsl40h28","operationId":"dbhja49ke81ydtf","previousOperationId":"p84uaj5svbv2ib6"}
{"type":"log","timestamp":1769141097499,"level":"debug","message":"Executing recipe chrome-pdf","meta":{"rootId":"znnp3qdzuiqp4ab","id":"znnp3qdzuiqp4ab"},"id":"3f8iotbm0nolyrl","previousOperationId":"dbhja49ke81ydtf"}
{"type":"log","timestamp":1769141097539,"level":"debug","message":"Converting with chrome Chrome/142.0.7444.175 using chrome-pool strategy","meta":{"rootId":"znnp3qdzuiqp4ab","id":"znnp3qdzuiqp4ab"},"id":"5b045sabkemmop2","previousOperationId":"dbhja49ke81ydtf"}
{"type":"log","timestamp":1769141098101,"level":"debug","message":"Page request: GET (document) file:///tmp/jsreport/autocleanup/b14ec815-4fed-49c2-8080-0f0c87d6a743-chrome-pdf.html","meta":{"rootId":"znnp3qdzuiqp4ab","id":"znnp3qdzuiqp4ab"},"id":"6cdvfyn9vaxevrw","previousOperationId":"dbhja49ke81ydtf"}
{"type":"log","timestamp":1769141098186,"level":"debug","message":"Page request finished: GET (document) 200 file:///tmp/jsreport/autocleanup/b14ec815-4fed-49c2-8080-0f0c87d6a743-chrome-pdf.html","meta":{"rootId":"znnp3qdzuiqp4ab","id":"znnp3qdzuiqp4ab"},"id":"bc4b84enkbrn8xp","previousOperationId":"dbhja49ke81ydtf"}
{"type":"log","timestamp":1769141098191,"level":"debug","message":"Page request: GET (image) https://paciolibucket.s3.us-east-2.amazonaws.com/orgs/c64b69f6759a43a1bc0ae31961876751/companies/logos/e9767ff4-7186-447f-a397-208ea6bbfdb8_ninosfelices.png?X-Amz-Expires=600&X-Amz-Algorithm=AWS4-HMAC-SHA256&X-Amz-Credential=AKIAVYV5Z6T6UQ4ARWOC%2F20260123%2Fus-east-2%2Fs3%2Faws4_request&X-Amz-Date=20260123T040304Z&X-Amz-SignedHeaders=host&X-Amz-Signature=5bf00ccf0066adeff846e81d3647da6484e76d2f81be39757d6b3b4bc3ea5520","meta":{"rootId":"znnp3qdzuiqp4ab","id":"znnp3qdzuiqp4ab"},"id":"0p45o3mdgkocx1m","previousOperationId":"dbhja49ke81ydtf"}
{"type":"log","timestamp":1769141098824,"level":"debug","message":"Page request finished: GET (image) 200 https://paciolibucket.s3.us-east-2.amazonaws.com/orgs/c64b69f6759a43a1bc0ae31961876751/companies/logos/e9767ff4-7186-447f-a397-208ea6bbfdb8_ninosfelices.png?X-Amz-Expires=600&X-Amz-Algorithm=AWS4-HMAC-SHA256&X-Amz-Credential=AKIAVYV5Z6T6UQ4ARWOC%2F20260123%2Fus-east-2%2Fs3%2Faws4_request&X-Amz-Date=20260123T040304Z&X-Amz-SignedHeaders=host&X-Amz-Signature=5bf00ccf0066adeff846e81d3647da6484e76d2f81be39757d6b3b4bc3ea5520","meta":{"rootId":"znnp3qdzuiqp4ab","id":"znnp3qdzuiqp4ab"},"id":"qp2jb8z7ka8cznk","previousOperationId":"dbhja49ke81ydtf"}
{"type":"log","timestamp":1769141098830,"level":"debug","message":"Running chrome with params {\"printBackground\":true,\"timeout\":59644,\"margin\":{}}","meta":{"rootId":"znnp3qdzuiqp4ab","id":"znnp3qdzuiqp4ab"},"id":"iqmefybn64k9697","previousOperationId":"dbhja49ke81ydtf"}
{"type":"operationEnd","operationId":"dbhja49ke81ydtf","timestamp":1769141099092,"id":"912nbbpkkmg5ew2","previousEventId":"uvza1iffbj6o5vm","previousOperationId":"dbhja49ke81ydtf"}
{"type":"log","timestamp":1769141099092,"level":"debug","message":"Skipping storing report.","meta":{"rootId":"znnp3qdzuiqp4ab","id":"znnp3qdzuiqp4ab"},"id":"6mdyx0ocqp3d3x5","previousOperationId":"dbhja49ke81ydtf"}
{"type":"log","timestamp":1769141099092,"level":"info","message":"Rendering request 44 finished in 1938 ms","meta":{"rootId":"znnp3qdzuiqp4ab","id":"znnp3qdzuiqp4ab"},"id":"i55k01eumfjyiuz","previousOperationId":"dbhja49ke81ydtf"}
{"type":"operationEnd","subtype":"render","operationId":"cmcrxllgldyvqri","timestamp":1769141099092,"id":"hyqydfsg0i7tmv2","previousEventId":"912nbbpkkmg5ew2","previousOperationId":"dbhja49ke81ydtf"}
{"type":"operationEnd","doDiffs":false,"previousEventId":"b6t4iyb26seifwa","previousOperationId":"ikewl7zljge1381","operationId":"ikewl7zljge1381","timestamp":1769141099095,"id":"q87un3c2irdplc8"}
