{"type":"operationStart","subtype":"profile","data":{"_id":"S5z7mRTQY1G3QT0a","timestamp":"2026-03-30T00:24:42.563Z","state":"queued","mode":"standard","creationDate":"2026-03-30T00:24:42.646Z","modificationDate":"2026-03-30T00:24:42.646Z","shortid":"ZDErE3c","$entitySet":"profiles"},"doDiffs":false,"timestamp":1774830282599,"id":"e5redyjvs0kaafn","previousOperationId":null,"operationId":"wu20osycorkdln2"}
{"type":"log","level":"info","message":"Render request 2 queued for execution and waiting for available worker","previousOperationId":"wu20osycorkdln2","timestamp":1774830282602,"id":"xdbw7piyo1an7fk"}
{"type":"operationStart","subtype":"render","name":"income-statement-v1","previousOperationId":"wu20osycorkdln2","timestamp":1774830282850,"id":"s1zqryz37dj9j3r","previousEventId":"e5redyjvs0kaafn","operationId":"eazvjea4mp0ul03"}
{"type":"log","timestamp":1774830282861,"level":"info","message":"Starting rendering request 2","meta":{"rootId":"4edphk7pxrniu33","id":"4edphk7pxrniu33"},"id":"gsjjichk5k9v3n4","previousOperationId":"eazvjea4mp0ul03"}
{"type":"log","timestamp":1774830282878,"level":"info","message":"Rendering template { name: income-statement-v1, recipe: chrome-pdf, engine: handlebars, preview: false }","meta":{"rootId":"4edphk7pxrniu33","id":"4edphk7pxrniu33"},"id":"nrzc8y01rso8961","previousOperationId":"eazvjea4mp0ul03"}
{"type":"log","timestamp":1774830282888,"level":"debug","message":"Inline data specified.","meta":{"rootId":"4edphk7pxrniu33","id":"4edphk7pxrniu33"},"id":"or8ka6a6bupcfpr","previousOperationId":"eazvjea4mp0ul03"}
{"type":"log","timestamp":1774830282904,"level":"debug","message":"Base url not specified, skipping its injection.","meta":{"rootId":"4edphk7pxrniu33","id":"4edphk7pxrniu33"},"id":"j2735yh9f7nb1qj","previousOperationId":"eazvjea4mp0ul03"}
{"type":"operationStart","subtype":"engine","name":"handlebars","timestamp":1774830282918,"id":"a7imgb9ma7h6dkh","previousEventId":"s1zqryz37dj9j3r","operationId":"zrmnp6xn34w43xc","previousOperationId":"eazvjea4mp0ul03"}
{"type":"log","timestamp":1774830282918,"level":"debug","message":"Rendering engine handlebars","meta":{"rootId":"4edphk7pxrniu33","id":"4edphk7pxrniu33"},"id":"7akhnjffsfm6h6p","previousOperationId":"zrmnp6xn34w43xc"}
{"type":"operationEnd","operationId":"zrmnp6xn34w43xc","timestamp":1774830284101,"id":"sngjo5whq6xnnt5","previousEventId":"a7imgb9ma7h6dkh","previousOperationId":"zrmnp6xn34w43xc"}
{"type":"operationStart","subtype":"recipe","name":"chrome-pdf","timestamp":1774830284103,"id":"w62zc2mmy32132t","previousEventId":"sngjo5whq6xnnt5","operationId":"tszseq7zri7kjrv","previousOperationId":"zrmnp6xn34w43xc"}
{"type":"log","timestamp":1774830284103,"level":"debug","message":"Executing recipe chrome-pdf","meta":{"rootId":"4edphk7pxrniu33","id":"4edphk7pxrniu33"},"id":"ltlc0ulf56rw0xe","previousOperationId":"tszseq7zri7kjrv"}
{"type":"log","timestamp":1774830286918,"level":"debug","message":"Converting with chrome Chrome/144.0.7559.109 using chrome-pool strategy","meta":{"rootId":"4edphk7pxrniu33","id":"4edphk7pxrniu33"},"id":"v5rzdt4svmrbn37","previousOperationId":"tszseq7zri7kjrv"}
{"type":"log","timestamp":1774830287283,"level":"debug","message":"Page request: GET (document) file:///tmp/jsreport/autocleanup/5dc0a5d4-8425-4dd3-9c9b-4fd493ea2af9-chrome-pdf.html","meta":{"rootId":"4edphk7pxrniu33","id":"4edphk7pxrniu33"},"id":"eiaou6dwep38men","previousOperationId":"tszseq7zri7kjrv"}
{"type":"log","timestamp":1774830287316,"level":"debug","message":"Page request finished: GET (document) 200 file:///tmp/jsreport/autocleanup/5dc0a5d4-8425-4dd3-9c9b-4fd493ea2af9-chrome-pdf.html","meta":{"rootId":"4edphk7pxrniu33","id":"4edphk7pxrniu33"},"id":"eu1zpk14pfobdtz","previousOperationId":"tszseq7zri7kjrv"}
{"type":"log","timestamp":1774830287326,"level":"debug","message":"Page request: GET (image) https://paciolibucket.s3.us-east-2.amazonaws.com/orgs/c64b69f6759a43a1bc0ae31961876751/companies/logos/b6e6bbb3-4217-4336-88b7-161c9ce34ada_Applicorp%20Logo.png?X-Amz-Expires=600&X-Amz-Algorithm=AWS4-HMAC-SHA256&X-Amz-Credential=AKIAVYV5Z6T6UQ4ARWOC%2F20260330%2Fus-east-2%2Fs3%2Faws4_request&X-Amz-Date=20260330T002441Z&X-Amz-SignedHeaders=host&X-Amz-Signature=e518416170a5149cc0a563e8341512269f214058d74e591fadf10f6676477ddd","meta":{"rootId":"4edphk7pxrniu33","id":"4edphk7pxrniu33"},"id":"lbegat2804lmb80","previousOperationId":"tszseq7zri7kjrv"}
{"type":"log","timestamp":1774830287809,"level":"debug","message":"Page request finished: GET (image) 200 https://paciolibucket.s3.us-east-2.amazonaws.com/orgs/c64b69f6759a43a1bc0ae31961876751/companies/logos/b6e6bbb3-4217-4336-88b7-161c9ce34ada_Applicorp%20Logo.png?X-Amz-Expires=600&X-Amz-Algorithm=AWS4-HMAC-SHA256&X-Amz-Credential=AKIAVYV5Z6T6UQ4ARWOC%2F20260330%2Fus-east-2%2Fs3%2Faws4_request&X-Amz-Date=20260330T002441Z&X-Amz-SignedHeaders=host&X-Amz-Signature=e518416170a5149cc0a563e8341512269f214058d74e591fadf10f6676477ddd","meta":{"rootId":"4edphk7pxrniu33","id":"4edphk7pxrniu33"},"id":"crrs5ftaajufstv","previousOperationId":"tszseq7zri7kjrv"}
{"type":"log","timestamp":1774830287816,"level":"debug","message":"Running chrome with params {\"printBackground\":true,\"timeout\":58409,\"margin\":{}}","meta":{"rootId":"4edphk7pxrniu33","id":"4edphk7pxrniu33"},"id":"cjfcmq05jp55dzq","previousOperationId":"tszseq7zri7kjrv"}
{"type":"operationEnd","operationId":"tszseq7zri7kjrv","timestamp":1774830288005,"id":"xycm4qmf55v0nxj","previousEventId":"w62zc2mmy32132t","previousOperationId":"tszseq7zri7kjrv"}
{"type":"log","timestamp":1774830288006,"level":"debug","message":"Skipping storing report.","meta":{"rootId":"4edphk7pxrniu33","id":"4edphk7pxrniu33"},"id":"ls0n8mdmjgwydf9","previousOperationId":"tszseq7zri7kjrv"}
{"type":"log","timestamp":1774830288006,"level":"info","message":"Rendering request 2 finished in 5480 ms","meta":{"rootId":"4edphk7pxrniu33","id":"4edphk7pxrniu33"},"id":"qetc5bf5y2etqj8","previousOperationId":"tszseq7zri7kjrv"}
{"type":"operationEnd","subtype":"render","operationId":"eazvjea4mp0ul03","timestamp":1774830288006,"id":"f7mo5qwptzayt0t","previousEventId":"xycm4qmf55v0nxj","previousOperationId":"tszseq7zri7kjrv"}
{"type":"operationEnd","doDiffs":false,"previousEventId":"e5redyjvs0kaafn","previousOperationId":"wu20osycorkdln2","operationId":"wu20osycorkdln2","timestamp":1774830288009,"id":"zodad8d43knl6oi"}
