{"type":"operationStart","subtype":"profile","data":{"_id":"07Z4FFzuOGii0L9y","timestamp":"2026-03-22T03:17:27.717Z","state":"queued","mode":"standard","creationDate":"2026-03-22T03:17:27.719Z","modificationDate":"2026-03-22T03:17:27.719Z","shortid":"y945zrf","$entitySet":"profiles"},"doDiffs":false,"timestamp":1774149447719,"id":"k3n4bdmr0agiaov","previousOperationId":null,"operationId":"49daj8hzy4txqhv"}
{"type":"log","level":"info","message":"Render request 4 queued for execution and waiting for available worker","previousOperationId":"49daj8hzy4txqhv","timestamp":1774149447719,"id":"jf45cwpcx2oah0u"}
{"type":"operationStart","subtype":"render","name":"income-statement-v1","previousOperationId":"49daj8hzy4txqhv","timestamp":1774149447787,"id":"bb4no2szwdx62l7","previousEventId":"k3n4bdmr0agiaov","operationId":"pusk9r0m5efuija"}
{"type":"log","timestamp":1774149447790,"level":"info","message":"Starting rendering request 4","meta":{"rootId":"d7j65yy4hxxt274","id":"d7j65yy4hxxt274"},"id":"6dq6wki3bk5op2p","previousOperationId":"pusk9r0m5efuija"}
{"type":"log","timestamp":1774149447793,"level":"info","message":"Rendering template { name: income-statement-v1, recipe: chrome-pdf, engine: handlebars, preview: false }","meta":{"rootId":"d7j65yy4hxxt274","id":"d7j65yy4hxxt274"},"id":"xw555hlqtz978oc","previousOperationId":"pusk9r0m5efuija"}
{"type":"log","timestamp":1774149447798,"level":"debug","message":"Inline data specified.","meta":{"rootId":"d7j65yy4hxxt274","id":"d7j65yy4hxxt274"},"id":"6r8xyw5v114vkck","previousOperationId":"pusk9r0m5efuija"}
{"type":"log","timestamp":1774149447803,"level":"debug","message":"Base url not specified, skipping its injection.","meta":{"rootId":"d7j65yy4hxxt274","id":"d7j65yy4hxxt274"},"id":"jogks38fpm44t9g","previousOperationId":"pusk9r0m5efuija"}
{"type":"operationStart","subtype":"engine","name":"handlebars","timestamp":1774149447807,"id":"u2zx1rlz3py2sts","previousEventId":"bb4no2szwdx62l7","operationId":"0slsrunowtdd6x9","previousOperationId":"pusk9r0m5efuija"}
{"type":"log","timestamp":1774149447807,"level":"debug","message":"Rendering engine handlebars","meta":{"rootId":"d7j65yy4hxxt274","id":"d7j65yy4hxxt274"},"id":"w85ltpel2dpawr9","previousOperationId":"0slsrunowtdd6x9"}
{"type":"operationEnd","operationId":"0slsrunowtdd6x9","timestamp":1774149447939,"id":"uw1gapwqelzzttd","previousEventId":"u2zx1rlz3py2sts","previousOperationId":"0slsrunowtdd6x9"}
{"type":"operationStart","subtype":"recipe","name":"chrome-pdf","timestamp":1774149447940,"id":"3gxoeheswv6ehol","previousEventId":"uw1gapwqelzzttd","operationId":"4k52p480azg5gzk","previousOperationId":"0slsrunowtdd6x9"}
{"type":"log","timestamp":1774149447940,"level":"debug","message":"Executing recipe chrome-pdf","meta":{"rootId":"d7j65yy4hxxt274","id":"d7j65yy4hxxt274"},"id":"5866awfte1c4xnk","previousOperationId":"4k52p480azg5gzk"}
{"type":"log","timestamp":1774149447959,"level":"debug","message":"Converting with chrome Chrome/144.0.7559.109 using chrome-pool strategy","meta":{"rootId":"d7j65yy4hxxt274","id":"d7j65yy4hxxt274"},"id":"8d9ikwxqhv1s0cj","previousOperationId":"4k52p480azg5gzk"}
{"type":"log","timestamp":1774149448066,"level":"debug","message":"Page request: GET (document) file:///tmp/jsreport/autocleanup/b4dda558-ccc5-4194-8f14-738928285dfd-chrome-pdf.html","meta":{"rootId":"d7j65yy4hxxt274","id":"d7j65yy4hxxt274"},"id":"pqrj4wntggddpw1","previousOperationId":"4k52p480azg5gzk"}
{"type":"log","timestamp":1774149448081,"level":"debug","message":"Page request finished: GET (document) 200 file:///tmp/jsreport/autocleanup/b4dda558-ccc5-4194-8f14-738928285dfd-chrome-pdf.html","meta":{"rootId":"d7j65yy4hxxt274","id":"d7j65yy4hxxt274"},"id":"wm3miiyh1tdd00j","previousOperationId":"4k52p480azg5gzk"}
{"type":"log","timestamp":1774149448083,"level":"debug","message":"Page request: GET (image) https://paciolibucket.s3.us-east-2.amazonaws.com/orgs/c64b69f6759a43a1bc0ae31961876751/companies/logos/b6e6bbb3-4217-4336-88b7-161c9ce34ada_Applicorp%20Logo.png?X-Amz-Expires=600&X-Amz-Algorithm=AWS4-HMAC-SHA256&X-Amz-Credential=AKIAVYV5Z6T6UQ4ARWOC%2F20260322%2Fus-east-2%2Fs3%2Faws4_request&X-Amz-Date=20260322T031727Z&X-Amz-SignedHeaders=host&X-Amz-Signature=745db3a9224bf7e0c2a0c85fb604c59be73ae654a76f937535f97d053a54eb23","meta":{"rootId":"d7j65yy4hxxt274","id":"d7j65yy4hxxt274"},"id":"jl00mm3wt8sabw4","previousOperationId":"4k52p480azg5gzk"}
{"type":"log","timestamp":1774149448503,"level":"debug","message":"Page request finished: GET (image) 200 https://paciolibucket.s3.us-east-2.amazonaws.com/orgs/c64b69f6759a43a1bc0ae31961876751/companies/logos/b6e6bbb3-4217-4336-88b7-161c9ce34ada_Applicorp%20Logo.png?X-Amz-Expires=600&X-Amz-Algorithm=AWS4-HMAC-SHA256&X-Amz-Credential=AKIAVYV5Z6T6UQ4ARWOC%2F20260322%2Fus-east-2%2Fs3%2Faws4_request&X-Amz-Date=20260322T031727Z&X-Amz-SignedHeaders=host&X-Amz-Signature=745db3a9224bf7e0c2a0c85fb604c59be73ae654a76f937535f97d053a54eb23","meta":{"rootId":"d7j65yy4hxxt274","id":"d7j65yy4hxxt274"},"id":"hx89geo977twaxt","previousOperationId":"4k52p480azg5gzk"}
{"type":"log","timestamp":1774149448505,"level":"debug","message":"Running chrome with params {\"printBackground\":true,\"timeout\":59771,\"margin\":{}}","meta":{"rootId":"d7j65yy4hxxt274","id":"d7j65yy4hxxt274"},"id":"6l7fm06efg7k4kr","previousOperationId":"4k52p480azg5gzk"}
{"type":"operationEnd","operationId":"4k52p480azg5gzk","timestamp":1774149448641,"id":"fw9axme9hvprm3t","previousEventId":"3gxoeheswv6ehol","previousOperationId":"4k52p480azg5gzk"}
{"type":"log","timestamp":1774149448641,"level":"debug","message":"Skipping storing report.","meta":{"rootId":"d7j65yy4hxxt274","id":"d7j65yy4hxxt274"},"id":"n0zjgf2tpaz0bid","previousOperationId":"4k52p480azg5gzk"}
{"type":"log","timestamp":1774149448641,"level":"info","message":"Rendering request 4 finished in 925 ms","meta":{"rootId":"d7j65yy4hxxt274","id":"d7j65yy4hxxt274"},"id":"wm0iyrvlmzs34t2","previousOperationId":"4k52p480azg5gzk"}
{"type":"operationEnd","subtype":"render","operationId":"pusk9r0m5efuija","timestamp":1774149448641,"id":"znfbugvxek38739","previousEventId":"fw9axme9hvprm3t","previousOperationId":"4k52p480azg5gzk"}
{"type":"operationEnd","doDiffs":false,"previousEventId":"k3n4bdmr0agiaov","previousOperationId":"49daj8hzy4txqhv","operationId":"49daj8hzy4txqhv","timestamp":1774149448642,"id":"zmekc2dfp9k0bo0"}
