{"type":"operationStart","subtype":"profile","data":{"_id":"giFFYipFTzr5nf4h","timestamp":"2026-03-22T03:19:03.083Z","state":"queued","mode":"standard","creationDate":"2026-03-22T03:19:03.102Z","modificationDate":"2026-03-22T03:19:03.102Z","shortid":"sY2yOfP","$entitySet":"profiles"},"doDiffs":false,"timestamp":1774149543093,"id":"hur85bua73gkk5y","previousOperationId":null,"operationId":"ensvosktqq3oh4o"}
{"type":"log","level":"info","message":"Render request 5 queued for execution and waiting for available worker","previousOperationId":"ensvosktqq3oh4o","timestamp":1774149543094,"id":"s9fc7ek4w4t6vdx"}
{"type":"operationStart","subtype":"render","name":"income-statement-v1","previousOperationId":"ensvosktqq3oh4o","timestamp":1774149543208,"id":"vuo740baqqhbwvo","previousEventId":"hur85bua73gkk5y","operationId":"rajsfomyauqkuiz"}
{"type":"log","timestamp":1774149543209,"level":"info","message":"Starting rendering request 5","meta":{"rootId":"t6j5zi335937t3d","id":"t6j5zi335937t3d"},"id":"vv28v9em87zvs4v","previousOperationId":"rajsfomyauqkuiz"}
{"type":"log","timestamp":1774149543211,"level":"info","message":"Rendering template { name: income-statement-v1, recipe: chrome-pdf, engine: handlebars, preview: false }","meta":{"rootId":"t6j5zi335937t3d","id":"t6j5zi335937t3d"},"id":"7t0426uzj2n1mm1","previousOperationId":"rajsfomyauqkuiz"}
{"type":"log","timestamp":1774149543223,"level":"debug","message":"Inline data specified.","meta":{"rootId":"t6j5zi335937t3d","id":"t6j5zi335937t3d"},"id":"w34zy7lya6st1k2","previousOperationId":"rajsfomyauqkuiz"}
{"type":"log","timestamp":1774149543230,"level":"debug","message":"Base url not specified, skipping its injection.","meta":{"rootId":"t6j5zi335937t3d","id":"t6j5zi335937t3d"},"id":"qs4wyps7izo6m5v","previousOperationId":"rajsfomyauqkuiz"}
{"type":"operationStart","subtype":"engine","name":"handlebars","timestamp":1774149543236,"id":"wfws108khhvzfni","previousEventId":"vuo740baqqhbwvo","operationId":"gzl2251kmgpa4ux","previousOperationId":"rajsfomyauqkuiz"}
{"type":"log","timestamp":1774149543236,"level":"debug","message":"Rendering engine handlebars","meta":{"rootId":"t6j5zi335937t3d","id":"t6j5zi335937t3d"},"id":"5qn3m6uhaubxsox","previousOperationId":"gzl2251kmgpa4ux"}
{"type":"operationEnd","operationId":"gzl2251kmgpa4ux","timestamp":1774149543402,"id":"gsd493e0oy74p3d","previousEventId":"wfws108khhvzfni","previousOperationId":"gzl2251kmgpa4ux"}
{"type":"operationStart","subtype":"recipe","name":"chrome-pdf","timestamp":1774149543407,"id":"8352u6ws07fk53o","previousEventId":"gsd493e0oy74p3d","operationId":"ar3mjz4hbr2g88v","previousOperationId":"gzl2251kmgpa4ux"}
{"type":"log","timestamp":1774149543407,"level":"debug","message":"Executing recipe chrome-pdf","meta":{"rootId":"t6j5zi335937t3d","id":"t6j5zi335937t3d"},"id":"xbg7djqbo8aqaft","previousOperationId":"ar3mjz4hbr2g88v"}
{"type":"log","timestamp":1774149543454,"level":"debug","message":"Converting with chrome Chrome/144.0.7559.109 using chrome-pool strategy","meta":{"rootId":"t6j5zi335937t3d","id":"t6j5zi335937t3d"},"id":"x7gidgqgm0escwi","previousOperationId":"ar3mjz4hbr2g88v"}
{"type":"log","timestamp":1774149544038,"level":"debug","message":"Page request: GET (document) file:///tmp/jsreport/autocleanup/07038ea5-ba06-4c4a-8f10-b359be371a47-chrome-pdf.html","meta":{"rootId":"t6j5zi335937t3d","id":"t6j5zi335937t3d"},"id":"238rmrbyi5y10zt","previousOperationId":"ar3mjz4hbr2g88v"}
{"type":"log","timestamp":1774149544119,"level":"debug","message":"Page request finished: GET (document) 200 file:///tmp/jsreport/autocleanup/07038ea5-ba06-4c4a-8f10-b359be371a47-chrome-pdf.html","meta":{"rootId":"t6j5zi335937t3d","id":"t6j5zi335937t3d"},"id":"7qr0yvwx8w6048a","previousOperationId":"ar3mjz4hbr2g88v"}
{"type":"log","timestamp":1774149544121,"level":"debug","message":"Page request: GET (image) https://paciolibucket.s3.us-east-2.amazonaws.com/orgs/c64b69f6759a43a1bc0ae31961876751/companies/logos/b6e6bbb3-4217-4336-88b7-161c9ce34ada_Applicorp%20Logo.png?X-Amz-Expires=600&X-Amz-Algorithm=AWS4-HMAC-SHA256&X-Amz-Credential=AKIAVYV5Z6T6UQ4ARWOC%2F20260322%2Fus-east-2%2Fs3%2Faws4_request&X-Amz-Date=20260322T031902Z&X-Amz-SignedHeaders=host&X-Amz-Signature=dd20c835f6b99894de237014ff227d1fce7042d008ee914da110203ac2ca62d2","meta":{"rootId":"t6j5zi335937t3d","id":"t6j5zi335937t3d"},"id":"5summ4uqm39ymol","previousOperationId":"ar3mjz4hbr2g88v"}
{"type":"log","timestamp":1774149544612,"level":"debug","message":"Page request finished: GET (image) 200 https://paciolibucket.s3.us-east-2.amazonaws.com/orgs/c64b69f6759a43a1bc0ae31961876751/companies/logos/b6e6bbb3-4217-4336-88b7-161c9ce34ada_Applicorp%20Logo.png?X-Amz-Expires=600&X-Amz-Algorithm=AWS4-HMAC-SHA256&X-Amz-Credential=AKIAVYV5Z6T6UQ4ARWOC%2F20260322%2Fus-east-2%2Fs3%2Faws4_request&X-Amz-Date=20260322T031902Z&X-Amz-SignedHeaders=host&X-Amz-Signature=dd20c835f6b99894de237014ff227d1fce7042d008ee914da110203ac2ca62d2","meta":{"rootId":"t6j5zi335937t3d","id":"t6j5zi335937t3d"},"id":"xjm0kexfeyehxwh","previousOperationId":"ar3mjz4hbr2g88v"}
{"type":"log","timestamp":1774149544632,"level":"debug","message":"Running chrome with params {\"printBackground\":true,\"timeout\":59655,\"margin\":{}}","meta":{"rootId":"t6j5zi335937t3d","id":"t6j5zi335937t3d"},"id":"xkw9en1rvfk76gl","previousOperationId":"ar3mjz4hbr2g88v"}
{"type":"operationEnd","operationId":"ar3mjz4hbr2g88v","timestamp":1774149544988,"id":"55y8mb5xqtfx57z","previousEventId":"8352u6ws07fk53o","previousOperationId":"ar3mjz4hbr2g88v"}
{"type":"log","timestamp":1774149544988,"level":"debug","message":"Skipping storing report.","meta":{"rootId":"t6j5zi335937t3d","id":"t6j5zi335937t3d"},"id":"e1itzapk26i6nwq","previousOperationId":"ar3mjz4hbr2g88v"}
{"type":"log","timestamp":1774149544989,"level":"info","message":"Rendering request 5 finished in 1919 ms","meta":{"rootId":"t6j5zi335937t3d","id":"t6j5zi335937t3d"},"id":"m8acj6k9n9z6l4o","previousOperationId":"ar3mjz4hbr2g88v"}
{"type":"operationEnd","subtype":"render","operationId":"rajsfomyauqkuiz","timestamp":1774149544989,"id":"g0l4v2kt73lnf8h","previousEventId":"55y8mb5xqtfx57z","previousOperationId":"ar3mjz4hbr2g88v"}
{"type":"operationEnd","doDiffs":false,"previousEventId":"hur85bua73gkk5y","previousOperationId":"ensvosktqq3oh4o","operationId":"ensvosktqq3oh4o","timestamp":1774149544991,"id":"xt6tl0k4p70p0sr"}
