{"type":"operationStart","subtype":"profile","data":{"_id":"F3TIWAaBvZUTLR1V","timestamp":"2026-03-22T03:19:35.906Z","state":"queued","mode":"standard","creationDate":"2026-03-22T03:19:35.908Z","modificationDate":"2026-03-22T03:19:35.908Z","shortid":"zXIMXl1","$entitySet":"profiles"},"doDiffs":false,"timestamp":1774149575908,"id":"0rtb3jdre5wcra8","previousOperationId":null,"operationId":"5sgilyqou1ucm58"}
{"type":"log","level":"info","message":"Render request 6 queued for execution and waiting for available worker","previousOperationId":"5sgilyqou1ucm58","timestamp":1774149575908,"id":"gxnrvcmpvxzjsth"}
{"type":"operationStart","subtype":"render","name":"income-statement-v1","previousOperationId":"5sgilyqou1ucm58","timestamp":1774149575955,"id":"s3256eza1kht81g","previousEventId":"0rtb3jdre5wcra8","operationId":"znku9p39n8121so"}
{"type":"log","timestamp":1774149575956,"level":"info","message":"Starting rendering request 6","meta":{"rootId":"vtbmn5pmra5445h","id":"vtbmn5pmra5445h"},"id":"8vluc2d6secltib","previousOperationId":"znku9p39n8121so"}
{"type":"log","timestamp":1774149575961,"level":"info","message":"Rendering template { name: income-statement-v1, recipe: chrome-pdf, engine: handlebars, preview: false }","meta":{"rootId":"vtbmn5pmra5445h","id":"vtbmn5pmra5445h"},"id":"c2snewsovzltqft","previousOperationId":"znku9p39n8121so"}
{"type":"log","timestamp":1774149575964,"level":"debug","message":"Inline data specified.","meta":{"rootId":"vtbmn5pmra5445h","id":"vtbmn5pmra5445h"},"id":"vfjqz4p4qkauw8u","previousOperationId":"znku9p39n8121so"}
{"type":"log","timestamp":1774149575972,"level":"debug","message":"Base url not specified, skipping its injection.","meta":{"rootId":"vtbmn5pmra5445h","id":"vtbmn5pmra5445h"},"id":"jxbmxhvfonakx17","previousOperationId":"znku9p39n8121so"}
{"type":"operationStart","subtype":"engine","name":"handlebars","timestamp":1774149575974,"id":"kskbzsgu55b7v5y","previousEventId":"s3256eza1kht81g","operationId":"in6a1yp4dszxgod","previousOperationId":"znku9p39n8121so"}
{"type":"log","timestamp":1774149575974,"level":"debug","message":"Rendering engine handlebars","meta":{"rootId":"vtbmn5pmra5445h","id":"vtbmn5pmra5445h"},"id":"0bexpwrj72sug6e","previousOperationId":"in6a1yp4dszxgod"}
{"type":"operationEnd","operationId":"in6a1yp4dszxgod","timestamp":1774149576026,"id":"a4fq588li1dxtak","previousEventId":"kskbzsgu55b7v5y","previousOperationId":"in6a1yp4dszxgod"}
{"type":"operationStart","subtype":"recipe","name":"chrome-pdf","timestamp":1774149576030,"id":"z8grnpbvfzxnj2q","previousEventId":"a4fq588li1dxtak","operationId":"abf9eiz6saut57w","previousOperationId":"in6a1yp4dszxgod"}
{"type":"log","timestamp":1774149576030,"level":"debug","message":"Executing recipe chrome-pdf","meta":{"rootId":"vtbmn5pmra5445h","id":"vtbmn5pmra5445h"},"id":"gsiqegdsg8xhjec","previousOperationId":"abf9eiz6saut57w"}
{"type":"log","timestamp":1774149576048,"level":"debug","message":"Converting with chrome Chrome/144.0.7559.109 using chrome-pool strategy","meta":{"rootId":"vtbmn5pmra5445h","id":"vtbmn5pmra5445h"},"id":"s1dbgko1tyz3iql","previousOperationId":"abf9eiz6saut57w"}
{"type":"log","timestamp":1774149576143,"level":"debug","message":"Page request: GET (document) file:///tmp/jsreport/autocleanup/00a27726-4954-4bd1-bfe0-26b5738ac329-chrome-pdf.html","meta":{"rootId":"vtbmn5pmra5445h","id":"vtbmn5pmra5445h"},"id":"mcwd71c1hh7kmit","previousOperationId":"abf9eiz6saut57w"}
{"type":"log","timestamp":1774149576157,"level":"debug","message":"Page request finished: GET (document) 200 file:///tmp/jsreport/autocleanup/00a27726-4954-4bd1-bfe0-26b5738ac329-chrome-pdf.html","meta":{"rootId":"vtbmn5pmra5445h","id":"vtbmn5pmra5445h"},"id":"rw1lmc63ozv5dmy","previousOperationId":"abf9eiz6saut57w"}
{"type":"log","timestamp":1774149576160,"level":"debug","message":"Page request: GET (image) https://paciolibucket.s3.us-east-2.amazonaws.com/orgs/c64b69f6759a43a1bc0ae31961876751/companies/logos/b6e6bbb3-4217-4336-88b7-161c9ce34ada_Applicorp%20Logo.png?X-Amz-Expires=600&X-Amz-Algorithm=AWS4-HMAC-SHA256&X-Amz-Credential=AKIAVYV5Z6T6UQ4ARWOC%2F20260322%2Fus-east-2%2Fs3%2Faws4_request&X-Amz-Date=20260322T031935Z&X-Amz-SignedHeaders=host&X-Amz-Signature=93ec64642c8ead17568d8a51d71a5b45b93a7735fc57e647821c116cec242264","meta":{"rootId":"vtbmn5pmra5445h","id":"vtbmn5pmra5445h"},"id":"x6l38dqme014osm","previousOperationId":"abf9eiz6saut57w"}
{"type":"log","timestamp":1774149576614,"level":"debug","message":"Page request finished: GET (image) 200 https://paciolibucket.s3.us-east-2.amazonaws.com/orgs/c64b69f6759a43a1bc0ae31961876751/companies/logos/b6e6bbb3-4217-4336-88b7-161c9ce34ada_Applicorp%20Logo.png?X-Amz-Expires=600&X-Amz-Algorithm=AWS4-HMAC-SHA256&X-Amz-Credential=AKIAVYV5Z6T6UQ4ARWOC%2F20260322%2Fus-east-2%2Fs3%2Faws4_request&X-Amz-Date=20260322T031935Z&X-Amz-SignedHeaders=host&X-Amz-Signature=93ec64642c8ead17568d8a51d71a5b45b93a7735fc57e647821c116cec242264","meta":{"rootId":"vtbmn5pmra5445h","id":"vtbmn5pmra5445h"},"id":"14kt3bpulzyrxdb","previousOperationId":"abf9eiz6saut57w"}
{"type":"log","timestamp":1774149576616,"level":"debug","message":"Running chrome with params {\"printBackground\":true,\"timeout\":59872,\"margin\":{}}","meta":{"rootId":"vtbmn5pmra5445h","id":"vtbmn5pmra5445h"},"id":"ubib67fibacmotk","previousOperationId":"abf9eiz6saut57w"}
{"type":"operationEnd","operationId":"abf9eiz6saut57w","timestamp":1774149576771,"id":"w58b125pr5ey1rv","previousEventId":"z8grnpbvfzxnj2q","previousOperationId":"abf9eiz6saut57w"}
{"type":"log","timestamp":1774149576771,"level":"debug","message":"Skipping storing report.","meta":{"rootId":"vtbmn5pmra5445h","id":"vtbmn5pmra5445h"},"id":"gosi0a7t31etk1s","previousOperationId":"abf9eiz6saut57w"}
{"type":"log","timestamp":1774149576772,"level":"info","message":"Rendering request 6 finished in 865 ms","meta":{"rootId":"vtbmn5pmra5445h","id":"vtbmn5pmra5445h"},"id":"uya4vvsao17bri2","previousOperationId":"abf9eiz6saut57w"}
{"type":"operationEnd","subtype":"render","operationId":"znku9p39n8121so","timestamp":1774149576772,"id":"zwz8qkb1p14xngy","previousEventId":"w58b125pr5ey1rv","previousOperationId":"abf9eiz6saut57w"}
{"type":"operationEnd","doDiffs":false,"previousEventId":"0rtb3jdre5wcra8","previousOperationId":"5sgilyqou1ucm58","operationId":"5sgilyqou1ucm58","timestamp":1774149576773,"id":"vs273f0wl5akkif"}
